Using worker: worker-linux-docker-96c00c80.prod.travis-ci.org:travis-linux-14

travis_fold:start:system_info[0K[33;1mBuild system information[0m
Build language: java
Build group: stable
Build dist: precise
Build id: 165108369
Job id: 165108370
travis-build version: 0dc9c0f17
[34m[1mBuild image provisioning date and time[0m
Thu Feb  5 15:09:33 UTC 2015
[34m[1mOperating System Details[0m
Distributor ID:	Ubuntu
Description:	Ubuntu 12.04.5 LTS
Release:	12.04
Codename:	precise
[34m[1mLinux Version[0m
3.13.0-29-generic
[34m[1mCookbooks Version[0m
a68419e https://github.com/travis-ci/travis-cookbooks/tree/a68419e
[34m[1mGCC version[0m
gcc (Ubuntu/Linaro 4.6.3-1ubuntu5) 4.6.3
Copyright (C) 2011 Free Software Foundation, Inc.
This is free software; see the source for copying conditions.  There is NO
warranty; not even for MERCHANTABILITY or FITNESS FOR A PARTICULAR PURPOSE.

[34m[1mLLVM version[0m
clang version 3.4 (tags/RELEASE_34/final)
Target: x86_64-unknown-linux-gnu
Thread model: posix
[34m[1mPre-installed Ruby versions[0m
ruby-1.9.3-p551
[34m[1mPre-installed Node.js versions[0m
v0.10.36
[34m[1mPre-installed Go versions[0m
1.4.1
[34m[1mRedis version[0m
redis-server 2.8.19
[34m[1mriak version[0m
2.0.2
[34m[1mMongoDB version[0m
MongoDB 2.4.12
[34m[1mCouchDB version[0m
couchdb 1.6.1
[34m[1mNeo4j version[0m
1.9.4
[34m[1mRabbitMQ Version[0m
3.4.3
[34m[1mElasticSearch version[0m
1.4.0
[34m[1mInstalled Sphinx versions[0m
2.0.10
2.1.9
2.2.6
[34m[1mDefault Sphinx version[0m
2.2.6
[34m[1mInstalled Firefox version[0m
firefox 31.0esr
[34m[1mPhantomJS version[0m
1.9.8
[34m[1mant -version[0m
Apache Ant(TM) version 1.8.2 compiled on December 3 2011
[34m[1mmvn -version[0m
Apache Maven 3.2.5 (12a6b3acb947671f09b81f49094c53f426d8cea1; 2014-12-14T17:29:23+00:00)
Maven home: /usr/local/maven
Java version: 1.7.0_76, vendor: Oracle Corporation
Java home: /usr/lib/jvm/java-7-oracle/jre
Default locale: en_US, platform encoding: ANSI_X3.4-1968
OS name: "linux", version: "3.13.0-29-generic", arch: "amd64", family: "unix"
travis_fold:end:system_info[0K
travis_fold:start:fix.CVE-2015-7547[0K$ export DEBIAN_FRONTEND=noninteractive
W: Size of file /var/lib/apt/lists/us.archive.ubuntu.com_ubuntu_dists_precise-backports_multiverse_source_Sources.gz is not what the server reported 5886 5888
W: Size of file /var/lib/apt/lists/ppa.launchpad.net_travis-ci_zero-mq_ubuntu_dists_precise_main_binary-amd64_Packages.gz is not what the server reported 832 1195
W: Size of file /var/lib/apt/lists/ppa.launchpad.net_ubuntugis_ppa_ubuntu_dists_precise_main_binary-amd64_Packages.gz is not what the server reported 33653 36677
W: Size of file /var/lib/apt/lists/ppa.launchpad.net_ubuntugis_ppa_ubuntu_dists_precise_main_binary-i386_Packages.gz is not what the server reported 33699 36733
Reading package lists...
Building dependency tree...
Reading state information...
The following extra packages will be installed:
  libc-bin libc-dev-bin libc6-dev
Suggested packages:
  glibc-doc
The following packages will be upgraded:
  libc-bin libc-dev-bin libc6 libc6-dev
4 upgraded, 0 newly installed, 0 to remove and 258 not upgraded.
Need to get 8,840 kB of archives.
After this operation, 14.3 kB disk space will be freed.
Get:1 http://us.archive.ubuntu.com/ubuntu/ precise-updates/main libc6-dev amd64 2.15-0ubuntu10.15 [2,943 kB]
Get:2 http://us.archive.ubuntu.com/ubuntu/ precise-updates/main libc-dev-bin amd64 2.15-0ubuntu10.15 [84.7 kB]
Get:3 http://us.archive.ubuntu.com/ubuntu/ precise-updates/main libc-bin amd64 2.15-0ubuntu10.15 [1,177 kB]
Get:4 http://us.archive.ubuntu.com/ubuntu/ precise-updates/main libc6 amd64 2.15-0ubuntu10.15 [4,636 kB]
Fetched 8,840 kB in 0s (34.4 MB/s)
Preconfiguring packages ...
(Reading database ... (Reading database ... 5%(Reading database ... 10%(Reading database ... 15%(Reading database ... 20%(Reading database ... 25%(Reading database ... 30%(Reading database ... 35%(Reading database ... 40%(Reading database ... 45%(Reading database ... 50%(Reading database ... 55%(Reading database ... 60%(Reading database ... 65%(Reading database ... 70%(Reading database ... 75%(Reading database ... 80%(Reading database ... 85%(Reading database ... 90%(Reading database ... 95%(Reading database ... 100%(Reading database ... 72019 files and directories currently installed.)
Preparing to replace libc6-dev 2.15-0ubuntu10.10 (using .../libc6-dev_2.15-0ubuntu10.15_amd64.deb) ...
Unpacking replacement libc6-dev ...
Preparing to replace libc-dev-bin 2.15-0ubuntu10.10 (using .../libc-dev-bin_2.15-0ubuntu10.15_amd64.deb) ...
Unpacking replacement libc-dev-bin ...
Preparing to replace libc-bin 2.15-0ubuntu10.10 (using .../libc-bin_2.15-0ubuntu10.15_amd64.deb) ...
Unpacking replacement libc-bin ...
Processing triggers for man-db ...
Setting up libc-bin (2.15-0ubuntu10.15) ...
(Reading database ... (Reading database ... 5%(Reading database ... 10%(Reading database ... 15%(Reading database ... 20%(Reading database ... 25%(Reading database ... 30%(Reading database ... 35%(Reading database ... 40%(Reading database ... 45%(Reading database ... 50%(Reading database ... 55%(Reading database ... 60%(Reading database ... 65%(Reading database ... 70%(Reading database ... 75%(Reading database ... 80%(Reading database ... 85%(Reading database ... 90%(Reading database ... 95%(Reading database ... 100%(Reading database ... 72018 files and directories currently installed.)
Preparing to replace libc6 2.15-0ubuntu10.10 (using .../libc6_2.15-0ubuntu10.15_amd64.deb) ...
Unpacking replacement libc6 ...
Setting up libc6 (2.15-0ubuntu10.15) ...
Setting up libc-dev-bin (2.15-0ubuntu10.15) ...
Setting up libc6-dev (2.15-0ubuntu10.15) ...
Processing triggers for libc-bin ...
ldconfig deferred processing now taking place
travis_fold:end:fix.CVE-2015-7547[0Ktravis_fold:start:git.checkout[0Ktravis_time:start:099faa2b[0K$ git clone --depth=50 --branch=PK-1.8.0-MC-1.8.0 https://github.com/ProjectKorra/ProjectKorra.git ProjectKorra/ProjectKorra
Cloning into 'ProjectKorra/ProjectKorra'...
remote: Counting objects: 801, done.[K
remote: Compressing objects:   0% (1/421)   [Kremote: Compressing objects:   1% (5/421)   [Kremote: Compressing objects:   2% (9/421)   [Kremote: Compressing objects:   3% (13/421)   [Kremote: Compressing objects:   4% (17/421)   [Kremote: Compressing objects:   5% (22/421)   [Kremote: Compressing objects:   6% (26/421)   [Kremote: Compressing objects:   7% (30/421)   [Kremote: Compressing objects:   8% (34/421)   [Kremote: Compressing objects:   9% (38/421)   [Kremote: Compressing objects:  10% (43/421)   [Kremote: Compressing objects:  11% (47/421)   [Kremote: Compressing objects:  12% (51/421)   [Kremote: Compressing objects:  13% (55/421)   [Kremote: Compressing objects:  14% (59/421)   [Kremote: Compressing objects:  15% (64/421)   [Kremote: Compressing objects:  16% (68/421)   [Kremote: Compressing objects:  17% (72/421)   [Kremote: Compressing objects:  18% (76/421)   [Kremote: Compressing objects:  19% (80/421)   [Kremote: Compressing objects:  20% (85/421)   [Kremote: Compressing objects:  21% (89/421)   [Kremote: Compressing objects:  22% (93/421)   [Kremote: Compressing objects:  23% (97/421)   [Kremote: Compressing objects:  24% (102/421)   [Kremote: Compressing objects:  25% (106/421)   [Kremote: Compressing objects:  26% (110/421)   [Kremote: Compressing objects:  27% (114/421)   [Kremote: Compressing objects:  28% (118/421)   [Kremote: Compressing objects:  29% (123/421)   [Kremote: Compressing objects:  30% (127/421)   [Kremote: Compressing objects:  31% (131/421)   [Kremote: Compressing objects:  32% (135/421)   [Kremote: Compressing objects:  33% (139/421)   [Kremote: Compressing objects:  34% (144/421)   [Kremote: Compressing objects:  35% (148/421)   [Kremote: Compressing objects:  36% (152/421)   [Kremote: Compressing objects:  37% (156/421)   [Kremote: Compressing objects:  38% (160/421)   [Kremote: Compressing objects:  39% (165/421)   [Kremote: Compressing objects:  40% (169/421)   [Kremote: Compressing objects:  41% (173/421)   [Kremote: Compressing objects:  42% (177/421)   [Kremote: Compressing objects:  43% (182/421)   [Kremote: Compressing objects:  44% (186/421)   [Kremote: Compressing objects:  45% (190/421)   [Kremote: Compressing objects:  46% (194/421)   [Kremote: Compressing objects:  47% (198/421)   [Kremote: Compressing objects:  48% (203/421)   [Kremote: Compressing objects:  49% (207/421)   [Kremote: Compressing objects:  50% (211/421)   [Kremote: Compressing objects:  51% (215/421)   [Kremote: Compressing objects:  52% (219/421)   [Kremote: Compressing objects:  53% (224/421)   [Kremote: Compressing objects:  54% (228/421)   [Kremote: Compressing objects:  55% (232/421)   [Kremote: Compressing objects:  56% (236/421)   [Kremote: Compressing objects:  57% (240/421)   [Kremote: Compressing objects:  58% (245/421)   [Kremote: Compressing objects:  59% (249/421)   [Kremote: Compressing objects:  60% (253/421)   [Kremote: Compressing objects:  61% (257/421)   [Kremote: Compressing objects:  62% (262/421)   [Kremote: Compressing objects:  63% (266/421)   [Kremote: Compressing objects:  64% (270/421)   [Kremote: Compressing objects:  65% (274/421)   [Kremote: Compressing objects:  66% (278/421)   [Kremote: Compressing objects:  67% (283/421)   [Kremote: Compressing objects:  68% (287/421)   [Kremote: Compressing objects:  69% (291/421)   [Kremote: Compressing objects:  70% (295/421)   [Kremote: Compressing objects:  71% (299/421)   [Kremote: Compressing objects:  72% (304/421)   [Kremote: Compressing objects:  73% (308/421)   [Kremote: Compressing objects:  74% (312/421)   [Kremote: Compressing objects:  75% (316/421)   [Kremote: Compressing objects:  76% (320/421)   [Kremote: Compressing objects:  77% (325/421)   [Kremote: Compressing objects:  78% (329/421)   [Kremote: Compressing objects:  79% (333/421)   [Kremote: Compressing objects:  80% (337/421)   [Kremote: Compressing objects:  81% (342/421)   [Kremote: Compressing objects:  82% (346/421)   [Kremote: Compressing objects:  83% (350/421)   [Kremote: Compressing objects:  84% (354/421)   [Kremote: Compressing objects:  85% (358/421)   [Kremote: Compressing objects:  86% (363/421)   [Kremote: Compressing objects:  87% (367/421)   [Kremote: Compressing objects:  88% (371/421)   [Kremote: Compressing objects:  89% (375/421)   [Kremote: Compressing objects:  90% (379/421)   [Kremote: Compressing objects:  91% (384/421)   [Kremote: Compressing objects:  92% (388/421)   [Kremote: Compressing objects:  93% (392/421)   [Kremote: Compressing objects:  94% (396/421)   [Kremote: Compressing objects:  95% (400/421)   [Kremote: Compressing objects:  96% (405/421)   [Kremote: Compressing objects:  97% (409/421)   [Kremote: Compressing objects:  98% (413/421)   [Kremote: Compressing objects:  99% (417/421)   [Kremote: Compressing objects: 100% (421/421)   [Kremote: Compressing objects: 100% (421/421), done.[K
Receiving objects:   0% (1/801)   Receiving objects:   1% (9/801)   Receiving objects:   2% (17/801)   Receiving objects:   3% (25/801)   Receiving objects:   4% (33/801)   Receiving objects:   5% (41/801)   Receiving objects:   6% (49/801)   Receiving objects:   7% (57/801)   Receiving objects:   8% (65/801)   Receiving objects:   9% (73/801)   Receiving objects:   9% (75/801), 21.39 MiB | 21.35 MiB/s   Receiving objects:  10% (81/801), 21.39 MiB | 21.35 MiB/s   Receiving objects:  11% (89/801), 21.39 MiB | 21.35 MiB/s   Receiving objects:  12% (97/801), 21.39 MiB | 21.35 MiB/s   Receiving objects:  13% (105/801), 21.39 MiB | 21.35 MiB/s   Receiving objects:  14% (113/801), 21.39 MiB | 21.35 MiB/s   Receiving objects:  15% (121/801), 21.39 MiB | 21.35 MiB/s   Receiving objects:  16% (129/801), 21.39 MiB | 21.35 MiB/s   Receiving objects:  17% (137/801), 21.39 MiB | 21.35 MiB/s   Receiving objects:  18% (145/801), 21.39 MiB | 21.35 MiB/s   Receiving objects:  19% (153/801), 21.39 MiB | 21.35 MiB/s   Receiving objects:  20% (161/801), 21.39 MiB | 21.35 MiB/s   Receiving objects:  21% (169/801), 21.39 MiB | 21.35 MiB/s   Receiving objects:  22% (177/801), 21.39 MiB | 21.35 MiB/s   Receiving objects:  23% (185/801), 21.39 MiB | 21.35 MiB/s   Receiving objects:  24% (193/801), 21.39 MiB | 21.35 MiB/s   Receiving objects:  25% (201/801), 21.39 MiB | 21.35 MiB/s   Receiving objects:  26% (209/801), 21.39 MiB | 21.35 MiB/s   Receiving objects:  27% (217/801), 21.39 MiB | 21.35 MiB/s   Receiving objects:  28% (225/801), 21.39 MiB | 21.35 MiB/s   Receiving objects:  29% (233/801), 21.39 MiB | 21.35 MiB/s   Receiving objects:  30% (241/801), 21.39 MiB | 21.35 MiB/s   Receiving objects:  31% (249/801), 21.39 MiB | 21.35 MiB/s   Receiving objects:  32% (257/801), 21.39 MiB | 21.35 MiB/s   Receiving objects:  33% (265/801), 21.39 MiB | 21.35 MiB/s   Receiving objects:  34% (273/801), 21.39 MiB | 21.35 MiB/s   Receiving objects:  35% (281/801), 21.39 MiB | 21.35 MiB/s   Receiving objects:  36% (289/801), 21.39 MiB | 21.35 MiB/s   Receiving objects:  37% (297/801), 21.39 MiB | 21.35 MiB/s   Receiving objects:  38% (305/801), 21.39 MiB | 21.35 MiB/s   Receiving objects:  39% (313/801), 21.39 MiB | 21.35 MiB/s   Receiving objects:  40% (321/801), 21.39 MiB | 21.35 MiB/s   Receiving objects:  41% (329/801), 21.39 MiB | 21.35 MiB/s   Receiving objects:  42% (337/801), 21.39 MiB | 21.35 MiB/s   Receiving objects:  43% (345/801), 21.39 MiB | 21.35 MiB/s   Receiving objects:  44% (353/801), 21.39 MiB | 21.35 MiB/s   Receiving objects:  45% (361/801), 21.39 MiB | 21.35 MiB/s   Receiving objects:  46% (369/801), 21.39 MiB | 21.35 MiB/s   Receiving objects:  47% (377/801), 21.39 MiB | 21.35 MiB/s   Receiving objects:  48% (385/801), 21.39 MiB | 21.35 MiB/s   Receiving objects:  49% (393/801), 21.39 MiB | 21.35 MiB/s   Receiving objects:  50% (401/801), 21.39 MiB | 21.35 MiB/s   Receiving objects:  51% (409/801), 21.39 MiB | 21.35 MiB/s   Receiving objects:  52% (417/801), 21.39 MiB | 21.35 MiB/s   Receiving objects:  52% (418/801), 39.67 MiB | 19.79 MiB/s   Receiving objects:  53% (425/801), 39.67 MiB | 19.79 MiB/s   Receiving objects:  54% (433/801), 39.67 MiB | 19.79 MiB/s   Receiving objects:  55% (441/801), 39.67 MiB | 19.79 MiB/s   Receiving objects:  56% (449/801), 39.67 MiB | 19.79 MiB/s   Receiving objects:  57% (457/801), 39.67 MiB | 19.79 MiB/s   Receiving objects:  58% (465/801), 39.67 MiB | 19.79 MiB/s   Receiving objects:  59% (473/801), 39.67 MiB | 19.79 MiB/s   Receiving objects:  60% (481/801), 39.67 MiB | 19.79 MiB/s   Receiving objects:  61% (489/801), 39.67 MiB | 19.79 MiB/s   Receiving objects:  62% (497/801), 39.67 MiB | 19.79 MiB/s   Receiving objects:  63% (505/801), 39.67 MiB | 19.79 MiB/s   Receiving objects:  64% (513/801), 39.67 MiB | 19.79 MiB/s   Receiving objects:  65% (521/801), 39.67 MiB | 19.79 MiB/s   remote: Total 801 (delta 379), reused 558 (delta 278), pack-reused 0[K
Receiving objects:  66% (529/801), 39.67 MiB | 19.79 MiB/s   Receiving objects:  67% (537/801), 39.67 MiB | 19.79 MiB/s   Receiving objects:  68% (545/801), 39.67 MiB | 19.79 MiB/s   Receiving objects:  69% (553/801), 39.67 MiB | 19.79 MiB/s   Receiving objects:  70% (561/801), 39.67 MiB | 19.79 MiB/s   Receiving objects:  71% (569/801), 39.67 MiB | 19.79 MiB/s   Receiving objects:  72% (577/801), 39.67 MiB | 19.79 MiB/s   Receiving objects:  73% (585/801), 39.67 MiB | 19.79 MiB/s   Receiving objects:  74% (593/801), 39.67 MiB | 19.79 MiB/s   Receiving objects:  75% (601/801), 39.67 MiB | 19.79 MiB/s   Receiving objects:  76% (609/801), 39.67 MiB | 19.79 MiB/s   Receiving objects:  77% (617/801), 39.67 MiB | 19.79 MiB/s   Receiving objects:  78% (625/801), 39.67 MiB | 19.79 MiB/s   Receiving objects:  79% (633/801), 39.67 MiB | 19.79 MiB/s   Receiving objects:  80% (641/801), 39.67 MiB | 19.79 MiB/s   Receiving objects:  81% (649/801), 39.67 MiB | 19.79 MiB/s   Receiving objects:  82% (657/801), 39.67 MiB | 19.79 MiB/s   Receiving objects:  83% (665/801), 39.67 MiB | 19.79 MiB/s   Receiving objects:  84% (673/801), 39.67 MiB | 19.79 MiB/s   Receiving objects:  85% (681/801), 39.67 MiB | 19.79 MiB/s   Receiving objects:  86% (689/801), 39.67 MiB | 19.79 MiB/s   Receiving objects:  87% (697/801), 39.67 MiB | 19.79 MiB/s   Receiving objects:  88% (705/801), 39.67 MiB | 19.79 MiB/s   Receiving objects:  89% (713/801), 39.67 MiB | 19.79 MiB/s   Receiving objects:  90% (721/801), 39.67 MiB | 19.79 MiB/s   Receiving objects:  91% (729/801), 39.67 MiB | 19.79 MiB/s   Receiving objects:  92% (737/801), 39.67 MiB | 19.79 MiB/s   Receiving objects:  93% (745/801), 39.67 MiB | 19.79 MiB/s   Receiving objects:  94% (753/801), 39.67 MiB | 19.79 MiB/s   Receiving objects:  95% (761/801), 39.67 MiB | 19.79 MiB/s   Receiving objects:  96% (769/801), 39.67 MiB | 19.79 MiB/s   Receiving objects:  97% (777/801), 39.67 MiB | 19.79 MiB/s   Receiving objects:  98% (785/801), 39.67 MiB | 19.79 MiB/s   Receiving objects:  99% (793/801), 39.67 MiB | 19.79 MiB/s   Receiving objects: 100% (801/801), 39.67 MiB | 19.79 MiB/s   Receiving objects: 100% (801/801), 44.70 MiB | 19.79 MiB/s, done.
Resolving deltas:   0% (0/379)   Resolving deltas:  13% (50/379)   Resolving deltas:  15% (59/379)   Resolving deltas:  16% (64/379)   Resolving deltas:  18% (70/379)   Resolving deltas:  20% (78/379)   Resolving deltas:  22% (87/379)   Resolving deltas:  23% (89/379)   Resolving deltas:  24% (94/379)   Resolving deltas:  25% (95/379)   Resolving deltas:  26% (99/379)   Resolving deltas:  29% (112/379)   Resolving deltas:  30% (115/379)   Resolving deltas:  31% (118/379)   Resolving deltas:  32% (122/379)   Resolving deltas:  35% (134/379)   Resolving deltas:  36% (137/379)   Resolving deltas:  38% (145/379)   Resolving deltas:  39% (150/379)   Resolving deltas:  40% (153/379)   Resolving deltas:  41% (156/379)   Resolving deltas:  44% (168/379)   Resolving deltas:  45% (174/379)   Resolving deltas:  46% (175/379)   Resolving deltas:  47% (179/379)   Resolving deltas:  48% (183/379)   Resolving deltas:  52% (199/379)   Resolving deltas:  53% (202/379)   Resolving deltas:  54% (207/379)   Resolving deltas:  55% (211/379)   Resolving deltas:  56% (213/379)   Resolving deltas:  57% (218/379)   Resolving deltas:  58% (223/379)   Resolving deltas:  60% (230/379)   Resolving deltas:  61% (234/379)   Resolving deltas:  62% (235/379)   Resolving deltas:  63% (239/379)   Resolving deltas:  64% (245/379)   Resolving deltas:  65% (248/379)   Resolving deltas:  66% (251/379)   Resolving deltas:  69% (263/379)   Resolving deltas:  70% (267/379)   Resolving deltas:  71% (272/379)   Resolving deltas:  74% (284/379)   Resolving deltas:  75% (286/379)   Resolving deltas:  81% (307/379)   Resolving deltas:  82% (311/379)   Resolving deltas:  83% (315/379)   Resolving deltas:  84% (320/379)   Resolving deltas:  85% (324/379)   Resolving deltas:  86% (328/379)   Resolving deltas:  87% (330/379)   Resolving deltas:  89% (338/379)   Resolving deltas:  90% (343/379)   Resolving deltas:  91% (345/379)   Resolving deltas: 100% (379/379)   Resolving deltas: 100% (379/379), done.
Checking connectivity... done.

travis_time:end:099faa2b:start=1475626103138021901,finish=1475626106310925422,duration=3172903521[0K$ cd ProjectKorra/ProjectKorra
$ git checkout -qf 9dd5739c00e17f4737482fd8e9d15e0f718da65b
travis_fold:end:git.checkout[0K
[33;1mThis job is running on container-based infrastructure, which does not allow use of 'sudo', setuid and setguid executables.[0m
[33;1mIf you require sudo, add 'sudo: required' to your .travis.yml[0m
[33;1mSee https://docs.travis-ci.com/user/workers/container-based-infrastructure/ for details.[0m
$ jdk_switcher use oraclejdk7
Switching to Oracle JDK7 (java-7-oracle), JAVA_HOME will be set to /usr/lib/jvm/java-7-oracle
$ java -Xmx32m -version
java version "1.7.0_76"
Java(TM) SE Runtime Environment (build 1.7.0_76-b13)
Java HotSpot(TM) 64-Bit Server VM (build 24.76-b04, mixed mode)
$ javac -J-Xmx32m -version
javac 1.7.0_76
travis_fold:start:install[0Ktravis_time:start:2b25dbbe[0K$ mvn install -DskipTests=true -Dmaven.javadoc.skip=true -B -V
Apache Maven 3.2.5 (12a6b3acb947671f09b81f49094c53f426d8cea1; 2014-12-14T17:29:23+00:00)
Maven home: /usr/local/maven
Java version: 1.7.0_76, vendor: Oracle Corporation
Java home: /usr/lib/jvm/java-7-oracle/jre
Default locale: en_US, platform encoding: UTF-8
OS name: "linux", version: "3.13.0-40-generic", arch: "amd64", family: "unix"
[INFO] Scanning for projects...
[WARNING] 
[WARNING] Some problems were encountered while building the effective model for com.projectkorra:projectkorra:jar:don't matter
[WARNING] 'dependencies.dependency.systemPath' for me.ryanhamshire:GriefPrevention:jar should not point at files within the project directory, ${basedir}/lib/GriefPrevention 10.5.3.jar will be unresolvable by dependent projects @ line 76, column 25
[WARNING] 'dependencies.dependency.systemPath' for com.griefcraft:lwc:jar should not point at files within the project directory, ${basedir}/lib/LWC.jar will be unresolvable by dependent projects @ line 83, column 25
[WARNING] 'dependencies.dependency.systemPath' for com.massivecraft:massivecore:jar should not point at files within the project directory, ${basedir}/lib/MassiveCore 2.7.5.jar will be unresolvable by dependent projects @ line 90, column 25
[WARNING] 'dependencies.dependency.systemPath' for fr.neatmonster:nocheatplus:jar should not point at files within the project directory, ${basedir}/lib/NoCheatPlus.jar will be unresolvable by dependent projects @ line 97, column 25
[WARNING] 'dependencies.dependency.systemPath' for com.palmergames.bukkit:towny:jar should not point at files within the project directory, ${basedir}/lib/Towny.jar will be unresolvable by dependent projects @ line 104, column 25
[WARNING] 'dependencies.dependency.systemPath' for com.bekvon.bukkit:residence:jar should not point at files within the project directory, ${basedir}/lib/Residence4.0.0.4.jar will be unresolvable by dependent projects @ line 111, column 25
[WARNING] 'dependencies.dependency.systemPath' for com.projectkorra:spirits:jar should not point at files within the project directory, ${basedir}/lib/ProjectKorraSpirits.jar will be unresolvable by dependent projects @ line 118, column 25
[WARNING] 'dependencies.dependency.systemPath' for com.projectkorra:rpg:jar should not point at files within the project directory, ${basedir}/lib/ProjectKorraRPG.jar will be unresolvable by dependent projects @ line 125, column 25
[WARNING] 'dependencies.dependency.systemPath' for com.projectkorra:items:jar should not point at files within the project directory, ${basedir}/lib/ProjectKorraItems.jar will be unresolvable by dependent projects @ line 132, column 25
[WARNING] 'dependencies.dependency.systemPath' for net.sacredlabyrinth.Phaed:PreciousStones:jar should not point at files within the project directory, ${basedir}/lib/PreciousStones 9.7.1.jar will be unresolvable by dependent projects @ line 139, column 25
[WARNING] 'dependencies.dependency.systemPath' for com.massivecraft:factions:jar should not point at files within the project directory, ${basedir}/lib/Factions 2.7.5.jar will be unresolvable by dependent projects @ line 146, column 25
[WARNING] 
[WARNING] It is highly recommended to fix these problems because they threaten the stability of your build.
[WARNING] 
[WARNING] For this reason, future Maven versions might no longer support building such malformed projects.
[WARNING] 
[INFO]                                                                         
[INFO] ------------------------------------------------------------------------
[INFO] Building projectkorra don't matter
[INFO] ------------------------------------------------------------------------
[INFO] Downloading: https://repo.maven.apache.org/maven2/org/apache/maven/plugins/maven-resources-plugin/2.6/maven-resources-plugin-2.6.pom
[INFO] Downloaded: https://repo.maven.apache.org/maven2/org/apache/maven/plugins/maven-resources-plugin/2.6/maven-resources-plugin-2.6.pom (8 KB at 14.4 KB/sec)
[INFO] Downloading: https://repo.maven.apache.org/maven2/org/apache/maven/plugins/maven-plugins/23/maven-plugins-23.pom
[INFO] Downloaded: https://repo.maven.apache.org/maven2/org/apache/maven/plugins/maven-plugins/23/maven-plugins-23.pom (9 KB at 256.6 KB/sec)
[INFO] Downloading: https://repo.maven.apache.org/maven2/org/apache/maven/maven-parent/22/maven-parent-22.pom
[INFO] Downloaded: https://repo.maven.apache.org/maven2/org/apache/maven/maven-parent/22/maven-parent-22.pom (30 KB at 854.3 KB/sec)
[INFO] Downloading: https://repo.maven.apache.org/maven2/org/apache/apache/11/apache-11.pom
[INFO] Downloaded: https://repo.maven.apache.org/maven2/org/apache/apache/11/apache-11.pom (15 KB at 535.7 KB/sec)
[INFO] Downloading: https://repo.maven.apache.org/maven2/org/apache/maven/plugins/maven-resources-plugin/2.6/maven-resources-plugin-2.6.jar
[INFO] Downloaded: https://repo.maven.apache.org/maven2/org/apache/maven/plugins/maven-resources-plugin/2.6/maven-resources-plugin-2.6.jar (29 KB at 1108.7 KB/sec)
[INFO] Downloading: https://repo.maven.apache.org/maven2/org/apache/maven/plugins/maven-compiler-plugin/3.1/maven-compiler-plugin-3.1.pom
[INFO] Downloaded: https://repo.maven.apache.org/maven2/org/apache/maven/plugins/maven-compiler-plugin/3.1/maven-compiler-plugin-3.1.pom (10 KB at 398.8 KB/sec)
[INFO] Downloading: https://repo.maven.apache.org/maven2/org/apache/maven/plugins/maven-plugins/24/maven-plugins-24.pom
[INFO] Downloaded: https://repo.maven.apache.org/maven2/org/apache/maven/plugins/maven-plugins/24/maven-plugins-24.pom (11 KB at 422.1 KB/sec)
[INFO] Downloading: https://repo.maven.apache.org/maven2/org/apache/maven/maven-parent/23/maven-parent-23.pom
[INFO] Downloaded: https://repo.maven.apache.org/maven2/org/apache/maven/maven-parent/23/maven-parent-23.pom (32 KB at 1136.5 KB/sec)
[INFO] Downloading: https://repo.maven.apache.org/maven2/org/apache/apache/13/apache-13.pom
[INFO] Downloaded: https://repo.maven.apache.org/maven2/org/apache/apache/13/apache-13.pom (14 KB at 568.6 KB/sec)
[INFO] Downloading: https://repo.maven.apache.org/maven2/org/apache/maven/plugins/maven-compiler-plugin/3.1/maven-compiler-plugin-3.1.jar
[INFO] Downloaded: https://repo.maven.apache.org/maven2/org/apache/maven/plugins/maven-compiler-plugin/3.1/maven-compiler-plugin-3.1.jar (42 KB at 1613.2 KB/sec)
[INFO] Downloading: https://repo.maven.apache.org/maven2/org/apache/maven/plugins/maven-surefire-plugin/2.12.4/maven-surefire-plugin-2.12.4.pom
[INFO] Downloaded: https://repo.maven.apache.org/maven2/org/apache/maven/plugins/maven-surefire-plugin/2.12.4/maven-surefire-plugin-2.12.4.pom (11 KB at 352.7 KB/sec)
[INFO] Downloading: https://repo.maven.apache.org/maven2/org/apache/maven/surefire/surefire/2.12.4/surefire-2.12.4.pom
[INFO] Downloaded: https://repo.maven.apache.org/maven2/org/apache/maven/surefire/surefire/2.12.4/surefire-2.12.4.pom (14 KB at 498.8 KB/sec)
[INFO] Downloading: https://repo.maven.apache.org/maven2/org/apache/maven/plugins/maven-surefire-plugin/2.12.4/maven-surefire-plugin-2.12.4.jar
[INFO] Downloaded: https://repo.maven.apache.org/maven2/org/apache/maven/plugins/maven-surefire-plugin/2.12.4/maven-surefire-plugin-2.12.4.jar (30 KB at 1062.4 KB/sec)
[INFO] Downloading: https://repo.maven.apache.org/maven2/org/apache/maven/plugins/maven-jar-plugin/2.4/maven-jar-plugin-2.4.pom
[INFO] Downloaded: https://repo.maven.apache.org/maven2/org/apache/maven/plugins/maven-jar-plugin/2.4/maven-jar-plugin-2.4.pom (6 KB at 227.9 KB/sec)
[INFO] Downloading: https://repo.maven.apache.org/maven2/org/apache/maven/plugins/maven-plugins/22/maven-plugins-22.pom
[INFO] Downloaded: https://repo.maven.apache.org/maven2/org/apache/maven/plugins/maven-plugins/22/maven-plugins-22.pom (13 KB at 530.6 KB/sec)
[INFO] Downloading: https://repo.maven.apache.org/maven2/org/apache/maven/maven-parent/21/maven-parent-21.pom
[INFO] Downloaded: https://repo.maven.apache.org/maven2/org/apache/maven/maven-parent/21/maven-parent-21.pom (26 KB at 919.3 KB/sec)
[INFO] Downloading: https://repo.maven.apache.org/maven2/org/apache/apache/10/apache-10.pom
[INFO] Downloaded: https://repo.maven.apache.org/maven2/org/apache/apache/10/apache-10.pom (15 KB at 628.4 KB/sec)
[INFO] Downloading: https://repo.maven.apache.org/maven2/org/apache/maven/plugins/maven-jar-plugin/2.4/maven-jar-plugin-2.4.jar
[INFO] Downloaded: https://repo.maven.apache.org/maven2/org/apache/maven/plugins/maven-jar-plugin/2.4/maven-jar-plugin-2.4.jar (34 KB at 572.8 KB/sec)
[INFO] Downloading: https://repo.maven.apache.org/maven2/org/apache/maven/plugins/maven-install-plugin/2.4/maven-install-plugin-2.4.pom
[INFO] Downloaded: https://repo.maven.apache.org/maven2/org/apache/maven/plugins/maven-install-plugin/2.4/maven-install-plugin-2.4.pom (7 KB at 283.2 KB/sec)
[INFO] Downloading: https://repo.maven.apache.org/maven2/org/apache/maven/plugins/maven-install-plugin/2.4/maven-install-plugin-2.4.jar
[INFO] Downloaded: https://repo.maven.apache.org/maven2/org/apache/maven/plugins/maven-install-plugin/2.4/maven-install-plugin-2.4.jar (27 KB at 1052.8 KB/sec)
[INFO] Downloading: https://oss.sonatype.org/content/repositories/snapshots/org/spigotmc/spigot-api/1.10.2-R0.1-SNAPSHOT/maven-metadata.xml
[INFO] Downloading: https://repository.apache.org/snapshots/org/spigotmc/spigot-api/1.10.2-R0.1-SNAPSHOT/maven-metadata.xml
[INFO] Downloading: https://nexus.codehaus.org/snapshots/org/spigotmc/spigot-api/1.10.2-R0.1-SNAPSHOT/maven-metadata.xml
[INFO] Downloading: https://hub.spigotmc.org/nexus/content/repositories/snapshots/org/spigotmc/spigot-api/1.10.2-R0.1-SNAPSHOT/maven-metadata.xml
[INFO] Downloading: http://maven.sk89q.com/repo/org/spigotmc/spigot-api/1.10.2-R0.1-SNAPSHOT/maven-metadata.xml
[INFO] Downloaded: https://hub.spigotmc.org/nexus/content/repositories/snapshots/org/spigotmc/spigot-api/1.10.2-R0.1-SNAPSHOT/maven-metadata.xml (2 KB at 8.3 KB/sec)
[WARNING] Could not transfer metadata org.spigotmc:spigot-api:1.10.2-R0.1-SNAPSHOT/maven-metadata.xml from/to codehaus-snapshots (https://nexus.codehaus.org/snapshots/): nexus.codehaus.org: Name or service not known
[WARNING] Failure to transfer org.spigotmc:spigot-api:1.10.2-R0.1-SNAPSHOT/maven-metadata.xml from https://nexus.codehaus.org/snapshots/ was cached in the local repository, resolution will not be reattempted until the update interval of codehaus-snapshots has elapsed or updates are forced. Original error: Could not transfer metadata org.spigotmc:spigot-api:1.10.2-R0.1-SNAPSHOT/maven-metadata.xml from/to codehaus-snapshots (https://nexus.codehaus.org/snapshots/): nexus.codehaus.org: Name or service not known
[INFO] Downloading: https://oss.sonatype.org/content/repositories/snapshots/org/spigotmc/spigot-api/1.10.2-R0.1-SNAPSHOT/spigot-api-1.10.2-R0.1-20161003.062305-73.pom
[INFO] Downloading: https://repository.apache.org/snapshots/org/spigotmc/spigot-api/1.10.2-R0.1-SNAPSHOT/spigot-api-1.10.2-R0.1-20161003.062305-73.pom
[INFO] Downloading: https://nexus.codehaus.org/snapshots/org/spigotmc/spigot-api/1.10.2-R0.1-SNAPSHOT/spigot-api-1.10.2-R0.1-20161003.062305-73.pom
[INFO] Downloading: https://hub.spigotmc.org/nexus/content/repositories/snapshots/org/spigotmc/spigot-api/1.10.2-R0.1-SNAPSHOT/spigot-api-1.10.2-R0.1-20161003.062305-73.pom
[INFO] Downloaded: https://hub.spigotmc.org/nexus/content/repositories/snapshots/org/spigotmc/spigot-api/1.10.2-R0.1-SNAPSHOT/spigot-api-1.10.2-R0.1-20161003.062305-73.pom (7 KB at 130.0 KB/sec)
[INFO] Downloading: http://repo.maven.apache.org/maven2/org/sonatype/oss/oss-parent/9/oss-parent-9.pom
[INFO] Downloaded: http://repo.maven.apache.org/maven2/org/sonatype/oss/oss-parent/9/oss-parent-9.pom (7 KB at 229.1 KB/sec)
[INFO] Downloading: http://repo.maven.apache.org/maven2/commons-lang/commons-lang/2.6/commons-lang-2.6.pom
[INFO] Downloaded: http://repo.maven.apache.org/maven2/commons-lang/commons-lang/2.6/commons-lang-2.6.pom (18 KB at 589.1 KB/sec)
[INFO] Downloading: http://repo.maven.apache.org/maven2/org/apache/commons/commons-parent/17/commons-parent-17.pom
[INFO] Downloaded: http://repo.maven.apache.org/maven2/org/apache/commons/commons-parent/17/commons-parent-17.pom (31 KB at 1087.6 KB/sec)
[INFO] Downloading: http://repo.maven.apache.org/maven2/org/apache/apache/7/apache-7.pom
[INFO] Downloaded: http://repo.maven.apache.org/maven2/org/apache/apache/7/apache-7.pom (15 KB at 503.3 KB/sec)
[INFO] Downloading: http://repo.maven.apache.org/maven2/com/googlecode/json-simple/json-simple/1.1.1/json-simple-1.1.1.pom
[INFO] Downloaded: http://repo.maven.apache.org/maven2/com/googlecode/json-simple/json-simple/1.1.1/json-simple-1.1.1.pom (4 KB at 109.1 KB/sec)
[INFO] Downloading: http://repo.maven.apache.org/maven2/junit/junit/4.10/junit-4.10.pom
[INFO] Downloaded: http://repo.maven.apache.org/maven2/junit/junit/4.10/junit-4.10.pom (3 KB at 104.1 KB/sec)
[INFO] Downloading: http://repo.maven.apache.org/maven2/org/hamcrest/hamcrest-core/1.1/hamcrest-core-1.1.pom
[INFO] Downloaded: http://repo.maven.apache.org/maven2/org/hamcrest/hamcrest-core/1.1/hamcrest-core-1.1.pom (481 B at 20.4 KB/sec)
[INFO] Downloading: http://repo.maven.apache.org/maven2/org/hamcrest/hamcrest-parent/1.1/hamcrest-parent-1.1.pom
[INFO] Downloaded: http://repo.maven.apache.org/maven2/org/hamcrest/hamcrest-parent/1.1/hamcrest-parent-1.1.pom (6 KB at 260.9 KB/sec)
[INFO] Downloading: http://repo.maven.apache.org/maven2/com/google/guava/guava/17.0/guava-17.0.pom
[INFO] Downloaded: http://repo.maven.apache.org/maven2/com/google/guava/guava/17.0/guava-17.0.pom (6 KB at 261.9 KB/sec)
[INFO] Downloading: http://repo.maven.apache.org/maven2/com/google/guava/guava-parent/17.0/guava-parent-17.0.pom
[INFO] Downloaded: http://repo.maven.apache.org/maven2/com/google/guava/guava-parent/17.0/guava-parent-17.0.pom (8 KB at 364.3 KB/sec)
[INFO] Downloading: http://repo.maven.apache.org/maven2/org/sonatype/oss/oss-parent/7/oss-parent-7.pom
[INFO] Downloaded: http://repo.maven.apache.org/maven2/org/sonatype/oss/oss-parent/7/oss-parent-7.pom (5 KB at 224.3 KB/sec)
[INFO] Downloading: http://repo.maven.apache.org/maven2/com/google/code/gson/gson/2.2.4/gson-2.2.4.pom
[INFO] Downloaded: http://repo.maven.apache.org/maven2/com/google/code/gson/gson/2.2.4/gson-2.2.4.pom (8 KB at 356.8 KB/sec)
[INFO] Downloading: http://repo.maven.apache.org/maven2/org/avaje/ebean/2.8.1/ebean-2.8.1.pom
[INFO] Downloaded: http://repo.maven.apache.org/maven2/org/avaje/ebean/2.8.1/ebean-2.8.1.pom (18 KB at 742.5 KB/sec)
[INFO] Downloading: http://repo.maven.apache.org/maven2/org/sonatype/oss/oss-parent/5/oss-parent-5.pom
[INFO] Downloaded: http://repo.maven.apache.org/maven2/org/sonatype/oss/oss-parent/5/oss-parent-5.pom (4 KB at 199.3 KB/sec)
[INFO] Downloading: http://repo.maven.apache.org/maven2/javax/persistence/persistence-api/1.0/persistence-api-1.0.pom
[INFO] Downloaded: http://repo.maven.apache.org/maven2/javax/persistence/persistence-api/1.0/persistence-api-1.0.pom (2 KB at 55.5 KB/sec)
[INFO] Downloading: http://repo.maven.apache.org/maven2/org/yaml/snakeyaml/1.15/snakeyaml-1.15.pom
[INFO] Downloaded: http://repo.maven.apache.org/maven2/org/yaml/snakeyaml/1.15/snakeyaml-1.15.pom (26 KB at 1116.0 KB/sec)
[INFO] Downloading: https://oss.sonatype.org/content/repositories/snapshots/net/md-5/bungeecord-chat/1.10-SNAPSHOT/maven-metadata.xml
[INFO] Downloading: https://repository.apache.org/snapshots/net/md-5/bungeecord-chat/1.10-SNAPSHOT/maven-metadata.xml
[INFO] Downloading: https://nexus.codehaus.org/snapshots/net/md-5/bungeecord-chat/1.10-SNAPSHOT/maven-metadata.xml
[INFO] Downloading: http://maven.sk89q.com/repo/net/md-5/bungeecord-chat/1.10-SNAPSHOT/maven-metadata.xml
[INFO] Downloading: https://hub.spigotmc.org/nexus/content/repositories/snapshots/net/md-5/bungeecord-chat/1.10-SNAPSHOT/maven-metadata.xml
[INFO] Downloading: https://oss.sonatype.org/content/repositories/snapshots/net/md-5/bungeecord-chat/1.10-SNAPSHOT/maven-metadata.xml
[INFO] Downloaded: https://oss.sonatype.org/content/repositories/snapshots/net/md-5/bungeecord-chat/1.10-SNAPSHOT/maven-metadata.xml (2 KB at 13.5 KB/sec)
[INFO] Downloaded: https://oss.sonatype.org/content/repositories/snapshots/net/md-5/bungeecord-chat/1.10-SNAPSHOT/maven-metadata.xml (2 KB at 18.6 KB/sec)
[WARNING] Could not transfer metadata net.md-5:bungeecord-chat:1.10-SNAPSHOT/maven-metadata.xml from/to codehaus-snapshots (https://nexus.codehaus.org/snapshots/): nexus.codehaus.org
[WARNING] Failure to transfer net.md-5:bungeecord-chat:1.10-SNAPSHOT/maven-metadata.xml from https://nexus.codehaus.org/snapshots/ was cached in the local repository, resolution will not be reattempted until the update interval of codehaus-snapshots has elapsed or updates are forced. Original error: Could not transfer metadata net.md-5:bungeecord-chat:1.10-SNAPSHOT/maven-metadata.xml from/to codehaus-snapshots (https://nexus.codehaus.org/snapshots/): nexus.codehaus.org
[INFO] Downloading: https://oss.sonatype.org/content/repositories/snapshots/net/md-5/bungeecord-chat/1.10-SNAPSHOT/bungeecord-chat-1.10-20160928.232233-33.pom
[INFO] Downloaded: https://oss.sonatype.org/content/repositories/snapshots/net/md-5/bungeecord-chat/1.10-SNAPSHOT/bungeecord-chat-1.10-20160928.232233-33.pom (2 KB at 26.5 KB/sec)
[INFO] Downloading: https://oss.sonatype.org/content/repositories/snapshots/net/md-5/bungeecord-parent/1.10-SNAPSHOT/maven-metadata.xml
[INFO] Downloading: https://repository.apache.org/snapshots/net/md-5/bungeecord-parent/1.10-SNAPSHOT/maven-metadata.xml
[INFO] Downloading: https://nexus.codehaus.org/snapshots/net/md-5/bungeecord-parent/1.10-SNAPSHOT/maven-metadata.xml
[INFO] Downloading: http://maven.sk89q.com/repo/net/md-5/bungeecord-parent/1.10-SNAPSHOT/maven-metadata.xml
[INFO] Downloading: https://hub.spigotmc.org/nexus/content/repositories/snapshots/net/md-5/bungeecord-parent/1.10-SNAPSHOT/maven-metadata.xml
[INFO] Downloading: https://oss.sonatype.org/content/repositories/snapshots/net/md-5/bungeecord-parent/1.10-SNAPSHOT/maven-metadata.xml
[INFO] Downloaded: https://oss.sonatype.org/content/repositories/snapshots/net/md-5/bungeecord-parent/1.10-SNAPSHOT/maven-metadata.xml (602 B at 10.3 KB/sec)
[INFO] Downloaded: https://oss.sonatype.org/content/repositories/snapshots/net/md-5/bungeecord-parent/1.10-SNAPSHOT/maven-metadata.xml (602 B at 13.1 KB/sec)
[WARNING] Could not transfer metadata net.md-5:bungeecord-parent:1.10-SNAPSHOT/maven-metadata.xml from/to codehaus-snapshots (https://nexus.codehaus.org/snapshots/): nexus.codehaus.org
[INFO] Downloading: https://oss.sonatype.org/content/repositories/snapshots/net/md-5/bungeecord-parent/1.10-SNAPSHOT/bungeecord-parent-1.10-20160928.232220-33.pom
[INFO] Downloaded: https://oss.sonatype.org/content/repositories/snapshots/net/md-5/bungeecord-parent/1.10-SNAPSHOT/bungeecord-parent-1.10-20160928.232220-33.pom (7 KB at 135.1 KB/sec)
[INFO] Downloading: http://repo.maven.apache.org/maven2/com/google/code/gson/gson/2.3.1/gson-2.3.1.pom
[INFO] Downloaded: http://repo.maven.apache.org/maven2/com/google/code/gson/gson/2.3.1/gson-2.3.1.pom (9 KB at 326.2 KB/sec)
[INFO] Downloading: http://repo.maven.apache.org/maven2/com/google/guava/guava/18.0/guava-18.0.pom
[INFO] Downloaded: http://repo.maven.apache.org/maven2/com/google/guava/guava/18.0/guava-18.0.pom (6 KB at 158.1 KB/sec)
[INFO] Downloading: http://repo.maven.apache.org/maven2/com/google/guava/guava-parent/18.0/guava-parent-18.0.pom
[INFO] Downloaded: http://repo.maven.apache.org/maven2/com/google/guava/guava-parent/18.0/guava-parent-18.0.pom (8 KB at 326.3 KB/sec)
[INFO] Downloading: https://oss.sonatype.org/content/repositories/snapshots/com/sk89q/worldguard/6.1.1-SNAPSHOT/maven-metadata.xml
[INFO] Downloading: https://repository.apache.org/snapshots/com/sk89q/worldguard/6.1.1-SNAPSHOT/maven-metadata.xml
[INFO] Downloading: https://nexus.codehaus.org/snapshots/com/sk89q/worldguard/6.1.1-SNAPSHOT/maven-metadata.xml
[INFO] Downloading: https://hub.spigotmc.org/nexus/content/repositories/snapshots/com/sk89q/worldguard/6.1.1-SNAPSHOT/maven-metadata.xml
[INFO] Downloading: http://maven.sk89q.com/repo/com/sk89q/worldguard/6.1.1-SNAPSHOT/maven-metadata.xml
[INFO] Downloaded: http://maven.sk89q.com/repo/com/sk89q/worldguard/6.1.1-SNAPSHOT/maven-metadata.xml (2 KB at 24.0 KB/sec)
[WARNING] Could not transfer metadata com.sk89q:worldguard:6.1.1-SNAPSHOT/maven-metadata.xml from/to codehaus-snapshots (https://nexus.codehaus.org/snapshots/): nexus.codehaus.org
[WARNING] Failure to transfer com.sk89q:worldguard:6.1.1-SNAPSHOT/maven-metadata.xml from https://nexus.codehaus.org/snapshots/ was cached in the local repository, resolution will not be reattempted until the update interval of codehaus-snapshots has elapsed or updates are forced. Original error: Could not transfer metadata com.sk89q:worldguard:6.1.1-SNAPSHOT/maven-metadata.xml from/to codehaus-snapshots (https://nexus.codehaus.org/snapshots/): nexus.codehaus.org
[INFO] Downloading: https://oss.sonatype.org/content/repositories/snapshots/com/sk89q/worldguard/6.1.1-SNAPSHOT/worldguard-6.1.1-20150928.003559-16.pom
[INFO] Downloading: https://repository.apache.org/snapshots/com/sk89q/worldguard/6.1.1-SNAPSHOT/worldguard-6.1.1-20150928.003559-16.pom
[INFO] Downloading: https://nexus.codehaus.org/snapshots/com/sk89q/worldguard/6.1.1-SNAPSHOT/worldguard-6.1.1-20150928.003559-16.pom
[INFO] Downloading: https://hub.spigotmc.org/nexus/content/repositories/snapshots/com/sk89q/worldguard/6.1.1-SNAPSHOT/worldguard-6.1.1-20150928.003559-16.pom
[INFO] Downloading: http://maven.sk89q.com/repo/com/sk89q/worldguard/6.1.1-SNAPSHOT/worldguard-6.1.1-20150928.003559-16.pom
[INFO] Downloaded: http://maven.sk89q.com/repo/com/sk89q/worldguard/6.1.1-SNAPSHOT/worldguard-6.1.1-20150928.003559-16.pom (14 KB at 233.7 KB/sec)
[INFO] Downloading: http://repo.maven.apache.org/maven2/com/sk89q/worldedit/5.5.8/worldedit-5.5.8.pom
[INFO] Downloading: https://oss.sonatype.org/content/repositories/releases/com/sk89q/worldedit/5.5.8/worldedit-5.5.8.pom
[INFO] Downloading: https://repository.apache.org/releases/com/sk89q/worldedit/5.5.8/worldedit-5.5.8.pom
[INFO] Downloading: https://hub.spigotmc.org/nexus/content/repositories/snapshots/com/sk89q/worldedit/5.5.8/worldedit-5.5.8.pom
[INFO] Downloading: http://maven.sk89q.com/repo/com/sk89q/worldedit/5.5.8/worldedit-5.5.8.pom
[INFO] Downloaded: http://maven.sk89q.com/repo/com/sk89q/worldedit/5.5.8/worldedit-5.5.8.pom (13 KB at 249.9 KB/sec)
[INFO] Downloading: http://repo.maven.apache.org/maven2/de/schlichtherle/truezip/6.8.3/truezip-6.8.3.pom
[INFO] Downloaded: http://repo.maven.apache.org/maven2/de/schlichtherle/truezip/6.8.3/truezip-6.8.3.pom (5 KB at 170.3 KB/sec)
[INFO] Downloading: http://repo.maven.apache.org/maven2/de/schlichtherle/asl20-oss-parent/13/asl20-oss-parent-13.pom
[INFO] Downloaded: http://repo.maven.apache.org/maven2/de/schlichtherle/asl20-oss-parent/13/asl20-oss-parent-13.pom (10 KB at 386.1 KB/sec)
[INFO] Downloading: http://repo.maven.apache.org/maven2/rhino/js/1.7R2/js-1.7R2.pom
[INFO] Downloaded: http://repo.maven.apache.org/maven2/rhino/js/1.7R2/js-1.7R2.pom (832 B at 36.9 KB/sec)
[INFO] Downloading: http://repo.maven.apache.org/maven2/com/sk89q/jchronic/0.2.4a/jchronic-0.2.4a.pom
[INFO] Downloading: https://oss.sonatype.org/content/repositories/releases/com/sk89q/jchronic/0.2.4a/jchronic-0.2.4a.pom
[INFO] Downloading: https://repository.apache.org/releases/com/sk89q/jchronic/0.2.4a/jchronic-0.2.4a.pom
[INFO] Downloading: https://hub.spigotmc.org/nexus/content/repositories/snapshots/com/sk89q/jchronic/0.2.4a/jchronic-0.2.4a.pom
[INFO] Downloading: http://maven.sk89q.com/repo/com/sk89q/jchronic/0.2.4a/jchronic-0.2.4a.pom
[WARNING] Could not validate integrity of download from http://maven.sk89q.com/repo/com/sk89q/jchronic/0.2.4a/jchronic-0.2.4a.pom: Checksum validation failed, no checksums available
[WARNING] Checksum validation failed, no checksums available for http://maven.sk89q.com/repo/com/sk89q/jchronic/0.2.4a/jchronic-0.2.4a.pom
[INFO] Downloaded: http://maven.sk89q.com/repo/com/sk89q/jchronic/0.2.4a/jchronic-0.2.4a.pom (2 KB at 18.4 KB/sec)
[INFO] Downloading: http://repo.maven.apache.org/maven2/junit/junit/4.8.1/junit-4.8.1.pom
[INFO] Downloaded: http://repo.maven.apache.org/maven2/junit/junit/4.8.1/junit-4.8.1.pom (949 B at 33.1 KB/sec)
[INFO] Downloading: https://oss.sonatype.org/content/repositories/snapshots/com/sk89q/spigot/bukkit-classloader-check/1.8-R0.1-SNAPSHOT/maven-metadata.xml
[INFO] Downloading: https://repository.apache.org/snapshots/com/sk89q/spigot/bukkit-classloader-check/1.8-R0.1-SNAPSHOT/maven-metadata.xml
[INFO] Downloading: https://nexus.codehaus.org/snapshots/com/sk89q/spigot/bukkit-classloader-check/1.8-R0.1-SNAPSHOT/maven-metadata.xml
[INFO] Downloading: https://hub.spigotmc.org/nexus/content/repositories/snapshots/com/sk89q/spigot/bukkit-classloader-check/1.8-R0.1-SNAPSHOT/maven-metadata.xml
[INFO] Downloading: http://maven.sk89q.com/repo/com/sk89q/spigot/bukkit-classloader-check/1.8-R0.1-SNAPSHOT/maven-metadata.xml
[INFO] Downloading: http://maven.sk89q.com/repo/com/sk89q/spigot/bukkit-classloader-check/1.8-R0.1-SNAPSHOT/maven-metadata.xml
[INFO] Downloaded: http://maven.sk89q.com/repo/com/sk89q/spigot/bukkit-classloader-check/1.8-R0.1-SNAPSHOT/maven-metadata.xml (787 B at 11.5 KB/sec)
[INFO] Downloaded: http://maven.sk89q.com/repo/com/sk89q/spigot/bukkit-classloader-check/1.8-R0.1-SNAPSHOT/maven-metadata.xml (787 B at 8.8 KB/sec)
[WARNING] Could not transfer metadata com.sk89q.spigot:bukkit-classloader-check:1.8-R0.1-SNAPSHOT/maven-metadata.xml from/to codehaus-snapshots (https://nexus.codehaus.org/snapshots/): nexus.codehaus.org
[WARNING] Failure to transfer com.sk89q.spigot:bukkit-classloader-check:1.8-R0.1-SNAPSHOT/maven-metadata.xml from https://nexus.codehaus.org/snapshots/ was cached in the local repository, resolution will not be reattempted until the update interval of codehaus-snapshots has elapsed or updates are forced. Original error: Could not transfer metadata com.sk89q.spigot:bukkit-classloader-check:1.8-R0.1-SNAPSHOT/maven-metadata.xml from/to codehaus-snapshots (https://nexus.codehaus.org/snapshots/): nexus.codehaus.org
[INFO] Downloading: https://oss.sonatype.org/content/repositories/snapshots/com/sk89q/spigot/bukkit-classloader-check/1.8-R0.1-SNAPSHOT/bukkit-classloader-check-1.8-R0.1-20150203.002820-2.pom
[INFO] Downloading: https://repository.apache.org/snapshots/com/sk89q/spigot/bukkit-classloader-check/1.8-R0.1-SNAPSHOT/bukkit-classloader-check-1.8-R0.1-20150203.002820-2.pom
[INFO] Downloading: https://nexus.codehaus.org/snapshots/com/sk89q/spigot/bukkit-classloader-check/1.8-R0.1-SNAPSHOT/bukkit-classloader-check-1.8-R0.1-20150203.002820-2.pom
[INFO] Downloading: https://hub.spigotmc.org/nexus/content/repositories/snapshots/com/sk89q/spigot/bukkit-classloader-check/1.8-R0.1-SNAPSHOT/bukkit-classloader-check-1.8-R0.1-20150203.002820-2.pom
[INFO] Downloading: http://maven.sk89q.com/repo/com/sk89q/spigot/bukkit-classloader-check/1.8-R0.1-SNAPSHOT/bukkit-classloader-check-1.8-R0.1-20150203.002820-2.pom
[INFO] Downloaded: http://maven.sk89q.com/repo/com/sk89q/spigot/bukkit-classloader-check/1.8-R0.1-SNAPSHOT/bukkit-classloader-check-1.8-R0.1-20150203.002820-2.pom (6 KB at 111.4 KB/sec)
[INFO] Downloading: http://repo.maven.apache.org/maven2/org/yaml/snakeyaml/1.14/snakeyaml-1.14.pom
[INFO] Downloaded: http://repo.maven.apache.org/maven2/org/yaml/snakeyaml/1.14/snakeyaml-1.14.pom (24 KB at 749.3 KB/sec)
[INFO] Downloading: https://oss.sonatype.org/content/repositories/snapshots/org/bukkit/bukkit/1.8.6-R0.1-SNAPSHOT/maven-metadata.xml
[INFO] Downloading: https://repository.apache.org/snapshots/org/bukkit/bukkit/1.8.6-R0.1-SNAPSHOT/maven-metadata.xml
[INFO] Downloading: https://nexus.codehaus.org/snapshots/org/bukkit/bukkit/1.8.6-R0.1-SNAPSHOT/maven-metadata.xml
[INFO] Downloading: http://maven.sk89q.com/repo/org/bukkit/bukkit/1.8.6-R0.1-SNAPSHOT/maven-metadata.xml
[INFO] Downloading: http://maven.sk89q.com/repo/org/bukkit/bukkit/1.8.6-R0.1-SNAPSHOT/maven-metadata.xml
[INFO] Downloading: https://hub.spigotmc.org/nexus/content/repositories/snapshots/org/bukkit/bukkit/1.8.6-R0.1-SNAPSHOT/maven-metadata.xml
[INFO] Downloaded: https://hub.spigotmc.org/nexus/content/repositories/snapshots/org/bukkit/bukkit/1.8.6-R0.1-SNAPSHOT/maven-metadata.xml (2 KB at 30.6 KB/sec)
[WARNING] Could not transfer metadata org.bukkit:bukkit:1.8.6-R0.1-SNAPSHOT/maven-metadata.xml from/to codehaus-snapshots (https://nexus.codehaus.org/snapshots/): nexus.codehaus.org
[WARNING] Failure to transfer org.bukkit:bukkit:1.8.6-R0.1-SNAPSHOT/maven-metadata.xml from https://nexus.codehaus.org/snapshots/ was cached in the local repository, resolution will not be reattempted until the update interval of codehaus-snapshots has elapsed or updates are forced. Original error: Could not transfer metadata org.bukkit:bukkit:1.8.6-R0.1-SNAPSHOT/maven-metadata.xml from/to codehaus-snapshots (https://nexus.codehaus.org/snapshots/): nexus.codehaus.org
[INFO] Downloading: https://oss.sonatype.org/content/repositories/snapshots/org/bukkit/bukkit/1.8.6-R0.1-SNAPSHOT/bukkit-1.8.6-R0.1-20150605.095643-24.pom
[INFO] Downloading: https://repository.apache.org/snapshots/org/bukkit/bukkit/1.8.6-R0.1-SNAPSHOT/bukkit-1.8.6-R0.1-20150605.095643-24.pom
[INFO] Downloading: https://nexus.codehaus.org/snapshots/org/bukkit/bukkit/1.8.6-R0.1-SNAPSHOT/bukkit-1.8.6-R0.1-20150605.095643-24.pom
[INFO] Downloading: https://hub.spigotmc.org/nexus/content/repositories/snapshots/org/bukkit/bukkit/1.8.6-R0.1-SNAPSHOT/bukkit-1.8.6-R0.1-20150605.095643-24.pom
[INFO] Downloaded: https://hub.spigotmc.org/nexus/content/repositories/snapshots/org/bukkit/bukkit/1.8.6-R0.1-SNAPSHOT/bukkit-1.8.6-R0.1-20150605.095643-24.pom (7 KB at 152.6 KB/sec)
[INFO] Downloading: http://repo.maven.apache.org/maven2/com/sk89q/commandbook/2.3/commandbook-2.3.pom
[INFO] Downloading: https://oss.sonatype.org/content/repositories/releases/com/sk89q/commandbook/2.3/commandbook-2.3.pom
[INFO] Downloading: https://repository.apache.org/releases/com/sk89q/commandbook/2.3/commandbook-2.3.pom
[INFO] Downloading: https://hub.spigotmc.org/nexus/content/repositories/snapshots/com/sk89q/commandbook/2.3/commandbook-2.3.pom
[INFO] Downloading: http://maven.sk89q.com/repo/com/sk89q/commandbook/2.3/commandbook-2.3.pom
[INFO] Downloaded: http://maven.sk89q.com/repo/com/sk89q/commandbook/2.3/commandbook-2.3.pom (7 KB at 118.5 KB/sec)
[INFO] Downloading: http://repo.maven.apache.org/maven2/com/sk89q/worldedit/5.5.6/worldedit-5.5.6.pom
[INFO] Downloading: https://oss.sonatype.org/content/repositories/releases/com/sk89q/worldedit/5.5.6/worldedit-5.5.6.pom
[INFO] Downloading: https://repository.apache.org/releases/com/sk89q/worldedit/5.5.6/worldedit-5.5.6.pom
[INFO] Downloading: https://hub.spigotmc.org/nexus/content/repositories/snapshots/com/sk89q/worldedit/5.5.6/worldedit-5.5.6.pom
[INFO] Downloading: http://maven.sk89q.com/repo/com/sk89q/worldedit/5.5.6/worldedit-5.5.6.pom
[INFO] Downloaded: http://maven.sk89q.com/repo/com/sk89q/worldedit/5.5.6/worldedit-5.5.6.pom (12 KB at 249.6 KB/sec)
[INFO] Downloading: http://repo.maven.apache.org/maven2/net/sf/opencsv/opencsv/2.0/opencsv-2.0.pom
[INFO] Downloaded: http://repo.maven.apache.org/maven2/net/sf/opencsv/opencsv/2.0/opencsv-2.0.pom (6 KB at 185.5 KB/sec)
[INFO] Downloading: http://repo.maven.apache.org/maven2/com/google/code/findbugs/jsr305/1.3.9/jsr305-1.3.9.pom
[INFO] Downloaded: http://repo.maven.apache.org/maven2/com/google/code/findbugs/jsr305/1.3.9/jsr305-1.3.9.pom (965 B at 44.9 KB/sec)
[INFO] Downloading: https://oss.sonatype.org/content/repositories/snapshots/com/sk89q/worldedit/worldedit-bukkit/6.1.4-SNAPSHOT/maven-metadata.xml
[INFO] Downloading: https://repository.apache.org/snapshots/com/sk89q/worldedit/worldedit-bukkit/6.1.4-SNAPSHOT/maven-metadata.xml
[INFO] Downloading: https://nexus.codehaus.org/snapshots/com/sk89q/worldedit/worldedit-bukkit/6.1.4-SNAPSHOT/maven-metadata.xml
[INFO] Downloading: https://hub.spigotmc.org/nexus/content/repositories/snapshots/com/sk89q/worldedit/worldedit-bukkit/6.1.4-SNAPSHOT/maven-metadata.xml
[INFO] Downloading: http://maven.sk89q.com/repo/com/sk89q/worldedit/worldedit-bukkit/6.1.4-SNAPSHOT/maven-metadata.xml
[INFO] Downloaded: http://maven.sk89q.com/repo/com/sk89q/worldedit/worldedit-bukkit/6.1.4-SNAPSHOT/maven-metadata.xml (2 KB at 21.3 KB/sec)
[WARNING] Could not transfer metadata com.sk89q.worldedit:worldedit-bukkit:6.1.4-SNAPSHOT/maven-metadata.xml from/to codehaus-snapshots (https://nexus.codehaus.org/snapshots/): nexus.codehaus.org
[WARNING] Failure to transfer com.sk89q.worldedit:worldedit-bukkit:6.1.4-SNAPSHOT/maven-metadata.xml from https://nexus.codehaus.org/snapshots/ was cached in the local repository, resolution will not be reattempted until the update interval of codehaus-snapshots has elapsed or updates are forced. Original error: Could not transfer metadata com.sk89q.worldedit:worldedit-bukkit:6.1.4-SNAPSHOT/maven-metadata.xml from/to codehaus-snapshots (https://nexus.codehaus.org/snapshots/): nexus.codehaus.org
[INFO] Downloading: https://oss.sonatype.org/content/repositories/snapshots/com/sk89q/worldedit/worldedit-bukkit/6.1.4-SNAPSHOT/worldedit-bukkit-6.1.4-20160806.113546-4.pom
[INFO] Downloading: https://repository.apache.org/snapshots/com/sk89q/worldedit/worldedit-bukkit/6.1.4-SNAPSHOT/worldedit-bukkit-6.1.4-20160806.113546-4.pom
[INFO] Downloading: https://nexus.codehaus.org/snapshots/com/sk89q/worldedit/worldedit-bukkit/6.1.4-SNAPSHOT/worldedit-bukkit-6.1.4-20160806.113546-4.pom
[INFO] Downloading: https://hub.spigotmc.org/nexus/content/repositories/snapshots/com/sk89q/worldedit/worldedit-bukkit/6.1.4-SNAPSHOT/worldedit-bukkit-6.1.4-20160806.113546-4.pom
[INFO] Downloading: http://maven.sk89q.com/repo/com/sk89q/worldedit/worldedit-bukkit/6.1.4-SNAPSHOT/worldedit-bukkit-6.1.4-20160806.113546-4.pom
[INFO] Downloaded: http://maven.sk89q.com/repo/com/sk89q/worldedit/worldedit-bukkit/6.1.4-SNAPSHOT/worldedit-bukkit-6.1.4-20160806.113546-4.pom (2 KB at 24.3 KB/sec)
[INFO] Downloading: https://oss.sonatype.org/content/repositories/snapshots/org/bukkit/bukkit/1.9.4-R0.1-SNAPSHOT/maven-metadata.xml
[INFO] Downloading: https://repository.apache.org/snapshots/org/bukkit/bukkit/1.9.4-R0.1-SNAPSHOT/maven-metadata.xml
[INFO] Downloading: https://nexus.codehaus.org/snapshots/org/bukkit/bukkit/1.9.4-R0.1-SNAPSHOT/maven-metadata.xml
[INFO] Downloading: http://maven.sk89q.com/repo/org/bukkit/bukkit/1.9.4-R0.1-SNAPSHOT/maven-metadata.xml
[INFO] Downloading: https://hub.spigotmc.org/nexus/content/repositories/snapshots/org/bukkit/bukkit/1.9.4-R0.1-SNAPSHOT/maven-metadata.xml
[INFO] Downloaded: https://hub.spigotmc.org/nexus/content/repositories/snapshots/org/bukkit/bukkit/1.9.4-R0.1-SNAPSHOT/maven-metadata.xml (2 KB at 22.7 KB/sec)
[WARNING] Could not transfer metadata org.bukkit:bukkit:1.9.4-R0.1-SNAPSHOT/maven-metadata.xml from/to codehaus-snapshots (https://nexus.codehaus.org/snapshots/): nexus.codehaus.org
[WARNING] Failure to transfer org.bukkit:bukkit:1.9.4-R0.1-SNAPSHOT/maven-metadata.xml from https://nexus.codehaus.org/snapshots/ was cached in the local repository, resolution will not be reattempted until the update interval of codehaus-snapshots has elapsed or updates are forced. Original error: Could not transfer metadata org.bukkit:bukkit:1.9.4-R0.1-SNAPSHOT/maven-metadata.xml from/to codehaus-snapshots (https://nexus.codehaus.org/snapshots/): nexus.codehaus.org
[INFO] Downloading: https://oss.sonatype.org/content/repositories/snapshots/org/bukkit/bukkit/1.9.4-R0.1-SNAPSHOT/bukkit-1.9.4-R0.1-20160603.113520-25.pom
[INFO] Downloading: https://repository.apache.org/snapshots/org/bukkit/bukkit/1.9.4-R0.1-SNAPSHOT/bukkit-1.9.4-R0.1-20160603.113520-25.pom
[INFO] Downloading: https://nexus.codehaus.org/snapshots/org/bukkit/bukkit/1.9.4-R0.1-SNAPSHOT/bukkit-1.9.4-R0.1-20160603.113520-25.pom
[INFO] Downloading: https://hub.spigotmc.org/nexus/content/repositories/snapshots/org/bukkit/bukkit/1.9.4-R0.1-SNAPSHOT/bukkit-1.9.4-R0.1-20160603.113520-25.pom
[INFO] Downloaded: https://hub.spigotmc.org/nexus/content/repositories/snapshots/org/bukkit/bukkit/1.9.4-R0.1-SNAPSHOT/bukkit-1.9.4-R0.1-20160603.113520-25.pom (7 KB at 138.8 KB/sec)
[INFO] Downloading: http://repo.maven.apache.org/maven2/com/sk89q/dummypermscompat/1.8/dummypermscompat-1.8.pom
[INFO] Downloading: https://oss.sonatype.org/content/repositories/releases/com/sk89q/dummypermscompat/1.8/dummypermscompat-1.8.pom
[INFO] Downloading: https://repository.apache.org/releases/com/sk89q/dummypermscompat/1.8/dummypermscompat-1.8.pom
[INFO] Downloading: https://hub.spigotmc.org/nexus/content/repositories/snapshots/com/sk89q/dummypermscompat/1.8/dummypermscompat-1.8.pom
[INFO] Downloading: http://maven.sk89q.com/repo/com/sk89q/dummypermscompat/1.8/dummypermscompat-1.8.pom
[INFO] Downloaded: http://maven.sk89q.com/repo/com/sk89q/dummypermscompat/1.8/dummypermscompat-1.8.pom (2 KB at 28.0 KB/sec)
[INFO] Downloading: https://oss.sonatype.org/content/repositories/snapshots/com/sk89q/worldedit/worldedit-core/6.1.4-SNAPSHOT/maven-metadata.xml
[INFO] Downloading: https://repository.apache.org/snapshots/com/sk89q/worldedit/worldedit-core/6.1.4-SNAPSHOT/maven-metadata.xml
[INFO] Downloading: https://nexus.codehaus.org/snapshots/com/sk89q/worldedit/worldedit-core/6.1.4-SNAPSHOT/maven-metadata.xml
[INFO] Downloading: http://maven.sk89q.com/repo/com/sk89q/worldedit/worldedit-core/6.1.4-SNAPSHOT/maven-metadata.xml
[INFO] Downloading: https://hub.spigotmc.org/nexus/content/repositories/snapshots/com/sk89q/worldedit/worldedit-core/6.1.4-SNAPSHOT/maven-metadata.xml
[INFO] Downloaded: http://maven.sk89q.com/repo/com/sk89q/worldedit/worldedit-core/6.1.4-SNAPSHOT/maven-metadata.xml (2 KB at 20.9 KB/sec)
[WARNING] Could not transfer metadata com.sk89q.worldedit:worldedit-core:6.1.4-SNAPSHOT/maven-metadata.xml from/to codehaus-snapshots (https://nexus.codehaus.org/snapshots/): nexus.codehaus.org
[WARNING] Failure to transfer com.sk89q.worldedit:worldedit-core:6.1.4-SNAPSHOT/maven-metadata.xml from https://nexus.codehaus.org/snapshots/ was cached in the local repository, resolution will not be reattempted until the update interval of codehaus-snapshots has elapsed or updates are forced. Original error: Could not transfer metadata com.sk89q.worldedit:worldedit-core:6.1.4-SNAPSHOT/maven-metadata.xml from/to codehaus-snapshots (https://nexus.codehaus.org/snapshots/): nexus.codehaus.org
[INFO] Downloading: https://oss.sonatype.org/content/repositories/snapshots/com/sk89q/worldedit/worldedit-core/6.1.4-SNAPSHOT/worldedit-core-6.1.4-20160806.113546-4.pom
[INFO] Downloading: https://repository.apache.org/snapshots/com/sk89q/worldedit/worldedit-core/6.1.4-SNAPSHOT/worldedit-core-6.1.4-20160806.113546-4.pom
[INFO] Downloading: https://nexus.codehaus.org/snapshots/com/sk89q/worldedit/worldedit-core/6.1.4-SNAPSHOT/worldedit-core-6.1.4-20160806.113546-4.pom
[INFO] Downloading: https://hub.spigotmc.org/nexus/content/repositories/snapshots/com/sk89q/worldedit/worldedit-core/6.1.4-SNAPSHOT/worldedit-core-6.1.4-20160806.113546-4.pom
[INFO] Downloading: http://maven.sk89q.com/repo/com/sk89q/worldedit/worldedit-core/6.1.4-SNAPSHOT/worldedit-core-6.1.4-20160806.113546-4.pom
[INFO] Downloaded: http://maven.sk89q.com/repo/com/sk89q/worldedit/worldedit-core/6.1.4-SNAPSHOT/worldedit-core-6.1.4-20160806.113546-4.pom (3 KB at 43.4 KB/sec)
[INFO] Downloading: http://repo.maven.apache.org/maven2/org/yaml/snakeyaml/1.9/snakeyaml-1.9.pom
[INFO] Downloaded: http://repo.maven.apache.org/maven2/org/yaml/snakeyaml/1.9/snakeyaml-1.9.pom (15 KB at 401.6 KB/sec)
[INFO] Downloading: http://repo.maven.apache.org/maven2/com/thoughtworks/paranamer/paranamer/2.6/paranamer-2.6.pom
[INFO] Downloaded: http://repo.maven.apache.org/maven2/com/thoughtworks/paranamer/paranamer/2.6/paranamer-2.6.pom (5 KB at 203.2 KB/sec)
[INFO] Downloading: http://repo.maven.apache.org/maven2/com/thoughtworks/paranamer/paranamer-parent/2.6/paranamer-parent-2.6.pom
[INFO] Downloaded: http://repo.maven.apache.org/maven2/com/thoughtworks/paranamer/paranamer-parent/2.6/paranamer-parent-2.6.pom (11 KB at 478.2 KB/sec)
[INFO] Downloading: http://repo.maven.apache.org/maven2/org/codehaus/codehaus-parent/4/codehaus-parent-4.pom
[INFO] Downloaded: http://repo.maven.apache.org/maven2/org/codehaus/codehaus-parent/4/codehaus-parent-4.pom (5 KB at 235.4 KB/sec)
[INFO] Downloading: http://repo.maven.apache.org/maven2/com/sk89q/lib/jlibnoise/1.0.0/jlibnoise-1.0.0.pom
[INFO] Downloading: https://oss.sonatype.org/content/repositories/releases/com/sk89q/lib/jlibnoise/1.0.0/jlibnoise-1.0.0.pom
[INFO] Downloading: https://repository.apache.org/releases/com/sk89q/lib/jlibnoise/1.0.0/jlibnoise-1.0.0.pom
[INFO] Downloading: https://hub.spigotmc.org/nexus/content/repositories/snapshots/com/sk89q/lib/jlibnoise/1.0.0/jlibnoise-1.0.0.pom
[INFO] Downloading: http://maven.sk89q.com/repo/com/sk89q/lib/jlibnoise/1.0.0/jlibnoise-1.0.0.pom
[INFO] Downloaded: http://maven.sk89q.com/repo/com/sk89q/lib/jlibnoise/1.0.0/jlibnoise-1.0.0.pom (3 KB at 41.1 KB/sec)
[INFO] Downloading: http://repo.maven.apache.org/maven2/com/google/guava/guava/19.0/guava-19.0.pom
[INFO] Downloaded: http://repo.maven.apache.org/maven2/com/google/guava/guava/19.0/guava-19.0.pom (7 KB at 236.9 KB/sec)
[INFO] Downloading: http://repo.maven.apache.org/maven2/com/google/guava/guava-parent/19.0/guava-parent-19.0.pom
[INFO] Downloaded: http://repo.maven.apache.org/maven2/com/google/guava/guava-parent/19.0/guava-parent-19.0.pom (10 KB at 438.4 KB/sec)
[INFO] Downloading: https://hub.spigotmc.org/nexus/content/repositories/snapshots/org/spigotmc/spigot-api/1.10.2-R0.1-SNAPSHOT/spigot-api-1.10.2-R0.1-20161003.062305-73.jar
[INFO] Downloading: https://hub.spigotmc.org/nexus/content/repositories/snapshots/org/bukkit/bukkit/1.8.6-R0.1-SNAPSHOT/bukkit-1.8.6-R0.1-20150605.095643-24.jar
[INFO] Downloaded: https://hub.spigotmc.org/nexus/content/repositories/snapshots/org/bukkit/bukkit/1.8.6-R0.1-SNAPSHOT/bukkit-1.8.6-R0.1-20150605.095643-24.jar (814 KB at 6352.2 KB/sec)
[INFO] Downloaded: https://hub.spigotmc.org/nexus/content/repositories/snapshots/org/spigotmc/spigot-api/1.10.2-R0.1-SNAPSHOT/spigot-api-1.10.2-R0.1-20161003.062305-73.jar (922 KB at 5093.0 KB/sec)
[INFO] Downloading: http://repo.maven.apache.org/maven2/commons-lang/commons-lang/2.6/commons-lang-2.6.jar
[INFO] Downloading: http://repo.maven.apache.org/maven2/com/google/code/gson/gson/2.2.4/gson-2.2.4.jar
[INFO] Downloading: http://repo.maven.apache.org/maven2/org/avaje/ebean/2.8.1/ebean-2.8.1.jar
[INFO] Downloading: http://repo.maven.apache.org/maven2/javax/persistence/persistence-api/1.0/persistence-api-1.0.jar
[INFO] Downloading: http://repo.maven.apache.org/maven2/org/yaml/snakeyaml/1.15/snakeyaml-1.15.jar
[INFO] Downloaded: http://repo.maven.apache.org/maven2/commons-lang/commons-lang/2.6/commons-lang-2.6.jar (278 KB at 5046.5 KB/sec)
[INFO] Downloading: http://repo.maven.apache.org/maven2/com/sk89q/worldedit/5.5.8/worldedit-5.5.8.jar
[INFO] Downloaded: http://repo.maven.apache.org/maven2/javax/persistence/persistence-api/1.0/persistence-api-1.0.jar (51 KB at 909.4 KB/sec)
[INFO] Downloading: http://repo.maven.apache.org/maven2/de/schlichtherle/truezip/6.8.3/truezip-6.8.3.jar
[INFO] Downloaded: http://repo.maven.apache.org/maven2/com/google/code/gson/gson/2.2.4/gson-2.2.4.jar (186 KB at 3048.7 KB/sec)
[INFO] Downloading: http://repo.maven.apache.org/maven2/rhino/js/1.7R2/js-1.7R2.jar
[INFO] Downloading: http://repo.maven.apache.org/maven2/com/sk89q/jchronic/0.2.4a/jchronic-0.2.4a.jar
[INFO] Downloading: http://repo.maven.apache.org/maven2/com/sk89q/commandbook/2.3/commandbook-2.3.jar
[INFO] Downloading: http://repo.maven.apache.org/maven2/net/sf/opencsv/opencsv/2.0/opencsv-2.0.jar
[INFO] Downloaded: http://repo.maven.apache.org/maven2/de/schlichtherle/truezip/6.8.3/truezip-6.8.3.jar (469 KB at 4381.9 KB/sec)
[INFO] Downloading: http://repo.maven.apache.org/maven2/com/google/code/findbugs/jsr305/1.3.9/jsr305-1.3.9.jar
[INFO] Downloaded: http://repo.maven.apache.org/maven2/org/yaml/snakeyaml/1.15/snakeyaml-1.15.jar (263 KB at 2435.0 KB/sec)
[INFO] Downloading: http://repo.maven.apache.org/maven2/com/sk89q/dummypermscompat/1.8/dummypermscompat-1.8.jar
[INFO] Downloaded: http://repo.maven.apache.org/maven2/rhino/js/1.7R2/js-1.7R2.jar (851 KB at 6544.9 KB/sec)
[INFO] Downloading: http://repo.maven.apache.org/maven2/com/thoughtworks/paranamer/paranamer/2.6/paranamer-2.6.jar
[INFO] Downloading: http://repo.maven.apache.org/maven2/com/sk89q/lib/jlibnoise/1.0.0/jlibnoise-1.0.0.jar
[INFO] Downloaded: http://repo.maven.apache.org/maven2/org/avaje/ebean/2.8.1/ebean-2.8.1.jar (1821 KB at 13385.3 KB/sec)
[INFO] Downloading: http://repo.maven.apache.org/maven2/com/google/guava/guava/19.0/guava-19.0.jar
[INFO] Downloaded: http://repo.maven.apache.org/maven2/com/google/code/findbugs/jsr305/1.3.9/jsr305-1.3.9.jar (33 KB at 228.7 KB/sec)
[INFO] Downloading: http://repo.maven.apache.org/maven2/com/googlecode/json-simple/json-simple/1.1.1/json-simple-1.1.1.jar
[INFO] Downloaded: http://repo.maven.apache.org/maven2/net/sf/opencsv/opencsv/2.0/opencsv-2.0.jar (15 KB at 98.0 KB/sec)
[INFO] Downloading: http://repo.maven.apache.org/maven2/junit/junit/4.10/junit-4.10.jar
[INFO] Downloading: http://repo.maven.apache.org/maven2/org/hamcrest/hamcrest-core/1.1/hamcrest-core-1.1.jar
[INFO] Downloaded: http://repo.maven.apache.org/maven2/com/thoughtworks/paranamer/paranamer/2.6/paranamer-2.6.jar (33 KB at 208.0 KB/sec)
[INFO] Downloaded: http://repo.maven.apache.org/maven2/com/googlecode/json-simple/json-simple/1.1.1/json-simple-1.1.1.jar (24 KB at 140.8 KB/sec)
[INFO] Downloaded: http://repo.maven.apache.org/maven2/org/hamcrest/hamcrest-core/1.1/hamcrest-core-1.1.jar (75 KB at 396.0 KB/sec)
[INFO] Downloaded: http://repo.maven.apache.org/maven2/junit/junit/4.10/junit-4.10.jar (248 KB at 1248.6 KB/sec)
[INFO] Downloaded: http://repo.maven.apache.org/maven2/com/google/guava/guava/19.0/guava-19.0.jar (2255 KB at 10735.3 KB/sec)
[INFO] Downloading: https://oss.sonatype.org/content/repositories/releases/com/sk89q/worldedit/5.5.8/worldedit-5.5.8.jar
[INFO] Downloading: https://oss.sonatype.org/content/repositories/releases/com/sk89q/jchronic/0.2.4a/jchronic-0.2.4a.jar
[INFO] Downloading: https://oss.sonatype.org/content/repositories/releases/com/sk89q/commandbook/2.3/commandbook-2.3.jar
[INFO] Downloading: https://oss.sonatype.org/content/repositories/releases/com/sk89q/dummypermscompat/1.8/dummypermscompat-1.8.jar
[INFO] Downloading: https://oss.sonatype.org/content/repositories/releases/com/sk89q/lib/jlibnoise/1.0.0/jlibnoise-1.0.0.jar
[INFO] Downloading: https://repository.apache.org/releases/com/sk89q/worldedit/5.5.8/worldedit-5.5.8.jar
[INFO] Downloading: https://repository.apache.org/releases/com/sk89q/jchronic/0.2.4a/jchronic-0.2.4a.jar
[INFO] Downloading: https://repository.apache.org/releases/com/sk89q/commandbook/2.3/commandbook-2.3.jar
[INFO] Downloading: https://repository.apache.org/releases/com/sk89q/dummypermscompat/1.8/dummypermscompat-1.8.jar
[INFO] Downloading: https://repository.apache.org/releases/com/sk89q/lib/jlibnoise/1.0.0/jlibnoise-1.0.0.jar
[INFO] Downloading: https://hub.spigotmc.org/nexus/content/repositories/snapshots/com/sk89q/worldedit/5.5.8/worldedit-5.5.8.jar
[INFO] Downloading: https://hub.spigotmc.org/nexus/content/repositories/snapshots/com/sk89q/jchronic/0.2.4a/jchronic-0.2.4a.jar
[INFO] Downloading: https://hub.spigotmc.org/nexus/content/repositories/snapshots/com/sk89q/commandbook/2.3/commandbook-2.3.jar
[INFO] Downloading: https://hub.spigotmc.org/nexus/content/repositories/snapshots/com/sk89q/dummypermscompat/1.8/dummypermscompat-1.8.jar
[INFO] Downloading: https://hub.spigotmc.org/nexus/content/repositories/snapshots/com/sk89q/lib/jlibnoise/1.0.0/jlibnoise-1.0.0.jar
[INFO] Downloading: http://maven.sk89q.com/repo/com/sk89q/worldguard/6.1.1-SNAPSHOT/worldguard-6.1.1-20150928.003559-16.jar
[INFO] Downloading: http://maven.sk89q.com/repo/com/sk89q/worldedit/5.5.8/worldedit-5.5.8.jar
[INFO] Downloading: http://maven.sk89q.com/repo/com/sk89q/jchronic/0.2.4a/jchronic-0.2.4a.jar
[INFO] Downloading: http://maven.sk89q.com/repo/com/sk89q/spigot/bukkit-classloader-check/1.8-R0.1-SNAPSHOT/bukkit-classloader-check-1.8-R0.1-20150203.002820-2.jar
[INFO] Downloading: http://maven.sk89q.com/repo/com/sk89q/commandbook/2.3/commandbook-2.3.jar
[INFO] Downloaded: http://maven.sk89q.com/repo/com/sk89q/spigot/bukkit-classloader-check/1.8-R0.1-SNAPSHOT/bukkit-classloader-check-1.8-R0.1-20150203.002820-2.jar (13 KB at 207.1 KB/sec)
[INFO] Downloading: http://maven.sk89q.com/repo/com/sk89q/worldedit/worldedit-bukkit/6.1.4-SNAPSHOT/worldedit-bukkit-6.1.4-20160806.113546-4.jar
[INFO] Downloaded: http://maven.sk89q.com/repo/com/sk89q/worldedit/5.5.8/worldedit-5.5.8.jar (841 KB at 6669.3 KB/sec)
[INFO] Downloading: http://maven.sk89q.com/repo/com/sk89q/dummypermscompat/1.8/dummypermscompat-1.8.jar
[INFO] Downloaded: http://maven.sk89q.com/repo/com/sk89q/worldedit/worldedit-bukkit/6.1.4-SNAPSHOT/worldedit-bukkit-6.1.4-20160806.113546-4.jar (174 KB at 1379.9 KB/sec)
[INFO] Downloading: http://maven.sk89q.com/repo/com/sk89q/worldedit/worldedit-core/6.1.4-SNAPSHOT/worldedit-core-6.1.4-20160806.113546-4.jar
[INFO] Downloaded: http://maven.sk89q.com/repo/com/sk89q/commandbook/2.3/commandbook-2.3.jar (333 KB at 2499.2 KB/sec)
[INFO] Downloading: http://maven.sk89q.com/repo/com/sk89q/lib/jlibnoise/1.0.0/jlibnoise-1.0.0.jar
[WARNING] Could not validate integrity of download from http://maven.sk89q.com/repo/com/sk89q/jchronic/0.2.4a/jchronic-0.2.4a.jar: Checksum validation failed, no checksums available
[WARNING] Checksum validation failed, no checksums available for http://maven.sk89q.com/repo/com/sk89q/jchronic/0.2.4a/jchronic-0.2.4a.jar
[INFO] Downloaded: http://maven.sk89q.com/repo/com/sk89q/jchronic/0.2.4a/jchronic-0.2.4a.jar (103 KB at 677.5 KB/sec)
[INFO] Downloaded: http://maven.sk89q.com/repo/com/sk89q/dummypermscompat/1.8/dummypermscompat-1.8.jar (11 KB at 66.7 KB/sec)
[INFO] Downloaded: http://maven.sk89q.com/repo/com/sk89q/lib/jlibnoise/1.0.0/jlibnoise-1.0.0.jar (59 KB at 317.7 KB/sec)
[INFO] Downloaded: http://maven.sk89q.com/repo/com/sk89q/worldedit/worldedit-core/6.1.4-SNAPSHOT/worldedit-core-6.1.4-20160806.113546-4.jar (1093 KB at 3944.7 KB/sec)
[INFO] Downloaded: http://maven.sk89q.com/repo/com/sk89q/worldguard/6.1.1-SNAPSHOT/worldguard-6.1.1-20150928.003559-16.jar (1288 KB at 4206.9 KB/sec)
[INFO] Downloading: https://oss.sonatype.org/content/repositories/snapshots/net/md-5/bungeecord-chat/1.10-SNAPSHOT/bungeecord-chat-1.10-20160928.232233-33.jar
[INFO] Downloaded: https://oss.sonatype.org/content/repositories/snapshots/net/md-5/bungeecord-chat/1.10-SNAPSHOT/bungeecord-chat-1.10-20160928.232233-33.jar (55 KB at 1165.6 KB/sec)
[INFO] 
[INFO] --- maven-resources-plugin:2.6:resources (default-resources) @ projectkorra ---
[INFO] Downloading: https://repo.maven.apache.org/maven2/org/apache/maven/maven-plugin-api/2.0.6/maven-plugin-api-2.0.6.pom
[INFO] Downloaded: https://repo.maven.apache.org/maven2/org/apache/maven/maven-plugin-api/2.0.6/maven-plugin-api-2.0.6.pom (2 KB at 54.6 KB/sec)
[INFO] Downloading: https://repo.maven.apache.org/maven2/org/apache/maven/maven/2.0.6/maven-2.0.6.pom
[INFO] Downloaded: https://repo.maven.apache.org/maven2/org/apache/maven/maven/2.0.6/maven-2.0.6.pom (9 KB at 401.6 KB/sec)
[INFO] Downloading: https://repo.maven.apache.org/maven2/org/apache/maven/maven-parent/5/maven-parent-5.pom
[INFO] Downloaded: https://repo.maven.apache.org/maven2/org/apache/maven/maven-parent/5/maven-parent-5.pom (15 KB at 647.0 KB/sec)
[INFO] Downloading: https://repo.maven.apache.org/maven2/org/apache/apache/3/apache-3.pom
[INFO] Downloaded: https://repo.maven.apache.org/maven2/org/apache/apache/3/apache-3.pom (4 KB at 159.5 KB/sec)
[INFO] Downloading: https://repo.maven.apache.org/maven2/org/apache/maven/maven-project/2.0.6/maven-project-2.0.6.pom
[INFO] Downloaded: https://repo.maven.apache.org/maven2/org/apache/maven/maven-project/2.0.6/maven-project-2.0.6.pom (3 KB at 117.1 KB/sec)
[INFO] Downloading: https://repo.maven.apache.org/maven2/org/apache/maven/maven-settings/2.0.6/maven-settings-2.0.6.pom
[INFO] Downloaded: https://repo.maven.apache.org/maven2/org/apache/maven/maven-settings/2.0.6/maven-settings-2.0.6.pom (2 KB at 78.2 KB/sec)
[INFO] Downloading: https://repo.maven.apache.org/maven2/org/apache/maven/maven-model/2.0.6/maven-model-2.0.6.pom
[INFO] Downloaded: https://repo.maven.apache.org/maven2/org/apache/maven/maven-model/2.0.6/maven-model-2.0.6.pom (3 KB at 141.7 KB/sec)
[INFO] Downloading: https://repo.maven.apache.org/maven2/org/codehaus/plexus/plexus-utils/1.4.1/plexus-utils-1.4.1.pom
[INFO] Downloaded: https://repo.maven.apache.org/maven2/org/codehaus/plexus/plexus-utils/1.4.1/plexus-utils-1.4.1.pom (2 KB at 84.7 KB/sec)
[INFO] Downloading: https://repo.maven.apache.org/maven2/org/codehaus/plexus/plexus/1.0.11/plexus-1.0.11.pom
[INFO] Downloaded: https://repo.maven.apache.org/maven2/org/codehaus/plexus/plexus/1.0.11/plexus-1.0.11.pom (9 KB at 417.1 KB/sec)
[INFO] Downloading: https://repo.maven.apache.org/maven2/org/codehaus/plexus/plexus-container-default/1.0-alpha-9-stable-1/plexus-container-default-1.0-alpha-9-stable-1.pom
[INFO] Downloaded: https://repo.maven.apache.org/maven2/org/codehaus/plexus/plexus-container-default/1.0-alpha-9-stable-1/plexus-container-default-1.0-alpha-9-stable-1.pom (4 KB at 183.6 KB/sec)
[INFO] Downloading: https://repo.maven.apache.org/maven2/org/codehaus/plexus/plexus-containers/1.0.3/plexus-containers-1.0.3.pom
[INFO] Downloaded: https://repo.maven.apache.org/maven2/org/codehaus/plexus/plexus-containers/1.0.3/plexus-containers-1.0.3.pom (492 B at 22.9 KB/sec)
[INFO] Downloading: https://repo.maven.apache.org/maven2/org/codehaus/plexus/plexus/1.0.4/plexus-1.0.4.pom
[INFO] Downloaded: https://repo.maven.apache.org/maven2/org/codehaus/plexus/plexus/1.0.4/plexus-1.0.4.pom (6 KB at 254.7 KB/sec)
[INFO] Downloading: https://repo.maven.apache.org/maven2/junit/junit/3.8.1/junit-3.8.1.pom
[INFO] Downloaded: https://repo.maven.apache.org/maven2/junit/junit/3.8.1/junit-3.8.1.pom (998 B at 46.4 KB/sec)
[INFO] Downloading: https://repo.maven.apache.org/maven2/org/codehaus/plexus/plexus-utils/1.0.4/plexus-utils-1.0.4.pom
[INFO] Downloaded: https://repo.maven.apache.org/maven2/org/codehaus/plexus/plexus-utils/1.0.4/plexus-utils-1.0.4.pom (7 KB at 304.3 KB/sec)
[INFO] Downloading: https://repo.maven.apache.org/maven2/classworlds/classworlds/1.1-alpha-2/classworlds-1.1-alpha-2.pom
[INFO] Downloaded: https://repo.maven.apache.org/maven2/classworlds/classworlds/1.1-alpha-2/classworlds-1.1-alpha-2.pom (4 KB at 132.8 KB/sec)
[INFO] Downloading: https://repo.maven.apache.org/maven2/org/apache/maven/maven-profile/2.0.6/maven-profile-2.0.6.pom
[INFO] Downloaded: https://repo.maven.apache.org/maven2/org/apache/maven/maven-profile/2.0.6/maven-profile-2.0.6.pom (2 KB at 87.9 KB/sec)
[INFO] Downloading: https://repo.maven.apache.org/maven2/org/apache/maven/maven-artifact-manager/2.0.6/maven-artifact-manager-2.0.6.pom
[INFO] Downloaded: https://repo.maven.apache.org/maven2/org/apache/maven/maven-artifact-manager/2.0.6/maven-artifact-manager-2.0.6.pom (3 KB at 121.9 KB/sec)
[INFO] Downloading: https://repo.maven.apache.org/maven2/org/apache/maven/maven-repository-metadata/2.0.6/maven-repository-metadata-2.0.6.pom
[INFO] Downloaded: https://repo.maven.apache.org/maven2/org/apache/maven/maven-repository-metadata/2.0.6/maven-repository-metadata-2.0.6.pom (2 KB at 86.0 KB/sec)
[INFO] Downloading: https://repo.maven.apache.org/maven2/org/apache/maven/maven-artifact/2.0.6/maven-artifact-2.0.6.pom
[INFO] Downloaded: https://repo.maven.apache.org/maven2/org/apache/maven/maven-artifact/2.0.6/maven-artifact-2.0.6.pom (2 KB at 67.0 KB/sec)
[INFO] Downloading: https://repo.maven.apache.org/maven2/org/apache/maven/maven-plugin-registry/2.0.6/maven-plugin-registry-2.0.6.pom
[INFO] Downloaded: https://repo.maven.apache.org/maven2/org/apache/maven/maven-plugin-registry/2.0.6/maven-plugin-registry-2.0.6.pom (2 KB at 95.0 KB/sec)
[INFO] Downloading: https://repo.maven.apache.org/maven2/org/apache/maven/maven-core/2.0.6/maven-core-2.0.6.pom
[INFO] Downloaded: https://repo.maven.apache.org/maven2/org/apache/maven/maven-core/2.0.6/maven-core-2.0.6.pom (7 KB at 234.1 KB/sec)
[INFO] Downloading: https://repo.maven.apache.org/maven2/org/apache/maven/maven-plugin-parameter-documenter/2.0.6/maven-plugin-parameter-documenter-2.0.6.pom
[INFO] Downloaded: https://repo.maven.apache.org/maven2/org/apache/maven/maven-plugin-parameter-documenter/2.0.6/maven-plugin-parameter-documenter-2.0.6.pom (2 KB at 74.6 KB/sec)
[INFO] Downloading: https://repo.maven.apache.org/maven2/org/apache/maven/reporting/maven-reporting-api/2.0.6/maven-reporting-api-2.0.6.pom
[INFO] Downloaded: https://repo.maven.apache.org/maven2/org/apache/maven/reporting/maven-reporting-api/2.0.6/maven-reporting-api-2.0.6.pom (2 KB at 59.0 KB/sec)
[INFO] Downloading: https://repo.maven.apache.org/maven2/org/apache/maven/reporting/maven-reporting/2.0.6/maven-reporting-2.0.6.pom
[INFO] Downloaded: https://repo.maven.apache.org/maven2/org/apache/maven/reporting/maven-reporting/2.0.6/maven-reporting-2.0.6.pom (2 KB at 66.9 KB/sec)
[INFO] Downloading: https://repo.maven.apache.org/maven2/org/apache/maven/doxia/doxia-sink-api/1.0-alpha-7/doxia-sink-api-1.0-alpha-7.pom
[INFO] Downloaded: https://repo.maven.apache.org/maven2/org/apache/maven/doxia/doxia-sink-api/1.0-alpha-7/doxia-sink-api-1.0-alpha-7.pom (424 B at 20.7 KB/sec)
[INFO] Downloading: https://repo.maven.apache.org/maven2/org/apache/maven/doxia/doxia/1.0-alpha-7/doxia-1.0-alpha-7.pom
[INFO] Downloaded: https://repo.maven.apache.org/maven2/org/apache/maven/doxia/doxia/1.0-alpha-7/doxia-1.0-alpha-7.pom (4 KB at 173.7 KB/sec)
[INFO] Downloading: https://repo.maven.apache.org/maven2/org/apache/maven/maven-error-diagnostics/2.0.6/maven-error-diagnostics-2.0.6.pom
[INFO] Downloaded: https://repo.maven.apache.org/maven2/org/apache/maven/maven-error-diagnostics/2.0.6/maven-error-diagnostics-2.0.6.pom (2 KB at 83.2 KB/sec)
[INFO] Downloading: https://repo.maven.apache.org/maven2/commons-cli/commons-cli/1.0/commons-cli-1.0.pom
[INFO] Downloaded: https://repo.maven.apache.org/maven2/commons-cli/commons-cli/1.0/commons-cli-1.0.pom (3 KB at 79.1 KB/sec)
[INFO] Downloading: https://repo.maven.apache.org/maven2/org/apache/maven/maven-plugin-descriptor/2.0.6/maven-plugin-descriptor-2.0.6.pom
[INFO] Downloaded: https://repo.maven.apache.org/maven2/org/apache/maven/maven-plugin-descriptor/2.0.6/maven-plugin-descriptor-2.0.6.pom (2 KB at 93.8 KB/sec)
[INFO] Downloading: https://repo.maven.apache.org/maven2/org/codehaus/plexus/plexus-interactivity-api/1.0-alpha-4/plexus-interactivity-api-1.0-alpha-4.pom
[INFO] Downloaded: https://repo.maven.apache.org/maven2/org/codehaus/plexus/plexus-interactivity-api/1.0-alpha-4/plexus-interactivity-api-1.0-alpha-4.pom (7 KB at 314.8 KB/sec)
[INFO] Downloading: https://repo.maven.apache.org/maven2/org/apache/maven/maven-monitor/2.0.6/maven-monitor-2.0.6.pom
[INFO] Downloaded: https://repo.maven.apache.org/maven2/org/apache/maven/maven-monitor/2.0.6/maven-monitor-2.0.6.pom (2 KB at 53.2 KB/sec)
[INFO] Downloading: https://repo.maven.apache.org/maven2/classworlds/classworlds/1.1/classworlds-1.1.pom
[INFO] Downloaded: https://repo.maven.apache.org/maven2/classworlds/classworlds/1.1/classworlds-1.1.pom (4 KB at 129.8 KB/sec)
[INFO] Downloading: https://repo.maven.apache.org/maven2/org/codehaus/plexus/plexus-utils/2.0.5/plexus-utils-2.0.5.pom
[INFO] Downloaded: https://repo.maven.apache.org/maven2/org/codehaus/plexus/plexus-utils/2.0.5/plexus-utils-2.0.5.pom (4 KB at 141.6 KB/sec)
[INFO] Downloading: https://repo.maven.apache.org/maven2/org/codehaus/plexus/plexus/2.0.6/plexus-2.0.6.pom
[INFO] Downloaded: https://repo.maven.apache.org/maven2/org/codehaus/plexus/plexus/2.0.6/plexus-2.0.6.pom (17 KB at 711.7 KB/sec)
[INFO] Downloading: https://repo.maven.apache.org/maven2/org/apache/maven/shared/maven-filtering/1.1/maven-filtering-1.1.pom
[INFO] Downloaded: https://repo.maven.apache.org/maven2/org/apache/maven/shared/maven-filtering/1.1/maven-filtering-1.1.pom (6 KB at 245.8 KB/sec)
[INFO] Downloading: https://repo.maven.apache.org/maven2/org/apache/maven/shared/maven-shared-components/17/maven-shared-components-17.pom
[INFO] Downloaded: https://repo.maven.apache.org/maven2/org/apache/maven/shared/maven-shared-components/17/maven-shared-components-17.pom (9 KB at 369.5 KB/sec)
[INFO] Downloading: https://repo.maven.apache.org/maven2/org/codehaus/plexus/plexus-utils/1.5.15/plexus-utils-1.5.15.pom
[INFO] Downloaded: https://repo.maven.apache.org/maven2/org/codehaus/plexus/plexus-utils/1.5.15/plexus-utils-1.5.15.pom (7 KB at 290.8 KB/sec)
[INFO] Downloading: https://repo.maven.apache.org/maven2/org/codehaus/plexus/plexus/2.0.2/plexus-2.0.2.pom
[INFO] Downloaded: https://repo.maven.apache.org/maven2/org/codehaus/plexus/plexus/2.0.2/plexus-2.0.2.pom (12 KB at 323.9 KB/sec)
[INFO] Downloading: https://repo.maven.apache.org/maven2/org/codehaus/plexus/plexus-interpolation/1.12/plexus-interpolation-1.12.pom
[INFO] Downloaded: https://repo.maven.apache.org/maven2/org/codehaus/plexus/plexus-interpolation/1.12/plexus-interpolation-1.12.pom (889 B at 43.4 KB/sec)
[INFO] Downloading: https://repo.maven.apache.org/maven2/org/codehaus/plexus/plexus-components/1.1.14/plexus-components-1.1.14.pom
[INFO] Downloaded: https://repo.maven.apache.org/maven2/org/codehaus/plexus/plexus-components/1.1.14/plexus-components-1.1.14.pom (6 KB at 285.3 KB/sec)
[INFO] Downloading: https://repo.maven.apache.org/maven2/org/sonatype/plexus/plexus-build-api/0.0.4/plexus-build-api-0.0.4.pom
[INFO] Downloaded: https://repo.maven.apache.org/maven2/org/sonatype/plexus/plexus-build-api/0.0.4/plexus-build-api-0.0.4.pom (3 KB at 133.1 KB/sec)
[INFO] Downloading: https://repo.maven.apache.org/maven2/org/sonatype/spice/spice-parent/10/spice-parent-10.pom
[INFO] Downloaded: https://repo.maven.apache.org/maven2/org/sonatype/spice/spice-parent/10/spice-parent-10.pom (3 KB at 128.0 KB/sec)
[INFO] Downloading: https://repo.maven.apache.org/maven2/org/sonatype/forge/forge-parent/3/forge-parent-3.pom
[INFO] Downloaded: https://repo.maven.apache.org/maven2/org/sonatype/forge/forge-parent/3/forge-parent-3.pom (5 KB at 204.8 KB/sec)
[INFO] Downloading: https://repo.maven.apache.org/maven2/org/codehaus/plexus/plexus-utils/1.5.8/plexus-utils-1.5.8.pom
[INFO] Downloaded: https://repo.maven.apache.org/maven2/org/codehaus/plexus/plexus-utils/1.5.8/plexus-utils-1.5.8.pom (8 KB at 328.1 KB/sec)
[INFO] Downloading: https://repo.maven.apache.org/maven2/org/codehaus/plexus/plexus-interpolation/1.13/plexus-interpolation-1.13.pom
[INFO] Downloaded: https://repo.maven.apache.org/maven2/org/codehaus/plexus/plexus-interpolation/1.13/plexus-interpolation-1.13.pom (890 B at 39.5 KB/sec)
[INFO] Downloading: https://repo.maven.apache.org/maven2/org/codehaus/plexus/plexus-components/1.1.15/plexus-components-1.1.15.pom
[INFO] Downloaded: https://repo.maven.apache.org/maven2/org/codehaus/plexus/plexus-components/1.1.15/plexus-components-1.1.15.pom (3 KB at 115.9 KB/sec)
[INFO] Downloading: https://repo.maven.apache.org/maven2/org/codehaus/plexus/plexus/2.0.3/plexus-2.0.3.pom
[INFO] Downloaded: https://repo.maven.apache.org/maven2/org/codehaus/plexus/plexus/2.0.3/plexus-2.0.3.pom (16 KB at 656.5 KB/sec)
[INFO] Downloading: https://repo.maven.apache.org/maven2/org/apache/maven/reporting/maven-reporting-api/2.0.6/maven-reporting-api-2.0.6.jar
[INFO] Downloading: https://repo.maven.apache.org/maven2/org/apache/maven/doxia/doxia-sink-api/1.0-alpha-7/doxia-sink-api-1.0-alpha-7.jar
[INFO] Downloading: https://repo.maven.apache.org/maven2/commons-cli/commons-cli/1.0/commons-cli-1.0.jar
[INFO] Downloading: https://repo.maven.apache.org/maven2/org/codehaus/plexus/plexus-interactivity-api/1.0-alpha-4/plexus-interactivity-api-1.0-alpha-4.jar
[INFO] Downloading: https://repo.maven.apache.org/maven2/junit/junit/3.8.1/junit-3.8.1.jar
[INFO] Downloaded: https://repo.maven.apache.org/maven2/org/apache/maven/reporting/maven-reporting-api/2.0.6/maven-reporting-api-2.0.6.jar (10 KB at 255.5 KB/sec)
[INFO] Downloading: https://repo.maven.apache.org/maven2/org/codehaus/plexus/plexus-utils/2.0.5/plexus-utils-2.0.5.jar
[INFO] Downloaded: https://repo.maven.apache.org/maven2/org/apache/maven/doxia/doxia-sink-api/1.0-alpha-7/doxia-sink-api-1.0-alpha-7.jar (6 KB at 98.3 KB/sec)
[INFO] Downloading: https://repo.maven.apache.org/maven2/org/apache/maven/shared/maven-filtering/1.1/maven-filtering-1.1.jar
[INFO] Downloaded: https://repo.maven.apache.org/maven2/commons-cli/commons-cli/1.0/commons-cli-1.0.jar (30 KB at 439.0 KB/sec)
[INFO] Downloading: https://repo.maven.apache.org/maven2/org/sonatype/plexus/plexus-build-api/0.0.4/plexus-build-api-0.0.4.jar
[INFO] Downloaded: https://repo.maven.apache.org/maven2/org/codehaus/plexus/plexus-interactivity-api/1.0-alpha-4/plexus-interactivity-api-1.0-alpha-4.jar (14 KB at 187.0 KB/sec)
[INFO] Downloading: https://repo.maven.apache.org/maven2/org/codehaus/plexus/plexus-interpolation/1.13/plexus-interpolation-1.13.jar
[INFO] Downloaded: https://repo.maven.apache.org/maven2/org/codehaus/plexus/plexus-utils/2.0.5/plexus-utils-2.0.5.jar (218 KB at 2505.1 KB/sec)
[INFO] Downloaded: https://repo.maven.apache.org/maven2/org/sonatype/plexus/plexus-build-api/0.0.4/plexus-build-api-0.0.4.jar (7 KB at 74.7 KB/sec)
[INFO] Downloaded: https://repo.maven.apache.org/maven2/org/apache/maven/shared/maven-filtering/1.1/maven-filtering-1.1.jar (43 KB at 452.6 KB/sec)
[INFO] Downloaded: https://repo.maven.apache.org/maven2/org/codehaus/plexus/plexus-interpolation/1.13/plexus-interpolation-1.13.jar (60 KB at 596.3 KB/sec)
[INFO] Downloaded: https://repo.maven.apache.org/maven2/junit/junit/3.8.1/junit-3.8.1.jar (119 KB at 961.2 KB/sec)
[WARNING] File encoding has not been set, using platform encoding UTF-8, i.e. build is platform dependent!
[WARNING] Using platform encoding (UTF-8 actually) to copy filtered resources, i.e. build is platform dependent!
[INFO] Copying 1 resource
[INFO] 
[INFO] --- maven-compiler-plugin:3.1:compile (default-compile) @ projectkorra ---
[INFO] Downloading: https://repo.maven.apache.org/maven2/org/apache/maven/maven-plugin-api/2.0.9/maven-plugin-api-2.0.9.pom
[INFO] Downloaded: https://repo.maven.apache.org/maven2/org/apache/maven/maven-plugin-api/2.0.9/maven-plugin-api-2.0.9.pom (2 KB at 54.0 KB/sec)
[INFO] Downloading: https://repo.maven.apache.org/maven2/org/apache/maven/maven/2.0.9/maven-2.0.9.pom
[INFO] Downloaded: https://repo.maven.apache.org/maven2/org/apache/maven/maven/2.0.9/maven-2.0.9.pom (19 KB at 802.8 KB/sec)
[INFO] Downloading: https://repo.maven.apache.org/maven2/org/apache/maven/maven-parent/8/maven-parent-8.pom
[INFO] Downloaded: https://repo.maven.apache.org/maven2/org/apache/maven/maven-parent/8/maven-parent-8.pom (24 KB at 906.4 KB/sec)
[INFO] Downloading: https://repo.maven.apache.org/maven2/org/apache/apache/4/apache-4.pom
[INFO] Downloaded: https://repo.maven.apache.org/maven2/org/apache/apache/4/apache-4.pom (5 KB at 199.5 KB/sec)
[INFO] Downloading: https://repo.maven.apache.org/maven2/org/apache/maven/maven-artifact/2.0.9/maven-artifact-2.0.9.pom
[INFO] Downloaded: https://repo.maven.apache.org/maven2/org/apache/maven/maven-artifact/2.0.9/maven-artifact-2.0.9.pom (2 KB at 65.9 KB/sec)
[INFO] Downloading: https://repo.maven.apache.org/maven2/org/codehaus/plexus/plexus-utils/1.5.1/plexus-utils-1.5.1.pom
[INFO] Downloaded: https://repo.maven.apache.org/maven2/org/codehaus/plexus/plexus-utils/1.5.1/plexus-utils-1.5.1.pom (3 KB at 72.3 KB/sec)
[INFO] Downloading: https://repo.maven.apache.org/maven2/org/apache/maven/maven-core/2.0.9/maven-core-2.0.9.pom
[INFO] Downloaded: https://repo.maven.apache.org/maven2/org/apache/maven/maven-core/2.0.9/maven-core-2.0.9.pom (8 KB at 345.6 KB/sec)
[INFO] Downloading: https://repo.maven.apache.org/maven2/org/apache/maven/maven-settings/2.0.9/maven-settings-2.0.9.pom
[INFO] Downloaded: https://repo.maven.apache.org/maven2/org/apache/maven/maven-settings/2.0.9/maven-settings-2.0.9.pom (3 KB at 91.4 KB/sec)
[INFO] Downloading: https://repo.maven.apache.org/maven2/org/apache/maven/maven-model/2.0.9/maven-model-2.0.9.pom
[INFO] Downloaded: https://repo.maven.apache.org/maven2/org/apache/maven/maven-model/2.0.9/maven-model-2.0.9.pom (4 KB at 133.3 KB/sec)
[INFO] Downloading: https://repo.maven.apache.org/maven2/org/apache/maven/maven-plugin-parameter-documenter/2.0.9/maven-plugin-parameter-documenter-2.0.9.pom
[INFO] Downloaded: https://repo.maven.apache.org/maven2/org/apache/maven/maven-plugin-parameter-documenter/2.0.9/maven-plugin-parameter-documenter-2.0.9.pom (2 KB at 91.3 KB/sec)
[INFO] Downloading: https://repo.maven.apache.org/maven2/org/apache/maven/maven-profile/2.0.9/maven-profile-2.0.9.pom
[INFO] Downloaded: https://repo.maven.apache.org/maven2/org/apache/maven/maven-profile/2.0.9/maven-profile-2.0.9.pom (3 KB at 95.3 KB/sec)
[INFO] Downloading: https://repo.maven.apache.org/maven2/org/apache/maven/maven-repository-metadata/2.0.9/maven-repository-metadata-2.0.9.pom
[INFO] Downloaded: https://repo.maven.apache.org/maven2/org/apache/maven/maven-repository-metadata/2.0.9/maven-repository-metadata-2.0.9.pom (2 KB at 88.4 KB/sec)
[INFO] Downloading: https://repo.maven.apache.org/maven2/org/apache/maven/maven-error-diagnostics/2.0.9/maven-error-diagnostics-2.0.9.pom
[INFO] Downloaded: https://repo.maven.apache.org/maven2/org/apache/maven/maven-error-diagnostics/2.0.9/maven-error-diagnostics-2.0.9.pom (2 KB at 81.1 KB/sec)
[INFO] Downloading: https://repo.maven.apache.org/maven2/org/apache/maven/maven-project/2.0.9/maven-project-2.0.9.pom
[INFO] Downloaded: https://repo.maven.apache.org/maven2/org/apache/maven/maven-project/2.0.9/maven-project-2.0.9.pom (3 KB at 115.1 KB/sec)
[INFO] Downloading: https://repo.maven.apache.org/maven2/org/apache/maven/maven-artifact-manager/2.0.9/maven-artifact-manager-2.0.9.pom
[INFO] Downloaded: https://repo.maven.apache.org/maven2/org/apache/maven/maven-artifact-manager/2.0.9/maven-artifact-manager-2.0.9.pom (3 KB at 109.9 KB/sec)
[INFO] Downloading: https://repo.maven.apache.org/maven2/org/apache/maven/maven-plugin-registry/2.0.9/maven-plugin-registry-2.0.9.pom
[INFO] Downloaded: https://repo.maven.apache.org/maven2/org/apache/maven/maven-plugin-registry/2.0.9/maven-plugin-registry-2.0.9.pom (2 KB at 64.2 KB/sec)
[INFO] Downloading: https://repo.maven.apache.org/maven2/org/apache/maven/maven-plugin-descriptor/2.0.9/maven-plugin-descriptor-2.0.9.pom
[INFO] Downloaded: https://repo.maven.apache.org/maven2/org/apache/maven/maven-plugin-descriptor/2.0.9/maven-plugin-descriptor-2.0.9.pom (3 KB at 88.1 KB/sec)
[INFO] Downloading: https://repo.maven.apache.org/maven2/org/apache/maven/maven-monitor/2.0.9/maven-monitor-2.0.9.pom
[INFO] Downloaded: https://repo.maven.apache.org/maven2/org/apache/maven/maven-monitor/2.0.9/maven-monitor-2.0.9.pom (2 KB at 46.5 KB/sec)
[INFO] Downloading: https://repo.maven.apache.org/maven2/org/apache/maven/maven-toolchain/1.0/maven-toolchain-1.0.pom
[INFO] Downloaded: https://repo.maven.apache.org/maven2/org/apache/maven/maven-toolchain/1.0/maven-toolchain-1.0.pom (4 KB at 145.0 KB/sec)
[INFO] Downloading: https://repo.maven.apache.org/maven2/org/apache/maven/shared/maven-shared-utils/0.1/maven-shared-utils-0.1.pom
[INFO] Downloaded: https://repo.maven.apache.org/maven2/org/apache/maven/shared/maven-shared-utils/0.1/maven-shared-utils-0.1.pom (4 KB at 171.8 KB/sec)
[INFO] Downloading: https://repo.maven.apache.org/maven2/org/apache/maven/shared/maven-shared-components/18/maven-shared-components-18.pom
[INFO] Downloaded: https://repo.maven.apache.org/maven2/org/apache/maven/shared/maven-shared-components/18/maven-shared-components-18.pom (5 KB at 209.5 KB/sec)
[INFO] Downloading: https://repo.maven.apache.org/maven2/com/google/code/findbugs/jsr305/2.0.1/jsr305-2.0.1.pom
[INFO] Downloaded: https://repo.maven.apache.org/maven2/com/google/code/findbugs/jsr305/2.0.1/jsr305-2.0.1.pom (965 B at 42.8 KB/sec)
[INFO] Downloading: https://repo.maven.apache.org/maven2/org/apache/maven/shared/maven-shared-incremental/1.1/maven-shared-incremental-1.1.pom
[INFO] Downloaded: https://repo.maven.apache.org/maven2/org/apache/maven/shared/maven-shared-incremental/1.1/maven-shared-incremental-1.1.pom (5 KB at 210.5 KB/sec)
[INFO] Downloading: https://repo.maven.apache.org/maven2/org/apache/maven/shared/maven-shared-components/19/maven-shared-components-19.pom
[INFO] Downloaded: https://repo.maven.apache.org/maven2/org/apache/maven/shared/maven-shared-components/19/maven-shared-components-19.pom (7 KB at 282.3 KB/sec)
[INFO] Downloading: https://repo.maven.apache.org/maven2/org/apache/maven/maven-plugin-api/2.2.1/maven-plugin-api-2.2.1.pom
[INFO] Downloaded: https://repo.maven.apache.org/maven2/org/apache/maven/maven-plugin-api/2.2.1/maven-plugin-api-2.2.1.pom (2 KB at 64.8 KB/sec)
[INFO] Downloading: https://repo.maven.apache.org/maven2/org/apache/maven/maven/2.2.1/maven-2.2.1.pom
[INFO] Downloaded: https://repo.maven.apache.org/maven2/org/apache/maven/maven/2.2.1/maven-2.2.1.pom (22 KB at 994.7 KB/sec)
[INFO] Downloading: https://repo.maven.apache.org/maven2/org/apache/maven/maven-parent/11/maven-parent-11.pom
[INFO] Downloaded: https://repo.maven.apache.org/maven2/org/apache/maven/maven-parent/11/maven-parent-11.pom (32 KB at 1217.3 KB/sec)
[INFO] Downloading: https://repo.maven.apache.org/maven2/org/apache/apache/5/apache-5.pom
[INFO] Downloaded: https://repo.maven.apache.org/maven2/org/apache/apache/5/apache-5.pom (5 KB at 190.5 KB/sec)
[INFO] Downloading: https://repo.maven.apache.org/maven2/org/apache/maven/maven-core/2.2.1/maven-core-2.2.1.pom
[INFO] Downloaded: https://repo.maven.apache.org/maven2/org/apache/maven/maven-core/2.2.1/maven-core-2.2.1.pom (12 KB at 516.4 KB/sec)
[INFO] Downloading: https://repo.maven.apache.org/maven2/org/apache/maven/maven-settings/2.2.1/maven-settings-2.2.1.pom
[INFO] Downloaded: https://repo.maven.apache.org/maven2/org/apache/maven/maven-settings/2.2.1/maven-settings-2.2.1.pom (3 KB at 85.1 KB/sec)
[INFO] Downloading: https://repo.maven.apache.org/maven2/org/apache/maven/maven-model/2.2.1/maven-model-2.2.1.pom
[INFO] Downloaded: https://repo.maven.apache.org/maven2/org/apache/maven/maven-model/2.2.1/maven-model-2.2.1.pom (4 KB at 150.7 KB/sec)
[INFO] Downloading: https://repo.maven.apache.org/maven2/org/codehaus/plexus/plexus-interpolation/1.11/plexus-interpolation-1.11.pom
[INFO] Downloaded: https://repo.maven.apache.org/maven2/org/codehaus/plexus/plexus-interpolation/1.11/plexus-interpolation-1.11.pom (889 B at 41.3 KB/sec)
[INFO] Downloading: https://repo.maven.apache.org/maven2/org/apache/maven/maven-plugin-parameter-documenter/2.2.1/maven-plugin-parameter-documenter-2.2.1.pom
[INFO] Downloaded: https://repo.maven.apache.org/maven2/org/apache/maven/maven-plugin-parameter-documenter/2.2.1/maven-plugin-parameter-documenter-2.2.1.pom (2 KB at 95.6 KB/sec)
[INFO] Downloading: https://repo.maven.apache.org/maven2/org/slf4j/slf4j-jdk14/1.5.6/slf4j-jdk14-1.5.6.pom
[INFO] Downloaded: https://repo.maven.apache.org/maven2/org/slf4j/slf4j-jdk14/1.5.6/slf4j-jdk14-1.5.6.pom (2 KB at 77.2 KB/sec)
[INFO] Downloading: https://repo.maven.apache.org/maven2/org/slf4j/slf4j-parent/1.5.6/slf4j-parent-1.5.6.pom
[INFO] Downloaded: https://repo.maven.apache.org/maven2/org/slf4j/slf4j-parent/1.5.6/slf4j-parent-1.5.6.pom (8 KB at 351.6 KB/sec)
[INFO] Downloading: https://repo.maven.apache.org/maven2/org/slf4j/slf4j-api/1.5.6/slf4j-api-1.5.6.pom
[INFO] Downloaded: https://repo.maven.apache.org/maven2/org/slf4j/slf4j-api/1.5.6/slf4j-api-1.5.6.pom (3 KB at 121.4 KB/sec)
[INFO] Downloading: https://repo.maven.apache.org/maven2/org/slf4j/jcl-over-slf4j/1.5.6/jcl-over-slf4j-1.5.6.pom
[INFO] Downloaded: https://repo.maven.apache.org/maven2/org/slf4j/jcl-over-slf4j/1.5.6/jcl-over-slf4j-1.5.6.pom (3 KB at 92.1 KB/sec)
[INFO] Downloading: https://repo.maven.apache.org/maven2/org/apache/maven/maven-profile/2.2.1/maven-profile-2.2.1.pom
[INFO] Downloaded: https://repo.maven.apache.org/maven2/org/apache/maven/maven-profile/2.2.1/maven-profile-2.2.1.pom (3 KB at 96.4 KB/sec)
[INFO] Downloading: https://repo.maven.apache.org/maven2/org/apache/maven/maven-artifact/2.2.1/maven-artifact-2.2.1.pom
[INFO] Downloaded: https://repo.maven.apache.org/maven2/org/apache/maven/maven-artifact/2.2.1/maven-artifact-2.2.1.pom (2 KB at 73.5 KB/sec)
[INFO] Downloading: https://repo.maven.apache.org/maven2/org/apache/maven/maven-repository-metadata/2.2.1/maven-repository-metadata-2.2.1.pom
[INFO] Downloaded: https://repo.maven.apache.org/maven2/org/apache/maven/maven-repository-metadata/2.2.1/maven-repository-metadata-2.2.1.pom (2 KB at 87.0 KB/sec)
[INFO] Downloading: https://repo.maven.apache.org/maven2/org/apache/maven/maven-error-diagnostics/2.2.1/maven-error-diagnostics-2.2.1.pom
[INFO] Downloaded: https://repo.maven.apache.org/maven2/org/apache/maven/maven-error-diagnostics/2.2.1/maven-error-diagnostics-2.2.1.pom (2 KB at 69.5 KB/sec)
[INFO] Downloading: https://repo.maven.apache.org/maven2/org/apache/maven/maven-project/2.2.1/maven-project-2.2.1.pom
[INFO] Downloaded: https://repo.maven.apache.org/maven2/org/apache/maven/maven-project/2.2.1/maven-project-2.2.1.pom (3 KB at 123.1 KB/sec)
[INFO] Downloading: https://repo.maven.apache.org/maven2/org/apache/maven/maven-artifact-manager/2.2.1/maven-artifact-manager-2.2.1.pom
[INFO] Downloaded: https://repo.maven.apache.org/maven2/org/apache/maven/maven-artifact-manager/2.2.1/maven-artifact-manager-2.2.1.pom (4 KB at 131.8 KB/sec)
[INFO] Downloading: https://repo.maven.apache.org/maven2/backport-util-concurrent/backport-util-concurrent/3.1/backport-util-concurrent-3.1.pom
[INFO] Downloaded: https://repo.maven.apache.org/maven2/backport-util-concurrent/backport-util-concurrent/3.1/backport-util-concurrent-3.1.pom (880 B at 40.9 KB/sec)
[INFO] Downloading: https://repo.maven.apache.org/maven2/org/apache/maven/maven-plugin-registry/2.2.1/maven-plugin-registry-2.2.1.pom
[INFO] Downloaded: https://repo.maven.apache.org/maven2/org/apache/maven/maven-plugin-registry/2.2.1/maven-plugin-registry-2.2.1.pom (2 KB at 89.7 KB/sec)
[INFO] Downloading: https://repo.maven.apache.org/maven2/org/apache/maven/maven-plugin-descriptor/2.2.1/maven-plugin-descriptor-2.2.1.pom
[INFO] Downloaded: https://repo.maven.apache.org/maven2/org/apache/maven/maven-plugin-descriptor/2.2.1/maven-plugin-descriptor-2.2.1.pom (3 KB at 96.0 KB/sec)
[INFO] Downloading: https://repo.maven.apache.org/maven2/org/apache/maven/maven-monitor/2.2.1/maven-monitor-2.2.1.pom
[INFO] Downloaded: https://repo.maven.apache.org/maven2/org/apache/maven/maven-monitor/2.2.1/maven-monitor-2.2.1.pom (2 KB at 51.1 KB/sec)
[INFO] Downloading: https://repo.maven.apache.org/maven2/org/sonatype/plexus/plexus-sec-dispatcher/1.3/plexus-sec-dispatcher-1.3.pom
[INFO] Downloaded: https://repo.maven.apache.org/maven2/org/sonatype/plexus/plexus-sec-dispatcher/1.3/plexus-sec-dispatcher-1.3.pom (3 KB at 137.7 KB/sec)
[INFO] Downloading: https://repo.maven.apache.org/maven2/org/sonatype/spice/spice-parent/12/spice-parent-12.pom
[INFO] Downloaded: https://repo.maven.apache.org/maven2/org/sonatype/spice/spice-parent/12/spice-parent-12.pom (7 KB at 316.1 KB/sec)
[INFO] Downloading: https://repo.maven.apache.org/maven2/org/sonatype/forge/forge-parent/4/forge-parent-4.pom
[INFO] Downloaded: https://repo.maven.apache.org/maven2/org/sonatype/forge/forge-parent/4/forge-parent-4.pom (9 KB at 372.7 KB/sec)
[INFO] Downloading: https://repo.maven.apache.org/maven2/org/codehaus/plexus/plexus-utils/1.5.5/plexus-utils-1.5.5.pom
[INFO] Downloaded: https://repo.maven.apache.org/maven2/org/codehaus/plexus/plexus-utils/1.5.5/plexus-utils-1.5.5.pom (6 KB at 193.3 KB/sec)
[INFO] Downloading: https://repo.maven.apache.org/maven2/org/sonatype/plexus/plexus-cipher/1.4/plexus-cipher-1.4.pom
[INFO] Downloaded: https://repo.maven.apache.org/maven2/org/sonatype/plexus/plexus-cipher/1.4/plexus-cipher-1.4.pom (3 KB at 91.7 KB/sec)
[INFO] Downloading: https://repo.maven.apache.org/maven2/org/codehaus/plexus/plexus-component-annotations/1.5.5/plexus-component-annotations-1.5.5.pom
[INFO] Downloaded: https://repo.maven.apache.org/maven2/org/codehaus/plexus/plexus-component-annotations/1.5.5/plexus-component-annotations-1.5.5.pom (815 B at 37.9 KB/sec)
[INFO] Downloading: https://repo.maven.apache.org/maven2/org/codehaus/plexus/plexus-containers/1.5.5/plexus-containers-1.5.5.pom
[INFO] Downloaded: https://repo.maven.apache.org/maven2/org/codehaus/plexus/plexus-containers/1.5.5/plexus-containers-1.5.5.pom (5 KB at 36.3 KB/sec)
[INFO] Downloading: https://repo.maven.apache.org/maven2/org/codehaus/plexus/plexus/2.0.7/plexus-2.0.7.pom
[INFO] Downloaded: https://repo.maven.apache.org/maven2/org/codehaus/plexus/plexus/2.0.7/plexus-2.0.7.pom (17 KB at 767.7 KB/sec)
[INFO] Downloading: https://repo.maven.apache.org/maven2/org/codehaus/plexus/plexus-compiler-api/2.2/plexus-compiler-api-2.2.pom
[INFO] Downloaded: https://repo.maven.apache.org/maven2/org/codehaus/plexus/plexus-compiler-api/2.2/plexus-compiler-api-2.2.pom (865 B at 36.7 KB/sec)
[INFO] Downloading: https://repo.maven.apache.org/maven2/org/codehaus/plexus/plexus-compiler/2.2/plexus-compiler-2.2.pom
[INFO] Downloaded: https://repo.maven.apache.org/maven2/org/codehaus/plexus/plexus-compiler/2.2/plexus-compiler-2.2.pom (4 KB at 135.7 KB/sec)
[INFO] Downloading: https://repo.maven.apache.org/maven2/org/codehaus/plexus/plexus-components/1.3.1/plexus-components-1.3.1.pom
[INFO] Downloaded: https://repo.maven.apache.org/maven2/org/codehaus/plexus/plexus-components/1.3.1/plexus-components-1.3.1.pom (3 KB at 106.9 KB/sec)
[INFO] Downloading: https://repo.maven.apache.org/maven2/org/codehaus/plexus/plexus/3.3.1/plexus-3.3.1.pom
[INFO] Downloaded: https://repo.maven.apache.org/maven2/org/codehaus/plexus/plexus/3.3.1/plexus-3.3.1.pom (20 KB at 868.1 KB/sec)
[INFO] Downloading: https://repo.maven.apache.org/maven2/org/sonatype/spice/spice-parent/17/spice-parent-17.pom
[INFO] Downloaded: https://repo.maven.apache.org/maven2/org/sonatype/spice/spice-parent/17/spice-parent-17.pom (7 KB at 287.0 KB/sec)
[INFO] Downloading: https://repo.maven.apache.org/maven2/org/sonatype/forge/forge-parent/10/forge-parent-10.pom
[INFO] Downloaded: https://repo.maven.apache.org/maven2/org/sonatype/forge/forge-parent/10/forge-parent-10.pom (14 KB at 551.8 KB/sec)
[INFO] Downloading: https://repo.maven.apache.org/maven2/org/codehaus/plexus/plexus-utils/3.0.8/plexus-utils-3.0.8.pom
[INFO] Downloaded: https://repo.maven.apache.org/maven2/org/codehaus/plexus/plexus-utils/3.0.8/plexus-utils-3.0.8.pom (4 KB at 133.4 KB/sec)
[INFO] Downloading: https://repo.maven.apache.org/maven2/org/codehaus/plexus/plexus/3.2/plexus-3.2.pom
[INFO] Downloaded: https://repo.maven.apache.org/maven2/org/codehaus/plexus/plexus/3.2/plexus-3.2.pom (19 KB at 832.1 KB/sec)
[INFO] Downloading: https://repo.maven.apache.org/maven2/org/codehaus/plexus/plexus-compiler-manager/2.2/plexus-compiler-manager-2.2.pom
[INFO] Downloaded: https://repo.maven.apache.org/maven2/org/codehaus/plexus/plexus-compiler-manager/2.2/plexus-compiler-manager-2.2.pom (690 B at 32.1 KB/sec)
[INFO] Downloading: https://repo.maven.apache.org/maven2/org/codehaus/plexus/plexus-compiler-javac/2.2/plexus-compiler-javac-2.2.pom
[INFO] Downloaded: https://repo.maven.apache.org/maven2/org/codehaus/plexus/plexus-compiler-javac/2.2/plexus-compiler-javac-2.2.pom (769 B at 34.1 KB/sec)
[INFO] Downloading: https://repo.maven.apache.org/maven2/org/codehaus/plexus/plexus-compilers/2.2/plexus-compilers-2.2.pom
[INFO] Downloaded: https://repo.maven.apache.org/maven2/org/codehaus/plexus/plexus-compilers/2.2/plexus-compilers-2.2.pom (2 KB at 52.7 KB/sec)
[INFO] Downloading: https://repo.maven.apache.org/maven2/org/codehaus/plexus/plexus-container-default/1.5.5/plexus-container-default-1.5.5.pom
[INFO] Downloaded: https://repo.maven.apache.org/maven2/org/codehaus/plexus/plexus-container-default/1.5.5/plexus-container-default-1.5.5.pom (3 KB at 117.0 KB/sec)
[INFO] Downloading: https://repo.maven.apache.org/maven2/org/codehaus/plexus/plexus-utils/1.4.5/plexus-utils-1.4.5.pom
[INFO] Downloaded: https://repo.maven.apache.org/maven2/org/codehaus/plexus/plexus-utils/1.4.5/plexus-utils-1.4.5.pom (3 KB at 44.2 KB/sec)
[INFO] Downloading: https://repo.maven.apache.org/maven2/org/codehaus/plexus/plexus-classworlds/2.2.2/plexus-classworlds-2.2.2.pom
[INFO] Downloaded: https://repo.maven.apache.org/maven2/org/codehaus/plexus/plexus-classworlds/2.2.2/plexus-classworlds-2.2.2.pom (4 KB at 187.5 KB/sec)
[INFO] Downloading: https://repo.maven.apache.org/maven2/org/apache/xbean/xbean-reflect/3.4/xbean-reflect-3.4.pom
[INFO] Downloaded: https://repo.maven.apache.org/maven2/org/apache/xbean/xbean-reflect/3.4/xbean-reflect-3.4.pom (3 KB at 130.6 KB/sec)
[INFO] Downloading: https://repo.maven.apache.org/maven2/org/apache/xbean/xbean/3.4/xbean-3.4.pom
[INFO] Downloaded: https://repo.maven.apache.org/maven2/org/apache/xbean/xbean/3.4/xbean-3.4.pom (19 KB at 861.8 KB/sec)
[INFO] Downloading: https://repo.maven.apache.org/maven2/log4j/log4j/1.2.12/log4j-1.2.12.pom
[INFO] Downloaded: https://repo.maven.apache.org/maven2/log4j/log4j/1.2.12/log4j-1.2.12.pom (145 B at 6.7 KB/sec)
[INFO] Downloading: https://repo.maven.apache.org/maven2/commons-logging/commons-logging-api/1.1/commons-logging-api-1.1.pom
[INFO] Downloaded: https://repo.maven.apache.org/maven2/commons-logging/commons-logging-api/1.1/commons-logging-api-1.1.pom (6 KB at 208.9 KB/sec)
[INFO] Downloading: https://repo.maven.apache.org/maven2/com/google/collections/google-collections/1.0/google-collections-1.0.pom
[INFO] Downloaded: https://repo.maven.apache.org/maven2/com/google/collections/google-collections/1.0/google-collections-1.0.pom (3 KB at 105.2 KB/sec)
[INFO] Downloading: https://repo.maven.apache.org/maven2/com/google/google/1/google-1.pom
[INFO] Downloaded: https://repo.maven.apache.org/maven2/com/google/google/1/google-1.pom (2 KB at 69.0 KB/sec)
[INFO] Downloading: https://repo.maven.apache.org/maven2/junit/junit/3.8.2/junit-3.8.2.pom
[INFO] Downloaded: https://repo.maven.apache.org/maven2/junit/junit/3.8.2/junit-3.8.2.pom (747 B at 33.2 KB/sec)
[INFO] Downloading: https://repo.maven.apache.org/maven2/org/codehaus/plexus/plexus-utils/1.5.1/plexus-utils-1.5.1.jar
[INFO] Downloading: https://repo.maven.apache.org/maven2/org/apache/maven/shared/maven-shared-utils/0.1/maven-shared-utils-0.1.jar
[INFO] Downloading: https://repo.maven.apache.org/maven2/com/google/code/findbugs/jsr305/2.0.1/jsr305-2.0.1.jar
[INFO] Downloading: https://repo.maven.apache.org/maven2/org/apache/maven/shared/maven-shared-incremental/1.1/maven-shared-incremental-1.1.jar
[INFO] Downloading: https://repo.maven.apache.org/maven2/org/codehaus/plexus/plexus-component-annotations/1.5.5/plexus-component-annotations-1.5.5.jar
[INFO] Downloaded: https://repo.maven.apache.org/maven2/org/apache/maven/shared/maven-shared-utils/0.1/maven-shared-utils-0.1.jar (151 KB at 4311.4 KB/sec)
[INFO] Downloading: https://repo.maven.apache.org/maven2/org/codehaus/plexus/plexus-compiler-api/2.2/plexus-compiler-api-2.2.jar
[INFO] Downloaded: https://repo.maven.apache.org/maven2/com/google/code/findbugs/jsr305/2.0.1/jsr305-2.0.1.jar (32 KB at 864.4 KB/sec)
[INFO] Downloading: https://repo.maven.apache.org/maven2/org/codehaus/plexus/plexus-compiler-manager/2.2/plexus-compiler-manager-2.2.jar
[INFO] Downloaded: https://repo.maven.apache.org/maven2/org/codehaus/plexus/plexus-utils/1.5.1/plexus-utils-1.5.1.jar (206 KB at 4676.0 KB/sec)
[INFO] Downloaded: https://repo.maven.apache.org/maven2/org/apache/maven/shared/maven-shared-incremental/1.1/maven-shared-incremental-1.1.jar (14 KB at 307.5 KB/sec)
[INFO] Downloading: https://repo.maven.apache.org/maven2/org/codehaus/plexus/plexus-compiler-javac/2.2/plexus-compiler-javac-2.2.jar
[INFO] Downloading: https://repo.maven.apache.org/maven2/org/apache/xbean/xbean-reflect/3.4/xbean-reflect-3.4.jar
[INFO] Downloaded: https://repo.maven.apache.org/maven2/org/codehaus/plexus/plexus-component-annotations/1.5.5/plexus-component-annotations-1.5.5.jar (5 KB at 87.5 KB/sec)
[INFO] Downloading: https://repo.maven.apache.org/maven2/log4j/log4j/1.2.12/log4j-1.2.12.jar
[INFO] Downloaded: https://repo.maven.apache.org/maven2/org/codehaus/plexus/plexus-compiler-manager/2.2/plexus-compiler-manager-2.2.jar (5 KB at 84.0 KB/sec)
[INFO] Downloading: https://repo.maven.apache.org/maven2/commons-logging/commons-logging-api/1.1/commons-logging-api-1.1.jar
[INFO] Downloaded: https://repo.maven.apache.org/maven2/org/codehaus/plexus/plexus-compiler-api/2.2/plexus-compiler-api-2.2.jar (25 KB at 443.7 KB/sec)
[INFO] Downloading: https://repo.maven.apache.org/maven2/com/google/collections/google-collections/1.0/google-collections-1.0.jar
[INFO] Downloaded: https://repo.maven.apache.org/maven2/org/codehaus/plexus/plexus-compiler-javac/2.2/plexus-compiler-javac-2.2.jar (19 KB at 253.8 KB/sec)
[INFO] Downloading: https://repo.maven.apache.org/maven2/junit/junit/3.8.2/junit-3.8.2.jar
[INFO] Downloaded: https://repo.maven.apache.org/maven2/commons-logging/commons-logging-api/1.1/commons-logging-api-1.1.jar (44 KB at 544.4 KB/sec)
[INFO] Downloaded: https://repo.maven.apache.org/maven2/org/apache/xbean/xbean-reflect/3.4/xbean-reflect-3.4.jar (131 KB at 1593.8 KB/sec)
[INFO] Downloaded: https://repo.maven.apache.org/maven2/junit/junit/3.8.2/junit-3.8.2.jar (118 KB at 1143.8 KB/sec)
[INFO] Downloaded: https://repo.maven.apache.org/maven2/log4j/log4j/1.2.12/log4j-1.2.12.jar (350 KB at 3237.9 KB/sec)
[INFO] Downloaded: https://repo.maven.apache.org/maven2/com/google/collections/google-collections/1.0/google-collections-1.0.jar (625 KB at 5730.3 KB/sec)
[INFO] Changes detected - recompiling the module!
[WARNING] File encoding has not been set, using platform encoding UTF-8, i.e. build is platform dependent!
[INFO] Compiling 195 source files to /home/travis/build/ProjectKorra/ProjectKorra/target/classes
[INFO] -------------------------------------------------------------
[WARNING] COMPILATION WARNING : 
[INFO] -------------------------------------------------------------
[WARNING] /home/travis/build/ProjectKorra/ProjectKorra/src/com/projectkorra/projectkorra/ability/CoreAbility.java:[40,19] sun.reflect.ReflectionFactory is internal proprietary API and may be removed in a future release
[WARNING] /home/travis/build/ProjectKorra/ProjectKorra/src/com/projectkorra/projectkorra/ability/util/AbilityLoader.java:[3,19] sun.reflect.ReflectionFactory is internal proprietary API and may be removed in a future release
[WARNING] /home/travis/build/ProjectKorra/ProjectKorra/src/com/projectkorra/projectkorra/ability/CoreAbility.java:[367,17] sun.reflect.ReflectionFactory is internal proprietary API and may be removed in a future release
[WARNING] /home/travis/build/ProjectKorra/ProjectKorra/src/com/projectkorra/projectkorra/ability/CoreAbility.java:[367,40] sun.reflect.ReflectionFactory is internal proprietary API and may be removed in a future release
[WARNING] /home/travis/build/ProjectKorra/ProjectKorra/src/com/projectkorra/projectkorra/ability/util/AbilityLoader.java:[90,41] sun.reflect.ReflectionFactory is internal proprietary API and may be removed in a future release
[WARNING] /home/travis/build/ProjectKorra/ProjectKorra/src/com/projectkorra/projectkorra/ability/util/AbilityLoader.java:[90,64] sun.reflect.ReflectionFactory is internal proprietary API and may be removed in a future release
[WARNING] /home/travis/build/ProjectKorra/ProjectKorra/src/com/projectkorra/projectkorra/GeneralMethods.java: Some input files use or override a deprecated API.
[WARNING] /home/travis/build/ProjectKorra/ProjectKorra/src/com/projectkorra/projectkorra/GeneralMethods.java: Recompile with -Xlint:deprecation for details.
[INFO] 8 warnings 
[INFO] -------------------------------------------------------------
[INFO] -------------------------------------------------------------
[ERROR] COMPILATION ERROR : 
[INFO] -------------------------------------------------------------
[ERROR] /home/travis/build/ProjectKorra/ProjectKorra/src/com/projectkorra/projectkorra/ability/WaterAbility.java:[287,60] cannot find symbol
  symbol:   variable FIRE_IGNITE
  location: class org.bukkit.Sound
[ERROR] /home/travis/build/ProjectKorra/ProjectKorra/src/com/projectkorra/projectkorra/ability/WaterAbility.java:[293,60] cannot find symbol
  symbol:   variable STEP_GRASS
  location: class org.bukkit.Sound
[ERROR] /home/travis/build/ProjectKorra/ProjectKorra/src/com/projectkorra/projectkorra/ability/WaterAbility.java:[299,60] cannot find symbol
  symbol:   variable WATER
  location: class org.bukkit.Sound
[ERROR] /home/travis/build/ProjectKorra/ProjectKorra/src/com/projectkorra/projectkorra/ability/AirAbility.java:[122,60] cannot find symbol
  symbol:   variable CREEPER_HISS
  location: class org.bukkit.Sound
[ERROR] /home/travis/build/ProjectKorra/ProjectKorra/src/com/projectkorra/projectkorra/ability/FireAbility.java:[155,60] cannot find symbol
  symbol:   variable FIREWORK_BLAST
  location: class org.bukkit.Sound
[ERROR] /home/travis/build/ProjectKorra/ProjectKorra/src/com/projectkorra/projectkorra/ability/FireAbility.java:[165,60] cannot find symbol
  symbol:   variable FIRE
  location: class org.bukkit.Sound
[ERROR] /home/travis/build/ProjectKorra/ProjectKorra/src/com/projectkorra/projectkorra/ability/EarthAbility.java:[500,60] cannot find symbol
  symbol:   variable IRONGOLEM_HIT
  location: class org.bukkit.Sound
[ERROR] /home/travis/build/ProjectKorra/ProjectKorra/src/com/projectkorra/projectkorra/ability/EarthAbility.java:[506,60] cannot find symbol
  symbol:   variable DIG_SAND
  location: class org.bukkit.Sound
[ERROR] /home/travis/build/ProjectKorra/ProjectKorra/src/com/projectkorra/projectkorra/airbending/AirBlast.java:[302,94] cannot find symbol
  symbol:   variable DOOR_CLOSE
  location: class org.bukkit.Sound
[ERROR] /home/travis/build/ProjectKorra/ProjectKorra/src/com/projectkorra/projectkorra/airbending/AirBlast.java:[305,94] cannot find symbol
  symbol:   variable DOOR_OPEN
  location: class org.bukkit.Sound
[ERROR] /home/travis/build/ProjectKorra/ProjectKorra/src/com/projectkorra/projectkorra/firebending/FireBlastCharged.java:[183,78] cannot find symbol
  symbol:   variable EXPLODE
  location: class org.bukkit.Sound
[ERROR] /home/travis/build/ProjectKorra/ProjectKorra/src/com/projectkorra/projectkorra/firebending/FireCombo.java:[179,86] cannot find symbol
  symbol:   variable VILLAGER_HIT
  location: class org.bukkit.Sound
[ERROR] /home/travis/build/ProjectKorra/ProjectKorra/src/com/projectkorra/projectkorra/firebending/FireCombo.java:[247,88] cannot find symbol
  symbol:   variable HORSE_JUMP
  location: class org.bukkit.Sound
[ERROR] /home/travis/build/ProjectKorra/ProjectKorra/src/com/projectkorra/projectkorra/firebending/FireCombo.java:[248,88] cannot find symbol
  symbol:   variable FIZZ
  location: class org.bukkit.Sound
[ERROR] /home/travis/build/ProjectKorra/ProjectKorra/src/com/projectkorra/projectkorra/firebending/FireCombo.java:[262,96] cannot find symbol
  symbol:   variable FIRE_IGNITE
  location: class org.bukkit.Sound
[ERROR] /home/travis/build/ProjectKorra/ProjectKorra/src/com/projectkorra/projectkorra/firebending/FireCombo.java:[284,88] cannot find symbol
  symbol:   variable FIZZ
  location: class org.bukkit.Sound
[ERROR] /home/travis/build/ProjectKorra/ProjectKorra/src/com/projectkorra/projectkorra/firebending/FireCombo.java:[331,96] cannot find symbol
  symbol:   variable EXPLODE
  location: class org.bukkit.Sound
[ERROR] /home/travis/build/ProjectKorra/ProjectKorra/src/com/projectkorra/projectkorra/firebending/FireCombo.java:[373,96] cannot find symbol
  symbol:   variable FIZZ
  location: class org.bukkit.Sound
[ERROR] /home/travis/build/ProjectKorra/ProjectKorra/src/com/projectkorra/projectkorra/firebending/FireCombo.java:[424,70] cannot find symbol
  symbol:   variable FIRE
  location: class org.bukkit.Sound
[ERROR] /home/travis/build/ProjectKorra/ProjectKorra/src/com/projectkorra/projectkorra/ability/AvatarAbility.java:[31,52] cannot find symbol
  symbol:   variable ANVIL_LAND
  location: class org.bukkit.Sound
[ERROR] /home/travis/build/ProjectKorra/ProjectKorra/src/com/projectkorra/projectkorra/firebending/Lightning.java:[125,68] cannot find symbol
  symbol:   variable CREEPER_HISS
  location: class org.bukkit.Sound
[ERROR] /home/travis/build/ProjectKorra/ProjectKorra/src/com/projectkorra/projectkorra/firebending/Lightning.java:[126,72] cannot find symbol
  symbol:   variable CREEPER_HISS
  location: class org.bukkit.Sound
[ERROR] /home/travis/build/ProjectKorra/ProjectKorra/src/com/projectkorra/projectkorra/firebending/Lightning.java:[535,108] cannot find symbol
  symbol:   variable CREEPER_HISS
  location: class org.bukkit.Sound
[ERROR] /home/travis/build/ProjectKorra/ProjectKorra/src/com/projectkorra/projectkorra/firebending/Lightning.java:[536,112] cannot find symbol
  symbol:   variable CREEPER_HISS
  location: class org.bukkit.Sound
[ERROR] /home/travis/build/ProjectKorra/ProjectKorra/src/com/projectkorra/projectkorra/waterbending/IceBlast.java:[309,62] cannot find symbol
  symbol:   variable GLASS
  location: class org.bukkit.Sound
[ERROR] /home/travis/build/ProjectKorra/ProjectKorra/src/com/projectkorra/projectkorra/earthbending/EarthPassive.java:[121,110] cannot find symbol
  symbol:   variable DOOR_CLOSE
  location: class org.bukkit.Sound
[ERROR] /home/travis/build/ProjectKorra/ProjectKorra/src/com/projectkorra/projectkorra/earthbending/EarthPassive.java:[124,110] cannot find symbol
  symbol:   variable DOOR_OPEN
  location: class org.bukkit.Sound
[INFO] 27 errors 
[INFO] -------------------------------------------------------------
[INFO] ------------------------------------------------------------------------
[INFO] BUILD FAILURE
[INFO] ------------------------------------------------------------------------
[INFO] Total time: 17.476 s
[INFO] Finished at: 2016-10-05T00:08:47+00:00
[INFO] Final Memory: 19M/491M
[INFO] ------------------------------------------------------------------------
[ERROR] Failed to execute goal org.apache.maven.plugins:maven-compiler-plugin:3.1:compile (default-compile) on project projectkorra: Compilation failure: Compilation failure:
[ERROR] /home/travis/build/ProjectKorra/ProjectKorra/src/com/projectkorra/projectkorra/ability/WaterAbility.java:[287,60] cannot find symbol
[ERROR] symbol:   variable FIRE_IGNITE
[ERROR] location: class org.bukkit.Sound
[ERROR] /home/travis/build/ProjectKorra/ProjectKorra/src/com/projectkorra/projectkorra/ability/WaterAbility.java:[293,60] cannot find symbol
[ERROR] symbol:   variable STEP_GRASS
[ERROR] location: class org.bukkit.Sound
[ERROR] /home/travis/build/ProjectKorra/ProjectKorra/src/com/projectkorra/projectkorra/ability/WaterAbility.java:[299,60] cannot find symbol
[ERROR] symbol:   variable WATER
[ERROR] location: class org.bukkit.Sound
[ERROR] /home/travis/build/ProjectKorra/ProjectKorra/src/com/projectkorra/projectkorra/ability/AirAbility.java:[122,60] cannot find symbol
[ERROR] symbol:   variable CREEPER_HISS
[ERROR] location: class org.bukkit.Sound
[ERROR] /home/travis/build/ProjectKorra/ProjectKorra/src/com/projectkorra/projectkorra/ability/FireAbility.java:[155,60] cannot find symbol
[ERROR] symbol:   variable FIREWORK_BLAST
[ERROR] location: class org.bukkit.Sound
[ERROR] /home/travis/build/ProjectKorra/ProjectKorra/src/com/projectkorra/projectkorra/ability/FireAbility.java:[165,60] cannot find symbol
[ERROR] symbol:   variable FIRE
[ERROR] location: class org.bukkit.Sound
[ERROR] /home/travis/build/ProjectKorra/ProjectKorra/src/com/projectkorra/projectkorra/ability/EarthAbility.java:[500,60] cannot find symbol
[ERROR] symbol:   variable IRONGOLEM_HIT
[ERROR] location: class org.bukkit.Sound
[ERROR] /home/travis/build/ProjectKorra/ProjectKorra/src/com/projectkorra/projectkorra/ability/EarthAbility.java:[506,60] cannot find symbol
[ERROR] symbol:   variable DIG_SAND
[ERROR] location: class org.bukkit.Sound
[ERROR] /home/travis/build/ProjectKorra/ProjectKorra/src/com/projectkorra/projectkorra/airbending/AirBlast.java:[302,94] cannot find symbol
[ERROR] symbol:   variable DOOR_CLOSE
[ERROR] location: class org.bukkit.Sound
[ERROR] /home/travis/build/ProjectKorra/ProjectKorra/src/com/projectkorra/projectkorra/airbending/AirBlast.java:[305,94] cannot find symbol
[ERROR] symbol:   variable DOOR_OPEN
[ERROR] location: class org.bukkit.Sound
[ERROR] /home/travis/build/ProjectKorra/ProjectKorra/src/com/projectkorra/projectkorra/firebending/FireBlastCharged.java:[183,78] cannot find symbol
[ERROR] symbol:   variable EXPLODE
[ERROR] location: class org.bukkit.Sound
[ERROR] /home/travis/build/ProjectKorra/ProjectKorra/src/com/projectkorra/projectkorra/firebending/FireCombo.java:[179,86] cannot find symbol
[ERROR] symbol:   variable VILLAGER_HIT
[ERROR] location: class org.bukkit.Sound
[ERROR] /home/travis/build/ProjectKorra/ProjectKorra/src/com/projectkorra/projectkorra/firebending/FireCombo.java:[247,88] cannot find symbol
[ERROR] symbol:   variable HORSE_JUMP
[ERROR] location: class org.bukkit.Sound
[ERROR] /home/travis/build/ProjectKorra/ProjectKorra/src/com/projectkorra/projectkorra/firebending/FireCombo.java:[248,88] cannot find symbol
[ERROR] symbol:   variable FIZZ
[ERROR] location: class org.bukkit.Sound
[ERROR] /home/travis/build/ProjectKorra/ProjectKorra/src/com/projectkorra/projectkorra/firebending/FireCombo.java:[262,96] cannot find symbol
[ERROR] symbol:   variable FIRE_IGNITE
[ERROR] location: class org.bukkit.Sound
[ERROR] /home/travis/build/ProjectKorra/ProjectKorra/src/com/projectkorra/projectkorra/firebending/FireCombo.java:[284,88] cannot find symbol
[ERROR] symbol:   variable FIZZ
[ERROR] location: class org.bukkit.Sound
[ERROR] /home/travis/build/ProjectKorra/ProjectKorra/src/com/projectkorra/projectkorra/firebending/FireCombo.java:[331,96] cannot find symbol
[ERROR] symbol:   variable EXPLODE
[ERROR] location: class org.bukkit.Sound
[ERROR] /home/travis/build/ProjectKorra/ProjectKorra/src/com/projectkorra/projectkorra/firebending/FireCombo.java:[373,96] cannot find symbol
[ERROR] symbol:   variable FIZZ
[ERROR] location: class org.bukkit.Sound
[ERROR] /home/travis/build/ProjectKorra/ProjectKorra/src/com/projectkorra/projectkorra/firebending/FireCombo.java:[424,70] cannot find symbol
[ERROR] symbol:   variable FIRE
[ERROR] location: class org.bukkit.Sound
[ERROR] /home/travis/build/ProjectKorra/ProjectKorra/src/com/projectkorra/projectkorra/ability/AvatarAbility.java:[31,52] cannot find symbol
[ERROR] symbol:   variable ANVIL_LAND
[ERROR] location: class org.bukkit.Sound
[ERROR] /home/travis/build/ProjectKorra/ProjectKorra/src/com/projectkorra/projectkorra/firebending/Lightning.java:[125,68] cannot find symbol
[ERROR] symbol:   variable CREEPER_HISS
[ERROR] location: class org.bukkit.Sound
[ERROR] /home/travis/build/ProjectKorra/ProjectKorra/src/com/projectkorra/projectkorra/firebending/Lightning.java:[126,72] cannot find symbol
[ERROR] symbol:   variable CREEPER_HISS
[ERROR] location: class org.bukkit.Sound
[ERROR] /home/travis/build/ProjectKorra/ProjectKorra/src/com/projectkorra/projectkorra/firebending/Lightning.java:[535,108] cannot find symbol
[ERROR] symbol:   variable CREEPER_HISS
[ERROR] location: class org.bukkit.Sound
[ERROR] /home/travis/build/ProjectKorra/ProjectKorra/src/com/projectkorra/projectkorra/firebending/Lightning.java:[536,112] cannot find symbol
[ERROR] symbol:   variable CREEPER_HISS
[ERROR] location: class org.bukkit.Sound
[ERROR] /home/travis/build/ProjectKorra/ProjectKorra/src/com/projectkorra/projectkorra/waterbending/IceBlast.java:[309,62] cannot find symbol
[ERROR] symbol:   variable GLASS
[ERROR] location: class org.bukkit.Sound
[ERROR] /home/travis/build/ProjectKorra/ProjectKorra/src/com/projectkorra/projectkorra/earthbending/EarthPassive.java:[121,110] cannot find symbol
[ERROR] symbol:   variable DOOR_CLOSE
[ERROR] location: class org.bukkit.Sound
[ERROR] /home/travis/build/ProjectKorra/ProjectKorra/src/com/projectkorra/projectkorra/earthbending/EarthPassive.java:[124,110] cannot find symbol
[ERROR] symbol:   variable DOOR_OPEN
[ERROR] location: class org.bukkit.Sound
[ERROR] -> [Help 1]
[ERROR] 
[ERROR] To see the full stack trace of the errors, re-run Maven with the -e switch.
[ERROR] Re-run Maven using the -X switch to enable full debug logging.
[ERROR] 
[ERROR] For more information about the errors and possible solutions, please read the following articles:
[ERROR] [Help 1] http://cwiki.apache.org/confluence/display/MAVEN/MojoFailureException

[31;1mThe command "eval mvn install -DskipTests=true -Dmaven.javadoc.skip=true -B -V" failed. Retrying, 2 of 3.[0m

Apache Maven 3.2.5 (12a6b3acb947671f09b81f49094c53f426d8cea1; 2014-12-14T17:29:23+00:00)
Maven home: /usr/local/maven
Java version: 1.7.0_76, vendor: Oracle Corporation
Java home: /usr/lib/jvm/java-7-oracle/jre
Default locale: en_US, platform encoding: UTF-8
OS name: "linux", version: "3.13.0-40-generic", arch: "amd64", family: "unix"
[INFO] Scanning for projects...
[WARNING] 
[WARNING] Some problems were encountered while building the effective model for com.projectkorra:projectkorra:jar:don't matter
[WARNING] 'dependencies.dependency.systemPath' for me.ryanhamshire:GriefPrevention:jar should not point at files within the project directory, ${basedir}/lib/GriefPrevention 10.5.3.jar will be unresolvable by dependent projects @ line 76, column 25
[WARNING] 'dependencies.dependency.systemPath' for com.griefcraft:lwc:jar should not point at files within the project directory, ${basedir}/lib/LWC.jar will be unresolvable by dependent projects @ line 83, column 25
[WARNING] 'dependencies.dependency.systemPath' for com.massivecraft:massivecore:jar should not point at files within the project directory, ${basedir}/lib/MassiveCore 2.7.5.jar will be unresolvable by dependent projects @ line 90, column 25
[WARNING] 'dependencies.dependency.systemPath' for fr.neatmonster:nocheatplus:jar should not point at files within the project directory, ${basedir}/lib/NoCheatPlus.jar will be unresolvable by dependent projects @ line 97, column 25
[WARNING] 'dependencies.dependency.systemPath' for com.palmergames.bukkit:towny:jar should not point at files within the project directory, ${basedir}/lib/Towny.jar will be unresolvable by dependent projects @ line 104, column 25
[WARNING] 'dependencies.dependency.systemPath' for com.bekvon.bukkit:residence:jar should not point at files within the project directory, ${basedir}/lib/Residence4.0.0.4.jar will be unresolvable by dependent projects @ line 111, column 25
[WARNING] 'dependencies.dependency.systemPath' for com.projectkorra:spirits:jar should not point at files within the project directory, ${basedir}/lib/ProjectKorraSpirits.jar will be unresolvable by dependent projects @ line 118, column 25
[WARNING] 'dependencies.dependency.systemPath' for com.projectkorra:rpg:jar should not point at files within the project directory, ${basedir}/lib/ProjectKorraRPG.jar will be unresolvable by dependent projects @ line 125, column 25
[WARNING] 'dependencies.dependency.systemPath' for com.projectkorra:items:jar should not point at files within the project directory, ${basedir}/lib/ProjectKorraItems.jar will be unresolvable by dependent projects @ line 132, column 25
[WARNING] 'dependencies.dependency.systemPath' for net.sacredlabyrinth.Phaed:PreciousStones:jar should not point at files within the project directory, ${basedir}/lib/PreciousStones 9.7.1.jar will be unresolvable by dependent projects @ line 139, column 25
[WARNING] 'dependencies.dependency.systemPath' for com.massivecraft:factions:jar should not point at files within the project directory, ${basedir}/lib/Factions 2.7.5.jar will be unresolvable by dependent projects @ line 146, column 25
[WARNING] 
[WARNING] It is highly recommended to fix these problems because they threaten the stability of your build.
[WARNING] 
[WARNING] For this reason, future Maven versions might no longer support building such malformed projects.
[WARNING] 
[INFO]                                                                         
[INFO] ------------------------------------------------------------------------
[INFO] Building projectkorra don't matter
[INFO] ------------------------------------------------------------------------
[INFO] Downloading: https://repository.apache.org/snapshots/org/spigotmc/spigot-api/1.10.2-R0.1-SNAPSHOT/maven-metadata.xml
[INFO] Downloading: https://nexus.codehaus.org/snapshots/org/spigotmc/spigot-api/1.10.2-R0.1-SNAPSHOT/maven-metadata.xml
[WARNING] Could not transfer metadata org.spigotmc:spigot-api:1.10.2-R0.1-SNAPSHOT/maven-metadata.xml from/to codehaus-snapshots (https://nexus.codehaus.org/snapshots/): nexus.codehaus.org: Name or service not known
[WARNING] Failure to transfer org.spigotmc:spigot-api:1.10.2-R0.1-SNAPSHOT/maven-metadata.xml from https://nexus.codehaus.org/snapshots/ was cached in the local repository, resolution will not be reattempted until the update interval of codehaus-snapshots has elapsed or updates are forced. Original error: Could not transfer metadata org.spigotmc:spigot-api:1.10.2-R0.1-SNAPSHOT/maven-metadata.xml from/to codehaus-snapshots (https://nexus.codehaus.org/snapshots/): nexus.codehaus.org: Name or service not known
[INFO] Downloading: https://repository.apache.org/snapshots/net/md-5/bungeecord-chat/1.10-SNAPSHOT/maven-metadata.xml
[INFO] Downloading: https://nexus.codehaus.org/snapshots/net/md-5/bungeecord-chat/1.10-SNAPSHOT/maven-metadata.xml
[WARNING] Could not transfer metadata net.md-5:bungeecord-chat:1.10-SNAPSHOT/maven-metadata.xml from/to codehaus-snapshots (https://nexus.codehaus.org/snapshots/): nexus.codehaus.org
[WARNING] Failure to transfer net.md-5:bungeecord-chat:1.10-SNAPSHOT/maven-metadata.xml from https://nexus.codehaus.org/snapshots/ was cached in the local repository, resolution will not be reattempted until the update interval of codehaus-snapshots has elapsed or updates are forced. Original error: Could not transfer metadata net.md-5:bungeecord-chat:1.10-SNAPSHOT/maven-metadata.xml from/to codehaus-snapshots (https://nexus.codehaus.org/snapshots/): nexus.codehaus.org
[INFO] Downloading: https://repository.apache.org/snapshots/net/md-5/bungeecord-parent/1.10-SNAPSHOT/maven-metadata.xml
[INFO] Downloading: https://nexus.codehaus.org/snapshots/net/md-5/bungeecord-parent/1.10-SNAPSHOT/maven-metadata.xml
[WARNING] Could not transfer metadata net.md-5:bungeecord-parent:1.10-SNAPSHOT/maven-metadata.xml from/to codehaus-snapshots (https://nexus.codehaus.org/snapshots/): nexus.codehaus.org
[INFO] Downloading: https://repository.apache.org/snapshots/com/sk89q/worldguard/6.1.1-SNAPSHOT/maven-metadata.xml
[INFO] Downloading: https://nexus.codehaus.org/snapshots/com/sk89q/worldguard/6.1.1-SNAPSHOT/maven-metadata.xml
[WARNING] Could not transfer metadata com.sk89q:worldguard:6.1.1-SNAPSHOT/maven-metadata.xml from/to codehaus-snapshots (https://nexus.codehaus.org/snapshots/): nexus.codehaus.org
[WARNING] Failure to transfer com.sk89q:worldguard:6.1.1-SNAPSHOT/maven-metadata.xml from https://nexus.codehaus.org/snapshots/ was cached in the local repository, resolution will not be reattempted until the update interval of codehaus-snapshots has elapsed or updates are forced. Original error: Could not transfer metadata com.sk89q:worldguard:6.1.1-SNAPSHOT/maven-metadata.xml from/to codehaus-snapshots (https://nexus.codehaus.org/snapshots/): nexus.codehaus.org
[INFO] Downloading: https://repository.apache.org/snapshots/com/sk89q/spigot/bukkit-classloader-check/1.8-R0.1-SNAPSHOT/maven-metadata.xml
[INFO] Downloading: https://nexus.codehaus.org/snapshots/com/sk89q/spigot/bukkit-classloader-check/1.8-R0.1-SNAPSHOT/maven-metadata.xml
[WARNING] Could not transfer metadata com.sk89q.spigot:bukkit-classloader-check:1.8-R0.1-SNAPSHOT/maven-metadata.xml from/to codehaus-snapshots (https://nexus.codehaus.org/snapshots/): nexus.codehaus.org
[WARNING] Failure to transfer com.sk89q.spigot:bukkit-classloader-check:1.8-R0.1-SNAPSHOT/maven-metadata.xml from https://nexus.codehaus.org/snapshots/ was cached in the local repository, resolution will not be reattempted until the update interval of codehaus-snapshots has elapsed or updates are forced. Original error: Could not transfer metadata com.sk89q.spigot:bukkit-classloader-check:1.8-R0.1-SNAPSHOT/maven-metadata.xml from/to codehaus-snapshots (https://nexus.codehaus.org/snapshots/): nexus.codehaus.org
[INFO] Downloading: https://repository.apache.org/snapshots/org/bukkit/bukkit/1.8.6-R0.1-SNAPSHOT/maven-metadata.xml
[INFO] Downloading: https://nexus.codehaus.org/snapshots/org/bukkit/bukkit/1.8.6-R0.1-SNAPSHOT/maven-metadata.xml
[WARNING] Could not transfer metadata org.bukkit:bukkit:1.8.6-R0.1-SNAPSHOT/maven-metadata.xml from/to codehaus-snapshots (https://nexus.codehaus.org/snapshots/): nexus.codehaus.org
[WARNING] Failure to transfer org.bukkit:bukkit:1.8.6-R0.1-SNAPSHOT/maven-metadata.xml from https://nexus.codehaus.org/snapshots/ was cached in the local repository, resolution will not be reattempted until the update interval of codehaus-snapshots has elapsed or updates are forced. Original error: Could not transfer metadata org.bukkit:bukkit:1.8.6-R0.1-SNAPSHOT/maven-metadata.xml from/to codehaus-snapshots (https://nexus.codehaus.org/snapshots/): nexus.codehaus.org
[INFO] Downloading: https://repository.apache.org/snapshots/com/sk89q/worldedit/worldedit-bukkit/6.1.4-SNAPSHOT/maven-metadata.xml
[INFO] Downloading: https://nexus.codehaus.org/snapshots/com/sk89q/worldedit/worldedit-bukkit/6.1.4-SNAPSHOT/maven-metadata.xml
[WARNING] Could not transfer metadata com.sk89q.worldedit:worldedit-bukkit:6.1.4-SNAPSHOT/maven-metadata.xml from/to codehaus-snapshots (https://nexus.codehaus.org/snapshots/): nexus.codehaus.org
[WARNING] Failure to transfer com.sk89q.worldedit:worldedit-bukkit:6.1.4-SNAPSHOT/maven-metadata.xml from https://nexus.codehaus.org/snapshots/ was cached in the local repository, resolution will not be reattempted until the update interval of codehaus-snapshots has elapsed or updates are forced. Original error: Could not transfer metadata com.sk89q.worldedit:worldedit-bukkit:6.1.4-SNAPSHOT/maven-metadata.xml from/to codehaus-snapshots (https://nexus.codehaus.org/snapshots/): nexus.codehaus.org
[INFO] Downloading: https://repository.apache.org/snapshots/org/bukkit/bukkit/1.9.4-R0.1-SNAPSHOT/maven-metadata.xml
[INFO] Downloading: https://nexus.codehaus.org/snapshots/org/bukkit/bukkit/1.9.4-R0.1-SNAPSHOT/maven-metadata.xml
[WARNING] Could not transfer metadata org.bukkit:bukkit:1.9.4-R0.1-SNAPSHOT/maven-metadata.xml from/to codehaus-snapshots (https://nexus.codehaus.org/snapshots/): nexus.codehaus.org
[WARNING] Failure to transfer org.bukkit:bukkit:1.9.4-R0.1-SNAPSHOT/maven-metadata.xml from https://nexus.codehaus.org/snapshots/ was cached in the local repository, resolution will not be reattempted until the update interval of codehaus-snapshots has elapsed or updates are forced. Original error: Could not transfer metadata org.bukkit:bukkit:1.9.4-R0.1-SNAPSHOT/maven-metadata.xml from/to codehaus-snapshots (https://nexus.codehaus.org/snapshots/): nexus.codehaus.org
[INFO] Downloading: https://repository.apache.org/snapshots/com/sk89q/worldedit/worldedit-core/6.1.4-SNAPSHOT/maven-metadata.xml
[INFO] Downloading: https://nexus.codehaus.org/snapshots/com/sk89q/worldedit/worldedit-core/6.1.4-SNAPSHOT/maven-metadata.xml
[WARNING] Could not transfer metadata com.sk89q.worldedit:worldedit-core:6.1.4-SNAPSHOT/maven-metadata.xml from/to codehaus-snapshots (https://nexus.codehaus.org/snapshots/): nexus.codehaus.org
[WARNING] Failure to transfer com.sk89q.worldedit:worldedit-core:6.1.4-SNAPSHOT/maven-metadata.xml from https://nexus.codehaus.org/snapshots/ was cached in the local repository, resolution will not be reattempted until the update interval of codehaus-snapshots has elapsed or updates are forced. Original error: Could not transfer metadata com.sk89q.worldedit:worldedit-core:6.1.4-SNAPSHOT/maven-metadata.xml from/to codehaus-snapshots (https://nexus.codehaus.org/snapshots/): nexus.codehaus.org
[INFO] 
[INFO] --- maven-resources-plugin:2.6:resources (default-resources) @ projectkorra ---
[WARNING] File encoding has not been set, using platform encoding UTF-8, i.e. build is platform dependent!
[WARNING] Using platform encoding (UTF-8 actually) to copy filtered resources, i.e. build is platform dependent!
[INFO] Copying 1 resource
[INFO] 
[INFO] --- maven-compiler-plugin:3.1:compile (default-compile) @ projectkorra ---
[INFO] Changes detected - recompiling the module!
[WARNING] File encoding has not been set, using platform encoding UTF-8, i.e. build is platform dependent!
[INFO] Compiling 195 source files to /home/travis/build/ProjectKorra/ProjectKorra/target/classes
[INFO] -------------------------------------------------------------
[WARNING] COMPILATION WARNING : 
[INFO] -------------------------------------------------------------
[WARNING] /home/travis/build/ProjectKorra/ProjectKorra/src/com/projectkorra/projectkorra/ability/CoreAbility.java:[40,19] sun.reflect.ReflectionFactory is internal proprietary API and may be removed in a future release
[WARNING] /home/travis/build/ProjectKorra/ProjectKorra/src/com/projectkorra/projectkorra/ability/util/AbilityLoader.java:[3,19] sun.reflect.ReflectionFactory is internal proprietary API and may be removed in a future release
[WARNING] /home/travis/build/ProjectKorra/ProjectKorra/src/com/projectkorra/projectkorra/ability/CoreAbility.java:[367,17] sun.reflect.ReflectionFactory is internal proprietary API and may be removed in a future release
[WARNING] /home/travis/build/ProjectKorra/ProjectKorra/src/com/projectkorra/projectkorra/ability/CoreAbility.java:[367,40] sun.reflect.ReflectionFactory is internal proprietary API and may be removed in a future release
[WARNING] /home/travis/build/ProjectKorra/ProjectKorra/src/com/projectkorra/projectkorra/ability/util/AbilityLoader.java:[90,41] sun.reflect.ReflectionFactory is internal proprietary API and may be removed in a future release
[WARNING] /home/travis/build/ProjectKorra/ProjectKorra/src/com/projectkorra/projectkorra/ability/util/AbilityLoader.java:[90,64] sun.reflect.ReflectionFactory is internal proprietary API and may be removed in a future release
[WARNING] /home/travis/build/ProjectKorra/ProjectKorra/src/com/projectkorra/projectkorra/GeneralMethods.java: Some input files use or override a deprecated API.
[WARNING] /home/travis/build/ProjectKorra/ProjectKorra/src/com/projectkorra/projectkorra/GeneralMethods.java: Recompile with -Xlint:deprecation for details.
[INFO] 8 warnings 
[INFO] -------------------------------------------------------------
[INFO] -------------------------------------------------------------
[ERROR] COMPILATION ERROR : 
[INFO] -------------------------------------------------------------
[ERROR] /home/travis/build/ProjectKorra/ProjectKorra/src/com/projectkorra/projectkorra/ability/WaterAbility.java:[287,60] cannot find symbol
  symbol:   variable FIRE_IGNITE
  location: class org.bukkit.Sound
[ERROR] /home/travis/build/ProjectKorra/ProjectKorra/src/com/projectkorra/projectkorra/ability/WaterAbility.java:[293,60] cannot find symbol
  symbol:   variable STEP_GRASS
  location: class org.bukkit.Sound
[ERROR] /home/travis/build/ProjectKorra/ProjectKorra/src/com/projectkorra/projectkorra/ability/WaterAbility.java:[299,60] cannot find symbol
  symbol:   variable WATER
  location: class org.bukkit.Sound
[ERROR] /home/travis/build/ProjectKorra/ProjectKorra/src/com/projectkorra/projectkorra/ability/AirAbility.java:[122,60] cannot find symbol
  symbol:   variable CREEPER_HISS
  location: class org.bukkit.Sound
[ERROR] /home/travis/build/ProjectKorra/ProjectKorra/src/com/projectkorra/projectkorra/ability/FireAbility.java:[155,60] cannot find symbol
  symbol:   variable FIREWORK_BLAST
  location: class org.bukkit.Sound
[ERROR] /home/travis/build/ProjectKorra/ProjectKorra/src/com/projectkorra/projectkorra/ability/FireAbility.java:[165,60] cannot find symbol
  symbol:   variable FIRE
  location: class org.bukkit.Sound
[ERROR] /home/travis/build/ProjectKorra/ProjectKorra/src/com/projectkorra/projectkorra/ability/EarthAbility.java:[500,60] cannot find symbol
  symbol:   variable IRONGOLEM_HIT
  location: class org.bukkit.Sound
[ERROR] /home/travis/build/ProjectKorra/ProjectKorra/src/com/projectkorra/projectkorra/ability/EarthAbility.java:[506,60] cannot find symbol
  symbol:   variable DIG_SAND
  location: class org.bukkit.Sound
[ERROR] /home/travis/build/ProjectKorra/ProjectKorra/src/com/projectkorra/projectkorra/airbending/AirBlast.java:[302,94] cannot find symbol
  symbol:   variable DOOR_CLOSE
  location: class org.bukkit.Sound
[ERROR] /home/travis/build/ProjectKorra/ProjectKorra/src/com/projectkorra/projectkorra/airbending/AirBlast.java:[305,94] cannot find symbol
  symbol:   variable DOOR_OPEN
  location: class org.bukkit.Sound
[ERROR] /home/travis/build/ProjectKorra/ProjectKorra/src/com/projectkorra/projectkorra/firebending/FireBlastCharged.java:[183,78] cannot find symbol
  symbol:   variable EXPLODE
  location: class org.bukkit.Sound
[ERROR] /home/travis/build/ProjectKorra/ProjectKorra/src/com/projectkorra/projectkorra/firebending/FireCombo.java:[179,86] cannot find symbol
  symbol:   variable VILLAGER_HIT
  location: class org.bukkit.Sound
[ERROR] /home/travis/build/ProjectKorra/ProjectKorra/src/com/projectkorra/projectkorra/firebending/FireCombo.java:[247,88] cannot find symbol
  symbol:   variable HORSE_JUMP
  location: class org.bukkit.Sound
[ERROR] /home/travis/build/ProjectKorra/ProjectKorra/src/com/projectkorra/projectkorra/firebending/FireCombo.java:[248,88] cannot find symbol
  symbol:   variable FIZZ
  location: class org.bukkit.Sound
[ERROR] /home/travis/build/ProjectKorra/ProjectKorra/src/com/projectkorra/projectkorra/firebending/FireCombo.java:[262,96] cannot find symbol
  symbol:   variable FIRE_IGNITE
  location: class org.bukkit.Sound
[ERROR] /home/travis/build/ProjectKorra/ProjectKorra/src/com/projectkorra/projectkorra/firebending/FireCombo.java:[284,88] cannot find symbol
  symbol:   variable FIZZ
  location: class org.bukkit.Sound
[ERROR] /home/travis/build/ProjectKorra/ProjectKorra/src/com/projectkorra/projectkorra/firebending/FireCombo.java:[331,96] cannot find symbol
  symbol:   variable EXPLODE
  location: class org.bukkit.Sound
[ERROR] /home/travis/build/ProjectKorra/ProjectKorra/src/com/projectkorra/projectkorra/firebending/FireCombo.java:[373,96] cannot find symbol
  symbol:   variable FIZZ
  location: class org.bukkit.Sound
[ERROR] /home/travis/build/ProjectKorra/ProjectKorra/src/com/projectkorra/projectkorra/firebending/FireCombo.java:[424,70] cannot find symbol
  symbol:   variable FIRE
  location: class org.bukkit.Sound
[ERROR] /home/travis/build/ProjectKorra/ProjectKorra/src/com/projectkorra/projectkorra/ability/AvatarAbility.java:[31,52] cannot find symbol
  symbol:   variable ANVIL_LAND
  location: class org.bukkit.Sound
[ERROR] /home/travis/build/ProjectKorra/ProjectKorra/src/com/projectkorra/projectkorra/firebending/Lightning.java:[125,68] cannot find symbol
  symbol:   variable CREEPER_HISS
  location: class org.bukkit.Sound
[ERROR] /home/travis/build/ProjectKorra/ProjectKorra/src/com/projectkorra/projectkorra/firebending/Lightning.java:[126,72] cannot find symbol
  symbol:   variable CREEPER_HISS
  location: class org.bukkit.Sound
[ERROR] /home/travis/build/ProjectKorra/ProjectKorra/src/com/projectkorra/projectkorra/firebending/Lightning.java:[535,108] cannot find symbol
  symbol:   variable CREEPER_HISS
  location: class org.bukkit.Sound
[ERROR] /home/travis/build/ProjectKorra/ProjectKorra/src/com/projectkorra/projectkorra/firebending/Lightning.java:[536,112] cannot find symbol
  symbol:   variable CREEPER_HISS
  location: class org.bukkit.Sound
[ERROR] /home/travis/build/ProjectKorra/ProjectKorra/src/com/projectkorra/projectkorra/waterbending/IceBlast.java:[309,62] cannot find symbol
  symbol:   variable GLASS
  location: class org.bukkit.Sound
[ERROR] /home/travis/build/ProjectKorra/ProjectKorra/src/com/projectkorra/projectkorra/earthbending/EarthPassive.java:[121,110] cannot find symbol
  symbol:   variable DOOR_CLOSE
  location: class org.bukkit.Sound
[ERROR] /home/travis/build/ProjectKorra/ProjectKorra/src/com/projectkorra/projectkorra/earthbending/EarthPassive.java:[124,110] cannot find symbol
  symbol:   variable DOOR_OPEN
  location: class org.bukkit.Sound
[INFO] 27 errors 
[INFO] -------------------------------------------------------------
[INFO] ------------------------------------------------------------------------
[INFO] BUILD FAILURE
[INFO] ------------------------------------------------------------------------
[INFO] Total time: 10.299 s
[INFO] Finished at: 2016-10-05T00:09:01+00:00
[INFO] Final Memory: 18M/491M
[INFO] ------------------------------------------------------------------------
[ERROR] Failed to execute goal org.apache.maven.plugins:maven-compiler-plugin:3.1:compile (default-compile) on project projectkorra: Compilation failure: Compilation failure:
[ERROR] /home/travis/build/ProjectKorra/ProjectKorra/src/com/projectkorra/projectkorra/ability/WaterAbility.java:[287,60] cannot find symbol
[ERROR] symbol:   variable FIRE_IGNITE
[ERROR] location: class org.bukkit.Sound
[ERROR] /home/travis/build/ProjectKorra/ProjectKorra/src/com/projectkorra/projectkorra/ability/WaterAbility.java:[293,60] cannot find symbol
[ERROR] symbol:   variable STEP_GRASS
[ERROR] location: class org.bukkit.Sound
[ERROR] /home/travis/build/ProjectKorra/ProjectKorra/src/com/projectkorra/projectkorra/ability/WaterAbility.java:[299,60] cannot find symbol
[ERROR] symbol:   variable WATER
[ERROR] location: class org.bukkit.Sound
[ERROR] /home/travis/build/ProjectKorra/ProjectKorra/src/com/projectkorra/projectkorra/ability/AirAbility.java:[122,60] cannot find symbol
[ERROR] symbol:   variable CREEPER_HISS
[ERROR] location: class org.bukkit.Sound
[ERROR] /home/travis/build/ProjectKorra/ProjectKorra/src/com/projectkorra/projectkorra/ability/FireAbility.java:[155,60] cannot find symbol
[ERROR] symbol:   variable FIREWORK_BLAST
[ERROR] location: class org.bukkit.Sound
[ERROR] /home/travis/build/ProjectKorra/ProjectKorra/src/com/projectkorra/projectkorra/ability/FireAbility.java:[165,60] cannot find symbol
[ERROR] symbol:   variable FIRE
[ERROR] location: class org.bukkit.Sound
[ERROR] /home/travis/build/ProjectKorra/ProjectKorra/src/com/projectkorra/projectkorra/ability/EarthAbility.java:[500,60] cannot find symbol
[ERROR] symbol:   variable IRONGOLEM_HIT
[ERROR] location: class org.bukkit.Sound
[ERROR] /home/travis/build/ProjectKorra/ProjectKorra/src/com/projectkorra/projectkorra/ability/EarthAbility.java:[506,60] cannot find symbol
[ERROR] symbol:   variable DIG_SAND
[ERROR] location: class org.bukkit.Sound
[ERROR] /home/travis/build/ProjectKorra/ProjectKorra/src/com/projectkorra/projectkorra/airbending/AirBlast.java:[302,94] cannot find symbol
[ERROR] symbol:   variable DOOR_CLOSE
[ERROR] location: class org.bukkit.Sound
[ERROR] /home/travis/build/ProjectKorra/ProjectKorra/src/com/projectkorra/projectkorra/airbending/AirBlast.java:[305,94] cannot find symbol
[ERROR] symbol:   variable DOOR_OPEN
[ERROR] location: class org.bukkit.Sound
[ERROR] /home/travis/build/ProjectKorra/ProjectKorra/src/com/projectkorra/projectkorra/firebending/FireBlastCharged.java:[183,78] cannot find symbol
[ERROR] symbol:   variable EXPLODE
[ERROR] location: class org.bukkit.Sound
[ERROR] /home/travis/build/ProjectKorra/ProjectKorra/src/com/projectkorra/projectkorra/firebending/FireCombo.java:[179,86] cannot find symbol
[ERROR] symbol:   variable VILLAGER_HIT
[ERROR] location: class org.bukkit.Sound
[ERROR] /home/travis/build/ProjectKorra/ProjectKorra/src/com/projectkorra/projectkorra/firebending/FireCombo.java:[247,88] cannot find symbol
[ERROR] symbol:   variable HORSE_JUMP
[ERROR] location: class org.bukkit.Sound
[ERROR] /home/travis/build/ProjectKorra/ProjectKorra/src/com/projectkorra/projectkorra/firebending/FireCombo.java:[248,88] cannot find symbol
[ERROR] symbol:   variable FIZZ
[ERROR] location: class org.bukkit.Sound
[ERROR] /home/travis/build/ProjectKorra/ProjectKorra/src/com/projectkorra/projectkorra/firebending/FireCombo.java:[262,96] cannot find symbol
[ERROR] symbol:   variable FIRE_IGNITE
[ERROR] location: class org.bukkit.Sound
[ERROR] /home/travis/build/ProjectKorra/ProjectKorra/src/com/projectkorra/projectkorra/firebending/FireCombo.java:[284,88] cannot find symbol
[ERROR] symbol:   variable FIZZ
[ERROR] location: class org.bukkit.Sound
[ERROR] /home/travis/build/ProjectKorra/ProjectKorra/src/com/projectkorra/projectkorra/firebending/FireCombo.java:[331,96] cannot find symbol
[ERROR] symbol:   variable EXPLODE
[ERROR] location: class org.bukkit.Sound
[ERROR] /home/travis/build/ProjectKorra/ProjectKorra/src/com/projectkorra/projectkorra/firebending/FireCombo.java:[373,96] cannot find symbol
[ERROR] symbol:   variable FIZZ
[ERROR] location: class org.bukkit.Sound
[ERROR] /home/travis/build/ProjectKorra/ProjectKorra/src/com/projectkorra/projectkorra/firebending/FireCombo.java:[424,70] cannot find symbol
[ERROR] symbol:   variable FIRE
[ERROR] location: class org.bukkit.Sound
[ERROR] /home/travis/build/ProjectKorra/ProjectKorra/src/com/projectkorra/projectkorra/ability/AvatarAbility.java:[31,52] cannot find symbol
[ERROR] symbol:   variable ANVIL_LAND
[ERROR] location: class org.bukkit.Sound
[ERROR] /home/travis/build/ProjectKorra/ProjectKorra/src/com/projectkorra/projectkorra/firebending/Lightning.java:[125,68] cannot find symbol
[ERROR] symbol:   variable CREEPER_HISS
[ERROR] location: class org.bukkit.Sound
[ERROR] /home/travis/build/ProjectKorra/ProjectKorra/src/com/projectkorra/projectkorra/firebending/Lightning.java:[126,72] cannot find symbol
[ERROR] symbol:   variable CREEPER_HISS
[ERROR] location: class org.bukkit.Sound
[ERROR] /home/travis/build/ProjectKorra/ProjectKorra/src/com/projectkorra/projectkorra/firebending/Lightning.java:[535,108] cannot find symbol
[ERROR] symbol:   variable CREEPER_HISS
[ERROR] location: class org.bukkit.Sound
[ERROR] /home/travis/build/ProjectKorra/ProjectKorra/src/com/projectkorra/projectkorra/firebending/Lightning.java:[536,112] cannot find symbol
[ERROR] symbol:   variable CREEPER_HISS
[ERROR] location: class org.bukkit.Sound
[ERROR] /home/travis/build/ProjectKorra/ProjectKorra/src/com/projectkorra/projectkorra/waterbending/IceBlast.java:[309,62] cannot find symbol
[ERROR] symbol:   variable GLASS
[ERROR] location: class org.bukkit.Sound
[ERROR] /home/travis/build/ProjectKorra/ProjectKorra/src/com/projectkorra/projectkorra/earthbending/EarthPassive.java:[121,110] cannot find symbol
[ERROR] symbol:   variable DOOR_CLOSE
[ERROR] location: class org.bukkit.Sound
[ERROR] /home/travis/build/ProjectKorra/ProjectKorra/src/com/projectkorra/projectkorra/earthbending/EarthPassive.java:[124,110] cannot find symbol
[ERROR] symbol:   variable DOOR_OPEN
[ERROR] location: class org.bukkit.Sound
[ERROR] -> [Help 1]
[ERROR] 
[ERROR] To see the full stack trace of the errors, re-run Maven with the -e switch.
[ERROR] Re-run Maven using the -X switch to enable full debug logging.
[ERROR] 
[ERROR] For more information about the errors and possible solutions, please read the following articles:
[ERROR] [Help 1] http://cwiki.apache.org/confluence/display/MAVEN/MojoFailureException

[31;1mThe command "eval mvn install -DskipTests=true -Dmaven.javadoc.skip=true -B -V" failed. Retrying, 3 of 3.[0m

Apache Maven 3.2.5 (12a6b3acb947671f09b81f49094c53f426d8cea1; 2014-12-14T17:29:23+00:00)
Maven home: /usr/local/maven
Java version: 1.7.0_76, vendor: Oracle Corporation
Java home: /usr/lib/jvm/java-7-oracle/jre
Default locale: en_US, platform encoding: UTF-8
OS name: "linux", version: "3.13.0-40-generic", arch: "amd64", family: "unix"
[INFO] Scanning for projects...
[WARNING] 
[WARNING] Some problems were encountered while building the effective model for com.projectkorra:projectkorra:jar:don't matter
[WARNING] 'dependencies.dependency.systemPath' for me.ryanhamshire:GriefPrevention:jar should not point at files within the project directory, ${basedir}/lib/GriefPrevention 10.5.3.jar will be unresolvable by dependent projects @ line 76, column 25
[WARNING] 'dependencies.dependency.systemPath' for com.griefcraft:lwc:jar should not point at files within the project directory, ${basedir}/lib/LWC.jar will be unresolvable by dependent projects @ line 83, column 25
[WARNING] 'dependencies.dependency.systemPath' for com.massivecraft:massivecore:jar should not point at files within the project directory, ${basedir}/lib/MassiveCore 2.7.5.jar will be unresolvable by dependent projects @ line 90, column 25
[WARNING] 'dependencies.dependency.systemPath' for fr.neatmonster:nocheatplus:jar should not point at files within the project directory, ${basedir}/lib/NoCheatPlus.jar will be unresolvable by dependent projects @ line 97, column 25
[WARNING] 'dependencies.dependency.systemPath' for com.palmergames.bukkit:towny:jar should not point at files within the project directory, ${basedir}/lib/Towny.jar will be unresolvable by dependent projects @ line 104, column 25
[WARNING] 'dependencies.dependency.systemPath' for com.bekvon.bukkit:residence:jar should not point at files within the project directory, ${basedir}/lib/Residence4.0.0.4.jar will be unresolvable by dependent projects @ line 111, column 25
[WARNING] 'dependencies.dependency.systemPath' for com.projectkorra:spirits:jar should not point at files within the project directory, ${basedir}/lib/ProjectKorraSpirits.jar will be unresolvable by dependent projects @ line 118, column 25
[WARNING] 'dependencies.dependency.systemPath' for com.projectkorra:rpg:jar should not point at files within the project directory, ${basedir}/lib/ProjectKorraRPG.jar will be unresolvable by dependent projects @ line 125, column 25
[WARNING] 'dependencies.dependency.systemPath' for com.projectkorra:items:jar should not point at files within the project directory, ${basedir}/lib/ProjectKorraItems.jar will be unresolvable by dependent projects @ line 132, column 25
[WARNING] 'dependencies.dependency.systemPath' for net.sacredlabyrinth.Phaed:PreciousStones:jar should not point at files within the project directory, ${basedir}/lib/PreciousStones 9.7.1.jar will be unresolvable by dependent projects @ line 139, column 25
[WARNING] 'dependencies.dependency.systemPath' for com.massivecraft:factions:jar should not point at files within the project directory, ${basedir}/lib/Factions 2.7.5.jar will be unresolvable by dependent projects @ line 146, column 25
[WARNING] 
[WARNING] It is highly recommended to fix these problems because they threaten the stability of your build.
[WARNING] 
[WARNING] For this reason, future Maven versions might no longer support building such malformed projects.
[WARNING] 
[INFO]                                                                         
[INFO] ------------------------------------------------------------------------
[INFO] Building projectkorra don't matter
[INFO] ------------------------------------------------------------------------
[INFO] Downloading: https://repository.apache.org/snapshots/org/spigotmc/spigot-api/1.10.2-R0.1-SNAPSHOT/maven-metadata.xml
[INFO] Downloading: https://nexus.codehaus.org/snapshots/org/spigotmc/spigot-api/1.10.2-R0.1-SNAPSHOT/maven-metadata.xml
[WARNING] Could not transfer metadata org.spigotmc:spigot-api:1.10.2-R0.1-SNAPSHOT/maven-metadata.xml from/to codehaus-snapshots (https://nexus.codehaus.org/snapshots/): nexus.codehaus.org: Name or service not known
[WARNING] Failure to transfer org.spigotmc:spigot-api:1.10.2-R0.1-SNAPSHOT/maven-metadata.xml from https://nexus.codehaus.org/snapshots/ was cached in the local repository, resolution will not be reattempted until the update interval of codehaus-snapshots has elapsed or updates are forced. Original error: Could not transfer metadata org.spigotmc:spigot-api:1.10.2-R0.1-SNAPSHOT/maven-metadata.xml from/to codehaus-snapshots (https://nexus.codehaus.org/snapshots/): nexus.codehaus.org: Name or service not known
[INFO] Downloading: https://repository.apache.org/snapshots/net/md-5/bungeecord-chat/1.10-SNAPSHOT/maven-metadata.xml
[INFO] Downloading: https://nexus.codehaus.org/snapshots/net/md-5/bungeecord-chat/1.10-SNAPSHOT/maven-metadata.xml
[WARNING] Could not transfer metadata net.md-5:bungeecord-chat:1.10-SNAPSHOT/maven-metadata.xml from/to codehaus-snapshots (https://nexus.codehaus.org/snapshots/): nexus.codehaus.org
[WARNING] Failure to transfer net.md-5:bungeecord-chat:1.10-SNAPSHOT/maven-metadata.xml from https://nexus.codehaus.org/snapshots/ was cached in the local repository, resolution will not be reattempted until the update interval of codehaus-snapshots has elapsed or updates are forced. Original error: Could not transfer metadata net.md-5:bungeecord-chat:1.10-SNAPSHOT/maven-metadata.xml from/to codehaus-snapshots (https://nexus.codehaus.org/snapshots/): nexus.codehaus.org
[INFO] Downloading: https://repository.apache.org/snapshots/net/md-5/bungeecord-parent/1.10-SNAPSHOT/maven-metadata.xml
[INFO] Downloading: https://nexus.codehaus.org/snapshots/net/md-5/bungeecord-parent/1.10-SNAPSHOT/maven-metadata.xml
[WARNING] Could not transfer metadata net.md-5:bungeecord-parent:1.10-SNAPSHOT/maven-metadata.xml from/to codehaus-snapshots (https://nexus.codehaus.org/snapshots/): nexus.codehaus.org
[INFO] Downloading: https://repository.apache.org/snapshots/com/sk89q/worldguard/6.1.1-SNAPSHOT/maven-metadata.xml
[INFO] Downloading: https://nexus.codehaus.org/snapshots/com/sk89q/worldguard/6.1.1-SNAPSHOT/maven-metadata.xml
[WARNING] Could not transfer metadata com.sk89q:worldguard:6.1.1-SNAPSHOT/maven-metadata.xml from/to codehaus-snapshots (https://nexus.codehaus.org/snapshots/): nexus.codehaus.org
[WARNING] Failure to transfer com.sk89q:worldguard:6.1.1-SNAPSHOT/maven-metadata.xml from https://nexus.codehaus.org/snapshots/ was cached in the local repository, resolution will not be reattempted until the update interval of codehaus-snapshots has elapsed or updates are forced. Original error: Could not transfer metadata com.sk89q:worldguard:6.1.1-SNAPSHOT/maven-metadata.xml from/to codehaus-snapshots (https://nexus.codehaus.org/snapshots/): nexus.codehaus.org
[INFO] Downloading: https://repository.apache.org/snapshots/com/sk89q/spigot/bukkit-classloader-check/1.8-R0.1-SNAPSHOT/maven-metadata.xml
[INFO] Downloading: https://nexus.codehaus.org/snapshots/com/sk89q/spigot/bukkit-classloader-check/1.8-R0.1-SNAPSHOT/maven-metadata.xml
[WARNING] Could not transfer metadata com.sk89q.spigot:bukkit-classloader-check:1.8-R0.1-SNAPSHOT/maven-metadata.xml from/to codehaus-snapshots (https://nexus.codehaus.org/snapshots/): nexus.codehaus.org
[WARNING] Failure to transfer com.sk89q.spigot:bukkit-classloader-check:1.8-R0.1-SNAPSHOT/maven-metadata.xml from https://nexus.codehaus.org/snapshots/ was cached in the local repository, resolution will not be reattempted until the update interval of codehaus-snapshots has elapsed or updates are forced. Original error: Could not transfer metadata com.sk89q.spigot:bukkit-classloader-check:1.8-R0.1-SNAPSHOT/maven-metadata.xml from/to codehaus-snapshots (https://nexus.codehaus.org/snapshots/): nexus.codehaus.org
[INFO] Downloading: https://nexus.codehaus.org/snapshots/org/bukkit/bukkit/1.8.6-R0.1-SNAPSHOT/maven-metadata.xml
[INFO] Downloading: https://repository.apache.org/snapshots/org/bukkit/bukkit/1.8.6-R0.1-SNAPSHOT/maven-metadata.xml
[WARNING] Could not transfer metadata org.bukkit:bukkit:1.8.6-R0.1-SNAPSHOT/maven-metadata.xml from/to codehaus-snapshots (https://nexus.codehaus.org/snapshots/): nexus.codehaus.org
[WARNING] Failure to transfer org.bukkit:bukkit:1.8.6-R0.1-SNAPSHOT/maven-metadata.xml from https://nexus.codehaus.org/snapshots/ was cached in the local repository, resolution will not be reattempted until the update interval of codehaus-snapshots has elapsed or updates are forced. Original error: Could not transfer metadata org.bukkit:bukkit:1.8.6-R0.1-SNAPSHOT/maven-metadata.xml from/to codehaus-snapshots (https://nexus.codehaus.org/snapshots/): nexus.codehaus.org
[INFO] Downloading: https://repository.apache.org/snapshots/com/sk89q/worldedit/worldedit-bukkit/6.1.4-SNAPSHOT/maven-metadata.xml
[INFO] Downloading: https://nexus.codehaus.org/snapshots/com/sk89q/worldedit/worldedit-bukkit/6.1.4-SNAPSHOT/maven-metadata.xml
[WARNING] Could not transfer metadata com.sk89q.worldedit:worldedit-bukkit:6.1.4-SNAPSHOT/maven-metadata.xml from/to codehaus-snapshots (https://nexus.codehaus.org/snapshots/): nexus.codehaus.org
[WARNING] Failure to transfer com.sk89q.worldedit:worldedit-bukkit:6.1.4-SNAPSHOT/maven-metadata.xml from https://nexus.codehaus.org/snapshots/ was cached in the local repository, resolution will not be reattempted until the update interval of codehaus-snapshots has elapsed or updates are forced. Original error: Could not transfer metadata com.sk89q.worldedit:worldedit-bukkit:6.1.4-SNAPSHOT/maven-metadata.xml from/to codehaus-snapshots (https://nexus.codehaus.org/snapshots/): nexus.codehaus.org
[INFO] Downloading: https://repository.apache.org/snapshots/org/bukkit/bukkit/1.9.4-R0.1-SNAPSHOT/maven-metadata.xml
[INFO] Downloading: https://nexus.codehaus.org/snapshots/org/bukkit/bukkit/1.9.4-R0.1-SNAPSHOT/maven-metadata.xml
[WARNING] Could not transfer metadata org.bukkit:bukkit:1.9.4-R0.1-SNAPSHOT/maven-metadata.xml from/to codehaus-snapshots (https://nexus.codehaus.org/snapshots/): nexus.codehaus.org
[WARNING] Failure to transfer org.bukkit:bukkit:1.9.4-R0.1-SNAPSHOT/maven-metadata.xml from https://nexus.codehaus.org/snapshots/ was cached in the local repository, resolution will not be reattempted until the update interval of codehaus-snapshots has elapsed or updates are forced. Original error: Could not transfer metadata org.bukkit:bukkit:1.9.4-R0.1-SNAPSHOT/maven-metadata.xml from/to codehaus-snapshots (https://nexus.codehaus.org/snapshots/): nexus.codehaus.org
[INFO] Downloading: https://repository.apache.org/snapshots/com/sk89q/worldedit/worldedit-core/6.1.4-SNAPSHOT/maven-metadata.xml
[INFO] Downloading: https://nexus.codehaus.org/snapshots/com/sk89q/worldedit/worldedit-core/6.1.4-SNAPSHOT/maven-metadata.xml
[WARNING] Could not transfer metadata com.sk89q.worldedit:worldedit-core:6.1.4-SNAPSHOT/maven-metadata.xml from/to codehaus-snapshots (https://nexus.codehaus.org/snapshots/): nexus.codehaus.org
[WARNING] Failure to transfer com.sk89q.worldedit:worldedit-core:6.1.4-SNAPSHOT/maven-metadata.xml from https://nexus.codehaus.org/snapshots/ was cached in the local repository, resolution will not be reattempted until the update interval of codehaus-snapshots has elapsed or updates are forced. Original error: Could not transfer metadata com.sk89q.worldedit:worldedit-core:6.1.4-SNAPSHOT/maven-metadata.xml from/to codehaus-snapshots (https://nexus.codehaus.org/snapshots/): nexus.codehaus.org
[INFO] 
[INFO] --- maven-resources-plugin:2.6:resources (default-resources) @ projectkorra ---
[WARNING] File encoding has not been set, using platform encoding UTF-8, i.e. build is platform dependent!
[WARNING] Using platform encoding (UTF-8 actually) to copy filtered resources, i.e. build is platform dependent!
[INFO] Copying 1 resource
[INFO] 
[INFO] --- maven-compiler-plugin:3.1:compile (default-compile) @ projectkorra ---
[INFO] Changes detected - recompiling the module!
[WARNING] File encoding has not been set, using platform encoding UTF-8, i.e. build is platform dependent!
[INFO] Compiling 195 source files to /home/travis/build/ProjectKorra/ProjectKorra/target/classes
[INFO] -------------------------------------------------------------
[WARNING] COMPILATION WARNING : 
[INFO] -------------------------------------------------------------
[WARNING] /home/travis/build/ProjectKorra/ProjectKorra/src/com/projectkorra/projectkorra/ability/CoreAbility.java:[40,19] sun.reflect.ReflectionFactory is internal proprietary API and may be removed in a future release
[WARNING] /home/travis/build/ProjectKorra/ProjectKorra/src/com/projectkorra/projectkorra/ability/util/AbilityLoader.java:[3,19] sun.reflect.ReflectionFactory is internal proprietary API and may be removed in a future release
[WARNING] /home/travis/build/ProjectKorra/ProjectKorra/src/com/projectkorra/projectkorra/ability/CoreAbility.java:[367,17] sun.reflect.ReflectionFactory is internal proprietary API and may be removed in a future release
[WARNING] /home/travis/build/ProjectKorra/ProjectKorra/src/com/projectkorra/projectkorra/ability/CoreAbility.java:[367,40] sun.reflect.ReflectionFactory is internal proprietary API and may be removed in a future release
[WARNING] /home/travis/build/ProjectKorra/ProjectKorra/src/com/projectkorra/projectkorra/ability/util/AbilityLoader.java:[90,41] sun.reflect.ReflectionFactory is internal proprietary API and may be removed in a future release
[WARNING] /home/travis/build/ProjectKorra/ProjectKorra/src/com/projectkorra/projectkorra/ability/util/AbilityLoader.java:[90,64] sun.reflect.ReflectionFactory is internal proprietary API and may be removed in a future release
[WARNING] /home/travis/build/ProjectKorra/ProjectKorra/src/com/projectkorra/projectkorra/GeneralMethods.java: Some input files use or override a deprecated API.
[WARNING] /home/travis/build/ProjectKorra/ProjectKorra/src/com/projectkorra/projectkorra/GeneralMethods.java: Recompile with -Xlint:deprecation for details.
[INFO] 8 warnings 
[INFO] -------------------------------------------------------------
[INFO] -------------------------------------------------------------
[ERROR] COMPILATION ERROR : 
[INFO] -------------------------------------------------------------
[ERROR] /home/travis/build/ProjectKorra/ProjectKorra/src/com/projectkorra/projectkorra/ability/WaterAbility.java:[287,60] cannot find symbol
  symbol:   variable FIRE_IGNITE
  location: class org.bukkit.Sound
[ERROR] /home/travis/build/ProjectKorra/ProjectKorra/src/com/projectkorra/projectkorra/ability/WaterAbility.java:[293,60] cannot find symbol
  symbol:   variable STEP_GRASS
  location: class org.bukkit.Sound
[ERROR] /home/travis/build/ProjectKorra/ProjectKorra/src/com/projectkorra/projectkorra/ability/WaterAbility.java:[299,60] cannot find symbol
  symbol:   variable WATER
  location: class org.bukkit.Sound
[ERROR] /home/travis/build/ProjectKorra/ProjectKorra/src/com/projectkorra/projectkorra/ability/AirAbility.java:[122,60] cannot find symbol
  symbol:   variable CREEPER_HISS
  location: class org.bukkit.Sound
[ERROR] /home/travis/build/ProjectKorra/ProjectKorra/src/com/projectkorra/projectkorra/ability/FireAbility.java:[155,60] cannot find symbol
  symbol:   variable FIREWORK_BLAST
  location: class org.bukkit.Sound
[ERROR] /home/travis/build/ProjectKorra/ProjectKorra/src/com/projectkorra/projectkorra/ability/FireAbility.java:[165,60] cannot find symbol
  symbol:   variable FIRE
  location: class org.bukkit.Sound
[ERROR] /home/travis/build/ProjectKorra/ProjectKorra/src/com/projectkorra/projectkorra/ability/EarthAbility.java:[500,60] cannot find symbol
  symbol:   variable IRONGOLEM_HIT
  location: class org.bukkit.Sound
[ERROR] /home/travis/build/ProjectKorra/ProjectKorra/src/com/projectkorra/projectkorra/ability/EarthAbility.java:[506,60] cannot find symbol
  symbol:   variable DIG_SAND
  location: class org.bukkit.Sound
[ERROR] /home/travis/build/ProjectKorra/ProjectKorra/src/com/projectkorra/projectkorra/airbending/AirBlast.java:[302,94] cannot find symbol
  symbol:   variable DOOR_CLOSE
  location: class org.bukkit.Sound
[ERROR] /home/travis/build/ProjectKorra/ProjectKorra/src/com/projectkorra/projectkorra/airbending/AirBlast.java:[305,94] cannot find symbol
  symbol:   variable DOOR_OPEN
  location: class org.bukkit.Sound
[ERROR] /home/travis/build/ProjectKorra/ProjectKorra/src/com/projectkorra/projectkorra/firebending/FireBlastCharged.java:[183,78] cannot find symbol
  symbol:   variable EXPLODE
  location: class org.bukkit.Sound
[ERROR] /home/travis/build/ProjectKorra/ProjectKorra/src/com/projectkorra/projectkorra/firebending/FireCombo.java:[179,86] cannot find symbol
  symbol:   variable VILLAGER_HIT
  location: class org.bukkit.Sound
[ERROR] /home/travis/build/ProjectKorra/ProjectKorra/src/com/projectkorra/projectkorra/firebending/FireCombo.java:[247,88] cannot find symbol
  symbol:   variable HORSE_JUMP
  location: class org.bukkit.Sound
[ERROR] /home/travis/build/ProjectKorra/ProjectKorra/src/com/projectkorra/projectkorra/firebending/FireCombo.java:[248,88] cannot find symbol
  symbol:   variable FIZZ
  location: class org.bukkit.Sound
[ERROR] /home/travis/build/ProjectKorra/ProjectKorra/src/com/projectkorra/projectkorra/firebending/FireCombo.java:[262,96] cannot find symbol
  symbol:   variable FIRE_IGNITE
  location: class org.bukkit.Sound
[ERROR] /home/travis/build/ProjectKorra/ProjectKorra/src/com/projectkorra/projectkorra/firebending/FireCombo.java:[284,88] cannot find symbol
  symbol:   variable FIZZ
  location: class org.bukkit.Sound
[ERROR] /home/travis/build/ProjectKorra/ProjectKorra/src/com/projectkorra/projectkorra/firebending/FireCombo.java:[331,96] cannot find symbol
  symbol:   variable EXPLODE
  location: class org.bukkit.Sound
[ERROR] /home/travis/build/ProjectKorra/ProjectKorra/src/com/projectkorra/projectkorra/firebending/FireCombo.java:[373,96] cannot find symbol
  symbol:   variable FIZZ
  location: class org.bukkit.Sound
[ERROR] /home/travis/build/ProjectKorra/ProjectKorra/src/com/projectkorra/projectkorra/firebending/FireCombo.java:[424,70] cannot find symbol
  symbol:   variable FIRE
  location: class org.bukkit.Sound
[ERROR] /home/travis/build/ProjectKorra/ProjectKorra/src/com/projectkorra/projectkorra/ability/AvatarAbility.java:[31,52] cannot find symbol
  symbol:   variable ANVIL_LAND
  location: class org.bukkit.Sound
[ERROR] /home/travis/build/ProjectKorra/ProjectKorra/src/com/projectkorra/projectkorra/firebending/Lightning.java:[125,68] cannot find symbol
  symbol:   variable CREEPER_HISS
  location: class org.bukkit.Sound
[ERROR] /home/travis/build/ProjectKorra/ProjectKorra/src/com/projectkorra/projectkorra/firebending/Lightning.java:[126,72] cannot find symbol
  symbol:   variable CREEPER_HISS
  location: class org.bukkit.Sound
[ERROR] /home/travis/build/ProjectKorra/ProjectKorra/src/com/projectkorra/projectkorra/firebending/Lightning.java:[535,108] cannot find symbol
  symbol:   variable CREEPER_HISS
  location: class org.bukkit.Sound
[ERROR] /home/travis/build/ProjectKorra/ProjectKorra/src/com/projectkorra/projectkorra/firebending/Lightning.java:[536,112] cannot find symbol
  symbol:   variable CREEPER_HISS
  location: class org.bukkit.Sound
[ERROR] /home/travis/build/ProjectKorra/ProjectKorra/src/com/projectkorra/projectkorra/waterbending/IceBlast.java:[309,62] cannot find symbol
  symbol:   variable GLASS
  location: class org.bukkit.Sound
[ERROR] /home/travis/build/ProjectKorra/ProjectKorra/src/com/projectkorra/projectkorra/earthbending/EarthPassive.java:[121,110] cannot find symbol
  symbol:   variable DOOR_CLOSE
  location: class org.bukkit.Sound
[ERROR] /home/travis/build/ProjectKorra/ProjectKorra/src/com/projectkorra/projectkorra/earthbending/EarthPassive.java:[124,110] cannot find symbol
  symbol:   variable DOOR_OPEN
  location: class org.bukkit.Sound
[INFO] 27 errors 
[INFO] -------------------------------------------------------------
[INFO] ------------------------------------------------------------------------
[INFO] BUILD FAILURE
[INFO] ------------------------------------------------------------------------
[INFO] Total time: 8.880 s
[INFO] Finished at: 2016-10-05T00:09:14+00:00
[INFO] Final Memory: 18M/491M
[INFO] ------------------------------------------------------------------------
[ERROR] Failed to execute goal org.apache.maven.plugins:maven-compiler-plugin:3.1:compile (default-compile) on project projectkorra: Compilation failure: Compilation failure:
[ERROR] /home/travis/build/ProjectKorra/ProjectKorra/src/com/projectkorra/projectkorra/ability/WaterAbility.java:[287,60] cannot find symbol
[ERROR] symbol:   variable FIRE_IGNITE
[ERROR] location: class org.bukkit.Sound
[ERROR] /home/travis/build/ProjectKorra/ProjectKorra/src/com/projectkorra/projectkorra/ability/WaterAbility.java:[293,60] cannot find symbol
[ERROR] symbol:   variable STEP_GRASS
[ERROR] location: class org.bukkit.Sound
[ERROR] /home/travis/build/ProjectKorra/ProjectKorra/src/com/projectkorra/projectkorra/ability/WaterAbility.java:[299,60] cannot find symbol
[ERROR] symbol:   variable WATER
[ERROR] location: class org.bukkit.Sound
[ERROR] /home/travis/build/ProjectKorra/ProjectKorra/src/com/projectkorra/projectkorra/ability/AirAbility.java:[122,60] cannot find symbol
[ERROR] symbol:   variable CREEPER_HISS
[ERROR] location: class org.bukkit.Sound
[ERROR] /home/travis/build/ProjectKorra/ProjectKorra/src/com/projectkorra/projectkorra/ability/FireAbility.java:[155,60] cannot find symbol
[ERROR] symbol:   variable FIREWORK_BLAST
[ERROR] location: class org.bukkit.Sound
[ERROR] /home/travis/build/ProjectKorra/ProjectKorra/src/com/projectkorra/projectkorra/ability/FireAbility.java:[165,60] cannot find symbol
[ERROR] symbol:   variable FIRE
[ERROR] location: class org.bukkit.Sound
[ERROR] /home/travis/build/ProjectKorra/ProjectKorra/src/com/projectkorra/projectkorra/ability/EarthAbility.java:[500,60] cannot find symbol
[ERROR] symbol:   variable IRONGOLEM_HIT
[ERROR] location: class org.bukkit.Sound
[ERROR] /home/travis/build/ProjectKorra/ProjectKorra/src/com/projectkorra/projectkorra/ability/EarthAbility.java:[506,60] cannot find symbol
[ERROR] symbol:   variable DIG_SAND
[ERROR] location: class org.bukkit.Sound
[ERROR] /home/travis/build/ProjectKorra/ProjectKorra/src/com/projectkorra/projectkorra/airbending/AirBlast.java:[302,94] cannot find symbol
[ERROR] symbol:   variable DOOR_CLOSE
[ERROR] location: class org.bukkit.Sound
[ERROR] /home/travis/build/ProjectKorra/ProjectKorra/src/com/projectkorra/projectkorra/airbending/AirBlast.java:[305,94] cannot find symbol
[ERROR] symbol:   variable DOOR_OPEN
[ERROR] location: class org.bukkit.Sound
[ERROR] /home/travis/build/ProjectKorra/ProjectKorra/src/com/projectkorra/projectkorra/firebending/FireBlastCharged.java:[183,78] cannot find symbol
[ERROR] symbol:   variable EXPLODE
[ERROR] location: class org.bukkit.Sound
[ERROR] /home/travis/build/ProjectKorra/ProjectKorra/src/com/projectkorra/projectkorra/firebending/FireCombo.java:[179,86] cannot find symbol
[ERROR] symbol:   variable VILLAGER_HIT
[ERROR] location: class org.bukkit.Sound
[ERROR] /home/travis/build/ProjectKorra/ProjectKorra/src/com/projectkorra/projectkorra/firebending/FireCombo.java:[247,88] cannot find symbol
[ERROR] symbol:   variable HORSE_JUMP
[ERROR] location: class org.bukkit.Sound
[ERROR] /home/travis/build/ProjectKorra/ProjectKorra/src/com/projectkorra/projectkorra/firebending/FireCombo.java:[248,88] cannot find symbol
[ERROR] symbol:   variable FIZZ
[ERROR] location: class org.bukkit.Sound
[ERROR] /home/travis/build/ProjectKorra/ProjectKorra/src/com/projectkorra/projectkorra/firebending/FireCombo.java:[262,96] cannot find symbol
[ERROR] symbol:   variable FIRE_IGNITE
[ERROR] location: class org.bukkit.Sound
[ERROR] /home/travis/build/ProjectKorra/ProjectKorra/src/com/projectkorra/projectkorra/firebending/FireCombo.java:[284,88] cannot find symbol
[ERROR] symbol:   variable FIZZ
[ERROR] location: class org.bukkit.Sound
[ERROR] /home/travis/build/ProjectKorra/ProjectKorra/src/com/projectkorra/projectkorra/firebending/FireCombo.java:[331,96] cannot find symbol
[ERROR] symbol:   variable EXPLODE
[ERROR] location: class org.bukkit.Sound
[ERROR] /home/travis/build/ProjectKorra/ProjectKorra/src/com/projectkorra/projectkorra/firebending/FireCombo.java:[373,96] cannot find symbol
[ERROR] symbol:   variable FIZZ
[ERROR] location: class org.bukkit.Sound
[ERROR] /home/travis/build/ProjectKorra/ProjectKorra/src/com/projectkorra/projectkorra/firebending/FireCombo.java:[424,70] cannot find symbol
[ERROR] symbol:   variable FIRE
[ERROR] location: class org.bukkit.Sound
[ERROR] /home/travis/build/ProjectKorra/ProjectKorra/src/com/projectkorra/projectkorra/ability/AvatarAbility.java:[31,52] cannot find symbol
[ERROR] symbol:   variable ANVIL_LAND
[ERROR] location: class org.bukkit.Sound
[ERROR] /home/travis/build/ProjectKorra/ProjectKorra/src/com/projectkorra/projectkorra/firebending/Lightning.java:[125,68] cannot find symbol
[ERROR] symbol:   variable CREEPER_HISS
[ERROR] location: class org.bukkit.Sound
[ERROR] /home/travis/build/ProjectKorra/ProjectKorra/src/com/projectkorra/projectkorra/firebending/Lightning.java:[126,72] cannot find symbol
[ERROR] symbol:   variable CREEPER_HISS
[ERROR] location: class org.bukkit.Sound
[ERROR] /home/travis/build/ProjectKorra/ProjectKorra/src/com/projectkorra/projectkorra/firebending/Lightning.java:[535,108] cannot find symbol
[ERROR] symbol:   variable CREEPER_HISS
[ERROR] location: class org.bukkit.Sound
[ERROR] /home/travis/build/ProjectKorra/ProjectKorra/src/com/projectkorra/projectkorra/firebending/Lightning.java:[536,112] cannot find symbol
[ERROR] symbol:   variable CREEPER_HISS
[ERROR] location: class org.bukkit.Sound
[ERROR] /home/travis/build/ProjectKorra/ProjectKorra/src/com/projectkorra/projectkorra/waterbending/IceBlast.java:[309,62] cannot find symbol
[ERROR] symbol:   variable GLASS
[ERROR] location: class org.bukkit.Sound
[ERROR] /home/travis/build/ProjectKorra/ProjectKorra/src/com/projectkorra/projectkorra/earthbending/EarthPassive.java:[121,110] cannot find symbol
[ERROR] symbol:   variable DOOR_CLOSE
[ERROR] location: class org.bukkit.Sound
[ERROR] /home/travis/build/ProjectKorra/ProjectKorra/src/com/projectkorra/projectkorra/earthbending/EarthPassive.java:[124,110] cannot find symbol
[ERROR] symbol:   variable DOOR_OPEN
[ERROR] location: class org.bukkit.Sound
[ERROR] -> [Help 1]
[ERROR] 
[ERROR] To see the full stack trace of the errors, re-run Maven with the -e switch.
[ERROR] Re-run Maven using the -X switch to enable full debug logging.
[ERROR] 
[ERROR] For more information about the errors and possible solutions, please read the following articles:
[ERROR] [Help 1] http://cwiki.apache.org/confluence/display/MAVEN/MojoFailureException

[31;1mThe command "eval mvn install -DskipTests=true -Dmaven.javadoc.skip=true -B -V" failed 3 times.[0m


travis_time:end:2b25dbbe:start=1475626108421010557,finish=1475626155770148933,duration=47349138376[0K
[31;1mThe command "mvn install -DskipTests=true -Dmaven.javadoc.skip=true -B -V" failed and exited with 1 during .[0m

Your build has been stopped.
