travis_fold:start:system_info[0K[33;1mBuild system information[0m
Build language: java
Build id: ''
Job id: ''
[34m[1mBuild image provisioning date and time[0m
Thu Feb  5 15:09:33 UTC 2015
[34m[1mOperating System Details[0m
Distributor ID:	Ubuntu
Description:	Ubuntu 12.04.5 LTS
Release:	12.04
Codename:	precise
[34m[1mLinux Version[0m
3.13.0-29-generic
[34m[1mCookbooks Version[0m
a68419e https://github.com/travis-ci/travis-cookbooks/tree/a68419e
[34m[1mGCC version[0m
gcc (Ubuntu/Linaro 4.6.3-1ubuntu5) 4.6.3
Copyright (C) 2011 Free Software Foundation, Inc.
This is free software; see the source for copying conditions.  There is NO
warranty; not even for MERCHANTABILITY or FITNESS FOR A PARTICULAR PURPOSE.

[34m[1mLLVM version[0m
clang version 3.4 (tags/RELEASE_34/final)
Target: x86_64-unknown-linux-gnu
Thread model: posix
[34m[1mPre-installed Ruby versions[0m
ruby-1.9.3-p551
[34m[1mPre-installed Node.js versions[0m
v0.10.36
[34m[1mPre-installed Go versions[0m
1.4.1
[34m[1mRedis version[0m
redis-server 2.8.19
[34m[1mriak version[0m
2.0.2
[34m[1mMongoDB version[0m
MongoDB 2.4.12
[34m[1mCouchDB version[0m
couchdb 1.6.1
[34m[1mNeo4j version[0m
1.9.4
[34m[1mRabbitMQ Version[0m
3.4.3
[34m[1mElasticSearch version[0m
1.4.0
[34m[1mInstalled Sphinx versions[0m
2.0.10
2.1.9
2.2.6
[34m[1mDefault Sphinx version[0m
2.2.6
[34m[1mInstalled Firefox version[0m
firefox 31.0esr
[34m[1mPhantomJS version[0m
1.9.8
[34m[1mant -version[0m
Apache Ant(TM) version 1.8.2 compiled on December 3 2011
[34m[1mmvn -version[0m
Apache Maven 3.2.5 (12a6b3acb947671f09b81f49094c53f426d8cea1; 2014-12-14T17:29:23+00:00)
Maven home: /usr/local/maven
Java version: 1.7.0_76, vendor: Oracle Corporation
Java home: /usr/lib/jvm/java-7-oracle/jre
Default locale: en_US, platform encoding: ANSI_X3.4-1968
OS name: "linux", version: "3.13.0-29-generic", arch: "amd64", family: "unix"
travis_fold:end:system_info[0K
sed: cannot rename /etc/hosts: Device or resource busy
sed: cannot rename /etc/hosts: Device or resource busy
$ cd torakiki/pdfsam
$ jdk_switcher use oraclejdk7
Switching to Oracle JDK7 (java-7-oracle), JAVA_HOME will be set to /usr/lib/jvm/java-7-oracle
$ java -Xmx32m -version
java version "1.7.0_76"
Java(TM) SE Runtime Environment (build 1.7.0_76-b13)
Java HotSpot(TM) 64-Bit Server VM (build 24.76-b04, mixed mode)
$ javac -J-Xmx32m -version
javac 1.7.0_76
travis_fold:start:install[0Ktravis_time:start:102efa20[0K$ mvn install -DskipTests=true -Dmaven.javadoc.skip=true -B -V
Apache Maven 3.2.5 (12a6b3acb947671f09b81f49094c53f426d8cea1; 2014-12-14T17:29:23+00:00)
Maven home: /usr/local/maven
Java version: 1.7.0_76, vendor: Oracle Corporation
Java home: /usr/lib/jvm/java-7-oracle/jre
Default locale: en_US, platform encoding: UTF-8
OS name: "linux", version: "3.13.0-101-generic", arch: "amd64", family: "unix"
[INFO] Scanning for projects...
[INFO] ------------------------------------------------------------------------
[INFO] Reactor Build Order:
[INFO] 
[INFO] pdfsam i18n
[INFO] pdfsam core
[INFO] pdfsam service
[INFO] pdfsam GUI
[INFO] pdfsam
[INFO]                                                                         
[INFO] ------------------------------------------------------------------------
[INFO] Building pdfsam i18n 3.0.0.BETA-SNAPSHOT
[INFO] ------------------------------------------------------------------------
[INFO] Downloading: http://gettext-commons.googlecode.com/svn/maven-repository/org/xnap/commons/maven-gettext-plugin/1.2.3/maven-gettext-plugin-1.2.3.pom
[INFO] Downloading: https://repo.maven.apache.org/maven2/org/xnap/commons/maven-gettext-plugin/1.2.3/maven-gettext-plugin-1.2.3.pom
[WARNING] The POM for org.xnap.commons:maven-gettext-plugin:jar:1.2.3 is missing, no dependency information available
[INFO] Downloading: http://gettext-commons.googlecode.com/svn/maven-repository/org/xnap/commons/maven-gettext-plugin/1.2.3/maven-gettext-plugin-1.2.3.jar
[INFO] Downloading: https://repo.maven.apache.org/maven2/org/xnap/commons/maven-gettext-plugin/1.2.3/maven-gettext-plugin-1.2.3.jar
[INFO] ------------------------------------------------------------------------
[INFO] Reactor Summary:
[INFO] 
[INFO] pdfsam i18n ........................................ FAILURE [  1.885 s]
[INFO] pdfsam core ........................................ SKIPPED
[INFO] pdfsam service ..................................... SKIPPED
[INFO] pdfsam GUI ......................................... SKIPPED
[INFO] pdfsam ............................................. SKIPPED
[INFO] ------------------------------------------------------------------------
[INFO] BUILD FAILURE
[INFO] ------------------------------------------------------------------------
[INFO] Total time: 2.174 s
[INFO] Finished at: 2016-11-16T12:27:20+00:00
[INFO] Final Memory: 7M/16M
[INFO] ------------------------------------------------------------------------
[ERROR] Plugin org.xnap.commons:maven-gettext-plugin:1.2.3 or one of its dependencies could not be resolved: Could not find artifact org.xnap.commons:maven-gettext-plugin:jar:1.2.3 in gettext-commons-site (http://gettext-commons.googlecode.com/svn/maven-repository/) -> [Help 1]
[ERROR] 
[ERROR] To see the full stack trace of the errors, re-run Maven with the -e switch.
[ERROR] Re-run Maven using the -X switch to enable full debug logging.
[ERROR] 
[ERROR] For more information about the errors and possible solutions, please read the following articles:
[ERROR] [Help 1] http://cwiki.apache.org/confluence/display/MAVEN/PluginResolutionException

[31;1mThe command "eval mvn install -DskipTests=true -Dmaven.javadoc.skip=true -B -V" failed. Retrying, 2 of 3.[0m

Apache Maven 3.2.5 (12a6b3acb947671f09b81f49094c53f426d8cea1; 2014-12-14T17:29:23+00:00)
Maven home: /usr/local/maven
Java version: 1.7.0_76, vendor: Oracle Corporation
Java home: /usr/lib/jvm/java-7-oracle/jre
Default locale: en_US, platform encoding: UTF-8
OS name: "linux", version: "3.13.0-101-generic", arch: "amd64", family: "unix"
[INFO] Scanning for projects...
[INFO] ------------------------------------------------------------------------
[INFO] Reactor Build Order:
[INFO] 
[INFO] pdfsam i18n
[INFO] pdfsam core
[INFO] pdfsam service
[INFO] pdfsam GUI
[INFO] pdfsam
[INFO]                                                                         
[INFO] ------------------------------------------------------------------------
[INFO] Building pdfsam i18n 3.0.0.BETA-SNAPSHOT
[INFO] ------------------------------------------------------------------------
[WARNING] The POM for org.xnap.commons:maven-gettext-plugin:jar:1.2.3 is missing, no dependency information available
[INFO] ------------------------------------------------------------------------
[INFO] Reactor Summary:
[INFO] 
[INFO] pdfsam i18n ........................................ FAILURE [  0.049 s]
[INFO] pdfsam core ........................................ SKIPPED
[INFO] pdfsam service ..................................... SKIPPED
[INFO] pdfsam GUI ......................................... SKIPPED
[INFO] pdfsam ............................................. SKIPPED
[INFO] ------------------------------------------------------------------------
[INFO] BUILD FAILURE
[INFO] ------------------------------------------------------------------------
[INFO] Total time: 0.305 s
[INFO] Finished at: 2016-11-16T12:27:23+00:00
[INFO] Final Memory: 4M/10M
[INFO] ------------------------------------------------------------------------
[ERROR] Plugin org.xnap.commons:maven-gettext-plugin:1.2.3 or one of its dependencies could not be resolved: Failure to find org.xnap.commons:maven-gettext-plugin:jar:1.2.3 in http://gettext-commons.googlecode.com/svn/maven-repository/ was cached in the local repository, resolution will not be reattempted until the update interval of gettext-commons-site has elapsed or updates are forced -> [Help 1]
[ERROR] 
[ERROR] To see the full stack trace of the errors, re-run Maven with the -e switch.
[ERROR] Re-run Maven using the -X switch to enable full debug logging.
[ERROR] 
[ERROR] For more information about the errors and possible solutions, please read the following articles:
[ERROR] [Help 1] http://cwiki.apache.org/confluence/display/MAVEN/PluginResolutionException

[31;1mThe command "eval mvn install -DskipTests=true -Dmaven.javadoc.skip=true -B -V" failed. Retrying, 3 of 3.[0m

Apache Maven 3.2.5 (12a6b3acb947671f09b81f49094c53f426d8cea1; 2014-12-14T17:29:23+00:00)
Maven home: /usr/local/maven
Java version: 1.7.0_76, vendor: Oracle Corporation
Java home: /usr/lib/jvm/java-7-oracle/jre
Default locale: en_US, platform encoding: UTF-8
OS name: "linux", version: "3.13.0-101-generic", arch: "amd64", family: "unix"
[INFO] Scanning for projects...
[INFO] ------------------------------------------------------------------------
[INFO] Reactor Build Order:
[INFO] 
[INFO] pdfsam i18n
[INFO] pdfsam core
[INFO] pdfsam service
[INFO] pdfsam GUI
[INFO] pdfsam
[INFO]                                                                         
[INFO] ------------------------------------------------------------------------
[INFO] Building pdfsam i18n 3.0.0.BETA-SNAPSHOT
[INFO] ------------------------------------------------------------------------
[WARNING] The POM for org.xnap.commons:maven-gettext-plugin:jar:1.2.3 is missing, no dependency information available
[INFO] ------------------------------------------------------------------------
[INFO] Reactor Summary:
[INFO] 
[INFO] pdfsam i18n ........................................ FAILURE [  0.022 s]
[INFO] pdfsam core ........................................ SKIPPED
[INFO] pdfsam service ..................................... SKIPPED
[INFO] pdfsam GUI ......................................... SKIPPED
[INFO] pdfsam ............................................. SKIPPED
[INFO] ------------------------------------------------------------------------
[INFO] BUILD FAILURE
[INFO] ------------------------------------------------------------------------
[INFO] Total time: 0.304 s
[INFO] Finished at: 2016-11-16T12:27:26+00:00
[INFO] Final Memory: 4M/10M
[INFO] ------------------------------------------------------------------------
[ERROR] Plugin org.xnap.commons:maven-gettext-plugin:1.2.3 or one of its dependencies could not be resolved: Failure to find org.xnap.commons:maven-gettext-plugin:jar:1.2.3 in http://gettext-commons.googlecode.com/svn/maven-repository/ was cached in the local repository, resolution will not be reattempted until the update interval of gettext-commons-site has elapsed or updates are forced -> [Help 1]
[ERROR] 
[ERROR] To see the full stack trace of the errors, re-run Maven with the -e switch.
[ERROR] Re-run Maven using the -X switch to enable full debug logging.
[ERROR] 
[ERROR] For more information about the errors and possible solutions, please read the following articles:
[ERROR] [Help 1] http://cwiki.apache.org/confluence/display/MAVEN/PluginResolutionException

[31;1mThe command "eval mvn install -DskipTests=true -Dmaven.javadoc.skip=true -B -V" failed 3 times.[0m


travis_time:end:102efa20:start=1479299236781912351,finish=1479299247899986628,duration=11118074277[0K
[31;1mThe command "mvn install -DskipTests=true -Dmaven.javadoc.skip=true -B -V" failed and exited with 1 during .[0m

Your build has been stopped.
