travis_fold:start:system_info[0K[33;1mBuild system information[0m
Build language: java
Build id: ''
Job id: ''
[34m[1mBuild image provisioning date and time[0m
Thu Feb  5 15:09:33 UTC 2015
[34m[1mOperating System Details[0m
Distributor ID:	Ubuntu
Description:	Ubuntu 12.04.5 LTS
Release:	12.04
Codename:	precise
[34m[1mLinux Version[0m
3.13.0-29-generic
[34m[1mCookbooks Version[0m
a68419e https://github.com/travis-ci/travis-cookbooks/tree/a68419e
[34m[1mGCC version[0m
gcc (Ubuntu/Linaro 4.6.3-1ubuntu5) 4.6.3
Copyright (C) 2011 Free Software Foundation, Inc.
This is free software; see the source for copying conditions.  There is NO
warranty; not even for MERCHANTABILITY or FITNESS FOR A PARTICULAR PURPOSE.

[34m[1mLLVM version[0m
clang version 3.4 (tags/RELEASE_34/final)
Target: x86_64-unknown-linux-gnu
Thread model: posix
[34m[1mPre-installed Ruby versions[0m
ruby-1.9.3-p551
[34m[1mPre-installed Node.js versions[0m
v0.10.36
[34m[1mPre-installed Go versions[0m
1.4.1
[34m[1mRedis version[0m
redis-server 2.8.19
[34m[1mriak version[0m
2.0.2
[34m[1mMongoDB version[0m
MongoDB 2.4.12
[34m[1mCouchDB version[0m
couchdb 1.6.1
[34m[1mNeo4j version[0m
1.9.4
[34m[1mRabbitMQ Version[0m
3.4.3
[34m[1mElasticSearch version[0m
1.4.0
[34m[1mInstalled Sphinx versions[0m
2.0.10
2.1.9
2.2.6
[34m[1mDefault Sphinx version[0m
2.2.6
[34m[1mInstalled Firefox version[0m
firefox 31.0esr
[34m[1mPhantomJS version[0m
1.9.8
[34m[1mant -version[0m
Apache Ant(TM) version 1.8.2 compiled on December 3 2011
[34m[1mmvn -version[0m
Apache Maven 3.2.5 (12a6b3acb947671f09b81f49094c53f426d8cea1; 2014-12-14T17:29:23+00:00)
Maven home: /usr/local/maven
Java version: 1.7.0_76, vendor: Oracle Corporation
Java home: /usr/lib/jvm/java-7-oracle/jre
Default locale: en_US, platform encoding: ANSI_X3.4-1968
OS name: "linux", version: "3.13.0-29-generic", arch: "amd64", family: "unix"
travis_fold:end:system_info[0K
sed: cannot rename /etc/hosts: Device or resource busy
sed: cannot rename /etc/hosts: Device or resource busy
$ cd GlowstoneMC/Glowstone

[33;1mSetting environment variables from .travis.yml[0m
$ export TERM=dumb

$ jdk_switcher use oraclejdk7
Switching to Oracle JDK7 (java-7-oracle), JAVA_HOME will be set to /usr/lib/jvm/java-7-oracle
$ export TERM=dumb
$ java -Xmx32m -version
java version "1.7.0_76"
Java(TM) SE Runtime Environment (build 1.7.0_76-b13)
Java HotSpot(TM) 64-Bit Server VM (build 24.76-b04, mixed mode)
$ javac -J-Xmx32m -version
javac 1.7.0_76
travis_fold:start:install[0Ktravis_time:start:103c4292[0K$ ./gradlew build shadowJar
Downloading http://services.gradle.org/distributions/gradle-1.10-bin.zip
....................................................................................................................................................................................................................................................................................................................................................................................................................................................................................................................................................................................................................................................................................................................................................................................................................................................................................................................................................................................................................................................................................................................................................................................................................................................................................................................................................................................................................................................................................................................................................................................................................................................................................................................................................................................................................................................................................................................................................................................................................................................................................................
Unzipping /home/travis/.gradle/wrapper/dists/gradle-1.10-bin/6oa4rff9viiqskhgd6uns5v1f8/gradle-1.10-bin.zip to /home/travis/.gradle/wrapper/dists/gradle-1.10-bin/6oa4rff9viiqskhgd6uns5v1f8
Set executable permissions for: /home/travis/.gradle/wrapper/dists/gradle-1.10-bin/6oa4rff9viiqskhgd6uns5v1f8/gradle-1.10/bin/gradle
Download http://jcenter.bintray.com/com/github/jengelman/gradle/plugins/shadow/0.8/shadow-0.8.pom
Download http://jcenter.bintray.com/jdom/jdom/1.1/jdom-1.1.pom
Download http://jcenter.bintray.com/asm/asm/3.3.1/asm-3.3.1.pom
Download http://jcenter.bintray.com/asm/asm-parent/3.3.1/asm-parent-3.3.1.pom
Download http://jcenter.bintray.com/asm/asm-commons/3.3.1/asm-commons-3.3.1.pom
Download http://jcenter.bintray.com/org/jdom/jdom/1.1/jdom-1.1.pom
Download http://jcenter.bintray.com/asm/asm-tree/3.3.1/asm-tree-3.3.1.pom
Download http://jcenter.bintray.com/com/github/jengelman/gradle/plugins/shadow/0.8/shadow-0.8.jar
Download http://jcenter.bintray.com/asm/asm/3.3.1/asm-3.3.1.jar
Download http://jcenter.bintray.com/asm/asm-commons/3.3.1/asm-commons-3.3.1.jar
Download http://jcenter.bintray.com/org/jdom/jdom/1.1/jdom-1.1.jar
Download http://jcenter.bintray.com/asm/asm-tree/3.3.1/asm-tree-3.3.1.jar
Download http://repo1.maven.org/maven2/com/grahamedgecombe/jterminal/jterminal/1.0.1/jterminal-1.0.1.pom
Download http://repo1.maven.org/maven2/org/sonatype/oss/oss-parent/7/oss-parent-7.pom
Download http://repo1.maven.org/maven2/jline/jline/0.9.94/jline-0.9.94.pom
Download http://repo1.maven.org/maven2/mysql/mysql-connector-java/5.1.14/mysql-connector-java-5.1.14.pom
Download http://repo1.maven.org/maven2/net/sf/trove4j/trove4j/3.0.1/trove4j-3.0.1.pom
Download http://repo1.maven.org/maven2/org/jboss/netty/netty/3.2.4.Final/netty-3.2.4.Final.pom
Download http://repo1.maven.org/maven2/org/jboss/jboss-parent/5/jboss-parent-5.pom
Download http://repo1.maven.org/maven2/org/xerial/sqlite-jdbc/3.7.2/sqlite-jdbc-3.7.2.pom
Download http://repo1.maven.org/maven2/org/xerial/xerial-project/1.1/xerial-project-1.1.pom
Download http://repo1.maven.org/maven2/org/xerial/xerial/3/xerial-3.pom
Download http://repo1.maven.org/maven2/junit/junit/3.8.1/junit-3.8.1.pom

FAILURE: Build failed with an exception.

* What went wrong:
Could not resolve all dependencies for configuration ':runtime'.
> Could not resolve org.bukkit:bukkit:1.7.2-R0.2.
  Required by:
      net.glowstone:glowstone:0.0.1-SNAPSHOT
   > Could not GET 'http://repo.bukkit.org/content/groups/public/org/bukkit/bukkit/1.7.2-R0.2/bukkit-1.7.2-R0.2.pom'. Received status code 521 from server: Origin Down

* Try:
Run with --stacktrace option to get the stack trace. Run with --info or --debug option to get more log output.

BUILD FAILED

Total time: 12.891 secs

travis_time:end:103c4292:start=1479503720835492505,finish=1479503734649445191,duration=13813952686[0K
[31;1mThe command "./gradlew build shadowJar" failed and exited with 1 during .[0m

Your build has been stopped.
