travis_fold:start:system_info[0K[33;1mBuild system information[0m
Build language: java
Build id: ''
Job id: ''
[34m[1mBuild image provisioning date and time[0m
Thu Feb  5 15:09:33 UTC 2015
[34m[1mOperating System Details[0m
Distributor ID:	Ubuntu
Description:	Ubuntu 12.04.5 LTS
Release:	12.04
Codename:	precise
[34m[1mLinux Version[0m
3.13.0-29-generic
[34m[1mCookbooks Version[0m
a68419e https://github.com/travis-ci/travis-cookbooks/tree/a68419e
[34m[1mGCC version[0m
gcc (Ubuntu/Linaro 4.6.3-1ubuntu5) 4.6.3
Copyright (C) 2011 Free Software Foundation, Inc.
This is free software; see the source for copying conditions.  There is NO
warranty; not even for MERCHANTABILITY or FITNESS FOR A PARTICULAR PURPOSE.

[34m[1mLLVM version[0m
clang version 3.4 (tags/RELEASE_34/final)
Target: x86_64-unknown-linux-gnu
Thread model: posix
[34m[1mPre-installed Ruby versions[0m
ruby-1.9.3-p551
[34m[1mPre-installed Node.js versions[0m
v0.10.36
[34m[1mPre-installed Go versions[0m
1.4.1
[34m[1mRedis version[0m
redis-server 2.8.19
[34m[1mriak version[0m
2.0.2
[34m[1mMongoDB version[0m
MongoDB 2.4.12
[34m[1mCouchDB version[0m
couchdb 1.6.1
[34m[1mNeo4j version[0m
1.9.4
[34m[1mRabbitMQ Version[0m
3.4.3
[34m[1mElasticSearch version[0m
1.4.0
[34m[1mInstalled Sphinx versions[0m
2.0.10
2.1.9
2.2.6
[34m[1mDefault Sphinx version[0m
2.2.6
[34m[1mInstalled Firefox version[0m
firefox 31.0esr
[34m[1mPhantomJS version[0m
1.9.8
[34m[1mant -version[0m
Apache Ant(TM) version 1.8.2 compiled on December 3 2011
[34m[1mmvn -version[0m
Apache Maven 3.2.5 (12a6b3acb947671f09b81f49094c53f426d8cea1; 2014-12-14T17:29:23+00:00)
Maven home: /usr/local/maven
Java version: 1.7.0_76, vendor: Oracle Corporation
Java home: /usr/lib/jvm/java-7-oracle/jre
Default locale: en_US, platform encoding: ANSI_X3.4-1968
OS name: "linux", version: "3.13.0-29-generic", arch: "amd64", family: "unix"
travis_fold:end:system_info[0K
sed: cannot rename /etc/hosts: Device or resource busy
sed: cannot rename /etc/hosts: Device or resource busy
$ cd goodow/realtime-store
travis_fold:start:services[0Ktravis_time:start:0faecd7e[0K$ sudo service redis-server start
start: Unable to connect to Upstart: Failed to connect to socket /com/ubuntu/upstart: Connection refused

travis_time:end:0faecd7e:start=1479331487914101326,finish=1479331487941204258,duration=27102932[0Ktravis_time:start:01ef99a2[0K$ sudo service elasticsearch start
 * Starting Elasticsearch Server
error: "Read-only file system" setting key "vm.max_map_count"
   ...done.

travis_time:end:01ef99a2:start=1479331487949317613,finish=1479331487990260801,duration=40943188[0Ktravis_fold:end:services[0K
[33;1mSetting environment variables from .travis.yml[0m
$ export SONATYPE_USERNAME=[secure]
$ export SONATYPE_PASSWORD=[secure]

$ java -Xmx32m -version
java version "1.7.0_76"
Java(TM) SE Runtime Environment (build 1.7.0_76-b13)
Java HotSpot(TM) 64-Bit Server VM (build 24.76-b04, mixed mode)
$ javac -J-Xmx32m -version
javac 1.7.0_76
travis_fold:start:before_install[0Ktravis_time:start:00c421d8[0K$ wget -P target/travis https://raw.githubusercontent.com/goodow/maven/master/settings.xml
--2016-11-16 21:24:51--  https://raw.githubusercontent.com/goodow/maven/master/settings.xml
Resolving raw.githubusercontent.com (raw.githubusercontent.com)... 151.101.40.133
Connecting to raw.githubusercontent.com (raw.githubusercontent.com)|151.101.40.133|:443... connected.
HTTP request sent, awaiting response... 200 OK
Length: 941 [text/plain]
Saving to: `target/travis/settings.xml'

     0K                                                       100%  429M=0s

2016-11-16 21:24:51 (429 MB/s) - `target/travis/settings.xml' saved [941/941]


travis_time:end:00c421d8:start=1479331491333175855,finish=1479331491443220673,duration=110044818[0Ktravis_fold:end:before_install[0Ktravis_fold:start:install[0Ktravis_time:start:07b62ef1[0K$ mvn install -DskipTests=true -Dmaven.javadoc.skip=true -B -V
Apache Maven 3.2.5 (12a6b3acb947671f09b81f49094c53f426d8cea1; 2014-12-14T17:29:23+00:00)
Maven home: /usr/local/maven
Java version: 1.7.0_76, vendor: Oracle Corporation
Java home: /usr/lib/jvm/java-7-oracle/jre
Default locale: en_US, platform encoding: UTF-8
OS name: "linux", version: "4.4.0-31-generic", arch: "amd64", family: "unix"
[INFO] Scanning for projects...
[INFO] Downloading: https://nexus.codehaus.org/snapshots/com/goodow/realtime/realtime-parent/0.5.5-SNAPSHOT/maven-metadata.xml
[INFO] Downloading: https://oss.sonatype.org/content/repositories/snapshots/com/goodow/realtime/realtime-parent/0.5.5-SNAPSHOT/maven-metadata.xml
[INFO] Downloading: https://repository.apache.org/snapshots/com/goodow/realtime/realtime-parent/0.5.5-SNAPSHOT/maven-metadata.xml
[INFO] Downloading: https://oss.sonatype.org/content/repositories/snapshots/com/goodow/realtime/realtime-parent/0.5.5-SNAPSHOT/maven-metadata.xml
[INFO] Downloaded: https://oss.sonatype.org/content/repositories/snapshots/com/goodow/realtime/realtime-parent/0.5.5-SNAPSHOT/maven-metadata.xml (613 B at 0.5 KB/sec)
[INFO] Downloaded: https://oss.sonatype.org/content/repositories/snapshots/com/goodow/realtime/realtime-parent/0.5.5-SNAPSHOT/maven-metadata.xml (613 B at 0.4 KB/sec)
[WARNING] Could not transfer metadata com.goodow.realtime:realtime-parent:0.5.5-SNAPSHOT/maven-metadata.xml from/to codehaus-snapshots (https://nexus.codehaus.org/snapshots/): nexus.codehaus.org: Name or service not known
[INFO] Downloading: https://oss.sonatype.org/content/repositories/snapshots/com/goodow/realtime/realtime-parent/0.5.5-SNAPSHOT/realtime-parent-0.5.5-20150307.041454-42.pom
[INFO] Downloaded: https://oss.sonatype.org/content/repositories/snapshots/com/goodow/realtime/realtime-parent/0.5.5-SNAPSHOT/realtime-parent-0.5.5-20150307.041454-42.pom (10 KB at 14.2 KB/sec)
[INFO] Downloading: http://repo.maven.apache.org/maven2/org/sonatype/oss/oss-parent/9/oss-parent-9.pom
[INFO] Downloaded: http://repo.maven.apache.org/maven2/org/sonatype/oss/oss-parent/9/oss-parent-9.pom (7 KB at 73.7 KB/sec)
[ERROR] The build could not read 1 project -> [Help 1]
[ERROR]   
[ERROR]   The project com.goodow.realtime:realtime-store:0.5.5-SNAPSHOT (/home/travis/build/goodow/realtime-store/pom.xml) has 3 errors
[ERROR]     'dependencies.dependency.version' for com.goodow.vertx:mod-guice:jar is missing. @ com.goodow.realtime:realtime-store:[unknown-version], /home/travis/build/goodow/realtime-store/pom.xml, line 65, column 17
[ERROR]     'dependencies.dependency.version' for com.goodow.gwt:gwt-exporter:jar is missing. @ com.goodow.realtime:realtime-store:[unknown-version], /home/travis/build/goodow/realtime-store/pom.xml, line 110, column 17
[ERROR]     'dependencies.dependency.version' for com.google.guava:guava:jar is missing. @ com.goodow.realtime:realtime-store:[unknown-version], /home/travis/build/goodow/realtime-store/pom.xml, line 114, column 17
[ERROR] 
[ERROR] To see the full stack trace of the errors, re-run Maven with the -e switch.
[ERROR] Re-run Maven using the -X switch to enable full debug logging.
[ERROR] 
[ERROR] For more information about the errors and possible solutions, please read the following articles:
[ERROR] [Help 1] http://cwiki.apache.org/confluence/display/MAVEN/ProjectBuildingException

[31;1mThe command "eval mvn install -DskipTests=true -Dmaven.javadoc.skip=true -B -V" failed. Retrying, 2 of 3.[0m

Apache Maven 3.2.5 (12a6b3acb947671f09b81f49094c53f426d8cea1; 2014-12-14T17:29:23+00:00)
Maven home: /usr/local/maven
Java version: 1.7.0_76, vendor: Oracle Corporation
Java home: /usr/lib/jvm/java-7-oracle/jre
Default locale: en_US, platform encoding: UTF-8
OS name: "linux", version: "4.4.0-31-generic", arch: "amd64", family: "unix"
[INFO] Scanning for projects...
[INFO] Downloading: https://nexus.codehaus.org/snapshots/com/goodow/realtime/realtime-parent/0.5.5-SNAPSHOT/maven-metadata.xml
[INFO] Downloading: https://repository.apache.org/snapshots/com/goodow/realtime/realtime-parent/0.5.5-SNAPSHOT/maven-metadata.xml
[WARNING] Could not transfer metadata com.goodow.realtime:realtime-parent:0.5.5-SNAPSHOT/maven-metadata.xml from/to codehaus-snapshots (https://nexus.codehaus.org/snapshots/): nexus.codehaus.org: Name or service not known
[ERROR] The build could not read 1 project -> [Help 1]
[ERROR]   
[ERROR]   The project com.goodow.realtime:realtime-store:0.5.5-SNAPSHOT (/home/travis/build/goodow/realtime-store/pom.xml) has 3 errors
[ERROR]     'dependencies.dependency.version' for com.goodow.vertx:mod-guice:jar is missing. @ com.goodow.realtime:realtime-store:[unknown-version], /home/travis/build/goodow/realtime-store/pom.xml, line 65, column 17
[ERROR]     'dependencies.dependency.version' for com.goodow.gwt:gwt-exporter:jar is missing. @ com.goodow.realtime:realtime-store:[unknown-version], /home/travis/build/goodow/realtime-store/pom.xml, line 110, column 17
[ERROR]     'dependencies.dependency.version' for com.google.guava:guava:jar is missing. @ com.goodow.realtime:realtime-store:[unknown-version], /home/travis/build/goodow/realtime-store/pom.xml, line 114, column 17
[ERROR] 
[ERROR] To see the full stack trace of the errors, re-run Maven with the -e switch.
[ERROR] Re-run Maven using the -X switch to enable full debug logging.
[ERROR] 
[ERROR] For more information about the errors and possible solutions, please read the following articles:
[ERROR] [Help 1] http://cwiki.apache.org/confluence/display/MAVEN/ProjectBuildingException

[31;1mThe command "eval mvn install -DskipTests=true -Dmaven.javadoc.skip=true -B -V" failed. Retrying, 3 of 3.[0m

Apache Maven 3.2.5 (12a6b3acb947671f09b81f49094c53f426d8cea1; 2014-12-14T17:29:23+00:00)
Maven home: /usr/local/maven
Java version: 1.7.0_76, vendor: Oracle Corporation
Java home: /usr/lib/jvm/java-7-oracle/jre
Default locale: en_US, platform encoding: UTF-8
OS name: "linux", version: "4.4.0-31-generic", arch: "amd64", family: "unix"
[INFO] Scanning for projects...
[INFO] Downloading: https://repository.apache.org/snapshots/com/goodow/realtime/realtime-parent/0.5.5-SNAPSHOT/maven-metadata.xml
[INFO] Downloading: https://nexus.codehaus.org/snapshots/com/goodow/realtime/realtime-parent/0.5.5-SNAPSHOT/maven-metadata.xml
[WARNING] Could not transfer metadata com.goodow.realtime:realtime-parent:0.5.5-SNAPSHOT/maven-metadata.xml from/to codehaus-snapshots (https://nexus.codehaus.org/snapshots/): nexus.codehaus.org: Name or service not known
[ERROR] The build could not read 1 project -> [Help 1]
[ERROR]   
[ERROR]   The project com.goodow.realtime:realtime-store:0.5.5-SNAPSHOT (/home/travis/build/goodow/realtime-store/pom.xml) has 3 errors
[ERROR]     'dependencies.dependency.version' for com.goodow.vertx:mod-guice:jar is missing. @ com.goodow.realtime:realtime-store:[unknown-version], /home/travis/build/goodow/realtime-store/pom.xml, line 65, column 17
[ERROR]     'dependencies.dependency.version' for com.goodow.gwt:gwt-exporter:jar is missing. @ com.goodow.realtime:realtime-store:[unknown-version], /home/travis/build/goodow/realtime-store/pom.xml, line 110, column 17
[ERROR]     'dependencies.dependency.version' for com.google.guava:guava:jar is missing. @ com.goodow.realtime:realtime-store:[unknown-version], /home/travis/build/goodow/realtime-store/pom.xml, line 114, column 17
[ERROR] 
[ERROR] To see the full stack trace of the errors, re-run Maven with the -e switch.
[ERROR] Re-run Maven using the -X switch to enable full debug logging.
[ERROR] 
[ERROR] For more information about the errors and possible solutions, please read the following articles:
[ERROR] [Help 1] http://cwiki.apache.org/confluence/display/MAVEN/ProjectBuildingException

[31;1mThe command "eval mvn install -DskipTests=true -Dmaven.javadoc.skip=true -B -V" failed 3 times.[0m


travis_time:end:07b62ef1:start=1479331491449939387,finish=1479331508441558577,duration=16991619190[0K
[31;1mThe command "mvn install -DskipTests=true -Dmaven.javadoc.skip=true -B -V" failed and exited with 1 during .[0m

Your build has been stopped.
