travis_fold:start:system_info[0K[33;1mBuild system information[0m
Build language: java
Build id: ''
Job id: ''
[34m[1mBuild image provisioning date and time[0m
Thu Feb  5 15:09:33 UTC 2015
[34m[1mOperating System Details[0m
Distributor ID:	Ubuntu
Description:	Ubuntu 12.04.5 LTS
Release:	12.04
Codename:	precise
[34m[1mLinux Version[0m
3.13.0-29-generic
[34m[1mCookbooks Version[0m
a68419e https://github.com/travis-ci/travis-cookbooks/tree/a68419e
[34m[1mGCC version[0m
gcc (Ubuntu/Linaro 4.6.3-1ubuntu5) 4.6.3
Copyright (C) 2011 Free Software Foundation, Inc.
This is free software; see the source for copying conditions.  There is NO
warranty; not even for MERCHANTABILITY or FITNESS FOR A PARTICULAR PURPOSE.

[34m[1mLLVM version[0m
clang version 3.4 (tags/RELEASE_34/final)
Target: x86_64-unknown-linux-gnu
Thread model: posix
[34m[1mPre-installed Ruby versions[0m
ruby-1.9.3-p551
[34m[1mPre-installed Node.js versions[0m
v0.10.36
[34m[1mPre-installed Go versions[0m
1.4.1
[34m[1mRedis version[0m
redis-server 2.8.19
[34m[1mriak version[0m
2.0.2
[34m[1mMongoDB version[0m
MongoDB 2.4.12
[34m[1mCouchDB version[0m
couchdb 1.6.1
[34m[1mNeo4j version[0m
1.9.4
[34m[1mRabbitMQ Version[0m
3.4.3
[34m[1mElasticSearch version[0m
1.4.0
[34m[1mInstalled Sphinx versions[0m
2.0.10
2.1.9
2.2.6
[34m[1mDefault Sphinx version[0m
2.2.6
[34m[1mInstalled Firefox version[0m
firefox 31.0esr
[34m[1mPhantomJS version[0m
1.9.8
[34m[1mant -version[0m
Apache Ant(TM) version 1.8.2 compiled on December 3 2011
[34m[1mmvn -version[0m
Apache Maven 3.2.5 (12a6b3acb947671f09b81f49094c53f426d8cea1; 2014-12-14T17:29:23+00:00)
Maven home: /usr/local/maven
Java version: 1.7.0_76, vendor: Oracle Corporation
Java home: /usr/lib/jvm/java-7-oracle/jre
Default locale: en_US, platform encoding: ANSI_X3.4-1968
OS name: "linux", version: "3.13.0-29-generic", arch: "amd64", family: "unix"
travis_fold:end:system_info[0K
sed: cannot rename /etc/hosts: Device or resource busy
sed: cannot rename /etc/hosts: Device or resource busy
$ cd jmkgreen/morphia
travis_fold:start:services[0Ktravis_time:start:07ef80bc[0K$ sudo service mongodb start
 * Starting database mongodb
   ...done.

travis_time:end:07ef80bc:start=1479257722846397370,finish=1479257723887996298,duration=1041598928[0Ktravis_fold:end:services[0K$ java -Xmx32m -version
java version "1.7.0_76"
Java(TM) SE Runtime Environment (build 1.7.0_76-b13)
Java HotSpot(TM) 64-Bit Server VM (build 24.76-b04, mixed mode)
$ javac -J-Xmx32m -version
javac 1.7.0_76
travis_fold:start:install[0Ktravis_time:start:103d2998[0K$ mvn install -DskipTests=true -Dmaven.javadoc.skip=true -B -V
Apache Maven 3.2.5 (12a6b3acb947671f09b81f49094c53f426d8cea1; 2014-12-14T17:29:23+00:00)
Maven home: /usr/local/maven
Java version: 1.7.0_76, vendor: Oracle Corporation
Java home: /usr/lib/jvm/java-7-oracle/jre
Default locale: en_US, platform encoding: UTF-8
OS name: "linux", version: "4.4.0-31-generic", arch: "amd64", family: "unix"
[INFO] Scanning for projects...
[INFO] Downloading: https://repo.maven.apache.org/maven2/org/jvnet/wagon-svn/wagon-svn/1.9/wagon-svn-1.9.pom
[INFO] Downloaded: https://repo.maven.apache.org/maven2/org/jvnet/wagon-svn/wagon-svn/1.9/wagon-svn-1.9.pom (3 KB at 0.5 KB/sec)
[INFO] Downloading: https://repo.maven.apache.org/maven2/org/jvnet/hudson/svnkit/svnkit/1.1.4-hudson-4/svnkit-1.1.4-hudson-4.pom
[INFO] Downloaded: https://repo.maven.apache.org/maven2/org/jvnet/hudson/svnkit/svnkit/1.1.4-hudson-4/svnkit-1.1.4-hudson-4.pom (2 KB at 9.7 KB/sec)
[INFO] Downloading: https://repo.maven.apache.org/maven2/ch/ethz/ganymed/ganymed-ssh2/build210/ganymed-ssh2-build210.pom
[INFO] Downloaded: https://repo.maven.apache.org/maven2/ch/ethz/ganymed/ganymed-ssh2/build210/ganymed-ssh2-build210.pom (710 B at 5.7 KB/sec)
[INFO] Downloading: https://repo.maven.apache.org/maven2/org/codehaus/plexus/plexus-utils/1.4.1/plexus-utils-1.4.1.pom
[INFO] Downloaded: https://repo.maven.apache.org/maven2/org/codehaus/plexus/plexus-utils/1.4.1/plexus-utils-1.4.1.pom (2 KB at 16.5 KB/sec)
[INFO] Downloading: https://repo.maven.apache.org/maven2/org/codehaus/plexus/plexus/1.0.11/plexus-1.0.11.pom
[INFO] Downloaded: https://repo.maven.apache.org/maven2/org/codehaus/plexus/plexus/1.0.11/plexus-1.0.11.pom (9 KB at 74.2 KB/sec)
[INFO] Downloading: https://repo.maven.apache.org/maven2/org/apache/maven/wagon/wagon-provider-api/1.0-beta-2/wagon-provider-api-1.0-beta-2.pom
[INFO] Downloaded: https://repo.maven.apache.org/maven2/org/apache/maven/wagon/wagon-provider-api/1.0-beta-2/wagon-provider-api-1.0-beta-2.pom (680 B at 5.9 KB/sec)
[INFO] Downloading: https://repo.maven.apache.org/maven2/org/apache/maven/wagon/wagon/1.0-beta-2/wagon-1.0-beta-2.pom
[INFO] Downloaded: https://repo.maven.apache.org/maven2/org/apache/maven/wagon/wagon/1.0-beta-2/wagon-1.0-beta-2.pom (6 KB at 50.8 KB/sec)
[INFO] Downloading: https://repo.maven.apache.org/maven2/org/apache/maven/maven-parent/4/maven-parent-4.pom
[INFO] Downloaded: https://repo.maven.apache.org/maven2/org/apache/maven/maven-parent/4/maven-parent-4.pom (10 KB at 82.0 KB/sec)
[INFO] Downloading: https://repo.maven.apache.org/maven2/org/apache/apache/3/apache-3.pom
[INFO] Downloaded: https://repo.maven.apache.org/maven2/org/apache/apache/3/apache-3.pom (4 KB at 30.2 KB/sec)
[INFO] Downloading: https://repo.maven.apache.org/maven2/org/codehaus/plexus/plexus-utils/1.0.4/plexus-utils-1.0.4.pom
[INFO] Downloaded: https://repo.maven.apache.org/maven2/org/codehaus/plexus/plexus-utils/1.0.4/plexus-utils-1.0.4.pom (7 KB at 60.9 KB/sec)
[INFO] Downloading: https://repo.maven.apache.org/maven2/org/jvnet/wagon-svn/wagon-svn/1.9/wagon-svn-1.9.jar
[INFO] Downloading: https://repo.maven.apache.org/maven2/ch/ethz/ganymed/ganymed-ssh2/build210/ganymed-ssh2-build210.jar
[INFO] Downloading: https://repo.maven.apache.org/maven2/org/jvnet/hudson/svnkit/svnkit/1.1.4-hudson-4/svnkit-1.1.4-hudson-4.jar
[INFO] Downloading: https://repo.maven.apache.org/maven2/org/codehaus/plexus/plexus-utils/1.4.1/plexus-utils-1.4.1.jar
[INFO] Downloaded: https://repo.maven.apache.org/maven2/org/jvnet/wagon-svn/wagon-svn/1.9/wagon-svn-1.9.jar (20 KB at 141.2 KB/sec)
[INFO] Downloaded: https://repo.maven.apache.org/maven2/ch/ethz/ganymed/ganymed-ssh2/build210/ganymed-ssh2-build210.jar (240 KB at 960.2 KB/sec)
[INFO] Downloaded: https://repo.maven.apache.org/maven2/org/codehaus/plexus/plexus-utils/1.4.1/plexus-utils-1.4.1.jar (185 KB at 739.9 KB/sec)
[INFO] Downloaded: https://repo.maven.apache.org/maven2/org/jvnet/hudson/svnkit/svnkit/1.1.4-hudson-4/svnkit-1.1.4-hudson-4.jar (1195 KB at 3698.6 KB/sec)
[INFO] Downloading: https://repo.maven.apache.org/maven2/org/apache/maven/wagon/wagon-ftp/1.0-beta-6/wagon-ftp-1.0-beta-6.pom
[INFO] Downloaded: https://repo.maven.apache.org/maven2/org/apache/maven/wagon/wagon-ftp/1.0-beta-6/wagon-ftp-1.0-beta-6.pom (3 KB at 22.6 KB/sec)
[INFO] Downloading: https://repo.maven.apache.org/maven2/org/apache/maven/wagon/wagon-providers/1.0-beta-6/wagon-providers-1.0-beta-6.pom
[INFO] Downloaded: https://repo.maven.apache.org/maven2/org/apache/maven/wagon/wagon-providers/1.0-beta-6/wagon-providers-1.0-beta-6.pom (3 KB at 18.6 KB/sec)
[INFO] Downloading: https://repo.maven.apache.org/maven2/org/apache/maven/wagon/wagon/1.0-beta-6/wagon-1.0-beta-6.pom
[INFO] Downloaded: https://repo.maven.apache.org/maven2/org/apache/maven/wagon/wagon/1.0-beta-6/wagon-1.0-beta-6.pom (13 KB at 115.2 KB/sec)
[INFO] Downloading: https://repo.maven.apache.org/maven2/org/apache/maven/maven-parent/11/maven-parent-11.pom
[INFO] Downloaded: https://repo.maven.apache.org/maven2/org/apache/maven/maven-parent/11/maven-parent-11.pom (32 KB at 301.4 KB/sec)
[INFO] Downloading: https://repo.maven.apache.org/maven2/org/apache/apache/5/apache-5.pom
[INFO] Downloaded: https://repo.maven.apache.org/maven2/org/apache/apache/5/apache-5.pom (5 KB at 35.7 KB/sec)
[INFO] Downloading: https://repo.maven.apache.org/maven2/commons-net/commons-net/2.0/commons-net-2.0.pom
[INFO] Downloaded: https://repo.maven.apache.org/maven2/commons-net/commons-net/2.0/commons-net-2.0.pom (8 KB at 70.5 KB/sec)
[INFO] Downloading: https://repo.maven.apache.org/maven2/org/apache/commons/commons-parent/11/commons-parent-11.pom
[INFO] Downloaded: https://repo.maven.apache.org/maven2/org/apache/commons/commons-parent/11/commons-parent-11.pom (25 KB at 211.2 KB/sec)
[INFO] Downloading: https://repo.maven.apache.org/maven2/org/apache/apache/4/apache-4.pom
[INFO] Downloaded: https://repo.maven.apache.org/maven2/org/apache/apache/4/apache-4.pom (5 KB at 39.9 KB/sec)
[INFO] Downloading: https://repo.maven.apache.org/maven2/org/apache/maven/wagon/wagon-provider-api/1.0-beta-6/wagon-provider-api-1.0-beta-6.pom
[INFO] Downloaded: https://repo.maven.apache.org/maven2/org/apache/maven/wagon/wagon-provider-api/1.0-beta-6/wagon-provider-api-1.0-beta-6.pom (2 KB at 15.3 KB/sec)
[INFO] Downloading: https://repo.maven.apache.org/maven2/org/codehaus/plexus/plexus-utils/1.4.2/plexus-utils-1.4.2.pom
[INFO] Downloaded: https://repo.maven.apache.org/maven2/org/codehaus/plexus/plexus-utils/1.4.2/plexus-utils-1.4.2.pom (2 KB at 18.6 KB/sec)
[INFO] Downloading: https://repo.maven.apache.org/maven2/org/apache/maven/wagon/wagon-ftp/1.0-beta-6/wagon-ftp-1.0-beta-6.jar
[INFO] Downloading: https://repo.maven.apache.org/maven2/commons-net/commons-net/2.0/commons-net-2.0.jar
[INFO] Downloading: https://repo.maven.apache.org/maven2/org/codehaus/plexus/plexus-utils/1.4.2/plexus-utils-1.4.2.jar
[INFO] Downloaded: https://repo.maven.apache.org/maven2/org/apache/maven/wagon/wagon-ftp/1.0-beta-6/wagon-ftp-1.0-beta-6.jar (15 KB at 128.2 KB/sec)
[INFO] Downloaded: https://repo.maven.apache.org/maven2/commons-net/commons-net/2.0/commons-net-2.0.jar (193 KB at 1394.6 KB/sec)
[INFO] Downloaded: https://repo.maven.apache.org/maven2/org/codehaus/plexus/plexus-utils/1.4.2/plexus-utils-1.4.2.jar (186 KB at 1273.0 KB/sec)
[WARNING] 
[WARNING] Some problems were encountered while building the effective model for com.github.jmkgreen.morphia:morphia-entityscanner-plug:jar:1.00-SNAPSHOT
[WARNING] The expression ${parent.groupId} is deprecated. Please use ${project.parent.groupId} instead.
[WARNING] 
[WARNING] It is highly recommended to fix these problems because they threaten the stability of your build.
[WARNING] 
[WARNING] For this reason, future Maven versions might no longer support building such malformed projects.
[WARNING] 
[INFO] ------------------------------------------------------------------------
[INFO] Reactor Build Order:
[INFO] 
[INFO] Morphia Build
[INFO] morphia
[INFO] morphia-no-proxy-deps
[INFO] JSR303 Validation
[INFO] Logging via SLF4J
[INFO] JRebel Plugin
[INFO] Guice Plugin
[INFO] EntityScanner Plugin
[INFO]                                                                         
[INFO] ------------------------------------------------------------------------
[INFO] Building Morphia Build 1.2
[INFO] ------------------------------------------------------------------------
[INFO] Downloading: https://repo.maven.apache.org/maven2/org/apache/maven/plugins/maven-source-plugin/2.2/maven-source-plugin-2.2.pom
[INFO] Downloaded: https://repo.maven.apache.org/maven2/org/apache/maven/plugins/maven-source-plugin/2.2/maven-source-plugin-2.2.pom (7 KB at 62.6 KB/sec)
[INFO] Downloading: https://repo.maven.apache.org/maven2/org/apache/maven/plugins/maven-plugins/22/maven-plugins-22.pom
[INFO] Downloaded: https://repo.maven.apache.org/maven2/org/apache/maven/plugins/maven-plugins/22/maven-plugins-22.pom (13 KB at 116.8 KB/sec)
[INFO] Downloading: https://repo.maven.apache.org/maven2/org/apache/maven/maven-parent/21/maven-parent-21.pom
[INFO] Downloaded: https://repo.maven.apache.org/maven2/org/apache/maven/maven-parent/21/maven-parent-21.pom (26 KB at 218.1 KB/sec)
[INFO] Downloading: https://repo.maven.apache.org/maven2/org/apache/apache/10/apache-10.pom
[INFO] Downloaded: https://repo.maven.apache.org/maven2/org/apache/apache/10/apache-10.pom (15 KB at 135.1 KB/sec)
[INFO] Downloading: https://repo.maven.apache.org/maven2/org/apache/maven/plugins/maven-source-plugin/2.2/maven-source-plugin-2.2.jar
[INFO] Downloaded: https://repo.maven.apache.org/maven2/org/apache/maven/plugins/maven-source-plugin/2.2/maven-source-plugin-2.2.jar (29 KB at 248.4 KB/sec)
[INFO] Downloading: https://repo.maven.apache.org/maven2/org/apache/maven/plugins/maven-javadoc-plugin/2.7/maven-javadoc-plugin-2.7.pom
[INFO] Downloaded: https://repo.maven.apache.org/maven2/org/apache/maven/plugins/maven-javadoc-plugin/2.7/maven-javadoc-plugin-2.7.pom (16 KB at 131.4 KB/sec)
[INFO] Downloading: https://repo.maven.apache.org/maven2/org/apache/maven/plugins/maven-plugins/17/maven-plugins-17.pom
[INFO] Downloaded: https://repo.maven.apache.org/maven2/org/apache/maven/plugins/maven-plugins/17/maven-plugins-17.pom (13 KB at 119.3 KB/sec)
[INFO] Downloading: https://repo.maven.apache.org/maven2/org/apache/maven/maven-parent/16/maven-parent-16.pom
[INFO] Downloaded: https://repo.maven.apache.org/maven2/org/apache/maven/maven-parent/16/maven-parent-16.pom (23 KB at 187.8 KB/sec)
[INFO] Downloading: https://repo.maven.apache.org/maven2/org/apache/apache/7/apache-7.pom
[INFO] Downloaded: https://repo.maven.apache.org/maven2/org/apache/apache/7/apache-7.pom (15 KB at 125.8 KB/sec)
[INFO] Downloading: https://repo.maven.apache.org/maven2/org/apache/maven/plugins/maven-javadoc-plugin/2.7/maven-javadoc-plugin-2.7.jar
[INFO] Downloaded: https://repo.maven.apache.org/maven2/org/apache/maven/plugins/maven-javadoc-plugin/2.7/maven-javadoc-plugin-2.7.jar (268 KB at 1940.5 KB/sec)
[INFO] Downloading: https://repo.maven.apache.org/maven2/org/apache/maven/plugins/maven-install-plugin/2.4/maven-install-plugin-2.4.pom
[INFO] Downloaded: https://repo.maven.apache.org/maven2/org/apache/maven/plugins/maven-install-plugin/2.4/maven-install-plugin-2.4.pom (7 KB at 54.2 KB/sec)
[INFO] Downloading: https://repo.maven.apache.org/maven2/org/apache/maven/plugins/maven-plugins/23/maven-plugins-23.pom
[INFO] Downloaded: https://repo.maven.apache.org/maven2/org/apache/maven/plugins/maven-plugins/23/maven-plugins-23.pom (9 KB at 82.4 KB/sec)
[INFO] Downloading: https://repo.maven.apache.org/maven2/org/apache/maven/maven-parent/22/maven-parent-22.pom
[INFO] Downloaded: https://repo.maven.apache.org/maven2/org/apache/maven/maven-parent/22/maven-parent-22.pom (30 KB at 259.3 KB/sec)
[INFO] Downloading: https://repo.maven.apache.org/maven2/org/apache/apache/11/apache-11.pom
[INFO] Downloaded: https://repo.maven.apache.org/maven2/org/apache/apache/11/apache-11.pom (15 KB at 133.9 KB/sec)
[INFO] Downloading: https://repo.maven.apache.org/maven2/org/apache/maven/plugins/maven-install-plugin/2.4/maven-install-plugin-2.4.jar
[INFO] Downloaded: https://repo.maven.apache.org/maven2/org/apache/maven/plugins/maven-install-plugin/2.4/maven-install-plugin-2.4.jar (27 KB at 237.1 KB/sec)
[INFO] 
[INFO] >>> maven-source-plugin:2.2:jar (attach-sources) > generate-sources @ morphia-parent >>>
[INFO] 
[INFO] <<< maven-source-plugin:2.2:jar (attach-sources) < generate-sources @ morphia-parent <<<
[INFO] Downloading: https://oss.sonatype.org/content/repositories/releases/org/mongodb/mongo-java-driver/maven-metadata.xml
[INFO] Downloading: http://repo.maven.apache.org/maven2/org/mongodb/mongo-java-driver/maven-metadata.xml
[INFO] Downloading: https://oss.sonatype.org/content/repositories/snapshots/org/mongodb/mongo-java-driver/maven-metadata.xml
[INFO] Downloading: https://repository.apache.org/releases/org/mongodb/mongo-java-driver/maven-metadata.xml
[INFO] Downloaded: http://repo.maven.apache.org/maven2/org/mongodb/mongo-java-driver/maven-metadata.xml (3 KB at 67.7 KB/sec)
[INFO] Downloading: https://repository.apache.org/snapshots/org/mongodb/mongo-java-driver/maven-metadata.xml
[INFO] Downloading: https://nexus.codehaus.org/snapshots/org/mongodb/mongo-java-driver/maven-metadata.xml
[INFO] Downloaded: https://oss.sonatype.org/content/repositories/snapshots/org/mongodb/mongo-java-driver/maven-metadata.xml (641 B at 0.8 KB/sec)
[INFO] Downloaded: https://oss.sonatype.org/content/repositories/releases/org/mongodb/mongo-java-driver/maven-metadata.xml (3 KB at 2.9 KB/sec)
[WARNING] Could not transfer metadata org.mongodb:mongo-java-driver/maven-metadata.xml from/to codehaus-snapshots (https://nexus.codehaus.org/snapshots/): nexus.codehaus.org: Name or service not known
[INFO] Downloading: http://repo.maven.apache.org/maven2/org/mongodb/mongo-java-driver/2.7.0/mongo-java-driver-2.7.0.pom
[INFO] Downloaded: http://repo.maven.apache.org/maven2/org/mongodb/mongo-java-driver/2.7.0/mongo-java-driver-2.7.0.pom (850 B at 8.9 KB/sec)
[INFO] Downloading: http://repo.maven.apache.org/maven2/org/mongodb/mongo-java-driver/2.7.1/mongo-java-driver-2.7.1.pom
[INFO] Downloaded: http://repo.maven.apache.org/maven2/org/mongodb/mongo-java-driver/2.7.1/mongo-java-driver-2.7.1.pom (850 B at 34.6 KB/sec)
[INFO] Downloading: http://repo.maven.apache.org/maven2/org/mongodb/mongo-java-driver/2.7.2/mongo-java-driver-2.7.2.pom
[INFO] Downloaded: http://repo.maven.apache.org/maven2/org/mongodb/mongo-java-driver/2.7.2/mongo-java-driver-2.7.2.pom (850 B at 36.1 KB/sec)
[INFO] Downloading: http://repo.maven.apache.org/maven2/org/mongodb/mongo-java-driver/2.7.3/mongo-java-driver-2.7.3.pom
[INFO] Downloaded: http://repo.maven.apache.org/maven2/org/mongodb/mongo-java-driver/2.7.3/mongo-java-driver-2.7.3.pom (850 B at 37.7 KB/sec)
[INFO] Downloading: http://repo.maven.apache.org/maven2/org/mongodb/mongo-java-driver/2.8.0-RC1/mongo-java-driver-2.8.0-RC1.pom
[INFO] Downloaded: http://repo.maven.apache.org/maven2/org/mongodb/mongo-java-driver/2.8.0-RC1/mongo-java-driver-2.8.0-RC1.pom (872 B at 9.8 KB/sec)
[INFO] Downloading: http://repo.maven.apache.org/maven2/org/mongodb/mongo-java-driver/2.8.0/mongo-java-driver-2.8.0.pom
[INFO] Downloaded: http://repo.maven.apache.org/maven2/org/mongodb/mongo-java-driver/2.8.0/mongo-java-driver-2.8.0.pom (868 B at 33.9 KB/sec)
[INFO] Downloading: http://repo.maven.apache.org/maven2/org/mongodb/mongo-java-driver/2.9.0-RC1/mongo-java-driver-2.9.0-RC1.pom
[INFO] Downloaded: http://repo.maven.apache.org/maven2/org/mongodb/mongo-java-driver/2.9.0-RC1/mongo-java-driver-2.9.0-RC1.pom (872 B at 4.3 KB/sec)
[INFO] Downloading: http://repo.maven.apache.org/maven2/org/mongodb/mongo-java-driver/2.9.0-RC2/mongo-java-driver-2.9.0-RC2.pom
[INFO] Downloaded: http://repo.maven.apache.org/maven2/org/mongodb/mongo-java-driver/2.9.0-RC2/mongo-java-driver-2.9.0-RC2.pom (872 B at 9.1 KB/sec)
[INFO] Downloading: http://repo.maven.apache.org/maven2/org/mongodb/mongo-java-driver/2.9.0/mongo-java-driver-2.9.0.pom
[INFO] Downloaded: http://repo.maven.apache.org/maven2/org/mongodb/mongo-java-driver/2.9.0/mongo-java-driver-2.9.0.pom (868 B at 36.9 KB/sec)
[INFO] Downloading: http://repo.maven.apache.org/maven2/org/mongodb/mongo-java-driver/2.9.1/mongo-java-driver-2.9.1.pom
[INFO] Downloaded: http://repo.maven.apache.org/maven2/org/mongodb/mongo-java-driver/2.9.1/mongo-java-driver-2.9.1.pom (868 B at 33.9 KB/sec)
[INFO] Downloading: http://repo.maven.apache.org/maven2/org/mongodb/mongo-java-driver/2.9.2/mongo-java-driver-2.9.2.pom
[INFO] Downloaded: http://repo.maven.apache.org/maven2/org/mongodb/mongo-java-driver/2.9.2/mongo-java-driver-2.9.2.pom (868 B at 9.3 KB/sec)
[INFO] Downloading: http://repo.maven.apache.org/maven2/org/mongodb/mongo-java-driver/2.9.3/mongo-java-driver-2.9.3.pom
[INFO] Downloaded: http://repo.maven.apache.org/maven2/org/mongodb/mongo-java-driver/2.9.3/mongo-java-driver-2.9.3.pom (868 B at 36.9 KB/sec)
[INFO] Downloading: http://repo.maven.apache.org/maven2/org/mongodb/mongo-java-driver/2.10.0/mongo-java-driver-2.10.0.pom
[INFO] Downloaded: http://repo.maven.apache.org/maven2/org/mongodb/mongo-java-driver/2.10.0/mongo-java-driver-2.10.0.pom (869 B at 35.4 KB/sec)
[INFO] Downloading: http://repo.maven.apache.org/maven2/org/mongodb/mongo-java-driver/2.10.1/mongo-java-driver-2.10.1.pom
[INFO] Downloaded: http://repo.maven.apache.org/maven2/org/mongodb/mongo-java-driver/2.10.1/mongo-java-driver-2.10.1.pom (869 B at 38.6 KB/sec)
[INFO] Downloading: http://repo.maven.apache.org/maven2/org/mongodb/mongo-java-driver/2.11.0-RC1/mongo-java-driver-2.11.0-RC1.pom
[INFO] Downloaded: http://repo.maven.apache.org/maven2/org/mongodb/mongo-java-driver/2.11.0-RC1/mongo-java-driver-2.11.0-RC1.pom (873 B at 34.1 KB/sec)
[INFO] Downloading: http://repo.maven.apache.org/maven2/org/mongodb/mongo-java-driver/2.11.0/mongo-java-driver-2.11.0.pom
[INFO] Downloaded: http://repo.maven.apache.org/maven2/org/mongodb/mongo-java-driver/2.11.0/mongo-java-driver-2.11.0.pom (869 B at 35.4 KB/sec)
[INFO] Downloading: http://repo.maven.apache.org/maven2/org/mongodb/mongo-java-driver/2.11.1/mongo-java-driver-2.11.1.pom
[INFO] Downloaded: http://repo.maven.apache.org/maven2/org/mongodb/mongo-java-driver/2.11.1/mongo-java-driver-2.11.1.pom (869 B at 35.4 KB/sec)
[INFO] Downloading: http://repo.maven.apache.org/maven2/org/mongodb/mongo-java-driver/2.11.2/mongo-java-driver-2.11.2.pom
[INFO] Downloaded: http://repo.maven.apache.org/maven2/org/mongodb/mongo-java-driver/2.11.2/mongo-java-driver-2.11.2.pom (869 B at 40.4 KB/sec)
[INFO] Downloading: http://repo.maven.apache.org/maven2/org/mongodb/mongo-java-driver/2.11.3/mongo-java-driver-2.11.3.pom
[INFO] Downloaded: http://repo.maven.apache.org/maven2/org/mongodb/mongo-java-driver/2.11.3/mongo-java-driver-2.11.3.pom (869 B at 35.4 KB/sec)
[INFO] Downloading: http://repo.maven.apache.org/maven2/org/mongodb/mongo-java-driver/2.11.4/mongo-java-driver-2.11.4.pom
[INFO] Downloaded: http://repo.maven.apache.org/maven2/org/mongodb/mongo-java-driver/2.11.4/mongo-java-driver-2.11.4.pom (869 B at 38.6 KB/sec)
[INFO] Downloading: http://repo.maven.apache.org/maven2/org/mongodb/mongo-java-driver/2.12.0-rc0/mongo-java-driver-2.12.0-rc0.pom
[INFO] Downloaded: http://repo.maven.apache.org/maven2/org/mongodb/mongo-java-driver/2.12.0-rc0/mongo-java-driver-2.12.0-rc0.pom (873 B at 40.6 KB/sec)
[INFO] Downloading: http://repo.maven.apache.org/maven2/org/mongodb/mongo-java-driver/2.12.0-rc1/mongo-java-driver-2.12.0-rc1.pom
[INFO] Downloaded: http://repo.maven.apache.org/maven2/org/mongodb/mongo-java-driver/2.12.0-rc1/mongo-java-driver-2.12.0-rc1.pom (873 B at 40.6 KB/sec)
[INFO] Downloading: http://repo.maven.apache.org/maven2/org/mongodb/mongo-java-driver/2.12.0-rc2/mongo-java-driver-2.12.0-rc2.pom
[INFO] Downloaded: http://repo.maven.apache.org/maven2/org/mongodb/mongo-java-driver/2.12.0-rc2/mongo-java-driver-2.12.0-rc2.pom (873 B at 42.6 KB/sec)
[INFO] Downloading: http://repo.maven.apache.org/maven2/org/mongodb/mongo-java-driver/2.12.0-rc3/mongo-java-driver-2.12.0-rc3.pom
[INFO] Downloaded: http://repo.maven.apache.org/maven2/org/mongodb/mongo-java-driver/2.12.0-rc3/mongo-java-driver-2.12.0-rc3.pom (873 B at 40.6 KB/sec)
[INFO] Downloading: http://repo.maven.apache.org/maven2/org/mongodb/mongo-java-driver/2.12.0/mongo-java-driver-2.12.0.pom
[INFO] Downloaded: http://repo.maven.apache.org/maven2/org/mongodb/mongo-java-driver/2.12.0/mongo-java-driver-2.12.0.pom (869 B at 42.4 KB/sec)
[INFO] Downloading: http://repo.maven.apache.org/maven2/org/mongodb/mongo-java-driver/2.12.1/mongo-java-driver-2.12.1.pom
[INFO] Downloaded: http://repo.maven.apache.org/maven2/org/mongodb/mongo-java-driver/2.12.1/mongo-java-driver-2.12.1.pom (869 B at 38.6 KB/sec)
[INFO] Downloading: http://repo.maven.apache.org/maven2/org/mongodb/mongo-java-driver/2.12.2/mongo-java-driver-2.12.2.pom
[INFO] Downloaded: http://repo.maven.apache.org/maven2/org/mongodb/mongo-java-driver/2.12.2/mongo-java-driver-2.12.2.pom (869 B at 32.6 KB/sec)
[INFO] Downloading: http://repo.maven.apache.org/maven2/org/mongodb/mongo-java-driver/2.12.3/mongo-java-driver-2.12.3.pom
[INFO] Downloaded: http://repo.maven.apache.org/maven2/org/mongodb/mongo-java-driver/2.12.3/mongo-java-driver-2.12.3.pom (869 B at 38.6 KB/sec)
[INFO] Downloading: http://repo.maven.apache.org/maven2/org/mongodb/mongo-java-driver/2.12.4/mongo-java-driver-2.12.4.pom
[INFO] Downloaded: http://repo.maven.apache.org/maven2/org/mongodb/mongo-java-driver/2.12.4/mongo-java-driver-2.12.4.pom (869 B at 38.6 KB/sec)
[INFO] Downloading: http://repo.maven.apache.org/maven2/org/mongodb/mongo-java-driver/2.12.5/mongo-java-driver-2.12.5.pom
[INFO] Downloaded: http://repo.maven.apache.org/maven2/org/mongodb/mongo-java-driver/2.12.5/mongo-java-driver-2.12.5.pom (869 B at 42.4 KB/sec)
[INFO] Downloading: https://oss.sonatype.org/content/repositories/snapshots/org/mongodb/mongo-java-driver/2.12.6-SNAPSHOT/maven-metadata.xml
[INFO] Downloading: https://repository.apache.org/snapshots/org/mongodb/mongo-java-driver/2.12.6-SNAPSHOT/maven-metadata.xml
[INFO] Downloading: https://nexus.codehaus.org/snapshots/org/mongodb/mongo-java-driver/2.12.6-SNAPSHOT/maven-metadata.xml
[INFO] Downloaded: https://oss.sonatype.org/content/repositories/snapshots/org/mongodb/mongo-java-driver/2.12.6-SNAPSHOT/maven-metadata.xml (2 KB at 2.7 KB/sec)
[WARNING] Could not transfer metadata org.mongodb:mongo-java-driver:2.12.6-SNAPSHOT/maven-metadata.xml from/to codehaus-snapshots (https://nexus.codehaus.org/snapshots/): nexus.codehaus.org
[WARNING] Failure to transfer org.mongodb:mongo-java-driver:2.12.6-SNAPSHOT/maven-metadata.xml from https://nexus.codehaus.org/snapshots/ was cached in the local repository, resolution will not be reattempted until the update interval of codehaus-snapshots has elapsed or updates are forced. Original error: Could not transfer metadata org.mongodb:mongo-java-driver:2.12.6-SNAPSHOT/maven-metadata.xml from/to codehaus-snapshots (https://nexus.codehaus.org/snapshots/): nexus.codehaus.org
[INFO] Downloading: https://oss.sonatype.org/content/repositories/snapshots/org/mongodb/mongo-java-driver/2.12.6-SNAPSHOT/mongo-java-driver-2.12.6-20150129.222616-2.pom
[INFO] Downloaded: https://oss.sonatype.org/content/repositories/snapshots/org/mongodb/mongo-java-driver/2.12.6-SNAPSHOT/mongo-java-driver-2.12.6-20150129.222616-2.pom (878 B at 2.0 KB/sec)
[INFO] Downloading: http://repo.maven.apache.org/maven2/org/mongodb/mongo-java-driver/2.13.0-rc0/mongo-java-driver-2.13.0-rc0.pom
[INFO] Downloaded: http://repo.maven.apache.org/maven2/org/mongodb/mongo-java-driver/2.13.0-rc0/mongo-java-driver-2.13.0-rc0.pom (873 B at 35.5 KB/sec)
[INFO] Downloading: http://repo.maven.apache.org/maven2/org/mongodb/mongo-java-driver/2.13.0-rc1/mongo-java-driver-2.13.0-rc1.pom
[INFO] Downloaded: http://repo.maven.apache.org/maven2/org/mongodb/mongo-java-driver/2.13.0-rc1/mongo-java-driver-2.13.0-rc1.pom (873 B at 34.1 KB/sec)
[INFO] Downloading: http://repo.maven.apache.org/maven2/org/mongodb/mongo-java-driver/2.13.0-rc2/mongo-java-driver-2.13.0-rc2.pom
[INFO] Downloaded: http://repo.maven.apache.org/maven2/org/mongodb/mongo-java-driver/2.13.0-rc2/mongo-java-driver-2.13.0-rc2.pom (873 B at 29.4 KB/sec)
[INFO] Downloading: https://oss.sonatype.org/content/repositories/snapshots/org/mongodb/mongo-java-driver/2.13.0-rc3-SNAPSHOT/maven-metadata.xml
[INFO] Downloading: https://repository.apache.org/snapshots/org/mongodb/mongo-java-driver/2.13.0-rc3-SNAPSHOT/maven-metadata.xml
[INFO] Downloading: https://nexus.codehaus.org/snapshots/org/mongodb/mongo-java-driver/2.13.0-rc3-SNAPSHOT/maven-metadata.xml
[INFO] Downloaded: https://oss.sonatype.org/content/repositories/snapshots/org/mongodb/mongo-java-driver/2.13.0-rc3-SNAPSHOT/maven-metadata.xml (2 KB at 2.9 KB/sec)
[WARNING] Could not transfer metadata org.mongodb:mongo-java-driver:2.13.0-rc3-SNAPSHOT/maven-metadata.xml from/to codehaus-snapshots (https://nexus.codehaus.org/snapshots/): nexus.codehaus.org
[WARNING] Failure to transfer org.mongodb:mongo-java-driver:2.13.0-rc3-SNAPSHOT/maven-metadata.xml from https://nexus.codehaus.org/snapshots/ was cached in the local repository, resolution will not be reattempted until the update interval of codehaus-snapshots has elapsed or updates are forced. Original error: Could not transfer metadata org.mongodb:mongo-java-driver:2.13.0-rc3-SNAPSHOT/maven-metadata.xml from/to codehaus-snapshots (https://nexus.codehaus.org/snapshots/): nexus.codehaus.org
[INFO] Downloading: https://oss.sonatype.org/content/repositories/snapshots/org/mongodb/mongo-java-driver/2.13.0-rc3-SNAPSHOT/mongo-java-driver-2.13.0-rc3-20150129.060110-5.pom
[INFO] Downloaded: https://oss.sonatype.org/content/repositories/snapshots/org/mongodb/mongo-java-driver/2.13.0-rc3-SNAPSHOT/mongo-java-driver-2.13.0-rc3-20150129.060110-5.pom (882 B at 2.0 KB/sec)
[INFO] Downloading: http://repo.maven.apache.org/maven2/org/mongodb/mongo-java-driver/2.13.0/mongo-java-driver-2.13.0.pom
[INFO] Downloaded: http://repo.maven.apache.org/maven2/org/mongodb/mongo-java-driver/2.13.0/mongo-java-driver-2.13.0.pom (869 B at 38.6 KB/sec)
[INFO] Downloading: http://repo.maven.apache.org/maven2/org/mongodb/mongo-java-driver/2.13.1/mongo-java-driver-2.13.1.pom
[INFO] Downloaded: http://repo.maven.apache.org/maven2/org/mongodb/mongo-java-driver/2.13.1/mongo-java-driver-2.13.1.pom (869 B at 36.9 KB/sec)
[INFO] Downloading: http://repo.maven.apache.org/maven2/org/mongodb/mongo-java-driver/2.13.2/mongo-java-driver-2.13.2.pom
[INFO] Downloaded: http://repo.maven.apache.org/maven2/org/mongodb/mongo-java-driver/2.13.2/mongo-java-driver-2.13.2.pom (869 B at 35.4 KB/sec)
[INFO] Downloading: http://repo.maven.apache.org/maven2/org/mongodb/mongo-java-driver/2.13.3/mongo-java-driver-2.13.3.pom
[INFO] Downloaded: http://repo.maven.apache.org/maven2/org/mongodb/mongo-java-driver/2.13.3/mongo-java-driver-2.13.3.pom (869 B at 25.0 KB/sec)
[INFO] Downloading: https://repository.apache.org/snapshots/org/mongodb/mongo-java-driver/2.13.4-SNAPSHOT/maven-metadata.xml
[INFO] Downloading: https://oss.sonatype.org/content/repositories/snapshots/org/mongodb/mongo-java-driver/2.13.4-SNAPSHOT/maven-metadata.xml
[INFO] Downloading: https://nexus.codehaus.org/snapshots/org/mongodb/mongo-java-driver/2.13.4-SNAPSHOT/maven-metadata.xml
[INFO] Downloaded: https://oss.sonatype.org/content/repositories/snapshots/org/mongodb/mongo-java-driver/2.13.4-SNAPSHOT/maven-metadata.xml (2 KB at 2.7 KB/sec)
[WARNING] Could not transfer metadata org.mongodb:mongo-java-driver:2.13.4-SNAPSHOT/maven-metadata.xml from/to codehaus-snapshots (https://nexus.codehaus.org/snapshots/): nexus.codehaus.org
[WARNING] Failure to transfer org.mongodb:mongo-java-driver:2.13.4-SNAPSHOT/maven-metadata.xml from https://nexus.codehaus.org/snapshots/ was cached in the local repository, resolution will not be reattempted until the update interval of codehaus-snapshots has elapsed or updates are forced. Original error: Could not transfer metadata org.mongodb:mongo-java-driver:2.13.4-SNAPSHOT/maven-metadata.xml from/to codehaus-snapshots (https://nexus.codehaus.org/snapshots/): nexus.codehaus.org
[INFO] Downloading: https://oss.sonatype.org/content/repositories/snapshots/org/mongodb/mongo-java-driver/2.13.4-SNAPSHOT/mongo-java-driver-2.13.4-20151008.163323-3.pom
[INFO] Downloaded: https://oss.sonatype.org/content/repositories/snapshots/org/mongodb/mongo-java-driver/2.13.4-SNAPSHOT/mongo-java-driver-2.13.4-20151008.163323-3.pom (878 B at 2.0 KB/sec)
[INFO] Downloading: http://repo.maven.apache.org/maven2/org/mongodb/mongo-java-driver/2.14.0-rc0/mongo-java-driver-2.14.0-rc0.pom
[INFO] Downloaded: http://repo.maven.apache.org/maven2/org/mongodb/mongo-java-driver/2.14.0-rc0/mongo-java-driver-2.14.0-rc0.pom (873 B at 9.2 KB/sec)
[INFO] Downloading: http://repo.maven.apache.org/maven2/org/mongodb/mongo-java-driver/2.14.0/mongo-java-driver-2.14.0.pom
[INFO] Downloaded: http://repo.maven.apache.org/maven2/org/mongodb/mongo-java-driver/2.14.0/mongo-java-driver-2.14.0.pom (869 B at 38.6 KB/sec)
[INFO] Downloading: http://repo.maven.apache.org/maven2/org/mongodb/mongo-java-driver/2.14.1/mongo-java-driver-2.14.1.pom
[INFO] Downloaded: http://repo.maven.apache.org/maven2/org/mongodb/mongo-java-driver/2.14.1/mongo-java-driver-2.14.1.pom (869 B at 38.6 KB/sec)
[INFO] Downloading: http://repo.maven.apache.org/maven2/org/mongodb/mongo-java-driver/2.14.2/mongo-java-driver-2.14.2.pom
[INFO] Downloaded: http://repo.maven.apache.org/maven2/org/mongodb/mongo-java-driver/2.14.2/mongo-java-driver-2.14.2.pom (869 B at 33.9 KB/sec)
[INFO] Downloading: http://repo.maven.apache.org/maven2/org/mongodb/mongo-java-driver/2.14.3/mongo-java-driver-2.14.3.pom
[INFO] Downloaded: http://repo.maven.apache.org/maven2/org/mongodb/mongo-java-driver/2.14.3/mongo-java-driver-2.14.3.pom (869 B at 40.4 KB/sec)
[INFO] Downloading: https://oss.sonatype.org/content/repositories/snapshots/org/mongodb/mongo-java-driver/2.15.0-SNAPSHOT/maven-metadata.xml
[INFO] Downloading: https://repository.apache.org/snapshots/org/mongodb/mongo-java-driver/2.15.0-SNAPSHOT/maven-metadata.xml
[INFO] Downloading: https://nexus.codehaus.org/snapshots/org/mongodb/mongo-java-driver/2.15.0-SNAPSHOT/maven-metadata.xml
[INFO] Downloaded: https://oss.sonatype.org/content/repositories/snapshots/org/mongodb/mongo-java-driver/2.15.0-SNAPSHOT/maven-metadata.xml (2 KB at 2.7 KB/sec)
[WARNING] Could not transfer metadata org.mongodb:mongo-java-driver:2.15.0-SNAPSHOT/maven-metadata.xml from/to codehaus-snapshots (https://nexus.codehaus.org/snapshots/): nexus.codehaus.org
[WARNING] Failure to transfer org.mongodb:mongo-java-driver:2.15.0-SNAPSHOT/maven-metadata.xml from https://nexus.codehaus.org/snapshots/ was cached in the local repository, resolution will not be reattempted until the update interval of codehaus-snapshots has elapsed or updates are forced. Original error: Could not transfer metadata org.mongodb:mongo-java-driver:2.15.0-SNAPSHOT/maven-metadata.xml from/to codehaus-snapshots (https://nexus.codehaus.org/snapshots/): nexus.codehaus.org
[INFO] Downloading: https://oss.sonatype.org/content/repositories/snapshots/org/mongodb/mongo-java-driver/2.15.0-SNAPSHOT/mongo-java-driver-2.15.0-20160621.165628-7.pom
[INFO] Downloaded: https://oss.sonatype.org/content/repositories/snapshots/org/mongodb/mongo-java-driver/2.15.0-SNAPSHOT/mongo-java-driver-2.15.0-20160621.165628-7.pom (878 B at 2.0 KB/sec)
[INFO] Downloading: http://repo.maven.apache.org/maven2/org/mongodb/mongo-java-driver/3.0.0-beta1/mongo-java-driver-3.0.0-beta1.pom
[INFO] Downloaded: http://repo.maven.apache.org/maven2/org/mongodb/mongo-java-driver/3.0.0-beta1/mongo-java-driver-3.0.0-beta1.pom (2 KB at 21.6 KB/sec)
[INFO] Downloading: http://repo.maven.apache.org/maven2/org/slf4j/slf4j-api/1.7.6/slf4j-api-1.7.6.pom
[INFO] Downloaded: http://repo.maven.apache.org/maven2/org/slf4j/slf4j-api/1.7.6/slf4j-api-1.7.6.pom (3 KB at 114.2 KB/sec)
[INFO] Downloading: http://repo.maven.apache.org/maven2/org/slf4j/slf4j-parent/1.7.6/slf4j-parent-1.7.6.pom
[INFO] Downloaded: http://repo.maven.apache.org/maven2/org/slf4j/slf4j-parent/1.7.6/slf4j-parent-1.7.6.pom (12 KB at 465.1 KB/sec)
[INFO] Downloading: http://repo.maven.apache.org/maven2/io/netty/netty-buffer/4.0.24.Final/netty-buffer-4.0.24.Final.pom
[INFO] Downloaded: http://repo.maven.apache.org/maven2/io/netty/netty-buffer/4.0.24.Final/netty-buffer-4.0.24.Final.pom (2 KB at 64.0 KB/sec)
[INFO] Downloading: http://repo.maven.apache.org/maven2/io/netty/netty-parent/4.0.24.Final/netty-parent-4.0.24.Final.pom
[INFO] Downloaded: http://repo.maven.apache.org/maven2/io/netty/netty-parent/4.0.24.Final/netty-parent-4.0.24.Final.pom (40 KB at 1189.1 KB/sec)
[INFO] Downloading: http://repo.maven.apache.org/maven2/org/sonatype/oss/oss-parent/9/oss-parent-9.pom
[INFO] Downloaded: http://repo.maven.apache.org/maven2/org/sonatype/oss/oss-parent/9/oss-parent-9.pom (7 KB at 278.9 KB/sec)
[INFO] Downloading: http://repo.maven.apache.org/maven2/io/netty/netty-common/4.0.24.Final/netty-common-4.0.24.Final.pom
[INFO] Downloaded: http://repo.maven.apache.org/maven2/io/netty/netty-common/4.0.24.Final/netty-common-4.0.24.Final.pom (2 KB at 92.7 KB/sec)
[INFO] Downloading: http://repo.maven.apache.org/maven2/io/netty/netty-handler/4.0.24.Final/netty-handler-4.0.24.Final.pom
[INFO] Downloaded: http://repo.maven.apache.org/maven2/io/netty/netty-handler/4.0.24.Final/netty-handler-4.0.24.Final.pom (3 KB at 102.8 KB/sec)
[INFO] Downloading: http://repo.maven.apache.org/maven2/io/netty/netty-transport/4.0.24.Final/netty-transport-4.0.24.Final.pom
[INFO] Downloaded: http://repo.maven.apache.org/maven2/io/netty/netty-transport/4.0.24.Final/netty-transport-4.0.24.Final.pom (2 KB at 56.3 KB/sec)
[INFO] Downloading: http://repo.maven.apache.org/maven2/io/netty/netty-codec/4.0.24.Final/netty-codec-4.0.24.Final.pom
[INFO] Downloaded: http://repo.maven.apache.org/maven2/io/netty/netty-codec/4.0.24.Final/netty-codec-4.0.24.Final.pom (3 KB at 99.4 KB/sec)
[INFO] Downloading: http://repo.maven.apache.org/maven2/org/mongodb/mongo-java-driver/3.0.0-beta2/mongo-java-driver-3.0.0-beta2.pom
[INFO] Downloaded: http://repo.maven.apache.org/maven2/org/mongodb/mongo-java-driver/3.0.0-beta2/mongo-java-driver-3.0.0-beta2.pom (2 KB at 59.0 KB/sec)
[INFO] Downloading: http://repo.maven.apache.org/maven2/org/mongodb/mongo-java-driver/3.0.0-beta3/mongo-java-driver-3.0.0-beta3.pom
[INFO] Downloaded: http://repo.maven.apache.org/maven2/org/mongodb/mongo-java-driver/3.0.0-beta3/mongo-java-driver-3.0.0-beta3.pom (2 KB at 20.1 KB/sec)
[INFO] Downloading: http://repo.maven.apache.org/maven2/org/mongodb/mongo-java-driver/3.0.0-rc0/mongo-java-driver-3.0.0-rc0.pom
[INFO] Downloaded: http://repo.maven.apache.org/maven2/org/mongodb/mongo-java-driver/3.0.0-rc0/mongo-java-driver-3.0.0-rc0.pom (3 KB at 75.5 KB/sec)
[INFO] Downloading: http://repo.maven.apache.org/maven2/org/mongodb/mongo-java-driver/3.0.0-rc1/mongo-java-driver-3.0.0-rc1.pom
[INFO] Downloaded: http://repo.maven.apache.org/maven2/org/mongodb/mongo-java-driver/3.0.0-rc1/mongo-java-driver-3.0.0-rc1.pom (3 KB at 88.7 KB/sec)
[INFO] Downloading: http://repo.maven.apache.org/maven2/org/mongodb/mongo-java-driver/3.0.0/mongo-java-driver-3.0.0.pom
[INFO] Downloaded: http://repo.maven.apache.org/maven2/org/mongodb/mongo-java-driver/3.0.0/mongo-java-driver-3.0.0.pom (3 KB at 84.8 KB/sec)
[INFO] Downloading: https://oss.sonatype.org/content/repositories/snapshots/org/mongodb/mongo-java-driver/3.0.0-test-SNAPSHOT/maven-metadata.xml
[INFO] Downloading: https://repository.apache.org/snapshots/org/mongodb/mongo-java-driver/3.0.0-test-SNAPSHOT/maven-metadata.xml
[INFO] Downloading: https://nexus.codehaus.org/snapshots/org/mongodb/mongo-java-driver/3.0.0-test-SNAPSHOT/maven-metadata.xml
[INFO] Downloaded: https://oss.sonatype.org/content/repositories/snapshots/org/mongodb/mongo-java-driver/3.0.0-test-SNAPSHOT/maven-metadata.xml (2 KB at 2.8 KB/sec)
[WARNING] Could not transfer metadata org.mongodb:mongo-java-driver:3.0.0-test-SNAPSHOT/maven-metadata.xml from/to codehaus-snapshots (https://nexus.codehaus.org/snapshots/): nexus.codehaus.org
[WARNING] Failure to transfer org.mongodb:mongo-java-driver:3.0.0-test-SNAPSHOT/maven-metadata.xml from https://nexus.codehaus.org/snapshots/ was cached in the local repository, resolution will not be reattempted until the update interval of codehaus-snapshots has elapsed or updates are forced. Original error: Could not transfer metadata org.mongodb:mongo-java-driver:3.0.0-test-SNAPSHOT/maven-metadata.xml from/to codehaus-snapshots (https://nexus.codehaus.org/snapshots/): nexus.codehaus.org
[INFO] Downloading: https://oss.sonatype.org/content/repositories/snapshots/org/mongodb/mongo-java-driver/3.0.0-test-SNAPSHOT/mongo-java-driver-3.0.0-test-20141120.104313-2.pom
[INFO] Downloaded: https://oss.sonatype.org/content/repositories/snapshots/org/mongodb/mongo-java-driver/3.0.0-test-SNAPSHOT/mongo-java-driver-3.0.0-test-20141120.104313-2.pom (2 KB at 2.9 KB/sec)
[INFO] Downloading: https://oss.sonatype.org/content/repositories/snapshots/org/mongodb/bson/3.0.0-test-SNAPSHOT/maven-metadata.xml
[INFO] Downloading: https://repository.apache.org/snapshots/org/mongodb/bson/3.0.0-test-SNAPSHOT/maven-metadata.xml
[INFO] Downloading: https://nexus.codehaus.org/snapshots/org/mongodb/bson/3.0.0-test-SNAPSHOT/maven-metadata.xml
[INFO] Downloaded: https://oss.sonatype.org/content/repositories/snapshots/org/mongodb/bson/3.0.0-test-SNAPSHOT/maven-metadata.xml (2 KB at 3.3 KB/sec)
[WARNING] Could not transfer metadata org.mongodb:bson:3.0.0-test-SNAPSHOT/maven-metadata.xml from/to codehaus-snapshots (https://nexus.codehaus.org/snapshots/): nexus.codehaus.org
[WARNING] Failure to transfer org.mongodb:bson:3.0.0-test-SNAPSHOT/maven-metadata.xml from https://nexus.codehaus.org/snapshots/ was cached in the local repository, resolution will not be reattempted until the update interval of codehaus-snapshots has elapsed or updates are forced. Original error: Could not transfer metadata org.mongodb:bson:3.0.0-test-SNAPSHOT/maven-metadata.xml from/to codehaus-snapshots (https://nexus.codehaus.org/snapshots/): nexus.codehaus.org
[INFO] Downloading: https://oss.sonatype.org/content/repositories/snapshots/org/mongodb/bson/3.0.0-test-SNAPSHOT/bson-3.0.0-test-20141209.105532-14.pom
[INFO] Downloaded: https://oss.sonatype.org/content/repositories/snapshots/org/mongodb/bson/3.0.0-test-SNAPSHOT/bson-3.0.0-test-20141209.105532-14.pom (1004 B at 2.4 KB/sec)
[INFO] Downloading: https://oss.sonatype.org/content/repositories/snapshots/org/mongodb/mongo-java-driver-core/3.0.0-test-SNAPSHOT/maven-metadata.xml
[INFO] Downloading: https://nexus.codehaus.org/snapshots/org/mongodb/mongo-java-driver-core/3.0.0-test-SNAPSHOT/maven-metadata.xml
[INFO] Downloading: https://repository.apache.org/snapshots/org/mongodb/mongo-java-driver-core/3.0.0-test-SNAPSHOT/maven-metadata.xml
[INFO] Downloaded: https://oss.sonatype.org/content/repositories/snapshots/org/mongodb/mongo-java-driver-core/3.0.0-test-SNAPSHOT/maven-metadata.xml (2 KB at 2.8 KB/sec)
[WARNING] Could not transfer metadata org.mongodb:mongo-java-driver-core:3.0.0-test-SNAPSHOT/maven-metadata.xml from/to codehaus-snapshots (https://nexus.codehaus.org/snapshots/): nexus.codehaus.org
[WARNING] Failure to transfer org.mongodb:mongo-java-driver-core:3.0.0-test-SNAPSHOT/maven-metadata.xml from https://nexus.codehaus.org/snapshots/ was cached in the local repository, resolution will not be reattempted until the update interval of codehaus-snapshots has elapsed or updates are forced. Original error: Could not transfer metadata org.mongodb:mongo-java-driver-core:3.0.0-test-SNAPSHOT/maven-metadata.xml from/to codehaus-snapshots (https://nexus.codehaus.org/snapshots/): nexus.codehaus.org
[INFO] Downloading: https://oss.sonatype.org/content/repositories/snapshots/org/mongodb/mongo-java-driver-core/3.0.0-test-SNAPSHOT/mongo-java-driver-core-3.0.0-test-20141120.104917-2.pom
[INFO] Downloaded: https://oss.sonatype.org/content/repositories/snapshots/org/mongodb/mongo-java-driver-core/3.0.0-test-SNAPSHOT/mongo-java-driver-core-3.0.0-test-20141120.104917-2.pom (2 KB at 2.6 KB/sec)
[INFO] Downloading: http://repo.maven.apache.org/maven2/org/mongodb/mongo-java-driver/3.0.1/mongo-java-driver-3.0.1.pom
[INFO] Downloaded: http://repo.maven.apache.org/maven2/org/mongodb/mongo-java-driver/3.0.1/mongo-java-driver-3.0.1.pom (3 KB at 96.9 KB/sec)
[INFO] Downloading: http://repo.maven.apache.org/maven2/org/mongodb/mongo-java-driver/3.0.2/mongo-java-driver-3.0.2.pom
[INFO] Downloaded: http://repo.maven.apache.org/maven2/org/mongodb/mongo-java-driver/3.0.2/mongo-java-driver-3.0.2.pom (3 KB at 92.5 KB/sec)
[INFO] Downloading: http://repo.maven.apache.org/maven2/org/mongodb/mongo-java-driver/3.0.3/mongo-java-driver-3.0.3.pom
[INFO] Downloaded: http://repo.maven.apache.org/maven2/org/mongodb/mongo-java-driver/3.0.3/mongo-java-driver-3.0.3.pom (3 KB at 96.9 KB/sec)
[INFO] Downloading: http://repo.maven.apache.org/maven2/org/mongodb/mongo-java-driver/3.0.4/mongo-java-driver-3.0.4.pom
[INFO] Downloaded: http://repo.maven.apache.org/maven2/org/mongodb/mongo-java-driver/3.0.4/mongo-java-driver-3.0.4.pom (3 KB at 96.9 KB/sec)
[INFO] Downloading: https://repository.apache.org/snapshots/org/mongodb/mongo-java-driver/3.0.5-SNAPSHOT/maven-metadata.xml
[INFO] Downloading: https://oss.sonatype.org/content/repositories/snapshots/org/mongodb/mongo-java-driver/3.0.5-SNAPSHOT/maven-metadata.xml
[INFO] Downloading: https://nexus.codehaus.org/snapshots/org/mongodb/mongo-java-driver/3.0.5-SNAPSHOT/maven-metadata.xml
[INFO] Downloaded: https://oss.sonatype.org/content/repositories/snapshots/org/mongodb/mongo-java-driver/3.0.5-SNAPSHOT/maven-metadata.xml (2 KB at 2.8 KB/sec)
[WARNING] Could not transfer metadata org.mongodb:mongo-java-driver:3.0.5-SNAPSHOT/maven-metadata.xml from/to codehaus-snapshots (https://nexus.codehaus.org/snapshots/): nexus.codehaus.org
[WARNING] Failure to transfer org.mongodb:mongo-java-driver:3.0.5-SNAPSHOT/maven-metadata.xml from https://nexus.codehaus.org/snapshots/ was cached in the local repository, resolution will not be reattempted until the update interval of codehaus-snapshots has elapsed or updates are forced. Original error: Could not transfer metadata org.mongodb:mongo-java-driver:3.0.5-SNAPSHOT/maven-metadata.xml from/to codehaus-snapshots (https://nexus.codehaus.org/snapshots/): nexus.codehaus.org
[INFO] Downloading: https://oss.sonatype.org/content/repositories/snapshots/org/mongodb/mongo-java-driver/3.0.5-SNAPSHOT/mongo-java-driver-3.0.5-20150915.134759-2.pom
[INFO] Downloaded: https://oss.sonatype.org/content/repositories/snapshots/org/mongodb/mongo-java-driver/3.0.5-SNAPSHOT/mongo-java-driver-3.0.5-20150915.134759-2.pom (3 KB at 4.7 KB/sec)
[INFO] Downloading: http://repo.maven.apache.org/maven2/org/mongodb/mongo-java-driver/3.1.0-rc0/mongo-java-driver-3.1.0-rc0.pom
[INFO] Downloaded: http://repo.maven.apache.org/maven2/org/mongodb/mongo-java-driver/3.1.0-rc0/mongo-java-driver-3.1.0-rc0.pom (2 KB at 15.0 KB/sec)
[INFO] Downloading: http://repo.maven.apache.org/maven2/org/mongodb/mongo-java-driver/3.1.0/mongo-java-driver-3.1.0.pom
[INFO] Downloaded: http://repo.maven.apache.org/maven2/org/mongodb/mongo-java-driver/3.1.0/mongo-java-driver-3.1.0.pom (3 KB at 92.5 KB/sec)
[INFO] Downloading: http://repo.maven.apache.org/maven2/org/mongodb/mongo-java-driver/3.1.1/mongo-java-driver-3.1.1.pom
[INFO] Downloaded: http://repo.maven.apache.org/maven2/org/mongodb/mongo-java-driver/3.1.1/mongo-java-driver-3.1.1.pom (3 KB at 96.9 KB/sec)
[INFO] Downloading: http://repo.maven.apache.org/maven2/org/mongodb/mongo-java-driver/3.2.0-rc0/mongo-java-driver-3.2.0-rc0.pom
[INFO] Downloaded: http://repo.maven.apache.org/maven2/org/mongodb/mongo-java-driver/3.2.0-rc0/mongo-java-driver-3.2.0-rc0.pom (3 KB at 81.6 KB/sec)
[INFO] Downloading: http://repo.maven.apache.org/maven2/org/mongodb/mongo-java-driver/3.2.0/mongo-java-driver-3.2.0.pom
[INFO] Downloaded: http://repo.maven.apache.org/maven2/org/mongodb/mongo-java-driver/3.2.0/mongo-java-driver-3.2.0.pom (3 KB at 88.5 KB/sec)
[INFO] Downloading: http://repo.maven.apache.org/maven2/org/mongodb/mongo-java-driver/3.2.1/mongo-java-driver-3.2.1.pom
[INFO] Downloaded: http://repo.maven.apache.org/maven2/org/mongodb/mongo-java-driver/3.2.1/mongo-java-driver-3.2.1.pom (3 KB at 96.9 KB/sec)
[INFO] Downloading: http://repo.maven.apache.org/maven2/org/mongodb/mongo-java-driver/3.2.2/mongo-java-driver-3.2.2.pom
[INFO] Downloaded: http://repo.maven.apache.org/maven2/org/mongodb/mongo-java-driver/3.2.2/mongo-java-driver-3.2.2.pom (3 KB at 96.9 KB/sec)
[INFO] Downloading: http://repo.maven.apache.org/maven2/org/mongodb/mongo-java-driver/3.3.0/mongo-java-driver-3.3.0.pom
[INFO] Downloaded: http://repo.maven.apache.org/maven2/org/mongodb/mongo-java-driver/3.3.0/mongo-java-driver-3.3.0.pom (3 KB at 96.9 KB/sec)
[INFO] Downloading: https://oss.sonatype.org/content/repositories/snapshots/org/mongodb/mongo-java-driver/3.3.1-SNAPSHOT/maven-metadata.xml
[INFO] Downloading: https://nexus.codehaus.org/snapshots/org/mongodb/mongo-java-driver/3.3.1-SNAPSHOT/maven-metadata.xml
[INFO] Downloading: https://repository.apache.org/snapshots/org/mongodb/mongo-java-driver/3.3.1-SNAPSHOT/maven-metadata.xml
[INFO] Downloaded: https://oss.sonatype.org/content/repositories/snapshots/org/mongodb/mongo-java-driver/3.3.1-SNAPSHOT/maven-metadata.xml (2 KB at 2.8 KB/sec)
[WARNING] Could not transfer metadata org.mongodb:mongo-java-driver:3.3.1-SNAPSHOT/maven-metadata.xml from/to codehaus-snapshots (https://nexus.codehaus.org/snapshots/): nexus.codehaus.org: Name or service not known
[WARNING] Failure to transfer org.mongodb:mongo-java-driver:3.3.1-SNAPSHOT/maven-metadata.xml from https://nexus.codehaus.org/snapshots/ was cached in the local repository, resolution will not be reattempted until the update interval of codehaus-snapshots has elapsed or updates are forced. Original error: Could not transfer metadata org.mongodb:mongo-java-driver:3.3.1-SNAPSHOT/maven-metadata.xml from/to codehaus-snapshots (https://nexus.codehaus.org/snapshots/): nexus.codehaus.org: Name or service not known
[INFO] Downloading: https://oss.sonatype.org/content/repositories/snapshots/org/mongodb/mongo-java-driver/3.3.1-SNAPSHOT/mongo-java-driver-3.3.1-20160921.130101-1.pom
[INFO] Downloaded: https://oss.sonatype.org/content/repositories/snapshots/org/mongodb/mongo-java-driver/3.3.1-SNAPSHOT/mongo-java-driver-3.3.1-20160921.130101-1.pom (3 KB at 4.7 KB/sec)
[INFO] Downloading: http://repo.maven.apache.org/maven2/org/mongodb/mongo-java-driver/3.4.0-beta1/mongo-java-driver-3.4.0-beta1.pom
[INFO] Downloaded: http://repo.maven.apache.org/maven2/org/mongodb/mongo-java-driver/3.4.0-beta1/mongo-java-driver-3.4.0-beta1.pom (3 KB at 92.6 KB/sec)
[INFO] Downloading: http://repo.maven.apache.org/maven2/org/mongodb/mongo-java-driver/3.4.0-rc1/mongo-java-driver-3.4.0-rc1.pom
[INFO] Downloaded: http://repo.maven.apache.org/maven2/org/mongodb/mongo-java-driver/3.4.0-rc1/mongo-java-driver-3.4.0-rc1.pom (3 KB at 92.6 KB/sec)
[INFO] Downloading: https://repository.apache.org/snapshots/org/mongodb/mongo-java-driver/3.4.0-SNAPSHOT/maven-metadata.xml
[INFO] Downloading: https://oss.sonatype.org/content/repositories/snapshots/org/mongodb/mongo-java-driver/3.4.0-SNAPSHOT/maven-metadata.xml
[INFO] Downloading: https://nexus.codehaus.org/snapshots/org/mongodb/mongo-java-driver/3.4.0-SNAPSHOT/maven-metadata.xml
[INFO] Downloaded: https://oss.sonatype.org/content/repositories/snapshots/org/mongodb/mongo-java-driver/3.4.0-SNAPSHOT/maven-metadata.xml (365 B at 0.8 KB/sec)
[WARNING] Could not transfer metadata org.mongodb:mongo-java-driver:3.4.0-SNAPSHOT/maven-metadata.xml from/to codehaus-snapshots (https://nexus.codehaus.org/snapshots/): nexus.codehaus.org
[WARNING] Failure to transfer org.mongodb:mongo-java-driver:3.4.0-SNAPSHOT/maven-metadata.xml from https://nexus.codehaus.org/snapshots/ was cached in the local repository, resolution will not be reattempted until the update interval of codehaus-snapshots has elapsed or updates are forced. Original error: Could not transfer metadata org.mongodb:mongo-java-driver:3.4.0-SNAPSHOT/maven-metadata.xml from/to codehaus-snapshots (https://nexus.codehaus.org/snapshots/): nexus.codehaus.org
[INFO] Downloading: https://oss.sonatype.org/content/repositories/snapshots/org/mongodb/mongo-java-driver/3.4.0-SNAPSHOT/mongo-java-driver-3.4.0-20161114.120545-23.pom
[INFO] Downloaded: https://oss.sonatype.org/content/repositories/snapshots/org/mongodb/mongo-java-driver/3.4.0-SNAPSHOT/mongo-java-driver-3.4.0-20161114.120545-23.pom (3 KB at 4.7 KB/sec)
[INFO] Downloading: http://repo.maven.apache.org/maven2/junit/junit/4.8.1/junit-4.8.1.pom
[INFO] Downloaded: http://repo.maven.apache.org/maven2/junit/junit/4.8.1/junit-4.8.1.pom (949 B at 42.1 KB/sec)
[INFO] Downloading: https://oss.sonatype.org/content/repositories/snapshots/org/mongodb/mongo-java-driver/3.4.0-SNAPSHOT/mongo-java-driver-3.4.0-20161114.120545-23.jar
[INFO] Downloaded: https://oss.sonatype.org/content/repositories/snapshots/org/mongodb/mongo-java-driver/3.4.0-SNAPSHOT/mongo-java-driver-3.4.0-20161114.120545-23.jar (1633 KB at 1357.4 KB/sec)
[INFO] 
[INFO] --- maven-source-plugin:2.2:jar (attach-sources) @ morphia-parent ---
[INFO] Downloading: https://repo.maven.apache.org/maven2/org/apache/maven/maven-model/2.0.9/maven-model-2.0.9.pom
[INFO] Downloaded: https://repo.maven.apache.org/maven2/org/apache/maven/maven-model/2.0.9/maven-model-2.0.9.pom (4 KB at 29.2 KB/sec)
[INFO] Downloading: https://repo.maven.apache.org/maven2/org/apache/maven/maven/2.0.9/maven-2.0.9.pom
[INFO] Downloaded: https://repo.maven.apache.org/maven2/org/apache/maven/maven/2.0.9/maven-2.0.9.pom (19 KB at 160.6 KB/sec)
[INFO] Downloading: https://repo.maven.apache.org/maven2/org/apache/maven/maven-parent/8/maven-parent-8.pom
[INFO] Downloaded: https://repo.maven.apache.org/maven2/org/apache/maven/maven-parent/8/maven-parent-8.pom (24 KB at 210.4 KB/sec)
[INFO] Downloading: https://repo.maven.apache.org/maven2/org/codehaus/plexus/plexus-utils/1.5.1/plexus-utils-1.5.1.pom
[INFO] Downloaded: https://repo.maven.apache.org/maven2/org/codehaus/plexus/plexus-utils/1.5.1/plexus-utils-1.5.1.pom (3 KB at 20.0 KB/sec)
[INFO] Downloading: https://repo.maven.apache.org/maven2/org/apache/maven/maven-artifact/2.0.9/maven-artifact-2.0.9.pom
[INFO] Downloaded: https://repo.maven.apache.org/maven2/org/apache/maven/maven-artifact/2.0.9/maven-artifact-2.0.9.pom (2 KB at 14.6 KB/sec)
[INFO] Downloading: https://repo.maven.apache.org/maven2/org/apache/maven/maven-plugin-api/2.0.9/maven-plugin-api-2.0.9.pom
[INFO] Downloaded: https://repo.maven.apache.org/maven2/org/apache/maven/maven-plugin-api/2.0.9/maven-plugin-api-2.0.9.pom (2 KB at 13.3 KB/sec)
[INFO] Downloading: https://repo.maven.apache.org/maven2/org/apache/maven/maven-project/2.0.9/maven-project-2.0.9.pom
[INFO] Downloaded: https://repo.maven.apache.org/maven2/org/apache/maven/maven-project/2.0.9/maven-project-2.0.9.pom (3 KB at 25.2 KB/sec)
[INFO] Downloading: https://repo.maven.apache.org/maven2/org/apache/maven/maven-settings/2.0.9/maven-settings-2.0.9.pom
[INFO] Downloaded: https://repo.maven.apache.org/maven2/org/apache/maven/maven-settings/2.0.9/maven-settings-2.0.9.pom (3 KB at 18.1 KB/sec)
[INFO] Downloading: https://repo.maven.apache.org/maven2/org/codehaus/plexus/plexus-container-default/1.0-alpha-9-stable-1/plexus-container-default-1.0-alpha-9-stable-1.pom
[INFO] Downloaded: https://repo.maven.apache.org/maven2/org/codehaus/plexus/plexus-container-default/1.0-alpha-9-stable-1/plexus-container-default-1.0-alpha-9-stable-1.pom (4 KB at 35.4 KB/sec)
[INFO] Downloading: https://repo.maven.apache.org/maven2/org/codehaus/plexus/plexus-containers/1.0.3/plexus-containers-1.0.3.pom
[INFO] Downloaded: https://repo.maven.apache.org/maven2/org/codehaus/plexus/plexus-containers/1.0.3/plexus-containers-1.0.3.pom (492 B at 4.4 KB/sec)
[INFO] Downloading: https://repo.maven.apache.org/maven2/org/codehaus/plexus/plexus/1.0.4/plexus-1.0.4.pom
[INFO] Downloaded: https://repo.maven.apache.org/maven2/org/codehaus/plexus/plexus/1.0.4/plexus-1.0.4.pom (6 KB at 49.1 KB/sec)
[INFO] Downloading: https://repo.maven.apache.org/maven2/junit/junit/3.8.1/junit-3.8.1.pom
[INFO] Downloaded: https://repo.maven.apache.org/maven2/junit/junit/3.8.1/junit-3.8.1.pom (998 B at 8.9 KB/sec)
[INFO] Downloading: https://repo.maven.apache.org/maven2/classworlds/classworlds/1.1-alpha-2/classworlds-1.1-alpha-2.pom
[INFO] Downloaded: https://repo.maven.apache.org/maven2/classworlds/classworlds/1.1-alpha-2/classworlds-1.1-alpha-2.pom (4 KB at 28.0 KB/sec)
[INFO] Downloading: https://repo.maven.apache.org/maven2/org/apache/maven/maven-profile/2.0.9/maven-profile-2.0.9.pom
[INFO] Downloaded: https://repo.maven.apache.org/maven2/org/apache/maven/maven-profile/2.0.9/maven-profile-2.0.9.pom (3 KB at 18.7 KB/sec)
[INFO] Downloading: https://repo.maven.apache.org/maven2/org/apache/maven/maven-artifact-manager/2.0.9/maven-artifact-manager-2.0.9.pom
[INFO] Downloaded: https://repo.maven.apache.org/maven2/org/apache/maven/maven-artifact-manager/2.0.9/maven-artifact-manager-2.0.9.pom (3 KB at 23.5 KB/sec)
[INFO] Downloading: https://repo.maven.apache.org/maven2/org/apache/maven/maven-repository-metadata/2.0.9/maven-repository-metadata-2.0.9.pom
[INFO] Downloaded: https://repo.maven.apache.org/maven2/org/apache/maven/maven-repository-metadata/2.0.9/maven-repository-metadata-2.0.9.pom (2 KB at 17.2 KB/sec)
[INFO] Downloading: https://repo.maven.apache.org/maven2/org/apache/maven/maven-plugin-registry/2.0.9/maven-plugin-registry-2.0.9.pom
[INFO] Downloaded: https://repo.maven.apache.org/maven2/org/apache/maven/maven-plugin-registry/2.0.9/maven-plugin-registry-2.0.9.pom (2 KB at 17.8 KB/sec)
[INFO] Downloading: https://repo.maven.apache.org/maven2/org/apache/maven/maven-archiver/2.4.1/maven-archiver-2.4.1.pom
[INFO] Downloaded: https://repo.maven.apache.org/maven2/org/apache/maven/maven-archiver/2.4.1/maven-archiver-2.4.1.pom (4 KB at 31.6 KB/sec)
[INFO] Downloading: https://repo.maven.apache.org/maven2/org/apache/maven/shared/maven-shared-components/15/maven-shared-components-15.pom
[INFO] Downloaded: https://repo.maven.apache.org/maven2/org/apache/maven/shared/maven-shared-components/15/maven-shared-components-15.pom (10 KB at 81.4 KB/sec)
[INFO] Downloading: https://repo.maven.apache.org/maven2/org/apache/maven/maven-artifact/2.0.6/maven-artifact-2.0.6.pom
[INFO] Downloaded: https://repo.maven.apache.org/maven2/org/apache/maven/maven-artifact/2.0.6/maven-artifact-2.0.6.pom (2 KB at 13.9 KB/sec)
[INFO] Downloading: https://repo.maven.apache.org/maven2/org/apache/maven/maven/2.0.6/maven-2.0.6.pom
[INFO] Downloaded: https://repo.maven.apache.org/maven2/org/apache/maven/maven/2.0.6/maven-2.0.6.pom (9 KB at 76.2 KB/sec)
[INFO] Downloading: https://repo.maven.apache.org/maven2/org/apache/maven/maven-parent/5/maven-parent-5.pom
[INFO] Downloaded: https://repo.maven.apache.org/maven2/org/apache/maven/maven-parent/5/maven-parent-5.pom (15 KB at 104.1 KB/sec)
[INFO] Downloading: https://repo.maven.apache.org/maven2/org/apache/maven/maven-model/2.0.6/maven-model-2.0.6.pom
[INFO] Downloaded: https://repo.maven.apache.org/maven2/org/apache/maven/maven-model/2.0.6/maven-model-2.0.6.pom (3 KB at 28.1 KB/sec)
[INFO] Downloading: https://repo.maven.apache.org/maven2/org/codehaus/plexus/plexus-archiver/1.0/plexus-archiver-1.0.pom
[INFO] Downloaded: https://repo.maven.apache.org/maven2/org/codehaus/plexus/plexus-archiver/1.0/plexus-archiver-1.0.pom (2 KB at 13.9 KB/sec)
[INFO] Downloading: https://repo.maven.apache.org/maven2/org/codehaus/plexus/plexus-components/1.1.17/plexus-components-1.1.17.pom
[INFO] Downloaded: https://repo.maven.apache.org/maven2/org/codehaus/plexus/plexus-components/1.1.17/plexus-components-1.1.17.pom (6 KB at 46.7 KB/sec)
[INFO] Downloading: https://repo.maven.apache.org/maven2/org/codehaus/plexus/plexus/2.0.5/plexus-2.0.5.pom
[INFO] Downloaded: https://repo.maven.apache.org/maven2/org/codehaus/plexus/plexus/2.0.5/plexus-2.0.5.pom (17 KB at 158.3 KB/sec)
[INFO] Downloading: https://repo.maven.apache.org/maven2/org/codehaus/plexus/plexus-utils/2.0.5/plexus-utils-2.0.5.pom
[INFO] Downloaded: https://repo.maven.apache.org/maven2/org/codehaus/plexus/plexus-utils/2.0.5/plexus-utils-2.0.5.pom (4 KB at 30.4 KB/sec)
[INFO] Downloading: https://repo.maven.apache.org/maven2/org/codehaus/plexus/plexus/2.0.6/plexus-2.0.6.pom
[INFO] Downloaded: https://repo.maven.apache.org/maven2/org/codehaus/plexus/plexus/2.0.6/plexus-2.0.6.pom (17 KB at 155.9 KB/sec)
[INFO] Downloading: https://repo.maven.apache.org/maven2/org/codehaus/plexus/plexus-io/1.0/plexus-io-1.0.pom
[INFO] Downloaded: https://repo.maven.apache.org/maven2/org/codehaus/plexus/plexus-io/1.0/plexus-io-1.0.pom (2 KB at 10.5 KB/sec)
[INFO] Downloading: https://repo.maven.apache.org/maven2/org/codehaus/plexus/plexus-interpolation/1.13/plexus-interpolation-1.13.pom
[INFO] Downloaded: https://repo.maven.apache.org/maven2/org/codehaus/plexus/plexus-interpolation/1.13/plexus-interpolation-1.13.pom (890 B at 1.4 KB/sec)
[INFO] Downloading: https://repo.maven.apache.org/maven2/org/codehaus/plexus/plexus-components/1.1.15/plexus-components-1.1.15.pom
[INFO] Downloaded: https://repo.maven.apache.org/maven2/org/codehaus/plexus/plexus-components/1.1.15/plexus-components-1.1.15.pom (3 KB at 25.5 KB/sec)
[INFO] Downloading: https://repo.maven.apache.org/maven2/org/codehaus/plexus/plexus/2.0.3/plexus-2.0.3.pom
[INFO] Downloaded: https://repo.maven.apache.org/maven2/org/codehaus/plexus/plexus/2.0.3/plexus-2.0.3.pom (16 KB at 141.1 KB/sec)
[INFO] Downloading: https://repo.maven.apache.org/maven2/org/codehaus/plexus/plexus-archiver/2.1.2/plexus-archiver-2.1.2.pom
[INFO] Downloaded: https://repo.maven.apache.org/maven2/org/codehaus/plexus/plexus-archiver/2.1.2/plexus-archiver-2.1.2.pom (4 KB at 32.9 KB/sec)
[INFO] Downloading: https://repo.maven.apache.org/maven2/org/sonatype/spice/spice-parent/17/spice-parent-17.pom
[INFO] Downloaded: https://repo.maven.apache.org/maven2/org/sonatype/spice/spice-parent/17/spice-parent-17.pom (7 KB at 58.4 KB/sec)
[INFO] Downloading: https://repo.maven.apache.org/maven2/org/sonatype/forge/forge-parent/10/forge-parent-10.pom
[INFO] Downloaded: https://repo.maven.apache.org/maven2/org/sonatype/forge/forge-parent/10/forge-parent-10.pom (14 KB at 118.2 KB/sec)
[INFO] Downloading: https://repo.maven.apache.org/maven2/org/codehaus/plexus/plexus-utils/3.0.2/plexus-utils-3.0.2.pom
[INFO] Downloaded: https://repo.maven.apache.org/maven2/org/codehaus/plexus/plexus-utils/3.0.2/plexus-utils-3.0.2.pom (3 KB at 23.1 KB/sec)
[INFO] Downloading: https://repo.maven.apache.org/maven2/org/codehaus/plexus/plexus/3.1/plexus-3.1.pom
[INFO] Downloaded: https://repo.maven.apache.org/maven2/org/codehaus/plexus/plexus/3.1/plexus-3.1.pom (19 KB at 173.1 KB/sec)
[INFO] Downloading: https://repo.maven.apache.org/maven2/org/codehaus/plexus/plexus-io/2.0.4/plexus-io-2.0.4.pom
[INFO] Downloaded: https://repo.maven.apache.org/maven2/org/codehaus/plexus/plexus-io/2.0.4/plexus-io-2.0.4.pom (2 KB at 15.4 KB/sec)
[INFO] Downloading: https://repo.maven.apache.org/maven2/org/codehaus/plexus/plexus-components/1.1.19/plexus-components-1.1.19.pom
[INFO] Downloaded: https://repo.maven.apache.org/maven2/org/codehaus/plexus/plexus-components/1.1.19/plexus-components-1.1.19.pom (3 KB at 24.2 KB/sec)
[INFO] Downloading: https://repo.maven.apache.org/maven2/org/codehaus/plexus/plexus/3.0.1/plexus-3.0.1.pom
[INFO] Downloaded: https://repo.maven.apache.org/maven2/org/codehaus/plexus/plexus/3.0.1/plexus-3.0.1.pom (19 KB at 163.8 KB/sec)
[INFO] Downloading: https://repo.maven.apache.org/maven2/org/codehaus/plexus/plexus-utils/3.0/plexus-utils-3.0.pom
[INFO] Downloaded: https://repo.maven.apache.org/maven2/org/codehaus/plexus/plexus-utils/3.0/plexus-utils-3.0.pom (4 KB at 36.8 KB/sec)
[INFO] Downloading: https://repo.maven.apache.org/maven2/org/sonatype/spice/spice-parent/16/spice-parent-16.pom
[INFO] Downloaded: https://repo.maven.apache.org/maven2/org/sonatype/spice/spice-parent/16/spice-parent-16.pom (9 KB at 71.0 KB/sec)
[INFO] Downloading: https://repo.maven.apache.org/maven2/org/sonatype/forge/forge-parent/5/forge-parent-5.pom
[INFO] Downloaded: https://repo.maven.apache.org/maven2/org/sonatype/forge/forge-parent/5/forge-parent-5.pom (9 KB at 71.6 KB/sec)
[INFO] Downloading: https://repo.maven.apache.org/maven2/org/codehaus/plexus/plexus-utils/3.0.1/plexus-utils-3.0.1.pom
[INFO] Downloaded: https://repo.maven.apache.org/maven2/org/codehaus/plexus/plexus-utils/3.0.1/plexus-utils-3.0.1.pom (3 KB at 21.7 KB/sec)
[INFO] Downloading: https://repo.maven.apache.org/maven2/junit/junit/3.8.1/junit-3.8.1.jar
[INFO] Downloading: https://repo.maven.apache.org/maven2/org/apache/maven/maven-archiver/2.4.1/maven-archiver-2.4.1.jar
[INFO] Downloading: https://repo.maven.apache.org/maven2/org/codehaus/plexus/plexus-archiver/2.1.2/plexus-archiver-2.1.2.jar
[INFO] Downloading: https://repo.maven.apache.org/maven2/org/codehaus/plexus/plexus-interpolation/1.13/plexus-interpolation-1.13.jar
[INFO] Downloading: https://repo.maven.apache.org/maven2/org/codehaus/plexus/plexus-io/2.0.4/plexus-io-2.0.4.jar
[INFO] Downloaded: https://repo.maven.apache.org/maven2/org/codehaus/plexus/plexus-interpolation/1.13/plexus-interpolation-1.13.jar (60 KB at 501.1 KB/sec)
[INFO] Downloading: https://repo.maven.apache.org/maven2/org/codehaus/plexus/plexus-utils/3.0.1/plexus-utils-3.0.1.jar
[INFO] Downloaded: https://repo.maven.apache.org/maven2/org/codehaus/plexus/plexus-io/2.0.4/plexus-io-2.0.4.jar (57 KB at 494.9 KB/sec)
[INFO] Downloaded: https://repo.maven.apache.org/maven2/junit/junit/3.8.1/junit-3.8.1.jar (119 KB at 931.0 KB/sec)
[INFO] Downloaded: https://repo.maven.apache.org/maven2/org/apache/maven/maven-archiver/2.4.1/maven-archiver-2.4.1.jar (20 KB at 129.1 KB/sec)
[INFO] Downloaded: https://repo.maven.apache.org/maven2/org/codehaus/plexus/plexus-archiver/2.1.2/plexus-archiver-2.1.2.jar (181 KB at 1128.3 KB/sec)
[INFO] Downloaded: https://repo.maven.apache.org/maven2/org/codehaus/plexus/plexus-utils/3.0.1/plexus-utils-3.0.1.jar (222 KB at 929.7 KB/sec)
[INFO] 
[INFO] --- maven-javadoc-plugin:2.7:jar (default) @ morphia-parent ---
[INFO] Downloading: https://repo.maven.apache.org/maven2/org/apache/maven/maven-core/2.0.9/maven-core-2.0.9.pom
[INFO] Downloaded: https://repo.maven.apache.org/maven2/org/apache/maven/maven-core/2.0.9/maven-core-2.0.9.pom (8 KB at 72.4 KB/sec)
[INFO] Downloading: https://repo.maven.apache.org/maven2/org/apache/maven/maven-plugin-parameter-documenter/2.0.9/maven-plugin-parameter-documenter-2.0.9.pom
[INFO] Downloaded: https://repo.maven.apache.org/maven2/org/apache/maven/maven-plugin-parameter-documenter/2.0.9/maven-plugin-parameter-documenter-2.0.9.pom (2 KB at 17.4 KB/sec)
[INFO] Downloading: https://repo.maven.apache.org/maven2/org/apache/maven/reporting/maven-reporting-api/2.0.9/maven-reporting-api-2.0.9.pom
[INFO] Downloaded: https://repo.maven.apache.org/maven2/org/apache/maven/reporting/maven-reporting-api/2.0.9/maven-reporting-api-2.0.9.pom (2 KB at 15.6 KB/sec)
[INFO] Downloading: https://repo.maven.apache.org/maven2/org/apache/maven/reporting/maven-reporting/2.0.9/maven-reporting-2.0.9.pom
[INFO] Downloaded: https://repo.maven.apache.org/maven2/org/apache/maven/reporting/maven-reporting/2.0.9/maven-reporting-2.0.9.pom (2 KB at 13.6 KB/sec)
[INFO] Downloading: https://repo.maven.apache.org/maven2/org/apache/maven/doxia/doxia-sink-api/1.0-alpha-10/doxia-sink-api-1.0-alpha-10.pom
[INFO] Downloaded: https://repo.maven.apache.org/maven2/org/apache/maven/doxia/doxia-sink-api/1.0-alpha-10/doxia-sink-api-1.0-alpha-10.pom (2 KB at 12.0 KB/sec)
[INFO] Downloading: https://repo.maven.apache.org/maven2/org/apache/maven/doxia/doxia/1.0-alpha-10/doxia-1.0-alpha-10.pom
[INFO] Downloaded: https://repo.maven.apache.org/maven2/org/apache/maven/doxia/doxia/1.0-alpha-10/doxia-1.0-alpha-10.pom (9 KB at 82.8 KB/sec)
[INFO] Downloading: https://repo.maven.apache.org/maven2/org/apache/maven/maven-parent/6/maven-parent-6.pom
[INFO] Downloaded: https://repo.maven.apache.org/maven2/org/apache/maven/maven-parent/6/maven-parent-6.pom (20 KB at 173.2 KB/sec)
[INFO] Downloading: https://repo.maven.apache.org/maven2/org/apache/maven/maven-error-diagnostics/2.0.9/maven-error-diagnostics-2.0.9.pom
[INFO] Downloaded: https://repo.maven.apache.org/maven2/org/apache/maven/maven-error-diagnostics/2.0.9/maven-error-diagnostics-2.0.9.pom (2 KB at 15.3 KB/sec)
[INFO] Downloading: https://repo.maven.apache.org/maven2/commons-cli/commons-cli/1.0/commons-cli-1.0.pom
[INFO] Downloaded: https://repo.maven.apache.org/maven2/commons-cli/commons-cli/1.0/commons-cli-1.0.pom (3 KB at 17.7 KB/sec)
[INFO] Downloading: https://repo.maven.apache.org/maven2/org/apache/maven/maven-plugin-descriptor/2.0.9/maven-plugin-descriptor-2.0.9.pom
[INFO] Downloaded: https://repo.maven.apache.org/maven2/org/apache/maven/maven-plugin-descriptor/2.0.9/maven-plugin-descriptor-2.0.9.pom (3 KB at 18.9 KB/sec)
[INFO] Downloading: https://repo.maven.apache.org/maven2/org/codehaus/plexus/plexus-interactivity-api/1.0-alpha-4/plexus-interactivity-api-1.0-alpha-4.pom
[INFO] Downloaded: https://repo.maven.apache.org/maven2/org/codehaus/plexus/plexus-interactivity-api/1.0-alpha-4/plexus-interactivity-api-1.0-alpha-4.pom (7 KB at 61.8 KB/sec)
[INFO] Downloading: https://repo.maven.apache.org/maven2/org/apache/maven/maven-monitor/2.0.9/maven-monitor-2.0.9.pom
[INFO] Downloaded: https://repo.maven.apache.org/maven2/org/apache/maven/maven-monitor/2.0.9/maven-monitor-2.0.9.pom (2 KB at 9.9 KB/sec)
[INFO] Downloading: https://repo.maven.apache.org/maven2/classworlds/classworlds/1.1/classworlds-1.1.pom
[INFO] Downloaded: https://repo.maven.apache.org/maven2/classworlds/classworlds/1.1/classworlds-1.1.pom (4 KB at 29.5 KB/sec)
[INFO] Downloading: https://repo.maven.apache.org/maven2/org/apache/maven/maven-archiver/2.3/maven-archiver-2.3.pom
[INFO] Downloaded: https://repo.maven.apache.org/maven2/org/apache/maven/maven-archiver/2.3/maven-archiver-2.3.pom (4 KB at 32.7 KB/sec)
[INFO] Downloading: https://repo.maven.apache.org/maven2/org/apache/maven/shared/maven-shared-components/8/maven-shared-components-8.pom
[INFO] Downloaded: https://repo.maven.apache.org/maven2/org/apache/maven/shared/maven-shared-components/8/maven-shared-components-8.pom (3 KB at 23.7 KB/sec)
[INFO] Downloading: https://repo.maven.apache.org/maven2/org/apache/maven/maven-parent/7/maven-parent-7.pom
[INFO] Downloaded: https://repo.maven.apache.org/maven2/org/apache/maven/maven-parent/7/maven-parent-7.pom (21 KB at 190.3 KB/sec)
[INFO] Downloading: https://repo.maven.apache.org/maven2/org/apache/maven/maven-artifact/2.0/maven-artifact-2.0.pom
[INFO] Downloaded: https://repo.maven.apache.org/maven2/org/apache/maven/maven-artifact/2.0/maven-artifact-2.0.pom (723 B at 6.6 KB/sec)
[INFO] Downloading: https://repo.maven.apache.org/maven2/org/apache/maven/maven/2.0/maven-2.0.pom
[INFO] Downloaded: https://repo.maven.apache.org/maven2/org/apache/maven/maven/2.0/maven-2.0.pom (9 KB at 80.0 KB/sec)
[INFO] Downloading: https://repo.maven.apache.org/maven2/org/apache/maven/maven-model/2.0/maven-model-2.0.pom
[INFO] Downloaded: https://repo.maven.apache.org/maven2/org/apache/maven/maven-model/2.0/maven-model-2.0.pom (3 KB at 21.4 KB/sec)
[INFO] Downloading: https://repo.maven.apache.org/maven2/org/apache/maven/maven-project/2.0/maven-project-2.0.pom
[INFO] Downloaded: https://repo.maven.apache.org/maven2/org/apache/maven/maven-project/2.0/maven-project-2.0.pom (2 KB at 15.1 KB/sec)
[INFO] Downloading: https://repo.maven.apache.org/maven2/org/apache/maven/maven-profile/2.0/maven-profile-2.0.pom
[INFO] Downloaded: https://repo.maven.apache.org/maven2/org/apache/maven/maven-profile/2.0/maven-profile-2.0.pom (2 KB at 12.4 KB/sec)
[INFO] Downloading: https://repo.maven.apache.org/maven2/org/codehaus/plexus/plexus-container-default/1.0-alpha-8/plexus-container-default-1.0-alpha-8.pom
[INFO] Downloaded: https://repo.maven.apache.org/maven2/org/codehaus/plexus/plexus-container-default/1.0-alpha-8/plexus-container-default-1.0-alpha-8.pom (8 KB at 66.3 KB/sec)
[INFO] Downloading: https://repo.maven.apache.org/maven2/org/apache/maven/maven-artifact-manager/2.0/maven-artifact-manager-2.0.pom
[INFO] Downloaded: https://repo.maven.apache.org/maven2/org/apache/maven/maven-artifact-manager/2.0/maven-artifact-manager-2.0.pom (2 KB at 12.2 KB/sec)
[INFO] Downloading: https://repo.maven.apache.org/maven2/org/apache/maven/maven-repository-metadata/2.0/maven-repository-metadata-2.0.pom
[INFO] Downloaded: https://repo.maven.apache.org/maven2/org/apache/maven/maven-repository-metadata/2.0/maven-repository-metadata-2.0.pom (2 KB at 11.4 KB/sec)
[INFO] Downloading: https://repo.maven.apache.org/maven2/org/codehaus/plexus/plexus-archiver/1.0-alpha-9/plexus-archiver-1.0-alpha-9.pom
[INFO] Downloaded: https://repo.maven.apache.org/maven2/org/codehaus/plexus/plexus-archiver/1.0-alpha-9/plexus-archiver-1.0-alpha-9.pom (2 KB at 16.9 KB/sec)
[INFO] Downloading: https://repo.maven.apache.org/maven2/org/codehaus/plexus/plexus-components/1.1.9/plexus-components-1.1.9.pom
[INFO] Downloaded: https://repo.maven.apache.org/maven2/org/codehaus/plexus/plexus-components/1.1.9/plexus-components-1.1.9.pom (3 KB at 21.8 KB/sec)
[INFO] Downloading: https://repo.maven.apache.org/maven2/org/codehaus/plexus/plexus/1.0.10/plexus-1.0.10.pom
[INFO] Downloaded: https://repo.maven.apache.org/maven2/org/codehaus/plexus/plexus/1.0.10/plexus-1.0.10.pom (9 KB at 74.6 KB/sec)
[INFO] Downloading: https://repo.maven.apache.org/maven2/org/codehaus/plexus/plexus-container-default/1.0-alpha-15/plexus-container-default-1.0-alpha-15.pom
[INFO] Downloaded: https://repo.maven.apache.org/maven2/org/codehaus/plexus/plexus-container-default/1.0-alpha-15/plexus-container-default-1.0-alpha-15.pom (2 KB at 15.6 KB/sec)
[INFO] Downloading: https://repo.maven.apache.org/maven2/org/codehaus/plexus/plexus-containers/1.0-alpha-15/plexus-containers-1.0-alpha-15.pom
[INFO] Downloaded: https://repo.maven.apache.org/maven2/org/codehaus/plexus/plexus-containers/1.0-alpha-15/plexus-containers-1.0-alpha-15.pom (2 KB at 16.9 KB/sec)
[INFO] Downloading: https://repo.maven.apache.org/maven2/org/codehaus/plexus/plexus/1.0.9/plexus-1.0.9.pom
[INFO] Downloaded: https://repo.maven.apache.org/maven2/org/codehaus/plexus/plexus/1.0.9/plexus-1.0.9.pom (8 KB at 70.1 KB/sec)
[INFO] Downloading: https://repo.maven.apache.org/maven2/org/codehaus/plexus/plexus-component-api/1.0-alpha-15/plexus-component-api-1.0-alpha-15.pom
[INFO] Downloaded: https://repo.maven.apache.org/maven2/org/codehaus/plexus/plexus-component-api/1.0-alpha-15/plexus-component-api-1.0-alpha-15.pom (948 B at 8.3 KB/sec)
[INFO] Downloading: https://repo.maven.apache.org/maven2/org/codehaus/plexus/plexus-classworlds/1.2-alpha-6/plexus-classworlds-1.2-alpha-6.pom
[INFO] Downloaded: https://repo.maven.apache.org/maven2/org/codehaus/plexus/plexus-classworlds/1.2-alpha-6/plexus-classworlds-1.2-alpha-6.pom (3 KB at 21.6 KB/sec)
[INFO] Downloading: https://repo.maven.apache.org/maven2/org/codehaus/plexus/plexus-utils/1.3/plexus-utils-1.3.pom
[INFO] Downloaded: https://repo.maven.apache.org/maven2/org/codehaus/plexus/plexus-utils/1.3/plexus-utils-1.3.pom (2 KB at 9.3 KB/sec)
[INFO] Downloading: https://repo.maven.apache.org/maven2/org/codehaus/plexus/plexus/1.0.8/plexus-1.0.8.pom
[INFO] Downloaded: https://repo.maven.apache.org/maven2/org/codehaus/plexus/plexus/1.0.8/plexus-1.0.8.pom (8 KB at 64.8 KB/sec)
[INFO] Downloading: https://repo.maven.apache.org/maven2/org/codehaus/plexus/plexus-io/1.0-alpha-1/plexus-io-1.0-alpha-1.pom
[INFO] Downloaded: https://repo.maven.apache.org/maven2/org/codehaus/plexus/plexus-io/1.0-alpha-1/plexus-io-1.0-alpha-1.pom (2 KB at 11.5 KB/sec)
[INFO] Downloading: https://repo.maven.apache.org/maven2/org/codehaus/plexus/plexus-container-default/1.0-alpha-9/plexus-container-default-1.0-alpha-9.pom
[INFO] Downloaded: https://repo.maven.apache.org/maven2/org/codehaus/plexus/plexus-container-default/1.0-alpha-9/plexus-container-default-1.0-alpha-9.pom (2 KB at 11.3 KB/sec)
[INFO] Downloading: https://repo.maven.apache.org/maven2/org/codehaus/plexus/plexus-component-api/1.0-alpha-16/plexus-component-api-1.0-alpha-16.pom
[INFO] Downloaded: https://repo.maven.apache.org/maven2/org/codehaus/plexus/plexus-component-api/1.0-alpha-16/plexus-component-api-1.0-alpha-16.pom (3 KB at 20.8 KB/sec)
[INFO] Downloading: https://repo.maven.apache.org/maven2/org/codehaus/plexus/plexus-containers/1.0-alpha-16/plexus-containers-1.0-alpha-16.pom
[INFO] Downloaded: https://repo.maven.apache.org/maven2/org/codehaus/plexus/plexus-containers/1.0-alpha-16/plexus-containers-1.0-alpha-16.pom (2 KB at 17.7 KB/sec)
[INFO] Downloading: https://repo.maven.apache.org/maven2/org/codehaus/plexus/plexus-classworlds/1.2-alpha-7/plexus-classworlds-1.2-alpha-7.pom
[INFO] Downloaded: https://repo.maven.apache.org/maven2/org/codehaus/plexus/plexus-classworlds/1.2-alpha-7/plexus-classworlds-1.2-alpha-7.pom (3 KB at 22.5 KB/sec)
[INFO] Downloading: https://repo.maven.apache.org/maven2/org/codehaus/plexus/plexus-utils/1.4.9/plexus-utils-1.4.9.pom
[INFO] Downloaded: https://repo.maven.apache.org/maven2/org/codehaus/plexus/plexus-utils/1.4.9/plexus-utils-1.4.9.pom (3 KB at 19.8 KB/sec)
[INFO] Downloading: https://repo.maven.apache.org/maven2/org/apache/maven/shared/maven-invoker/2.0.9/maven-invoker-2.0.9.pom
[INFO] Downloaded: https://repo.maven.apache.org/maven2/org/apache/maven/shared/maven-invoker/2.0.9/maven-invoker-2.0.9.pom (6 KB at 48.6 KB/sec)
[INFO] Downloading: https://repo.maven.apache.org/maven2/org/apache/maven/shared/maven-shared-components/9/maven-shared-components-9.pom
[INFO] Downloaded: https://repo.maven.apache.org/maven2/org/apache/maven/shared/maven-shared-components/9/maven-shared-components-9.pom (4 KB at 32.6 KB/sec)
[INFO] Downloading: https://repo.maven.apache.org/maven2/org/codehaus/plexus/plexus-utils/1.5.6/plexus-utils-1.5.6.pom
[INFO] Downloaded: https://repo.maven.apache.org/maven2/org/codehaus/plexus/plexus-utils/1.5.6/plexus-utils-1.5.6.pom (6 KB at 48.4 KB/sec)
[INFO] Downloading: https://repo.maven.apache.org/maven2/org/codehaus/plexus/plexus/1.0.12/plexus-1.0.12.pom
[INFO] Downloaded: https://repo.maven.apache.org/maven2/org/codehaus/plexus/plexus/1.0.12/plexus-1.0.12.pom (10 KB at 87.0 KB/sec)
[INFO] Downloading: https://repo.maven.apache.org/maven2/org/apache/maven/doxia/doxia-sink-api/1.0/doxia-sink-api-1.0.pom
[INFO] Downloaded: https://repo.maven.apache.org/maven2/org/apache/maven/doxia/doxia-sink-api/1.0/doxia-sink-api-1.0.pom (2 KB at 12.1 KB/sec)
[INFO] Downloading: https://repo.maven.apache.org/maven2/org/apache/maven/doxia/doxia/1.0/doxia-1.0.pom
[INFO] Downloaded: https://repo.maven.apache.org/maven2/org/apache/maven/doxia/doxia/1.0/doxia-1.0.pom (10 KB at 82.6 KB/sec)
[INFO] Downloading: https://repo.maven.apache.org/maven2/org/apache/maven/maven-parent/10/maven-parent-10.pom
[INFO] Downloaded: https://repo.maven.apache.org/maven2/org/apache/maven/maven-parent/10/maven-parent-10.pom (31 KB at 261.8 KB/sec)
[INFO] Downloading: https://repo.maven.apache.org/maven2/org/apache/maven/doxia/doxia-site-renderer/1.0/doxia-site-renderer-1.0.pom
[INFO] Downloaded: https://repo.maven.apache.org/maven2/org/apache/maven/doxia/doxia-site-renderer/1.0/doxia-site-renderer-1.0.pom (5 KB at 41.6 KB/sec)
[INFO] Downloading: https://repo.maven.apache.org/maven2/org/apache/maven/doxia/doxia-sitetools/1.0/doxia-sitetools-1.0.pom
[INFO] Downloaded: https://repo.maven.apache.org/maven2/org/apache/maven/doxia/doxia-sitetools/1.0/doxia-sitetools-1.0.pom (10 KB at 85.9 KB/sec)
[INFO] Downloading: https://repo.maven.apache.org/maven2/org/apache/maven/doxia/doxia-core/1.0/doxia-core-1.0.pom
[INFO] Downloaded: https://repo.maven.apache.org/maven2/org/apache/maven/doxia/doxia-core/1.0/doxia-core-1.0.pom (3 KB at 21.9 KB/sec)
[INFO] Downloading: https://repo.maven.apache.org/maven2/org/codehaus/plexus/plexus-utils/1.5.7/plexus-utils-1.5.7.pom
[INFO] Downloaded: https://repo.maven.apache.org/maven2/org/codehaus/plexus/plexus-utils/1.5.7/plexus-utils-1.5.7.pom (8 KB at 76.4 KB/sec)
[INFO] Downloading: https://repo.maven.apache.org/maven2/org/codehaus/plexus/plexus/2.0.2/plexus-2.0.2.pom
[INFO] Downloaded: https://repo.maven.apache.org/maven2/org/codehaus/plexus/plexus/2.0.2/plexus-2.0.2.pom (12 KB at 99.5 KB/sec)
[INFO] Downloading: https://repo.maven.apache.org/maven2/org/codehaus/plexus/plexus-container-default/1.0-alpha-30/plexus-container-default-1.0-alpha-30.pom
[INFO] Downloaded: https://repo.maven.apache.org/maven2/org/codehaus/plexus/plexus-container-default/1.0-alpha-30/plexus-container-default-1.0-alpha-30.pom (4 KB at 30.6 KB/sec)
[INFO] Downloading: https://repo.maven.apache.org/maven2/org/codehaus/plexus/plexus-containers/1.0-alpha-30/plexus-containers-1.0-alpha-30.pom
[INFO] Downloaded: https://repo.maven.apache.org/maven2/org/codehaus/plexus/plexus-containers/1.0-alpha-30/plexus-containers-1.0-alpha-30.pom (2 KB at 17.0 KB/sec)
[INFO] Downloading: https://repo.maven.apache.org/maven2/org/codehaus/plexus/plexus-utils/1.4.5/plexus-utils-1.4.5.pom
[INFO] Downloaded: https://repo.maven.apache.org/maven2/org/codehaus/plexus/plexus-utils/1.4.5/plexus-utils-1.4.5.pom (3 KB at 20.7 KB/sec)
[INFO] Downloading: https://repo.maven.apache.org/maven2/org/codehaus/plexus/plexus-classworlds/1.2-alpha-9/plexus-classworlds-1.2-alpha-9.pom
[INFO] Downloaded: https://repo.maven.apache.org/maven2/org/codehaus/plexus/plexus-classworlds/1.2-alpha-9/plexus-classworlds-1.2-alpha-9.pom (4 KB at 27.9 KB/sec)
[INFO] Downloading: https://repo.maven.apache.org/maven2/org/codehaus/plexus/plexus-i18n/1.0-beta-7/plexus-i18n-1.0-beta-7.pom
[INFO] Downloaded: https://repo.maven.apache.org/maven2/org/codehaus/plexus/plexus-i18n/1.0-beta-7/plexus-i18n-1.0-beta-7.pom (2 KB at 9.8 KB/sec)
[INFO] Downloading: https://repo.maven.apache.org/maven2/org/codehaus/plexus/plexus-components/1.1.12/plexus-components-1.1.12.pom
[INFO] Downloaded: https://repo.maven.apache.org/maven2/org/codehaus/plexus/plexus-components/1.1.12/plexus-components-1.1.12.pom (3 KB at 26.7 KB/sec)
[INFO] Downloading: https://repo.maven.apache.org/maven2/org/codehaus/plexus/plexus-velocity/1.1.7/plexus-velocity-1.1.7.pom
[INFO] Downloaded: https://repo.maven.apache.org/maven2/org/codehaus/plexus/plexus-velocity/1.1.7/plexus-velocity-1.1.7.pom (2 KB at 18.0 KB/sec)
[INFO] Downloading: https://repo.maven.apache.org/maven2/org/codehaus/plexus/plexus-container-default/1.0-alpha-20/plexus-container-default-1.0-alpha-20.pom
[INFO] Downloaded: https://repo.maven.apache.org/maven2/org/codehaus/plexus/plexus-container-default/1.0-alpha-20/plexus-container-default-1.0-alpha-20.pom (3 KB at 26.6 KB/sec)
[INFO] Downloading: https://repo.maven.apache.org/maven2/org/codehaus/plexus/plexus-containers/1.0-alpha-20/plexus-containers-1.0-alpha-20.pom
[INFO] Downloaded: https://repo.maven.apache.org/maven2/org/codehaus/plexus/plexus-containers/1.0-alpha-20/plexus-containers-1.0-alpha-20.pom (2 KB at 17.2 KB/sec)
[INFO] Downloading: https://repo.maven.apache.org/maven2/org/apache/velocity/velocity/1.5/velocity-1.5.pom
[INFO] Downloaded: https://repo.maven.apache.org/maven2/org/apache/velocity/velocity/1.5/velocity-1.5.pom (8 KB at 67.7 KB/sec)
[INFO] Downloading: https://repo.maven.apache.org/maven2/commons-collections/commons-collections/3.1/commons-collections-3.1.pom
[INFO] Downloaded: https://repo.maven.apache.org/maven2/commons-collections/commons-collections/3.1/commons-collections-3.1.pom (6 KB at 56.6 KB/sec)
[INFO] Downloading: https://repo.maven.apache.org/maven2/commons-lang/commons-lang/2.1/commons-lang-2.1.pom
[INFO] Downloaded: https://repo.maven.apache.org/maven2/commons-lang/commons-lang/2.1/commons-lang-2.1.pom (10 KB at 91.5 KB/sec)
[INFO] Downloading: https://repo.maven.apache.org/maven2/oro/oro/2.0.8/oro-2.0.8.pom
[INFO] Downloaded: https://repo.maven.apache.org/maven2/oro/oro/2.0.8/oro-2.0.8.pom (140 B at 1.2 KB/sec)
[INFO] Downloading: https://repo.maven.apache.org/maven2/org/apache/maven/doxia/doxia-decoration-model/1.0/doxia-decoration-model-1.0.pom
[INFO] Downloaded: https://repo.maven.apache.org/maven2/org/apache/maven/doxia/doxia-decoration-model/1.0/doxia-decoration-model-1.0.pom (4 KB at 28.8 KB/sec)
[INFO] Downloading: https://repo.maven.apache.org/maven2/commons-collections/commons-collections/3.2/commons-collections-3.2.pom
[INFO] Downloaded: https://repo.maven.apache.org/maven2/commons-collections/commons-collections/3.2/commons-collections-3.2.pom (11 KB at 102.6 KB/sec)
[INFO] Downloading: https://repo.maven.apache.org/maven2/org/apache/maven/doxia/doxia-module-apt/1.0/doxia-module-apt-1.0.pom
[INFO] Downloaded: https://repo.maven.apache.org/maven2/org/apache/maven/doxia/doxia-module-apt/1.0/doxia-module-apt-1.0.pom (3 KB at 19.8 KB/sec)
[INFO] Downloading: https://repo.maven.apache.org/maven2/org/apache/maven/doxia/doxia-modules/1.0/doxia-modules-1.0.pom
[INFO] Downloaded: https://repo.maven.apache.org/maven2/org/apache/maven/doxia/doxia-modules/1.0/doxia-modules-1.0.pom (3 KB at 21.6 KB/sec)
[INFO] Downloading: https://repo.maven.apache.org/maven2/org/apache/maven/doxia/doxia-module-fml/1.0/doxia-module-fml-1.0.pom
[INFO] Downloaded: https://repo.maven.apache.org/maven2/org/apache/maven/doxia/doxia-module-fml/1.0/doxia-module-fml-1.0.pom (3 KB at 22.5 KB/sec)
[INFO] Downloading: https://repo.maven.apache.org/maven2/org/apache/maven/doxia/doxia-module-xdoc/1.0/doxia-module-xdoc-1.0.pom
[INFO] Downloaded: https://repo.maven.apache.org/maven2/org/apache/maven/doxia/doxia-module-xdoc/1.0/doxia-module-xdoc-1.0.pom (3 KB at 19.9 KB/sec)
[INFO] Downloading: https://repo.maven.apache.org/maven2/org/apache/maven/doxia/doxia-module-xhtml/1.0/doxia-module-xhtml-1.0.pom
[INFO] Downloaded: https://repo.maven.apache.org/maven2/org/apache/maven/doxia/doxia-module-xhtml/1.0/doxia-module-xhtml-1.0.pom (2 KB at 14.3 KB/sec)
[INFO] Downloading: https://repo.maven.apache.org/maven2/commons-lang/commons-lang/2.4/commons-lang-2.4.pom
[INFO] Downloaded: https://repo.maven.apache.org/maven2/commons-lang/commons-lang/2.4/commons-lang-2.4.pom (14 KB at 121.9 KB/sec)
[INFO] Downloading: https://repo.maven.apache.org/maven2/org/apache/commons/commons-parent/9/commons-parent-9.pom
[INFO] Downloaded: https://repo.maven.apache.org/maven2/org/apache/commons/commons-parent/9/commons-parent-9.pom (22 KB at 207.9 KB/sec)
[INFO] Downloading: https://repo.maven.apache.org/maven2/commons-httpclient/commons-httpclient/3.1/commons-httpclient-3.1.pom
[INFO] Downloaded: https://repo.maven.apache.org/maven2/commons-httpclient/commons-httpclient/3.1/commons-httpclient-3.1.pom (8 KB at 70.2 KB/sec)
[INFO] Downloading: https://repo.maven.apache.org/maven2/commons-logging/commons-logging/1.0.4/commons-logging-1.0.4.pom
[INFO] Downloaded: https://repo.maven.apache.org/maven2/commons-logging/commons-logging/1.0.4/commons-logging-1.0.4.pom (6 KB at 45.1 KB/sec)
[INFO] Downloading: https://repo.maven.apache.org/maven2/commons-codec/commons-codec/1.2/commons-codec-1.2.pom
[INFO] Downloaded: https://repo.maven.apache.org/maven2/commons-codec/commons-codec/1.2/commons-codec-1.2.pom (4 KB at 34.9 KB/sec)
[INFO] Downloading: https://repo.maven.apache.org/maven2/commons-logging/commons-logging/1.1.1/commons-logging-1.1.1.pom
[INFO] Downloaded: https://repo.maven.apache.org/maven2/commons-logging/commons-logging/1.1.1/commons-logging-1.1.1.pom (18 KB at 169.2 KB/sec)
[INFO] Downloading: https://repo.maven.apache.org/maven2/org/apache/commons/commons-parent/5/commons-parent-5.pom
[INFO] Downloaded: https://repo.maven.apache.org/maven2/org/apache/commons/commons-parent/5/commons-parent-5.pom (16 KB at 150.6 KB/sec)
[INFO] Downloading: https://repo.maven.apache.org/maven2/log4j/log4j/1.2.14/log4j-1.2.14.pom
[INFO] Downloaded: https://repo.maven.apache.org/maven2/log4j/log4j/1.2.14/log4j-1.2.14.pom (3 KB at 20.3 KB/sec)
[INFO] Downloading: https://repo.maven.apache.org/maven2/com/thoughtworks/qdox/qdox/1.9.2/qdox-1.9.2.pom
[INFO] Downloaded: https://repo.maven.apache.org/maven2/com/thoughtworks/qdox/qdox/1.9.2/qdox-1.9.2.pom (17 KB at 158.0 KB/sec)
[INFO] Downloading: https://repo.maven.apache.org/maven2/org/apache/maven/maven-toolchain/1.0/maven-toolchain-1.0.pom
[INFO] Downloaded: https://repo.maven.apache.org/maven2/org/apache/maven/maven-toolchain/1.0/maven-toolchain-1.0.pom (4 KB at 31.5 KB/sec)
[INFO] Downloading: https://repo.maven.apache.org/maven2/org/apache/maven/maven-core/2.0.6/maven-core-2.0.6.pom
[INFO] Downloaded: https://repo.maven.apache.org/maven2/org/apache/maven/maven-core/2.0.6/maven-core-2.0.6.pom (7 KB at 60.1 KB/sec)
[INFO] Downloading: https://repo.maven.apache.org/maven2/org/apache/maven/maven-settings/2.0.6/maven-settings-2.0.6.pom
[INFO] Downloaded: https://repo.maven.apache.org/maven2/org/apache/maven/maven-settings/2.0.6/maven-settings-2.0.6.pom (2 KB at 17.8 KB/sec)
[INFO] Downloading: https://repo.maven.apache.org/maven2/org/apache/maven/maven-plugin-parameter-documenter/2.0.6/maven-plugin-parameter-documenter-2.0.6.pom
[INFO] Downloaded: https://repo.maven.apache.org/maven2/org/apache/maven/maven-plugin-parameter-documenter/2.0.6/maven-plugin-parameter-documenter-2.0.6.pom (2 KB at 16.8 KB/sec)
[INFO] Downloading: https://repo.maven.apache.org/maven2/org/apache/maven/reporting/maven-reporting-api/2.0.6/maven-reporting-api-2.0.6.pom
[INFO] Downloaded: https://repo.maven.apache.org/maven2/org/apache/maven/reporting/maven-reporting-api/2.0.6/maven-reporting-api-2.0.6.pom (2 KB at 15.7 KB/sec)
[INFO] Downloading: https://repo.maven.apache.org/maven2/org/apache/maven/reporting/maven-reporting/2.0.6/maven-reporting-2.0.6.pom
[INFO] Downloaded: https://repo.maven.apache.org/maven2/org/apache/maven/reporting/maven-reporting/2.0.6/maven-reporting-2.0.6.pom (2 KB at 12.8 KB/sec)
[INFO] Downloading: https://repo.maven.apache.org/maven2/org/apache/maven/doxia/doxia-sink-api/1.0-alpha-7/doxia-sink-api-1.0-alpha-7.pom
[INFO] Downloaded: https://repo.maven.apache.org/maven2/org/apache/maven/doxia/doxia-sink-api/1.0-alpha-7/doxia-sink-api-1.0-alpha-7.pom (424 B at 3.9 KB/sec)
[INFO] Downloading: https://repo.maven.apache.org/maven2/org/apache/maven/doxia/doxia/1.0-alpha-7/doxia-1.0-alpha-7.pom
[INFO] Downloaded: https://repo.maven.apache.org/maven2/org/apache/maven/doxia/doxia/1.0-alpha-7/doxia-1.0-alpha-7.pom (4 KB at 36.0 KB/sec)
[INFO] Downloading: https://repo.maven.apache.org/maven2/org/apache/maven/maven-profile/2.0.6/maven-profile-2.0.6.pom
[INFO] Downloaded: https://repo.maven.apache.org/maven2/org/apache/maven/maven-profile/2.0.6/maven-profile-2.0.6.pom (2 KB at 17.7 KB/sec)
[INFO] Downloading: https://repo.maven.apache.org/maven2/org/apache/maven/maven-repository-metadata/2.0.6/maven-repository-metadata-2.0.6.pom
[INFO] Downloaded: https://repo.maven.apache.org/maven2/org/apache/maven/maven-repository-metadata/2.0.6/maven-repository-metadata-2.0.6.pom (2 KB at 17.4 KB/sec)
[INFO] Downloading: https://repo.maven.apache.org/maven2/org/apache/maven/maven-error-diagnostics/2.0.6/maven-error-diagnostics-2.0.6.pom
[INFO] Downloaded: https://repo.maven.apache.org/maven2/org/apache/maven/maven-error-diagnostics/2.0.6/maven-error-diagnostics-2.0.6.pom (2 KB at 16.3 KB/sec)
[INFO] Downloading: https://repo.maven.apache.org/maven2/org/apache/maven/maven-project/2.0.6/maven-project-2.0.6.pom
[INFO] Downloaded: https://repo.maven.apache.org/maven2/org/apache/maven/maven-project/2.0.6/maven-project-2.0.6.pom (3 KB at 24.1 KB/sec)
[INFO] Downloading: https://repo.maven.apache.org/maven2/org/apache/maven/maven-artifact-manager/2.0.6/maven-artifact-manager-2.0.6.pom
[INFO] Downloaded: https://repo.maven.apache.org/maven2/org/apache/maven/maven-artifact-manager/2.0.6/maven-artifact-manager-2.0.6.pom (3 KB at 24.9 KB/sec)
[INFO] Downloading: https://repo.maven.apache.org/maven2/org/apache/maven/maven-plugin-registry/2.0.6/maven-plugin-registry-2.0.6.pom
[INFO] Downloaded: https://repo.maven.apache.org/maven2/org/apache/maven/maven-plugin-registry/2.0.6/maven-plugin-registry-2.0.6.pom (2 KB at 16.7 KB/sec)
[INFO] Downloading: https://repo.maven.apache.org/maven2/org/apache/maven/maven-plugin-api/2.0.6/maven-plugin-api-2.0.6.pom
[INFO] Downloaded: https://repo.maven.apache.org/maven2/org/apache/maven/maven-plugin-api/2.0.6/maven-plugin-api-2.0.6.pom (2 KB at 13.8 KB/sec)
[INFO] Downloading: https://repo.maven.apache.org/maven2/org/apache/maven/maven-plugin-descriptor/2.0.6/maven-plugin-descriptor-2.0.6.pom
[INFO] Downloaded: https://repo.maven.apache.org/maven2/org/apache/maven/maven-plugin-descriptor/2.0.6/maven-plugin-descriptor-2.0.6.pom (2 KB at 18.1 KB/sec)
[INFO] Downloading: https://repo.maven.apache.org/maven2/org/apache/maven/maven-monitor/2.0.6/maven-monitor-2.0.6.pom
[INFO] Downloaded: https://repo.maven.apache.org/maven2/org/apache/maven/maven-monitor/2.0.6/maven-monitor-2.0.6.pom (2 KB at 11.2 KB/sec)
[INFO] Downloading: https://repo.maven.apache.org/maven2/org/codehaus/plexus/plexus-utils/1.5.8/plexus-utils-1.5.8.pom
[INFO] Downloaded: https://repo.maven.apache.org/maven2/org/codehaus/plexus/plexus-utils/1.5.8/plexus-utils-1.5.8.pom (8 KB at 68.5 KB/sec)
[INFO] Downloading: https://repo.maven.apache.org/maven2/org/apache/maven/shared/maven-common-artifact-filters/1.2/maven-common-artifact-filters-1.2.pom
[INFO] Downloaded: https://repo.maven.apache.org/maven2/org/apache/maven/shared/maven-common-artifact-filters/1.2/maven-common-artifact-filters-1.2.pom (5 KB at 41.3 KB/sec)
[INFO] Downloading: https://repo.maven.apache.org/maven2/org/apache/maven/shared/maven-shared-components/11/maven-shared-components-11.pom
[INFO] Downloaded: https://repo.maven.apache.org/maven2/org/apache/maven/shared/maven-shared-components/11/maven-shared-components-11.pom (9 KB at 74.1 KB/sec)
[INFO] Downloading: https://repo.maven.apache.org/maven2/org/apache/maven/maven-artifact/2.0.8/maven-artifact-2.0.8.pom
[INFO] Downloaded: https://repo.maven.apache.org/maven2/org/apache/maven/maven-artifact/2.0.8/maven-artifact-2.0.8.pom (2 KB at 14.4 KB/sec)
[INFO] Downloading: https://repo.maven.apache.org/maven2/org/apache/maven/maven/2.0.8/maven-2.0.8.pom
[INFO] Downloaded: https://repo.maven.apache.org/maven2/org/apache/maven/maven/2.0.8/maven-2.0.8.pom (12 KB at 110.4 KB/sec)
[INFO] Downloading: https://repo.maven.apache.org/maven2/org/codehaus/plexus/plexus-utils/1.4.6/plexus-utils-1.4.6.pom
[INFO] Downloaded: https://repo.maven.apache.org/maven2/org/codehaus/plexus/plexus-utils/1.4.6/plexus-utils-1.4.6.pom (3 KB at 20.3 KB/sec)
[INFO] Downloading: https://repo.maven.apache.org/maven2/org/apache/maven/maven-model/2.0.8/maven-model-2.0.8.pom
[INFO] Downloaded: https://repo.maven.apache.org/maven2/org/apache/maven/maven-model/2.0.8/maven-model-2.0.8.pom (4 KB at 28.7 KB/sec)
[INFO] Downloading: https://repo.maven.apache.org/maven2/org/apache/maven/maven-project/2.0.8/maven-project-2.0.8.pom
[INFO] Downloaded: https://repo.maven.apache.org/maven2/org/apache/maven/maven-project/2.0.8/maven-project-2.0.8.pom (3 KB at 25.0 KB/sec)
[INFO] Downloading: https://repo.maven.apache.org/maven2/org/apache/maven/maven-settings/2.0.8/maven-settings-2.0.8.pom
[INFO] Downloaded: https://repo.maven.apache.org/maven2/org/apache/maven/maven-settings/2.0.8/maven-settings-2.0.8.pom (3 KB at 18.1 KB/sec)
[INFO] Downloading: https://repo.maven.apache.org/maven2/org/apache/maven/maven-profile/2.0.8/maven-profile-2.0.8.pom
[INFO] Downloaded: https://repo.maven.apache.org/maven2/org/apache/maven/maven-profile/2.0.8/maven-profile-2.0.8.pom (2 KB at 18.4 KB/sec)
[INFO] Downloading: https://repo.maven.apache.org/maven2/org/apache/maven/maven-artifact-manager/2.0.8/maven-artifact-manager-2.0.8.pom
[INFO] Downloaded: https://repo.maven.apache.org/maven2/org/apache/maven/maven-artifact-manager/2.0.8/maven-artifact-manager-2.0.8.pom (3 KB at 22.5 KB/sec)
[INFO] Downloading: https://repo.maven.apache.org/maven2/org/apache/maven/maven-repository-metadata/2.0.8/maven-repository-metadata-2.0.8.pom
[INFO] Downloaded: https://repo.maven.apache.org/maven2/org/apache/maven/maven-repository-metadata/2.0.8/maven-repository-metadata-2.0.8.pom (2 KB at 17.7 KB/sec)
[INFO] Downloading: https://repo.maven.apache.org/maven2/org/apache/maven/maven-plugin-registry/2.0.8/maven-plugin-registry-2.0.8.pom
[INFO] Downloaded: https://repo.maven.apache.org/maven2/org/apache/maven/maven-plugin-registry/2.0.8/maven-plugin-registry-2.0.8.pom (2 KB at 18.4 KB/sec)
[INFO] Downloading: https://repo.maven.apache.org/maven2/org/apache/maven/maven-plugin-api/2.0.8/maven-plugin-api-2.0.8.pom
[INFO] Downloaded: https://repo.maven.apache.org/maven2/org/apache/maven/maven-plugin-api/2.0.8/maven-plugin-api-2.0.8.pom (2 KB at 12.9 KB/sec)
[INFO] Downloading: https://repo.maven.apache.org/maven2/org/apache/maven/shared/maven-plugin-testing-harness/1.1/maven-plugin-testing-harness-1.1.pom
[INFO] Downloaded: https://repo.maven.apache.org/maven2/org/apache/maven/shared/maven-plugin-testing-harness/1.1/maven-plugin-testing-harness-1.1.pom (7 KB at 56.8 KB/sec)
[INFO] Downloading: https://repo.maven.apache.org/maven2/org/apache/maven/shared/maven-shared-components/7/maven-shared-components-7.pom
[INFO] Downloaded: https://repo.maven.apache.org/maven2/org/apache/maven/shared/maven-shared-components/7/maven-shared-components-7.pom (3 KB at 22.7 KB/sec)
[INFO] Downloading: https://repo.maven.apache.org/maven2/org/apache/maven/maven-core/2.0/maven-core-2.0.pom
[INFO] Downloaded: https://repo.maven.apache.org/maven2/org/apache/maven/maven-core/2.0/maven-core-2.0.pom (6 KB at 52.0 KB/sec)
[INFO] Downloading: https://repo.maven.apache.org/maven2/org/apache/maven/maven-settings/2.0/maven-settings-2.0.pom
[INFO] Downloaded: https://repo.maven.apache.org/maven2/org/apache/maven/maven-settings/2.0/maven-settings-2.0.pom (2 KB at 12.6 KB/sec)
[INFO] Downloading: https://repo.maven.apache.org/maven2/org/apache/maven/maven-plugin-parameter-documenter/2.0/maven-plugin-parameter-documenter-2.0.pom
[INFO] Downloaded: https://repo.maven.apache.org/maven2/org/apache/maven/maven-plugin-parameter-documenter/2.0/maven-plugin-parameter-documenter-2.0.pom (2 KB at 13.3 KB/sec)
[INFO] Downloading: https://repo.maven.apache.org/maven2/org/apache/maven/reporting/maven-reporting-api/2.0/maven-reporting-api-2.0.pom
[INFO] Downloaded: https://repo.maven.apache.org/maven2/org/apache/maven/reporting/maven-reporting-api/2.0/maven-reporting-api-2.0.pom (2 KB at 10.1 KB/sec)
[INFO] Downloading: https://repo.maven.apache.org/maven2/org/apache/maven/reporting/maven-reporting/2.0/maven-reporting-2.0.pom
[INFO] Downloaded: https://repo.maven.apache.org/maven2/org/apache/maven/reporting/maven-reporting/2.0/maven-reporting-2.0.pom (504 B at 4.5 KB/sec)
[INFO] Downloading: https://repo.maven.apache.org/maven2/doxia/doxia-sink-api/1.0-alpha-4/doxia-sink-api-1.0-alpha-4.pom
[INFO] Downloaded: https://repo.maven.apache.org/maven2/doxia/doxia-sink-api/1.0-alpha-4/doxia-sink-api-1.0-alpha-4.pom (2 KB at 10.0 KB/sec)
[INFO] Downloading: https://repo.maven.apache.org/maven2/org/apache/maven/maven-error-diagnostics/2.0/maven-error-diagnostics-2.0.pom
[INFO] Downloaded: https://repo.maven.apache.org/maven2/org/apache/maven/maven-error-diagnostics/2.0/maven-error-diagnostics-2.0.pom (812 B at 7.1 KB/sec)
[INFO] Downloading: https://repo.maven.apache.org/maven2/org/apache/maven/maven-plugin-registry/2.0/maven-plugin-registry-2.0.pom
[INFO] Downloaded: https://repo.maven.apache.org/maven2/org/apache/maven/maven-plugin-registry/2.0/maven-plugin-registry-2.0.pom (2 KB at 11.8 KB/sec)
[INFO] Downloading: https://repo.maven.apache.org/maven2/org/apache/maven/maven-plugin-api/2.0/maven-plugin-api-2.0.pom
[INFO] Downloaded: https://repo.maven.apache.org/maven2/org/apache/maven/maven-plugin-api/2.0/maven-plugin-api-2.0.pom (601 B at 5.4 KB/sec)
[INFO] Downloading: https://repo.maven.apache.org/maven2/org/apache/maven/maven-plugin-descriptor/2.0/maven-plugin-descriptor-2.0.pom
[INFO] Downloaded: https://repo.maven.apache.org/maven2/org/apache/maven/maven-plugin-descriptor/2.0/maven-plugin-descriptor-2.0.pom (2 KB at 13.5 KB/sec)
[INFO] Downloading: https://repo.maven.apache.org/maven2/org/apache/maven/maven-monitor/2.0/maven-monitor-2.0.pom
[INFO] Downloaded: https://repo.maven.apache.org/maven2/org/apache/maven/maven-monitor/2.0/maven-monitor-2.0.pom (400 B at 3.8 KB/sec)
[INFO] Downloading: https://repo.maven.apache.org/maven2/org/codehaus/plexus/plexus-archiver/1.0-alpha-7/plexus-archiver-1.0-alpha-7.pom
[INFO] Downloaded: https://repo.maven.apache.org/maven2/org/codehaus/plexus/plexus-archiver/1.0-alpha-7/plexus-archiver-1.0-alpha-7.pom (2 KB at 9.5 KB/sec)
[INFO] Downloading: https://repo.maven.apache.org/maven2/org/codehaus/plexus/plexus-components/1.1.6/plexus-components-1.1.6.pom
[INFO] Downloaded: https://repo.maven.apache.org/maven2/org/codehaus/plexus/plexus-components/1.1.6/plexus-components-1.1.6.pom (2 KB at 17.7 KB/sec)
[INFO] Downloading: https://repo.maven.apache.org/maven2/org/codehaus/plexus/plexus-utils/1.2/plexus-utils-1.2.pom
[INFO] Downloaded: https://repo.maven.apache.org/maven2/org/codehaus/plexus/plexus-utils/1.2/plexus-utils-1.2.pom (767 B at 6.9 KB/sec)
[INFO] Downloading: https://repo.maven.apache.org/maven2/org/codehaus/plexus/plexus/1.0.5/plexus-1.0.5.pom
[INFO] Downloaded: https://repo.maven.apache.org/maven2/org/codehaus/plexus/plexus/1.0.5/plexus-1.0.5.pom (6 KB at 52.3 KB/sec)
[INFO] Downloading: https://repo.maven.apache.org/maven2/commons-cli/commons-cli/1.0/commons-cli-1.0.jar
[INFO] Downloading: https://repo.maven.apache.org/maven2/org/codehaus/plexus/plexus-interactivity-api/1.0-alpha-4/plexus-interactivity-api-1.0-alpha-4.jar
[INFO] Downloading: https://repo.maven.apache.org/maven2/org/apache/maven/maven-archiver/2.3/maven-archiver-2.3.jar
[INFO] Downloading: https://repo.maven.apache.org/maven2/org/apache/maven/reporting/maven-reporting-api/2.0.9/maven-reporting-api-2.0.9.jar
[INFO] Downloading: https://repo.maven.apache.org/maven2/org/apache/maven/shared/maven-invoker/2.0.9/maven-invoker-2.0.9.jar
[INFO] Downloaded: https://repo.maven.apache.org/maven2/org/codehaus/plexus/plexus-interactivity-api/1.0-alpha-4/plexus-interactivity-api-1.0-alpha-4.jar (14 KB at 102.3 KB/sec)
[INFO] Downloading: https://repo.maven.apache.org/maven2/org/apache/maven/doxia/doxia-sink-api/1.0/doxia-sink-api-1.0.jar
[INFO] Downloaded: https://repo.maven.apache.org/maven2/org/apache/maven/maven-archiver/2.3/maven-archiver-2.3.jar (18 KB at 135.4 KB/sec)
[INFO] Downloading: https://repo.maven.apache.org/maven2/org/apache/maven/doxia/doxia-site-renderer/1.0/doxia-site-renderer-1.0.jar
[INFO] Downloaded: https://repo.maven.apache.org/maven2/org/apache/maven/shared/maven-invoker/2.0.9/maven-invoker-2.0.9.jar (28 KB at 212.5 KB/sec)
[INFO] Downloading: https://repo.maven.apache.org/maven2/org/apache/maven/doxia/doxia-core/1.0/doxia-core-1.0.jar
[INFO] Downloaded: https://repo.maven.apache.org/maven2/org/apache/maven/reporting/maven-reporting-api/2.0.9/maven-reporting-api-2.0.9.jar (10 KB at 71.2 KB/sec)
[INFO] Downloaded: https://repo.maven.apache.org/maven2/commons-cli/commons-cli/1.0/commons-cli-1.0.jar (30 KB at 202.8 KB/sec)
[INFO] Downloading: https://repo.maven.apache.org/maven2/org/codehaus/plexus/plexus-i18n/1.0-beta-7/plexus-i18n-1.0-beta-7.jar
[INFO] Downloading: https://repo.maven.apache.org/maven2/org/codehaus/plexus/plexus-velocity/1.1.7/plexus-velocity-1.1.7.jar
[INFO] Downloaded: https://repo.maven.apache.org/maven2/org/apache/maven/doxia/doxia-sink-api/1.0/doxia-sink-api-1.0.jar (10 KB at 45.5 KB/sec)
[INFO] Downloading: https://repo.maven.apache.org/maven2/org/apache/velocity/velocity/1.5/velocity-1.5.jar
[INFO] Downloaded: https://repo.maven.apache.org/maven2/org/apache/maven/doxia/doxia-site-renderer/1.0/doxia-site-renderer-1.0.jar (46 KB at 206.5 KB/sec)
[INFO] Downloading: https://repo.maven.apache.org/maven2/oro/oro/2.0.8/oro-2.0.8.jar
[INFO] Downloaded: https://repo.maven.apache.org/maven2/org/apache/maven/doxia/doxia-core/1.0/doxia-core-1.0.jar (54 KB at 238.5 KB/sec)
[INFO] Downloading: https://repo.maven.apache.org/maven2/org/apache/maven/doxia/doxia-decoration-model/1.0/doxia-decoration-model-1.0.jar
[INFO] Downloaded: https://repo.maven.apache.org/maven2/org/codehaus/plexus/plexus-velocity/1.1.7/plexus-velocity-1.1.7.jar (8 KB at 32.4 KB/sec)
[INFO] Downloading: https://repo.maven.apache.org/maven2/commons-collections/commons-collections/3.2/commons-collections-3.2.jar
[INFO] Downloaded: https://repo.maven.apache.org/maven2/org/codehaus/plexus/plexus-i18n/1.0-beta-7/plexus-i18n-1.0-beta-7.jar (11 KB at 43.1 KB/sec)
[INFO] Downloading: https://repo.maven.apache.org/maven2/org/apache/maven/doxia/doxia-module-apt/1.0/doxia-module-apt-1.0.jar
[INFO] Downloaded: https://repo.maven.apache.org/maven2/oro/oro/2.0.8/oro-2.0.8.jar (64 KB at 192.0 KB/sec)
[INFO] Downloading: https://repo.maven.apache.org/maven2/org/apache/maven/doxia/doxia-module-fml/1.0/doxia-module-fml-1.0.jar
[INFO] Downloaded: https://repo.maven.apache.org/maven2/org/apache/maven/doxia/doxia-decoration-model/1.0/doxia-decoration-model-1.0.jar (48 KB at 142.4 KB/sec)
[INFO] Downloading: https://repo.maven.apache.org/maven2/org/apache/maven/doxia/doxia-module-xdoc/1.0/doxia-module-xdoc-1.0.jar
[INFO] Downloaded: https://repo.maven.apache.org/maven2/org/apache/maven/doxia/doxia-module-apt/1.0/doxia-module-apt-1.0.jar (46 KB at 132.9 KB/sec)
[INFO] Downloading: https://repo.maven.apache.org/maven2/org/apache/maven/doxia/doxia-module-xhtml/1.0/doxia-module-xhtml-1.0.jar
[INFO] Downloaded: https://repo.maven.apache.org/maven2/commons-collections/commons-collections/3.2/commons-collections-3.2.jar (558 KB at 1491.6 KB/sec)
[INFO] Downloading: https://repo.maven.apache.org/maven2/commons-lang/commons-lang/2.4/commons-lang-2.4.jar
[INFO] Downloaded: https://repo.maven.apache.org/maven2/org/apache/velocity/velocity/1.5/velocity-1.5.jar (383 KB at 1018.4 KB/sec)
[INFO] Downloading: https://repo.maven.apache.org/maven2/commons-httpclient/commons-httpclient/3.1/commons-httpclient-3.1.jar
[INFO] Downloaded: https://repo.maven.apache.org/maven2/org/apache/maven/doxia/doxia-module-fml/1.0/doxia-module-fml-1.0.jar (19 KB at 40.8 KB/sec)
[INFO] Downloading: https://repo.maven.apache.org/maven2/commons-codec/commons-codec/1.2/commons-codec-1.2.jar
[INFO] Downloaded: https://repo.maven.apache.org/maven2/org/apache/maven/doxia/doxia-module-xdoc/1.0/doxia-module-xdoc-1.0.jar (28 KB at 60.9 KB/sec)
[INFO] Downloading: https://repo.maven.apache.org/maven2/commons-logging/commons-logging/1.1.1/commons-logging-1.1.1.jar
[INFO] Downloaded: https://repo.maven.apache.org/maven2/org/apache/maven/doxia/doxia-module-xhtml/1.0/doxia-module-xhtml-1.0.jar (22 KB at 46.8 KB/sec)
[INFO] Downloading: https://repo.maven.apache.org/maven2/log4j/log4j/1.2.14/log4j-1.2.14.jar
[INFO] Downloaded: https://repo.maven.apache.org/maven2/commons-lang/commons-lang/2.4/commons-lang-2.4.jar (256 KB at 493.6 KB/sec)
[INFO] Downloading: https://repo.maven.apache.org/maven2/com/thoughtworks/qdox/qdox/1.9.2/qdox-1.9.2.jar
[INFO] Downloaded: https://repo.maven.apache.org/maven2/commons-httpclient/commons-httpclient/3.1/commons-httpclient-3.1.jar (298 KB at 571.7 KB/sec)
[INFO] Downloading: https://repo.maven.apache.org/maven2/org/codehaus/plexus/plexus-archiver/1.0-alpha-9/plexus-archiver-1.0-alpha-9.jar
[INFO] Downloaded: https://repo.maven.apache.org/maven2/commons-codec/commons-codec/1.2/commons-codec-1.2.jar (30 KB at 52.5 KB/sec)
[INFO] Downloading: https://repo.maven.apache.org/maven2/org/codehaus/plexus/plexus-io/1.0-alpha-1/plexus-io-1.0-alpha-1.jar
[INFO] Downloaded: https://repo.maven.apache.org/maven2/commons-logging/commons-logging/1.1.1/commons-logging-1.1.1.jar (60 KB at 102.5 KB/sec)
[INFO] Downloading: https://repo.maven.apache.org/maven2/org/codehaus/plexus/plexus-utils/1.5.8/plexus-utils-1.5.8.jar
[INFO] Downloaded: https://repo.maven.apache.org/maven2/log4j/log4j/1.2.14/log4j-1.2.14.jar (359 KB at 618.7 KB/sec)
[INFO] Downloading: https://repo.maven.apache.org/maven2/org/apache/maven/shared/maven-common-artifact-filters/1.2/maven-common-artifact-filters-1.2.jar
[INFO] Downloaded: https://repo.maven.apache.org/maven2/com/thoughtworks/qdox/qdox/1.9.2/qdox-1.9.2.jar (167 KB at 255.5 KB/sec)
[INFO] Downloading: https://repo.maven.apache.org/maven2/org/apache/maven/shared/maven-plugin-testing-harness/1.1/maven-plugin-testing-harness-1.1.jar
[INFO] Downloaded: https://repo.maven.apache.org/maven2/org/codehaus/plexus/plexus-archiver/1.0-alpha-9/plexus-archiver-1.0-alpha-9.jar (154 KB at 235.3 KB/sec)
[INFO] Downloaded: https://repo.maven.apache.org/maven2/org/codehaus/plexus/plexus-io/1.0-alpha-1/plexus-io-1.0-alpha-1.jar (12 KB at 17.9 KB/sec)
[INFO] Downloaded: https://repo.maven.apache.org/maven2/org/apache/maven/shared/maven-common-artifact-filters/1.2/maven-common-artifact-filters-1.2.jar (31 KB at 44.0 KB/sec)
[INFO] Downloaded: https://repo.maven.apache.org/maven2/org/codehaus/plexus/plexus-utils/1.5.8/plexus-utils-1.5.8.jar (262 KB at 367.4 KB/sec)
[INFO] Downloaded: https://repo.maven.apache.org/maven2/org/apache/maven/shared/maven-plugin-testing-harness/1.1/maven-plugin-testing-harness-1.1.jar (32 KB at 42.1 KB/sec)
[INFO] Skipping javadoc generation
[INFO] 
[INFO] --- maven-install-plugin:2.4:install (default-install) @ morphia-parent ---
[INFO] Downloading: https://repo.maven.apache.org/maven2/org/codehaus/plexus/plexus-utils/3.0.5/plexus-utils-3.0.5.pom
[INFO] Downloaded: https://repo.maven.apache.org/maven2/org/codehaus/plexus/plexus-utils/3.0.5/plexus-utils-3.0.5.pom (3 KB at 22.7 KB/sec)
[INFO] Downloading: https://repo.maven.apache.org/maven2/org/codehaus/plexus/plexus-digest/1.0/plexus-digest-1.0.pom
[INFO] Downloaded: https://repo.maven.apache.org/maven2/org/codehaus/plexus/plexus-digest/1.0/plexus-digest-1.0.pom (2 KB at 9.5 KB/sec)
[INFO] Downloading: https://repo.maven.apache.org/maven2/org/codehaus/plexus/plexus-components/1.1.7/plexus-components-1.1.7.pom
[INFO] Downloaded: https://repo.maven.apache.org/maven2/org/codehaus/plexus/plexus-components/1.1.7/plexus-components-1.1.7.pom (5 KB at 44.2 KB/sec)
[INFO] Downloading: https://repo.maven.apache.org/maven2/org/codehaus/plexus/plexus-utils/3.0.5/plexus-utils-3.0.5.jar
[INFO] Downloading: https://repo.maven.apache.org/maven2/org/codehaus/plexus/plexus-digest/1.0/plexus-digest-1.0.jar
[INFO] Downloaded: https://repo.maven.apache.org/maven2/org/codehaus/plexus/plexus-digest/1.0/plexus-digest-1.0.jar (12 KB at 91.2 KB/sec)
[INFO] Downloaded: https://repo.maven.apache.org/maven2/org/codehaus/plexus/plexus-utils/3.0.5/plexus-utils-3.0.5.jar (226 KB at 1679.4 KB/sec)
[INFO] Installing /home/travis/build/jmkgreen/morphia/pom.xml to /home/travis/.m2/repository/com/github/jmkgreen/morphia/morphia-parent/1.2/morphia-parent-1.2.pom
[INFO]                                                                         
[INFO] ------------------------------------------------------------------------
[INFO] Building morphia 0.100.0-SNAPSHOT
[INFO] ------------------------------------------------------------------------
[INFO] Downloading: https://repo.maven.apache.org/maven2/org/apache/maven/plugins/maven-resources-plugin/2.5/maven-resources-plugin-2.5.pom
[INFO] Downloaded: https://repo.maven.apache.org/maven2/org/apache/maven/plugins/maven-resources-plugin/2.5/maven-resources-plugin-2.5.pom (7 KB at 63.7 KB/sec)
[INFO] Downloading: https://repo.maven.apache.org/maven2/org/apache/maven/plugins/maven-plugins/19/maven-plugins-19.pom
[INFO] Downloaded: https://repo.maven.apache.org/maven2/org/apache/maven/plugins/maven-plugins/19/maven-plugins-19.pom (11 KB at 99.5 KB/sec)
[INFO] Downloading: https://repo.maven.apache.org/maven2/org/apache/maven/maven-parent/19/maven-parent-19.pom
[INFO] Downloaded: https://repo.maven.apache.org/maven2/org/apache/maven/maven-parent/19/maven-parent-19.pom (25 KB at 206.9 KB/sec)
[INFO] Downloading: https://repo.maven.apache.org/maven2/org/apache/apache/9/apache-9.pom
[INFO] Downloaded: https://repo.maven.apache.org/maven2/org/apache/apache/9/apache-9.pom (15 KB at 135.8 KB/sec)
[INFO] Downloading: https://repo.maven.apache.org/maven2/org/apache/maven/plugins/maven-resources-plugin/2.5/maven-resources-plugin-2.5.jar
[INFO] Downloaded: https://repo.maven.apache.org/maven2/org/apache/maven/plugins/maven-resources-plugin/2.5/maven-resources-plugin-2.5.jar (26 KB at 230.2 KB/sec)
[INFO] Downloading: https://repo.maven.apache.org/maven2/org/apache/maven/plugins/maven-compiler-plugin/2.5.1/maven-compiler-plugin-2.5.1.pom
[INFO] Downloaded: https://repo.maven.apache.org/maven2/org/apache/maven/plugins/maven-compiler-plugin/2.5.1/maven-compiler-plugin-2.5.1.pom (8 KB at 72.3 KB/sec)
[INFO] Downloading: https://repo.maven.apache.org/maven2/org/apache/maven/plugins/maven-compiler-plugin/2.5.1/maven-compiler-plugin-2.5.1.jar
[INFO] Downloaded: https://repo.maven.apache.org/maven2/org/apache/maven/plugins/maven-compiler-plugin/2.5.1/maven-compiler-plugin-2.5.1.jar (32 KB at 286.0 KB/sec)
[INFO] Downloading: https://repo.maven.apache.org/maven2/org/apache/maven/plugins/maven-surefire-plugin/2.12.4/maven-surefire-plugin-2.12.4.pom
[INFO] Downloaded: https://repo.maven.apache.org/maven2/org/apache/maven/plugins/maven-surefire-plugin/2.12.4/maven-surefire-plugin-2.12.4.pom (11 KB at 92.2 KB/sec)
[INFO] Downloading: https://repo.maven.apache.org/maven2/org/apache/maven/surefire/surefire/2.12.4/surefire-2.12.4.pom
[INFO] Downloaded: https://repo.maven.apache.org/maven2/org/apache/maven/surefire/surefire/2.12.4/surefire-2.12.4.pom (14 KB at 118.1 KB/sec)
[INFO] Downloading: https://repo.maven.apache.org/maven2/org/apache/maven/plugins/maven-surefire-plugin/2.12.4/maven-surefire-plugin-2.12.4.jar
[INFO] Downloaded: https://repo.maven.apache.org/maven2/org/apache/maven/plugins/maven-surefire-plugin/2.12.4/maven-surefire-plugin-2.12.4.jar (30 KB at 270.4 KB/sec)
[INFO] Downloading: https://repo.maven.apache.org/maven2/org/apache/maven/plugins/maven-jar-plugin/2.4/maven-jar-plugin-2.4.pom
[INFO] Downloaded: https://repo.maven.apache.org/maven2/org/apache/maven/plugins/maven-jar-plugin/2.4/maven-jar-plugin-2.4.pom (6 KB at 50.9 KB/sec)
[INFO] Downloading: https://repo.maven.apache.org/maven2/org/apache/maven/plugins/maven-jar-plugin/2.4/maven-jar-plugin-2.4.jar
[INFO] Downloaded: https://repo.maven.apache.org/maven2/org/apache/maven/plugins/maven-jar-plugin/2.4/maven-jar-plugin-2.4.jar (34 KB at 299.3 KB/sec)
[INFO] Downloading: http://repo.maven.apache.org/maven2/cglib/cglib-nodep/maven-metadata.xml
[INFO] Downloading: https://oss.sonatype.org/content/repositories/releases/cglib/cglib-nodep/maven-metadata.xml
[INFO] Downloading: https://oss.sonatype.org/content/repositories/snapshots/cglib/cglib-nodep/maven-metadata.xml
[INFO] Downloading: https://repository.apache.org/releases/cglib/cglib-nodep/maven-metadata.xml
[INFO] Downloaded: http://repo.maven.apache.org/maven2/cglib/cglib-nodep/maven-metadata.xml (683 B at 24.7 KB/sec)
[INFO] Downloading: https://repository.apache.org/snapshots/cglib/cglib-nodep/maven-metadata.xml
[INFO] Downloading: https://nexus.codehaus.org/snapshots/cglib/cglib-nodep/maven-metadata.xml
[INFO] Downloaded: https://oss.sonatype.org/content/repositories/releases/cglib/cglib-nodep/maven-metadata.xml (683 B at 1.6 KB/sec)
[WARNING] Could not transfer metadata cglib:cglib-nodep/maven-metadata.xml from/to codehaus-snapshots (https://nexus.codehaus.org/snapshots/): nexus.codehaus.org: Name or service not known
[INFO] Downloading: http://repo.maven.apache.org/maven2/cglib/cglib-nodep/2.1_3/cglib-nodep-2.1_3.pom
[INFO] Downloaded: http://repo.maven.apache.org/maven2/cglib/cglib-nodep/2.1_3/cglib-nodep-2.1_3.pom (214 B at 10.0 KB/sec)
[INFO] Downloading: http://repo.maven.apache.org/maven2/cglib/cglib-nodep/2.2/cglib-nodep-2.2.pom
[INFO] Downloaded: http://repo.maven.apache.org/maven2/cglib/cglib-nodep/2.2/cglib-nodep-2.2.pom (807 B at 35.8 KB/sec)
[INFO] Downloading: http://repo.maven.apache.org/maven2/cglib/cglib-nodep/2.2.2/cglib-nodep-2.2.2.pom
[INFO] Downloaded: http://repo.maven.apache.org/maven2/cglib/cglib-nodep/2.2.2/cglib-nodep-2.2.2.pom (2 KB at 49.2 KB/sec)
[INFO] Downloading: http://repo.maven.apache.org/maven2/cglib/cglib-nodep/3.0/cglib-nodep-3.0.pom
[INFO] Downloaded: http://repo.maven.apache.org/maven2/cglib/cglib-nodep/3.0/cglib-nodep-3.0.pom (2 KB at 53.6 KB/sec)
[INFO] Downloading: http://repo.maven.apache.org/maven2/cglib/cglib-nodep/3.1/cglib-nodep-3.1.pom
[INFO] Downloaded: http://repo.maven.apache.org/maven2/cglib/cglib-nodep/3.1/cglib-nodep-3.1.pom (2 KB at 56.2 KB/sec)
[INFO] Downloading: http://repo.maven.apache.org/maven2/cglib/cglib-nodep/3.2.0/cglib-nodep-3.2.0.pom
[INFO] Downloaded: http://repo.maven.apache.org/maven2/cglib/cglib-nodep/3.2.0/cglib-nodep-3.2.0.pom (4 KB at 172.6 KB/sec)
[INFO] Downloading: http://repo.maven.apache.org/maven2/cglib/cglib-parent/3.2.0/cglib-parent-3.2.0.pom
[INFO] Downloaded: http://repo.maven.apache.org/maven2/cglib/cglib-parent/3.2.0/cglib-parent-3.2.0.pom (9 KB at 378.0 KB/sec)
[INFO] Downloading: http://repo.maven.apache.org/maven2/org/sonatype/oss/oss-parent/7/oss-parent-7.pom
[INFO] Downloaded: http://repo.maven.apache.org/maven2/org/sonatype/oss/oss-parent/7/oss-parent-7.pom (5 KB at 224.3 KB/sec)
[INFO] Downloading: http://repo.maven.apache.org/maven2/cglib/cglib-nodep/3.2.1/cglib-nodep-3.2.1.pom
[INFO] Downloaded: http://repo.maven.apache.org/maven2/cglib/cglib-nodep/3.2.1/cglib-nodep-3.2.1.pom (4 KB at 165.1 KB/sec)
[INFO] Downloading: http://repo.maven.apache.org/maven2/cglib/cglib-parent/3.2.1/cglib-parent-3.2.1.pom
[INFO] Downloaded: http://repo.maven.apache.org/maven2/cglib/cglib-parent/3.2.1/cglib-parent-3.2.1.pom (10 KB at 412.4 KB/sec)
[INFO] Downloading: http://repo.maven.apache.org/maven2/cglib/cglib-nodep/3.2.2/cglib-nodep-3.2.2.pom
[INFO] Downloaded: http://repo.maven.apache.org/maven2/cglib/cglib-nodep/3.2.2/cglib-nodep-3.2.2.pom (4 KB at 180.8 KB/sec)
[INFO] Downloading: http://repo.maven.apache.org/maven2/cglib/cglib-parent/3.2.2/cglib-parent-3.2.2.pom
[INFO] Downloaded: http://repo.maven.apache.org/maven2/cglib/cglib-parent/3.2.2/cglib-parent-3.2.2.pom (10 KB at 394.5 KB/sec)
[INFO] Downloading: http://repo.maven.apache.org/maven2/cglib/cglib-nodep/3.2.3/cglib-nodep-3.2.3.pom
[INFO] Downloaded: http://repo.maven.apache.org/maven2/cglib/cglib-nodep/3.2.3/cglib-nodep-3.2.3.pom (4 KB at 165.1 KB/sec)
[INFO] Downloading: http://repo.maven.apache.org/maven2/cglib/cglib-parent/3.2.3/cglib-parent-3.2.3.pom
[INFO] Downloaded: http://repo.maven.apache.org/maven2/cglib/cglib-parent/3.2.3/cglib-parent-3.2.3.pom (10 KB at 378.1 KB/sec)
[INFO] Downloading: http://repo.maven.apache.org/maven2/cglib/cglib-nodep/3.2.4/cglib-nodep-3.2.4.pom
[INFO] Downloaded: http://repo.maven.apache.org/maven2/cglib/cglib-nodep/3.2.4/cglib-nodep-3.2.4.pom (4 KB at 172.6 KB/sec)
[INFO] Downloading: http://repo.maven.apache.org/maven2/cglib/cglib-parent/3.2.4/cglib-parent-3.2.4.pom
[INFO] Downloaded: http://repo.maven.apache.org/maven2/cglib/cglib-parent/3.2.4/cglib-parent-3.2.4.pom (10 KB at 342.3 KB/sec)
[INFO] Downloading: http://repo.maven.apache.org/maven2/com/thoughtworks/proxytoys/proxytoys/1.0/proxytoys-1.0.pom
[INFO] Downloaded: http://repo.maven.apache.org/maven2/com/thoughtworks/proxytoys/proxytoys/1.0/proxytoys-1.0.pom (7 KB at 296.2 KB/sec)
[INFO] Downloading: http://repo.maven.apache.org/maven2/com/thoughtworks/proxytoys/proxytoys-parent/1.0/proxytoys-parent-1.0.pom
[INFO] Downloaded: http://repo.maven.apache.org/maven2/com/thoughtworks/proxytoys/proxytoys-parent/1.0/proxytoys-parent-1.0.pom (13 KB at 523.5 KB/sec)
[WARNING] Failure to transfer org.mongodb:mongo-java-driver/maven-metadata.xml from https://nexus.codehaus.org/snapshots/ was cached in the local repository, resolution will not be reattempted until the update interval of codehaus-snapshots has elapsed or updates are forced. Original error: Could not transfer metadata org.mongodb:mongo-java-driver/maven-metadata.xml from/to codehaus-snapshots (https://nexus.codehaus.org/snapshots/): nexus.codehaus.org: Name or service not known
[INFO] Downloading: http://repo.maven.apache.org/maven2/cglib/cglib-nodep/3.2.4/cglib-nodep-3.2.4.jar
[INFO] Downloading: http://repo.maven.apache.org/maven2/junit/junit/4.8.1/junit-4.8.1.jar
[INFO] Downloading: http://repo.maven.apache.org/maven2/com/thoughtworks/proxytoys/proxytoys/1.0/proxytoys-1.0.jar
[INFO] Downloaded: http://repo.maven.apache.org/maven2/com/thoughtworks/proxytoys/proxytoys/1.0/proxytoys-1.0.jar (101 KB at 602.8 KB/sec)
[INFO] Downloaded: http://repo.maven.apache.org/maven2/junit/junit/4.8.1/junit-4.8.1.jar (232 KB at 574.4 KB/sec)
[INFO] Downloaded: http://repo.maven.apache.org/maven2/cglib/cglib-nodep/3.2.4/cglib-nodep-3.2.4.jar (343 KB at 626.5 KB/sec)
[INFO] 
[INFO] --- maven-resources-plugin:2.5:resources (default-resources) @ morphia ---
[INFO] Downloading: https://repo.maven.apache.org/maven2/org/apache/maven/shared/maven-filtering/1.0/maven-filtering-1.0.pom
[INFO] Downloaded: https://repo.maven.apache.org/maven2/org/apache/maven/shared/maven-filtering/1.0/maven-filtering-1.0.pom (6 KB at 50.7 KB/sec)
[INFO] Downloading: https://repo.maven.apache.org/maven2/org/apache/maven/shared/maven-shared-components/16/maven-shared-components-16.pom
[INFO] Downloaded: https://repo.maven.apache.org/maven2/org/apache/maven/shared/maven-shared-components/16/maven-shared-components-16.pom (9 KB at 86.8 KB/sec)
[INFO] Downloading: https://repo.maven.apache.org/maven2/org/codehaus/plexus/plexus-utils/1.5.15/plexus-utils-1.5.15.pom
[INFO] Downloaded: https://repo.maven.apache.org/maven2/org/codehaus/plexus/plexus-utils/1.5.15/plexus-utils-1.5.15.pom (7 KB at 62.5 KB/sec)
[INFO] Downloading: https://repo.maven.apache.org/maven2/org/codehaus/plexus/plexus-interpolation/1.12/plexus-interpolation-1.12.pom
[INFO] Downloaded: https://repo.maven.apache.org/maven2/org/codehaus/plexus/plexus-interpolation/1.12/plexus-interpolation-1.12.pom (889 B at 7.9 KB/sec)
[INFO] Downloading: https://repo.maven.apache.org/maven2/org/codehaus/plexus/plexus-components/1.1.14/plexus-components-1.1.14.pom
[INFO] Downloaded: https://repo.maven.apache.org/maven2/org/codehaus/plexus/plexus-components/1.1.14/plexus-components-1.1.14.pom (6 KB at 52.8 KB/sec)
[INFO] Downloading: https://repo.maven.apache.org/maven2/org/sonatype/plexus/plexus-build-api/0.0.4/plexus-build-api-0.0.4.pom
[INFO] Downloaded: https://repo.maven.apache.org/maven2/org/sonatype/plexus/plexus-build-api/0.0.4/plexus-build-api-0.0.4.pom (3 KB at 25.9 KB/sec)
[INFO] Downloading: https://repo.maven.apache.org/maven2/org/sonatype/spice/spice-parent/10/spice-parent-10.pom
[INFO] Downloaded: https://repo.maven.apache.org/maven2/org/sonatype/spice/spice-parent/10/spice-parent-10.pom (3 KB at 27.8 KB/sec)
[INFO] Downloading: https://repo.maven.apache.org/maven2/org/sonatype/forge/forge-parent/3/forge-parent-3.pom
[INFO] Downloaded: https://repo.maven.apache.org/maven2/org/sonatype/forge/forge-parent/3/forge-parent-3.pom (5 KB at 47.3 KB/sec)
[INFO] Downloading: https://repo.maven.apache.org/maven2/org/apache/maven/reporting/maven-reporting-api/2.0.6/maven-reporting-api-2.0.6.jar
[INFO] Downloading: https://repo.maven.apache.org/maven2/org/apache/maven/doxia/doxia-sink-api/1.0-alpha-7/doxia-sink-api-1.0-alpha-7.jar
[INFO] Downloading: https://repo.maven.apache.org/maven2/org/codehaus/plexus/plexus-utils/2.0.5/plexus-utils-2.0.5.jar
[INFO] Downloading: https://repo.maven.apache.org/maven2/org/apache/maven/shared/maven-filtering/1.0/maven-filtering-1.0.jar
[INFO] Downloading: https://repo.maven.apache.org/maven2/org/sonatype/plexus/plexus-build-api/0.0.4/plexus-build-api-0.0.4.jar
[INFO] Downloaded: https://repo.maven.apache.org/maven2/org/apache/maven/reporting/maven-reporting-api/2.0.6/maven-reporting-api-2.0.6.jar (10 KB at 77.0 KB/sec)
[INFO] Downloaded: https://repo.maven.apache.org/maven2/org/apache/maven/doxia/doxia-sink-api/1.0-alpha-7/doxia-sink-api-1.0-alpha-7.jar (6 KB at 45.3 KB/sec)
[INFO] Downloaded: https://repo.maven.apache.org/maven2/org/sonatype/plexus/plexus-build-api/0.0.4/plexus-build-api-0.0.4.jar (7 KB at 52.4 KB/sec)
[INFO] Downloaded: https://repo.maven.apache.org/maven2/org/apache/maven/shared/maven-filtering/1.0/maven-filtering-1.0.jar (42 KB at 320.1 KB/sec)
[INFO] Downloaded: https://repo.maven.apache.org/maven2/org/codehaus/plexus/plexus-utils/2.0.5/plexus-utils-2.0.5.jar (218 KB at 1626.4 KB/sec)
[debug] execute contextualize
[INFO] Using 'UTF-8' encoding to copy filtered resources.
[INFO] Copying 1 resource
[INFO] 
[INFO] --- maven-compiler-plugin:2.5.1:compile (default-compile) @ morphia ---
[INFO] Downloading: https://repo.maven.apache.org/maven2/org/codehaus/plexus/plexus-compiler-api/1.9.1/plexus-compiler-api-1.9.1.pom
[INFO] Downloaded: https://repo.maven.apache.org/maven2/org/codehaus/plexus/plexus-compiler-api/1.9.1/plexus-compiler-api-1.9.1.pom (867 B at 7.9 KB/sec)
[INFO] Downloading: https://repo.maven.apache.org/maven2/org/codehaus/plexus/plexus-compiler/1.9.1/plexus-compiler-1.9.1.pom
[INFO] Downloaded: https://repo.maven.apache.org/maven2/org/codehaus/plexus/plexus-compiler/1.9.1/plexus-compiler-1.9.1.pom (4 KB at 35.7 KB/sec)
[INFO] Downloading: https://repo.maven.apache.org/maven2/org/codehaus/plexus/plexus-components/1.1.20/plexus-components-1.1.20.pom
[INFO] Downloaded: https://repo.maven.apache.org/maven2/org/codehaus/plexus/plexus-components/1.1.20/plexus-components-1.1.20.pom (3 KB at 27.5 KB/sec)
[INFO] Downloading: https://repo.maven.apache.org/maven2/org/codehaus/plexus/plexus-compiler-manager/1.9.1/plexus-compiler-manager-1.9.1.pom
[INFO] Downloaded: https://repo.maven.apache.org/maven2/org/codehaus/plexus/plexus-compiler-manager/1.9.1/plexus-compiler-manager-1.9.1.pom (692 B at 6.3 KB/sec)
[INFO] Downloading: https://repo.maven.apache.org/maven2/org/codehaus/plexus/plexus-compiler-javac/1.9.1/plexus-compiler-javac-1.9.1.pom
[INFO] Downloaded: https://repo.maven.apache.org/maven2/org/codehaus/plexus/plexus-compiler-javac/1.9.1/plexus-compiler-javac-1.9.1.pom (688 B at 5.8 KB/sec)
[INFO] Downloading: https://repo.maven.apache.org/maven2/org/codehaus/plexus/plexus-compilers/1.9.1/plexus-compilers-1.9.1.pom
[INFO] Downloaded: https://repo.maven.apache.org/maven2/org/codehaus/plexus/plexus-compilers/1.9.1/plexus-compilers-1.9.1.pom (2 KB at 10.6 KB/sec)
[INFO] Downloading: https://repo.maven.apache.org/maven2/org/codehaus/plexus/plexus-utils/3.0/plexus-utils-3.0.jar
[INFO] Downloading: https://repo.maven.apache.org/maven2/org/codehaus/plexus/plexus-compiler-api/1.9.1/plexus-compiler-api-1.9.1.jar
[INFO] Downloading: https://repo.maven.apache.org/maven2/org/codehaus/plexus/plexus-compiler-manager/1.9.1/plexus-compiler-manager-1.9.1.jar
[INFO] Downloading: https://repo.maven.apache.org/maven2/org/codehaus/plexus/plexus-compiler-javac/1.9.1/plexus-compiler-javac-1.9.1.jar
[INFO] Downloaded: https://repo.maven.apache.org/maven2/org/codehaus/plexus/plexus-compiler-api/1.9.1/plexus-compiler-api-1.9.1.jar (21 KB at 175.6 KB/sec)
[INFO] Downloaded: https://repo.maven.apache.org/maven2/org/codehaus/plexus/plexus-compiler-javac/1.9.1/plexus-compiler-javac-1.9.1.jar (14 KB at 116.5 KB/sec)
[INFO] Downloaded: https://repo.maven.apache.org/maven2/org/codehaus/plexus/plexus-compiler-manager/1.9.1/plexus-compiler-manager-1.9.1.jar (5 KB at 36.5 KB/sec)
[INFO] Downloaded: https://repo.maven.apache.org/maven2/org/codehaus/plexus/plexus-utils/3.0/plexus-utils-3.0.jar (221 KB at 1588.3 KB/sec)
[INFO] Compiling 168 source files to /home/travis/build/jmkgreen/morphia/morphia/target/classes
[INFO] -------------------------------------------------------------
[ERROR] COMPILATION ERROR : 
[INFO] -------------------------------------------------------------
[ERROR] /home/travis/build/jmkgreen/morphia/morphia/src/main/java/com/github/jmkgreen/morphia/query/QueryImpl.java:[62,117] error: SECONDARY has private access in ReadPreference
[ERROR] /home/travis/build/jmkgreen/morphia/morphia/src/main/java/com/github/jmkgreen/morphia/query/QueryImpl.java:[527,27] error: SECONDARY has private access in ReadPreference
[ERROR] /home/travis/build/jmkgreen/morphia/morphia/src/main/java/com/github/jmkgreen/morphia/query/QueryImpl.java:[532,27] error: PRIMARY has private access in ReadPreference
[ERROR] /home/travis/build/jmkgreen/morphia/morphia/src/main/java/com/github/jmkgreen/morphia/query/UpdateResults.java:[13,11] error: cannot find symbol
[ERROR]   symbol:   method getLastError()
  location: variable wr of type WriteResult
/home/travis/build/jmkgreen/morphia/morphia/src/main/java/com/github/jmkgreen/morphia/query/UpdateResults.java:[23,11] error: cannot find symbol
[ERROR]   symbol:   method getLastError()
  location: variable wr of type WriteResult
/home/travis/build/jmkgreen/morphia/morphia/src/main/java/com/github/jmkgreen/morphia/query/UpdateResults.java:[23,73] error: cannot find symbol
[ERROR]   symbol:   method getLastError()
  location: variable wr of type WriteResult
/home/travis/build/jmkgreen/morphia/morphia/src/main/java/com/github/jmkgreen/morphia/query/UpdateResults.java:[33,11] error: cannot find symbol
[ERROR]   symbol:   method getLastError()
  location: variable wr of type WriteResult
/home/travis/build/jmkgreen/morphia/morphia/src/main/java/com/github/jmkgreen/morphia/query/UpdateResults.java:[33,59] error: cannot find symbol
[ERROR]   symbol:   method getLastError()
  location: variable wr of type WriteResult
/home/travis/build/jmkgreen/morphia/morphia/src/main/java/com/github/jmkgreen/morphia/query/UpdateResults.java:[43,38] error: cannot find symbol
[ERROR]   symbol:   method getLastError()
  location: variable wr of type WriteResult
/home/travis/build/jmkgreen/morphia/morphia/src/main/java/com/github/jmkgreen/morphia/query/UpdateResults.java:[43,84] error: cannot find symbol
[ERROR]   symbol:   method getLastError()
  location: variable wr of type WriteResult
/home/travis/build/jmkgreen/morphia/morphia/src/main/java/com/github/jmkgreen/morphia/mapping/DefaultMapper.java:[577,29] error: cannot find symbol
[ERROR]   symbol:   method getRef()
  location: variable ref of type DBRef
/home/travis/build/jmkgreen/morphia/morphia/src/main/java/com/github/jmkgreen/morphia/DatastoreImpl.java:[56,24] error: cannot find symbol
[ERROR] 
  location: variable db of type DB
/home/travis/build/jmkgreen/morphia/morphia/src/main/java/com/github/jmkgreen/morphia/DatastoreImpl.java:[73,15] error: no suitable constructor found for DBRef(DB,String,V)
[ERROR]     constructor DBRef.DBRef(String,String,Object) is not applicable
      (actual argument DB cannot be converted to String by method invocation conversion)
    constructor DBRef.DBRef(String,Object) is not applicable
      (actual and formal argument lists differ in length)
  where V,T are type-variables:
    V extends Object declared in method <T,V>createRef(Class<T>,V)
    T extends Object declared in method <T,V>createRef(Class<T>,V)
/home/travis/build/jmkgreen/morphia/morphia/src/main/java/com/github/jmkgreen/morphia/DatastoreImpl.java:[205,18] error: cannot find symbol
[ERROR]   symbol:   method ensureIndex(BasicDBObject)
  location: variable dbColl of type DBCollection
/home/travis/build/jmkgreen/morphia/morphia/src/main/java/com/github/jmkgreen/morphia/DatastoreImpl.java:[208,18] error: cannot find symbol
[ERROR]   symbol:   method ensureIndex(BasicDBObject,BasicDBObject)
  location: variable dbColl of type DBCollection
/home/travis/build/jmkgreen/morphia/morphia/src/main/java/com/github/jmkgreen/morphia/DatastoreImpl.java:[404,47] error: cannot find symbol
[ERROR]   symbol:   method fetch()
  location: variable ref of type DBRef
/home/travis/build/jmkgreen/morphia/morphia/src/main/java/com/github/jmkgreen/morphia/DatastoreImpl.java:[420,39] error: cannot find symbol
[ERROR]   symbol:   method getRef()
  location: variable ref of type DBRef
/home/travis/build/jmkgreen/morphia/morphia/src/main/java/com/github/jmkgreen/morphia/DatastoreImpl.java:[421,31] error: cannot find symbol
[ERROR]   symbol:   method getRef()
  location: variable ref of type DBRef
/home/travis/build/jmkgreen/morphia/morphia/src/main/java/com/github/jmkgreen/morphia/DatastoreImpl.java:[423,31] error: cannot find symbol
[ERROR]   symbol:   method getRef()
  location: variable ref of type DBRef
/home/travis/build/jmkgreen/morphia/morphia/src/main/java/com/github/jmkgreen/morphia/DatastoreImpl.java:[778,28] error: cannot find symbol
[ERROR]   symbol:   method getLastConcern()
  location: variable wr of type WriteResult
/home/travis/build/jmkgreen/morphia/morphia/src/main/java/com/github/jmkgreen/morphia/DatastoreImpl.java:[779,33] error: cannot find symbol
[ERROR]   symbol:   method getLastError()
  location: variable wr of type WriteResult
/home/travis/build/jmkgreen/morphia/morphia/src/main/java/com/github/jmkgreen/morphia/DatastoreImpl.java:[869,48] error: cannot find symbol
[ERROR]   symbol:   method getCachedLastError()
  location: class WriteResult
/home/travis/build/jmkgreen/morphia/morphia/src/main/java/com/github/jmkgreen/morphia/DatastoreImpl.java:[911,30] error: cannot find symbol
[ERROR]   symbol:   method getCachedLastError()
  location: variable wr of type WriteResult
/home/travis/build/jmkgreen/morphia/morphia/src/main/java/com/github/jmkgreen/morphia/DatastoreImpl.java:[1087,97] error: cannot find symbol
[ERROR]   symbol:   method getRaw()
  location: variable mpo of type MapReduceOutput
/home/travis/build/jmkgreen/morphia/morphia/src/main/java/com/github/jmkgreen/morphia/mapping/ReferenceMapper.java:[267,36] error: cannot find symbol
[ERROR]   symbol:   method getRef()
  location: variable dbRef of type DBRef
/home/travis/build/jmkgreen/morphia/morphia/src/main/java/com/github/jmkgreen/morphia/mapping/ReferenceMapper.java:[269,94] error: cannot find symbol
[ERROR]   symbol:   method getRef()
  location: variable dbRef of type DBRef
/home/travis/build/jmkgreen/morphia/morphia/src/main/java/com/github/jmkgreen/morphia/mapping/ReferenceMapper.java:[271,34] error: cannot find symbol
[ERROR]   symbol:   method getRef()
  location: variable dbRef of type DBRef
/home/travis/build/jmkgreen/morphia/morphia/src/main/java/com/github/jmkgreen/morphia/mapping/ReferenceMapper.java:[288,41] error: cannot find symbol
[INFO] 28 errors 
[INFO] -------------------------------------------------------------
[INFO] ------------------------------------------------------------------------
[INFO] Reactor Summary:
[INFO] 
[INFO] Morphia Build ...................................... SUCCESS [ 38.711 s]
[INFO] morphia ............................................ FAILURE [  8.376 s]
[INFO] morphia-no-proxy-deps .............................. SKIPPED
[INFO] JSR303 Validation .................................. SKIPPED
[INFO] Logging via SLF4J .................................. SKIPPED
[INFO] JRebel Plugin ...................................... SKIPPED
[INFO] Guice Plugin ....................................... SKIPPED
[INFO] EntityScanner Plugin ............................... SKIPPED
[INFO] ------------------------------------------------------------------------
[INFO] BUILD FAILURE
[INFO] ------------------------------------------------------------------------
[INFO] Total time: 55.103 s
[INFO] Finished at: 2016-11-16T00:56:23+00:00
[INFO] Final Memory: 21M/85M
[INFO] ------------------------------------------------------------------------
[ERROR] Failed to execute goal org.apache.maven.plugins:maven-compiler-plugin:2.5.1:compile (default-compile) on project morphia: Compilation failure: Compilation failure:
[ERROR] /home/travis/build/jmkgreen/morphia/morphia/src/main/java/com/github/jmkgreen/morphia/query/QueryImpl.java:[62,117] error: SECONDARY has private access in ReadPreference
[ERROR] /home/travis/build/jmkgreen/morphia/morphia/src/main/java/com/github/jmkgreen/morphia/query/QueryImpl.java:[527,27] error: SECONDARY has private access in ReadPreference
[ERROR] /home/travis/build/jmkgreen/morphia/morphia/src/main/java/com/github/jmkgreen/morphia/query/QueryImpl.java:[532,27] error: PRIMARY has private access in ReadPreference
[ERROR] /home/travis/build/jmkgreen/morphia/morphia/src/main/java/com/github/jmkgreen/morphia/query/UpdateResults.java:[13,11] error: cannot find symbol
[ERROR] symbol:   method getLastError()
[ERROR] location: variable wr of type WriteResult
[ERROR] /home/travis/build/jmkgreen/morphia/morphia/src/main/java/com/github/jmkgreen/morphia/query/UpdateResults.java:[23,11] error: cannot find symbol
[ERROR] symbol:   method getLastError()
[ERROR] location: variable wr of type WriteResult
[ERROR] /home/travis/build/jmkgreen/morphia/morphia/src/main/java/com/github/jmkgreen/morphia/query/UpdateResults.java:[23,73] error: cannot find symbol
[ERROR] symbol:   method getLastError()
[ERROR] location: variable wr of type WriteResult
[ERROR] /home/travis/build/jmkgreen/morphia/morphia/src/main/java/com/github/jmkgreen/morphia/query/UpdateResults.java:[33,11] error: cannot find symbol
[ERROR] symbol:   method getLastError()
[ERROR] location: variable wr of type WriteResult
[ERROR] /home/travis/build/jmkgreen/morphia/morphia/src/main/java/com/github/jmkgreen/morphia/query/UpdateResults.java:[33,59] error: cannot find symbol
[ERROR] symbol:   method getLastError()
[ERROR] location: variable wr of type WriteResult
[ERROR] /home/travis/build/jmkgreen/morphia/morphia/src/main/java/com/github/jmkgreen/morphia/query/UpdateResults.java:[43,38] error: cannot find symbol
[ERROR] symbol:   method getLastError()
[ERROR] location: variable wr of type WriteResult
[ERROR] /home/travis/build/jmkgreen/morphia/morphia/src/main/java/com/github/jmkgreen/morphia/query/UpdateResults.java:[43,84] error: cannot find symbol
[ERROR] symbol:   method getLastError()
[ERROR] location: variable wr of type WriteResult
[ERROR] /home/travis/build/jmkgreen/morphia/morphia/src/main/java/com/github/jmkgreen/morphia/mapping/DefaultMapper.java:[577,29] error: cannot find symbol
[ERROR] symbol:   method getRef()
[ERROR] location: variable ref of type DBRef
[ERROR] /home/travis/build/jmkgreen/morphia/morphia/src/main/java/com/github/jmkgreen/morphia/DatastoreImpl.java:[56,24] error: cannot find symbol
[ERROR] 
[ERROR] location: variable db of type DB
[ERROR] /home/travis/build/jmkgreen/morphia/morphia/src/main/java/com/github/jmkgreen/morphia/DatastoreImpl.java:[73,15] error: no suitable constructor found for DBRef(DB,String,V)
[ERROR] constructor DBRef.DBRef(String,String,Object) is not applicable
[ERROR] (actual argument DB cannot be converted to String by method invocation conversion)
[ERROR] constructor DBRef.DBRef(String,Object) is not applicable
[ERROR] (actual and formal argument lists differ in length)
[ERROR] where V,T are type-variables:
[ERROR] V extends Object declared in method <T,V>createRef(Class<T>,V)
[ERROR] T extends Object declared in method <T,V>createRef(Class<T>,V)
[ERROR] /home/travis/build/jmkgreen/morphia/morphia/src/main/java/com/github/jmkgreen/morphia/DatastoreImpl.java:[205,18] error: cannot find symbol
[ERROR] symbol:   method ensureIndex(BasicDBObject)
[ERROR] location: variable dbColl of type DBCollection
[ERROR] /home/travis/build/jmkgreen/morphia/morphia/src/main/java/com/github/jmkgreen/morphia/DatastoreImpl.java:[208,18] error: cannot find symbol
[ERROR] symbol:   method ensureIndex(BasicDBObject,BasicDBObject)
[ERROR] location: variable dbColl of type DBCollection
[ERROR] /home/travis/build/jmkgreen/morphia/morphia/src/main/java/com/github/jmkgreen/morphia/DatastoreImpl.java:[404,47] error: cannot find symbol
[ERROR] symbol:   method fetch()
[ERROR] location: variable ref of type DBRef
[ERROR] /home/travis/build/jmkgreen/morphia/morphia/src/main/java/com/github/jmkgreen/morphia/DatastoreImpl.java:[420,39] error: cannot find symbol
[ERROR] symbol:   method getRef()
[ERROR] location: variable ref of type DBRef
[ERROR] /home/travis/build/jmkgreen/morphia/morphia/src/main/java/com/github/jmkgreen/morphia/DatastoreImpl.java:[421,31] error: cannot find symbol
[ERROR] symbol:   method getRef()
[ERROR] location: variable ref of type DBRef
[ERROR] /home/travis/build/jmkgreen/morphia/morphia/src/main/java/com/github/jmkgreen/morphia/DatastoreImpl.java:[423,31] error: cannot find symbol
[ERROR] symbol:   method getRef()
[ERROR] location: variable ref of type DBRef
[ERROR] /home/travis/build/jmkgreen/morphia/morphia/src/main/java/com/github/jmkgreen/morphia/DatastoreImpl.java:[778,28] error: cannot find symbol
[ERROR] symbol:   method getLastConcern()
[ERROR] location: variable wr of type WriteResult
[ERROR] /home/travis/build/jmkgreen/morphia/morphia/src/main/java/com/github/jmkgreen/morphia/DatastoreImpl.java:[779,33] error: cannot find symbol
[ERROR] symbol:   method getLastError()
[ERROR] location: variable wr of type WriteResult
[ERROR] /home/travis/build/jmkgreen/morphia/morphia/src/main/java/com/github/jmkgreen/morphia/DatastoreImpl.java:[869,48] error: cannot find symbol
[ERROR] symbol:   method getCachedLastError()
[ERROR] location: class WriteResult
[ERROR] /home/travis/build/jmkgreen/morphia/morphia/src/main/java/com/github/jmkgreen/morphia/DatastoreImpl.java:[911,30] error: cannot find symbol
[ERROR] symbol:   method getCachedLastError()
[ERROR] location: variable wr of type WriteResult
[ERROR] /home/travis/build/jmkgreen/morphia/morphia/src/main/java/com/github/jmkgreen/morphia/DatastoreImpl.java:[1087,97] error: cannot find symbol
[ERROR] symbol:   method getRaw()
[ERROR] location: variable mpo of type MapReduceOutput
[ERROR] /home/travis/build/jmkgreen/morphia/morphia/src/main/java/com/github/jmkgreen/morphia/mapping/ReferenceMapper.java:[267,36] error: cannot find symbol
[ERROR] symbol:   method getRef()
[ERROR] location: variable dbRef of type DBRef
[ERROR] /home/travis/build/jmkgreen/morphia/morphia/src/main/java/com/github/jmkgreen/morphia/mapping/ReferenceMapper.java:[269,94] error: cannot find symbol
[ERROR] symbol:   method getRef()
[ERROR] location: variable dbRef of type DBRef
[ERROR] /home/travis/build/jmkgreen/morphia/morphia/src/main/java/com/github/jmkgreen/morphia/mapping/ReferenceMapper.java:[271,34] error: cannot find symbol
[ERROR] symbol:   method getRef()
[ERROR] location: variable dbRef of type DBRef
[ERROR] /home/travis/build/jmkgreen/morphia/morphia/src/main/java/com/github/jmkgreen/morphia/mapping/ReferenceMapper.java:[288,41] error: cannot find symbol
[ERROR] -> [Help 1]
[ERROR] 
[ERROR] To see the full stack trace of the errors, re-run Maven with the -e switch.
[ERROR] Re-run Maven using the -X switch to enable full debug logging.
[ERROR] 
[ERROR] For more information about the errors and possible solutions, please read the following articles:
[ERROR] [Help 1] http://cwiki.apache.org/confluence/display/MAVEN/MojoFailureException
[ERROR] 
[ERROR] After correcting the problems, you can resume the build with the command
[ERROR]   mvn <goals> -rf :morphia

[31;1mThe command "eval mvn install -DskipTests=true -Dmaven.javadoc.skip=true -B -V" failed. Retrying, 2 of 3.[0m

Apache Maven 3.2.5 (12a6b3acb947671f09b81f49094c53f426d8cea1; 2014-12-14T17:29:23+00:00)
Maven home: /usr/local/maven
Java version: 1.7.0_76, vendor: Oracle Corporation
Java home: /usr/lib/jvm/java-7-oracle/jre
Default locale: en_US, platform encoding: UTF-8
OS name: "linux", version: "4.4.0-31-generic", arch: "amd64", family: "unix"
[INFO] Scanning for projects...
[WARNING] 
[WARNING] Some problems were encountered while building the effective model for com.github.jmkgreen.morphia:morphia-entityscanner-plug:jar:1.00-SNAPSHOT
[WARNING] The expression ${parent.groupId} is deprecated. Please use ${project.parent.groupId} instead.
[WARNING] 
[WARNING] It is highly recommended to fix these problems because they threaten the stability of your build.
[WARNING] 
[WARNING] For this reason, future Maven versions might no longer support building such malformed projects.
[WARNING] 
[INFO] ------------------------------------------------------------------------
[INFO] Reactor Build Order:
[INFO] 
[INFO] Morphia Build
[INFO] morphia
[INFO] morphia-no-proxy-deps
[INFO] JSR303 Validation
[INFO] Logging via SLF4J
[INFO] JRebel Plugin
[INFO] Guice Plugin
[INFO] EntityScanner Plugin
[INFO]                                                                         
[INFO] ------------------------------------------------------------------------
[INFO] Building Morphia Build 1.2
[INFO] ------------------------------------------------------------------------
[INFO] 
[INFO] >>> maven-source-plugin:2.2:jar (attach-sources) > generate-sources @ morphia-parent >>>
[INFO] 
[INFO] <<< maven-source-plugin:2.2:jar (attach-sources) < generate-sources @ morphia-parent <<<
[INFO] Downloading: https://repository.apache.org/snapshots/org/mongodb/mongo-java-driver/maven-metadata.xml
[INFO] Downloading: https://repository.apache.org/releases/org/mongodb/mongo-java-driver/maven-metadata.xml
[INFO] Downloading: https://oss.sonatype.org/content/repositories/releases/org/mongodb/mongo-java-driver/maven-metadata.xml
[INFO] Downloading: https://nexus.codehaus.org/snapshots/org/mongodb/mongo-java-driver/maven-metadata.xml
[INFO] Downloaded: https://oss.sonatype.org/content/repositories/releases/org/mongodb/mongo-java-driver/maven-metadata.xml (3 KB at 1.9 KB/sec)
[WARNING] Could not transfer metadata org.mongodb:mongo-java-driver/maven-metadata.xml from/to codehaus-snapshots (https://nexus.codehaus.org/snapshots/): nexus.codehaus.org: Name or service not known
[INFO] Downloading: https://repository.apache.org/snapshots/org/mongodb/mongo-java-driver/2.12.6-SNAPSHOT/maven-metadata.xml
[INFO] Downloading: https://nexus.codehaus.org/snapshots/org/mongodb/mongo-java-driver/2.12.6-SNAPSHOT/maven-metadata.xml
[WARNING] Could not transfer metadata org.mongodb:mongo-java-driver:2.12.6-SNAPSHOT/maven-metadata.xml from/to codehaus-snapshots (https://nexus.codehaus.org/snapshots/): nexus.codehaus.org
[WARNING] Failure to transfer org.mongodb:mongo-java-driver:2.12.6-SNAPSHOT/maven-metadata.xml from https://nexus.codehaus.org/snapshots/ was cached in the local repository, resolution will not be reattempted until the update interval of codehaus-snapshots has elapsed or updates are forced. Original error: Could not transfer metadata org.mongodb:mongo-java-driver:2.12.6-SNAPSHOT/maven-metadata.xml from/to codehaus-snapshots (https://nexus.codehaus.org/snapshots/): nexus.codehaus.org
[INFO] Downloading: https://repository.apache.org/snapshots/org/mongodb/mongo-java-driver/2.13.0-rc3-SNAPSHOT/maven-metadata.xml
[INFO] Downloading: https://nexus.codehaus.org/snapshots/org/mongodb/mongo-java-driver/2.13.0-rc3-SNAPSHOT/maven-metadata.xml
[WARNING] Could not transfer metadata org.mongodb:mongo-java-driver:2.13.0-rc3-SNAPSHOT/maven-metadata.xml from/to codehaus-snapshots (https://nexus.codehaus.org/snapshots/): nexus.codehaus.org
[WARNING] Failure to transfer org.mongodb:mongo-java-driver:2.13.0-rc3-SNAPSHOT/maven-metadata.xml from https://nexus.codehaus.org/snapshots/ was cached in the local repository, resolution will not be reattempted until the update interval of codehaus-snapshots has elapsed or updates are forced. Original error: Could not transfer metadata org.mongodb:mongo-java-driver:2.13.0-rc3-SNAPSHOT/maven-metadata.xml from/to codehaus-snapshots (https://nexus.codehaus.org/snapshots/): nexus.codehaus.org
[INFO] Downloading: https://repository.apache.org/snapshots/org/mongodb/mongo-java-driver/2.13.4-SNAPSHOT/maven-metadata.xml
[INFO] Downloading: https://nexus.codehaus.org/snapshots/org/mongodb/mongo-java-driver/2.13.4-SNAPSHOT/maven-metadata.xml
[WARNING] Could not transfer metadata org.mongodb:mongo-java-driver:2.13.4-SNAPSHOT/maven-metadata.xml from/to codehaus-snapshots (https://nexus.codehaus.org/snapshots/): nexus.codehaus.org
[WARNING] Failure to transfer org.mongodb:mongo-java-driver:2.13.4-SNAPSHOT/maven-metadata.xml from https://nexus.codehaus.org/snapshots/ was cached in the local repository, resolution will not be reattempted until the update interval of codehaus-snapshots has elapsed or updates are forced. Original error: Could not transfer metadata org.mongodb:mongo-java-driver:2.13.4-SNAPSHOT/maven-metadata.xml from/to codehaus-snapshots (https://nexus.codehaus.org/snapshots/): nexus.codehaus.org
[INFO] Downloading: https://repository.apache.org/snapshots/org/mongodb/mongo-java-driver/2.15.0-SNAPSHOT/maven-metadata.xml
[INFO] Downloading: https://nexus.codehaus.org/snapshots/org/mongodb/mongo-java-driver/2.15.0-SNAPSHOT/maven-metadata.xml
[WARNING] Could not transfer metadata org.mongodb:mongo-java-driver:2.15.0-SNAPSHOT/maven-metadata.xml from/to codehaus-snapshots (https://nexus.codehaus.org/snapshots/): nexus.codehaus.org
[WARNING] Failure to transfer org.mongodb:mongo-java-driver:2.15.0-SNAPSHOT/maven-metadata.xml from https://nexus.codehaus.org/snapshots/ was cached in the local repository, resolution will not be reattempted until the update interval of codehaus-snapshots has elapsed or updates are forced. Original error: Could not transfer metadata org.mongodb:mongo-java-driver:2.15.0-SNAPSHOT/maven-metadata.xml from/to codehaus-snapshots (https://nexus.codehaus.org/snapshots/): nexus.codehaus.org
[INFO] Downloading: https://repository.apache.org/snapshots/org/mongodb/mongo-java-driver/3.0.0-test-SNAPSHOT/maven-metadata.xml
[INFO] Downloading: https://nexus.codehaus.org/snapshots/org/mongodb/mongo-java-driver/3.0.0-test-SNAPSHOT/maven-metadata.xml
[WARNING] Could not transfer metadata org.mongodb:mongo-java-driver:3.0.0-test-SNAPSHOT/maven-metadata.xml from/to codehaus-snapshots (https://nexus.codehaus.org/snapshots/): nexus.codehaus.org
[WARNING] Failure to transfer org.mongodb:mongo-java-driver:3.0.0-test-SNAPSHOT/maven-metadata.xml from https://nexus.codehaus.org/snapshots/ was cached in the local repository, resolution will not be reattempted until the update interval of codehaus-snapshots has elapsed or updates are forced. Original error: Could not transfer metadata org.mongodb:mongo-java-driver:3.0.0-test-SNAPSHOT/maven-metadata.xml from/to codehaus-snapshots (https://nexus.codehaus.org/snapshots/): nexus.codehaus.org
[INFO] Downloading: https://repository.apache.org/snapshots/org/mongodb/bson/3.0.0-test-SNAPSHOT/maven-metadata.xml
[INFO] Downloading: https://nexus.codehaus.org/snapshots/org/mongodb/bson/3.0.0-test-SNAPSHOT/maven-metadata.xml
[WARNING] Could not transfer metadata org.mongodb:bson:3.0.0-test-SNAPSHOT/maven-metadata.xml from/to codehaus-snapshots (https://nexus.codehaus.org/snapshots/): nexus.codehaus.org
[WARNING] Failure to transfer org.mongodb:bson:3.0.0-test-SNAPSHOT/maven-metadata.xml from https://nexus.codehaus.org/snapshots/ was cached in the local repository, resolution will not be reattempted until the update interval of codehaus-snapshots has elapsed or updates are forced. Original error: Could not transfer metadata org.mongodb:bson:3.0.0-test-SNAPSHOT/maven-metadata.xml from/to codehaus-snapshots (https://nexus.codehaus.org/snapshots/): nexus.codehaus.org
[INFO] Downloading: https://repository.apache.org/snapshots/org/mongodb/mongo-java-driver-core/3.0.0-test-SNAPSHOT/maven-metadata.xml
[INFO] Downloading: https://nexus.codehaus.org/snapshots/org/mongodb/mongo-java-driver-core/3.0.0-test-SNAPSHOT/maven-metadata.xml
[WARNING] Could not transfer metadata org.mongodb:mongo-java-driver-core:3.0.0-test-SNAPSHOT/maven-metadata.xml from/to codehaus-snapshots (https://nexus.codehaus.org/snapshots/): nexus.codehaus.org
[WARNING] Failure to transfer org.mongodb:mongo-java-driver-core:3.0.0-test-SNAPSHOT/maven-metadata.xml from https://nexus.codehaus.org/snapshots/ was cached in the local repository, resolution will not be reattempted until the update interval of codehaus-snapshots has elapsed or updates are forced. Original error: Could not transfer metadata org.mongodb:mongo-java-driver-core:3.0.0-test-SNAPSHOT/maven-metadata.xml from/to codehaus-snapshots (https://nexus.codehaus.org/snapshots/): nexus.codehaus.org
[INFO] Downloading: https://repository.apache.org/snapshots/org/mongodb/mongo-java-driver/3.0.5-SNAPSHOT/maven-metadata.xml
[INFO] Downloading: https://nexus.codehaus.org/snapshots/org/mongodb/mongo-java-driver/3.0.5-SNAPSHOT/maven-metadata.xml
[WARNING] Could not transfer metadata org.mongodb:mongo-java-driver:3.0.5-SNAPSHOT/maven-metadata.xml from/to codehaus-snapshots (https://nexus.codehaus.org/snapshots/): nexus.codehaus.org
[WARNING] Failure to transfer org.mongodb:mongo-java-driver:3.0.5-SNAPSHOT/maven-metadata.xml from https://nexus.codehaus.org/snapshots/ was cached in the local repository, resolution will not be reattempted until the update interval of codehaus-snapshots has elapsed or updates are forced. Original error: Could not transfer metadata org.mongodb:mongo-java-driver:3.0.5-SNAPSHOT/maven-metadata.xml from/to codehaus-snapshots (https://nexus.codehaus.org/snapshots/): nexus.codehaus.org
[INFO] Downloading: https://repository.apache.org/snapshots/org/mongodb/mongo-java-driver/3.3.1-SNAPSHOT/maven-metadata.xml
[INFO] Downloading: https://nexus.codehaus.org/snapshots/org/mongodb/mongo-java-driver/3.3.1-SNAPSHOT/maven-metadata.xml
[WARNING] Could not transfer metadata org.mongodb:mongo-java-driver:3.3.1-SNAPSHOT/maven-metadata.xml from/to codehaus-snapshots (https://nexus.codehaus.org/snapshots/): nexus.codehaus.org
[WARNING] Failure to transfer org.mongodb:mongo-java-driver:3.3.1-SNAPSHOT/maven-metadata.xml from https://nexus.codehaus.org/snapshots/ was cached in the local repository, resolution will not be reattempted until the update interval of codehaus-snapshots has elapsed or updates are forced. Original error: Could not transfer metadata org.mongodb:mongo-java-driver:3.3.1-SNAPSHOT/maven-metadata.xml from/to codehaus-snapshots (https://nexus.codehaus.org/snapshots/): nexus.codehaus.org
[INFO] Downloading: https://repository.apache.org/snapshots/org/mongodb/mongo-java-driver/3.4.0-SNAPSHOT/maven-metadata.xml
[INFO] Downloading: https://nexus.codehaus.org/snapshots/org/mongodb/mongo-java-driver/3.4.0-SNAPSHOT/maven-metadata.xml
[WARNING] Could not transfer metadata org.mongodb:mongo-java-driver:3.4.0-SNAPSHOT/maven-metadata.xml from/to codehaus-snapshots (https://nexus.codehaus.org/snapshots/): nexus.codehaus.org
[WARNING] Failure to transfer org.mongodb:mongo-java-driver:3.4.0-SNAPSHOT/maven-metadata.xml from https://nexus.codehaus.org/snapshots/ was cached in the local repository, resolution will not be reattempted until the update interval of codehaus-snapshots has elapsed or updates are forced. Original error: Could not transfer metadata org.mongodb:mongo-java-driver:3.4.0-SNAPSHOT/maven-metadata.xml from/to codehaus-snapshots (https://nexus.codehaus.org/snapshots/): nexus.codehaus.org
[INFO] 
[INFO] --- maven-source-plugin:2.2:jar (attach-sources) @ morphia-parent ---
[INFO] 
[INFO] --- maven-javadoc-plugin:2.7:jar (default) @ morphia-parent ---
[INFO] Skipping javadoc generation
[INFO] 
[INFO] --- maven-install-plugin:2.4:install (default-install) @ morphia-parent ---
[INFO] Installing /home/travis/build/jmkgreen/morphia/pom.xml to /home/travis/.m2/repository/com/github/jmkgreen/morphia/morphia-parent/1.2/morphia-parent-1.2.pom
[INFO]                                                                         
[INFO] ------------------------------------------------------------------------
[INFO] Building morphia 0.100.0-SNAPSHOT
[INFO] ------------------------------------------------------------------------
[INFO] Downloading: https://oss.sonatype.org/content/repositories/releases/cglib/cglib-nodep/maven-metadata.xml
[INFO] Downloading: https://repository.apache.org/releases/cglib/cglib-nodep/maven-metadata.xml
[INFO] Downloading: https://repository.apache.org/snapshots/cglib/cglib-nodep/maven-metadata.xml
[INFO] Downloading: https://nexus.codehaus.org/snapshots/cglib/cglib-nodep/maven-metadata.xml
[INFO] Downloaded: https://oss.sonatype.org/content/repositories/releases/cglib/cglib-nodep/maven-metadata.xml (683 B at 0.8 KB/sec)
[WARNING] Could not transfer metadata cglib:cglib-nodep/maven-metadata.xml from/to codehaus-snapshots (https://nexus.codehaus.org/snapshots/): nexus.codehaus.org
[WARNING] Failure to transfer org.mongodb:mongo-java-driver/maven-metadata.xml from https://nexus.codehaus.org/snapshots/ was cached in the local repository, resolution will not be reattempted until the update interval of codehaus-snapshots has elapsed or updates are forced. Original error: Could not transfer metadata org.mongodb:mongo-java-driver/maven-metadata.xml from/to codehaus-snapshots (https://nexus.codehaus.org/snapshots/): nexus.codehaus.org: Name or service not known
[INFO] 
[INFO] --- maven-resources-plugin:2.5:resources (default-resources) @ morphia ---
[debug] execute contextualize
[INFO] Using 'UTF-8' encoding to copy filtered resources.
[INFO] Copying 1 resource
[INFO] 
[INFO] --- maven-compiler-plugin:2.5.1:compile (default-compile) @ morphia ---
[INFO] Compiling 163 source files to /home/travis/build/jmkgreen/morphia/morphia/target/classes
[INFO] -------------------------------------------------------------
[ERROR] COMPILATION ERROR : 
[INFO] -------------------------------------------------------------
[ERROR] /home/travis/build/jmkgreen/morphia/morphia/src/main/java/com/github/jmkgreen/morphia/mapping/DefaultMapper.java:[577,29] error: cannot find symbol
[ERROR]   symbol:   method getRef()
  location: variable ref of type DBRef
/home/travis/build/jmkgreen/morphia/morphia/src/main/java/com/github/jmkgreen/morphia/query/UpdateResults.java:[13,11] error: cannot find symbol
[ERROR]   symbol:   method getLastError()
  location: variable wr of type WriteResult
/home/travis/build/jmkgreen/morphia/morphia/src/main/java/com/github/jmkgreen/morphia/query/UpdateResults.java:[23,11] error: cannot find symbol
[ERROR]   symbol:   method getLastError()
  location: variable wr of type WriteResult
/home/travis/build/jmkgreen/morphia/morphia/src/main/java/com/github/jmkgreen/morphia/query/UpdateResults.java:[23,73] error: cannot find symbol
[ERROR]   symbol:   method getLastError()
  location: variable wr of type WriteResult
/home/travis/build/jmkgreen/morphia/morphia/src/main/java/com/github/jmkgreen/morphia/query/UpdateResults.java:[33,11] error: cannot find symbol
[ERROR]   symbol:   method getLastError()
  location: variable wr of type WriteResult
/home/travis/build/jmkgreen/morphia/morphia/src/main/java/com/github/jmkgreen/morphia/query/UpdateResults.java:[33,59] error: cannot find symbol
[ERROR]   symbol:   method getLastError()
  location: variable wr of type WriteResult
/home/travis/build/jmkgreen/morphia/morphia/src/main/java/com/github/jmkgreen/morphia/query/UpdateResults.java:[43,38] error: cannot find symbol
[ERROR]   symbol:   method getLastError()
  location: variable wr of type WriteResult
/home/travis/build/jmkgreen/morphia/morphia/src/main/java/com/github/jmkgreen/morphia/query/UpdateResults.java:[43,84] error: cannot find symbol
[ERROR]   symbol:   method getLastError()
  location: variable wr of type WriteResult
/home/travis/build/jmkgreen/morphia/morphia/src/main/java/com/github/jmkgreen/morphia/query/QueryImpl.java:[62,117] error: SECONDARY has private access in ReadPreference
[ERROR] /home/travis/build/jmkgreen/morphia/morphia/src/main/java/com/github/jmkgreen/morphia/query/QueryImpl.java:[527,27] error: SECONDARY has private access in ReadPreference
[ERROR] /home/travis/build/jmkgreen/morphia/morphia/src/main/java/com/github/jmkgreen/morphia/query/QueryImpl.java:[532,27] error: PRIMARY has private access in ReadPreference
[ERROR] /home/travis/build/jmkgreen/morphia/morphia/src/main/java/com/github/jmkgreen/morphia/DatastoreImpl.java:[56,24] error: cannot find symbol
[ERROR] 
  location: variable db of type DB
/home/travis/build/jmkgreen/morphia/morphia/src/main/java/com/github/jmkgreen/morphia/DatastoreImpl.java:[73,15] error: no suitable constructor found for DBRef(DB,String,V)
[ERROR]     constructor DBRef.DBRef(String,String,Object) is not applicable
      (actual argument DB cannot be converted to String by method invocation conversion)
    constructor DBRef.DBRef(String,Object) is not applicable
      (actual and formal argument lists differ in length)
  where V,T are type-variables:
    V extends Object declared in method <T,V>createRef(Class<T>,V)
    T extends Object declared in method <T,V>createRef(Class<T>,V)
/home/travis/build/jmkgreen/morphia/morphia/src/main/java/com/github/jmkgreen/morphia/DatastoreImpl.java:[205,18] error: cannot find symbol
[ERROR]   symbol:   method ensureIndex(BasicDBObject)
  location: variable dbColl of type DBCollection
/home/travis/build/jmkgreen/morphia/morphia/src/main/java/com/github/jmkgreen/morphia/DatastoreImpl.java:[208,18] error: cannot find symbol
[ERROR]   symbol:   method ensureIndex(BasicDBObject,BasicDBObject)
  location: variable dbColl of type DBCollection
/home/travis/build/jmkgreen/morphia/morphia/src/main/java/com/github/jmkgreen/morphia/DatastoreImpl.java:[404,47] error: cannot find symbol
[ERROR]   symbol:   method fetch()
  location: variable ref of type DBRef
/home/travis/build/jmkgreen/morphia/morphia/src/main/java/com/github/jmkgreen/morphia/DatastoreImpl.java:[420,39] error: cannot find symbol
[ERROR]   symbol:   method getRef()
  location: variable ref of type DBRef
/home/travis/build/jmkgreen/morphia/morphia/src/main/java/com/github/jmkgreen/morphia/DatastoreImpl.java:[421,31] error: cannot find symbol
[ERROR]   symbol:   method getRef()
  location: variable ref of type DBRef
/home/travis/build/jmkgreen/morphia/morphia/src/main/java/com/github/jmkgreen/morphia/DatastoreImpl.java:[423,31] error: cannot find symbol
[ERROR]   symbol:   method getRef()
  location: variable ref of type DBRef
/home/travis/build/jmkgreen/morphia/morphia/src/main/java/com/github/jmkgreen/morphia/DatastoreImpl.java:[778,28] error: cannot find symbol
[ERROR]   symbol:   method getLastConcern()
  location: variable wr of type WriteResult
/home/travis/build/jmkgreen/morphia/morphia/src/main/java/com/github/jmkgreen/morphia/DatastoreImpl.java:[779,33] error: cannot find symbol
[ERROR]   symbol:   method getLastError()
  location: variable wr of type WriteResult
/home/travis/build/jmkgreen/morphia/morphia/src/main/java/com/github/jmkgreen/morphia/DatastoreImpl.java:[869,48] error: cannot find symbol
[ERROR]   symbol:   method getCachedLastError()
  location: class WriteResult
/home/travis/build/jmkgreen/morphia/morphia/src/main/java/com/github/jmkgreen/morphia/DatastoreImpl.java:[911,30] error: cannot find symbol
[ERROR]   symbol:   method getCachedLastError()
  location: variable wr of type WriteResult
/home/travis/build/jmkgreen/morphia/morphia/src/main/java/com/github/jmkgreen/morphia/DatastoreImpl.java:[1087,97] error: cannot find symbol
[ERROR]   symbol:   method getRaw()
  location: variable mpo of type MapReduceOutput
/home/travis/build/jmkgreen/morphia/morphia/src/main/java/com/github/jmkgreen/morphia/mapping/ReferenceMapper.java:[267,36] error: cannot find symbol
[ERROR]   symbol:   method getRef()
  location: variable dbRef of type DBRef
/home/travis/build/jmkgreen/morphia/morphia/src/main/java/com/github/jmkgreen/morphia/mapping/ReferenceMapper.java:[269,94] error: cannot find symbol
[ERROR]   symbol:   method getRef()
  location: variable dbRef of type DBRef
/home/travis/build/jmkgreen/morphia/morphia/src/main/java/com/github/jmkgreen/morphia/mapping/ReferenceMapper.java:[271,34] error: cannot find symbol
[ERROR]   symbol:   method getRef()
  location: variable dbRef of type DBRef
/home/travis/build/jmkgreen/morphia/morphia/src/main/java/com/github/jmkgreen/morphia/mapping/ReferenceMapper.java:[288,41] error: cannot find symbol
[INFO] 28 errors 
[INFO] -------------------------------------------------------------
[INFO] ------------------------------------------------------------------------
[INFO] Reactor Summary:
[INFO] 
[INFO] Morphia Build ...................................... SUCCESS [  7.454 s]
[INFO] morphia ............................................ FAILURE [  3.668 s]
[INFO] morphia-no-proxy-deps .............................. SKIPPED
[INFO] JSR303 Validation .................................. SKIPPED
[INFO] Logging via SLF4J .................................. SKIPPED
[INFO] JRebel Plugin ...................................... SKIPPED
[INFO] Guice Plugin ....................................... SKIPPED
[INFO] EntityScanner Plugin ............................... SKIPPED
[INFO] ------------------------------------------------------------------------
[INFO] BUILD FAILURE
[INFO] ------------------------------------------------------------------------
[INFO] Total time: 11.507 s
[INFO] Finished at: 2016-11-16T00:56:38+00:00
[INFO] Final Memory: 22M/173M
[INFO] ------------------------------------------------------------------------
[ERROR] Failed to execute goal org.apache.maven.plugins:maven-compiler-plugin:2.5.1:compile (default-compile) on project morphia: Compilation failure: Compilation failure:
[ERROR] /home/travis/build/jmkgreen/morphia/morphia/src/main/java/com/github/jmkgreen/morphia/mapping/DefaultMapper.java:[577,29] error: cannot find symbol
[ERROR] symbol:   method getRef()
[ERROR] location: variable ref of type DBRef
[ERROR] /home/travis/build/jmkgreen/morphia/morphia/src/main/java/com/github/jmkgreen/morphia/query/UpdateResults.java:[13,11] error: cannot find symbol
[ERROR] symbol:   method getLastError()
[ERROR] location: variable wr of type WriteResult
[ERROR] /home/travis/build/jmkgreen/morphia/morphia/src/main/java/com/github/jmkgreen/morphia/query/UpdateResults.java:[23,11] error: cannot find symbol
[ERROR] symbol:   method getLastError()
[ERROR] location: variable wr of type WriteResult
[ERROR] /home/travis/build/jmkgreen/morphia/morphia/src/main/java/com/github/jmkgreen/morphia/query/UpdateResults.java:[23,73] error: cannot find symbol
[ERROR] symbol:   method getLastError()
[ERROR] location: variable wr of type WriteResult
[ERROR] /home/travis/build/jmkgreen/morphia/morphia/src/main/java/com/github/jmkgreen/morphia/query/UpdateResults.java:[33,11] error: cannot find symbol
[ERROR] symbol:   method getLastError()
[ERROR] location: variable wr of type WriteResult
[ERROR] /home/travis/build/jmkgreen/morphia/morphia/src/main/java/com/github/jmkgreen/morphia/query/UpdateResults.java:[33,59] error: cannot find symbol
[ERROR] symbol:   method getLastError()
[ERROR] location: variable wr of type WriteResult
[ERROR] /home/travis/build/jmkgreen/morphia/morphia/src/main/java/com/github/jmkgreen/morphia/query/UpdateResults.java:[43,38] error: cannot find symbol
[ERROR] symbol:   method getLastError()
[ERROR] location: variable wr of type WriteResult
[ERROR] /home/travis/build/jmkgreen/morphia/morphia/src/main/java/com/github/jmkgreen/morphia/query/UpdateResults.java:[43,84] error: cannot find symbol
[ERROR] symbol:   method getLastError()
[ERROR] location: variable wr of type WriteResult
[ERROR] /home/travis/build/jmkgreen/morphia/morphia/src/main/java/com/github/jmkgreen/morphia/query/QueryImpl.java:[62,117] error: SECONDARY has private access in ReadPreference
[ERROR] /home/travis/build/jmkgreen/morphia/morphia/src/main/java/com/github/jmkgreen/morphia/query/QueryImpl.java:[527,27] error: SECONDARY has private access in ReadPreference
[ERROR] /home/travis/build/jmkgreen/morphia/morphia/src/main/java/com/github/jmkgreen/morphia/query/QueryImpl.java:[532,27] error: PRIMARY has private access in ReadPreference
[ERROR] /home/travis/build/jmkgreen/morphia/morphia/src/main/java/com/github/jmkgreen/morphia/DatastoreImpl.java:[56,24] error: cannot find symbol
[ERROR] 
[ERROR] location: variable db of type DB
[ERROR] /home/travis/build/jmkgreen/morphia/morphia/src/main/java/com/github/jmkgreen/morphia/DatastoreImpl.java:[73,15] error: no suitable constructor found for DBRef(DB,String,V)
[ERROR] constructor DBRef.DBRef(String,String,Object) is not applicable
[ERROR] (actual argument DB cannot be converted to String by method invocation conversion)
[ERROR] constructor DBRef.DBRef(String,Object) is not applicable
[ERROR] (actual and formal argument lists differ in length)
[ERROR] where V,T are type-variables:
[ERROR] V extends Object declared in method <T,V>createRef(Class<T>,V)
[ERROR] T extends Object declared in method <T,V>createRef(Class<T>,V)
[ERROR] /home/travis/build/jmkgreen/morphia/morphia/src/main/java/com/github/jmkgreen/morphia/DatastoreImpl.java:[205,18] error: cannot find symbol
[ERROR] symbol:   method ensureIndex(BasicDBObject)
[ERROR] location: variable dbColl of type DBCollection
[ERROR] /home/travis/build/jmkgreen/morphia/morphia/src/main/java/com/github/jmkgreen/morphia/DatastoreImpl.java:[208,18] error: cannot find symbol
[ERROR] symbol:   method ensureIndex(BasicDBObject,BasicDBObject)
[ERROR] location: variable dbColl of type DBCollection
[ERROR] /home/travis/build/jmkgreen/morphia/morphia/src/main/java/com/github/jmkgreen/morphia/DatastoreImpl.java:[404,47] error: cannot find symbol
[ERROR] symbol:   method fetch()
[ERROR] location: variable ref of type DBRef
[ERROR] /home/travis/build/jmkgreen/morphia/morphia/src/main/java/com/github/jmkgreen/morphia/DatastoreImpl.java:[420,39] error: cannot find symbol
[ERROR] symbol:   method getRef()
[ERROR] location: variable ref of type DBRef
[ERROR] /home/travis/build/jmkgreen/morphia/morphia/src/main/java/com/github/jmkgreen/morphia/DatastoreImpl.java:[421,31] error: cannot find symbol
[ERROR] symbol:   method getRef()
[ERROR] location: variable ref of type DBRef
[ERROR] /home/travis/build/jmkgreen/morphia/morphia/src/main/java/com/github/jmkgreen/morphia/DatastoreImpl.java:[423,31] error: cannot find symbol
[ERROR] symbol:   method getRef()
[ERROR] location: variable ref of type DBRef
[ERROR] /home/travis/build/jmkgreen/morphia/morphia/src/main/java/com/github/jmkgreen/morphia/DatastoreImpl.java:[778,28] error: cannot find symbol
[ERROR] symbol:   method getLastConcern()
[ERROR] location: variable wr of type WriteResult
[ERROR] /home/travis/build/jmkgreen/morphia/morphia/src/main/java/com/github/jmkgreen/morphia/DatastoreImpl.java:[779,33] error: cannot find symbol
[ERROR] symbol:   method getLastError()
[ERROR] location: variable wr of type WriteResult
[ERROR] /home/travis/build/jmkgreen/morphia/morphia/src/main/java/com/github/jmkgreen/morphia/DatastoreImpl.java:[869,48] error: cannot find symbol
[ERROR] symbol:   method getCachedLastError()
[ERROR] location: class WriteResult
[ERROR] /home/travis/build/jmkgreen/morphia/morphia/src/main/java/com/github/jmkgreen/morphia/DatastoreImpl.java:[911,30] error: cannot find symbol
[ERROR] symbol:   method getCachedLastError()
[ERROR] location: variable wr of type WriteResult
[ERROR] /home/travis/build/jmkgreen/morphia/morphia/src/main/java/com/github/jmkgreen/morphia/DatastoreImpl.java:[1087,97] error: cannot find symbol
[ERROR] symbol:   method getRaw()
[ERROR] location: variable mpo of type MapReduceOutput
[ERROR] /home/travis/build/jmkgreen/morphia/morphia/src/main/java/com/github/jmkgreen/morphia/mapping/ReferenceMapper.java:[267,36] error: cannot find symbol
[ERROR] symbol:   method getRef()
[ERROR] location: variable dbRef of type DBRef
[ERROR] /home/travis/build/jmkgreen/morphia/morphia/src/main/java/com/github/jmkgreen/morphia/mapping/ReferenceMapper.java:[269,94] error: cannot find symbol
[ERROR] symbol:   method getRef()
[ERROR] location: variable dbRef of type DBRef
[ERROR] /home/travis/build/jmkgreen/morphia/morphia/src/main/java/com/github/jmkgreen/morphia/mapping/ReferenceMapper.java:[271,34] error: cannot find symbol
[ERROR] symbol:   method getRef()
[ERROR] location: variable dbRef of type DBRef
[ERROR] /home/travis/build/jmkgreen/morphia/morphia/src/main/java/com/github/jmkgreen/morphia/mapping/ReferenceMapper.java:[288,41] error: cannot find symbol
[ERROR] -> [Help 1]
[ERROR] 
[ERROR] To see the full stack trace of the errors, re-run Maven with the -e switch.
[ERROR] Re-run Maven using the -X switch to enable full debug logging.
[ERROR] 
[ERROR] For more information about the errors and possible solutions, please read the following articles:
[ERROR] [Help 1] http://cwiki.apache.org/confluence/display/MAVEN/MojoFailureException
[ERROR] 
[ERROR] After correcting the problems, you can resume the build with the command
[ERROR]   mvn <goals> -rf :morphia

[31;1mThe command "eval mvn install -DskipTests=true -Dmaven.javadoc.skip=true -B -V" failed. Retrying, 3 of 3.[0m

Apache Maven 3.2.5 (12a6b3acb947671f09b81f49094c53f426d8cea1; 2014-12-14T17:29:23+00:00)
Maven home: /usr/local/maven
Java version: 1.7.0_76, vendor: Oracle Corporation
Java home: /usr/lib/jvm/java-7-oracle/jre
Default locale: en_US, platform encoding: UTF-8
OS name: "linux", version: "4.4.0-31-generic", arch: "amd64", family: "unix"
[INFO] Scanning for projects...
[WARNING] 
[WARNING] Some problems were encountered while building the effective model for com.github.jmkgreen.morphia:morphia-entityscanner-plug:jar:1.00-SNAPSHOT
[WARNING] The expression ${parent.groupId} is deprecated. Please use ${project.parent.groupId} instead.
[WARNING] 
[WARNING] It is highly recommended to fix these problems because they threaten the stability of your build.
[WARNING] 
[WARNING] For this reason, future Maven versions might no longer support building such malformed projects.
[WARNING] 
[INFO] ------------------------------------------------------------------------
[INFO] Reactor Build Order:
[INFO] 
[INFO] Morphia Build
[INFO] morphia
[INFO] morphia-no-proxy-deps
[INFO] JSR303 Validation
[INFO] Logging via SLF4J
[INFO] JRebel Plugin
[INFO] Guice Plugin
[INFO] EntityScanner Plugin
[INFO]                                                                         
[INFO] ------------------------------------------------------------------------
[INFO] Building Morphia Build 1.2
[INFO] ------------------------------------------------------------------------
[INFO] 
[INFO] >>> maven-source-plugin:2.2:jar (attach-sources) > generate-sources @ morphia-parent >>>
[INFO] 
[INFO] <<< maven-source-plugin:2.2:jar (attach-sources) < generate-sources @ morphia-parent <<<
[INFO] Downloading: https://repository.apache.org/releases/org/mongodb/mongo-java-driver/maven-metadata.xml
[INFO] Downloading: https://nexus.codehaus.org/snapshots/org/mongodb/mongo-java-driver/maven-metadata.xml
[INFO] Downloading: https://oss.sonatype.org/content/repositories/releases/org/mongodb/mongo-java-driver/maven-metadata.xml
[INFO] Downloading: https://repository.apache.org/snapshots/org/mongodb/mongo-java-driver/maven-metadata.xml
[INFO] Downloaded: https://oss.sonatype.org/content/repositories/releases/org/mongodb/mongo-java-driver/maven-metadata.xml (3 KB at 1.1 KB/sec)
[WARNING] Could not transfer metadata org.mongodb:mongo-java-driver/maven-metadata.xml from/to codehaus-snapshots (https://nexus.codehaus.org/snapshots/): nexus.codehaus.org: Name or service not known
[INFO] Downloading: https://repository.apache.org/snapshots/org/mongodb/mongo-java-driver/2.12.6-SNAPSHOT/maven-metadata.xml
[INFO] Downloading: https://nexus.codehaus.org/snapshots/org/mongodb/mongo-java-driver/2.12.6-SNAPSHOT/maven-metadata.xml
[WARNING] Could not transfer metadata org.mongodb:mongo-java-driver:2.12.6-SNAPSHOT/maven-metadata.xml from/to codehaus-snapshots (https://nexus.codehaus.org/snapshots/): nexus.codehaus.org
[WARNING] Failure to transfer org.mongodb:mongo-java-driver:2.12.6-SNAPSHOT/maven-metadata.xml from https://nexus.codehaus.org/snapshots/ was cached in the local repository, resolution will not be reattempted until the update interval of codehaus-snapshots has elapsed or updates are forced. Original error: Could not transfer metadata org.mongodb:mongo-java-driver:2.12.6-SNAPSHOT/maven-metadata.xml from/to codehaus-snapshots (https://nexus.codehaus.org/snapshots/): nexus.codehaus.org
[INFO] Downloading: https://repository.apache.org/snapshots/org/mongodb/mongo-java-driver/2.13.0-rc3-SNAPSHOT/maven-metadata.xml
[INFO] Downloading: https://nexus.codehaus.org/snapshots/org/mongodb/mongo-java-driver/2.13.0-rc3-SNAPSHOT/maven-metadata.xml
[WARNING] Could not transfer metadata org.mongodb:mongo-java-driver:2.13.0-rc3-SNAPSHOT/maven-metadata.xml from/to codehaus-snapshots (https://nexus.codehaus.org/snapshots/): nexus.codehaus.org
[WARNING] Failure to transfer org.mongodb:mongo-java-driver:2.13.0-rc3-SNAPSHOT/maven-metadata.xml from https://nexus.codehaus.org/snapshots/ was cached in the local repository, resolution will not be reattempted until the update interval of codehaus-snapshots has elapsed or updates are forced. Original error: Could not transfer metadata org.mongodb:mongo-java-driver:2.13.0-rc3-SNAPSHOT/maven-metadata.xml from/to codehaus-snapshots (https://nexus.codehaus.org/snapshots/): nexus.codehaus.org
[INFO] Downloading: https://nexus.codehaus.org/snapshots/org/mongodb/mongo-java-driver/2.13.4-SNAPSHOT/maven-metadata.xml
[INFO] Downloading: https://repository.apache.org/snapshots/org/mongodb/mongo-java-driver/2.13.4-SNAPSHOT/maven-metadata.xml
[WARNING] Could not transfer metadata org.mongodb:mongo-java-driver:2.13.4-SNAPSHOT/maven-metadata.xml from/to codehaus-snapshots (https://nexus.codehaus.org/snapshots/): nexus.codehaus.org
[WARNING] Failure to transfer org.mongodb:mongo-java-driver:2.13.4-SNAPSHOT/maven-metadata.xml from https://nexus.codehaus.org/snapshots/ was cached in the local repository, resolution will not be reattempted until the update interval of codehaus-snapshots has elapsed or updates are forced. Original error: Could not transfer metadata org.mongodb:mongo-java-driver:2.13.4-SNAPSHOT/maven-metadata.xml from/to codehaus-snapshots (https://nexus.codehaus.org/snapshots/): nexus.codehaus.org
[INFO] Downloading: https://repository.apache.org/snapshots/org/mongodb/mongo-java-driver/2.15.0-SNAPSHOT/maven-metadata.xml
[INFO] Downloading: https://nexus.codehaus.org/snapshots/org/mongodb/mongo-java-driver/2.15.0-SNAPSHOT/maven-metadata.xml
[WARNING] Could not transfer metadata org.mongodb:mongo-java-driver:2.15.0-SNAPSHOT/maven-metadata.xml from/to codehaus-snapshots (https://nexus.codehaus.org/snapshots/): nexus.codehaus.org
[WARNING] Failure to transfer org.mongodb:mongo-java-driver:2.15.0-SNAPSHOT/maven-metadata.xml from https://nexus.codehaus.org/snapshots/ was cached in the local repository, resolution will not be reattempted until the update interval of codehaus-snapshots has elapsed or updates are forced. Original error: Could not transfer metadata org.mongodb:mongo-java-driver:2.15.0-SNAPSHOT/maven-metadata.xml from/to codehaus-snapshots (https://nexus.codehaus.org/snapshots/): nexus.codehaus.org
[INFO] Downloading: https://repository.apache.org/snapshots/org/mongodb/mongo-java-driver/3.0.0-test-SNAPSHOT/maven-metadata.xml
[INFO] Downloading: https://nexus.codehaus.org/snapshots/org/mongodb/mongo-java-driver/3.0.0-test-SNAPSHOT/maven-metadata.xml
[WARNING] Could not transfer metadata org.mongodb:mongo-java-driver:3.0.0-test-SNAPSHOT/maven-metadata.xml from/to codehaus-snapshots (https://nexus.codehaus.org/snapshots/): nexus.codehaus.org
[WARNING] Failure to transfer org.mongodb:mongo-java-driver:3.0.0-test-SNAPSHOT/maven-metadata.xml from https://nexus.codehaus.org/snapshots/ was cached in the local repository, resolution will not be reattempted until the update interval of codehaus-snapshots has elapsed or updates are forced. Original error: Could not transfer metadata org.mongodb:mongo-java-driver:3.0.0-test-SNAPSHOT/maven-metadata.xml from/to codehaus-snapshots (https://nexus.codehaus.org/snapshots/): nexus.codehaus.org
[INFO] Downloading: https://repository.apache.org/snapshots/org/mongodb/bson/3.0.0-test-SNAPSHOT/maven-metadata.xml
[INFO] Downloading: https://nexus.codehaus.org/snapshots/org/mongodb/bson/3.0.0-test-SNAPSHOT/maven-metadata.xml
[WARNING] Could not transfer metadata org.mongodb:bson:3.0.0-test-SNAPSHOT/maven-metadata.xml from/to codehaus-snapshots (https://nexus.codehaus.org/snapshots/): nexus.codehaus.org
[WARNING] Failure to transfer org.mongodb:bson:3.0.0-test-SNAPSHOT/maven-metadata.xml from https://nexus.codehaus.org/snapshots/ was cached in the local repository, resolution will not be reattempted until the update interval of codehaus-snapshots has elapsed or updates are forced. Original error: Could not transfer metadata org.mongodb:bson:3.0.0-test-SNAPSHOT/maven-metadata.xml from/to codehaus-snapshots (https://nexus.codehaus.org/snapshots/): nexus.codehaus.org
[INFO] Downloading: https://repository.apache.org/snapshots/org/mongodb/mongo-java-driver-core/3.0.0-test-SNAPSHOT/maven-metadata.xml
[INFO] Downloading: https://nexus.codehaus.org/snapshots/org/mongodb/mongo-java-driver-core/3.0.0-test-SNAPSHOT/maven-metadata.xml
[WARNING] Could not transfer metadata org.mongodb:mongo-java-driver-core:3.0.0-test-SNAPSHOT/maven-metadata.xml from/to codehaus-snapshots (https://nexus.codehaus.org/snapshots/): nexus.codehaus.org
[WARNING] Failure to transfer org.mongodb:mongo-java-driver-core:3.0.0-test-SNAPSHOT/maven-metadata.xml from https://nexus.codehaus.org/snapshots/ was cached in the local repository, resolution will not be reattempted until the update interval of codehaus-snapshots has elapsed or updates are forced. Original error: Could not transfer metadata org.mongodb:mongo-java-driver-core:3.0.0-test-SNAPSHOT/maven-metadata.xml from/to codehaus-snapshots (https://nexus.codehaus.org/snapshots/): nexus.codehaus.org
[INFO] Downloading: https://repository.apache.org/snapshots/org/mongodb/mongo-java-driver/3.0.5-SNAPSHOT/maven-metadata.xml
[INFO] Downloading: https://nexus.codehaus.org/snapshots/org/mongodb/mongo-java-driver/3.0.5-SNAPSHOT/maven-metadata.xml
[WARNING] Could not transfer metadata org.mongodb:mongo-java-driver:3.0.5-SNAPSHOT/maven-metadata.xml from/to codehaus-snapshots (https://nexus.codehaus.org/snapshots/): nexus.codehaus.org
[WARNING] Failure to transfer org.mongodb:mongo-java-driver:3.0.5-SNAPSHOT/maven-metadata.xml from https://nexus.codehaus.org/snapshots/ was cached in the local repository, resolution will not be reattempted until the update interval of codehaus-snapshots has elapsed or updates are forced. Original error: Could not transfer metadata org.mongodb:mongo-java-driver:3.0.5-SNAPSHOT/maven-metadata.xml from/to codehaus-snapshots (https://nexus.codehaus.org/snapshots/): nexus.codehaus.org
[INFO] Downloading: https://repository.apache.org/snapshots/org/mongodb/mongo-java-driver/3.3.1-SNAPSHOT/maven-metadata.xml
[INFO] Downloading: https://nexus.codehaus.org/snapshots/org/mongodb/mongo-java-driver/3.3.1-SNAPSHOT/maven-metadata.xml
[WARNING] Could not transfer metadata org.mongodb:mongo-java-driver:3.3.1-SNAPSHOT/maven-metadata.xml from/to codehaus-snapshots (https://nexus.codehaus.org/snapshots/): nexus.codehaus.org
[WARNING] Failure to transfer org.mongodb:mongo-java-driver:3.3.1-SNAPSHOT/maven-metadata.xml from https://nexus.codehaus.org/snapshots/ was cached in the local repository, resolution will not be reattempted until the update interval of codehaus-snapshots has elapsed or updates are forced. Original error: Could not transfer metadata org.mongodb:mongo-java-driver:3.3.1-SNAPSHOT/maven-metadata.xml from/to codehaus-snapshots (https://nexus.codehaus.org/snapshots/): nexus.codehaus.org
[INFO] Downloading: https://nexus.codehaus.org/snapshots/org/mongodb/mongo-java-driver/3.4.0-SNAPSHOT/maven-metadata.xml
[INFO] Downloading: https://repository.apache.org/snapshots/org/mongodb/mongo-java-driver/3.4.0-SNAPSHOT/maven-metadata.xml
[WARNING] Could not transfer metadata org.mongodb:mongo-java-driver:3.4.0-SNAPSHOT/maven-metadata.xml from/to codehaus-snapshots (https://nexus.codehaus.org/snapshots/): nexus.codehaus.org
[WARNING] Failure to transfer org.mongodb:mongo-java-driver:3.4.0-SNAPSHOT/maven-metadata.xml from https://nexus.codehaus.org/snapshots/ was cached in the local repository, resolution will not be reattempted until the update interval of codehaus-snapshots has elapsed or updates are forced. Original error: Could not transfer metadata org.mongodb:mongo-java-driver:3.4.0-SNAPSHOT/maven-metadata.xml from/to codehaus-snapshots (https://nexus.codehaus.org/snapshots/): nexus.codehaus.org
[INFO] 
[INFO] --- maven-source-plugin:2.2:jar (attach-sources) @ morphia-parent ---
[INFO] 
[INFO] --- maven-javadoc-plugin:2.7:jar (default) @ morphia-parent ---
[INFO] Skipping javadoc generation
[INFO] 
[INFO] --- maven-install-plugin:2.4:install (default-install) @ morphia-parent ---
[INFO] Installing /home/travis/build/jmkgreen/morphia/pom.xml to /home/travis/.m2/repository/com/github/jmkgreen/morphia/morphia-parent/1.2/morphia-parent-1.2.pom
[INFO]                                                                         
[INFO] ------------------------------------------------------------------------
[INFO] Building morphia 0.100.0-SNAPSHOT
[INFO] ------------------------------------------------------------------------
[INFO] Downloading: https://oss.sonatype.org/content/repositories/releases/cglib/cglib-nodep/maven-metadata.xml
[INFO] Downloading: https://repository.apache.org/releases/cglib/cglib-nodep/maven-metadata.xml
[INFO] Downloading: https://repository.apache.org/snapshots/cglib/cglib-nodep/maven-metadata.xml
[INFO] Downloading: https://nexus.codehaus.org/snapshots/cglib/cglib-nodep/maven-metadata.xml
[INFO] Downloaded: https://oss.sonatype.org/content/repositories/releases/cglib/cglib-nodep/maven-metadata.xml (683 B at 1.6 KB/sec)
[WARNING] Could not transfer metadata cglib:cglib-nodep/maven-metadata.xml from/to codehaus-snapshots (https://nexus.codehaus.org/snapshots/): nexus.codehaus.org
[WARNING] Failure to transfer org.mongodb:mongo-java-driver/maven-metadata.xml from https://nexus.codehaus.org/snapshots/ was cached in the local repository, resolution will not be reattempted until the update interval of codehaus-snapshots has elapsed or updates are forced. Original error: Could not transfer metadata org.mongodb:mongo-java-driver/maven-metadata.xml from/to codehaus-snapshots (https://nexus.codehaus.org/snapshots/): nexus.codehaus.org: Name or service not known
[INFO] 
[INFO] --- maven-resources-plugin:2.5:resources (default-resources) @ morphia ---
[debug] execute contextualize
[INFO] Using 'UTF-8' encoding to copy filtered resources.
[INFO] Copying 1 resource
[INFO] 
[INFO] --- maven-compiler-plugin:2.5.1:compile (default-compile) @ morphia ---
[INFO] Compiling 144 source files to /home/travis/build/jmkgreen/morphia/morphia/target/classes
[INFO] -------------------------------------------------------------
[ERROR] COMPILATION ERROR : 
[INFO] -------------------------------------------------------------
[ERROR] /home/travis/build/jmkgreen/morphia/morphia/src/main/java/com/github/jmkgreen/morphia/mapping/DefaultMapper.java:[577,29] error: cannot find symbol
[ERROR]   symbol:   method getRef()
  location: variable ref of type DBRef
/home/travis/build/jmkgreen/morphia/morphia/src/main/java/com/github/jmkgreen/morphia/query/UpdateResults.java:[13,11] error: cannot find symbol
[ERROR]   symbol:   method getLastError()
  location: variable wr of type WriteResult
/home/travis/build/jmkgreen/morphia/morphia/src/main/java/com/github/jmkgreen/morphia/query/UpdateResults.java:[23,11] error: cannot find symbol
[ERROR]   symbol:   method getLastError()
  location: variable wr of type WriteResult
/home/travis/build/jmkgreen/morphia/morphia/src/main/java/com/github/jmkgreen/morphia/query/UpdateResults.java:[23,73] error: cannot find symbol
[ERROR]   symbol:   method getLastError()
  location: variable wr of type WriteResult
/home/travis/build/jmkgreen/morphia/morphia/src/main/java/com/github/jmkgreen/morphia/query/UpdateResults.java:[33,11] error: cannot find symbol
[ERROR]   symbol:   method getLastError()
  location: variable wr of type WriteResult
/home/travis/build/jmkgreen/morphia/morphia/src/main/java/com/github/jmkgreen/morphia/query/UpdateResults.java:[33,59] error: cannot find symbol
[ERROR]   symbol:   method getLastError()
  location: variable wr of type WriteResult
/home/travis/build/jmkgreen/morphia/morphia/src/main/java/com/github/jmkgreen/morphia/query/UpdateResults.java:[43,38] error: cannot find symbol
[ERROR]   symbol:   method getLastError()
  location: variable wr of type WriteResult
/home/travis/build/jmkgreen/morphia/morphia/src/main/java/com/github/jmkgreen/morphia/query/UpdateResults.java:[43,84] error: cannot find symbol
[ERROR]   symbol:   method getLastError()
  location: variable wr of type WriteResult
/home/travis/build/jmkgreen/morphia/morphia/src/main/java/com/github/jmkgreen/morphia/query/QueryImpl.java:[62,117] error: SECONDARY has private access in ReadPreference
[ERROR] /home/travis/build/jmkgreen/morphia/morphia/src/main/java/com/github/jmkgreen/morphia/query/QueryImpl.java:[527,27] error: SECONDARY has private access in ReadPreference
[ERROR] /home/travis/build/jmkgreen/morphia/morphia/src/main/java/com/github/jmkgreen/morphia/query/QueryImpl.java:[532,27] error: PRIMARY has private access in ReadPreference
[ERROR] /home/travis/build/jmkgreen/morphia/morphia/src/main/java/com/github/jmkgreen/morphia/DatastoreImpl.java:[56,24] error: cannot find symbol
[ERROR] 
  location: variable db of type DB
/home/travis/build/jmkgreen/morphia/morphia/src/main/java/com/github/jmkgreen/morphia/DatastoreImpl.java:[73,15] error: no suitable constructor found for DBRef(DB,String,V)
[ERROR]     constructor DBRef.DBRef(String,String,Object) is not applicable
      (actual argument DB cannot be converted to String by method invocation conversion)
    constructor DBRef.DBRef(String,Object) is not applicable
      (actual and formal argument lists differ in length)
  where V,T are type-variables:
    V extends Object declared in method <T,V>createRef(Class<T>,V)
    T extends Object declared in method <T,V>createRef(Class<T>,V)
/home/travis/build/jmkgreen/morphia/morphia/src/main/java/com/github/jmkgreen/morphia/DatastoreImpl.java:[205,18] error: cannot find symbol
[ERROR]   symbol:   method ensureIndex(BasicDBObject)
  location: variable dbColl of type DBCollection
/home/travis/build/jmkgreen/morphia/morphia/src/main/java/com/github/jmkgreen/morphia/DatastoreImpl.java:[208,18] error: cannot find symbol
[ERROR]   symbol:   method ensureIndex(BasicDBObject,BasicDBObject)
  location: variable dbColl of type DBCollection
/home/travis/build/jmkgreen/morphia/morphia/src/main/java/com/github/jmkgreen/morphia/DatastoreImpl.java:[404,47] error: cannot find symbol
[ERROR]   symbol:   method fetch()
  location: variable ref of type DBRef
/home/travis/build/jmkgreen/morphia/morphia/src/main/java/com/github/jmkgreen/morphia/DatastoreImpl.java:[420,39] error: cannot find symbol
[ERROR]   symbol:   method getRef()
  location: variable ref of type DBRef
/home/travis/build/jmkgreen/morphia/morphia/src/main/java/com/github/jmkgreen/morphia/DatastoreImpl.java:[421,31] error: cannot find symbol
[ERROR]   symbol:   method getRef()
  location: variable ref of type DBRef
/home/travis/build/jmkgreen/morphia/morphia/src/main/java/com/github/jmkgreen/morphia/DatastoreImpl.java:[423,31] error: cannot find symbol
[ERROR]   symbol:   method getRef()
  location: variable ref of type DBRef
/home/travis/build/jmkgreen/morphia/morphia/src/main/java/com/github/jmkgreen/morphia/DatastoreImpl.java:[778,28] error: cannot find symbol
[ERROR]   symbol:   method getLastConcern()
  location: variable wr of type WriteResult
/home/travis/build/jmkgreen/morphia/morphia/src/main/java/com/github/jmkgreen/morphia/DatastoreImpl.java:[779,33] error: cannot find symbol
[ERROR]   symbol:   method getLastError()
  location: variable wr of type WriteResult
/home/travis/build/jmkgreen/morphia/morphia/src/main/java/com/github/jmkgreen/morphia/DatastoreImpl.java:[869,48] error: cannot find symbol
[ERROR]   symbol:   method getCachedLastError()
  location: class WriteResult
/home/travis/build/jmkgreen/morphia/morphia/src/main/java/com/github/jmkgreen/morphia/DatastoreImpl.java:[911,30] error: cannot find symbol
[ERROR]   symbol:   method getCachedLastError()
  location: variable wr of type WriteResult
/home/travis/build/jmkgreen/morphia/morphia/src/main/java/com/github/jmkgreen/morphia/DatastoreImpl.java:[1087,97] error: cannot find symbol
[ERROR]   symbol:   method getRaw()
  location: variable mpo of type MapReduceOutput
/home/travis/build/jmkgreen/morphia/morphia/src/main/java/com/github/jmkgreen/morphia/mapping/ReferenceMapper.java:[267,36] error: cannot find symbol
[ERROR]   symbol:   method getRef()
  location: variable dbRef of type DBRef
/home/travis/build/jmkgreen/morphia/morphia/src/main/java/com/github/jmkgreen/morphia/mapping/ReferenceMapper.java:[269,94] error: cannot find symbol
[ERROR]   symbol:   method getRef()
  location: variable dbRef of type DBRef
/home/travis/build/jmkgreen/morphia/morphia/src/main/java/com/github/jmkgreen/morphia/mapping/ReferenceMapper.java:[271,34] error: cannot find symbol
[ERROR]   symbol:   method getRef()
  location: variable dbRef of type DBRef
/home/travis/build/jmkgreen/morphia/morphia/src/main/java/com/github/jmkgreen/morphia/mapping/ReferenceMapper.java:[288,41] error: cannot find symbol
[INFO] 28 errors 
[INFO] -------------------------------------------------------------
[INFO] ------------------------------------------------------------------------
[INFO] Reactor Summary:
[INFO] 
[INFO] Morphia Build ...................................... SUCCESS [  8.737 s]
[INFO] morphia ............................................ FAILURE [  3.209 s]
[INFO] morphia-no-proxy-deps .............................. SKIPPED
[INFO] JSR303 Validation .................................. SKIPPED
[INFO] Logging via SLF4J .................................. SKIPPED
[INFO] JRebel Plugin ...................................... SKIPPED
[INFO] Guice Plugin ....................................... SKIPPED
[INFO] EntityScanner Plugin ............................... SKIPPED
[INFO] ------------------------------------------------------------------------
[INFO] BUILD FAILURE
[INFO] ------------------------------------------------------------------------
[INFO] Total time: 12.345 s
[INFO] Finished at: 2016-11-16T00:56:53+00:00
[INFO] Final Memory: 25M/178M
[INFO] ------------------------------------------------------------------------
[ERROR] Failed to execute goal org.apache.maven.plugins:maven-compiler-plugin:2.5.1:compile (default-compile) on project morphia: Compilation failure: Compilation failure:
[ERROR] /home/travis/build/jmkgreen/morphia/morphia/src/main/java/com/github/jmkgreen/morphia/mapping/DefaultMapper.java:[577,29] error: cannot find symbol
[ERROR] symbol:   method getRef()
[ERROR] location: variable ref of type DBRef
[ERROR] /home/travis/build/jmkgreen/morphia/morphia/src/main/java/com/github/jmkgreen/morphia/query/UpdateResults.java:[13,11] error: cannot find symbol
[ERROR] symbol:   method getLastError()
[ERROR] location: variable wr of type WriteResult
[ERROR] /home/travis/build/jmkgreen/morphia/morphia/src/main/java/com/github/jmkgreen/morphia/query/UpdateResults.java:[23,11] error: cannot find symbol
[ERROR] symbol:   method getLastError()
[ERROR] location: variable wr of type WriteResult
[ERROR] /home/travis/build/jmkgreen/morphia/morphia/src/main/java/com/github/jmkgreen/morphia/query/UpdateResults.java:[23,73] error: cannot find symbol
[ERROR] symbol:   method getLastError()
[ERROR] location: variable wr of type WriteResult
[ERROR] /home/travis/build/jmkgreen/morphia/morphia/src/main/java/com/github/jmkgreen/morphia/query/UpdateResults.java:[33,11] error: cannot find symbol
[ERROR] symbol:   method getLastError()
[ERROR] location: variable wr of type WriteResult
[ERROR] /home/travis/build/jmkgreen/morphia/morphia/src/main/java/com/github/jmkgreen/morphia/query/UpdateResults.java:[33,59] error: cannot find symbol
[ERROR] symbol:   method getLastError()
[ERROR] location: variable wr of type WriteResult
[ERROR] /home/travis/build/jmkgreen/morphia/morphia/src/main/java/com/github/jmkgreen/morphia/query/UpdateResults.java:[43,38] error: cannot find symbol
[ERROR] symbol:   method getLastError()
[ERROR] location: variable wr of type WriteResult
[ERROR] /home/travis/build/jmkgreen/morphia/morphia/src/main/java/com/github/jmkgreen/morphia/query/UpdateResults.java:[43,84] error: cannot find symbol
[ERROR] symbol:   method getLastError()
[ERROR] location: variable wr of type WriteResult
[ERROR] /home/travis/build/jmkgreen/morphia/morphia/src/main/java/com/github/jmkgreen/morphia/query/QueryImpl.java:[62,117] error: SECONDARY has private access in ReadPreference
[ERROR] /home/travis/build/jmkgreen/morphia/morphia/src/main/java/com/github/jmkgreen/morphia/query/QueryImpl.java:[527,27] error: SECONDARY has private access in ReadPreference
[ERROR] /home/travis/build/jmkgreen/morphia/morphia/src/main/java/com/github/jmkgreen/morphia/query/QueryImpl.java:[532,27] error: PRIMARY has private access in ReadPreference
[ERROR] /home/travis/build/jmkgreen/morphia/morphia/src/main/java/com/github/jmkgreen/morphia/DatastoreImpl.java:[56,24] error: cannot find symbol
[ERROR] 
[ERROR] location: variable db of type DB
[ERROR] /home/travis/build/jmkgreen/morphia/morphia/src/main/java/com/github/jmkgreen/morphia/DatastoreImpl.java:[73,15] error: no suitable constructor found for DBRef(DB,String,V)
[ERROR] constructor DBRef.DBRef(String,String,Object) is not applicable
[ERROR] (actual argument DB cannot be converted to String by method invocation conversion)
[ERROR] constructor DBRef.DBRef(String,Object) is not applicable
[ERROR] (actual and formal argument lists differ in length)
[ERROR] where V,T are type-variables:
[ERROR] V extends Object declared in method <T,V>createRef(Class<T>,V)
[ERROR] T extends Object declared in method <T,V>createRef(Class<T>,V)
[ERROR] /home/travis/build/jmkgreen/morphia/morphia/src/main/java/com/github/jmkgreen/morphia/DatastoreImpl.java:[205,18] error: cannot find symbol
[ERROR] symbol:   method ensureIndex(BasicDBObject)
[ERROR] location: variable dbColl of type DBCollection
[ERROR] /home/travis/build/jmkgreen/morphia/morphia/src/main/java/com/github/jmkgreen/morphia/DatastoreImpl.java:[208,18] error: cannot find symbol
[ERROR] symbol:   method ensureIndex(BasicDBObject,BasicDBObject)
[ERROR] location: variable dbColl of type DBCollection
[ERROR] /home/travis/build/jmkgreen/morphia/morphia/src/main/java/com/github/jmkgreen/morphia/DatastoreImpl.java:[404,47] error: cannot find symbol
[ERROR] symbol:   method fetch()
[ERROR] location: variable ref of type DBRef
[ERROR] /home/travis/build/jmkgreen/morphia/morphia/src/main/java/com/github/jmkgreen/morphia/DatastoreImpl.java:[420,39] error: cannot find symbol
[ERROR] symbol:   method getRef()
[ERROR] location: variable ref of type DBRef
[ERROR] /home/travis/build/jmkgreen/morphia/morphia/src/main/java/com/github/jmkgreen/morphia/DatastoreImpl.java:[421,31] error: cannot find symbol
[ERROR] symbol:   method getRef()
[ERROR] location: variable ref of type DBRef
[ERROR] /home/travis/build/jmkgreen/morphia/morphia/src/main/java/com/github/jmkgreen/morphia/DatastoreImpl.java:[423,31] error: cannot find symbol
[ERROR] symbol:   method getRef()
[ERROR] location: variable ref of type DBRef
[ERROR] /home/travis/build/jmkgreen/morphia/morphia/src/main/java/com/github/jmkgreen/morphia/DatastoreImpl.java:[778,28] error: cannot find symbol
[ERROR] symbol:   method getLastConcern()
[ERROR] location: variable wr of type WriteResult
[ERROR] /home/travis/build/jmkgreen/morphia/morphia/src/main/java/com/github/jmkgreen/morphia/DatastoreImpl.java:[779,33] error: cannot find symbol
[ERROR] symbol:   method getLastError()
[ERROR] location: variable wr of type WriteResult
[ERROR] /home/travis/build/jmkgreen/morphia/morphia/src/main/java/com/github/jmkgreen/morphia/DatastoreImpl.java:[869,48] error: cannot find symbol
[ERROR] symbol:   method getCachedLastError()
[ERROR] location: class WriteResult
[ERROR] /home/travis/build/jmkgreen/morphia/morphia/src/main/java/com/github/jmkgreen/morphia/DatastoreImpl.java:[911,30] error: cannot find symbol
[ERROR] symbol:   method getCachedLastError()
[ERROR] location: variable wr of type WriteResult
[ERROR] /home/travis/build/jmkgreen/morphia/morphia/src/main/java/com/github/jmkgreen/morphia/DatastoreImpl.java:[1087,97] error: cannot find symbol
[ERROR] symbol:   method getRaw()
[ERROR] location: variable mpo of type MapReduceOutput
[ERROR] /home/travis/build/jmkgreen/morphia/morphia/src/main/java/com/github/jmkgreen/morphia/mapping/ReferenceMapper.java:[267,36] error: cannot find symbol
[ERROR] symbol:   method getRef()
[ERROR] location: variable dbRef of type DBRef
[ERROR] /home/travis/build/jmkgreen/morphia/morphia/src/main/java/com/github/jmkgreen/morphia/mapping/ReferenceMapper.java:[269,94] error: cannot find symbol
[ERROR] symbol:   method getRef()
[ERROR] location: variable dbRef of type DBRef
[ERROR] /home/travis/build/jmkgreen/morphia/morphia/src/main/java/com/github/jmkgreen/morphia/mapping/ReferenceMapper.java:[271,34] error: cannot find symbol
[ERROR] symbol:   method getRef()
[ERROR] location: variable dbRef of type DBRef
[ERROR] /home/travis/build/jmkgreen/morphia/morphia/src/main/java/com/github/jmkgreen/morphia/mapping/ReferenceMapper.java:[288,41] error: cannot find symbol
[ERROR] -> [Help 1]
[ERROR] 
[ERROR] To see the full stack trace of the errors, re-run Maven with the -e switch.
[ERROR] Re-run Maven using the -X switch to enable full debug logging.
[ERROR] 
[ERROR] For more information about the errors and possible solutions, please read the following articles:
[ERROR] [Help 1] http://cwiki.apache.org/confluence/display/MAVEN/MojoFailureException
[ERROR] 
[ERROR] After correcting the problems, you can resume the build with the command
[ERROR]   mvn <goals> -rf :morphia

[31;1mThe command "eval mvn install -DskipTests=true -Dmaven.javadoc.skip=true -B -V" failed 3 times.[0m


travis_time:end:103d2998:start=1479257727145464715,finish=1479257814767431240,duration=87621966525[0K
[31;1mThe command "mvn install -DskipTests=true -Dmaven.javadoc.skip=true -B -V" failed and exited with 1 during .[0m

Your build has been stopped.
