travis_fold:start:system_info[0K[33;1mBuild system information[0m
Build language: java
Build id: ''
Job id: ''
[34m[1mBuild image provisioning date and time[0m
Thu Feb  5 15:09:33 UTC 2015
[34m[1mOperating System Details[0m
Distributor ID:	Ubuntu
Description:	Ubuntu 12.04.5 LTS
Release:	12.04
Codename:	precise
[34m[1mLinux Version[0m
3.13.0-29-generic
[34m[1mCookbooks Version[0m
a68419e https://github.com/travis-ci/travis-cookbooks/tree/a68419e
[34m[1mGCC version[0m
gcc (Ubuntu/Linaro 4.6.3-1ubuntu5) 4.6.3
Copyright (C) 2011 Free Software Foundation, Inc.
This is free software; see the source for copying conditions.  There is NO
warranty; not even for MERCHANTABILITY or FITNESS FOR A PARTICULAR PURPOSE.

[34m[1mLLVM version[0m
clang version 3.4 (tags/RELEASE_34/final)
Target: x86_64-unknown-linux-gnu
Thread model: posix
[34m[1mPre-installed Ruby versions[0m
ruby-1.9.3-p551
[34m[1mPre-installed Node.js versions[0m
v0.10.36
[34m[1mPre-installed Go versions[0m
1.4.1
[34m[1mRedis version[0m
redis-server 2.8.19
[34m[1mriak version[0m
2.0.2
[34m[1mMongoDB version[0m
MongoDB 2.4.12
[34m[1mCouchDB version[0m
couchdb 1.6.1
[34m[1mNeo4j version[0m
1.9.4
[34m[1mRabbitMQ Version[0m
3.4.3
[34m[1mElasticSearch version[0m
1.4.0
[34m[1mInstalled Sphinx versions[0m
2.0.10
2.1.9
2.2.6
[34m[1mDefault Sphinx version[0m
2.2.6
[34m[1mInstalled Firefox version[0m
firefox 31.0esr
[34m[1mPhantomJS version[0m
1.9.8
[34m[1mant -version[0m
Apache Ant(TM) version 1.8.2 compiled on December 3 2011
[34m[1mmvn -version[0m
Apache Maven 3.2.5 (12a6b3acb947671f09b81f49094c53f426d8cea1; 2014-12-14T17:29:23+00:00)
Maven home: /usr/local/maven
Java version: 1.7.0_76, vendor: Oracle Corporation
Java home: /usr/lib/jvm/java-7-oracle/jre
Default locale: en_US, platform encoding: ANSI_X3.4-1968
OS name: "linux", version: "3.13.0-29-generic", arch: "amd64", family: "unix"
travis_fold:end:system_info[0K
sed: cannot rename /etc/hosts: Device or resource busy
sed: cannot rename /etc/hosts: Device or resource busy
$ cd passy/Android-DirectoryChooser
$ export TERM=dumb
$ java -Xmx32m -version
java version "1.7.0_76"
Java(TM) SE Runtime Environment (build 1.7.0_76-b13)
Java HotSpot(TM) 64-Bit Server VM (build 24.76-b04, mixed mode)
$ javac -J-Xmx32m -version
javac 1.7.0_76
travis_fold:start:install[0Ktravis_time:start:0dc6a400[0K$ gradle assemble
Download https://repo1.maven.org/maven2/com/android/tools/build/gradle/0.5.7/gradle-0.5.7.pom
Download https://repo1.maven.org/maven2/com/android/tools/lint/lint/22.2.0/lint-22.2.0.pom
Download https://repo1.maven.org/maven2/com/android/tools/build/builder/0.5.7/builder-0.5.7.pom
Download https://repo1.maven.org/maven2/net/sf/proguard/proguard-gradle/4.9/proguard-gradle-4.9.pom
Download https://repo1.maven.org/maven2/net/sf/proguard/proguard-parent/4.9/proguard-parent-4.9.pom
Download https://repo1.maven.org/maven2/com/android/tools/lint/lint-checks/22.2.0/lint-checks-22.2.0.pom
Download https://repo1.maven.org/maven2/com/android/tools/build/manifest-merger/22.2.0/manifest-merger-22.2.0.pom
Download https://repo1.maven.org/maven2/com/android/tools/build/builder-test-api/0.5.7/builder-test-api-0.5.7.pom
Download https://repo1.maven.org/maven2/com/android/tools/build/builder-model/0.5.7/builder-model-0.5.7.pom
Download https://repo1.maven.org/maven2/com/android/tools/sdklib/22.2.0/sdklib-22.2.0.pom
Download https://repo1.maven.org/maven2/com/android/tools/ddms/ddmlib/22.2.0/ddmlib-22.2.0.pom
Download https://repo1.maven.org/maven2/org/bouncycastle/bcpkix-jdk15on/1.48/bcpkix-jdk15on-1.48.pom
Download https://repo1.maven.org/maven2/com/android/tools/sdk-common/22.2.0/sdk-common-22.2.0.pom
Download https://repo1.maven.org/maven2/net/sf/proguard/proguard-base/4.9/proguard-base-4.9.pom
Download https://repo1.maven.org/maven2/com/android/tools/lint/lint-api/22.2.0/lint-api-22.2.0.pom
Download https://repo1.maven.org/maven2/org/ow2/asm/asm-analysis/4.0/asm-analysis-4.0.pom
Download https://repo1.maven.org/maven2/org/ow2/asm/asm-parent/4.0/asm-parent-4.0.pom
Download https://repo1.maven.org/maven2/org/ow2/ow2/1.3/ow2-1.3.pom
Download https://repo1.maven.org/maven2/com/android/tools/common/22.2.0/common-22.2.0.pom
Download https://repo1.maven.org/maven2/kxml2/kxml2/2.3.0/kxml2-2.3.0.pom
Download https://repo1.maven.org/maven2/com/android/tools/layoutlib/layoutlib-api/22.2.0/layoutlib-api-22.2.0.pom
Download https://repo1.maven.org/maven2/com/android/tools/dvlib/22.2.0/dvlib-22.2.0.pom
Download https://repo1.maven.org/maven2/org/apache/httpcomponents/httpclient/4.1.1/httpclient-4.1.1.pom
Download https://repo1.maven.org/maven2/org/apache/httpcomponents/httpcomponents-client/4.1.1/httpcomponents-client-4.1.1.pom
Download https://repo1.maven.org/maven2/org/apache/httpcomponents/project/4.1.1/project-4.1.1.pom
Download https://repo1.maven.org/maven2/org/apache/httpcomponents/httpmime/4.1/httpmime-4.1.pom
Download https://repo1.maven.org/maven2/org/apache/httpcomponents/httpcomponents-client/4.1/httpcomponents-client-4.1.pom
Download https://repo1.maven.org/maven2/org/apache/commons/commons-compress/1.0/commons-compress-1.0.pom
Download https://repo1.maven.org/maven2/org/apache/commons/commons-parent/11/commons-parent-11.pom
Download https://repo1.maven.org/maven2/org/apache/apache/4/apache-4.pom
Download https://repo1.maven.org/maven2/net/sf/kxml/kxml2/2.3.0/kxml2-2.3.0.pom
Download https://repo1.maven.org/maven2/org/bouncycastle/bcprov-jdk15on/1.48/bcprov-jdk15on-1.48.pom
Download https://repo1.maven.org/maven2/org/ow2/asm/asm/4.0/asm-4.0.pom
Download https://repo1.maven.org/maven2/com/android/tools/external/lombok/lombok-ast/0.2.1/lombok-ast-0.2.1.pom
Download https://repo1.maven.org/maven2/org/ow2/asm/asm-tree/4.0/asm-tree-4.0.pom
Download https://repo1.maven.org/maven2/com/google/guava/guava/13.0.1/guava-13.0.1.pom
Download https://repo1.maven.org/maven2/com/google/guava/guava-parent/13.0.1/guava-parent-13.0.1.pom
Download https://repo1.maven.org/maven2/org/sonatype/oss/oss-parent/7/oss-parent-7.pom
Download https://repo1.maven.org/maven2/org/apache/httpcomponents/httpcore/4.1/httpcore-4.1.pom
Download https://repo1.maven.org/maven2/org/apache/httpcomponents/httpcomponents-core/4.1/httpcomponents-core-4.1.pom
Download https://repo1.maven.org/maven2/commons-logging/commons-logging/1.1.1/commons-logging-1.1.1.pom
Download https://repo1.maven.org/maven2/org/apache/commons/commons-parent/5/commons-parent-5.pom
Download https://repo1.maven.org/maven2/commons-codec/commons-codec/1.4/commons-codec-1.4.pom
Download https://repo1.maven.org/maven2/com/android/tools/build/gradle/0.5.7/gradle-0.5.7.jar
Download https://repo1.maven.org/maven2/com/android/tools/lint/lint/22.2.0/lint-22.2.0.jar
Download https://repo1.maven.org/maven2/com/android/tools/build/builder/0.5.7/builder-0.5.7.jar
Download https://repo1.maven.org/maven2/net/sf/proguard/proguard-gradle/4.9/proguard-gradle-4.9.jar
Download https://repo1.maven.org/maven2/com/android/tools/lint/lint-checks/22.2.0/lint-checks-22.2.0.jar
Download https://repo1.maven.org/maven2/com/android/tools/build/manifest-merger/22.2.0/manifest-merger-22.2.0.jar
Download https://repo1.maven.org/maven2/com/android/tools/build/builder-test-api/0.5.7/builder-test-api-0.5.7.jar
Download https://repo1.maven.org/maven2/com/android/tools/build/builder-model/0.5.7/builder-model-0.5.7.jar
Download https://repo1.maven.org/maven2/com/android/tools/sdklib/22.2.0/sdklib-22.2.0.jar
Download https://repo1.maven.org/maven2/com/android/tools/ddms/ddmlib/22.2.0/ddmlib-22.2.0.jar
Download https://repo1.maven.org/maven2/org/bouncycastle/bcpkix-jdk15on/1.48/bcpkix-jdk15on-1.48.jar
Download https://repo1.maven.org/maven2/com/android/tools/sdk-common/22.2.0/sdk-common-22.2.0.jar
Download https://repo1.maven.org/maven2/net/sf/proguard/proguard-base/4.9/proguard-base-4.9.jar
Download https://repo1.maven.org/maven2/com/android/tools/lint/lint-api/22.2.0/lint-api-22.2.0.jar
Download https://repo1.maven.org/maven2/org/ow2/asm/asm-analysis/4.0/asm-analysis-4.0.jar
Download https://repo1.maven.org/maven2/com/android/tools/common/22.2.0/common-22.2.0.jar
Download https://repo1.maven.org/maven2/com/android/tools/layoutlib/layoutlib-api/22.2.0/layoutlib-api-22.2.0.jar
Download https://repo1.maven.org/maven2/com/android/tools/dvlib/22.2.0/dvlib-22.2.0.jar
Download https://repo1.maven.org/maven2/org/apache/httpcomponents/httpclient/4.1.1/httpclient-4.1.1.jar
Download https://repo1.maven.org/maven2/org/apache/httpcomponents/httpmime/4.1/httpmime-4.1.jar
Download https://repo1.maven.org/maven2/org/apache/commons/commons-compress/1.0/commons-compress-1.0.jar
Download https://repo1.maven.org/maven2/net/sf/kxml/kxml2/2.3.0/kxml2-2.3.0.jar
Download https://repo1.maven.org/maven2/org/bouncycastle/bcprov-jdk15on/1.48/bcprov-jdk15on-1.48.jar
Download https://repo1.maven.org/maven2/org/ow2/asm/asm/4.0/asm-4.0.jar
Download https://repo1.maven.org/maven2/com/android/tools/external/lombok/lombok-ast/0.2.1/lombok-ast-0.2.1.jar
Download https://repo1.maven.org/maven2/org/ow2/asm/asm-tree/4.0/asm-tree-4.0.jar
Download https://repo1.maven.org/maven2/com/google/guava/guava/13.0.1/guava-13.0.1.jar
Download https://repo1.maven.org/maven2/org/apache/httpcomponents/httpcore/4.1/httpcore-4.1.jar
Download https://repo1.maven.org/maven2/commons-logging/commons-logging/1.1.1/commons-logging-1.1.1.jar
Download https://repo1.maven.org/maven2/commons-codec/commons-codec/1.4/commons-codec-1.4.jar

FAILURE: Build failed with an exception.

* Where:
Build file '/home/travis/build/passy/Android-DirectoryChooser/build.gradle' line: 19

* What went wrong:
A problem occurred evaluating root project 'Android-DirectoryChooser'.
> Could not find property 'Compile' on root project 'Android-DirectoryChooser'.

* Try:
Run with --stacktrace option to get the stack trace. Run with --info or --debug option to get more log output.

BUILD FAILED

Total time: 14.926 secs

[31;1mThe command "eval gradle assemble" failed. Retrying, 2 of 3.[0m


FAILURE: Build failed with an exception.

* Where:
Build file '/home/travis/build/passy/Android-DirectoryChooser/build.gradle' line: 19

* What went wrong:
A problem occurred evaluating root project 'Android-DirectoryChooser'.
> Could not find property 'Compile' on root project 'Android-DirectoryChooser'.

* Try:
Run with --stacktrace option to get the stack trace. Run with --info or --debug option to get more log output.

BUILD FAILED

Total time: 3.91 secs

[31;1mThe command "eval gradle assemble" failed. Retrying, 3 of 3.[0m


FAILURE: Build failed with an exception.

* Where:
Build file '/home/travis/build/passy/Android-DirectoryChooser/build.gradle' line: 19

* What went wrong:
A problem occurred evaluating root project 'Android-DirectoryChooser'.
> Could not find property 'Compile' on root project 'Android-DirectoryChooser'.

* Try:
Run with --stacktrace option to get the stack trace. Run with --info or --debug option to get more log output.

BUILD FAILED

Total time: 3.632 secs

[31;1mThe command "eval gradle assemble" failed 3 times.[0m


travis_time:end:0dc6a400:start=1479234339606558237,finish=1479234366528298076,duration=26921739839[0K
[31;1mThe command "gradle assemble" failed and exited with 1 during .[0m

Your build has been stopped.
