travis_fold:start:system_info[0K[33;1mBuild system information[0m
Build language: java
Build id: ''
Job id: ''
[34m[1mBuild image provisioning date and time[0m
Thu Feb  5 15:09:33 UTC 2015
[34m[1mOperating System Details[0m
Distributor ID:	Ubuntu
Description:	Ubuntu 12.04.5 LTS
Release:	12.04
Codename:	precise
[34m[1mLinux Version[0m
3.13.0-29-generic
[34m[1mCookbooks Version[0m
a68419e https://github.com/travis-ci/travis-cookbooks/tree/a68419e
[34m[1mGCC version[0m
gcc (Ubuntu/Linaro 4.6.3-1ubuntu5) 4.6.3
Copyright (C) 2011 Free Software Foundation, Inc.
This is free software; see the source for copying conditions.  There is NO
warranty; not even for MERCHANTABILITY or FITNESS FOR A PARTICULAR PURPOSE.

[34m[1mLLVM version[0m
clang version 3.4 (tags/RELEASE_34/final)
Target: x86_64-unknown-linux-gnu
Thread model: posix
[34m[1mPre-installed Ruby versions[0m
ruby-1.9.3-p551
[34m[1mPre-installed Node.js versions[0m
v0.10.36
[34m[1mPre-installed Go versions[0m
1.4.1
[34m[1mRedis version[0m
redis-server 2.8.19
[34m[1mriak version[0m
2.0.2
[34m[1mMongoDB version[0m
MongoDB 2.4.12
[34m[1mCouchDB version[0m
couchdb 1.6.1
[34m[1mNeo4j version[0m
1.9.4
[34m[1mRabbitMQ Version[0m
3.4.3
[34m[1mElasticSearch version[0m
1.4.0
[34m[1mInstalled Sphinx versions[0m
2.0.10
2.1.9
2.2.6
[34m[1mDefault Sphinx version[0m
2.2.6
[34m[1mInstalled Firefox version[0m
firefox 31.0esr
[34m[1mPhantomJS version[0m
1.9.8
[34m[1mant -version[0m
Apache Ant(TM) version 1.8.2 compiled on December 3 2011
[34m[1mmvn -version[0m
Apache Maven 3.2.5 (12a6b3acb947671f09b81f49094c53f426d8cea1; 2014-12-14T17:29:23+00:00)
Maven home: /usr/local/maven
Java version: 1.7.0_76, vendor: Oracle Corporation
Java home: /usr/lib/jvm/java-7-oracle/jre
Default locale: en_US, platform encoding: ANSI_X3.4-1968
OS name: "linux", version: "3.13.0-29-generic", arch: "amd64", family: "unix"
travis_fold:end:system_info[0K
sed: cannot rename /etc/hosts: Device or resource busy
sed: cannot rename /etc/hosts: Device or resource busy
$ cd caelum/tubaina
$ jdk_switcher use oraclejdk7
Switching to Oracle JDK7 (java-7-oracle), JAVA_HOME will be set to /usr/lib/jvm/java-7-oracle
$ export TERM=dumb
$ java -Xmx32m -version
java version "1.7.0_76"
Java(TM) SE Runtime Environment (build 1.7.0_76-b13)
Java HotSpot(TM) 64-Bit Server VM (build 24.76-b04, mixed mode)
$ javac -J-Xmx32m -version
javac 1.7.0_76
travis_fold:start:before_install.1[0Ktravis_time:start:01e8f7c0[0K$ sudo apt-get install python-setuptools
Reading package lists...
Building dependency tree...
Reading state information...
The following NEW packages will be installed:
  python-setuptools
0 upgraded, 1 newly installed, 0 to remove and 9 not upgraded.
Need to get 441 kB of archives.
After this operation, 1,068 kB of additional disk space will be used.
Get:1 http://us.archive.ubuntu.com/ubuntu/ precise/main python-setuptools all 0.6.24-1ubuntu1 [441 kB]
Fetched 441 kB in 0s (747 kB/s)
Selecting previously unselected package python-setuptools.
(Reading database ... 72019 files and directories currently installed.)
Unpacking python-setuptools (from .../python-setuptools_0.6.24-1ubuntu1_all.deb) ...
Setting up python-setuptools (0.6.24-1ubuntu1) ...

travis_time:end:01e8f7c0:start=1479490058904317589,finish=1479490065832858374,duration=6928540785[0Ktravis_fold:end:before_install.1[0Ktravis_fold:start:before_install.2[0Ktravis_time:start:09899478[0K$ sudo easy_install pygments==1.5
/usr/local/lib/python2.7/dist-packages/setuptools-12.0.5-py2.7.egg/pkg_resources/__init__.py:2510: PEP440Warning: 'distribute (0.6.24dev-r0)' is being parsed as a legacy, non PEP 440, version. You may find odd behavior and sort order. In particular it will be sorted as less than 0.0. It is recommend to migrate to PEP 440 compatible versions.
/usr/local/lib/python2.7/dist-packages/setuptools-12.0.5-py2.7.egg/pkg_resources/__init__.py:2510: PEP440Warning: 'python-apt (0.8.3ubuntu7.2)' is being parsed as a legacy, non PEP 440, version. You may find odd behavior and sort order. In particular it will be sorted as less than 0.0. It is recommend to migrate to PEP 440 compatible versions.
Searching for pygments==1.5
Reading https://pypi.python.org/simple/pygments/
Best match: Pygments 1.5
Downloading https://pypi.python.org/packages/44/55/c3418ade629095b68b737d3a740c56b2e6ba808a9072b6c2a9c3fffb4519/Pygments-1.5-py2.7.egg#md5=8ea02c2eafb2580336b7637be629f7ce
Processing Pygments-1.5-py2.7.egg
creating /usr/local/lib/python2.7/dist-packages/Pygments-1.5-py2.7.egg
Extracting Pygments-1.5-py2.7.egg to /usr/local/lib/python2.7/dist-packages
Adding Pygments 1.5 to easy-install.pth file
Installing pygmentize script to /usr/local/bin

Installed /usr/local/lib/python2.7/dist-packages/Pygments-1.5-py2.7.egg
Processing dependencies for pygments==1.5
Finished processing dependencies for pygments==1.5

travis_time:end:09899478:start=1479490065844471796,finish=1479490067151880497,duration=1307408701[0Ktravis_fold:end:before_install.2[0Ktravis_fold:start:install[0Ktravis_time:start:195ef003[0K$ gradle assemble

FAILURE: Build failed with an exception.

* Where:
Build file '/home/travis/build/caelum/tubaina/build.gradle' line: 6

* What went wrong:
A problem occurred evaluating root project 'tubaina'.
> Could not find property 'manifest' on root project 'tubaina'.

* Try:
Run with --stacktrace option to get the stack trace. Run with --info or --debug option to get more log output.

BUILD FAILED

Total time: 4.113 secs

[31;1mThe command "eval gradle assemble" failed. Retrying, 2 of 3.[0m


FAILURE: Build failed with an exception.

* Where:
Build file '/home/travis/build/caelum/tubaina/build.gradle' line: 6

* What went wrong:
A problem occurred evaluating root project 'tubaina'.
> Could not find property 'manifest' on root project 'tubaina'.

* Try:
Run with --stacktrace option to get the stack trace. Run with --info or --debug option to get more log output.

BUILD FAILED

Total time: 3.023 secs

[31;1mThe command "eval gradle assemble" failed. Retrying, 3 of 3.[0m


FAILURE: Build failed with an exception.

* Where:
Build file '/home/travis/build/caelum/tubaina/build.gradle' line: 6

* What went wrong:
A problem occurred evaluating root project 'tubaina'.
> Could not find property 'manifest' on root project 'tubaina'.

* Try:
Run with --stacktrace option to get the stack trace. Run with --info or --debug option to get more log output.

BUILD FAILED

Total time: 2.921 secs

[31;1mThe command "eval gradle assemble" failed 3 times.[0m


travis_time:end:195ef003:start=1479490067162545311,finish=1479490080840765090,duration=13678219779[0K
[31;1mThe command "gradle assemble" failed and exited with 1 during .[0m

Your build has been stopped.
