travis_fold:start:system_info[0K[33;1mBuild system information[0m
Build language: java
Build id: ''
Job id: ''
[34m[1mBuild image provisioning date and time[0m
Thu Feb  5 15:09:33 UTC 2015
[34m[1mOperating System Details[0m
Distributor ID:	Ubuntu
Description:	Ubuntu 12.04.5 LTS
Release:	12.04
Codename:	precise
[34m[1mLinux Version[0m
3.13.0-29-generic
[34m[1mCookbooks Version[0m
a68419e https://github.com/travis-ci/travis-cookbooks/tree/a68419e
[34m[1mGCC version[0m
gcc (Ubuntu/Linaro 4.6.3-1ubuntu5) 4.6.3
Copyright (C) 2011 Free Software Foundation, Inc.
This is free software; see the source for copying conditions.  There is NO
warranty; not even for MERCHANTABILITY or FITNESS FOR A PARTICULAR PURPOSE.

[34m[1mLLVM version[0m
clang version 3.4 (tags/RELEASE_34/final)
Target: x86_64-unknown-linux-gnu
Thread model: posix
[34m[1mPre-installed Ruby versions[0m
ruby-1.9.3-p551
[34m[1mPre-installed Node.js versions[0m
v0.10.36
[34m[1mPre-installed Go versions[0m
1.4.1
[34m[1mRedis version[0m
redis-server 2.8.19
[34m[1mriak version[0m
2.0.2
[34m[1mMongoDB version[0m
MongoDB 2.4.12
[34m[1mCouchDB version[0m
couchdb 1.6.1
[34m[1mNeo4j version[0m
1.9.4
[34m[1mRabbitMQ Version[0m
3.4.3
[34m[1mElasticSearch version[0m
1.4.0
[34m[1mInstalled Sphinx versions[0m
2.0.10
2.1.9
2.2.6
[34m[1mDefault Sphinx version[0m
2.2.6
[34m[1mInstalled Firefox version[0m
firefox 31.0esr
[34m[1mPhantomJS version[0m
1.9.8
[34m[1mant -version[0m
Apache Ant(TM) version 1.8.2 compiled on December 3 2011
[34m[1mmvn -version[0m
Apache Maven 3.2.5 (12a6b3acb947671f09b81f49094c53f426d8cea1; 2014-12-14T17:29:23+00:00)
Maven home: /usr/local/maven
Java version: 1.7.0_76, vendor: Oracle Corporation
Java home: /usr/lib/jvm/java-7-oracle/jre
Default locale: en_US, platform encoding: ANSI_X3.4-1968
OS name: "linux", version: "3.13.0-29-generic", arch: "amd64", family: "unix"
travis_fold:end:system_info[0K
sed: cannot rename /etc/hosts: Device or resource busy
sed: cannot rename /etc/hosts: Device or resource busy
$ cd syncany/syncany
$ jdk_switcher use oraclejdk7
Switching to Oracle JDK7 (java-7-oracle), JAVA_HOME will be set to /usr/lib/jvm/java-7-oracle
$ export TERM=dumb
$ java -Xmx32m -version
java version "1.7.0_76"
Java(TM) SE Runtime Environment (build 1.7.0_76-b13)
Java HotSpot(TM) 64-Bit Server VM (build 24.76-b04, mixed mode)
$ javac -J-Xmx32m -version
javac 1.7.0_76
travis_fold:start:install[0Ktravis_time:start:09035680[0K$ ./gradlew assemble
Downloading http://services.gradle.org/distributions/gradle-1.9-bin.zip
..................................................................................................................................................................................................................................................................................................................................................................................................................................................................................................................................................................................................................................................................................................................................................................................................................................................................................................................................................................................................................................................................................................................................................................................................................................................................................................................................................................................................................................................................................................................................................................................................................................................................................................................................................................................................................................................................................................................................................................................................................................................................................
Unzipping /home/travis/.gradle/wrapper/dists/gradle-1.9-bin/qtvcssosa3asn4t6njd64fm3i/gradle-1.9-bin.zip to /home/travis/.gradle/wrapper/dists/gradle-1.9-bin/qtvcssosa3asn4t6njd64fm3i
Set executable permissions for: /home/travis/.gradle/wrapper/dists/gradle-1.9-bin/qtvcssosa3asn4t6njd64fm3i/gradle-1.9/bin/gradle
Download http://repo1.maven.org/maven2/org/jboss/apiviz/apiviz/1.3.2.GA/apiviz-1.3.2.GA.pom
Download http://repo1.maven.org/maven2/org/jboss/jboss-parent/9/jboss-parent-9.pom
Download http://repo1.maven.org/maven2/org/jboss/apiviz/apiviz/1.3.2.GA/apiviz-1.3.2.GA.jar
Download http://repo1.maven.org/maven2/com/kenshoo/gradle-fpm/0.4/gradle-fpm-0.4.pom
Download http://repo1.maven.org/maven2/com/kenshoo/gradle-fpm/0.4/gradle-fpm-0.4.jar
:syncany-util:compileJava
Download http://repo1.maven.org/maven2/commons-io/commons-io/2.4/commons-io-2.4.pom
Download http://repo1.maven.org/maven2/org/apache/commons/commons-parent/25/commons-parent-25.pom
Download http://repo1.maven.org/maven2/org/apache/apache/9/apache-9.pom
Download http://repo1.maven.org/maven2/commons-io/commons-io/2.4/commons-io-2.4.jar
:syncany-util:processResources UP-TO-DATE
:syncany-util:classes
:syncany-util:jar
:syncany-lib:compileJava
Download http://repo1.maven.org/maven2/org/bouncycastle/bcprov-ext-jdk15on/1.49/bcprov-ext-jdk15on-1.49.pom
Download http://repo1.maven.org/maven2/org/simpleframework/simple-xml/2.7.1/simple-xml-2.7.1.pom
Download http://repo1.maven.org/maven2/com/google/guava/guava/15.0/guava-15.0.pom
Download http://repo1.maven.org/maven2/com/google/guava/guava-parent/15.0/guava-parent-15.0.pom
Download http://repo1.maven.org/maven2/org/sonatype/oss/oss-parent/7/oss-parent-7.pom
Download http://repo1.maven.org/maven2/commons-codec/commons-codec/1.8/commons-codec-1.8.pom
Download http://repo1.maven.org/maven2/org/apache/commons/commons-parent/28/commons-parent-28.pom
Download http://repo1.maven.org/maven2/org/apache/apache/13/apache-13.pom
Download http://repo1.maven.org/maven2/org/reflections/reflections/0.9.8/reflections-0.9.8.pom
Download http://repo1.maven.org/maven2/org/reflections/reflections-parent/0.9.8/reflections-parent-0.9.8.pom
Download http://repo1.maven.org/maven2/org/slf4j/slf4j-api/1.6.0/slf4j-api-1.6.0.pom
Download http://repo1.maven.org/maven2/org/slf4j/slf4j-parent/1.6.0/slf4j-parent-1.6.0.pom
Download http://repo1.maven.org/maven2/org/hsqldb/hsqldb/2.3.1/hsqldb-2.3.1.pom
Download http://repo1.maven.org/maven2/stax/stax-api/1.0.1/stax-api-1.0.1.pom
Download http://repo1.maven.org/maven2/stax/stax/1.2.0/stax-1.2.0.pom
Download http://repo1.maven.org/maven2/xpp3/xpp3/1.1.3.3/xpp3-1.1.3.3.pom
Download http://repo1.maven.org/maven2/javassist/javassist/3.12.1.GA/javassist-3.12.1.GA.pom
Download http://repo1.maven.org/maven2/dom4j/dom4j/1.6.1/dom4j-1.6.1.pom
Download http://repo1.maven.org/maven2/xml-apis/xml-apis/1.0.b2/xml-apis-1.0.b2.pom
Download http://repo1.maven.org/maven2/org/bouncycastle/bcprov-ext-jdk15on/1.49/bcprov-ext-jdk15on-1.49.jar
Download http://repo1.maven.org/maven2/org/simpleframework/simple-xml/2.7.1/simple-xml-2.7.1.jar
Download http://repo1.maven.org/maven2/com/google/guava/guava/15.0/guava-15.0.jar
Download http://repo1.maven.org/maven2/commons-codec/commons-codec/1.8/commons-codec-1.8.jar
Download http://repo1.maven.org/maven2/org/reflections/reflections/0.9.8/reflections-0.9.8.jar
Download http://repo1.maven.org/maven2/org/slf4j/slf4j-api/1.6.0/slf4j-api-1.6.0.jar
Download http://repo1.maven.org/maven2/org/hsqldb/hsqldb/2.3.1/hsqldb-2.3.1.jar
Download http://repo1.maven.org/maven2/stax/stax-api/1.0.1/stax-api-1.0.1.jar
Download http://repo1.maven.org/maven2/stax/stax/1.2.0/stax-1.2.0.jar
Download http://repo1.maven.org/maven2/xpp3/xpp3/1.1.3.3/xpp3-1.1.3.3.jar
Download http://repo1.maven.org/maven2/javassist/javassist/3.12.1.GA/javassist-3.12.1.GA.jar
Download http://repo1.maven.org/maven2/dom4j/dom4j/1.6.1/dom4j-1.6.1.jar
Download http://repo1.maven.org/maven2/xml-apis/xml-apis/1.0.b2/xml-apis-1.0.b2.jar
Note: Some input files use or override a deprecated API.
Note: Recompile with -Xlint:deprecation for details.
:syncany-lib:processResources
:syncany-lib:classes
:syncany-lib:jar
:syncany-plugins:syncany-plugin-ftp:compileJava
Download http://repo1.maven.org/maven2/commons-net/commons-net/2.2/commons-net-2.2.pom
Download http://repo1.maven.org/maven2/org/apache/commons/commons-parent/17/commons-parent-17.pom
Download http://repo1.maven.org/maven2/org/apache/apache/7/apache-7.pom
Download http://repo1.maven.org/maven2/commons-net/commons-net/2.2/commons-net-2.2.jar
:syncany-plugins:syncany-plugin-ftp:processResources UP-TO-DATE
:syncany-plugins:syncany-plugin-ftp:classes
:syncany-plugins:syncany-plugin-ftp:jar
:syncany-plugins:syncany-plugin-rest:compileJava
Download http://repo1.maven.org/maven2/net/java/dev/jets3t/jets3t/0.9.0/jets3t-0.9.0.pom
Download http://repo1.maven.org/maven2/commons-logging/commons-logging/1.1.1/commons-logging-1.1.1.pom
Download http://repo1.maven.org/maven2/org/apache/commons/commons-parent/5/commons-parent-5.pom
Download http://repo1.maven.org/maven2/org/apache/apache/4/apache-4.pom
Download http://repo1.maven.org/maven2/org/apache/httpcomponents/httpclient/4.1.2/httpclient-4.1.2.pom
Download http://repo1.maven.org/maven2/org/apache/httpcomponents/httpcomponents-client/4.1.2/httpcomponents-client-4.1.2.pom
Download http://repo1.maven.org/maven2/org/apache/httpcomponents/project/4.1.1/project-4.1.1.pom
Download http://repo1.maven.org/maven2/org/apache/httpcomponents/httpcore/4.1.2/httpcore-4.1.2.pom
Download http://repo1.maven.org/maven2/org/apache/httpcomponents/httpcomponents-core/4.1.2/httpcomponents-core-4.1.2.pom
Download http://repo1.maven.org/maven2/com/jamesmurty/utils/java-xmlbuilder/0.4/java-xmlbuilder-0.4.pom
Download http://repo1.maven.org/maven2/org/sonatype/oss/oss-parent/3/oss-parent-3.pom
Download http://repo1.maven.org/maven2/net/java/dev/jets3t/jets3t/0.9.0/jets3t-0.9.0.jar
Download http://repo1.maven.org/maven2/commons-logging/commons-logging/1.1.1/commons-logging-1.1.1.jar
Download http://repo1.maven.org/maven2/org/apache/httpcomponents/httpclient/4.1.2/httpclient-4.1.2.jar
Download http://repo1.maven.org/maven2/org/apache/httpcomponents/httpcore/4.1.2/httpcore-4.1.2.jar
Download http://repo1.maven.org/maven2/com/jamesmurty/utils/java-xmlbuilder/0.4/java-xmlbuilder-0.4.jar
:syncany-plugins:syncany-plugin-rest:processResources UP-TO-DATE
:syncany-plugins:syncany-plugin-rest:classes
:syncany-plugins:syncany-plugin-rest:jar
:syncany-plugins:syncany-plugin-sftp:compileJava
Download http://repo1.maven.org/maven2/com/jcraft/jsch/0.1.50/jsch-0.1.50.pom
Download http://repo1.maven.org/maven2/org/sonatype/oss/oss-parent/6/oss-parent-6.pom
Download http://repo1.maven.org/maven2/org/apache/sshd/sshd-core/0.9.0/sshd-core-0.9.0.pom
Download http://repo1.maven.org/maven2/org/apache/sshd/sshd/0.9.0/sshd-0.9.0.pom
Download http://repo1.maven.org/maven2/org/apache/commons/commons-vfs2/2.0/commons-vfs2-2.0.pom
Download http://repo1.maven.org/maven2/org/apache/commons/commons-vfs2-project/2.0/commons-vfs2-project-2.0.pom
Download http://repo1.maven.org/maven2/org/apache/commons/commons-parent/21/commons-parent-21.pom
Download http://repo1.maven.org/maven2/org/apache/mina/mina-core/2.0.7/mina-core-2.0.7.pom
Download http://repo1.maven.org/maven2/org/apache/mina/mina-parent/2.0.7/mina-parent-2.0.7.pom
Download http://repo1.maven.org/maven2/org/apache/apache/11/apache-11.pom
Download http://repo1.maven.org/maven2/org/apache/maven/scm/maven-scm-api/1.4/maven-scm-api-1.4.pom
Download http://repo1.maven.org/maven2/org/apache/maven/scm/maven-scm/1.4/maven-scm-1.4.pom
Download http://repo1.maven.org/maven2/org/apache/maven/maven-parent/16/maven-parent-16.pom
Download http://repo1.maven.org/maven2/org/apache/maven/scm/maven-scm-provider-svnexe/1.4/maven-scm-provider-svnexe-1.4.pom
Download http://repo1.maven.org/maven2/org/apache/maven/scm/maven-scm-providers-svn/1.4/maven-scm-providers-svn-1.4.pom
Download http://repo1.maven.org/maven2/org/apache/maven/scm/maven-scm-providers/1.4/maven-scm-providers-1.4.pom
Download http://repo1.maven.org/maven2/org/codehaus/plexus/plexus-utils/1.5.6/plexus-utils-1.5.6.pom
Download http://repo1.maven.org/maven2/org/codehaus/plexus/plexus/1.0.12/plexus-1.0.12.pom
Download http://repo1.maven.org/maven2/org/apache/maven/scm/maven-scm-provider-svn-commons/1.4/maven-scm-provider-svn-commons-1.4.pom
Download http://repo1.maven.org/maven2/regexp/regexp/1.3/regexp-1.3.pom
Download http://repo1.maven.org/maven2/org/slf4j/slf4j-api/1.6.6/slf4j-api-1.6.6.pom
Download http://repo1.maven.org/maven2/org/slf4j/slf4j-parent/1.6.6/slf4j-parent-1.6.6.pom
Download http://repo1.maven.org/maven2/com/jcraft/jsch/0.1.50/jsch-0.1.50.jar
Download http://repo1.maven.org/maven2/org/apache/sshd/sshd-core/0.9.0/sshd-core-0.9.0.jar
Download http://repo1.maven.org/maven2/org/apache/commons/commons-vfs2/2.0/commons-vfs2-2.0.jar
Download http://repo1.maven.org/maven2/org/apache/mina/mina-core/2.0.7/mina-core-2.0.7.jar
Download http://repo1.maven.org/maven2/org/apache/maven/scm/maven-scm-api/1.4/maven-scm-api-1.4.jar
Download http://repo1.maven.org/maven2/org/apache/maven/scm/maven-scm-provider-svnexe/1.4/maven-scm-provider-svnexe-1.4.jar
Download http://repo1.maven.org/maven2/org/codehaus/plexus/plexus-utils/1.5.6/plexus-utils-1.5.6.jar
Download http://repo1.maven.org/maven2/org/apache/maven/scm/maven-scm-provider-svn-commons/1.4/maven-scm-provider-svn-commons-1.4.jar
Download http://repo1.maven.org/maven2/regexp/regexp/1.3/regexp-1.3.jar
Download http://repo1.maven.org/maven2/org/slf4j/slf4j-api/1.6.6/slf4j-api-1.6.6.jar
:syncany-plugins:syncany-plugin-sftp:processResources UP-TO-DATE
:syncany-plugins:syncany-plugin-sftp:classes
:syncany-plugins:syncany-plugin-sftp:jar
:syncany-plugins:syncany-plugin-webdav:compileJava
Download http://repo1.maven.org/maven2/com/github/lookfirst/sardine/5.0.1/sardine-5.0.1.pom
Download http://repo1.maven.org/maven2/org/apache/httpcomponents/httpclient/4.2.4/httpclient-4.2.4.pom
Download http://repo1.maven.org/maven2/org/apache/httpcomponents/httpcomponents-client/4.2.4/httpcomponents-client-4.2.4.pom
Download http://repo1.maven.org/maven2/org/apache/httpcomponents/project/6/project-6.pom
Download http://repo1.maven.org/maven2/org/apache/httpcomponents/httpcore/4.2.4/httpcore-4.2.4.pom
Download http://repo1.maven.org/maven2/org/apache/httpcomponents/httpcomponents-core/4.2.4/httpcomponents-core-4.2.4.pom
Download http://repo1.maven.org/maven2/commons-logging/commons-logging/1.1.2/commons-logging-1.1.2.pom
Download http://repo1.maven.org/maven2/org/slf4j/slf4j-api/1.7.5/slf4j-api-1.7.5.pom
Download http://repo1.maven.org/maven2/org/slf4j/slf4j-parent/1.7.5/slf4j-parent-1.7.5.pom
Download http://repo1.maven.org/maven2/com/github/lookfirst/sardine/5.0.1/sardine-5.0.1.jar
Download http://repo1.maven.org/maven2/org/apache/httpcomponents/httpclient/4.2.4/httpclient-4.2.4.jar
Download http://repo1.maven.org/maven2/org/apache/httpcomponents/httpcore/4.2.4/httpcore-4.2.4.jar
Download http://repo1.maven.org/maven2/commons-logging/commons-logging/1.1.2/commons-logging-1.1.2.jar
Download http://repo1.maven.org/maven2/org/slf4j/slf4j-api/1.7.5/slf4j-api-1.7.5.jar
:syncany-plugins:syncany-plugin-webdav:processResources UP-TO-DATE
:syncany-plugins:syncany-plugin-webdav:classes
:syncany-plugins:syncany-plugin-webdav:jar
:syncany-cli:compileJava
Download http://repo1.maven.org/maven2/net/sf/jopt-simple/jopt-simple/4.5/jopt-simple-4.5.pom
Download http://repo1.maven.org/maven2/net/sf/jopt-simple/jopt-simple/4.5/jopt-simple-4.5.jar
:syncany-cli:processResources
:syncany-cli:classes
:syncany-cli:jar
:syncany-cli:assemble
:syncany-lib:assemble
:syncany-plugins:compileJava UP-TO-DATE
:syncany-plugins:processResources UP-TO-DATE
:syncany-plugins:classes UP-TO-DATE
:syncany-plugins:jar
:syncany-plugins:assemble
:syncany-util:assemble
:syncany-plugins:syncany-plugin-ftp:assemble
:syncany-plugins:syncany-plugin-rest:assemble
:syncany-plugins:syncany-plugin-sftp:assemble
:syncany-plugins:syncany-plugin-webdav:assemble

BUILD SUCCESSFUL

Total time: 58.235 secs

travis_time:end:09035680:start=1479287264390464214,finish=1479287323064093106,duration=58673628892[0Ktravis_fold:end:install[0Ktravis_time:start:07fe54f0[0K$ ./gradlew test
:syncany-util:compileJava UP-TO-DATE
:syncany-util:processResources UP-TO-DATE
:syncany-util:classes UP-TO-DATE
:syncany-util:jar UP-TO-DATE
:syncany-lib:compileJava UP-TO-DATE
:syncany-lib:processResources UP-TO-DATE
:syncany-lib:classes UP-TO-DATE
:syncany-lib:jar UP-TO-DATE
:syncany-plugins:syncany-plugin-ftp:compileJava UP-TO-DATE
:syncany-plugins:syncany-plugin-ftp:processResources UP-TO-DATE
:syncany-plugins:syncany-plugin-ftp:classes UP-TO-DATE
:syncany-plugins:syncany-plugin-ftp:jar UP-TO-DATE
:syncany-plugins:syncany-plugin-rest:compileJava UP-TO-DATE
:syncany-plugins:syncany-plugin-rest:processResources UP-TO-DATE
:syncany-plugins:syncany-plugin-rest:classes UP-TO-DATE
:syncany-plugins:syncany-plugin-rest:jar UP-TO-DATE
:syncany-plugins:syncany-plugin-sftp:compileJava UP-TO-DATE
:syncany-plugins:syncany-plugin-sftp:processResources UP-TO-DATE
:syncany-plugins:syncany-plugin-sftp:classes UP-TO-DATE
:syncany-plugins:syncany-plugin-sftp:jar UP-TO-DATE
:syncany-plugins:syncany-plugin-webdav:compileJava UP-TO-DATE
:syncany-plugins:syncany-plugin-webdav:processResources UP-TO-DATE
:syncany-plugins:syncany-plugin-webdav:classes UP-TO-DATE
:syncany-plugins:syncany-plugin-webdav:jar UP-TO-DATE
:syncany-cli:compileJava UP-TO-DATE
:syncany-cli:processResources UP-TO-DATE
:syncany-cli:classes UP-TO-DATE
:syncany-util:compileTestJava
Download http://repo1.maven.org/maven2/junit/junit/4.3/junit-4.3.pom
Download http://repo1.maven.org/maven2/junit/junit/4.3/junit-4.3.jar
:syncany-util:processTestResources UP-TO-DATE
:syncany-util:testClasses
:syncany-util:testJar
:syncany-lib:compileTestJavaNote: Some input files use or override a deprecated API.
Note: Recompile with -Xlint:deprecation for details.

:syncany-lib:processTestResources
:syncany-lib:testClasses
:syncany-lib:testJar
:syncany-cli:compileTestJava
:syncany-cli:processTestResources UP-TO-DATE
:syncany-cli:testClasses
:syncany-cli:test

org.syncany.tests.cli.LogCommandTest > testLogCommandNoArgs STARTED

org.syncany.tests.cli.LsRemoteCommandTest > testLsRemoteCommand STARTED
Unexpected exception thrown.
org.gradle.messaging.remote.internal.MessageIOException: Could not read message from '/0:0:0:0:0:0:0:1:48578'.
	at org.gradle.messaging.remote.internal.inet.SocketConnection.receive(SocketConnection.java:88)
	at org.gradle.messaging.remote.internal.hub.MessageHub$ConnectionReceive.run(MessageHub.java:230)
	at org.gradle.internal.concurrent.DefaultExecutorFactory$StoppableExecutorImpl$1.run(DefaultExecutorFactory.java:66)
	at java.util.concurrent.ThreadPoolExecutor.runWorker(ThreadPoolExecutor.java:1145)
	at java.util.concurrent.ThreadPoolExecutor$Worker.run(ThreadPoolExecutor.java:615)
	at java.lang.Thread.run(Thread.java:745)
Caused by: com.esotericsoftware.kryo.KryoException: Buffer underflow.
	at com.esotericsoftware.kryo.io.Input.require(Input.java:162)
	at com.esotericsoftware.kryo.io.Input.readByte(Input.java:255)
	at org.gradle.messaging.remote.internal.hub.InterHubMessageSerializer$MessageReader.read(InterHubMessageSerializer.java:64)
	at org.gradle.messaging.remote.internal.hub.InterHubMessageSerializer$MessageReader.read(InterHubMessageSerializer.java:53)
	at org.gradle.messaging.remote.internal.inet.SocketConnection.receive(SocketConnection.java:83)
	... 5 more

org.syncany.tests.cli.LsRemoteCommandTest > testLsRemoteCommand PASSED

org.syncany.tests.cli.CommandLineInterfaceTest > testAppFoldersExist STARTED

org.syncany.tests.cli.CommandLineInterfaceTest > testAppFoldersExist PASSED

org.syncany.tests.cli.CommandLineInterfaceTest > testCliInitAndConnect STARTED

org.syncany.tests.cli.CommandLineInterfaceTest > testCliInitAndConnect PASSED

org.syncany.tests.cli.WatchCommandTest > testWatchCommand STARTED

org.syncany.tests.cli.WatchCommandTest > testWatchCommand PASSED

org.syncany.tests.cli.SyncCommandTest > testDownCommandNoArgs STARTED

org.syncany.tests.cli.SyncCommandTest > testDownCommandNoArgs PASSED
:syncany-cli:test FAILED

FAILURE: Build failed with an exception.

* What went wrong:
Execution failed for task ':syncany-cli:test'.
> Process 'Gradle Worker 1' finished with non-zero exit value 137

* Try:
Run with --stacktrace option to get the stack trace. Run with --info or --debug option to get more log output.

BUILD FAILED

Total time: 3 mins 16.827 secs

travis_time:end:07fe54f0:start=1479287323075648145,finish=1479287520441555468,duration=197365907323[0K
[31;1mThe command "./gradlew test" exited with 1.[0m

Done. Your build exited with 1.
