travis_fold:start:system_info[0K[33;1mBuild system information[0m
Build language: java
Build id: ''
Job id: ''
[34m[1mBuild image provisioning date and time[0m
Thu Feb  5 15:09:33 UTC 2015
[34m[1mOperating System Details[0m
Distributor ID:	Ubuntu
Description:	Ubuntu 12.04.5 LTS
Release:	12.04
Codename:	precise
[34m[1mLinux Version[0m
3.13.0-29-generic
[34m[1mCookbooks Version[0m
a68419e https://github.com/travis-ci/travis-cookbooks/tree/a68419e
[34m[1mGCC version[0m
gcc (Ubuntu/Linaro 4.6.3-1ubuntu5) 4.6.3
Copyright (C) 2011 Free Software Foundation, Inc.
This is free software; see the source for copying conditions.  There is NO
warranty; not even for MERCHANTABILITY or FITNESS FOR A PARTICULAR PURPOSE.

[34m[1mLLVM version[0m
clang version 3.4 (tags/RELEASE_34/final)
Target: x86_64-unknown-linux-gnu
Thread model: posix
[34m[1mPre-installed Ruby versions[0m
ruby-1.9.3-p551
[34m[1mPre-installed Node.js versions[0m
v0.10.36
[34m[1mPre-installed Go versions[0m
1.4.1
[34m[1mRedis version[0m
redis-server 2.8.19
[34m[1mriak version[0m
2.0.2
[34m[1mMongoDB version[0m
MongoDB 2.4.12
[34m[1mCouchDB version[0m
couchdb 1.6.1
[34m[1mNeo4j version[0m
1.9.4
[34m[1mRabbitMQ Version[0m
3.4.3
[34m[1mElasticSearch version[0m
1.4.0
[34m[1mInstalled Sphinx versions[0m
2.0.10
2.1.9
2.2.6
[34m[1mDefault Sphinx version[0m
2.2.6
[34m[1mInstalled Firefox version[0m
firefox 31.0esr
[34m[1mPhantomJS version[0m
1.9.8
[34m[1mant -version[0m
Apache Ant(TM) version 1.8.2 compiled on December 3 2011
[34m[1mmvn -version[0m
Apache Maven 3.2.5 (12a6b3acb947671f09b81f49094c53f426d8cea1; 2014-12-14T17:29:23+00:00)
Maven home: /usr/local/maven
Java version: 1.7.0_76, vendor: Oracle Corporation
Java home: /usr/lib/jvm/java-7-oracle/jre
Default locale: en_US, platform encoding: ANSI_X3.4-1968
OS name: "linux", version: "3.13.0-29-generic", arch: "amd64", family: "unix"
travis_fold:end:system_info[0K
sed: cannot rename /etc/hosts: Device or resource busy
sed: cannot rename /etc/hosts: Device or resource busy
$ cd mongodb/morphia
travis_fold:start:services[0Ktravis_time:start:0ab919e0[0K$ sudo service mongodb start
 * Starting database mongodb
   ...done.

travis_time:end:0ab919e0:start=1479330143146348172,finish=1479330144186248232,duration=1039900060[0Ktravis_fold:end:services[0K$ jdk_switcher use oraclejdk7
Switching to Oracle JDK7 (java-7-oracle), JAVA_HOME will be set to /usr/lib/jvm/java-7-oracle
$ export TERM=dumb
$ java -Xmx32m -version
java version "1.7.0_76"
Java(TM) SE Runtime Environment (build 1.7.0_76-b13)
Java HotSpot(TM) 64-Bit Server VM (build 24.76-b04, mixed mode)
$ javac -J-Xmx32m -version
javac 1.7.0_76
travis_fold:start:install[0Ktravis_time:start:010cf287[0K$ ./gradlew assemble
Downloading http://services.gradle.org/distributions/gradle-1.8-all.zip
...................................................................................................................................................................................................................................................................................................................................................................................................................................................................................................................................................................................................................................................................................................................................................................................................................................................................................................................................................................................................................................................................................................................................................................................................................................................................................................................................................................................................................................................................................................................................................................................................................................................................................................................................................................................................................................................................................................................................................................................................................................................................................................................................................................................................................................................................................................................................................................................................................................................................................................................................................................................................................................................................................................................................................................
Unzipping /home/travis/.gradle/wrapper/dists/gradle-1.8-all/2kopnp0i5dq014k75fp36m3vd5/gradle-1.8-all.zip to /home/travis/.gradle/wrapper/dists/gradle-1.8-all/2kopnp0i5dq014k75fp36m3vd5
Set executable permissions for: /home/travis/.gradle/wrapper/dists/gradle-1.8-all/2kopnp0i5dq014k75fp36m3vd5/gradle-1.8/bin/gradle
Download http://repo1.maven.org/maven2/me/trnl/clirr-gradle-plugin/0.4/clirr-gradle-plugin-0.4.pom
Download http://repo1.maven.org/maven2/com/antwerkz/github/github-release-gradle-plugin/1.0.0-RC3/github-release-gradle-plugin-1.0.0-RC3.pom
Download http://repo1.maven.org/maven2/org/gradle/api/plugins/gradle-nexus-plugin/0.3/gradle-nexus-plugin-0.3.pom
Download http://repo1.maven.org/maven2/org/yaml/snakeyaml/1.12/snakeyaml-1.12.pom
Download http://repo1.maven.org/maven2/net/sf/clirr/clirr-core/0.6/clirr-core-0.6.pom
Download http://repo1.maven.org/maven2/org/codehaus/groovy/modules/http-builder/http-builder/0.6/http-builder-0.6.pom
Download http://repo1.maven.org/maven2/bcel/bcel/5.1/bcel-5.1.pom
Download http://repo1.maven.org/maven2/org/apache/httpcomponents/httpclient/4.2.1/httpclient-4.2.1.pom
Download http://repo1.maven.org/maven2/org/apache/httpcomponents/httpcomponents-client/4.2.1/httpcomponents-client-4.2.1.pom
Download http://repo1.maven.org/maven2/org/apache/httpcomponents/project/6/project-6.pom
Download http://repo1.maven.org/maven2/net/sf/json-lib/json-lib/2.3/json-lib-2.3.pom
Download http://repo1.maven.org/maven2/net/sourceforge/nekohtml/nekohtml/1.9.16/nekohtml-1.9.16.pom
Download http://repo1.maven.org/maven2/xml-resolver/xml-resolver/1.2/xml-resolver-1.2.pom
Download http://repo1.maven.org/maven2/org/apache/apache/3/apache-3.pom
Download http://repo1.maven.org/maven2/regexp/regexp/1.2/regexp-1.2.pom
Download http://repo1.maven.org/maven2/org/apache/httpcomponents/httpcore/4.2.1/httpcore-4.2.1.pom
Download http://repo1.maven.org/maven2/org/apache/httpcomponents/httpcomponents-core/4.2.1/httpcomponents-core-4.2.1.pom
Download http://repo1.maven.org/maven2/commons-logging/commons-logging/1.1.1/commons-logging-1.1.1.pom
Download http://repo1.maven.org/maven2/org/apache/commons/commons-parent/5/commons-parent-5.pom
Download http://repo1.maven.org/maven2/org/apache/apache/4/apache-4.pom
Download http://repo1.maven.org/maven2/commons-codec/commons-codec/1.6/commons-codec-1.6.pom
Download http://repo1.maven.org/maven2/org/apache/commons/commons-parent/22/commons-parent-22.pom
Download http://repo1.maven.org/maven2/org/apache/apache/9/apache-9.pom
Download http://repo1.maven.org/maven2/commons-beanutils/commons-beanutils/1.8.0/commons-beanutils-1.8.0.pom
Download http://repo1.maven.org/maven2/org/apache/commons/commons-parent/11/commons-parent-11.pom
Download http://repo1.maven.org/maven2/commons-collections/commons-collections/3.2.1/commons-collections-3.2.1.pom
Download http://repo1.maven.org/maven2/org/apache/commons/commons-parent/9/commons-parent-9.pom
Download http://repo1.maven.org/maven2/commons-lang/commons-lang/2.4/commons-lang-2.4.pom
Download http://repo1.maven.org/maven2/net/sf/ezmorph/ezmorph/1.0.6/ezmorph-1.0.6.pom
Download http://repo1.maven.org/maven2/xerces/xercesImpl/2.9.1/xercesImpl-2.9.1.pom
Download http://repo1.maven.org/maven2/xml-apis/xml-apis/1.3.04/xml-apis-1.3.04.pom
Download http://repo1.maven.org/maven2/me/trnl/clirr-gradle-plugin/0.4/clirr-gradle-plugin-0.4.jar
Download http://repo1.maven.org/maven2/com/antwerkz/github/github-release-gradle-plugin/1.0.0-RC3/github-release-gradle-plugin-1.0.0-RC3.jar
Download http://repo1.maven.org/maven2/org/gradle/api/plugins/gradle-nexus-plugin/0.3/gradle-nexus-plugin-0.3.jar
Download http://repo1.maven.org/maven2/org/yaml/snakeyaml/1.12/snakeyaml-1.12.jar
Download http://repo1.maven.org/maven2/net/sf/clirr/clirr-core/0.6/clirr-core-0.6.jar
Download http://repo1.maven.org/maven2/org/codehaus/groovy/modules/http-builder/http-builder/0.6/http-builder-0.6.jar
Download http://repo1.maven.org/maven2/bcel/bcel/5.1/bcel-5.1.jar
Download http://repo1.maven.org/maven2/org/apache/httpcomponents/httpclient/4.2.1/httpclient-4.2.1.jar
Download http://repo1.maven.org/maven2/net/sf/json-lib/json-lib/2.3/json-lib-2.3-jdk15.jar
Download http://repo1.maven.org/maven2/net/sourceforge/nekohtml/nekohtml/1.9.16/nekohtml-1.9.16.jar
Download http://repo1.maven.org/maven2/xml-resolver/xml-resolver/1.2/xml-resolver-1.2.jar
Download http://repo1.maven.org/maven2/regexp/regexp/1.2/regexp-1.2.jar
Download http://repo1.maven.org/maven2/org/apache/httpcomponents/httpcore/4.2.1/httpcore-4.2.1.jar
Download http://repo1.maven.org/maven2/commons-logging/commons-logging/1.1.1/commons-logging-1.1.1.jar
Download http://repo1.maven.org/maven2/commons-codec/commons-codec/1.6/commons-codec-1.6.jar
Download http://repo1.maven.org/maven2/commons-beanutils/commons-beanutils/1.8.0/commons-beanutils-1.8.0.jar
Download http://repo1.maven.org/maven2/commons-collections/commons-collections/3.2.1/commons-collections-3.2.1.jar
Download http://repo1.maven.org/maven2/commons-lang/commons-lang/2.4/commons-lang-2.4.jar
Download http://repo1.maven.org/maven2/net/sf/ezmorph/ezmorph/1.0.6/ezmorph-1.0.6.jar
Download http://repo1.maven.org/maven2/xerces/xercesImpl/2.9.1/xercesImpl-2.9.1.jar
Download http://repo1.maven.org/maven2/xml-apis/xml-apis/1.3.04/xml-apis-1.3.04.jar
Constructor for class org.gradle.api.plugins.release.ReleaseTask_Decorated is not annotated with @Inject. In Gradle 2.0 this will be treated as an error.
:compileJava UP-TO-DATE
:processResources UP-TO-DATE
:classes UP-TO-DATE
:jar
:assemble
:morphia:compileJava
Download http://repo1.maven.org/maven2/org/mongodb/mongo-java-driver/2.11.4/mongo-java-driver-2.11.4.pom
Download http://repo1.maven.org/maven2/org/mongodb/mongo-java-driver/2.11.4/mongo-java-driver-2.11.4.jar
Download http://repo1.maven.org/maven2/cglib/cglib-nodep/2.2.2/cglib-nodep-2.2.2.pom
Download http://repo1.maven.org/maven2/com/thoughtworks/proxytoys/proxytoys/1.0/proxytoys-1.0.pom
Download http://repo1.maven.org/maven2/com/thoughtworks/proxytoys/proxytoys-parent/1.0/proxytoys-parent-1.0.pom
Download http://repo1.maven.org/maven2/com/google/code/findbugs/findbugs/2.0.2/findbugs-2.0.2.pom
Download http://repo1.maven.org/maven2/com/google/code/findbugs/bcel/2.0.2/bcel-2.0.2.pom
Download http://repo1.maven.org/maven2/com/google/code/findbugs/jsr305/2.0.2/jsr305-2.0.2.pom
Download http://repo1.maven.org/maven2/com/google/code/findbugs/jFormatString/2.0.2/jFormatString-2.0.2.pom
Download http://repo1.maven.org/maven2/com/google/code/findbugs/annotations/2.0.2/annotations-2.0.2.pom
Download http://repo1.maven.org/maven2/dom4j/dom4j/1.6.1/dom4j-1.6.1.pom
Download http://repo1.maven.org/maven2/jaxen/jaxen/1.1.1/jaxen-1.1.1.pom
Download http://repo1.maven.org/maven2/asm/asm/3.3/asm-3.3.pom
Download http://repo1.maven.org/maven2/asm/asm-parent/3.3/asm-parent-3.3.pom
Download http://repo1.maven.org/maven2/asm/asm-tree/3.3/asm-tree-3.3.pom
Download http://repo1.maven.org/maven2/asm/asm-commons/3.3/asm-commons-3.3.pom
Download http://repo1.maven.org/maven2/xml-apis/xml-apis/1.0.b2/xml-apis-1.0.b2.pom
Download http://repo1.maven.org/maven2/jdom/jdom/1.0/jdom-1.0.pom
Download http://repo1.maven.org/maven2/xerces/xercesImpl/2.6.2/xercesImpl-2.6.2.pom
Download http://repo1.maven.org/maven2/xom/xom/1.0/xom-1.0.pom
Download http://repo1.maven.org/maven2/xerces/xmlParserAPIs/2.6.2/xmlParserAPIs-2.6.2.pom
Download http://repo1.maven.org/maven2/xalan/xalan/2.6.0/xalan-2.6.0.pom
Download http://repo1.maven.org/maven2/com/ibm/icu/icu4j/2.6.1/icu4j-2.6.1.pom
Download http://repo1.maven.org/maven2/xml-apis/xml-apis/2.0.2/xml-apis-2.0.2.pom
Please update your dependency to directly use the correct version 'xml-apis#xml-apis;1.0.b2'.
Resolution will only pick dependencies of the relocated element.  Artifacts and other metadata will be ignored.
POM relocation to an other version number is not fully supported in Gradle : xml-apis#xml-apis;2.0.2 relocated to xml-apis#xml-apis;1.0.b2.
Download http://repo1.maven.org/maven2/cglib/cglib-nodep/2.2.2/cglib-nodep-2.2.2.jar
Download http://repo1.maven.org/maven2/com/thoughtworks/proxytoys/proxytoys/1.0/proxytoys-1.0.jar
Download http://repo1.maven.org/maven2/com/google/code/findbugs/findbugs/2.0.2/findbugs-2.0.2.jar
Download http://repo1.maven.org/maven2/com/google/code/findbugs/bcel/2.0.2/bcel-2.0.2.jar
Download http://repo1.maven.org/maven2/com/google/code/findbugs/jsr305/2.0.2/jsr305-2.0.2.jar
Download http://repo1.maven.org/maven2/com/google/code/findbugs/jFormatString/2.0.2/jFormatString-2.0.2.jar
Download http://repo1.maven.org/maven2/com/google/code/findbugs/annotations/2.0.2/annotations-2.0.2.jar
Download http://repo1.maven.org/maven2/dom4j/dom4j/1.6.1/dom4j-1.6.1.jar
Download http://repo1.maven.org/maven2/jaxen/jaxen/1.1.1/jaxen-1.1.1.jar
Download http://repo1.maven.org/maven2/asm/asm/3.3/asm-3.3.jar
Download http://repo1.maven.org/maven2/asm/asm-tree/3.3/asm-tree-3.3.jar
Download http://repo1.maven.org/maven2/asm/asm-commons/3.3/asm-commons-3.3.jar
Download http://repo1.maven.org/maven2/jdom/jdom/1.0/jdom-1.0.jar
Download http://repo1.maven.org/maven2/xerces/xercesImpl/2.6.2/xercesImpl-2.6.2.jar
Download http://repo1.maven.org/maven2/xom/xom/1.0/xom-1.0.jar
Download http://repo1.maven.org/maven2/xerces/xmlParserAPIs/2.6.2/xmlParserAPIs-2.6.2.jar
Download http://repo1.maven.org/maven2/xalan/xalan/2.6.0/xalan-2.6.0.jar
Download http://repo1.maven.org/maven2/com/ibm/icu/icu4j/2.6.1/icu4j-2.6.1.jar
warning: [options] bootstrap class path not set in conjunction with -source 1.5
Note: Some input files use or override a deprecated API.
Note: Recompile with -Xlint:deprecation for details.
Note: Some input files use unchecked or unsafe operations.
Note: Recompile with -Xlint:unchecked for details.
1 warning
:morphia:processResources
:morphia:classes
:morphia:jar
:entityscanner-plug:compileJava
Download http://repo1.maven.org/maven2/org/reflections/reflections/0.9.8/reflections-0.9.8.pom
Download http://repo1.maven.org/maven2/org/reflections/reflections-parent/0.9.8/reflections-parent-0.9.8.pom
Download http://repo1.maven.org/maven2/com/google/collections/google-collections/1.0/google-collections-1.0.pom
Download http://repo1.maven.org/maven2/com/google/google/1/google-1.pom
Download http://repo1.maven.org/maven2/org/scannotation/scannotation/1.0.3/scannotation-1.0.3.pom
Download http://repo1.maven.org/maven2/com/google/guava/guava/11.0.2/guava-11.0.2.pom
Download http://repo1.maven.org/maven2/com/google/guava/guava-parent/11.0.2/guava-parent-11.0.2.pom
Download http://repo1.maven.org/maven2/org/sonatype/oss/oss-parent/7/oss-parent-7.pom
Download http://repo1.maven.org/maven2/javassist/javassist/3.12.1.GA/javassist-3.12.1.GA.pom
Download http://repo1.maven.org/maven2/com/google/code/findbugs/jsr305/1.3.9/jsr305-1.3.9.pom
Download http://repo1.maven.org/maven2/org/reflections/reflections/0.9.8/reflections-0.9.8.jar
Download http://repo1.maven.org/maven2/com/google/collections/google-collections/1.0/google-collections-1.0.jar
Download http://repo1.maven.org/maven2/org/scannotation/scannotation/1.0.3/scannotation-1.0.3.jar
Download http://repo1.maven.org/maven2/com/google/guava/guava/11.0.2/guava-11.0.2.jar
Download http://repo1.maven.org/maven2/javassist/javassist/3.12.1.GA/javassist-3.12.1.GA.jar
Download http://repo1.maven.org/maven2/com/google/code/findbugs/jsr305/1.3.9/jsr305-1.3.9.jar
Download http://repo1.maven.org/maven2/xml-apis/xml-apis/1.0.b2/xml-apis-1.0.b2.jar
warning: [options] bootstrap class path not set in conjunction with -source 1.5
1 warning
:entityscanner-plug:processResources
:entityscanner-plug:classes
:entityscanner-plug:jar
:morphia:javadoc/home/travis/build/mongodb/morphia/morphia/src/main/java/relocated/morphia/org/apache/commons/collections/ReferenceMap.java:71: error: package edu.umd.cs.findbugs.annotations does not exist
@edu.umd.cs.findbugs.annotations.SuppressWarnings
                                ^
/home/travis/build/mongodb/morphia/morphia/src/main/java/org/mongodb/morphia/mapping/lazy/CGLibLazyProxyFactory.java:15: error: package com.thoughtworks.proxy.factory does not exist
import com.thoughtworks.proxy.factory.CglibProxyFactory;
                                     ^
/home/travis/build/mongodb/morphia/morphia/src/main/java/org/mongodb/morphia/mapping/lazy/CGLibLazyProxyFactory.java:16: error: package com.thoughtworks.proxy.toys.delegate does not exist
import com.thoughtworks.proxy.toys.delegate.DelegationMode;
                                           ^
/home/travis/build/mongodb/morphia/morphia/src/main/java/org/mongodb/morphia/mapping/lazy/CGLibLazyProxyFactory.java:17: error: package com.thoughtworks.proxy.toys.dispatch does not exist
import com.thoughtworks.proxy.toys.dispatch.Dispatching;
                                           ^
/home/travis/build/mongodb/morphia/morphia/src/main/java/org/mongodb/morphia/mapping/lazy/CGLibLazyProxyFactory.java:27: error: cannot find symbol
  private final CglibProxyFactory factory = new CglibProxyFactory();
                ^
  symbol:   class CglibProxyFactory
  location: class CGLibLazyProxyFactory
/home/travis/build/mongodb/morphia/morphia/src/main/java/org/mongodb/morphia/mapping/lazy/NonFinalizingHotSwappingInvoker.java:6: error: package com.thoughtworks.proxy does not exist
import com.thoughtworks.proxy.ProxyFactory;
                             ^
/home/travis/build/mongodb/morphia/morphia/src/main/java/org/mongodb/morphia/mapping/lazy/NonFinalizingHotSwappingInvoker.java:7: error: package com.thoughtworks.proxy.kit does not exist
import com.thoughtworks.proxy.kit.ObjectReference;
                                 ^
/home/travis/build/mongodb/morphia/morphia/src/main/java/org/mongodb/morphia/mapping/lazy/NonFinalizingHotSwappingInvoker.java:8: error: package com.thoughtworks.proxy.toys.delegate does not exist
import com.thoughtworks.proxy.toys.delegate.DelegationMode;
                                           ^
/home/travis/build/mongodb/morphia/morphia/src/main/java/org/mongodb/morphia/mapping/lazy/NonFinalizingHotSwappingInvoker.java:9: error: package com.thoughtworks.proxy.toys.hotswap does not exist
import com.thoughtworks.proxy.toys.hotswap.HotSwappingInvoker;
                                          ^
/home/travis/build/mongodb/morphia/morphia/src/main/java/org/mongodb/morphia/mapping/lazy/NonFinalizingHotSwappingInvoker.java:12: error: cannot find symbol
class NonFinalizingHotSwappingInvoker extends HotSwappingInvoker {
                                              ^
  symbol: class HotSwappingInvoker
/home/travis/build/mongodb/morphia/morphia/src/main/java/org/mongodb/morphia/mapping/lazy/NonFinalizingHotSwappingInvoker.java:14: error: cannot find symbol
  public NonFinalizingHotSwappingInvoker(final Class[] types, final ProxyFactory proxyFactory, final ObjectReference delegateReference,
                                                                    ^
  symbol:   class ProxyFactory
  location: class NonFinalizingHotSwappingInvoker
/home/travis/build/mongodb/morphia/morphia/src/main/java/org/mongodb/morphia/mapping/lazy/NonFinalizingHotSwappingInvoker.java:14: error: cannot find symbol
  public NonFinalizingHotSwappingInvoker(final Class[] types, final ProxyFactory proxyFactory, final ObjectReference delegateReference,
                                                                                                     ^
  symbol:   class ObjectReference
  location: class NonFinalizingHotSwappingInvoker
/home/travis/build/mongodb/morphia/morphia/src/main/java/org/mongodb/morphia/mapping/lazy/NonFinalizingHotSwappingInvoker.java:15: error: cannot find symbol
    final DelegationMode delegationMode) {
          ^
  symbol:   class DelegationMode
  location: class NonFinalizingHotSwappingInvoker
/home/travis/build/mongodb/morphia/morphia/src/main/java/org/mongodb/morphia/mapping/lazy/proxy/AbstractReference.java:4: error: package com.thoughtworks.proxy.kit does not exist
import com.thoughtworks.proxy.kit.ObjectReference;
                                 ^
/home/travis/build/mongodb/morphia/morphia/src/main/java/org/mongodb/morphia/mapping/lazy/proxy/AbstractReference.java:17: error: cannot find symbol
public abstract class AbstractReference implements Serializable, ObjectReference, ProxiedReference {
                                                                 ^
  symbol: class ObjectReference
/home/travis/build/mongodb/morphia/morphia/src/main/java/org/mongodb/morphia/mapping/MappedClass.java:373: error: package edu.umd.cs.findbugs.annotations does not exist
    @edu.umd.cs.findbugs.annotations.SuppressWarnings("WMI_WRONG_MAP_ITERATOR")
                                    ^
/home/travis/build/mongodb/morphia/morphia/src/main/java/relocated/morphia/org/apache/commons/collections/DefaultMapEntry.java:32: warning - Tag @link: reference not found: Map.Entry
/home/travis/build/mongodb/morphia/morphia/src/main/java/relocated/morphia/org/apache/commons/collections/DefaultMapEntry.java:57: warning - Tag @link: reference not found: Map.Entry#equals(Object)
/home/travis/build/mongodb/morphia/morphia/src/main/java/relocated/morphia/org/apache/commons/collections/DefaultMapEntry.java:78: warning - Tag @link: reference not found: Map.Entry#hashCode()
/home/travis/build/mongodb/morphia/morphia/src/main/java/relocated/morphia/org/apache/commons/collections/DefaultMapEntry.java:57: warning - Tag @link: reference not found: Map.Entry#equals(Object)
/home/travis/build/mongodb/morphia/morphia/src/main/java/relocated/morphia/org/apache/commons/collections/DefaultMapEntry.java:78: warning - Tag @link: reference not found: Map.Entry#hashCode()
javadoc: warning - Class edu.umd.cs.findbugs.annotations.SuppressWarnings not found.
javadoc: warning - Class edu.umd.cs.findbugs.annotations.SuppressWarnings not found.
javadoc: warning - Class edu.umd.cs.findbugs.annotations.SuppressWarnings not found.
javadoc: warning - Class edu.umd.cs.findbugs.annotations.SuppressWarnings not found.
javadoc: warning - Class edu.umd.cs.findbugs.annotations.SuppressWarnings not found.
javadoc: warning - Class edu.umd.cs.findbugs.annotations.SuppressWarnings not found.
javadoc: warning - Class edu.umd.cs.findbugs.annotations.SuppressWarnings not found.
javadoc: warning - Class edu.umd.cs.findbugs.annotations.SuppressWarnings not found.
javadoc: warning - Class edu.umd.cs.findbugs.annotations.SuppressWarnings not found.
javadoc: warning - Class edu.umd.cs.findbugs.annotations.SuppressWarnings not found.
javadoc: warning - Class edu.umd.cs.findbugs.annotations.SuppressWarnings not found.
javadoc: warning - Class edu.umd.cs.findbugs.annotations.SuppressWarnings not found.
javadoc: warning - Class edu.umd.cs.findbugs.annotations.SuppressWarnings not found.
javadoc: warning - Class edu.umd.cs.findbugs.annotations.SuppressWarnings not found.
javadoc: warning - Class edu.umd.cs.findbugs.annotations.SuppressWarnings not found.
javadoc: warning - Class edu.umd.cs.findbugs.annotations.SuppressWarnings not found.
javadoc: warning - Class edu.umd.cs.findbugs.annotations.SuppressWarnings not found.
javadoc: warning - Class edu.umd.cs.findbugs.annotations.SuppressWarnings not found.
javadoc: warning - Class edu.umd.cs.findbugs.annotations.SuppressWarnings not found.
javadoc: warning - Class edu.umd.cs.findbugs.annotations.SuppressWarnings not found.
javadoc: warning - Class edu.umd.cs.findbugs.annotations.SuppressWarnings not found.
javadoc: warning - Class edu.umd.cs.findbugs.annotations.SuppressWarnings not found.
javadoc: warning - Class edu.umd.cs.findbugs.annotations.SuppressWarnings not found.
javadoc: warning - Class edu.umd.cs.findbugs.annotations.SuppressWarnings not found.
javadoc: warning - Class edu.umd.cs.findbugs.annotations.SuppressWarnings not found.
javadoc: warning - Class edu.umd.cs.findbugs.annotations.SuppressWarnings not found.
javadoc: warning - Class edu.umd.cs.findbugs.annotations.SuppressWarnings not found.
javadoc: warning - Class edu.umd.cs.findbugs.annotations.SuppressWarnings not found.
javadoc: warning - Class edu.umd.cs.findbugs.annotations.SuppressWarnings not found.
javadoc: warning - Class edu.umd.cs.findbugs.annotations.SuppressWarnings not found.
javadoc: warning - Class edu.umd.cs.findbugs.annotations.SuppressWarnings not found.
javadoc: warning - Class edu.umd.cs.findbugs.annotations.SuppressWarnings not found.
javadoc: warning - Class edu.umd.cs.findbugs.annotations.SuppressWarnings not found.
javadoc: warning - Class edu.umd.cs.findbugs.annotations.SuppressWarnings not found.
javadoc: warning - Class edu.umd.cs.findbugs.annotations.SuppressWarnings not found.
javadoc: warning - Class edu.umd.cs.findbugs.annotations.SuppressWarnings not found.
javadoc: warning - Class edu.umd.cs.findbugs.annotations.SuppressWarnings not found.
/home/travis/build/mongodb/morphia/morphia/src/main/java/org/mongodb/morphia/mapping/MappedField.java:53: warning - Tag @see:illegal character: "60" in "#addInterestingAnnotation(Class<? extends Annotation>)"
/home/travis/build/mongodb/morphia/morphia/src/main/java/org/mongodb/morphia/mapping/MappedField.java:53: warning - Tag @see:illegal character: "63" in "#addInterestingAnnotation(Class<? extends Annotation>)"
/home/travis/build/mongodb/morphia/morphia/src/main/java/org/mongodb/morphia/mapping/MappedField.java:53: warning - Tag @see:illegal character: "62" in "#addInterestingAnnotation(Class<? extends Annotation>)"
/home/travis/build/mongodb/morphia/morphia/src/main/java/org/mongodb/morphia/query/Query.java:98: warning - @return tag has no arguments.
/home/travis/build/mongodb/morphia/morphia/src/main/java/org/mongodb/morphia/EntityInterceptor.java:15: warning - Tag @see:illegal character: "123" in "{@link org.mongodb.morphia.annotations.PostPersist}"
/home/travis/build/mongodb/morphia/morphia/src/main/java/org/mongodb/morphia/EntityInterceptor.java:15: warning - Tag @see:illegal character: "64" in "{@link org.mongodb.morphia.annotations.PostPersist}"
/home/travis/build/mongodb/morphia/morphia/src/main/java/org/mongodb/morphia/EntityInterceptor.java:20: warning - Tag @see:illegal character: "123" in "{@link org.mongodb.morphia.annotations.PreSave}"
/home/travis/build/mongodb/morphia/morphia/src/main/java/org/mongodb/morphia/EntityInterceptor.java:20: warning - Tag @see:illegal character: "64" in "{@link org.mongodb.morphia.annotations.PreSave}"
/home/travis/build/mongodb/morphia/morphia/src/main/java/org/mongodb/morphia/EntityInterceptor.java:25: warning - Tag @see:illegal character: "123" in "{@link org.mongodb.morphia.annotations.PostPersist}"
/home/travis/build/mongodb/morphia/morphia/src/main/java/org/mongodb/morphia/EntityInterceptor.java:25: warning - Tag @see:illegal character: "64" in "{@link org.mongodb.morphia.annotations.PostPersist}"
/home/travis/build/mongodb/morphia/morphia/src/main/java/org/mongodb/morphia/EntityInterceptor.java:30: warning - Tag @see:illegal character: "123" in "{@link org.mongodb.morphia.annotations.PreLoad}"
/home/travis/build/mongodb/morphia/morphia/src/main/java/org/mongodb/morphia/EntityInterceptor.java:30: warning - Tag @see:illegal character: "64" in "{@link org.mongodb.morphia.annotations.PreLoad}"
/home/travis/build/mongodb/morphia/morphia/src/main/java/org/mongodb/morphia/EntityInterceptor.java:35: warning - Tag @see:illegal character: "123" in "{@link org.mongodb.morphia.annotations.PostLoad}"
/home/travis/build/mongodb/morphia/morphia/src/main/java/org/mongodb/morphia/EntityInterceptor.java:35: warning - Tag @see:illegal character: "64" in "{@link org.mongodb.morphia.annotations.PostLoad}"
/home/travis/build/mongodb/morphia/morphia/src/main/java/org/mongodb/morphia/EntityInterceptor.java:35: warning - Tag @see: reference not found: {@link org.mongodb.morphia.annotations.PostLoad}
/home/travis/build/mongodb/morphia/morphia/src/main/java/org/mongodb/morphia/EntityInterceptor.java:25: warning - Tag @see: reference not found: {@link org.mongodb.morphia.annotations.PostPersist}
/home/travis/build/mongodb/morphia/morphia/src/main/java/org/mongodb/morphia/EntityInterceptor.java:30: warning - Tag @see: reference not found: {@link org.mongodb.morphia.annotations.PreLoad}
/home/travis/build/mongodb/morphia/morphia/src/main/java/org/mongodb/morphia/EntityInterceptor.java:15: warning - Tag @see: reference not found: {@link org.mongodb.morphia.annotations.PostPersist}
/home/travis/build/mongodb/morphia/morphia/src/main/java/org/mongodb/morphia/EntityInterceptor.java:20: warning - Tag @see: reference not found: {@link org.mongodb.morphia.annotations.PreSave}
/home/travis/build/mongodb/morphia/morphia/src/main/java/org/mongodb/morphia/AdvancedDatastore.java:96: warning - Tag @link: reference not found: QueryFactory
/home/travis/build/mongodb/morphia/morphia/src/main/java/org/mongodb/morphia/AdvancedDatastore.java:96: warning - Tag @link: reference not found: QueryFactory
/home/travis/build/mongodb/morphia/morphia/src/main/java/org/mongodb/morphia/EntityInterceptor.java:15: warning - Tag @see: reference not found: {@link org.mongodb.morphia.annotations.PostPersist}
/home/travis/build/mongodb/morphia/morphia/src/main/java/org/mongodb/morphia/EntityInterceptor.java:20: warning - Tag @see: reference not found: {@link org.mongodb.morphia.annotations.PreSave}
/home/travis/build/mongodb/morphia/morphia/src/main/java/org/mongodb/morphia/EntityInterceptor.java:25: warning - Tag @see: reference not found: {@link org.mongodb.morphia.annotations.PostPersist}
/home/travis/build/mongodb/morphia/morphia/src/main/java/org/mongodb/morphia/EntityInterceptor.java:30: warning - Tag @see: reference not found: {@link org.mongodb.morphia.annotations.PreLoad}
/home/travis/build/mongodb/morphia/morphia/src/main/java/org/mongodb/morphia/EntityInterceptor.java:35: warning - Tag @see: reference not found: {@link org.mongodb.morphia.annotations.PostLoad}
/home/travis/build/mongodb/morphia/morphia/src/main/java/relocated/morphia/org/apache/commons/collections/DefaultMapEntry.java:32: warning - Tag @link: reference not found: Map.Entry
javadoc: warning - Class edu.umd.cs.findbugs.annotations.SuppressWarnings not found.
javadoc: warning - Class edu.umd.cs.findbugs.annotations.SuppressWarnings not found.
javadoc: warning - Class edu.umd.cs.findbugs.annotations.SuppressWarnings not found.
javadoc: warning - Class edu.umd.cs.findbugs.annotations.SuppressWarnings not found.
/home/travis/build/mongodb/morphia/morphia/src/main/java/relocated/morphia/org/apache/commons/collections/DefaultMapEntry.java:32: warning - Tag @link: reference not found: Map.Entry
javadoc: warning - Class edu.umd.cs.findbugs.annotations.SuppressWarnings not found.
/home/travis/build/mongodb/morphia/morphia/src/main/java/relocated/morphia/org/apache/commons/collections/DefaultMapEntry.java:57: warning - Tag @link: reference not found: Map.Entry#equals(Object)
javadoc: warning - Class edu.umd.cs.findbugs.annotations.SuppressWarnings not found.
javadoc: warning - Class edu.umd.cs.findbugs.annotations.SuppressWarnings not found.
/home/travis/build/mongodb/morphia/morphia/src/main/java/relocated/morphia/org/apache/commons/collections/DefaultMapEntry.java:78: warning - Tag @link: reference not found: Map.Entry#hashCode()
javadoc: warning - Class edu.umd.cs.findbugs.annotations.SuppressWarnings not found.
javadoc: warning - Class edu.umd.cs.findbugs.annotations.SuppressWarnings not found.
javadoc: warning - Class edu.umd.cs.findbugs.annotations.SuppressWarnings not found.
javadoc: warning - Class edu.umd.cs.findbugs.annotations.SuppressWarnings not found.
javadoc: warning - Class edu.umd.cs.findbugs.annotations.SuppressWarnings not found.
javadoc: warning - Class edu.umd.cs.findbugs.annotations.SuppressWarnings not found.
javadoc: warning - Class edu.umd.cs.findbugs.annotations.SuppressWarnings not found.
javadoc: warning - Class edu.umd.cs.findbugs.annotations.SuppressWarnings not found.
javadoc: warning - Class edu.umd.cs.findbugs.annotations.SuppressWarnings not found.
javadoc: warning - Class edu.umd.cs.findbugs.annotations.SuppressWarnings not found.
javadoc: warning - Class edu.umd.cs.findbugs.annotations.SuppressWarnings not found.
javadoc: warning - Class edu.umd.cs.findbugs.annotations.SuppressWarnings not found.
javadoc: warning - Class edu.umd.cs.findbugs.annotations.SuppressWarnings not found.
javadoc: warning - Class edu.umd.cs.findbugs.annotations.SuppressWarnings not found.

109 warnings
:entityscanner-plug:javadoc
:entityscanner-plug:javadocJar
:entityscanner-plug:sourcesJar
:entityscanner-plug:signArchives SKIPPED
:entityscanner-plug:assemble
:guice-plug:compileJava
Download http://repo1.maven.org/maven2/com/google/inject/guice/3.0/guice-3.0.pom
Download http://repo1.maven.org/maven2/com/google/inject/guice-parent/3.0/guice-parent-3.0.pom
Download http://repo1.maven.org/maven2/com/google/google/5/google-5.pom
Download http://repo1.maven.org/maven2/javax/inject/javax.inject/1/javax.inject-1.pom
Download http://repo1.maven.org/maven2/aopalliance/aopalliance/1.0/aopalliance-1.0.pom
Download http://repo1.maven.org/maven2/org/sonatype/sisu/inject/cglib/2.2.1-v20090111/cglib-2.2.1-v20090111.pom
Download http://repo1.maven.org/maven2/org/sonatype/forge/forge-parent/6/forge-parent-6.pom
Download http://repo1.maven.org/maven2/asm/asm/3.1/asm-3.1.pom
Download http://repo1.maven.org/maven2/asm/asm-parent/3.1/asm-parent-3.1.pom
Download http://repo1.maven.org/maven2/com/google/inject/guice/3.0/guice-3.0.jar
Download http://repo1.maven.org/maven2/javax/inject/javax.inject/1/javax.inject-1.jar
Download http://repo1.maven.org/maven2/aopalliance/aopalliance/1.0/aopalliance-1.0.jar
Download http://repo1.maven.org/maven2/org/sonatype/sisu/inject/cglib/2.2.1-v20090111/cglib-2.2.1-v20090111.jar
Download http://repo1.maven.org/maven2/asm/asm/3.1/asm-3.1.jar
warning: [options] bootstrap class path not set in conjunction with -source 1.5
Note: /home/travis/build/mongodb/morphia/guice-plug/src/main/java/org/mongodb/morphia/ext/guice/GuiceObjectFactory.java uses unchecked or unsafe operations.
Note: Recompile with -Xlint:unchecked for details.
1 warning
:guice-plug:processResources UP-TO-DATE
:guice-plug:classes
:guice-plug:jar
:guice-plug:javadoc
:guice-plug:javadocJar
:guice-plug:sourcesJar
:guice-plug:signArchives SKIPPED
:guice-plug:assemble
:gwt:compileJava UP-TO-DATE
:gwt:processResources UP-TO-DATE
:gwt:classes UP-TO-DATE
:gwt:jar
:gwt:javadoc UP-TO-DATE
:gwt:javadocJar
:gwt:sourcesJar
:gwt:signArchives SKIPPED
:gwt:assemble
:jrebel-plug:compileJava UP-TO-DATE
:jrebel-plug:processResources UP-TO-DATE
:jrebel-plug:classes UP-TO-DATE
:jrebel-plug:jar
:jrebel-plug:javadoc UP-TO-DATE
:jrebel-plug:javadocJar
:jrebel-plug:sourcesJar
:jrebel-plug:signArchives SKIPPED
:jrebel-plug:assemble
:logging-slf4j:compileJava
Download http://repo1.maven.org/maven2/org/slf4j/slf4j-api/1.7.5/slf4j-api-1.7.5.pom
Download http://repo1.maven.org/maven2/org/slf4j/slf4j-parent/1.7.5/slf4j-parent-1.7.5.pom
Download http://repo1.maven.org/maven2/org/slf4j/slf4j-api/1.7.5/slf4j-api-1.7.5.jar
warning: [options] bootstrap class path not set in conjunction with -source 1.5
1 warning
:logging-slf4j:processResources UP-TO-DATE
:logging-slf4j:classes
:logging-slf4j:jar
:logging-slf4j:javadoc
:logging-slf4j:javadocJar
:logging-slf4j:sourcesJar
:logging-slf4j:signArchives SKIPPED
:logging-slf4j:assemble
:morphia:javadocJar
:morphia:sourcesJar
:morphia:signArchives SKIPPED
:morphia:assemble
:no-proxy-deps-tests:compileJava UP-TO-DATE
:no-proxy-deps-tests:processResources UP-TO-DATE
:no-proxy-deps-tests:classes UP-TO-DATE
:no-proxy-deps-tests:jar
:no-proxy-deps-tests:javadoc UP-TO-DATE
:no-proxy-deps-tests:javadocJar
:no-proxy-deps-tests:sourcesJar
:no-proxy-deps-tests:signArchives SKIPPED
:no-proxy-deps-tests:assemble
:validation:compileJava
Download http://repo1.maven.org/maven2/javax/validation/validation-api/1.0.0.GA/validation-api-1.0.0.GA.pom
Download http://repo1.maven.org/maven2/javax/validation/validation-api/1.0.0.GA/validation-api-1.0.0.GA.jar
warning: [options] bootstrap class path not set in conjunction with -source 1.5
1 warning
:validation:processResources UP-TO-DATE
:validation:classes
:validation:jar
:validation:javadoc
:validation:javadocJar
:validation:sourcesJar
:validation:signArchives SKIPPED
:validation:assemble

BUILD SUCCESSFUL

Total time: 1 mins 2.101 secs

travis_time:end:010cf287:start=1479330147462518125,finish=1479330209960761220,duration=62498243095[0Ktravis_fold:end:install[0Ktravis_time:start:09c6650a[0K$ ./gradlew -q check
warning: [options] bootstrap class path not set in conjunction with -source 1.5
1 warning
warning: [options] bootstrap class path not set in conjunction with -source 1.5
/home/travis/build/mongodb/morphia/morphia/build/libs/morphia-0.106-SNAPSHOT.jar(org/mongodb/morphia/mapping/MappedClass.class): warning: Cannot find annotation method 'value()' in type 'SuppressWarnings': class file for edu.umd.cs.findbugs.annotations.SuppressWarnings not found
2 warnings
warning: [options] bootstrap class path not set in conjunction with -source 1.5
1 warning
warning: [options] bootstrap class path not set in conjunction with -source 1.5
Note: Some input files use or override a deprecated API.
Note: Recompile with -Xlint:deprecation for details.
1 warning

FAILURE: Build failed with an exception.

* What went wrong:
Execution failed for task ':morphia:findbugsMain'.
> FindBugs rule violations were found. See the report at: file:///home/travis/build/mongodb/morphia/morphia/build/reports/findbugs/main.html

* Try:
Run with --stacktrace option to get the stack trace. Run with --info or --debug option to get more log output.

travis_time:end:09c6650a:start=1479330209969916104,finish=1479330328977090463,duration=119007174359[0K
[31;1mThe command "./gradlew -q check" exited with 1.[0m

Done. Your build exited with 1.
