travis_fold:start:system_info[0K[33;1mBuild system information[0m
Build language: java
Build id: ''
Job id: ''
[34m[1mBuild image provisioning date and time[0m
Thu Feb  5 15:09:33 UTC 2015
[34m[1mOperating System Details[0m
Distributor ID:	Ubuntu
Description:	Ubuntu 12.04.5 LTS
Release:	12.04
Codename:	precise
[34m[1mLinux Version[0m
3.13.0-29-generic
[34m[1mCookbooks Version[0m
a68419e https://github.com/travis-ci/travis-cookbooks/tree/a68419e
[34m[1mGCC version[0m
gcc (Ubuntu/Linaro 4.6.3-1ubuntu5) 4.6.3
Copyright (C) 2011 Free Software Foundation, Inc.
This is free software; see the source for copying conditions.  There is NO
warranty; not even for MERCHANTABILITY or FITNESS FOR A PARTICULAR PURPOSE.

[34m[1mLLVM version[0m
clang version 3.4 (tags/RELEASE_34/final)
Target: x86_64-unknown-linux-gnu
Thread model: posix
[34m[1mPre-installed Ruby versions[0m
ruby-1.9.3-p551
[34m[1mPre-installed Node.js versions[0m
v0.10.36
[34m[1mPre-installed Go versions[0m
1.4.1
[34m[1mRedis version[0m
redis-server 2.8.19
[34m[1mriak version[0m
2.0.2
[34m[1mMongoDB version[0m
MongoDB 2.4.12
[34m[1mCouchDB version[0m
couchdb 1.6.1
[34m[1mNeo4j version[0m
1.9.4
[34m[1mRabbitMQ Version[0m
3.4.3
[34m[1mElasticSearch version[0m
1.4.0
[34m[1mInstalled Sphinx versions[0m
2.0.10
2.1.9
2.2.6
[34m[1mDefault Sphinx version[0m
2.2.6
[34m[1mInstalled Firefox version[0m
firefox 31.0esr
[34m[1mPhantomJS version[0m
1.9.8
[34m[1mant -version[0m
Apache Ant(TM) version 1.8.2 compiled on December 3 2011
[34m[1mmvn -version[0m
Apache Maven 3.2.5 (12a6b3acb947671f09b81f49094c53f426d8cea1; 2014-12-14T17:29:23+00:00)
Maven home: /usr/local/maven
Java version: 1.7.0_76, vendor: Oracle Corporation
Java home: /usr/lib/jvm/java-7-oracle/jre
Default locale: en_US, platform encoding: ANSI_X3.4-1968
OS name: "linux", version: "3.13.0-29-generic", arch: "amd64", family: "unix"
travis_fold:end:system_info[0K
sed: cannot rename /etc/hosts: Device or resource busy
sed: cannot rename /etc/hosts: Device or resource busy
$ cd embulk/embulk
$ jdk_switcher use oraclejdk8
Switching to Oracle JDK8 (java-8-oracle), JAVA_HOME will be set to /usr/lib/jvm/java-8-oracle
$ export TERM=dumb
$ java -Xmx32m -version
java version "1.8.0_31"
Java(TM) SE Runtime Environment (build 1.8.0_31-b13)
Java HotSpot(TM) 64-Bit Server VM (build 25.31-b07, mixed mode)
$ javac -J-Xmx32m -version
javac 1.8.0_31
travis_fold:start:install[0Ktravis_time:start:00432f38[0K$ ./gradlew assemble
Downloading https://services.gradle.org/distributions/gradle-2.2.1-bin.zip
..................................................................................................................................................................................................................................................................................................................................................................................................................................................................................................................................................................................................................................................................................................................................................................................................................................................................................................................................................................................................................................................................................................................................................................................................................................................................................................................................................................................................................................................................................................................................................................................................................................................................................................................................................................................................................................................................................................................................................................................................................................................................................................................................................................
Unzipping /home/travis/.gradle/wrapper/dists/gradle-2.2.1-bin/3rn023ng4778ktj66tonmgpbv/gradle-2.2.1-bin.zip to /home/travis/.gradle/wrapper/dists/gradle-2.2.1-bin/3rn023ng4778ktj66tonmgpbv
Set executable permissions for: /home/travis/.gradle/wrapper/dists/gradle-2.2.1-bin/3rn023ng4778ktj66tonmgpbv/gradle-2.2.1/bin/gradle
Download https://plugins.gradle.org/m2/com/jfrog/bintray/gradle/gradle-bintray-plugin/1.1/gradle-bintray-plugin-1.1.pom
Download https://plugins.gradle.org/m2/com/github/ben-manes/gradle-versions-plugin/0.7/gradle-versions-plugin-0.7.pom
Download https://plugins.gradle.org/m2/com/github/jruby-gradle/jruby-gradle-plugin/0.1.5/jruby-gradle-plugin-0.1.5.pom
Download https://plugins.gradle.org/m2/com/github/jengelman/gradle/plugins/shadow/1.2.0/shadow-1.2.0.pom
Download https://plugins.gradle.org/m2/org/codehaus/groovy/modules/http-builder/http-builder/0.7.2/http-builder-0.7.2.pom
Download https://plugins.gradle.org/m2/com/thoughtworks/xstream/xstream/1.4.7/xstream-1.4.7.pom
Download https://plugins.gradle.org/m2/com/thoughtworks/xstream/xstream-parent/1.4.7/xstream-parent-1.4.7.pom
Download https://plugins.gradle.org/m2/org/codehaus/codehaus-parent/3/codehaus-parent-3.pom
Download https://plugins.gradle.org/m2/org/jdom/jdom2/2.0.5/jdom2-2.0.5.pom
Download https://plugins.gradle.org/m2/org/ow2/asm/asm/5.0.3/asm-5.0.3.pom
Download https://plugins.gradle.org/m2/org/ow2/asm/asm-parent/5.0.3/asm-parent-5.0.3.pom
Download https://plugins.gradle.org/m2/org/ow2/ow2/1.3/ow2-1.3.pom
Download https://plugins.gradle.org/m2/org/ow2/asm/asm-commons/5.0.3/asm-commons-5.0.3.pom
Download https://plugins.gradle.org/m2/commons-io/commons-io/2.4/commons-io-2.4.pom
Download https://plugins.gradle.org/m2/org/apache/commons/commons-parent/25/commons-parent-25.pom
Download https://plugins.gradle.org/m2/org/apache/apache/9/apache-9.pom
Download https://plugins.gradle.org/m2/org/apache/ant/ant/1.9.4/ant-1.9.4.pom
Download https://plugins.gradle.org/m2/org/apache/ant/ant-parent/1.9.4/ant-parent-1.9.4.pom
Download https://plugins.gradle.org/m2/org/apache/httpcomponents/httpclient/4.2.1/httpclient-4.2.1.pom
Download https://plugins.gradle.org/m2/org/apache/httpcomponents/httpcomponents-client/4.2.1/httpcomponents-client-4.2.1.pom
Download https://plugins.gradle.org/m2/org/apache/httpcomponents/project/6/project-6.pom
Download https://plugins.gradle.org/m2/net/sf/json-lib/json-lib/2.3/json-lib-2.3.pom
Download https://plugins.gradle.org/m2/net/sourceforge/nekohtml/nekohtml/1.9.16/nekohtml-1.9.16.pom
Download https://plugins.gradle.org/m2/xml-resolver/xml-resolver/1.2/xml-resolver-1.2.pom
Download https://plugins.gradle.org/m2/org/apache/apache/3/apache-3.pom
Download https://plugins.gradle.org/m2/xmlpull/xmlpull/1.1.3.1/xmlpull-1.1.3.1.pom
Download https://plugins.gradle.org/m2/xpp3/xpp3_min/1.1.4c/xpp3_min-1.1.4c.pom
Download https://plugins.gradle.org/m2/org/ow2/asm/asm-tree/5.0.3/asm-tree-5.0.3.pom
Download https://plugins.gradle.org/m2/org/apache/ant/ant-launcher/1.9.4/ant-launcher-1.9.4.pom
Download https://plugins.gradle.org/m2/org/apache/httpcomponents/httpcore/4.2.1/httpcore-4.2.1.pom
Download https://plugins.gradle.org/m2/org/apache/httpcomponents/httpcomponents-core/4.2.1/httpcomponents-core-4.2.1.pom
Download https://plugins.gradle.org/m2/commons-logging/commons-logging/1.1.1/commons-logging-1.1.1.pom
Download https://plugins.gradle.org/m2/org/apache/commons/commons-parent/5/commons-parent-5.pom
Download https://plugins.gradle.org/m2/org/apache/apache/4/apache-4.pom
Download https://plugins.gradle.org/m2/commons-codec/commons-codec/1.6/commons-codec-1.6.pom
Download https://plugins.gradle.org/m2/org/apache/commons/commons-parent/22/commons-parent-22.pom
Download https://plugins.gradle.org/m2/commons-beanutils/commons-beanutils/1.8.0/commons-beanutils-1.8.0.pom
Download https://plugins.gradle.org/m2/org/apache/commons/commons-parent/11/commons-parent-11.pom
Download https://plugins.gradle.org/m2/commons-collections/commons-collections/3.2.1/commons-collections-3.2.1.pom
Download https://plugins.gradle.org/m2/org/apache/commons/commons-parent/9/commons-parent-9.pom
Download https://plugins.gradle.org/m2/commons-lang/commons-lang/2.4/commons-lang-2.4.pom
Download https://plugins.gradle.org/m2/net/sf/ezmorph/ezmorph/1.0.6/ezmorph-1.0.6.pom
Download https://plugins.gradle.org/m2/xerces/xercesImpl/2.9.1/xercesImpl-2.9.1.pom
Download https://plugins.gradle.org/m2/com/jfrog/bintray/gradle/gradle-bintray-plugin/1.1/gradle-bintray-plugin-1.1.jar
Download https://plugins.gradle.org/m2/com/github/ben-manes/gradle-versions-plugin/0.7/gradle-versions-plugin-0.7.jar
Download https://plugins.gradle.org/m2/com/github/jruby-gradle/jruby-gradle-plugin/0.1.5/jruby-gradle-plugin-0.1.5.jar
Download https://plugins.gradle.org/m2/com/github/jengelman/gradle/plugins/shadow/1.2.0/shadow-1.2.0.jar
Download https://plugins.gradle.org/m2/org/codehaus/groovy/modules/http-builder/http-builder/0.7.2/http-builder-0.7.2.jar
Download https://plugins.gradle.org/m2/com/thoughtworks/xstream/xstream/1.4.7/xstream-1.4.7.jar
Download https://plugins.gradle.org/m2/org/jdom/jdom2/2.0.5/jdom2-2.0.5.jar
Download https://plugins.gradle.org/m2/org/ow2/asm/asm/5.0.3/asm-5.0.3.jar
Download https://plugins.gradle.org/m2/org/ow2/asm/asm-commons/5.0.3/asm-commons-5.0.3.jar
Download https://plugins.gradle.org/m2/commons-io/commons-io/2.4/commons-io-2.4.jar
Download https://plugins.gradle.org/m2/org/apache/ant/ant/1.9.4/ant-1.9.4.jar
Download https://plugins.gradle.org/m2/org/apache/httpcomponents/httpclient/4.2.1/httpclient-4.2.1.jar
Download https://plugins.gradle.org/m2/net/sf/json-lib/json-lib/2.3/json-lib-2.3-jdk15.jar
Download https://plugins.gradle.org/m2/net/sourceforge/nekohtml/nekohtml/1.9.16/nekohtml-1.9.16.jar
Download https://plugins.gradle.org/m2/xml-resolver/xml-resolver/1.2/xml-resolver-1.2.jar
Download https://plugins.gradle.org/m2/xmlpull/xmlpull/1.1.3.1/xmlpull-1.1.3.1.jar
Download https://plugins.gradle.org/m2/xpp3/xpp3_min/1.1.4c/xpp3_min-1.1.4c.jar
Download https://plugins.gradle.org/m2/org/ow2/asm/asm-tree/5.0.3/asm-tree-5.0.3.jar
Download https://plugins.gradle.org/m2/org/apache/ant/ant-launcher/1.9.4/ant-launcher-1.9.4.jar
Download https://plugins.gradle.org/m2/org/apache/httpcomponents/httpcore/4.2.1/httpcore-4.2.1.jar
Download https://plugins.gradle.org/m2/commons-logging/commons-logging/1.1.1/commons-logging-1.1.1.jar
Download https://plugins.gradle.org/m2/commons-codec/commons-codec/1.6/commons-codec-1.6.jar
Download https://plugins.gradle.org/m2/commons-beanutils/commons-beanutils/1.8.0/commons-beanutils-1.8.0.jar
Download https://plugins.gradle.org/m2/commons-collections/commons-collections/3.2.1/commons-collections-3.2.1.jar
Download https://plugins.gradle.org/m2/commons-lang/commons-lang/2.4/commons-lang-2.4.jar
Download https://plugins.gradle.org/m2/net/sf/ezmorph/ezmorph/1.0.6/ezmorph-1.0.6.jar
Download https://plugins.gradle.org/m2/xerces/xercesImpl/2.9.1/xercesImpl-2.9.1.jar
Publications(s) specified but no publications exist in project :.
:compileJava UP-TO-DATE
:processResources UP-TO-DATE
:classes UP-TO-DATE
:jar
:assemble
:embulk-core:compileJava
Download https://repo1.maven.org/maven2/com/google/guava/guava/18.0/guava-18.0.pom
Download https://repo1.maven.org/maven2/com/google/guava/guava-parent/18.0/guava-parent-18.0.pom
Download https://repo1.maven.org/maven2/org/sonatype/oss/oss-parent/7/oss-parent-7.pom
Download https://repo1.maven.org/maven2/com/google/inject/guice/3.0/guice-3.0.pom
Download https://repo1.maven.org/maven2/com/google/inject/guice-parent/3.0/guice-parent-3.0.pom
Download https://repo1.maven.org/maven2/com/google/google/5/google-5.pom
Download https://repo1.maven.org/maven2/com/google/inject/extensions/guice-multibindings/3.0/guice-multibindings-3.0.pom
Download https://repo1.maven.org/maven2/com/google/inject/extensions/extensions-parent/3.0/extensions-parent-3.0.pom
Download https://repo1.maven.org/maven2/javax/inject/javax.inject/1/javax.inject-1.pom
Download https://repo1.maven.org/maven2/com/fasterxml/jackson/core/jackson-annotations/2.5.0/jackson-annotations-2.5.0.pom
Download https://repo1.maven.org/maven2/com/fasterxml/jackson/jackson-parent/2.5/jackson-parent-2.5.pom
Download https://repo1.maven.org/maven2/com/fasterxml/oss-parent/18/oss-parent-18.pom
Download https://repo1.maven.org/maven2/com/fasterxml/jackson/core/jackson-core/2.5.0/jackson-core-2.5.0.pom
Download https://repo1.maven.org/maven2/com/fasterxml/jackson/core/jackson-databind/2.5.0/jackson-databind-2.5.0.pom
Download https://repo1.maven.org/maven2/com/fasterxml/jackson/datatype/jackson-datatype-guava/2.5.0/jackson-datatype-guava-2.5.0.pom
Download https://repo1.maven.org/maven2/com/fasterxml/jackson/datatype/jackson-datatype-joda/2.5.0/jackson-datatype-joda-2.5.0.pom
Download https://repo1.maven.org/maven2/com/fasterxml/jackson/module/jackson-module-guice/2.5.0/jackson-module-guice-2.5.0.pom
Download https://repo1.maven.org/maven2/log4j/log4j/1.2.17/log4j-1.2.17.pom
Download https://repo1.maven.org/maven2/org/slf4j/slf4j-api/1.7.10/slf4j-api-1.7.10.pom
Download https://repo1.maven.org/maven2/org/slf4j/slf4j-parent/1.7.10/slf4j-parent-1.7.10.pom
Download https://repo1.maven.org/maven2/org/slf4j/slf4j-log4j12/1.7.10/slf4j-log4j12-1.7.10.pom
Download https://repo1.maven.org/maven2/org/jruby/jruby-complete/1.7.19/jruby-complete-1.7.19.pom
Download https://repo1.maven.org/maven2/org/jruby/jruby-artifacts/1.7.19/jruby-artifacts-1.7.19.pom
Download https://repo1.maven.org/maven2/org/jruby/jruby-parent/1.7.19/jruby-parent-1.7.19.pom
Download https://repo1.maven.org/maven2/com/google/code/findbugs/annotations/3.0.0/annotations-3.0.0.pom
Download https://repo1.maven.org/maven2/org/yaml/snakeyaml/1.14/snakeyaml-1.14.pom
Download https://repo1.maven.org/maven2/javax/validation/validation-api/1.1.0.Final/validation-api-1.1.0.Final.pom
Download https://repo1.maven.org/maven2/org/apache/bval/bval-jsr303/0.5/bval-jsr303-0.5.pom
Download https://repo1.maven.org/maven2/org/apache/bval/bval-parent/0.5/bval-parent-0.5.pom
Download https://repo1.maven.org/maven2/org/apache/apache/10/apache-10.pom
Download https://repo1.maven.org/maven2/io/airlift/slice/0.9/slice-0.9.pom
Download https://repo1.maven.org/maven2/io/airlift/airbase/21/airbase-21.pom
Download https://repo1.maven.org/maven2/org/sonatype/oss/oss-parent/9/oss-parent-9.pom
Download https://repo1.maven.org/maven2/joda-time/joda-time/2.7/joda-time-2.7.pom
Download https://repo1.maven.org/maven2/io/netty/netty-buffer/5.0.0.Alpha1/netty-buffer-5.0.0.Alpha1.pom
Download https://repo1.maven.org/maven2/io/netty/netty-parent/5.0.0.Alpha1/netty-parent-5.0.0.Alpha1.pom
Download https://repo1.maven.org/maven2/com/ibm/icu/icu4j/54.1.1/icu4j-54.1.1.pom
Download https://repo1.maven.org/maven2/aopalliance/aopalliance/1.0/aopalliance-1.0.pom
Download https://repo1.maven.org/maven2/org/apache/bval/bval-core/0.5/bval-core-0.5.pom
Download https://repo1.maven.org/maven2/org/apache/commons/commons-lang3/3.1/commons-lang3-3.1.pom
Download https://repo1.maven.org/maven2/io/netty/netty-common/5.0.0.Alpha1/netty-common-5.0.0.Alpha1.pom
Download https://repo1.maven.org/maven2/commons-beanutils/commons-beanutils-core/1.8.3/commons-beanutils-core-1.8.3.pom
Download https://repo1.maven.org/maven2/com/google/guava/guava/18.0/guava-18.0.jar
Download https://repo1.maven.org/maven2/com/google/inject/guice/3.0/guice-3.0.jar
Download https://repo1.maven.org/maven2/com/google/inject/extensions/guice-multibindings/3.0/guice-multibindings-3.0.jar
Download https://repo1.maven.org/maven2/javax/inject/javax.inject/1/javax.inject-1.jar
Download https://repo1.maven.org/maven2/com/fasterxml/jackson/core/jackson-annotations/2.5.0/jackson-annotations-2.5.0.jar
Download https://repo1.maven.org/maven2/com/fasterxml/jackson/core/jackson-core/2.5.0/jackson-core-2.5.0.jar
Download https://repo1.maven.org/maven2/com/fasterxml/jackson/core/jackson-databind/2.5.0/jackson-databind-2.5.0.jar
Download https://repo1.maven.org/maven2/com/fasterxml/jackson/datatype/jackson-datatype-guava/2.5.0/jackson-datatype-guava-2.5.0.jar
Download https://repo1.maven.org/maven2/com/fasterxml/jackson/datatype/jackson-datatype-joda/2.5.0/jackson-datatype-joda-2.5.0.jar
Download https://repo1.maven.org/maven2/com/fasterxml/jackson/module/jackson-module-guice/2.5.0/jackson-module-guice-2.5.0.jar
Download https://repo1.maven.org/maven2/log4j/log4j/1.2.17/log4j-1.2.17.jar
Download https://repo1.maven.org/maven2/org/slf4j/slf4j-api/1.7.10/slf4j-api-1.7.10.jar
Download https://repo1.maven.org/maven2/org/slf4j/slf4j-log4j12/1.7.10/slf4j-log4j12-1.7.10.jar
Download https://repo1.maven.org/maven2/org/jruby/jruby-complete/1.7.19/jruby-complete-1.7.19.jar
Download https://repo1.maven.org/maven2/com/google/code/findbugs/annotations/3.0.0/annotations-3.0.0.jar
Download https://repo1.maven.org/maven2/org/yaml/snakeyaml/1.14/snakeyaml-1.14.jar
Download https://repo1.maven.org/maven2/javax/validation/validation-api/1.1.0.Final/validation-api-1.1.0.Final.jar
Download https://repo1.maven.org/maven2/org/apache/bval/bval-jsr303/0.5/bval-jsr303-0.5.jar
Download https://repo1.maven.org/maven2/io/airlift/slice/0.9/slice-0.9.jar
Download https://repo1.maven.org/maven2/joda-time/joda-time/2.7/joda-time-2.7.jar
Download https://repo1.maven.org/maven2/io/netty/netty-buffer/5.0.0.Alpha1/netty-buffer-5.0.0.Alpha1.jar
Download https://repo1.maven.org/maven2/com/ibm/icu/icu4j/54.1.1/icu4j-54.1.1.jar
Download https://repo1.maven.org/maven2/aopalliance/aopalliance/1.0/aopalliance-1.0.jar
Download https://repo1.maven.org/maven2/org/apache/bval/bval-core/0.5/bval-core-0.5.jar
Download https://repo1.maven.org/maven2/org/apache/commons/commons-lang3/3.1/commons-lang3-3.1.jar
Download https://repo1.maven.org/maven2/io/netty/netty-common/5.0.0.Alpha1/netty-common-5.0.0.Alpha1.jar
Download https://repo1.maven.org/maven2/commons-beanutils/commons-beanutils-core/1.8.3/commons-beanutils-core-1.8.3.jar
warning: [options] bootstrap class path not set in conjunction with -source 1.7
Note: Some input files use or override a deprecated API.
Note: Recompile with -Xlint:deprecation for details.
1 warning
:embulk-core:processResources
:embulk-core:classes
:embulk-core:jar
:embulk-standards:compileJavawarning: [options] bootstrap class path not set in conjunction with -source 1.7
1 warning

:embulk-standards:processResources
:embulk-standards:classes
:embulk-standards:jar
:embulk-cli:compileJavawarning: [options] bootstrap class path not set in conjunction with -source 1.7
1 warning

:embulk-cli:processResources UP-TO-DATE
:embulk-cli:classes
:embulk-cli:jar
:embulk-core:javadoc
:embulk-standards:javadoc
:embulk-cli:javadoc
:embulk-cli:javadocJar
:embulk-cli:sourcesJar
:embulk-cli:assemble
:embulk-core:javadocJar
:embulk-core:sourcesJar
:embulk-core:assemble
:embulk-docs:compileJava UP-TO-DATE
:embulk-docs:processResources UP-TO-DATE
:embulk-docs:classes UP-TO-DATE
:embulk-docs:jar
:embulk-docs:javadoc UP-TO-DATE
:embulk-docs:javadocJar
:embulk-docs:sourcesJar
:embulk-docs:assemble
:embulk-standards:javadocJar
:embulk-standards:sourcesJar
:embulk-standards:assemble

BUILD SUCCESSFUL

Total time: 1 mins 33.429 secs

travis_time:end:00432f38:start=1479320042321543330,finish=1479320136334443426,duration=94012900096[0Ktravis_fold:end:install[0Ktravis_time:start:0ce90dc0[0K$ ./gradlew check
Publications(s) specified but no publications exist in project :.
:compileJava UP-TO-DATE
:processResources UP-TO-DATE
:classes UP-TO-DATE
:compileTestJava UP-TO-DATE
:processTestResources UP-TO-DATE
:testClasses UP-TO-DATE
:test UP-TO-DATE
:check UP-TO-DATE
:embulk-core:compileJava UP-TO-DATE
:embulk-core:processResources UP-TO-DATE
:embulk-core:classes UP-TO-DATE
:embulk-core:jar UP-TO-DATE
:embulk-standards:compileJava UP-TO-DATE
:embulk-standards:processResources UP-TO-DATE
:embulk-standards:classes UP-TO-DATE
:embulk-standards:jar UP-TO-DATE
:embulk-cli:compileJava UP-TO-DATE
:embulk-cli:processResources UP-TO-DATE
:embulk-cli:classes UP-TO-DATE
:embulk-cli:findbugsMain
Download https://repo1.maven.org/maven2/com/google/code/findbugs/findbugs/3.0.0/findbugs-3.0.0.pom
Download https://repo1.maven.org/maven2/com/google/code/findbugs/bcel-findbugs/6.0/bcel-findbugs-6.0.pom
Download https://repo1.maven.org/maven2/com/google/code/findbugs/jFormatString/3.0.0/jFormatString-3.0.0.pom
Download https://repo1.maven.org/maven2/dom4j/dom4j/1.6.1/dom4j-1.6.1.pom
Download https://repo1.maven.org/maven2/jaxen/jaxen/1.1.6/jaxen-1.1.6.pom
Download https://repo1.maven.org/maven2/org/ow2/asm/asm-debug-all/5.0.2/asm-debug-all-5.0.2.pom
Download https://repo1.maven.org/maven2/org/ow2/asm/asm-parent/5.0.2/asm-parent-5.0.2.pom
Download https://repo1.maven.org/maven2/commons-lang/commons-lang/2.6/commons-lang-2.6.pom
Download https://repo1.maven.org/maven2/org/apache/commons/commons-parent/17/commons-parent-17.pom
Download https://repo1.maven.org/maven2/org/apache/apache/7/apache-7.pom
Download https://repo1.maven.org/maven2/xml-apis/xml-apis/1.0.b2/xml-apis-1.0.b2.pom
Download https://repo1.maven.org/maven2/com/google/code/findbugs/findbugs/3.0.0/findbugs-3.0.0.jar
Download https://repo1.maven.org/maven2/com/google/code/findbugs/bcel-findbugs/6.0/bcel-findbugs-6.0.jar
Download https://repo1.maven.org/maven2/com/google/code/findbugs/jFormatString/3.0.0/jFormatString-3.0.0.jar
Download https://repo1.maven.org/maven2/dom4j/dom4j/1.6.1/dom4j-1.6.1.jar
Download https://repo1.maven.org/maven2/jaxen/jaxen/1.1.6/jaxen-1.1.6.jar
Download https://repo1.maven.org/maven2/org/ow2/asm/asm-debug-all/5.0.2/asm-debug-all-5.0.2.jar
Download https://repo1.maven.org/maven2/commons-lang/commons-lang/2.6/commons-lang-2.6.jar
Download https://repo1.maven.org/maven2/xml-apis/xml-apis/1.0.b2/xml-apis-1.0.b2.jar
:embulk-core:compileTestJava
Download https://repo1.maven.org/maven2/junit/junit/4.12/junit-4.12.pom
Download https://repo1.maven.org/maven2/org/hamcrest/hamcrest-core/1.3/hamcrest-core-1.3.pom
Download https://repo1.maven.org/maven2/org/hamcrest/hamcrest-parent/1.3/hamcrest-parent-1.3.pom
Download https://repo1.maven.org/maven2/junit/junit/4.12/junit-4.12.jar
Download https://repo1.maven.org/maven2/org/hamcrest/hamcrest-core/1.3/hamcrest-core-1.3.jar
warning: [options] bootstrap class path not set in conjunction with -source 1.7
1 warning
:embulk-core:processTestResources UP-TO-DATE
:embulk-core:testClasses
:embulk-cli:compileTestJava UP-TO-DATE
:embulk-cli:processTestResources UP-TO-DATE
:embulk-cli:testClasses UP-TO-DATE
:embulk-cli:findbugsTest UP-TO-DATE
:embulk-cli:test UP-TO-DATE
:embulk-cli:check
:embulk-core:findbugsMain
FindBugs rule violations were found. See the report at: file:///home/travis/build/embulk/embulk/embulk-core/build/reports/findbugs/main.html
:embulk-core:findbugsTest
FindBugs rule violations were found. See the report at: file:///home/travis/build/embulk/embulk/embulk-core/build/reports/findbugs/test.html
:embulk-core:test
Download https://repo1.maven.org/maven2/org/jacoco/org.jacoco.agent/0.7.1.201405082137/org.jacoco.agent-0.7.1.201405082137.pom
Download https://repo1.maven.org/maven2/org/jacoco/org.jacoco.build/0.7.1.201405082137/org.jacoco.build-0.7.1.201405082137.pom
Download https://repo1.maven.org/maven2/org/jacoco/org.jacoco.agent/0.7.1.201405082137/org.jacoco.agent-0.7.1.201405082137.jar

org.embulk.spi.TestPageBuilderReader > testNull FAILED
    java.lang.OutOfMemoryError at TestPageBuilderReader.java:158

org.embulk.spi.TestPageBuilderReader > testDuplicateStrings FAILED
    java.lang.OutOfMemoryError at TestPageBuilderReader.java:158

org.embulk.spi.TestPageBuilderReader > testMixedTypes FAILED
    java.lang.OutOfMemoryError at TestPageBuilderReader.java:158

org.embulk.spi.TestPageBuilderReader > testBoolean FAILED
    java.lang.OutOfMemoryError at TestPageBuilderReader.java:158

org.embulk.spi.TestPageBuilderReader > testEmptySchema FAILED
    java.lang.OutOfMemoryError

org.embulk.spi.TestPageBuilderReader > testTimestamp FAILED
    java.lang.OutOfMemoryError

org.embulk.spi.TestPageBuilderReader > testDouble FAILED
    java.lang.OutOfMemoryError

org.embulk.spi.TestPageBuilderReader > testUniqueStrings FAILED
    java.lang.OutOfMemoryError

org.embulk.spi.TestPageBuilderReader > testDuplicateStringsMultiColumns FAILED
    java.lang.OutOfMemoryError

org.embulk.spi.util.TestLineEncoder > testAddLine FAILED
    java.lang.OutOfMemoryError

org.embulk.spi.util.TestLineEncoder > testAddTextAddNewLine FAILED
    java.lang.OutOfMemoryError

org.embulk.spi.util.TestLineEncoder > testCharset FAILED
    java.lang.OutOfMemoryError

org.embulk.spi.util.TestLineEncoder > testNewLine FAILED
    java.lang.OutOfMemoryError

58 tests completed, 13 failed
:embulk-core:test FAILED

FAILURE: Build failed with an exception.

* What went wrong:
Execution failed for task ':embulk-core:test'.
> There were failing tests. See the report at: file:///home/travis/build/embulk/embulk/embulk-core/build/reports/tests/index.html

* Try:
Run with --stacktrace option to get the stack trace. Run with --info or --debug option to get more log output.

BUILD FAILED

Total time: 53.717 secs

travis_time:end:0ce90dc0:start=1479320136351671868,finish=1479320190690830302,duration=54339158434[0K
[31;1mThe command "./gradlew check" exited with 1.[0m
travis_time:start:0614f8a6[0K$ ./embulk-docs/push-gh-pages.sh
Publications(s) specified but no publications exist in project :.
:embulk-core:compileJava UP-TO-DATE
:embulk-core:processResources UP-TO-DATE
:embulk-core:classes UP-TO-DATE
:embulk-core:javadoc UP-TO-DATE
:embulk-docs:javadoc_html
:embulk-docs:rdoc_html FAILED

FAILURE: Build failed with an exception.

* What went wrong:
Execution failed for task ':embulk-docs:rdoc_html'.
> A problem occurred starting process 'command 'yardoc''

* Try:
Run with --stacktrace option to get the stack trace. Run with --info or --debug option to get more log output.

BUILD FAILED

Total time: 6.483 secs

travis_time:end:0614f8a6:start=1479320190760372765,finish=1479320197824387569,duration=7064014804[0K
[31;1mThe command "./embulk-docs/push-gh-pages.sh" exited with 1.[0m

Done. Your build exited with 1.
