travis_fold:start:system_info[0K[33;1mBuild system information[0m
Build language: java
Build id: ''
Job id: ''
[34m[1mBuild image provisioning date and time[0m
Thu Feb  5 15:09:33 UTC 2015
[34m[1mOperating System Details[0m
Distributor ID:	Ubuntu
Description:	Ubuntu 12.04.5 LTS
Release:	12.04
Codename:	precise
[34m[1mLinux Version[0m
3.13.0-29-generic
[34m[1mCookbooks Version[0m
a68419e https://github.com/travis-ci/travis-cookbooks/tree/a68419e
[34m[1mGCC version[0m
gcc (Ubuntu/Linaro 4.6.3-1ubuntu5) 4.6.3
Copyright (C) 2011 Free Software Foundation, Inc.
This is free software; see the source for copying conditions.  There is NO
warranty; not even for MERCHANTABILITY or FITNESS FOR A PARTICULAR PURPOSE.

[34m[1mLLVM version[0m
clang version 3.4 (tags/RELEASE_34/final)
Target: x86_64-unknown-linux-gnu
Thread model: posix
[34m[1mPre-installed Ruby versions[0m
ruby-1.9.3-p551
[34m[1mPre-installed Node.js versions[0m
v0.10.36
[34m[1mPre-installed Go versions[0m
1.4.1
[34m[1mRedis version[0m
redis-server 2.8.19
[34m[1mriak version[0m
2.0.2
[34m[1mMongoDB version[0m
MongoDB 2.4.12
[34m[1mCouchDB version[0m
couchdb 1.6.1
[34m[1mNeo4j version[0m
1.9.4
[34m[1mRabbitMQ Version[0m
3.4.3
[34m[1mElasticSearch version[0m
1.4.0
[34m[1mInstalled Sphinx versions[0m
2.0.10
2.1.9
2.2.6
[34m[1mDefault Sphinx version[0m
2.2.6
[34m[1mInstalled Firefox version[0m
firefox 31.0esr
[34m[1mPhantomJS version[0m
1.9.8
[34m[1mant -version[0m
Apache Ant(TM) version 1.8.2 compiled on December 3 2011
[34m[1mmvn -version[0m
Apache Maven 3.2.5 (12a6b3acb947671f09b81f49094c53f426d8cea1; 2014-12-14T17:29:23+00:00)
Maven home: /usr/local/maven
Java version: 1.7.0_76, vendor: Oracle Corporation
Java home: /usr/lib/jvm/java-7-oracle/jre
Default locale: en_US, platform encoding: ANSI_X3.4-1968
OS name: "linux", version: "3.13.0-29-generic", arch: "amd64", family: "unix"
travis_fold:end:system_info[0K
sed: cannot rename /etc/hosts: Device or resource busy
sed: cannot rename /etc/hosts: Device or resource busy
$ cd RS485/LogisticsPipes
$ jdk_switcher use oraclejdk7
Switching to Oracle JDK7 (java-7-oracle), JAVA_HOME will be set to /usr/lib/jvm/java-7-oracle
$ java -Xmx32m -version
java version "1.7.0_76"
Java(TM) SE Runtime Environment (build 1.7.0_76-b13)
Java HotSpot(TM) 64-Bit Server VM (build 24.76-b04, mixed mode)
$ javac -J-Xmx32m -version
javac 1.7.0_76
travis_fold:start:before_script.1[0Ktravis_time:start:0f15817b[0K$ sudo apt-get install astyle expect
Reading package lists...
Building dependency tree...
Reading state information...
The following extra packages will be installed:
  tcl8.5
Suggested packages:
  tclreadline
The following NEW packages will be installed:
  astyle expect tcl8.5
0 upgraded, 3 newly installed, 0 to remove and 9 not upgraded.
Need to get 1,423 kB of archives.
After this operation, 4,697 kB of additional disk space will be used.
Get:1 http://us.archive.ubuntu.com/ubuntu/ precise/universe astyle amd64 2.01-1 [162 kB]
Get:2 http://us.archive.ubuntu.com/ubuntu/ precise/main tcl8.5 amd64 8.5.11-1ubuntu1 [1,098 kB]
Get:3 http://us.archive.ubuntu.com/ubuntu/ precise/main expect amd64 5.45-2 [163 kB]
Fetched 1,423 kB in 1s (1,257 kB/s)
Selecting previously unselected package astyle.
(Reading database ... 72019 files and directories currently installed.)
Unpacking astyle (from .../astyle_2.01-1_amd64.deb) ...
Selecting previously unselected package tcl8.5.
Unpacking tcl8.5 (from .../tcl8.5_8.5.11-1ubuntu1_amd64.deb) ...
Selecting previously unselected package expect.
Unpacking expect (from .../expect_5.45-2_amd64.deb) ...
Processing triggers for man-db ...
Setting up astyle (2.01-1) ...
Setting up tcl8.5 (8.5.11-1ubuntu1) ...
update-alternatives: using /usr/bin/tclsh8.5 to provide /usr/bin/tclsh (tclsh) in auto mode.
Setting up expect (5.45-2) ...
Processing triggers for libc-bin ...
ldconfig deferred processing now taking place

travis_time:end:0f15817b:start=1479520065590265233,finish=1479520072536038841,duration=6945773608[0Ktravis_fold:end:before_script.1[0Ktravis_fold:start:before_script.2[0Ktravis_time:start:171e35d6[0K$ mkdir src

travis_time:end:171e35d6:start=1479520072548268200,finish=1479520072561567668,duration=13299468[0Ktravis_fold:end:before_script.2[0Ktravis_fold:start:before_script.3[0Ktravis_time:start:058bfe98[0K$ find -maxdepth 1 -not -name src -not -name . -exec mv '{}' 'src/{}' \;

travis_time:end:058bfe98:start=1479520072574635349,finish=1479520072905111118,duration=330475769[0Ktravis_fold:end:before_script.3[0Ktravis_fold:start:before_script.4[0Ktravis_time:start:0ac703b2[0K$ cd src

travis_time:end:0ac703b2:start=1479520072914911100,finish=1479520072925048360,duration=10137260[0Ktravis_fold:end:before_script.4[0Ktravis_time:start:013e7a1c[0K$ ant test
Buildfile: /home/travis/build/RS485/LogisticsPipes/src/build.xml

vars-test:

init-msg:
     [echo] Starting build for 0.0.0.0 for MC 1.5.2 for BC 3.7.1

clean:

setup:
    [mkdir] Created dir: /home/travis/build/RS485/LogisticsPipes/download
      [get] Getting: http://www.theZorro266.com/rs485/mcp751.zip
      [get] To: /home/travis/build/RS485/LogisticsPipes/download/mcp751.zip
      [get] Error getting http://www.theZorro266.com/rs485/mcp751.zip to /home/travis/build/RS485/LogisticsPipes/download/mcp751.zip

BUILD FAILED
/home/travis/build/RS485/LogisticsPipes/src/build.xml:66: java.net.UnknownHostException: www.theZorro266.com
	at java.net.AbstractPlainSocketImpl.connect(AbstractPlainSocketImpl.java:178)
	at java.net.SocksSocketImpl.connect(SocksSocketImpl.java:392)
	at java.net.Socket.connect(Socket.java:579)
	at java.net.Socket.connect(Socket.java:528)
	at sun.net.NetworkClient.doConnect(NetworkClient.java:180)
	at sun.net.www.http.HttpClient.openServer(HttpClient.java:432)
	at sun.net.www.http.HttpClient.openServer(HttpClient.java:527)
	at sun.net.www.http.HttpClient.<init>(HttpClient.java:211)
	at sun.net.www.http.HttpClient.New(HttpClient.java:308)
	at sun.net.www.http.HttpClient.New(HttpClient.java:326)
	at sun.net.www.protocol.http.HttpURLConnection.getNewHttpClient(HttpURLConnection.java:997)
	at sun.net.www.protocol.http.HttpURLConnection.plainConnect(HttpURLConnection.java:933)
	at sun.net.www.protocol.http.HttpURLConnection.connect(HttpURLConnection.java:851)
	at org.apache.tools.ant.taskdefs.Get$GetThread.openConnection(Get.java:660)
	at org.apache.tools.ant.taskdefs.Get$GetThread.get(Get.java:579)
	at org.apache.tools.ant.taskdefs.Get$GetThread.run(Get.java:569)

Total time: 0 seconds

travis_time:end:013e7a1c:start=1479520072936965860,finish=1479520073880799795,duration=943833935[0K
[31;1mThe command "ant test" exited with 1.[0m

Done. Your build exited with 1.
