travis_fold:start:system_info[0K[33;1mBuild system information[0m
Build language: java
Build id: ''
Job id: ''
[34m[1mBuild image provisioning date and time[0m
Thu Feb  5 15:09:33 UTC 2015
[34m[1mOperating System Details[0m
Distributor ID:	Ubuntu
Description:	Ubuntu 12.04.5 LTS
Release:	12.04
Codename:	precise
[34m[1mLinux Version[0m
3.13.0-29-generic
[34m[1mCookbooks Version[0m
a68419e https://github.com/travis-ci/travis-cookbooks/tree/a68419e
[34m[1mGCC version[0m
gcc (Ubuntu/Linaro 4.6.3-1ubuntu5) 4.6.3
Copyright (C) 2011 Free Software Foundation, Inc.
This is free software; see the source for copying conditions.  There is NO
warranty; not even for MERCHANTABILITY or FITNESS FOR A PARTICULAR PURPOSE.

[34m[1mLLVM version[0m
clang version 3.4 (tags/RELEASE_34/final)
Target: x86_64-unknown-linux-gnu
Thread model: posix
[34m[1mPre-installed Ruby versions[0m
ruby-1.9.3-p551
[34m[1mPre-installed Node.js versions[0m
v0.10.36
[34m[1mPre-installed Go versions[0m
1.4.1
[34m[1mRedis version[0m
redis-server 2.8.19
[34m[1mriak version[0m
2.0.2
[34m[1mMongoDB version[0m
MongoDB 2.4.12
[34m[1mCouchDB version[0m
couchdb 1.6.1
[34m[1mNeo4j version[0m
1.9.4
[34m[1mRabbitMQ Version[0m
3.4.3
[34m[1mElasticSearch version[0m
1.4.0
[34m[1mInstalled Sphinx versions[0m
2.0.10
2.1.9
2.2.6
[34m[1mDefault Sphinx version[0m
2.2.6
[34m[1mInstalled Firefox version[0m
firefox 31.0esr
[34m[1mPhantomJS version[0m
1.9.8
[34m[1mant -version[0m
Apache Ant(TM) version 1.8.2 compiled on December 3 2011
[34m[1mmvn -version[0m
Apache Maven 3.2.5 (12a6b3acb947671f09b81f49094c53f426d8cea1; 2014-12-14T17:29:23+00:00)
Maven home: /usr/local/maven
Java version: 1.7.0_76, vendor: Oracle Corporation
Java home: /usr/lib/jvm/java-7-oracle/jre
Default locale: en_US, platform encoding: ANSI_X3.4-1968
OS name: "linux", version: "3.13.0-29-generic", arch: "amd64", family: "unix"
travis_fold:end:system_info[0K
sed: cannot rename /etc/hosts: Device or resource busy
sed: cannot rename /etc/hosts: Device or resource busy
$ cd killbill/killbill

[33;1mSetting environment variables from .travis.yml[0m
$ export MAVEN_OPTS="-Xmx512m -XX:MaxPermSize=192m"

$ jdk_switcher use openjdk6
Switching to OpenJDK6 (java-1.6.0-openjdk-amd64), JAVA_HOME will be set to /usr/lib/jvm/java-6-openjdk-amd64
$ java -Xmx32m -version
java version "1.6.0_34"
OpenJDK Runtime Environment (IcedTea6 1.13.6) (6b34-1.13.6-1ubuntu0.12.04.1)
OpenJDK 64-Bit Server VM (build 23.25-b01, mixed mode)
$ javac -J-Xmx32m -version
javac 1.6.0_34
travis_fold:start:install[0Ktravis_time:start:049cd778[0K$ mvn install -DskipTests=true
[INFO] Scanning for projects...
Downloading: https://repository.apache.org/snapshots/com/ning/billing/killbill-oss-parent/0.3.5-SNAPSHOT/maven-metadata.xml
Downloading: https://oss.sonatype.org/content/repositories/snapshots/com/ning/billing/killbill-oss-parent/0.3.5-SNAPSHOT/maven-metadata.xml
Downloading: https://nexus.codehaus.org/snapshots/com/ning/billing/killbill-oss-parent/0.3.5-SNAPSHOT/maven-metadata.xml
[WARNING] Could not transfer metadata com.ning.billing:killbill-oss-parent:0.3.5-SNAPSHOT/maven-metadata.xml from/to codehaus-snapshots (https://nexus.codehaus.org/snapshots/): nexus.codehaus.org
Downloading: https://oss.sonatype.org/content/repositories/snapshots/com/ning/billing/killbill-oss-parent/0.3.5-SNAPSHOT/killbill-oss-parent-0.3.5-SNAPSHOT.pom
Downloading: https://repository.apache.org/snapshots/com/ning/billing/killbill-oss-parent/0.3.5-SNAPSHOT/killbill-oss-parent-0.3.5-SNAPSHOT.pom
Downloading: https://nexus.codehaus.org/snapshots/com/ning/billing/killbill-oss-parent/0.3.5-SNAPSHOT/killbill-oss-parent-0.3.5-SNAPSHOT.pom
[ERROR] The build could not read 1 project -> [Help 1]
[ERROR]   
[ERROR]   The project com.ning.billing:killbill:0.3.6-SNAPSHOT (/home/travis/build/killbill/killbill/pom.xml) has 1 error
[ERROR]     Non-resolvable parent POM: Could not transfer artifact com.ning.billing:killbill-oss-parent:pom:0.3.5-SNAPSHOT from/to codehaus-snapshots (https://nexus.codehaus.org/snapshots/): nexus.codehaus.org and 'parent.relativePath' points at wrong local POM @ line 19, column 13: Unknown host nexus.codehaus.org -> [Help 2]
[ERROR] 
[ERROR] To see the full stack trace of the errors, re-run Maven with the -e switch.
[ERROR] Re-run Maven using the -X switch to enable full debug logging.
[ERROR] 
[ERROR] For more information about the errors and possible solutions, please read the following articles:
[ERROR] [Help 1] http://cwiki.apache.org/confluence/display/MAVEN/ProjectBuildingException
[ERROR] [Help 2] http://cwiki.apache.org/confluence/display/MAVEN/UnresolvableModelException

travis_time:end:049cd778:start=1479266236564723481,finish=1479266241749512768,duration=5184789287[0K
[31;1mThe command "mvn install -DskipTests=true" failed and exited with 1 during .[0m

Your build has been stopped.
