travis_fold:start:worker_info
[0K[33;1mWorker information[0m
hostname: b32fdff0-8da0-4fcf-8076-73fed0ea3f93@1.worker-org-977b464db-22mp4.gce-production-2
version: v6.2.1 https://github.com/travis-ci/worker/tree/4e3246c044eb4915c2378ffacd0b3d3ed0136bba
instance: travis-job-69be7041-385e-47c7-8062-be3eefc465f9 travis-ci-sardonyx-xenial-1553530528-f909ac5 (via amqp)
startup: 6.34555158s
travis_fold:end:worker_info
[0Ktravis_time:start:2752509c
[0Ktravis_time:end:2752509c:start=1571682107716067824,finish=1571682107904363366,duration=188295542,event=no_world_writable_dirs
[0Ktravis_time:start:2805b93a
[0Ktravis_time:end:2805b93a:start=1571682107907806973,finish=1571682107911459997,duration=3653024,event=setup_filter
[0Ktravis_time:start:10b271f5
[0Ktravis_time:end:10b271f5:start=1571682107917043490,finish=1571682107929526996,duration=12483506,event=agent
[0Ktravis_time:start:19ce5096
[0Ktravis_time:end:19ce5096:start=1571682107933040196,finish=1571682107935612301,duration=2572105,event=check_unsupported
[0Ktravis_time:start:0c3583c0
[0Ktravis_fold:start:system_info
[0K[33;1mBuild system information[0m
Build language: node_js
Build group: stable
Build dist: xenial
Build id: 600889157
Job id: 600889160
Runtime kernel version: 4.15.0-1028-gcp
travis-build version: a91ac50bd
[34m[1mBuild image provisioning date and time[0m
Mon Mar 25 16:43:24 UTC 2019
[34m[1mOperating System Details[0m
Distributor ID:	Ubuntu
Description:	Ubuntu 16.04.6 LTS
Release:	16.04
Codename:	xenial
[34m[1mSystemd Version[0m
systemd 229
[34m[1mCookbooks Version[0m
42e42e4 https://github.com/travis-ci/travis-cookbooks/tree/42e42e4
[34m[1mgit version[0m
git version 2.21.0
[34m[1mbash version[0m
GNU bash, version 4.3.48(1)-release (x86_64-pc-linux-gnu)
[34m[1mgcc version[0m
gcc (Ubuntu 5.4.0-6ubuntu1~16.04.11) 5.4.0 20160609
[34m[1mdocker version[0m
Client:
 Version:           18.06.0-ce
 API version:       1.38
 Go version:        go1.10.3
 Git commit:        0ffa825
 Built:             Wed Jul 18 19:11:02 2018
 OS/Arch:           linux/amd64
 Experimental:      false

Server:
 Engine:
  Version:          18.06.0-ce
  API version:      1.38 (minimum version 1.12)
  Go version:       go1.10.3
  Git commit:       0ffa825
  Built:            Wed Jul 18 19:09:05 2018
  OS/Arch:          linux/amd64
  Experimental:     false
[34m[1mclang version[0m
clang version 7.0.0 (tags/RELEASE_700/final)
[34m[1mjq version[0m
jq-1.5
[34m[1mbats version[0m
Bats 0.4.0
[34m[1mshellcheck version[0m
0.6.0
[34m[1mshfmt version[0m
v2.6.3
[34m[1mccache version[0m
3.2.4
[34m[1mcmake version[0m
cmake version 3.12.4
[34m[1mheroku version[0m
heroku/7.22.7 linux-x64 node-v11.10.1
[34m[1mimagemagick version[0m
Version: ImageMagick 6.8.9-9 Q16 x86_64 2018-09-28 http://www.imagemagick.org
[34m[1mmd5deep version[0m
4.4
[34m[1mmercurial version[0m
version 4.8
[34m[1mmysql version[0m
mysql  Ver 14.14 Distrib 5.7.25, for Linux (x86_64) using  EditLine wrapper
[34m[1mopenssl version[0m
OpenSSL 1.0.2g  1 Mar 2016
[34m[1mpacker version[0m
1.3.3
[34m[1mpostgresql client version[0m
psql (PostgreSQL) 10.7 (Ubuntu 10.7-1.pgdg16.04+1)
[34m[1mragel version[0m
Ragel State Machine Compiler version 6.8 Feb 2013
[34m[1msudo version[0m
1.8.16
[34m[1mgzip version[0m
gzip 1.6
[34m[1mzip version[0m
Zip 3.0
[34m[1mvim version[0m
VIM - Vi IMproved 7.4 (2013 Aug 10, compiled Nov 24 2016 16:44:48)
[34m[1miptables version[0m
iptables v1.6.0
[34m[1mcurl version[0m
curl 7.47.0 (x86_64-pc-linux-gnu) libcurl/7.47.0 GnuTLS/3.4.10 zlib/1.2.8 libidn/1.32 librtmp/2.3
[34m[1mwget version[0m
GNU Wget 1.17.1 built on linux-gnu.
[34m[1mrsync version[0m
rsync  version 3.1.1  protocol version 31
[34m[1mgimme version[0m
v1.5.3
[34m[1mnvm version[0m
0.34.0
[34m[1mperlbrew version[0m
/home/travis/perl5/perlbrew/bin/perlbrew  - App::perlbrew/0.86
[34m[1mphpenv version[0m
rbenv 1.1.2
[34m[1mrvm version[0m
rvm 1.29.7 (latest) by Michal Papis, Piotr Kuczynski, Wayne E. Seguin [https://rvm.io]
[34m[1mdefault ruby version[0m
ruby 2.5.3p105 (2018-10-18 revision 65156) [x86_64-linux]
[34m[1mCouchDB version[0m
couchdb 1.6.1
[34m[1mElasticSearch version[0m
5.5.0
[34m[1mInstalled Firefox version[0m
firefox 63.0.1
[34m[1mMongoDB version[0m
MongoDB 4.0.7
[34m[1mPhantomJS version[0m
2.1.1
[34m[1mPre-installed PostgreSQL versions[0m
9.4.21
9.5.16
9.6.12
[34m[1mRedis version[0m
redis-server 5.0.4
[34m[1mPre-installed Go versions[0m
1.11.1
[34m[1mmvn version[0m
Apache Maven 3.6.0 (97c98ec64a1fdfee7767ce5ffb20918da4f719f3; 2018-10-24T18:41:47Z)
[34m[1mgradle version[0m
Gradle 4.10.2!
[34m[1mlein version[0m
Leiningen 2.9.1 on Java 11.0.2 OpenJDK 64-Bit Server VM
[34m[1mPre-installed Node.js versions[0m
v10.15.3
v11.0.0
v4.9.1
v6.17.0
v8.12.0
v8.15.1
v8.9
[34m[1mphpenv versions[0m
  system
  5.6
  5.6.40
  7.1
  7.1.27
  7.2
* 7.2.15 (set by /home/travis/.phpenv/version)
  hhvm
  hhvm-stable
[34m[1mcomposer --version[0m
Composer version 1.8.4 2019-02-11 10:52:10
[34m[1mPre-installed Ruby versions[0m
ruby-2.3.8
ruby-2.4.5
ruby-2.5.3
travis_fold:end:system_info
[0K
travis_time:end:0c3583c0:start=1571682107939001454,finish=1571682107945788889,duration=6787435,event=show_system_info
[0Ktravis_time:start:0e0d6287
[0Ktravis_time:end:0e0d6287:start=1571682107950096568,finish=1571682107967572119,duration=17475551,event=rm_riak_source
[0Ktravis_time:start:13733170
[0Ktravis_time:end:13733170:start=1571682107971780453,finish=1571682107980075617,duration=8295164,event=fix_rwky_redis
[0Ktravis_time:start:2957cc62
[0Ktravis_time:end:2957cc62:start=1571682107984230165,finish=1571682108370205248,duration=385975083,event=wait_for_network
[0Ktravis_time:start:05c0126c
[0Ktravis_time:end:05c0126c:start=1571682108389154538,finish=1571682108700088223,duration=310933685,event=update_apt_keys
[0Ktravis_time:start:0985cccc
[0Ktravis_time:end:0985cccc:start=1571682108704821419,finish=1571682108768920844,duration=64099425,event=fix_hhvm_source
[0Ktravis_time:start:00c7b5f0
[0Ktravis_time:end:00c7b5f0:start=1571682108774737390,finish=1571682108778144418,duration=3407028,event=update_mongo_arch
[0Ktravis_time:start:002b1027
[0Ktravis_time:end:002b1027:start=1571682108783266800,finish=1571682108833033355,duration=49766555,event=fix_sudo_enabled_trusty
[0Ktravis_time:start:13667f52
[0Ktravis_time:end:13667f52:start=1571682108838274194,finish=1571682108840945315,duration=2671121,event=update_glibc
[0Ktravis_time:start:218c7885
[0Ktravis_time:end:218c7885:start=1571682108845692389,finish=1571682108855438893,duration=9746504,event=clean_up_path
[0Ktravis_time:start:062f0460
[0Ktravis_time:end:062f0460:start=1571682108860461485,finish=1571682108870581139,duration=10119654,event=fix_resolv_conf
[0Ktravis_time:start:1e83431b
[0Ktravis_time:end:1e83431b:start=1571682108875636370,finish=1571682108886579771,duration=10943401,event=fix_etc_hosts
[0Ktravis_time:start:0b5ec614
[0Ktravis_time:end:0b5ec614:start=1571682108891407835,finish=1571682108902011913,duration=10604078,event=fix_mvn_settings_xml
[0Ktravis_time:start:03397544
[0Ktravis_time:end:03397544:start=1571682108906441915,finish=1571682108918379582,duration=11937667,event=no_ipv6_localhost
[0Ktravis_time:start:0f08ccdc
[0Ktravis_time:end:0f08ccdc:start=1571682108922864983,finish=1571682108926267655,duration=3402672,event=fix_etc_mavenrc
[0Ktravis_time:start:0ad73138
[0Ktravis_time:end:0ad73138:start=1571682108930941978,finish=1571682108935099885,duration=4157907,event=fix_wwdr_certificate
[0Ktravis_time:start:1d1a06a0
[0Ktravis_time:end:1d1a06a0:start=1571682108939513181,finish=1571682108970558261,duration=31045080,event=put_localhost_first
[0Ktravis_time:start:097c61d2
[0Ktravis_time:end:097c61d2:start=1571682108975659969,finish=1571682108979846330,duration=4186361,event=home_paths
[0Ktravis_time:start:14a99bcc
[0Ktravis_time:end:14a99bcc:start=1571682108984787210,finish=1571682108999285779,duration=14498569,event=disable_initramfs
[0Ktravis_time:start:1ffbfa8e
[0Ktravis_time:end:1ffbfa8e:start=1571682109003896083,finish=1571682109342856753,duration=338960670,event=disable_ssh_roaming
[0Ktravis_time:start:031a922d
[0Ktravis_time:end:031a922d:start=1571682109347710492,finish=1571682109350811398,duration=3100906,event=debug_tools
[0Ktravis_time:start:2cd78bf0
[0Ktravis_time:end:2cd78bf0:start=1571682109356224398,finish=1571682109359911193,duration=3686795,event=uninstall_oclint
[0Ktravis_time:start:0327a916
[0Ktravis_time:end:0327a916:start=1571682109365000414,finish=1571682109368974675,duration=3974261,event=rvm_use
[0Ktravis_time:start:05ac2ae0
[0Ktravis_time:end:05ac2ae0:start=1571682109373310604,finish=1571682109383130168,duration=9819564,event=rm_etc_boto_cfg
[0Ktravis_time:start:0d66dceb
[0Ktravis_time:end:0d66dceb:start=1571682109387626831,finish=1571682109391367234,duration=3740403,event=rm_oraclejdk8_symlink
[0Ktravis_time:start:2051be84
[0Ktravis_time:end:2051be84:start=1571682109395624682,finish=1571682109525863085,duration=130238403,event=enable_i386
[0Ktravis_time:start:047d473d
[0Ktravis_time:end:047d473d:start=1571682109530829530,finish=1571682109539975879,duration=9146349,event=update_rubygems
[0Ktravis_time:start:02c51a46
[0Ktravis_time:end:02c51a46:start=1571682109545237126,finish=1571682110475053027,duration=929815901,event=ensure_path_components
[0Ktravis_time:start:1e67c61a
[0Ktravis_time:end:1e67c61a:start=1571682110479915244,finish=1571682110483711480,duration=3796236,event=redefine_curl
[0Ktravis_time:start:13cb5170
[0Ktravis_time:end:13cb5170:start=1571682110489240231,finish=1571682110617238187,duration=127997956,event=nonblock_pipe
[0Ktravis_time:start:1863afb6
[0Ktravis_time:end:1863afb6:start=1571682110622195666,finish=1571682113675850676,duration=3053655010,event=apt_get_update
[0Ktravis_time:start:04476d4c
[0Ktravis_time:end:04476d4c:start=1571682113681630575,finish=1571682113684923017,duration=3292442,event=deprecate_xcode_64
[0Ktravis_time:start:0c4adb38
[0Ktravis_time:end:0c4adb38:start=1571682113689618561,finish=1571682116545263522,duration=2855644961,event=update_heroku
[0Ktravis_time:start:1141843e
[0Ktravis_time:end:1141843e:start=1571682116550680836,finish=1571682116553688397,duration=3007561,event=shell_session_update
[0Ktravis_time:start:06958bf6
[0Ktravis_fold:start:docker_mtu
[0Ktravis_fold:end:docker_mtu
[0Ktravis_time:end:06958bf6:start=1571682116560255826,finish=1571682117927212428,duration=1366956602,event=set_docker_mtu
[0Ktravis_time:start:0a207040
[0Ktravis_fold:start:resolvconf
[0Ktravis_fold:end:resolvconf
[0Ktravis_time:end:0a207040:start=1571682117935089608,finish=1571682118021251665,duration=86162057,event=resolvconf
[0Ktravis_time:start:107c5cb0
[0Ktravis_time:end:107c5cb0:start=1571682118032845575,finish=1571682118211988457,duration=179142882,event=maven_central_mirror
[0Ktravis_time:start:064eeda4
[0Ktravis_time:end:064eeda4:start=1571682118216692502,finish=1571682118219535111,duration=2842609,event=fix_ps4
[0Ktravis_time:start:1239b928
[0K
travis_fold:start:git.checkout
[0Ktravis_time:start:00106eba
[0K$ git clone --depth=50 --branch=master https://github.com/ApoorvSaxena/lozad.js.git ApoorvSaxena/lozad.js
Cloning into 'ApoorvSaxena/lozad.js'...
travis_time:end:00106eba:start=1571682118229274162,finish=1571682119265761250,duration=1036487088,event=checkout
[0K$ cd ApoorvSaxena/lozad.js
$ git checkout -qf 2be0c34aa45e88d273aaa05e3f3c49331a2918ea
travis_fold:end:git.checkout
[0K
travis_time:end:00106eba:start=1571682118229274162,finish=1571682119305984684,duration=1076710522,event=checkout
[0Ktravis_time:start:0fa0f299
[0K
[33;1mSetting environment variables from repository settings[0m
$ export NPM_EMAIL=[secure]
$ export NPM_API_KEY=[secure]

travis_time:end:0fa0f299:start=1571682119312449378,finish=1571682119321201625,duration=8752247,event=env
[0Ktravis_fold:start:nvm.install
[0Ktravis_time:start:1c7a54d6
[0K$ nvm install 8
Downloading and installing node v8.16.2...
Downloading https://nodejs.org/dist/v8.16.2/node-v8.16.2-linux-x64.tar.xz...
Computing checksum with sha256sum
Checksums matched!
Now using node v8.16.2 (npm v6.4.1)
travis_time:end:1c7a54d6:start=1571682120439553277,finish=1571682123803081609,duration=3363528332,event=setup
[0Ktravis_fold:end:nvm.install
[0K
travis_fold:start:cache.1
[0KSetting up build cache
$ export CASHER_DIR=${TRAVIS_HOME}/.casher
travis_time:start:093a41f8
[0K$ Installing caching utilities
travis_time:end:093a41f8:start=1571682125161426269,finish=1571682125436417096,duration=274990827,event=setup_casher
[0Ktravis_time:start:0c952908
[0Ktravis_time:end:0c952908:start=1571682125443820728,finish=1571682125447722196,duration=3901468,event=setup_casher
[0Ktravis_time:start:196a2ed2
[0Kattempting to download cache archive[0m
[32;1mfetching master/cache-linux-xenial-e3b0c44298fc1c149afbf4c8996fb92427ae41e4649b934ca495991b7852b855--node-8.tgz[0m
[32;1mfound cache[0m
travis_time:end:196a2ed2:start=1571682125453126842,finish=1571682127007685239,duration=1554558397,event=setup_casher
[0Ktravis_fold:end:cache.1
[0K
travis_fold:start:cache.npm
[0K
travis_time:start:075feef4
[0Ktravis_time:end:075feef4:start=1571682127189719773,finish=1571682127193439067,duration=3719294,event=setup_cache
[0Ktravis_time:start:0cd8058a
[0Kadding /home/travis/.npm to cache[0m
travis_time:end:0cd8058a:start=1571682127200253320,finish=1571682129094739644,duration=1894486324,event=setup_cache
[0Ktravis_fold:end:cache.npm
[0K$ node --version
v8.16.2
$ npm --version
6.4.1
$ nvm --version
0.35.0
$ yarn --version
1.15.2

travis_fold:start:install
[0Ktravis_time:start:06599304
[0K$ yarn
yarn install v1.15.2
warning package-lock.json found. Your project contains lock files generated by tools other than Yarn. It is advised not to mix package managers in order to avoid resolution inconsistencies caused by unsynchronized lock files. To clear this warning, remove package-lock.json.
[1/4] Resolving packages...
[2/4] Fetching packages...
info fsevents@1.2.9: The platform "linux" is incompatible with this module.
info "fsevents@1.2.9" is an optional dependency and failed compatibility check. Excluding it from installation.
info fsevents@2.1.0: The platform "linux" is incompatible with this module.
info "fsevents@2.1.0" is an optional dependency and failed compatibility check. Excluding it from installation.
[3/4] Linking dependencies...
[4/4] Building fresh packages...
$ npm run build
npm WARN lifecycle The node binary used for scripts is /tmp/yarn--1571682150512-0.30112096668815047/node but npm is using /home/travis/.nvm/versions/node/v8.16.2/bin/node itself. Use the `--scripts-prepend-node-path` option to include the path for the node binary npm was executed with.

> lozad@1.14.0 build /home/travis/build/ApoorvSaxena/lozad.js
> rollup -c


src/lozad.js â†’ dist/lozad.js...
â”Œâ”€â”€â”€â”€â”€â”€â”€â”€â”€â”€â”€â”€â”€â”€â”€â”€â”€â”€â”€â”€â”€â”€â”€â”€â”€â”€â”€â”€â”€â”€â”€â”€â”€â”€â”€â”€â”€â”€â”€â”
â”‚                                       â”‚
â”‚   Destination: dist/lozad.js          â”‚
â”‚   Bundle Size:  5.2 KB                â”‚
â”‚   Minified and Gzipped Size:  998 B   â”‚
â”‚                                       â”‚
â””â”€â”€â”€â”€â”€â”€â”€â”€â”€â”€â”€â”€â”€â”€â”€â”€â”€â”€â”€â”€â”€â”€â”€â”€â”€â”€â”€â”€â”€â”€â”€â”€â”€â”€â”€â”€â”€â”€â”€â”˜
created dist/lozad.js in 477ms

src/lozad.js â†’ dist/lozad.min.js...
â”Œâ”€â”€â”€â”€â”€â”€â”€â”€â”€â”€â”€â”€â”€â”€â”€â”€â”€â”€â”€â”€â”€â”€â”€â”€â”€â”€â”€â”€â”€â”€â”€â”€â”€â”€â”€â”€â”€â”€â”€â”
â”‚                                       â”‚
â”‚   Destination: dist/lozad.min.js      â”‚
â”‚   Bundle Size:  2.65 KB               â”‚
â”‚   Minified and Gzipped Size:  986 B   â”‚
â”‚                                       â”‚
â””â”€â”€â”€â”€â”€â”€â”€â”€â”€â”€â”€â”€â”€â”€â”€â”€â”€â”€â”€â”€â”€â”€â”€â”€â”€â”€â”€â”€â”€â”€â”€â”€â”€â”€â”€â”€â”€â”€â”€â”˜
created dist/lozad.min.js in 348ms

src/lozad.js â†’ dist/lozad.es.js...
â”Œâ”€â”€â”€â”€â”€â”€â”€â”€â”€â”€â”€â”€â”€â”€â”€â”€â”€â”€â”€â”€â”€â”€â”€â”€â”€â”€â”€â”€â”€â”€â”€â”€â”€â”€â”€â”€â”€â”€â”€â”
â”‚                                       â”‚
â”‚   Destination: dist/lozad.es.js       â”‚
â”‚   Bundle Size:  4.05 KB               â”‚
â”‚   Minified and Gzipped Size:  885 B   â”‚
â”‚                                       â”‚
â””â”€â”€â”€â”€â”€â”€â”€â”€â”€â”€â”€â”€â”€â”€â”€â”€â”€â”€â”€â”€â”€â”€â”€â”€â”€â”€â”€â”€â”€â”€â”€â”€â”€â”€â”€â”€â”€â”€â”€â”˜
created dist/lozad.es.js in 92ms
Done in 22.09s.
travis_time:end:06599304:start=1571682130365519360,finish=1571682152655798275,duration=22290278915,event=install
[0Ktravis_fold:end:install
[0Ktravis_time:start:07c96794
[0K$ npm run build

> lozad@1.14.0 build /home/travis/build/ApoorvSaxena/lozad.js
> rollup -c


src/lozad.js â†’ dist/lozad.js...
â”Œâ”€â”€â”€â”€â”€â”€â”€â”€â”€â”€â”€â”€â”€â”€â”€â”€â”€â”€â”€â”€â”€â”€â”€â”€â”€â”€â”€â”€â”€â”€â”€â”€â”€â”€â”€â”€â”€â”€â”€â”
â”‚                                       â”‚
â”‚   Destination: dist/lozad.js          â”‚
â”‚   Bundle Size:  5.2 KB                â”‚
â”‚   Minified and Gzipped Size:  998 B   â”‚
â”‚                                       â”‚
â””â”€â”€â”€â”€â”€â”€â”€â”€â”€â”€â”€â”€â”€â”€â”€â”€â”€â”€â”€â”€â”€â”€â”€â”€â”€â”€â”€â”€â”€â”€â”€â”€â”€â”€â”€â”€â”€â”€â”€â”˜
created dist/lozad.js in 498ms

src/lozad.js â†’ dist/lozad.min.js...
â”Œâ”€â”€â”€â”€â”€â”€â”€â”€â”€â”€â”€â”€â”€â”€â”€â”€â”€â”€â”€â”€â”€â”€â”€â”€â”€â”€â”€â”€â”€â”€â”€â”€â”€â”€â”€â”€â”€â”€â”€â”
â”‚                                       â”‚
â”‚   Destination: dist/lozad.min.js      â”‚
â”‚   Bundle Size:  2.65 KB               â”‚
â”‚   Minified and Gzipped Size:  986 B   â”‚
â”‚                                       â”‚
â””â”€â”€â”€â”€â”€â”€â”€â”€â”€â”€â”€â”€â”€â”€â”€â”€â”€â”€â”€â”€â”€â”€â”€â”€â”€â”€â”€â”€â”€â”€â”€â”€â”€â”€â”€â”€â”€â”€â”€â”˜
created dist/lozad.min.js in 353ms

src/lozad.js â†’ dist/lozad.es.js...
â”Œâ”€â”€â”€â”€â”€â”€â”€â”€â”€â”€â”€â”€â”€â”€â”€â”€â”€â”€â”€â”€â”€â”€â”€â”€â”€â”€â”€â”€â”€â”€â”€â”€â”€â”€â”€â”€â”€â”€â”€â”
â”‚                                       â”‚
â”‚   Destination: dist/lozad.es.js       â”‚
â”‚   Bundle Size:  4.05 KB               â”‚
â”‚   Minified and Gzipped Size:  885 B   â”‚
â”‚                                       â”‚
â””â”€â”€â”€â”€â”€â”€â”€â”€â”€â”€â”€â”€â”€â”€â”€â”€â”€â”€â”€â”€â”€â”€â”€â”€â”€â”€â”€â”€â”€â”€â”€â”€â”€â”€â”€â”€â”€â”€â”€â”˜
created dist/lozad.es.js in 100ms
travis_time:end:07c96794:start=1571682152662933074,finish=1571682154470710466,duration=1807777392,event=script
[0K[32;1mThe command "npm run build" exited with 0.[0m
travis_time:start:04a3e458
[0K$ npm run test

> lozad@1.14.0 test /home/travis/build/ApoorvSaxena/lozad.js
> nyc mocha



  lozad
    #lozad
      âœ“ should be a function
    #lozad return value
      âœ“ should be an object
      âœ“ should expose observe API
    images inside viewport without class lozad
      âœ“ should not load image
    images inside viewport with class lozad
      âœ“ should not load an image till observe function is called
      âœ“ should load an image after observe function is called
    images inside viewport with different class
      âœ“ should load the image
    images inside viewport using a DOM `Element` reference
      âœ“ should load the image
    images inside viewport using a DOM `NodeList` reference
      âœ“ should load the images
    images inside viewport with different attributes
      âœ“ should load the image with data-srcset attribute
      âœ“ should load the image with data-background-image attribute
      âœ“ should load the image with data-background-image-set attribute
      âœ“ should load the image with data-background-image-set attribute
      âœ“ should load the image with data-background-image-set attribute
    when passing options
      âœ“ should not load elements by default when custom load option is passed in
      âœ“ should run loaded option after loading an element
      âœ“ should set data attribute when loaded option is passed in
    public API functions
      âœ“ should load image via triggerLoad function
    picture inside viewport with different class
      1) should load the picture
      2) should append image after last source
      3) should add alt attribute to image
    toggle class
      âœ“ should not toggle till observe function is called
      âœ“ should toggle after observe function is called
    exported IntersectionObserver
      âœ“ should export the IntersectionObserver instance


  21 passing (116ms)
  3 failing

  1) lozad
       picture inside viewport with different class
         should load the picture:
     TypeError: element.append is not a function
      at load (dist/lozad.js:7:898)
      at Object.observe (dist/lozad.js:8:4430)
      at Context.it (test/index.js:302:16)

  2) lozad
       picture inside viewport with different class
         should append image after last source:
     TypeError: element.append is not a function
      at load (dist/lozad.js:7:898)
      at Object.observe (dist/lozad.js:8:4430)
      at Context.it (test/index.js:311:16)

  3) lozad
       picture inside viewport with different class
         should add alt attribute to image:
     TypeError: element.append is not a function
      at load (dist/lozad.js:7:898)
      at Object.observe (dist/lozad.js:8:4430)
      at Context.it (test/index.js:322:16)



----------|----------|----------|----------|----------|-------------------|
File      |  % Stmts | % Branch |  % Funcs |  % Lines | Uncovered Line #s |
----------|----------|----------|----------|----------|-------------------|
All files |    72.62 |    64.47 |    76.92 |    73.17 |                   |
 lozad.js |    72.62 |    64.47 |    76.92 |    73.17 |... 44,148,149,159 |
----------|----------|----------|----------|----------|-------------------|
npm ERR! code ELIFECYCLE
npm ERR! errno 3
npm ERR! lozad@1.14.0 test: `nyc mocha`
npm ERR! Exit status 3
npm ERR! 
npm ERR! Failed at the lozad@1.14.0 test script.
npm ERR! This is probably not a problem with npm. There is likely additional logging output above.

npm ERR! A complete log of this run can be found in:
npm ERR!     /home/travis/.npm/_logs/2019-10-21T18_22_36_949Z-debug.log
travis_time:end:04a3e458:start=1571682154477279521,finish=1571682156962437623,duration=2485158102,event=script
[0K[31;1mThe command "npm run test" exited with 3.[0m
travis_fold:start:cache.2
[0Kstore build cache
travis_time:start:1528bf0c
[0Ktravis_time:end:1528bf0c:start=1571682156969109760,finish=1571682156973429003,duration=4319243,event=cache
[0Ktravis_time:start:11fd9390
[0K[32;1mchanges detected (content changed, file is created, or file is deleted):\n/home/travis/.npm/_logs/2019-08-24T14_36_50_688Z-debug.log
/home/travis/.npm/_logs/2019-10-21T18_22_36_949Z-debug.log\n[0m
[32;1mchanges detected, packing new archive[0m
[32;1muploading master/cache-linux-xenial-e3b0c44298fc1c149afbf4c8996fb92427ae41e4649b934ca495991b7852b855--node-8.tgz[0m
[32;1mcache uploaded[0m
travis_time:end:11fd9390:start=1571682156978765736,finish=1571682159107587589,duration=2128821853,event=cache
[0Ktravis_fold:end:cache.2
[0K

Done. Your build exited with 1.