travis_fold:start:worker_info[0K[33;1mWorker information[0m
hostname: 2e96beb4-dc79-4365-8d34-b1c48ba2b087@1.i-0f7edf6-production-2-worker-org-ec2.travisci.net
version: v3.6.0 https://github.com/travis-ci/worker/tree/170b2a0bb43234479fd1911ba9e4dbcc36dadfad
instance: 345c12e travisci/ci-garnet:packer-1512502276-986baf0 (via amqp)
startup: 2.26778478s
travis_fold:end:worker_info[0Ktravis_fold:start:system_info[0K[33;1mBuild system information[0m
Build language: java
Build group: stable
Build dist: trusty
Build id: 382099986
Job id: 382099987
Runtime kernel version: 4.14.12-041412-generic
travis-build version: 4957953b8
[34m[1mBuild image provisioning date and time[0m
Tue Dec  5 20:11:19 UTC 2017
[34m[1mOperating System Details[0m
Distributor ID:	Ubuntu
Description:	Ubuntu 14.04.5 LTS
Release:	14.04
Codename:	trusty
[34m[1mCookbooks Version[0m
7c2c6a6 https://github.com/travis-ci/travis-cookbooks/tree/7c2c6a6
[34m[1mgit version[0m
git version 2.15.1
[34m[1mbash version[0m
GNU bash, version 4.3.11(1)-release (x86_64-pc-linux-gnu)
[34m[1mgcc version[0m
gcc (Ubuntu 4.8.4-2ubuntu1~14.04.3) 4.8.4
Copyright (C) 2013 Free Software Foundation, Inc.
This is free software; see the source for copying conditions.  There is NO
warranty; not even for MERCHANTABILITY or FITNESS FOR A PARTICULAR PURPOSE.

[34m[1mdocker version[0m
Client:
 Version:      17.09.0-ce
 API version:  1.32
 Go version:   go1.8.3
 Git commit:   afdb6d4
 Built:        Tue Sep 26 22:39:28 2017
 OS/Arch:      linux/amd64
[34m[1mclang version[0m
clang version 5.0.0 (tags/RELEASE_500/final)
Target: x86_64-unknown-linux-gnu
Thread model: posix
InstalledDir: /usr/local/clang-5.0.0/bin
[34m[1mjq version[0m
jq-1.5
[34m[1mbats version[0m
Bats 0.4.0
[34m[1mshellcheck version[0m
0.4.6
[34m[1mshfmt version[0m
v2.0.0
[34m[1mccache version[0m
ccache version 3.1.9

Copyright (C) 2002-2007 Andrew Tridgell
Copyright (C) 2009-2011 Joel Rosdahl

This program is free software; you can redistribute it and/or modify it under
the terms of the GNU General Public License as published by the Free Software
Foundation; either version 3 of the License, or (at your option) any later
version.
[34m[1mcmake version[0m
cmake version 3.9.2

CMake suite maintained and supported by Kitware (kitware.com/cmake).
[34m[1mheroku version[0m
heroku-cli/6.14.39-addc925 (linux-x64) node-v9.2.0
[34m[1mimagemagick version[0m
Version: ImageMagick 6.7.7-10 2017-07-31 Q16 http://www.imagemagick.org
[34m[1mmd5deep version[0m
4.2
[34m[1mmercurial version[0m
Mercurial Distributed SCM (version 4.2.2)
(see https://mercurial-scm.org for more information)

Copyright (C) 2005-2017 Matt Mackall and others
This is free software; see the source for copying conditions. There is NO
warranty; not even for MERCHANTABILITY or FITNESS FOR A PARTICULAR PURPOSE.
[34m[1mmysql version[0m
mysql  Ver 14.14 Distrib 5.6.33, for debian-linux-gnu (x86_64) using  EditLine wrapper
[34m[1mopenssl version[0m
OpenSSL 1.0.1f 6 Jan 2014
[34m[1mpacker version[0m
Packer v1.0.2

Your version of Packer is out of date! The latest version
is 1.1.2. You can update by downloading from www.packer.io
[34m[1mpostgresql client version[0m
psql (PostgreSQL) 9.6.6
[34m[1mragel version[0m
Ragel State Machine Compiler version 6.8 Feb 2013
Copyright (c) 2001-2009 by Adrian Thurston
[34m[1msubversion version[0m
svn, version 1.8.8 (r1568071)
   compiled Aug 10 2017, 17:20:39 on x86_64-pc-linux-gnu

Copyright (C) 2013 The Apache Software Foundation.
This software consists of contributions made by many people;
see the NOTICE file for more information.
Subversion is open source software, see http://subversion.apache.org/

The following repository access (RA) modules are available:

* ra_svn : Module for accessing a repository using the svn network protocol.
  - with Cyrus SASL authentication
  - handles 'svn' scheme
* ra_local : Module for accessing a repository on local disk.
  - handles 'file' scheme
* ra_serf : Module for accessing a repository via WebDAV protocol using serf.
  - using serf 1.3.3
  - handles 'http' scheme
  - handles 'https' scheme

[34m[1msudo version[0m
Sudo version 1.8.9p5
Configure options: --prefix=/usr -v --with-all-insults --with-pam --with-fqdn --with-logging=syslog --with-logfac=authpriv --with-env-editor --with-editor=/usr/bin/editor --with-timeout=15 --with-password-timeout=0 --with-passprompt=[sudo] password for %p:  --without-lecture --with-tty-tickets --disable-root-mailer --enable-admin-flag --with-sendmail=/usr/sbin/sendmail --with-timedir=/var/lib/sudo --mandir=/usr/share/man --libexecdir=/usr/lib/sudo --with-sssd --with-sssd-lib=/usr/lib/x86_64-linux-gnu --with-selinux
Sudoers policy plugin version 1.8.9p5
Sudoers file grammar version 43

Sudoers path: /etc/sudoers
Authentication methods: 'pam'
Syslog facility if syslog is being used for logging: authpriv
Syslog priority to use when user authenticates successfully: notice
Syslog priority to use when user authenticates unsuccessfully: alert
Send mail if the user is not in sudoers
Use a separate timestamp for each user/tty combo
Lecture user the first time they run sudo
Root may run sudo
Allow some information gathering to give useful error messages
Require fully-qualified hostnames in the sudoers file
Visudo will honor the EDITOR environment variable
Set the LOGNAME and USER environment variables
Length at which to wrap log file lines (0 for no wrap): 80
Authentication timestamp timeout: 15.0 minutes
Password prompt timeout: 0.0 minutes
Number of tries to enter a password: 3
Umask to use or 0777 to use user's: 022
Path to mail program: /usr/sbin/sendmail
Flags for mail program: -t
Address to send mail to: root
Subject line for mail messages: *** SECURITY information for %h ***
Incorrect password message: Sorry, try again.
Path to authentication timestamp dir: /var/lib/sudo
Default password prompt: [sudo] password for %p: 
Default user to run commands as: root
Value to override user's $PATH with: /usr/local/sbin:/usr/local/bin:/usr/sbin:/usr/bin:/sbin:/bin:/snap/bin
Path to the editor for use by visudo: /usr/bin/editor
When to require a password for 'list' pseudocommand: any
When to require a password for 'verify' pseudocommand: all
File descriptors >= 3 will be closed before executing a command
Environment variables to check for sanity:
	TZ
	TERM
	LINGUAS
	LC_*
	LANGUAGE
	LANG
	COLORTERM
Environment variables to remove:
	RUBYOPT
	RUBYLIB
	PYTHONUSERBASE
	PYTHONINSPECT
	PYTHONPATH
	PYTHONHOME
	TMPPREFIX
	ZDOTDIR
	READNULLCMD
	NULLCMD
	FPATH
	PERL5DB
	PERL5OPT
	PERL5LIB
	PERLLIB
	PERLIO_DEBUG 
	JAVA_TOOL_OPTIONS
	SHELLOPTS
	GLOBIGNORE
	PS4
	BASH_ENV
	ENV
	TERMCAP
	TERMPATH
	TERMINFO_DIRS
	TERMINFO
	_RLD*
	LD_*
	PATH_LOCALE
	NLSPATH
	HOSTALIASES
	RES_OPTIONS
	LOCALDOMAIN
	CDPATH
	IFS
Environment variables to preserve:
	JAVA_HOME
	TRAVIS
	CI
	DEBIAN_FRONTEND
	XAUTHORIZATION
	XAUTHORITY
	PS2
	PS1
	PATH
	LS_COLORS
	KRB5CCNAME
	HOSTNAME
	HOME
	DISPLAY
	COLORS
Locale to use while parsing sudoers: C
Directory in which to store input/output logs: /var/log/sudo-io
File in which to store the input/output log: %{seq}
Add an entry to the utmp/utmpx file when allocating a pty
PAM service name to use
PAM service name to use for login shells
Create a new PAM session for the command to run in
Maximum I/O log sequence number: 0

Local IP address and netmask pairs:
	172.17.0.2/255.255.0.0

Sudoers I/O plugin version 1.8.9p5
[34m[1mgzip version[0m
gzip 1.6
Copyright (C) 2007, 2010, 2011 Free Software Foundation, Inc.
Copyright (C) 1993 Jean-loup Gailly.
This is free software.  You may redistribute copies of it under the terms of
the GNU General Public License <http://www.gnu.org/licenses/gpl.html>.
There is NO WARRANTY, to the extent permitted by law.

Written by Jean-loup Gailly.
[34m[1mzip version[0m
Copyright (c) 1990-2008 Info-ZIP - Type 'zip "-L"' for software license.
This is Zip 3.0 (July 5th 2008), by Info-ZIP.
Currently maintained by E. Gordon.  Please send bug reports to
the authors using the web page at www.info-zip.org; see README for details.

Latest sources and executables are at ftp://ftp.info-zip.org/pub/infozip,
as of above date; see http://www.info-zip.org/ for other sites.

Compiled with gcc 4.8.2 for Unix (Linux ELF) on Oct 21 2013.

Zip special compilation options:
	USE_EF_UT_TIME       (store Universal Time)
	BZIP2_SUPPORT        (bzip2 library version 1.0.6, 6-Sept-2010)
	    bzip2 code and library copyright (c) Julian R Seward
	    (See the bzip2 license for terms of use)
	SYMLINK_SUPPORT      (symbolic links supported)
	LARGE_FILE_SUPPORT   (can read and write large files on file system)
	ZIP64_SUPPORT        (use Zip64 to store large files in archives)
	UNICODE_SUPPORT      (store and read UTF-8 Unicode paths)
	STORE_UNIX_UIDs_GIDs (store UID/GID sizes/values using new extra field)
	UIDGID_NOT_16BIT     (old Unix 16-bit UID/GID extra field not used)
	[encryption, version 2.91 of 05 Jan 2007] (modified for Zip 3)

Encryption notice:
	The encryption code of this program is not copyrighted and is
	put in the public domain.  It was originally written in Europe
	and, to the best of our knowledge, can be freely distributed
	in both source and object forms from any country, including
	the USA under License Exception TSU of the U.S. Export
	Administration Regulations (section 740.13(e)) of 6 June 2002.

Zip environment options:
             ZIP:  [none]
          ZIPOPT:  [none]
[34m[1mvim version[0m
VIM - Vi IMproved 7.4 (2013 Aug 10, compiled Nov 24 2016 16:43:18)
Included patches: 1-52
Extra patches: 8.0.0056
Modified by pkg-vim-maintainers@lists.alioth.debian.org
Compiled by buildd@
Huge version without GUI.  Features included (+) or not (-):
+acl             +farsi           +mouse_netterm   +syntax
+arabic          +file_in_path    +mouse_sgr       +tag_binary
+autocmd         +find_in_path    -mouse_sysmouse  +tag_old_static
-balloon_eval    +float           +mouse_urxvt     -tag_any_white
-browse          +folding         +mouse_xterm     -tcl
++builtin_terms  -footer          +multi_byte      +terminfo
+byte_offset     +fork()          +multi_lang      +termresponse
+cindent         +gettext         -mzscheme        +textobjects
-clientserver    -hangul_input    +netbeans_intg   +title
-clipboard       +iconv           +path_extra      -toolbar
+cmdline_compl   +insert_expand   -perl            +user_commands
+cmdline_hist    +jumplist        +persistent_undo +vertsplit
+cmdline_info    +keymap          +postscript      +virtualedit
+comments        +langmap         +printer         +visual
+conceal         +libcall         +profile         +visualextra
+cryptv          +linebreak       +python          +viminfo
+cscope          +lispindent      -python3         +vreplace
+cursorbind      +listcmds        +quickfix        +wildignore
+cursorshape     +localmap        +reltime         +wildmenu
+dialog_con      -lua             +rightleft       +windows
+diff            +menu            -ruby            +writebackup
+digraphs        +mksession       +scrollbind      -X11
-dnd             +modify_fname    +signs           -xfontset
-ebcdic          +mouse           +smartindent     -xim
+emacs_tags      -mouseshape      -sniff           -xsmp
+eval            +mouse_dec       +startuptime     -xterm_clipboard
+ex_extra        +mouse_gpm       +statusline      -xterm_save
+extra_search    -mouse_jsbterm   -sun_workshop    -xpm
   system vimrc file: "$VIM/vimrc"
     user vimrc file: "$HOME/.vimrc"
 2nd user vimrc file: "~/.vim/vimrc"
      user exrc file: "$HOME/.exrc"
  fall-back for $VIM: "/usr/share/vim"
Compilation: gcc -c -I. -Iproto -DHAVE_CONFIG_H     -g -O2 -fstack-protector --param=ssp-buffer-size=4 -Wformat -Werror=format-security -U_FORTIFY_SOURCE -D_FORTIFY_SOURCE=1      
Linking: gcc   -Wl,-Bsymbolic-functions -Wl,-z,relro -Wl,--as-needed -o vim        -lm -ltinfo -lnsl  -lselinux  -lacl -lattr -lgpm -ldl    -L/usr/lib/python2.7/config-x86_64-linux-gnu -lpython2.7 -lpthread -ldl -lutil -lm -Xlinker -export-dynamic -Wl,-O1 -Wl,-Bsymbolic-functions      
[34m[1miptables version[0m
iptables v1.4.21
[34m[1mcurl version[0m
curl 7.35.0 (x86_64-pc-linux-gnu) libcurl/7.35.0 OpenSSL/1.0.1f zlib/1.2.8 libidn/1.28 librtmp/2.3
[34m[1mwget version[0m
GNU Wget 1.15 built on linux-gnu.
[34m[1mrsync version[0m
rsync  version 3.1.0  protocol version 31
[34m[1mgimme version[0m
v1.2.0
[34m[1mnvm version[0m
0.33.6
[34m[1mperlbrew version[0m
/home/travis/perl5/perlbrew/bin/perlbrew  - App::perlbrew/0.80
[34m[1mphpenv version[0m
rbenv 1.1.1-25-g6aa70b6
[34m[1mrvm version[0m
rvm 1.29.3 (latest) by Michal Papis, Piotr Kuczynski, Wayne E. Seguin [https://rvm.io]
[34m[1mdefault ruby version[0m
ruby 2.4.1p111 (2017-03-22 revision 58053) [x86_64-linux]
[34m[1mCouchDB version[0m
couchdb 1.6.1
[34m[1mElasticSearch version[0m
5.5.0
[34m[1mInstalled Firefox version[0m
firefox 56.0.2
[34m[1mMongoDB version[0m
MongoDB 3.4.10
[34m[1mPhantomJS version[0m
2.1.1
[34m[1mPre-installed PostgreSQL versions[0m
9.2.24
9.3.20
9.4.15
9.5.10
9.6.6
[34m[1mRabbitMQ Version[0m
3.6.14
[34m[1mRedis version[0m
redis-server 4.0.6
[34m[1mriak version[0m
2.2.3
[34m[1mPre-installed Go versions[0m
1.7.4
[34m[1mant version[0m
Apache Ant(TM) version 1.9.3 compiled on April 8 2014
[34m[1mmvn version[0m
Apache Maven 3.5.2 (138edd61fd100ec658bfa2d307c43b76940a5d7d; 2017-10-18T07:58:13Z)
Maven home: /usr/local/maven-3.5.2
Java version: 1.8.0_151, vendor: Oracle Corporation
Java home: /usr/lib/jvm/java-8-oracle/jre
Default locale: en_US, platform encoding: UTF-8
OS name: "linux", version: "4.4.0-101-generic", arch: "amd64", family: "unix"
[34m[1mgradle version[0m

------------------------------------------------------------
Gradle 4.0.1
------------------------------------------------------------

Build time:   2017-07-07 14:02:41 UTC
Revision:     38e5dc0f772daecca1d2681885d3d85414eb6826

Groovy:       2.4.11
Ant:          Apache Ant(TM) version 1.9.6 compiled on June 29 2015
JVM:          1.8.0_151 (Oracle Corporation 25.151-b12)
OS:           Linux 4.4.0-101-generic amd64

[34m[1mlein version[0m
Leiningen 2.8.1 on Java 1.8.0_151 Java HotSpot(TM) 64-Bit Server VM
[34m[1mPre-installed Node.js versions[0m
v4.8.6
v6.12.0
v6.12.1
v8.9
v8.9.1
[34m[1mphpenv versions[0m
  system
  5.6
* 5.6.32 (set by /home/travis/.phpenv/version)
  7.0
  7.0.25
  7.1
  7.1.11
  hhvm
  hhvm-stable
[34m[1mcomposer --version[0m
Composer version 1.5.2 2017-09-11 16:59:25
[34m[1mPre-installed Ruby versions[0m
ruby-2.2.7
ruby-2.3.4
ruby-2.4.1
travis_fold:end:system_info[0K
[32;1mNetwork availability confirmed.[0m

[33;1mRunning apt-get update by default has been disabled.[0m
You can opt into running apt-get update by setting this in your .travis.yml file:

  addons:
    apt:
      update: true

travis_fold:start:git.checkout[0Ktravis_time:start:0e7595b3[0K$ git clone --depth=50 --branch=SONARJAVA-2673 https://github.com/SonarSource/sonar-java.git SonarSource/sonar-java
Cloning into 'SonarSource/sonar-java'...

travis_time:end:0e7595b3:start=1526986599734693441,finish=1526986601387580536,duration=1652887095[0K$ cd SonarSource/sonar-java
$ git checkout -qf b224c869bcb8c78bd6e451e9afa0cc7feb555015
travis_fold:end:git.checkout[0K
[33;1mSetting environment variables from repository settings[0m
$ export SONAR_TOKEN=[secure]
$ export ARTIFACTORY_URL=[secure]
$ export ARTIFACTORY_DEPLOY_REPO=[secure]
$ export ARTIFACTORY_DEPLOY_USERNAME=[secure]
$ export ARTIFACTORY_DEPLOY_PASSWORD=[secure]
$ export SONAR_HOST_URL=[secure]
$ export SONAR_HOST_URL_EXTERNAL_PR=[secure]
$ export SONAR_TOKEN_EXTERNAL_PR=434e38bb4823783255c52420358ed86a69876b10
$ export GITHUB_TOKEN=[secure]
$ export GITHUB_TOKEN_EXTERNAL_PR=75b16ddbff9c2d3709f9785c851d3d716ca5d7c1

[33;1mSetting environment variables from .travis.yml[0m
$ export TEST=CI

$ export PATH=$JAVA_HOME/bin:$PATH
travis_fold:start:cache.1[0KSetting up build cache
$ export CASHER_DIR=$HOME/.casher
travis_time:start:147ec7f0[0K$ Installing caching utilities

travis_time:end:147ec7f0:start=1526986617523920934,finish=1526986617562172492,duration=38251558[0Ktravis_time:start:0afc92fc[0K
travis_time:end:0afc92fc:start=1526986617573592551,finish=1526986617580117143,duration=6524592[0Ktravis_time:start:1c5ce88f[0K[32;1mattempting to download cache archive[0m
[32;1mfetching SONARJAVA-2673/cache-linux-trusty-c5100096ad4d3e5bb5093063909496ce91cb1b4edd9ff3a50bbcd2f773aa8b49.tgz[0m
[32;1mfetching master/cache-linux-trusty-c5100096ad4d3e5bb5093063909496ce91cb1b4edd9ff3a50bbcd2f773aa8b49.tgz[0m
[32;1mfound cache[0m

travis_time:end:1c5ce88f:start=1526986617588484061,finish=1526986632515636559,duration=14927152498[0Ktravis_time:start:221ddb96[0K
travis_time:end:221ddb96:start=1526986632521792777,finish=1526986632526786235,duration=4993458[0Ktravis_time:start:07e8b443[0K[32;1madding /home/travis/.m2/repository to cache[0m
[32;1mcreating directory /home/travis/.m2/repository[0m
[32;1madding /home/travis/.sonar to cache[0m
[32;1mcreating directory /home/travis/.sonar[0m
[32;1madding /home/travis/jvm to cache[0m
[32;1mcreating directory /home/travis/jvm[0m
[32;1madding /home/travis/maven to cache[0m
[32;1mcreating directory /home/travis/maven[0m

travis_time:end:07e8b443:start=1526986632533664569,finish=1526986650211351999,duration=17677687430[0Ktravis_fold:end:cache.1[0K$ java -Xmx32m -version
Picked up _JAVA_OPTIONS: -Xmx2048m -Xms512m
java version "1.8.0_151"
Java(TM) SE Runtime Environment (build 1.8.0_151-b12)
Java HotSpot(TM) 64-Bit Server VM (build 25.151-b12, mixed mode)
$ javac -J-Xmx32m -version
Picked up _JAVA_OPTIONS: -Xmx2048m -Xms512m
javac 1.8.0_151
travis_fold:start:install[0Ktravis_time:start:17bd9f8b[0K$ true

travis_time:end:17bd9f8b:start=1526986670828779295,finish=1526986670833936193,duration=5156898[0Ktravis_fold:end:install[0Ktravis_time:start:00694cf9[0K$ ./travis.sh
Copy public Maven settings
Setting .npmrc
Setup Maven 3.5.2
Maven 3.5.2 installed
From https://github.com/SonarSource/sonar-java
 * [new tag]             1.0          -> 1.0
 * [new tag]             1.0-M1       -> 1.0-M1
 * [new tag]             1.0-M2       -> 1.0-M2
 * [new tag]             1.0-M3       -> 1.0-M3
 * [new tag]             1.0-M4       -> 1.0-M4
 * [new tag]             1.0-M5       -> 1.0-M5
 * [new tag]             1.1          -> 1.1
 * [new tag]             1.2          -> 1.2
 * [new tag]             1.3          -> 1.3
 * [new tag]             1.4          -> 1.4
 * [new tag]             1.5          -> 1.5
 * [new tag]             1.5-RC1      -> 1.5-RC1
 * [new tag]             1.5-RC2      -> 1.5-RC2
 * [new tag]             2.0          -> 2.0
 * [new tag]             2.1          -> 2.1
 * [new tag]             2.1-M1       -> 2.1-M1
 * [new tag]             2.1-M2       -> 2.1-M2
 * [new tag]             2.1-M3       -> 2.1-M3
 * [new tag]             2.1-M4       -> 2.1-M4
 * [new tag]             2.1-M5       -> 2.1-M5
 * [new tag]             2.1-RC2      -> 2.1-RC2
 * [new tag]             2.1-RC3      -> 2.1-RC3
 * [new tag]             2.1-RC4      -> 2.1-RC4
 * [new tag]             2.2          -> 2.2
 * [new tag]             2.2-M1       -> 2.2-M1
 * [new tag]             2.2-RC1      -> 2.2-RC1
 * [new tag]             2.3          -> 2.3
 * [new tag]             2.4          -> 2.4
 * [new tag]             2.5          -> 2.5
 * [new tag]             2.5.1        -> 2.5.1
 * [new tag]             2.6          -> 2.6
 * [new tag]             2.7          -> 2.7
 * [new tag]             2.8          -> 2.8
 * [new tag]             2.9          -> 2.9
 * [new tag]             2.9.1        -> 2.9.1
 * [new tag]             3.0          -> 3.0
 * [new tag]             3.1          -> 3.1
 * [new tag]             3.10         -> 3.10
 * [new tag]             3.10-M1      -> 3.10-M1
 * [new tag]             3.10-M2      -> 3.10-M2
 * [new tag]             3.10-M3      -> 3.10-M3
 * [new tag]             3.10-M4      -> 3.10-M4
 * [new tag]             3.10-M5      -> 3.10-M5
 * [new tag]             3.10-M6      -> 3.10-M6
 * [new tag]             3.10-M7      -> 3.10-M7
 * [new tag]             3.10-M8      -> 3.10-M8
 * [new tag]             3.10-M9      -> 3.10-M9
 * [new tag]             3.10-RC1     -> 3.10-RC1
 * [new tag]             3.10-RC2     -> 3.10-RC2
 * [new tag]             3.11         -> 3.11
 * [new tag]             3.11-M1      -> 3.11-M1
 * [new tag]             3.11-M10     -> 3.11-M10
 * [new tag]             3.11-M11     -> 3.11-M11
 * [new tag]             3.11-M2      -> 3.11-M2
 * [new tag]             3.11-M3      -> 3.11-M3
 * [new tag]             3.11-M4      -> 3.11-M4
 * [new tag]             3.11-M5      -> 3.11-M5
 * [new tag]             3.11-M6      -> 3.11-M6
 * [new tag]             3.11-M7      -> 3.11-M7
 * [new tag]             3.11-M8      -> 3.11-M8
 * [new tag]             3.11-M9      -> 3.11-M9
 * [new tag]             3.11-RC1     -> 3.11-RC1
 * [new tag]             3.11-RC2     -> 3.11-RC2
 * [new tag]             3.12         -> 3.12
 * [new tag]             3.12-M1      -> 3.12-M1
 * [new tag]             3.12-M2      -> 3.12-M2
 * [new tag]             3.12-M3      -> 3.12-M3
 * [new tag]             3.12-M4      -> 3.12-M4
 * [new tag]             3.12-M5      -> 3.12-M5
 * [new tag]             3.12-M6      -> 3.12-M6
 * [new tag]             3.12-M7      -> 3.12-M7
 * [new tag]             3.12-M8      -> 3.12-M8
 * [new tag]             3.12-M9      -> 3.12-M9
 * [new tag]             3.12-RC1     -> 3.12-RC1
 * [new tag]             3.12-RC2     -> 3.12-RC2
 * [new tag]             3.13         -> 3.13
 * [new tag]             3.13-M1      -> 3.13-M1
 * [new tag]             3.13-M2      -> 3.13-M2
 * [new tag]             3.13-M3      -> 3.13-M3
 * [new tag]             3.13-M4      -> 3.13-M4
 * [new tag]             3.13-M5      -> 3.13-M5
 * [new tag]             3.13-M6      -> 3.13-M6
 * [new tag]             3.13-RC1     -> 3.13-RC1
 * [new tag]             3.14         -> 3.14
 * [new tag]             3.14-RC1     -> 3.14-RC1
 * [new tag]             3.14-RC2     -> 3.14-RC2
 * [new tag]             3.2          -> 3.2
 * [new tag]             3.3          -> 3.3
 * [new tag]             3.3-M1       -> 3.3-M1
 * [new tag]             3.3-M2       -> 3.3-M2
 * [new tag]             3.3-M3       -> 3.3-M3
 * [new tag]             3.4          -> 3.4
 * [new tag]             3.4-M1       -> 3.4-M1
 * [new tag]             3.4-M2       -> 3.4-M2
 * [new tag]             3.4-M3       -> 3.4-M3
 * [new tag]             3.4-M4       -> 3.4-M4
 * [new tag]             3.4-M5       -> 3.4-M5
 * [new tag]             3.4-M6       -> 3.4-M6
 * [new tag]             3.4-M7       -> 3.4-M7
 * [new tag]             3.5          -> 3.5
 * [new tag]             3.5-M1       -> 3.5-M1
 * [new tag]             3.5-M2       -> 3.5-M2
 * [new tag]             3.5-M3       -> 3.5-M3
 * [new tag]             3.5-M4       -> 3.5-M4
 * [new tag]             3.5-M5       -> 3.5-M5
 * [new tag]             3.5-RC1      -> 3.5-RC1
 * [new tag]             3.5-VOTE     -> 3.5-VOTE
 * [new tag]             3.6          -> 3.6
 * [new tag]             3.6-M2       -> 3.6-M2
 * [new tag]             3.6-M3       -> 3.6-M3
 * [new tag]             3.6-M4       -> 3.6-M4
 * [new tag]             3.6-M5       -> 3.6-M5
 * [new tag]             3.6-M6       -> 3.6-M6
 * [new tag]             3.6-M7       -> 3.6-M7
 * [new tag]             3.6-RC1      -> 3.6-RC1
 * [new tag]             3.6-RC2      -> 3.6-RC2
 * [new tag]             3.7          -> 3.7
 * [new tag]             3.7-M1       -> 3.7-M1
 * [new tag]             3.7-M2       -> 3.7-M2
 * [new tag]             3.7-RC1      -> 3.7-RC1
 * [new tag]             3.8          -> 3.8
 * [new tag]             3.8-M1       -> 3.8-M1
 * [new tag]             3.8-M2       -> 3.8-M2
 * [new tag]             3.8-M3       -> 3.8-M3
 * [new tag]             3.8-M4       -> 3.8-M4
 * [new tag]             3.8-M5       -> 3.8-M5
 * [new tag]             3.8-M6       -> 3.8-M6
 * [new tag]             3.8-M7       -> 3.8-M7
 * [new tag]             3.8-M8       -> 3.8-M8
 * [new tag]             3.8-RC1      -> 3.8-RC1
 * [new tag]             3.8-RC2      -> 3.8-RC2
 * [new tag]             3.8-RC3      -> 3.8-RC3
 * [new tag]             3.9          -> 3.9
 * [new tag]             3.9-M1       -> 3.9-M1
 * [new tag]             3.9-M2       -> 3.9-M2
 * [new tag]             3.9-M3       -> 3.9-M3
 * [new tag]             3.9-M4       -> 3.9-M4
 * [new tag]             3.9-M5       -> 3.9-M5
 * [new tag]             3.9-M6       -> 3.9-M6
 * [new tag]             3.9-M7       -> 3.9-M7
 * [new tag]             3.9-M8       -> 3.9-M8
 * [new tag]             3.9-RC1      -> 3.9-RC1
 * [new tag]             3.9-RC2      -> 3.9-RC2
 * [new tag]             4.0          -> 4.0
 * [new tag]             4.0-RC1      -> 4.0-RC1
 * [new tag]             4.0-RC2      -> 4.0-RC2
 * [new tag]             4.1-RC1      -> 4.1-RC1
 * [new tag]             4.1-RC2      -> 4.1-RC2
 * [new tag]             4.10-RC1     -> 4.10-RC1
 * [new tag]             4.10.0.10260 -> 4.10.0.10260
 * [new tag]             4.11-RC1     -> 4.11-RC1
 * [new tag]             4.11-RC2     -> 4.11-RC2
 * [new tag]             4.11-RC3     -> 4.11-RC3
 * [new tag]             4.11.0.10660 -> 4.11.0.10660
 * [new tag]             4.12-RC1     -> 4.12-RC1
 * [new tag]             4.12.0.11033 -> 4.12.0.11033
 * [new tag]             4.13-RC1     -> 4.13-RC1
 * [new tag]             4.13.0.11627 -> 4.13.0.11627
 * [new tag]             4.14-RC1     -> 4.14-RC1
 * [new tag]             4.14-RC2     -> 4.14-RC2
 * [new tag]             4.14-RC3     -> 4.14-RC3
 * [new tag]             4.14.0.11784 -> 4.14.0.11784
 * [new tag]             4.15-RC1     -> 4.15-RC1
 * [new tag]             4.15.0.12310 -> 4.15.0.12310
 * [new tag]             4.2-RC1      -> 4.2-RC1
 * [new tag]             4.2.1-RC1    -> 4.2.1-RC1
 * [new tag]             4.2.1-RC2    -> 4.2.1-RC2
 * [new tag]             4.2.1-RC3    -> 4.2.1-RC3
 * [new tag]             4.2.1.6971   -> 4.2.1.6971
 * [new tag]             4.3-RC1      -> 4.3-RC1
 * [new tag]             4.3-RC2      -> 4.3-RC2
 * [new tag]             4.3.0.7717   -> 4.3.0.7717
 * [new tag]             4.4-RC1      -> 4.4-RC1
 * [new tag]             4.4-RC2      -> 4.4-RC2
 * [new tag]             4.4-RCRC2    -> 4.4-RCRC2
 * [new tag]             4.4.0.8066   -> 4.4.0.8066
 * [new tag]             4.5-RC1      -> 4.5-RC1
 * [new tag]             4.5.0.8398   -> 4.5.0.8398
 * [new tag]             4.6-RC1      -> 4.6-RC1
 * [new tag]             4.6-RC2      -> 4.6-RC2
 * [new tag]             4.6.0.8784   -> 4.6.0.8784
 * [new tag]             4.7-RC1      -> 4.7-RC1
 * [new tag]             4.7-RC2      -> 4.7-RC2
 * [new tag]             4.7.0.9212   -> 4.7.0.9212
 * [new tag]             4.8-RC1      -> 4.8-RC1
 * [new tag]             4.8.0.9441   -> 4.8.0.9441
 * [new tag]             4.9-RC1      -> 4.9-RC1
 * [new tag]             4.9.0.9858   -> 4.9.0.9858
 * [new tag]             5.0-RC1      -> 5.0-RC1
 * [new tag]             5.0.0.12796  -> 5.0.0.12796
 * [new tag]             5.0.1.12818  -> 5.0.1.12818
 * [new tag]             5.1.0.13090  -> 5.1.0.13090
 * [new tag]             5.1.1.13214  -> 5.1.1.13214
 * [new tag]             5.2.0.13398  -> 5.2.0.13398
======= Build, no analysis, no deploy
Picked up _JAVA_OPTIONS: -Xmx2048m -Xms512m
Apache Maven 3.5.2 (138edd61fd100ec658bfa2d307c43b76940a5d7d; 2017-10-18T07:58:13Z)
Maven home: /home/travis/maven/apache-maven-3.5.2
Java version: 1.8.0_151, vendor: Oracle Corporation
Java home: /usr/lib/jvm/java-8-oracle/jre
Default locale: en_US, platform encoding: UTF-8
OS name: "linux", version: "4.14.12-041412-generic", arch: "amd64", family: "unix"
[INFO] Error stacktraces are turned on.
[INFO] Scanning for projects...
[INFO] ------------------------------------------------------------------------
[INFO] Reactor Build Order:
[INFO] 
[INFO] SonarJava
[INFO] SonarQube Java :: Maven model generator
[INFO] SonarQube Java :: Front-end
[INFO] SonarQube Java :: Check Test tool kit
[INFO] SonarQube Java :: Checks
[INFO] SonarQube Java :: Surefire
[INFO] java-jacoco-previous
[INFO] SonarQube Java :: JaCoCo
[INFO] SonarQube Java :: Plugin
[INFO] SonarQube Java :: JaCoCo Listeners
[INFO] SonarQube Java :: ITs
[INFO] SonarQube Java :: ITs :: Performancing
[INFO] SonarQube Java :: ITs :: Plugin
[INFO] SonarQube Java :: ITs :: Plugin :: Plugins
[INFO] SonarQube Java :: ITS :: Plugin :: Java Extension Plugin
[INFO] SonarQube Java :: ITs :: Plugin :: Tests
[INFO] SonarQube Java :: ITs :: Ruling
[INFO] SonarQube Java :: ITs :: Semantic
[INFO] SonarQube Java :: ITS :: Semantic :: Java Debugging Plugin
[INFO] SonarQube Java :: ITs :: Semantic :: Tests
[INFO] 
[INFO] ------------------------------------------------------------------------
[INFO] Building SonarJava 5.4.0-SNAPSHOT
[INFO] ------------------------------------------------------------------------
[INFO] 
[INFO] --- buildnumber-maven-plugin:1.4:create (default) @ java ---
[INFO] Executing: /bin/sh -c cd '/home/travis/build/SonarSource/sonar-java' && 'git' 'rev-parse' '--verify' 'HEAD'
[INFO] Working directory: /home/travis/build/SonarSource/sonar-java
[INFO] Storing buildNumber: b224c869bcb8c78bd6e451e9afa0cc7feb555015 at timestamp: 1526986680758
[WARNING] Cannot get the branch information from the git repository: 
Detecting the current branch failed: fatal: ref HEAD is not a symbolic ref

[INFO] Executing: /bin/sh -c cd '/home/travis/build/SonarSource/sonar-java' && 'git' 'rev-parse' '--verify' 'HEAD'
[INFO] Working directory: /home/travis/build/SonarSource/sonar-java
[INFO] Storing buildScmBranch: UNKNOWN
[INFO] 
[INFO] --- maven-enforcer-plugin:3.0.0-M1:enforce (enforce) @ java ---
[INFO] 
[INFO] --- license-maven-plugin:3.0:check (enforce-license-headers) @ java ---
[INFO] Checking licenses...
[INFO] 
[INFO] --- beanshell-maven-plugin:1.4:run (compute-artifact-display-version) @ java ---
[INFO] Executing Script
[INFO] file class java.lang.Object
[INFO] script class java.lang.String
[INFO] evaluating script if (! "5.4.0-SNAPSHOT".endsWith("-SNAPSHOT")) { [+ 14 omitted line(s)]
[INFO] 
[INFO] --- maven-source-plugin:3.0.1:jar-no-fork (attach-sources) @ java ---
[INFO] 
[INFO] ------------------------------------------------------------------------
[INFO] Building SonarQube Java :: Maven model generator 5.4.0-SNAPSHOT
[INFO] ------------------------------------------------------------------------
[INFO] 
[INFO] --- buildnumber-maven-plugin:1.4:create (default) @ java-maven-model ---
[INFO] 
[INFO] --- maven-enforcer-plugin:3.0.0-M1:enforce (enforce) @ java-maven-model ---
[INFO] 
[INFO] --- license-maven-plugin:3.0:check (enforce-license-headers) @ java-maven-model ---
[INFO] Checking licenses...
[INFO] 
[INFO] --- jaxb2-maven-plugin:2.2:xjc (xjc) @ java-maven-model ---
[INFO] 
[INFO] --- build-helper-maven-plugin:1.10:add-source (default) @ java-maven-model ---
[INFO] Source directory: /home/travis/build/SonarSource/sonar-java/java-maven-model/target/generated-sources added.
[INFO] 
[INFO] --- beanshell-maven-plugin:1.4:run (compute-artifact-display-version) @ java-maven-model ---
[INFO] Executing Script
[INFO] file class java.lang.Object
[INFO] script class java.lang.String
[INFO] evaluating script if (! "5.4.0-SNAPSHOT".endsWith("-SNAPSHOT")) { [+ 14 omitted line(s)]
[INFO] 
[INFO] --- maven-resources-plugin:3.0.2:resources (default-resources) @ java-maven-model ---
[INFO] Using 'UTF-8' encoding to copy filtered resources.
[INFO] Copying 1 resource
[INFO] 
[INFO] --- maven-compiler-plugin:3.7.0:compile (default-compile) @ java-maven-model ---
[INFO] Changes detected - recompiling the module!
[INFO] Compiling 44 source files to /home/travis/build/SonarSource/sonar-java/java-maven-model/target/classes
[INFO] 
[INFO] --- maven-resources-plugin:3.0.2:testResources (default-testResources) @ java-maven-model ---
[INFO] Using 'UTF-8' encoding to copy filtered resources.
[INFO] skip non existing resourceDirectory /home/travis/build/SonarSource/sonar-java/java-maven-model/src/test/resources
[INFO] 
[INFO] --- maven-compiler-plugin:3.7.0:testCompile (default-testCompile) @ java-maven-model ---
[INFO] Changes detected - recompiling the module!
[INFO] Compiling 2 source files to /home/travis/build/SonarSource/sonar-java/java-maven-model/target/test-classes
[INFO] 
[INFO] --- maven-surefire-plugin:2.20.1:test (default-test) @ java-maven-model ---
[INFO] Surefire report directory: /home/travis/build/SonarSource/sonar-java/java-maven-model/target/surefire-reports
[INFO] 
[INFO] -------------------------------------------------------
[INFO]  T E S T S
[INFO] -------------------------------------------------------
[INFO] Running org.sonar.maven.model.LocatedAttributeAdapterTest
[INFO] Tests run: 2, Failures: 0, Errors: 0, Skipped: 0, Time elapsed: 0.89 s - in org.sonar.maven.model.LocatedAttributeAdapterTest
[INFO] Running org.sonar.maven.model.XmlLocationTest
[INFO] Tests run: 9, Failures: 0, Errors: 0, Skipped: 0, Time elapsed: 0.002 s - in org.sonar.maven.model.XmlLocationTest
[INFO] 
[INFO] Results:
[INFO] 
[INFO] Tests run: 11, Failures: 0, Errors: 0, Skipped: 0
[INFO] 
[INFO] 
[INFO] --- maven-jar-plugin:3.0.2:jar (default-jar) @ java-maven-model ---
[INFO] Building jar: /home/travis/build/SonarSource/sonar-java/java-maven-model/target/java-maven-model-5.4.0-SNAPSHOT.jar
[INFO] 
[INFO] --- maven-source-plugin:3.0.1:jar-no-fork (attach-sources) @ java-maven-model ---
[INFO] Building jar: /home/travis/build/SonarSource/sonar-java/java-maven-model/target/java-maven-model-5.4.0-SNAPSHOT-sources.jar
[INFO] 
[INFO] ------------------------------------------------------------------------
[INFO] Building SonarQube Java :: Front-end 5.4.0-SNAPSHOT
[INFO] ------------------------------------------------------------------------
[INFO] 
[INFO] --- buildnumber-maven-plugin:1.4:create (default) @ java-frontend ---
[INFO] 
[INFO] --- maven-enforcer-plugin:3.0.0-M1:enforce (enforce) @ java-frontend ---
[INFO] 
[INFO] --- license-maven-plugin:3.0:check (enforce-license-headers) @ java-frontend ---
[INFO] Checking licenses...
[INFO] 
[INFO] --- beanshell-maven-plugin:1.4:run (compute-artifact-display-version) @ java-frontend ---
[INFO] Executing Script
[INFO] file class java.lang.Object
[INFO] script class java.lang.String
[INFO] evaluating script if (! "5.4.0-SNAPSHOT".endsWith("-SNAPSHOT")) { [+ 14 omitted line(s)]
[INFO] 
[INFO] --- maven-resources-plugin:3.0.2:resources (default-resources) @ java-frontend ---
[INFO] Using 'UTF-8' encoding to copy filtered resources.
[INFO] skip non existing resourceDirectory /home/travis/build/SonarSource/sonar-java/java-frontend/src/main/resources
[INFO] 
[INFO] --- maven-compiler-plugin:3.7.0:compile (default-compile) @ java-frontend ---
[INFO] Changes detected - recompiling the module!
[INFO] Compiling 381 source files to /home/travis/build/SonarSource/sonar-java/java-frontend/target/classes
[INFO] /home/travis/build/SonarSource/sonar-java/java-frontend/src/main/java/org/sonar/java/SonarComponents.java: Some input files use or override a deprecated API.
[INFO] /home/travis/build/SonarSource/sonar-java/java-frontend/src/main/java/org/sonar/java/SonarComponents.java: Recompile with -Xlint:deprecation for details.
[INFO] /home/travis/build/SonarSource/sonar-java/java-frontend/src/main/java/org/sonar/java/se/checks/NullDereferenceCheck.java: Some input files use unchecked or unsafe operations.
[INFO] /home/travis/build/SonarSource/sonar-java/java-frontend/src/main/java/org/sonar/java/se/checks/NullDereferenceCheck.java: Recompile with -Xlint:unchecked for details.
[INFO] 
[INFO] --- maven-dependency-plugin:3.0.2:unpack (unpack-test-projects) @ java-frontend ---
[INFO] Configured Artifact: commons-collections:commons-collections:sources:3.2.1:jar
[INFO] Configured Artifact: commons-collections:commons-collections:3.2.1:jar
[INFO] Configured Artifact: org.apache.struts:struts-core:sources:1.3.9:jar
[INFO] Configured Artifact: org.apache.struts:struts-core:1.3.9:jar
[INFO] Unpacking /home/travis/.m2/repository/commons-collections/commons-collections/3.2.1/commons-collections-3.2.1-sources.jar to /home/travis/build/SonarSource/sonar-java/java-frontend/target/test-projects/commons-collections-3.2.1/src with includes "" and excludes ""
[INFO] Unpacking /home/travis/.m2/repository/commons-collections/commons-collections/3.2.1/commons-collections-3.2.1.jar to /home/travis/build/SonarSource/sonar-java/java-frontend/target/test-projects/commons-collections-3.2.1/bin with includes "" and excludes ""
[INFO] Unpacking /home/travis/.m2/repository/org/apache/struts/struts-core/1.3.9/struts-core-1.3.9-sources.jar to /home/travis/build/SonarSource/sonar-java/java-frontend/target/test-projects/struts-core-1.3.9/src with includes "" and excludes ""
[INFO] Unpacking /home/travis/.m2/repository/org/apache/struts/struts-core/1.3.9/struts-core-1.3.9.jar to /home/travis/build/SonarSource/sonar-java/java-frontend/target/test-projects/struts-core-1.3.9/bin with includes "" and excludes ""
[INFO] 
[INFO] --- maven-resources-plugin:3.0.2:testResources (default-testResources) @ java-frontend ---
[INFO] Using 'UTF-8' encoding to copy filtered resources.
[INFO] Copying 17 resources
[INFO] 
[INFO] --- maven-compiler-plugin:3.7.0:testCompile (default-testCompile) @ java-frontend ---
[INFO] Changes detected - recompiling the module!
[INFO] Compiling 297 source files to /home/travis/build/SonarSource/sonar-java/java-frontend/target/test-classes
[INFO] /home/travis/build/SonarSource/sonar-java/java-frontend/src/test/java/org/sonar/java/DefaultJavaResourceLocatorTest.java: Some input files use or override a deprecated API.
[INFO] /home/travis/build/SonarSource/sonar-java/java-frontend/src/test/java/org/sonar/java/DefaultJavaResourceLocatorTest.java: Recompile with -Xlint:deprecation for details.
[INFO] /home/travis/build/SonarSource/sonar-java/java-frontend/src/test/java/org/sonar/java/se/Expectations.java: Some input files use unchecked or unsafe operations.
[INFO] /home/travis/build/SonarSource/sonar-java/java-frontend/src/test/java/org/sonar/java/se/Expectations.java: Recompile with -Xlint:unchecked for details.
[INFO] 
[INFO] --- maven-dependency-plugin:3.0.2:copy (copy) @ java-frontend ---
[INFO] Configured Artifact: org.hibernate.javax.persistence:hibernate-jpa-2.0-api:1.0.1.Final:jar
[INFO] Configured Artifact: com.google.code.findbugs:jsr305:1.3.9:jar
[INFO] Configured Artifact: com.google.code.findbugs:annotations:3.0.0:jar
[INFO] Configured Artifact: org.jetbrains:annotations:13.0:jar
[INFO] Configured Artifact: org.projectlombok:lombok:1.16.4:jar
[INFO] Configured Artifact: org.eclipse.jdt:org.eclipse.jdt.annotation:2.1.100:jar
[INFO] Configured Artifact: javax:javaee-api:7.0:jar
[INFO] Configured Artifact: org.apache.commons:commons-lang3:3.5:jar
[INFO] Configured Artifact: commons-lang:commons-lang:2.6:jar
[INFO] Configured Artifact: com.google.guava:guava:20.0:jar
[INFO] Configured Artifact: commons-collections:commons-collections:3.2.1:jar
[INFO] Configured Artifact: org.apache.commons:commons-collections4:4.1:jar
[INFO] Configured Artifact: org.apache.logging.log4j:log4j-core:2.3:jar
[INFO] Configured Artifact: org.springframework:spring-core:4.3.8.RELEASE:jar
[INFO] Configured Artifact: org.junit.jupiter:junit-jupiter-api:5.0.0-M4:jar
[INFO] Configured Artifact: org.aspectj:aspectjtools:1.8.10:jar
[INFO] Configured Artifact: javax:javaee-api:7.0:jar
[INFO] Configured Artifact: javax.servlet:javax.servlet-api:3.1.0:jar
[INFO] Configured Artifact: org.springframework:spring-web:5.0.4.RELEASE:jar
[INFO] Configured Artifact: org.springframework:spring-context:5.0.4.RELEASE:jar
[INFO] Copying hibernate-jpa-2.0-api-1.0.1.Final.jar to /home/travis/build/SonarSource/sonar-java/java-frontend/target/test-jars/hibernate-jpa-2.0-api-1.0.1.Final.jar
[INFO] Copying jsr305-1.3.9.jar to /home/travis/build/SonarSource/sonar-java/java-frontend/target/test-jars/jsr305-1.3.9.jar
[INFO] Copying annotations-3.0.0.jar to /home/travis/build/SonarSource/sonar-java/java-frontend/target/test-jars/annotations-3.0.0.jar
[INFO] Copying annotations-13.0.jar to /home/travis/build/SonarSource/sonar-java/java-frontend/target/test-jars/annotations-13.0.jar
[INFO] Copying lombok-1.16.4.jar to /home/travis/build/SonarSource/sonar-java/java-frontend/target/test-jars/lombok-1.16.4.jar
[INFO] Copying org.eclipse.jdt.annotation-2.1.100.jar to /home/travis/build/SonarSource/sonar-java/java-frontend/target/test-jars/org.eclipse.jdt.annotation-2.1.100.jar
[INFO] Copying javaee-api-7.0.jar to /home/travis/build/SonarSource/sonar-java/java-frontend/target/test-jars/javaee-api-7.0.jar
[INFO] Copying commons-lang3-3.5.jar to /home/travis/build/SonarSource/sonar-java/java-frontend/target/test-jars/commons-lang3-3.5.jar
[INFO] Copying commons-lang-2.6.jar to /home/travis/build/SonarSource/sonar-java/java-frontend/target/test-jars/commons-lang-2.6.jar
[INFO] Copying guava-20.0.jar to /home/travis/build/SonarSource/sonar-java/java-frontend/target/test-jars/guava-20.0.jar
[INFO] Copying commons-collections-3.2.1.jar to /home/travis/build/SonarSource/sonar-java/java-frontend/target/test-jars/commons-collections-3.2.1.jar
[INFO] Copying commons-collections4-4.1.jar to /home/travis/build/SonarSource/sonar-java/java-frontend/target/test-jars/commons-collections4-4.1.jar
[INFO] Copying log4j-core-2.3.jar to /home/travis/build/SonarSource/sonar-java/java-frontend/target/test-jars/log4j-core-2.3.jar
[INFO] Copying spring-core-4.3.8.RELEASE.jar to /home/travis/build/SonarSource/sonar-java/java-frontend/target/test-jars/spring-core-4.3.8.RELEASE.jar
[INFO] Copying junit-jupiter-api-5.0.0-M4.jar to /home/travis/build/SonarSource/sonar-java/java-frontend/target/test-jars/junit-jupiter-api-5.0.0-M4.jar
[INFO] Copying aspectjtools-1.8.10.jar to /home/travis/build/SonarSource/sonar-java/java-frontend/target/test-jars/aspectjtools-1.8.10.jar
[INFO] Copying javaee-api-7.0.jar to /home/travis/build/SonarSource/sonar-java/java-frontend/target/test-jars/javaee-api-7.0.jar
[INFO] Copying javax.servlet-api-3.1.0.jar to /home/travis/build/SonarSource/sonar-java/java-frontend/target/test-jars/javax.servlet-api-3.1.0.jar
[INFO] Copying spring-web-5.0.4.RELEASE.jar to /home/travis/build/SonarSource/sonar-java/java-frontend/target/test-jars/spring-web-5.0.4.RELEASE.jar
[INFO] Copying spring-context-5.0.4.RELEASE.jar to /home/travis/build/SonarSource/sonar-java/java-frontend/target/test-jars/spring-context-5.0.4.RELEASE.jar
[INFO] 
[INFO] --- maven-surefire-plugin:2.20.1:test (default-test) @ java-frontend ---
[INFO] Surefire report directory: /home/travis/build/SonarSource/sonar-java/java-frontend/target/surefire-reports
[INFO] 
[INFO] -------------------------------------------------------
[INFO]  T E S T S
[INFO] -------------------------------------------------------
[INFO] Running org.sonar.java.resolve.ConvertTest
[INFO] Tests run: 8, Failures: 0, Errors: 0, Skipped: 0, Time elapsed: 0.155 s - in org.sonar.java.resolve.ConvertTest
[INFO] Running org.sonar.java.se.CheckerDispatcherTest
[INFO] Tests run: 1, Failures: 0, Errors: 0, Skipped: 0, Time elapsed: 1.284 s - in org.sonar.java.se.CheckerDispatcherTest
[INFO] Running org.sonar.java.ast.visitors.AccessorsUtilsTest
[INFO] Tests run: 15, Failures: 0, Errors: 0, Skipped: 0, Time elapsed: 0.901 s - in org.sonar.java.ast.visitors.AccessorsUtilsTest
[INFO] Running org.sonar.java.ast.parser.grammar.moduledirectives.OpensDirectiveTest
[INFO] Tests run: 1, Failures: 0, Errors: 0, Skipped: 0, Time elapsed: 0.046 s - in org.sonar.java.ast.parser.grammar.moduledirectives.OpensDirectiveTest
[INFO] Running org.sonar.java.se.constraint.TypedConstraintTest
[INFO] Tests run: 1, Failures: 0, Errors: 0, Skipped: 0, Time elapsed: 0.004 s - in org.sonar.java.se.constraint.TypedConstraintTest
[INFO] Running org.sonar.java.bytecode.cfg.BytecodeListingParserTest
[INFO] Tests run: 2, Failures: 0, Errors: 0, Skipped: 0, Time elapsed: 0.076 s - in org.sonar.java.bytecode.cfg.BytecodeListingParserTest
[INFO] Running org.sonar.java.ast.parser.grammar.parameters.FormalParameterTest
[INFO] Tests run: 1, Failures: 0, Errors: 0, Skipped: 0, Time elapsed: 0.014 s - in org.sonar.java.ast.parser.grammar.parameters.FormalParameterTest
[INFO] Running org.sonar.java.se.checks.StreamConsumedCheckTest
[INFO] Tests run: 1, Failures: 0, Errors: 0, Skipped: 0, Time elapsed: 0.812 s - in org.sonar.java.se.checks.StreamConsumedCheckTest
[INFO] Running org.sonar.java.StrutsTest
[INFO] Tests run: 1, Failures: 0, Errors: 0, Skipped: 0, Time elapsed: 5.048 s - in org.sonar.java.StrutsTest
[INFO] Running org.sonar.java.resolve.GenericsTest
[INFO] Tests run: 27, Failures: 0, Errors: 0, Skipped: 0, Time elapsed: 0.623 s - in org.sonar.java.resolve.GenericsTest
[INFO] Running org.sonar.java.collections.PCollectionsTest
[INFO] Tests run: 2, Failures: 0, Errors: 0, Skipped: 0, Time elapsed: 0.003 s - in org.sonar.java.collections.PCollectionsTest
[INFO] Running org.sonar.java.bytecode.loader.SquidClassLoaderTest
[INFO] Tests run: 13, Failures: 0, Errors: 0, Skipped: 0, Time elapsed: 0.092 s - in org.sonar.java.bytecode.loader.SquidClassLoaderTest
[INFO] Running org.sonar.java.resolve.TypeSubstitutionSolverTest
[INFO] Tests run: 19, Failures: 0, Errors: 0, Skipped: 0, Time elapsed: 0.369 s - in org.sonar.java.resolve.TypeSubstitutionSolverTest
[INFO] Running org.sonar.java.ast.parser.grammar.annotations.AnnotationTypeDeclarationTest
[INFO] Tests run: 1, Failures: 0, Errors: 0, Skipped: 0, Time elapsed: 0.008 s - in org.sonar.java.ast.parser.grammar.annotations.AnnotationTypeDeclarationTest
[INFO] Running org.sonar.java.ast.parser.grammar.statements.ExpressionStatementTest
[INFO] Tests run: 1, Failures: 0, Errors: 0, Skipped: 0, Time elapsed: 0.005 s - in org.sonar.java.ast.parser.grammar.statements.ExpressionStatementTest
[INFO] Running org.sonar.java.model.declaration.ClassTreeImplTest
[INFO] Tests run: 2, Failures: 0, Errors: 0, Skipped: 0, Time elapsed: 0.014 s - in org.sonar.java.model.declaration.ClassTreeImplTest
[INFO] Running org.sonar.java.se.checks.NoWayOutLoopCheckTest
[INFO] Tests run: 1, Failures: 0, Errors: 0, Skipped: 0, Time elapsed: 0.206 s - in org.sonar.java.se.checks.NoWayOutLoopCheckTest
[INFO] Running org.sonar.java.resolve.BytecodeCompleterTest
10:58:41.114 WARN  o.sonar.java.resolve.BytecodeVisitor - bridge method setSliderMinValue not marked as synthetic in class model42/PresentationModel42
10:58:41.118 WARN  o.sonar.java.resolve.BytecodeVisitor - bridge method setSliderMaxValue not marked as synthetic in class model42/PresentationModel42
10:58:41.118 WARN  o.sonar.java.resolve.BytecodeVisitor - bridge method setSliderValue not marked as synthetic in class model42/PresentationModel42
10:58:41.118 WARN  o.sonar.java.resolve.BytecodeVisitor - bridge method setSliderEnabled not marked as synthetic in class model42/PresentationModel42
10:58:41.118 WARN  o.sonar.java.resolve.BytecodeVisitor - bridge method setAutoSliderCheckboxSelected not marked as synthetic in class model42/PresentationModel42
10:58:41.118 WARN  o.sonar.java.resolve.BytecodeVisitor - bridge method setAutoSliderCheckboxEnabled not marked as synthetic in class model42/PresentationModel42
10:58:41.119 WARN  o.sonar.java.resolve.BytecodeVisitor - bridge method setAutoSliderLowerLimit not marked as synthetic in class model42/PresentationModel42
10:58:41.119 WARN  o.sonar.java.resolve.BytecodeVisitor - bridge method setAutoSliderUpperLimit not marked as synthetic in class model42/PresentationModel42
10:58:41.119 WARN  o.sonar.java.resolve.BytecodeVisitor - bridge method setDoPaintAutoSliderRange not marked as synthetic in class model42/PresentationModel42
10:58:41.119 WARN  o.sonar.java.resolve.BytecodeVisitor - bridge method setCpuLoadSetpointPercentage not marked as synthetic in class model42/PresentationModel42
10:58:41.119 WARN  o.sonar.java.resolve.BytecodeVisitor - bridge method setAdjustIntervalSeconds not marked as synthetic in class model42/PresentationModel42
10:58:41.119 WARN  o.sonar.java.resolve.BytecodeVisitor - bridge method setActualNumberOfWorkers not marked as synthetic in class model42/PresentationModel42
[INFO] Tests run: 41, Failures: 0, Errors: 0, Skipped: 0, Time elapsed: 0.433 s - in org.sonar.java.resolve.BytecodeCompleterTest
[INFO] Running org.sonar.java.ast.parser.grammar.literals.RestrictedKeywordTest
[INFO] Tests run: 1, Failures: 0, Errors: 0, Skipped: 0, Time elapsed: 0.006 s - in org.sonar.java.ast.parser.grammar.literals.RestrictedKeywordTest
[INFO] Running org.sonar.java.ast.parser.grammar.statements.LocalVariableDeclarationStatementTest
[INFO] Tests run: 1, Failures: 0, Errors: 0, Skipped: 0, Time elapsed: 0.006 s - in org.sonar.java.ast.parser.grammar.statements.LocalVariableDeclarationStatementTest
[INFO] Running org.sonar.java.cfg.CFGLoopTest
[INFO] Tests run: 14, Failures: 0, Errors: 0, Skipped: 0, Time elapsed: 0.034 s - in org.sonar.java.cfg.CFGLoopTest
[INFO] Running org.sonar.java.se.checks.NullDereferenceCheckTest
10:58:41.529 INFO  org.sonar.squidbridge.ProgressReport - 1 source files to be analyzed
10:58:41.550 INFO  org.sonar.squidbridge.ProgressReport - 1/1 source files have been analyzed
10:58:41.565 INFO  org.sonar.squidbridge.ProgressReport - 1 source files to be analyzed
10:58:41.671 INFO  org.sonar.squidbridge.ProgressReport - 1/1 source files have been analyzed
10:58:41.691 INFO  org.sonar.squidbridge.ProgressReport - 1 source files to be analyzed
10:58:41.753 INFO  org.sonar.squidbridge.ProgressReport - 1/1 source files have been analyzed
10:58:41.772 INFO  org.sonar.squidbridge.ProgressReport - 1 source files to be analyzed
10:58:41.818 INFO  org.sonar.squidbridge.ProgressReport - 1/1 source files have been analyzed
10:58:41.827 INFO  org.sonar.squidbridge.ProgressReport - 1 source files to be analyzed
10:58:42.189 INFO  org.sonar.squidbridge.ProgressReport - 1/1 source files have been analyzed
10:58:42.201 INFO  org.sonar.squidbridge.ProgressReport - 1 source files to be analyzed
10:58:42.260 INFO  org.sonar.squidbridge.ProgressReport - 1/1 source files have been analyzed
10:58:42.273 INFO  org.sonar.squidbridge.ProgressReport - 1 source files to be analyzed
10:58:42.293 INFO  org.sonar.squidbridge.ProgressReport - 1/1 source files have been analyzed
10:58:42.306 INFO  org.sonar.squidbridge.ProgressReport - 1 source files to be analyzed
10:58:42.325 INFO  org.sonar.squidbridge.ProgressReport - 1/1 source files have been analyzed
10:58:42.334 INFO  org.sonar.squidbridge.ProgressReport - 1 source files to be analyzed
10:58:42.495 INFO  org.sonar.squidbridge.ProgressReport - 1/1 source files have been analyzed
[INFO] Tests run: 9, Failures: 0, Errors: 0, Skipped: 0, Time elapsed: 0.99 s - in org.sonar.java.se.checks.NullDereferenceCheckTest
[INFO] Running org.sonar.java.ast.parser.grammar.expressions.RelationalExpressionTest
[INFO] Tests run: 1, Failures: 0, Errors: 0, Skipped: 0, Time elapsed: 0.023 s - in org.sonar.java.ast.parser.grammar.expressions.RelationalExpressionTest
[INFO] Running org.sonar.java.se.checks.debug.DebugMethodYieldsOnInvocationsCheckTest
10:58:42.561 INFO  org.sonar.squidbridge.ProgressReport - 1 source files to be analyzed
10:58:42.595 INFO  org.sonar.squidbridge.ProgressReport - 1/1 source files have been analyzed
10:58:42.608 INFO  org.sonar.squidbridge.ProgressReport - 1 source files to be analyzed
10:58:42.650 INFO  org.sonar.squidbridge.ProgressReport - 1/1 source files have been analyzed
[INFO] Tests run: 2, Failures: 0, Errors: 0, Skipped: 0, Time elapsed: 0.111 s - in org.sonar.java.se.checks.debug.DebugMethodYieldsOnInvocationsCheckTest
[INFO] Running org.sonar.java.ast.parser.grammar.expressions.ExpressionTest
[INFO] Tests run: 3, Failures: 0, Errors: 0, Skipped: 0, Time elapsed: 0.022 s - in org.sonar.java.ast.parser.grammar.expressions.ExpressionTest
[INFO] Running org.sonar.java.se.ExplodedGraphWalkerTest
10:58:42.692 INFO  org.sonar.squidbridge.ProgressReport - 1 source files to be analyzed
10:58:42.720 INFO  org.sonar.squidbridge.ProgressReport - 1/1 source files have been analyzed
10:58:42.731 INFO  org.sonar.squidbridge.ProgressReport - 1 source files to be analyzed
10:58:42.756 INFO  org.sonar.squidbridge.ProgressReport - 1 source files to be analyzed
10:58:42.757 INFO  org.sonar.squidbridge.ProgressReport - 1/1 source files have been analyzed
10:58:42.774 INFO  org.sonar.squidbridge.ProgressReport - 1/1 source files have been analyzed
10:58:42.784 INFO  org.sonar.squidbridge.ProgressReport - 1 source files to be analyzed
10:58:42.813 INFO  org.sonar.squidbridge.ProgressReport - 1/1 source files have been analyzed
10:58:42.828 INFO  org.sonar.squidbridge.ProgressReport - 1 source files to be analyzed
10:58:42.859 INFO  org.sonar.squidbridge.ProgressReport - 1/1 source files have been analyzed
10:58:42.869 INFO  org.sonar.squidbridge.ProgressReport - 1 source files to be analyzed
10:58:42.890 INFO  org.sonar.squidbridge.ProgressReport - 1 source files to be analyzed
10:58:42.891 INFO  org.sonar.squidbridge.ProgressReport - 1/1 source files have been analyzed
10:58:42.915 INFO  org.sonar.squidbridge.ProgressReport - 1/1 source files have been analyzed
10:58:42.919 INFO  org.sonar.squidbridge.ProgressReport - 1 source files to be analyzed
10:58:42.940 INFO  org.sonar.squidbridge.ProgressReport - 1/1 source files have been analyzed
10:58:42.957 INFO  org.sonar.squidbridge.ProgressReport - 1 source files to be analyzed
10:58:42.973 INFO  org.sonar.squidbridge.ProgressReport - 1/1 source files have been analyzed
10:58:42.980 INFO  org.sonar.squidbridge.ProgressReport - 1 source files to be analyzed
10:58:43.902 INFO  org.sonar.squidbridge.ProgressReport - 1/1 source files have been analyzed
10:58:43.915 INFO  org.sonar.squidbridge.ProgressReport - 1 source files to be analyzed
10:58:43.946 INFO  org.sonar.squidbridge.ProgressReport - 1/1 source files have been analyzed
10:58:43.957 INFO  org.sonar.squidbridge.ProgressReport - 1 source files to be analyzed
10:58:44.002 INFO  org.sonar.squidbridge.ProgressReport - 1/1 source files have been analyzed
10:58:44.026 INFO  org.sonar.squidbridge.ProgressReport - 1 source files to be analyzed
10:58:44.123 INFO  org.sonar.squidbridge.ProgressReport - 1/1 source files have been analyzed
10:58:44.130 INFO  org.sonar.squidbridge.ProgressReport - 1 source files to be analyzed
10:58:44.197 INFO  org.sonar.squidbridge.ProgressReport - 1/1 source files have been analyzed
10:58:44.204 INFO  org.sonar.squidbridge.ProgressReport - 1 source files to be analyzed
10:58:44.234 INFO  org.sonar.squidbridge.ProgressReport - 1/1 source files have been analyzed
10:58:44.242 INFO  org.sonar.squidbridge.ProgressReport - 1 source files to be analyzed
10:58:44.265 INFO  org.sonar.squidbridge.ProgressReport - 1/1 source files have been analyzed
10:58:44.286 INFO  org.sonar.squidbridge.ProgressReport - 1 source files to be analyzed
10:58:44.963 INFO  org.sonar.squidbridge.ProgressReport - 1/1 source files have been analyzed
10:58:44.968 INFO  org.sonar.squidbridge.ProgressReport - 1 source files to be analyzed
10:58:45.010 INFO  org.sonar.squidbridge.ProgressReport - 1/1 source files have been analyzed
10:58:45.018 INFO  org.sonar.squidbridge.ProgressReport - 1 source files to be analyzed
10:58:45.041 INFO  org.sonar.squidbridge.ProgressReport - 1/1 source files have been analyzed
10:58:45.046 INFO  org.sonar.squidbridge.ProgressReport - 1 source files to be analyzed
10:58:45.069 INFO  org.sonar.squidbridge.ProgressReport - 1/1 source files have been analyzed
10:58:45.070 INFO  org.sonar.squidbridge.ProgressReport - 1 source files to be analyzed
10:58:51.724 INFO  org.sonar.squidbridge.ProgressReport - 1/1 source files have been analyzed
10:58:51.729 INFO  org.sonar.squidbridge.ProgressReport - 1 source files to be analyzed
10:58:51.758 INFO  org.sonar.squidbridge.ProgressReport - 1/1 source files have been analyzed
10:58:51.770 INFO  org.sonar.squidbridge.ProgressReport - 1 source files to be analyzed
10:58:51.794 INFO  org.sonar.squidbridge.ProgressReport - 1/1 source files have been analyzed
10:58:51.802 INFO  org.sonar.squidbridge.ProgressReport - 1 source files to be analyzed
10:58:51.819 INFO  org.sonar.squidbridge.ProgressReport - 1/1 source files have been analyzed
10:58:51.823 INFO  org.sonar.squidbridge.ProgressReport - 1 source files to be analyzed
10:58:51.839 INFO  org.sonar.squidbridge.ProgressReport - 1 source files to be analyzed
10:58:51.839 INFO  org.sonar.squidbridge.ProgressReport - 1/1 source files have been analyzed
10:58:51.876 INFO  org.sonar.squidbridge.ProgressReport - 1/1 source files have been analyzed
10:58:51.888 INFO  org.sonar.squidbridge.ProgressReport - 1 source files to be analyzed
10:58:51.904 INFO  org.sonar.squidbridge.ProgressReport - 1 source files to be analyzed
10:58:51.905 INFO  org.sonar.squidbridge.ProgressReport - 1/1 source files have been analyzed
10:58:51.926 INFO  org.sonar.squidbridge.ProgressReport - 1/1 source files have been analyzed
10:58:52.095 INFO  org.sonar.squidbridge.ProgressReport - 1 source files to be analyzed
10:58:52.117 INFO  org.sonar.squidbridge.ProgressReport - 1/1 source files have been analyzed
10:58:52.124 INFO  org.sonar.squidbridge.ProgressReport - 1 source files to be analyzed
10:58:52.140 INFO  org.sonar.squidbridge.ProgressReport - 1/1 source files have been analyzed
10:58:52.142 INFO  org.sonar.squidbridge.ProgressReport - 1 source files to be analyzed
10:58:52.551 INFO  org.sonar.squidbridge.ProgressReport - 1/1 source files have been analyzed
10:58:52.561 INFO  org.sonar.squidbridge.ProgressReport - 1 source files to be analyzed
10:58:52.574 INFO  org.sonar.squidbridge.ProgressReport - 1 source files to be analyzed
10:58:52.575 INFO  org.sonar.squidbridge.ProgressReport - 1/1 source files have been analyzed
10:58:53.954 INFO  org.sonar.squidbridge.ProgressReport - 1/1 source files have been analyzed
10:58:53.958 INFO  org.sonar.squidbridge.ProgressReport - 1 source files to be analyzed
10:58:53.974 INFO  org.sonar.squidbridge.ProgressReport - 1 source files to be analyzed
10:58:53.975 INFO  org.sonar.squidbridge.ProgressReport - 1/1 source files have been analyzed
10:58:53.989 INFO  org.sonar.squidbridge.ProgressReport - 1 source files to be analyzed
10:58:53.990 INFO  org.sonar.squidbridge.ProgressReport - 1/1 source files have been analyzed
10:58:54.006 INFO  org.sonar.squidbridge.ProgressReport - 1/1 source files have been analyzed
[INFO] Tests run: 31, Failures: 0, Errors: 0, Skipped: 0, Time elapsed: 11.327 s - in org.sonar.java.se.ExplodedGraphWalkerTest
[INFO] Running org.sonar.java.se.checks.debug.DebugMethodYieldsCheckTest
10:58:54.011 INFO  org.sonar.squidbridge.ProgressReport - 1 source files to be analyzed
10:58:54.024 INFO  org.sonar.squidbridge.ProgressReport - 1/1 source files have been analyzed
10:58:54.027 INFO  org.sonar.squidbridge.ProgressReport - 1 source files to be analyzed
[INFO] Tests run: 2, Failures: 0, Errors: 0, Skipped: 0, Time elapsed: 0.029 s - in org.sonar.java.se.checks.debug.DebugMethodYieldsCheckTest
[INFO] Running org.sonar.java.ast.parser.grammar.statements.ContinueStatementTest
10:58:54.042 INFO  org.sonar.squidbridge.ProgressReport - 1/1 source files have been analyzed
[INFO] Tests run: 1, Failures: 0, Errors: 0, Skipped: 0, Time elapsed: 0.007 s - in org.sonar.java.ast.parser.grammar.statements.ContinueStatementTest
[INFO] Running org.sonar.java.se.checks.StreamNotConsumedCheckTest
10:58:54.050 INFO  org.sonar.squidbridge.ProgressReport - 1 source files to be analyzed
10:58:54.143 INFO  org.sonar.squidbridge.ProgressReport - 1/1 source files have been analyzed
[INFO] Tests run: 1, Failures: 0, Errors: 0, Skipped: 0, Time elapsed: 0.095 s - in org.sonar.java.se.checks.StreamNotConsumedCheckTest
[INFO] Running org.sonar.java.ast.parser.grammar.parameters.FormalParameterDeclsRestTest
[INFO] Tests run: 2, Failures: 0, Errors: 0, Skipped: 0, Time elapsed: 0.008 s - in org.sonar.java.ast.parser.grammar.parameters.FormalParameterDeclsRestTest
[INFO] Running org.sonar.java.se.checks.LocksNotUnlockedCheckTest
10:58:54.158 INFO  org.sonar.squidbridge.ProgressReport - 1 source files to be analyzed
10:58:54.172 INFO  org.sonar.squidbridge.ProgressReport - 1/1 source files have been analyzed
10:58:54.178 INFO  org.sonar.squidbridge.ProgressReport - 1 source files to be analyzed
10:58:54.293 INFO  org.sonar.squidbridge.ProgressReport - 1/1 source files have been analyzed
[INFO] Tests run: 3, Failures: 0, Errors: 0, Skipped: 0, Time elapsed: 0.141 s - in org.sonar.java.se.checks.LocksNotUnlockedCheckTest
[INFO] Running org.sonar.java.SonarComponentsTest
[INFO] Tests run: 14, Failures: 0, Errors: 0, Skipped: 0, Time elapsed: 1.061 s - in org.sonar.java.SonarComponentsTest
[INFO] Running org.sonar.java.se.checks.DivisionByZeroCheckTest
10:58:55.371 INFO  org.sonar.squidbridge.ProgressReport - 1 source files to be analyzed
10:58:55.406 INFO  org.sonar.squidbridge.ProgressReport - 1/1 source files have been analyzed
10:58:55.418 INFO  org.sonar.squidbridge.ProgressReport - 1 source files to be analyzed
10:58:55.493 INFO  org.sonar.squidbridge.ProgressReport - 1/1 source files have been analyzed
[INFO] Tests run: 3, Failures: 0, Errors: 0, Skipped: 0, Time elapsed: 0.15 s - in org.sonar.java.se.checks.DivisionByZeroCheckTest
[INFO] Running org.sonar.java.ast.parser.grammar.types.BoundTest
[INFO] Tests run: 1, Failures: 0, Errors: 0, Skipped: 0, Time elapsed: 0.004 s - in org.sonar.java.ast.parser.grammar.types.BoundTest
[INFO] Running org.sonar.java.UCFGJavaVisitorTest
[INFO] Tests run: 19, Failures: 0, Errors: 0, Skipped: 0, Time elapsed: 1.038 s - in org.sonar.java.UCFGJavaVisitorTest
[INFO] Running org.sonar.java.model.declaration.OpensDirectiveTreeImplTest
[INFO] Tests run: 3, Failures: 0, Errors: 0, Skipped: 0, Time elapsed: 0.021 s - in org.sonar.java.model.declaration.OpensDirectiveTreeImplTest
[INFO] Running org.sonar.java.model.ExpressionUtilsTest
[INFO] Tests run: 6, Failures: 0, Errors: 0, Skipped: 0, Time elapsed: 0.038 s - in org.sonar.java.model.ExpressionUtilsTest
[INFO] Running org.sonar.java.resolve.ScopeTest
[INFO] Tests run: 5, Failures: 0, Errors: 0, Skipped: 0, Time elapsed: 0.067 s - in org.sonar.java.resolve.ScopeTest
[INFO] Running org.sonar.java.ast.parser.grammar.classes.MemberDeclTest
[INFO] Tests run: 1, Failures: 0, Errors: 0, Skipped: 0, Time elapsed: 0.004 s - in org.sonar.java.ast.parser.grammar.classes.MemberDeclTest
[INFO] Running org.sonar.java.ast.parser.grammar.moduledirectives.ProvidesDirectiveTest
[INFO] Tests run: 1, Failures: 0, Errors: 0, Skipped: 0, Time elapsed: 0.004 s - in org.sonar.java.ast.parser.grammar.moduledirectives.ProvidesDirectiveTest
[INFO] Running org.sonar.java.model.KindMapsTest
[INFO] Tests run: 6, Failures: 0, Errors: 0, Skipped: 0, Time elapsed: 0.005 s - in org.sonar.java.model.KindMapsTest
[INFO] Running org.sonar.java.MeasurerTest
10:58:56.747 INFO  org.sonar.java.JavaSquid - Java Main Files AST scan
10:58:56.748 INFO  org.sonar.squidbridge.ProgressReport - 1 source files to be analyzed
10:58:56.768 INFO  org.sonar.java.JavaSquid - Java Main Files AST scan (done) | time=21ms
10:58:56.768 INFO  org.sonar.squidbridge.ProgressReport - 1/1 source files have been analyzed
10:58:56.769 INFO  org.sonar.java.JavaSquid - Java Test Files AST scan
10:58:56.772 INFO  org.sonar.squidbridge.ProgressReport - 0 source files to be analyzed
10:58:56.775 INFO  org.sonar.java.JavaSquid - Java Test Files AST scan (done) | time=6ms
10:58:56.778 INFO  org.sonar.java.JavaSquid - Java Main Files AST scan
10:58:56.778 INFO  org.sonar.squidbridge.ProgressReport - 1 source files to be analyzed
10:58:56.783 INFO  org.sonar.squidbridge.ProgressReport - 0/0 source files have been analyzed
10:58:56.786 INFO  org.sonar.java.JavaSquid - Java Main Files AST scan (done) | time=8ms
10:58:56.788 INFO  org.sonar.java.JavaSquid - Java Test Files AST scan
10:58:56.789 INFO  org.sonar.squidbridge.ProgressReport - 0 source files to be analyzed
10:58:56.791 INFO  org.sonar.squidbridge.ProgressReport - 1/1 source files have been analyzed
10:58:56.792 INFO  org.sonar.java.JavaSquid - Java Test Files AST scan (done) | time=4ms
10:58:56.795 INFO  org.sonar.java.JavaSquid - Java Main Files AST scan
10:58:56.795 INFO  org.sonar.squidbridge.ProgressReport - 1 source files to be analyzed
10:58:56.797 INFO  org.sonar.squidbridge.ProgressReport - 0/0 source files have been analyzed
10:58:56.800 INFO  org.sonar.java.JavaSquid - Java Main Files AST scan (done) | time=5ms
10:58:56.800 INFO  org.sonar.java.JavaSquid - Java Test Files AST scan
10:58:56.800 INFO  org.sonar.squidbridge.ProgressReport - 0 source files to be analyzed
10:58:56.803 INFO  org.sonar.squidbridge.ProgressReport - 1/1 source files have been analyzed
10:58:56.804 INFO  org.sonar.java.JavaSquid - Java Test Files AST scan (done) | time=4ms
10:58:56.807 INFO  org.sonar.java.JavaSquid - Java Main Files AST scan
10:58:56.807 INFO  org.sonar.squidbridge.ProgressReport - 1 source files to be analyzed
10:58:56.810 INFO  org.sonar.squidbridge.ProgressReport - 0/0 source files have been analyzed
10:58:56.817 INFO  org.sonar.java.JavaSquid - Java Main Files AST scan (done) | time=10ms
10:58:56.817 INFO  org.sonar.java.JavaSquid - Java Test Files AST scan
10:58:56.818 INFO  org.sonar.squidbridge.ProgressReport - 0 source files to be analyzed
10:58:56.820 INFO  org.sonar.squidbridge.ProgressReport - 1/1 source files have been analyzed
10:58:56.822 INFO  org.sonar.java.JavaSquid - Java Test Files AST scan (done) | time=5ms
10:58:56.824 INFO  org.sonar.java.JavaSquid - Java Main Files AST scan
10:58:56.824 INFO  org.sonar.squidbridge.ProgressReport - 1 source files to be analyzed
10:58:56.824 INFO  org.sonar.squidbridge.ProgressReport - 0/0 source files have been analyzed
10:58:56.840 INFO  org.sonar.java.JavaSquid - Java Main Files AST scan (done) | time=16ms
10:58:56.842 INFO  org.sonar.java.JavaSquid - Java Test Files AST scan
10:58:56.842 INFO  org.sonar.squidbridge.ProgressReport - 0 source files to be analyzed
10:58:56.841 INFO  org.sonar.squidbridge.ProgressReport - 1/1 source files have been analyzed
10:58:56.845 INFO  org.sonar.java.JavaSquid - Java Test Files AST scan (done) | time=3ms
10:58:56.848 INFO  org.sonar.java.JavaSquid - Java Main Files AST scan
10:58:56.848 INFO  org.sonar.squidbridge.ProgressReport - 1 source files to be analyzed
10:58:56.850 INFO  org.sonar.squidbridge.ProgressReport - 0/0 source files have been analyzed
10:58:56.863 INFO  org.sonar.java.JavaSquid - Java Main Files AST scan (done) | time=15ms
10:58:56.865 INFO  org.sonar.java.JavaSquid - Java Test Files AST scan
10:58:56.866 INFO  org.sonar.squidbridge.ProgressReport - 0 source files to be analyzed
10:58:56.867 INFO  org.sonar.squidbridge.ProgressReport - 1/1 source files have been analyzed
10:58:56.868 INFO  org.sonar.java.JavaSquid - Java Test Files AST scan (done) | time=3ms
10:58:56.871 INFO  org.sonar.java.JavaSquid - Java Main Files AST scan
10:58:56.872 INFO  org.sonar.squidbridge.ProgressReport - 1 source files to be analyzed
10:58:56.874 INFO  org.sonar.squidbridge.ProgressReport - 0/0 source files have been analyzed
10:58:56.891 INFO  org.sonar.java.JavaSquid - Java Main Files AST scan (done) | time=20ms
10:58:56.892 INFO  org.sonar.java.JavaSquid - Java Test Files AST scan
10:58:56.891 INFO  org.sonar.squidbridge.ProgressReport - 1/1 source files have been analyzed
10:58:56.894 INFO  org.sonar.squidbridge.ProgressReport - 0 source files to be analyzed
10:58:56.895 INFO  org.sonar.java.JavaSquid - Java Test Files AST scan (done) | time=3ms
10:58:56.898 INFO  org.sonar.java.JavaSquid - Java Main Files AST scan
10:58:56.899 INFO  org.sonar.squidbridge.ProgressReport - 1 source files to be analyzed
10:58:56.901 INFO  org.sonar.squidbridge.ProgressReport - 0/0 source files have been analyzed
10:58:56.914 INFO  org.sonar.java.JavaSquid - Java Main Files AST scan (done) | time=16ms
10:58:56.915 INFO  org.sonar.java.JavaSquid - Java Test Files AST scan
10:58:56.916 INFO  org.sonar.squidbridge.ProgressReport - 0 source files to be analyzed
10:58:56.918 INFO  org.sonar.squidbridge.ProgressReport - 1/1 source files have been analyzed
10:58:56.919 INFO  org.sonar.java.JavaSquid - Java Test Files AST scan (done) | time=4ms
10:58:56.923 INFO  org.sonar.java.JavaSquid - Java Main Files AST scan
10:58:56.924 INFO  org.sonar.squidbridge.ProgressReport - 1 source files to be analyzed
10:58:56.926 INFO  org.sonar.squidbridge.ProgressReport - 0/0 source files have been analyzed
10:58:56.939 INFO  org.sonar.java.JavaSquid - Java Main Files AST scan (done) | time=16ms
10:58:56.941 INFO  org.sonar.java.JavaSquid - Java Test Files AST scan
10:58:56.942 INFO  org.sonar.squidbridge.ProgressReport - 0 source files to be analyzed
10:58:56.943 INFO  org.sonar.squidbridge.ProgressReport - 1/1 source files have been analyzed
10:58:56.945 INFO  org.sonar.java.JavaSquid - Java Test Files AST scan (done) | time=4ms
10:58:56.949 INFO  org.sonar.java.JavaSquid - Java Main Files AST scan
10:58:56.950 INFO  org.sonar.squidbridge.ProgressReport - 1 source files to be analyzed
10:58:56.951 INFO  org.sonar.squidbridge.ProgressReport - 0/0 source files have been analyzed
10:58:56.965 INFO  org.sonar.java.JavaSquid - Java Main Files AST scan (done) | time=16ms
10:58:56.966 INFO  org.sonar.java.JavaSquid - Java Test Files AST scan
10:58:56.967 INFO  org.sonar.squidbridge.ProgressReport - 0 source files to be analyzed
10:58:56.966 INFO  org.sonar.squidbridge.ProgressReport - 1/1 source files have been analyzed
10:58:56.978 INFO  org.sonar.java.JavaSquid - Java Test Files AST scan (done) | time=12ms
10:58:56.979 INFO  org.sonar.squidbridge.ProgressReport - 0/0 source files have been analyzed
10:58:56.984 INFO  org.sonar.java.JavaSquid - Java Main Files AST scan
10:58:56.985 INFO  org.sonar.squidbridge.ProgressReport - 1 source files to be analyzed
10:58:57.000 INFO  org.sonar.java.JavaSquid - Java Main Files AST scan (done) | time=16ms
10:58:57.002 INFO  org.sonar.java.JavaSquid - Java Test Files AST scan
10:58:57.003 INFO  org.sonar.squidbridge.ProgressReport - 0 source files to be analyzed
10:58:57.004 INFO  org.sonar.squidbridge.ProgressReport - 1/1 source files have been analyzed
10:58:57.005 INFO  org.sonar.java.JavaSquid - Java Test Files AST scan (done) | time=3ms
[INFO] Tests run: 9, Failures: 0, Errors: 0, Skipped: 0, Time elapsed: 0.268 s - in org.sonar.java.MeasurerTest
[INFO] Running org.sonar.java.ast.parser.grammar.parameters.FormalParametersTest
[INFO] Tests run: 1, Failures: 0, Errors: 0, Skipped: 0, Time elapsed: 0 s - in org.sonar.java.ast.parser.grammar.parameters.FormalParametersTest
[INFO] Running org.sonar.java.ast.parser.grammar.statements.VariableDeclaratorsTest
[INFO] Tests run: 1, Failures: 0, Errors: 0, Skipped: 0, Time elapsed: 0.005 s - in org.sonar.java.ast.parser.grammar.statements.VariableDeclaratorsTest
[INFO] Running org.sonar.java.se.checks.NonNullSetToNullCheckTest
10:58:57.025 INFO  org.sonar.squidbridge.ProgressReport - 1 source files to be analyzed
10:58:57.026 INFO  org.sonar.squidbridge.ProgressReport - 0/0 source files have been analyzed
10:58:57.631 INFO  org.sonar.squidbridge.ProgressReport - 1/1 source files have been analyzed
[INFO] Tests run: 1, Failures: 0, Errors: 0, Skipped: 0, Time elapsed: 0.615 s - in org.sonar.java.se.checks.NonNullSetToNullCheckTest
[INFO] Running org.sonar.java.ast.parser.grammar.parameters.FormalParameterDeclsTest
[INFO] Tests run: 1, Failures: 0, Errors: 0, Skipped: 0, Time elapsed: 0.004 s - in org.sonar.java.ast.parser.grammar.parameters.FormalParameterDeclsTest
[INFO] Running org.sonar.java.se.SymbolicValueFactoryTest
[INFO] Tests run: 1, Failures: 0, Errors: 0, Skipped: 0, Time elapsed: 0.002 s - in org.sonar.java.se.SymbolicValueFactoryTest
[INFO] Running org.sonar.java.ast.parser.grammar.statements.StatementTest
[INFO] Tests run: 1, Failures: 0, Errors: 0, Skipped: 0, Time elapsed: 0.005 s - in org.sonar.java.ast.parser.grammar.statements.StatementTest
[INFO] Running org.sonar.java.ast.parser.grammar.types.TypeArgumentTest
[INFO] Tests run: 1, Failures: 0, Errors: 0, Skipped: 0, Time elapsed: 0.004 s - in org.sonar.java.ast.parser.grammar.types.TypeArgumentTest
[INFO] Running org.sonar.java.xml.XmlParserTest
10:58:57.735 ERROR org.sonar.java.xml.XmlParser - Unable to parse xml file: src/test/files/xml/parsing-issue.xml
10:58:57.738 DEBUG org.sonar.java.xml.XmlParser - XML file parsing failed because of : org.xml.sax.SAXParseException; systemId: file:/home/travis/build/SonarSource/sonar-java/java-frontend/src/test/files/xml/parsing-issue.xml; lineNumber: 2; columnNumber: 1; XML document structures must start and end within the same entity.
	at com.sun.org.apache.xerces.internal.util.ErrorHandlerWrapper.createSAXParseException(ErrorHandlerWrapper.java:203)
	at com.sun.org.apache.xerces.internal.util.ErrorHandlerWrapper.fatalError(ErrorHandlerWrapper.java:177)
	at com.sun.org.apache.xerces.internal.impl.XMLErrorReporter.reportError(XMLErrorReporter.java:400)
	at com.sun.org.apache.xerces.internal.impl.XMLErrorReporter.reportError(XMLErrorReporter.java:327)
	at com.sun.org.apache.xerces.internal.impl.XMLScanner.reportFatalError(XMLScanner.java:1472)
	at com.sun.org.apache.xerces.internal.impl.XMLDocumentFragmentScannerImpl.endEntity(XMLDocumentFragmentScannerImpl.java:899)
	at com.sun.org.apache.xerces.internal.impl.XMLDocumentScannerImpl.endEntity(XMLDocumentScannerImpl.java:559)
	at com.sun.org.apache.xerces.internal.impl.XMLEntityManager.endEntity(XMLEntityManager.java:1398)
	at com.sun.org.apache.xerces.internal.impl.XMLEntityScanner.load(XMLEntityScanner.java:1916)
	at com.sun.org.apache.xerces.internal.impl.XMLEntityScanner.skipChar(XMLEntityScanner.java:1551)
	at com.sun.org.apache.xerces.internal.impl.XMLDocumentFragmentScannerImpl$FragmentContentDriver.next(XMLDocumentFragmentScannerImpl.java:2821)
	at com.sun.org.apache.xerces.internal.impl.XMLDocumentScannerImpl.next(XMLDocumentScannerImpl.java:602)
	at com.sun.org.apache.xerces.internal.impl.XMLDocumentFragmentScannerImpl.scanDocument(XMLDocumentFragmentScannerImpl.java:505)
	at com.sun.org.apache.xerces.internal.parsers.XML11Configuration.parse(XML11Configuration.java:841)
	at com.sun.org.apache.xerces.internal.parsers.XML11Configuration.parse(XML11Configuration.java:770)
	at com.sun.org.apache.xerces.internal.parsers.XMLParser.parse(XMLParser.java:141)
	at com.sun.org.apache.xerces.internal.parsers.AbstractSAXParser.parse(AbstractSAXParser.java:1213)
	at com.sun.org.apache.xerces.internal.jaxp.SAXParserImpl$JAXPSAXParser.parse(SAXParserImpl.java:643)
	at com.sun.org.apache.xerces.internal.jaxp.SAXParserImpl.parse(SAXParserImpl.java:327)
	at javax.xml.parsers.SAXParser.parse(SAXParser.java:328)
	at org.sonar.java.xml.XmlParser.parseXML(XmlParser.java:64)
	at org.sonar.java.xml.XmlParserTest.should_return_null_when_encountering_parsing_issue(XmlParserTest.java:69)
	at sun.reflect.NativeMethodAccessorImpl.invoke0(Native Method)
	at sun.reflect.NativeMethodAccessorImpl.invoke(NativeMethodAccessorImpl.java:62)
	at sun.reflect.DelegatingMethodAccessorImpl.invoke(DelegatingMethodAccessorImpl.java:43)
	at java.lang.reflect.Method.invoke(Method.java:498)
	at org.junit.runners.model.FrameworkMethod$1.runReflectiveCall(FrameworkMethod.java:50)
	at org.junit.internal.runners.model.ReflectiveCallable.run(ReflectiveCallable.java:12)
	at org.junit.runners.model.FrameworkMethod.invokeExplosively(FrameworkMethod.java:47)
	at org.junit.internal.runners.statements.InvokeMethod.evaluate(InvokeMethod.java:17)
	at org.junit.internal.runners.statements.RunBefores.evaluate(RunBefores.java:26)
	at org.junit.rules.ExternalResource$1.evaluate(ExternalResource.java:48)
	at org.junit.rules.RunRules.evaluate(RunRules.java:20)
	at org.junit.runners.ParentRunner.runLeaf(ParentRunner.java:325)
	at org.junit.runners.BlockJUnit4ClassRunner.runChild(BlockJUnit4ClassRunner.java:78)
	at org.junit.runners.BlockJUnit4ClassRunner.runChild(BlockJUnit4ClassRunner.java:57)
	at org.junit.runners.ParentRunner$3.run(ParentRunner.java:290)
	at org.junit.runners.ParentRunner$1.schedule(ParentRunner.java:71)
	at org.junit.runners.ParentRunner.runChildren(ParentRunner.java:288)
	at org.junit.runners.ParentRunner.access$000(ParentRunner.java:58)
	at org.junit.runners.ParentRunner$2.evaluate(ParentRunner.java:268)
	at org.junit.runners.ParentRunner.run(ParentRunner.java:363)
	at org.apache.maven.surefire.junit4.JUnit4Provider.execute(JUnit4Provider.java:369)
	at org.apache.maven.surefire.junit4.JUnit4Provider.executeWithRerun(JUnit4Provider.java:275)
	at org.apache.maven.surefire.junit4.JUnit4Provider.executeTestSet(JUnit4Provider.java:239)
	at org.apache.maven.surefire.junit4.JUnit4Provider.invoke(JUnit4Provider.java:160)
	at org.apache.maven.surefire.booter.ForkedBooter.invokeProviderInSameClassLoader(ForkedBooter.java:373)
	at org.apache.maven.surefire.booter.ForkedBooter.runSuitesInProcess(ForkedBooter.java:334)
	at org.apache.maven.surefire.booter.ForkedBooter.execute(ForkedBooter.java:119)
	at org.apache.maven.surefire.booter.ForkedBooter.main(ForkedBooter.java:407)

10:58:57.759 ERROR org.sonar.java.xml.XmlParser - Unable to parse xml file: src/test/files/xml/parsing-issue.xml
10:58:57.762 WARN  org.sonar.java.xml.XmlParser - File src/test/files/xml/empty.xml is empty and won't be analyzed.
[INFO] Tests run: 8, Failures: 0, Errors: 0, Skipped: 0, Time elapsed: 0.097 s - in org.sonar.java.xml.XmlParserTest
[INFO] Running org.sonar.java.se.FlowTest
[INFO] Tests run: 2, Failures: 0, Errors: 0, Skipped: 0, Time elapsed: 0.001 s - in org.sonar.java.se.FlowTest
[INFO] Running org.sonar.java.se.xproc.ExceptionalCheckBasedYieldTest
[INFO] Tests run: 5, Failures: 0, Errors: 0, Skipped: 0, Time elapsed: 0.038 s - in org.sonar.java.se.xproc.ExceptionalCheckBasedYieldTest
[INFO] Running org.sonar.java.resolve.LambdaBlockReturnVisitorTest
[INFO] Tests run: 1, Failures: 0, Errors: 0, Skipped: 0, Time elapsed: 0.023 s - in org.sonar.java.resolve.LambdaBlockReturnVisitorTest
[INFO] Running org.sonar.java.se.LearnedAssociationTest
[INFO] Tests run: 1, Failures: 0, Errors: 0, Skipped: 0, Time elapsed: 0.096 s - in org.sonar.java.se.LearnedAssociationTest
[INFO] Running org.sonar.java.ast.parser.grammar.literals.LiteralTest
[INFO] Tests run: 1, Failures: 0, Errors: 0, Skipped: 0, Time elapsed: 0.004 s - in org.sonar.java.ast.parser.grammar.literals.LiteralTest
[INFO] Running org.sonar.java.ast.JavaAstScannerTest
10:58:58.053 INFO  org.sonar.squidbridge.ProgressReport - 1 source files to be analyzed
10:58:58.068 ERROR org.sonar.java.ast.JavaAstScanner - Unable to parse source file : /home/travis/build/SonarSource/sonar-java/java-frontend/src/test/resources/AstScannerParseError.txt
10:58:58.068 ERROR org.sonar.java.ast.JavaAstScanner - Parse error at line 1 column 1:

1: {
   ^
2: 

10:58:58.074 INFO  org.sonar.squidbridge.ProgressReport - 1 source files to be analyzed
10:58:58.075 INFO  org.sonar.squidbridge.ProgressReport - 1/1 source files have been analyzed
10:58:58.094 INFO  org.sonar.squidbridge.ProgressReport - 1 source files to be analyzed
10:58:58.096 ERROR org.sonar.java.ast.JavaAstScanner - Unable to parse source file : /home/travis/build/SonarSource/sonar-java/java-frontend/src/test/resources/AstScannerParseError.txt
10:58:58.096 ERROR org.sonar.java.ast.JavaAstScanner - Parse error at line 1 column 1:

1: {
   ^
2: 

10:58:58.102 INFO  org.sonar.squidbridge.ProgressReport - 1 source files to be analyzed
10:58:58.102 INFO  org.sonar.squidbridge.ProgressReport - 1/1 source files have been analyzed
10:58:58.124 INFO  org.sonar.squidbridge.ProgressReport - 1 source files to be analyzed
10:58:58.124 INFO  org.sonar.squidbridge.ProgressReport - 1/1 source files have been analyzed
10:58:58.135 INFO  org.sonar.squidbridge.ProgressReport - 1/1 source files have been analyzed
10:58:58.138 INFO  org.sonar.squidbridge.ProgressReport - 1 source files to be analyzed
10:58:58.158 ERROR org.sonar.java.model.VisitorsBridge - Unable to run check class org.sonar.java.se.SymbolicExecutionVisitor -  on file src/test/resources/se/MethodBehavior.java, To help improve SonarJava, please report this problem to SonarSource : see https://www.sonarqube.org/community/
java.lang.NullPointerException: nobody expect the spanish inquisition !
	at org.sonar.java.ast.JavaAstScannerTest$2.init(JavaAstScannerTest.java:204) ~[test-classes/:na]
	at org.sonar.java.se.CheckerDispatcher.init(CheckerDispatcher.java:147) ~[classes/:na]
	at org.sonar.java.se.ExplodedGraphWalker.execute(ExplodedGraphWalker.java:218) ~[classes/:na]
	at org.sonar.java.se.ExplodedGraphWalker.visitMethod(ExplodedGraphWalker.java:210) ~[classes/:na]
	at org.sonar.java.se.SymbolicExecutionVisitor.execute(SymbolicExecutionVisitor.java:74) ~[classes/:na]
	at org.sonar.java.se.SymbolicExecutionVisitor.visitNode(SymbolicExecutionVisitor.java:64) ~[classes/:na]
	at org.sonar.java.ast.visitors.SubscriptionVisitor.visit(SubscriptionVisitor.java:95) ~[classes/:na]
	at org.sonar.java.ast.visitors.SubscriptionVisitor.visitChildren(SubscriptionVisitor.java:120) ~[classes/:na]
	at org.sonar.java.ast.visitors.SubscriptionVisitor.visit(SubscriptionVisitor.java:97) ~[classes/:na]
	at org.sonar.java.ast.visitors.SubscriptionVisitor.visitChildren(SubscriptionVisitor.java:120) ~[classes/:na]
	at org.sonar.java.ast.visitors.SubscriptionVisitor.visit(SubscriptionVisitor.java:97) ~[classes/:na]
	at org.sonar.java.ast.visitors.SubscriptionVisitor.scanTree(SubscriptionVisitor.java:78) ~[classes/:na]
	at org.sonar.java.ast.visitors.SubscriptionVisitor.scanFile(SubscriptionVisitor.java:64) ~[classes/:na]
	at org.sonar.java.se.SymbolicExecutionVisitor.scanFile(SymbolicExecutionVisitor.java:54) ~[classes/:na]
	at org.sonar.java.model.VisitorsBridge.runScanner(VisitorsBridge.java:136) [classes/:na]
	at org.sonar.java.model.VisitorsBridge.visitFile(VisitorsBridge.java:125) [classes/:na]
	at org.sonar.java.ast.JavaAstScanner.simpleScan(JavaAstScanner.java:96) [classes/:na]
	at org.sonar.java.ast.JavaAstScanner.scan(JavaAstScanner.java:68) [classes/:na]
	at org.sonar.java.ast.JavaAstScannerTest.should_swallow_log_and_report_checks_exceptions_for_symbolic_execution(JavaAstScannerTest.java:207) [test-classes/:na]
	at sun.reflect.NativeMethodAccessorImpl.invoke0(Native Method) ~[na:1.8.0_151]
	at sun.reflect.NativeMethodAccessorImpl.invoke(NativeMethodAccessorImpl.java:62) ~[na:1.8.0_151]
	at sun.reflect.DelegatingMethodAccessorImpl.invoke(DelegatingMethodAccessorImpl.java:43) ~[na:1.8.0_151]
	at java.lang.reflect.Method.invoke(Method.java:498) ~[na:1.8.0_151]
	at org.junit.runners.model.FrameworkMethod$1.runReflectiveCall(FrameworkMethod.java:50) [junit-4.12.jar:4.12]
	at org.junit.internal.runners.model.ReflectiveCallable.run(ReflectiveCallable.java:12) [junit-4.12.jar:4.12]
	at org.junit.runners.model.FrameworkMethod.invokeExplosively(FrameworkMethod.java:47) [junit-4.12.jar:4.12]
	at org.junit.internal.runners.statements.InvokeMethod.evaluate(InvokeMethod.java:17) [junit-4.12.jar:4.12]
	at org.junit.internal.runners.statements.RunBefores.evaluate(RunBefores.java:26) [junit-4.12.jar:4.12]
	at org.junit.rules.ExternalResource$1.evaluate(ExternalResource.java:48) [junit-4.12.jar:4.12]
	at org.junit.rules.ExpectedException$ExpectedExceptionStatement.evaluate(ExpectedException.java:239) [junit-4.12.jar:4.12]
	at org.junit.rules.RunRules.evaluate(RunRules.java:20) [junit-4.12.jar:4.12]
	at org.junit.runners.ParentRunner.runLeaf(ParentRunner.java:325) [junit-4.12.jar:4.12]
	at org.junit.runners.BlockJUnit4ClassRunner.runChild(BlockJUnit4ClassRunner.java:78) [junit-4.12.jar:4.12]
	at org.junit.runners.BlockJUnit4ClassRunner.runChild(BlockJUnit4ClassRunner.java:57) [junit-4.12.jar:4.12]
	at org.junit.runners.ParentRunner$3.run(ParentRunner.java:290) [junit-4.12.jar:4.12]
	at org.junit.runners.ParentRunner$1.schedule(ParentRunner.java:71) [junit-4.12.jar:4.12]
	at org.junit.runners.ParentRunner.runChildren(ParentRunner.java:288) [junit-4.12.jar:4.12]
	at org.junit.runners.ParentRunner.access$000(ParentRunner.java:58) [junit-4.12.jar:4.12]
	at org.junit.runners.ParentRunner$2.evaluate(ParentRunner.java:268) [junit-4.12.jar:4.12]
	at org.junit.runners.ParentRunner.run(ParentRunner.java:363) [junit-4.12.jar:4.12]
	at org.apache.maven.surefire.junit4.JUnit4Provider.execute(JUnit4Provider.java:369) [surefire-junit4-2.20.1.jar:2.20.1]
	at org.apache.maven.surefire.junit4.JUnit4Provider.executeWithRerun(JUnit4Provider.java:275) [surefire-junit4-2.20.1.jar:2.20.1]
	at org.apache.maven.surefire.junit4.JUnit4Provider.executeTestSet(JUnit4Provider.java:239) [surefire-junit4-2.20.1.jar:2.20.1]
	at org.apache.maven.surefire.junit4.JUnit4Provider.invoke(JUnit4Provider.java:160) [surefire-junit4-2.20.1.jar:2.20.1]
	at org.apache.maven.surefire.booter.ForkedBooter.invokeProviderInSameClassLoader(ForkedBooter.java:373) [surefire-booter-2.20.1.jar:2.20.1]
	at org.apache.maven.surefire.booter.ForkedBooter.runSuitesInProcess(ForkedBooter.java:334) [surefire-booter-2.20.1.jar:2.20.1]
	at org.apache.maven.surefire.booter.ForkedBooter.execute(ForkedBooter.java:119) [surefire-booter-2.20.1.jar:2.20.1]
	at org.apache.maven.surefire.booter.ForkedBooter.main(ForkedBooter.java:407) [surefire-booter-2.20.1.jar:2.20.1]
10:58:58.161 INFO  org.sonar.squidbridge.ProgressReport - 1/1 source files have been analyzed
10:58:58.165 INFO  org.sonar.squidbridge.ProgressReport - 1 source files to be analyzed
10:58:58.181 INFO  org.sonar.squidbridge.ProgressReport - 1 source files to be analyzed
10:58:58.181 INFO  org.sonar.squidbridge.ProgressReport - 1/1 source files have been analyzed
10:58:58.211 INFO  org.sonar.squidbridge.ProgressReport - 1 source files to be analyzed
10:58:58.212 INFO  org.sonar.squidbridge.ProgressReport - 1 source files to be analyzed
10:58:58.216 ERROR org.sonar.java.model.VisitorsBridge - Unable to run check class org.sonar.java.ast.JavaAstScannerTest$CheckThrowingException -  on file src/test/resources/AstScannerNoParseError.txt, To help improve SonarJava, please report this problem to SonarSource : see https://www.sonarqube.org/community/
java.lang.NullPointerException: foo
	at org.sonar.java.ast.JavaAstScannerTest.should_swallow_log_and_report_checks_exceptions(JavaAstScannerTest.java:176) ~[test-classes/:na]
	at sun.reflect.NativeMethodAccessorImpl.invoke0(Native Method) ~[na:1.8.0_151]
	at sun.reflect.NativeMethodAccessorImpl.invoke(NativeMethodAccessorImpl.java:62) ~[na:1.8.0_151]
	at sun.reflect.DelegatingMethodAccessorImpl.invoke(DelegatingMethodAccessorImpl.java:43) ~[na:1.8.0_151]
	at java.lang.reflect.Method.invoke(Method.java:498) ~[na:1.8.0_151]
	at org.junit.runners.model.FrameworkMethod$1.runReflectiveCall(FrameworkMethod.java:50) ~[junit-4.12.jar:4.12]
	at org.junit.internal.runners.model.ReflectiveCallable.run(ReflectiveCallable.java:12) ~[junit-4.12.jar:4.12]
	at org.junit.runners.model.FrameworkMethod.invokeExplosively(FrameworkMethod.java:47) ~[junit-4.12.jar:4.12]
	at org.junit.internal.runners.statements.InvokeMethod.evaluate(InvokeMethod.java:17) ~[junit-4.12.jar:4.12]
	at org.junit.internal.runners.statements.RunBefores.evaluate(RunBefores.java:26) ~[junit-4.12.jar:4.12]
	at org.junit.rules.ExternalResource$1.evaluate(ExternalResource.java:48) ~[junit-4.12.jar:4.12]
	at org.junit.rules.ExpectedException$ExpectedExceptionStatement.evaluate(ExpectedException.java:239) ~[junit-4.12.jar:4.12]
	at org.junit.rules.RunRules.evaluate(RunRules.java:20) ~[junit-4.12.jar:4.12]
	at org.junit.runners.ParentRunner.runLeaf(ParentRunner.java:325) ~[junit-4.12.jar:4.12]
	at org.junit.runners.BlockJUnit4ClassRunner.runChild(BlockJUnit4ClassRunner.java:78) ~[junit-4.12.jar:4.12]
	at org.junit.runners.BlockJUnit4ClassRunner.runChild(BlockJUnit4ClassRunner.java:57) ~[junit-4.12.jar:4.12]
	at org.junit.runners.ParentRunner$3.run(ParentRunner.java:290) ~[junit-4.12.jar:4.12]
	at org.junit.runners.ParentRunner$1.schedule(ParentRunner.java:71) ~[junit-4.12.jar:4.12]
	at org.junit.runners.ParentRunner.runChildren(ParentRunner.java:288) ~[junit-4.12.jar:4.12]
	at org.junit.runners.ParentRunner.access$000(ParentRunner.java:58) ~[junit-4.12.jar:4.12]
	at org.junit.runners.ParentRunner$2.evaluate(ParentRunner.java:268) ~[junit-4.12.jar:4.12]
	at org.junit.runners.ParentRunner.run(ParentRunner.java:363) ~[junit-4.12.jar:4.12]
	at org.apache.maven.surefire.junit4.JUnit4Provider.execute(JUnit4Provider.java:369) ~[surefire-junit4-2.20.1.jar:2.20.1]
	at org.apache.maven.surefire.junit4.JUnit4Provider.executeWithRerun(JUnit4Provider.java:275) ~[surefire-junit4-2.20.1.jar:2.20.1]
	at org.apache.maven.surefire.junit4.JUnit4Provider.executeTestSet(JUnit4Provider.java:239) ~[surefire-junit4-2.20.1.jar:2.20.1]
	at org.apache.maven.surefire.junit4.JUnit4Provider.invoke(JUnit4Provider.java:160) ~[surefire-junit4-2.20.1.jar:2.20.1]
	at org.apache.maven.surefire.booter.ForkedBooter.invokeProviderInSameClassLoader(ForkedBooter.java:373) ~[surefire-booter-2.20.1.jar:2.20.1]
	at org.apache.maven.surefire.booter.ForkedBooter.runSuitesInProcess(ForkedBooter.java:334) ~[surefire-booter-2.20.1.jar:2.20.1]
	at org.apache.maven.surefire.booter.ForkedBooter.execute(ForkedBooter.java:119) ~[surefire-booter-2.20.1.jar:2.20.1]
	at org.apache.maven.surefire.booter.ForkedBooter.main(ForkedBooter.java:407) ~[surefire-booter-2.20.1.jar:2.20.1]
10:58:58.216 INFO  org.sonar.squidbridge.ProgressReport - 1 source files to be analyzed
10:58:58.218 INFO  org.sonar.squidbridge.ProgressReport - 1/1 source files have been analyzed
10:58:58.219 ERROR org.sonar.java.ast.JavaAstScanner - Unable to parse source file : /home/travis/build/SonarSource/sonar-java/java-frontend/src/test/resources/AstScannerParseError.txt
10:58:58.219 ERROR org.sonar.java.ast.JavaAstScanner - Parse error at line 1 column 1:

1: {
   ^
2: 

10:58:58.223 ERROR org.sonar.java.model.VisitorsBridge - Unable to run check class org.sonar.java.ast.JavaAstScannerTest$AnnotatedCheck - AnnotatedCheck on file src/test/resources/AstScannerParseError.txt, To help improve SonarJava, please report this problem to SonarSource : see https://www.sonarqube.org/community/
java.lang.NullPointerException: foo
	at org.sonar.java.ast.JavaAstScannerTest.should_swallow_log_and_report_checks_exceptions(JavaAstScannerTest.java:186) ~[test-classes/:na]
	at sun.reflect.NativeMethodAccessorImpl.invoke0(Native Method) ~[na:1.8.0_151]
	at sun.reflect.NativeMethodAccessorImpl.invoke(NativeMethodAccessorImpl.java:62) ~[na:1.8.0_151]
	at sun.reflect.DelegatingMethodAccessorImpl.invoke(DelegatingMethodAccessorImpl.java:43) ~[na:1.8.0_151]
	at java.lang.reflect.Method.invoke(Method.java:498) ~[na:1.8.0_151]
	at org.junit.runners.model.FrameworkMethod$1.runReflectiveCall(FrameworkMethod.java:50) ~[junit-4.12.jar:4.12]
	at org.junit.internal.runners.model.ReflectiveCallable.run(ReflectiveCallable.java:12) ~[junit-4.12.jar:4.12]
	at org.junit.runners.model.FrameworkMethod.invokeExplosively(FrameworkMethod.java:47) ~[junit-4.12.jar:4.12]
	at org.junit.internal.runners.statements.InvokeMethod.evaluate(InvokeMethod.java:17) ~[junit-4.12.jar:4.12]
	at org.junit.internal.runners.statements.RunBefores.evaluate(RunBefores.java:26) ~[junit-4.12.jar:4.12]
	at org.junit.rules.ExternalResource$1.evaluate(ExternalResource.java:48) ~[junit-4.12.jar:4.12]
	at org.junit.rules.ExpectedException$ExpectedExceptionStatement.evaluate(ExpectedException.java:239) ~[junit-4.12.jar:4.12]
	at org.junit.rules.RunRules.evaluate(RunRules.java:20) ~[junit-4.12.jar:4.12]
	at org.junit.runners.ParentRunner.runLeaf(ParentRunner.java:325) ~[junit-4.12.jar:4.12]
	at org.junit.runners.BlockJUnit4ClassRunner.runChild(BlockJUnit4ClassRunner.java:78) ~[junit-4.12.jar:4.12]
	at org.junit.runners.BlockJUnit4ClassRunner.runChild(BlockJUnit4ClassRunner.java:57) ~[junit-4.12.jar:4.12]
	at org.junit.runners.ParentRunner$3.run(ParentRunner.java:290) ~[junit-4.12.jar:4.12]
	at org.junit.runners.ParentRunner$1.schedule(ParentRunner.java:71) ~[junit-4.12.jar:4.12]
	at org.junit.runners.ParentRunner.runChildren(ParentRunner.java:288) ~[junit-4.12.jar:4.12]
	at org.junit.runners.ParentRunner.access$000(ParentRunner.java:58) ~[junit-4.12.jar:4.12]
	at org.junit.runners.ParentRunner$2.evaluate(ParentRunner.java:268) ~[junit-4.12.jar:4.12]
	at org.junit.runners.ParentRunner.run(ParentRunner.java:363) ~[junit-4.12.jar:4.12]
	at org.apache.maven.surefire.junit4.JUnit4Provider.execute(JUnit4Provider.java:369) ~[surefire-junit4-2.20.1.jar:2.20.1]
	at org.apache.maven.surefire.junit4.JUnit4Provider.executeWithRerun(JUnit4Provider.java:275) ~[surefire-junit4-2.20.1.jar:2.20.1]
	at org.apache.maven.surefire.junit4.JUnit4Provider.executeTestSet(JUnit4Provider.java:239) ~[surefire-junit4-2.20.1.jar:2.20.1]
	at org.apache.maven.surefire.junit4.JUnit4Provider.invoke(JUnit4Provider.java:160) ~[surefire-junit4-2.20.1.jar:2.20.1]
	at org.apache.maven.surefire.booter.ForkedBooter.invokeProviderInSameClassLoader(ForkedBooter.java:373) ~[surefire-booter-2.20.1.jar:2.20.1]
	at org.apache.maven.surefire.booter.ForkedBooter.runSuitesInProcess(ForkedBooter.java:334) ~[surefire-booter-2.20.1.jar:2.20.1]
	at org.apache.maven.surefire.booter.ForkedBooter.execute(ForkedBooter.java:119) ~[surefire-booter-2.20.1.jar:2.20.1]
	at org.apache.maven.surefire.booter.ForkedBooter.main(ForkedBooter.java:407) ~[surefire-booter-2.20.1.jar:2.20.1]
10:58:58.225 INFO  org.sonar.squidbridge.ProgressReport - 1 source files to be analyzed
10:58:58.226 INFO  org.sonar.squidbridge.ProgressReport - 1/1 source files have been analyzed
10:58:58.226 ERROR org.sonar.java.ast.JavaAstScanner - A stack overflow error occured while analyzing file: /home/travis/build/SonarSource/sonar-java/java-frontend/src/test/resources/AstScannerNoParseError.txt
[INFO] Tests run: 11, Failures: 0, Errors: 0, Skipped: 0, Time elapsed: 0.282 s - in org.sonar.java.ast.JavaAstScannerTest
[INFO] Running org.sonar.java.ast.visitors.PublicApiCheckerTest
[INFO] Tests run: 2, Failures: 0, Errors: 0, Skipped: 0, Time elapsed: 0.02 s - in org.sonar.java.ast.visitors.PublicApiCheckerTest
[INFO] Running org.sonar.java.ast.parser.grammar.units.CompilationUnitTest
[INFO] Tests run: 1, Failures: 0, Errors: 0, Skipped: 0, Time elapsed: 0.005 s - in org.sonar.java.ast.parser.grammar.units.CompilationUnitTest
[INFO] Running org.sonar.java.bytecode.cfg.BytecodeCFGConstructionTest
[INFO] Tests run: 156, Failures: 0, Errors: 0, Skipped: 0, Time elapsed: 0.12 s - in org.sonar.java.bytecode.cfg.BytecodeCFGConstructionTest
[INFO] Running org.sonar.java.ast.parser.grammar.statements.ThrowStatementTest
[INFO] Tests run: 1, Failures: 0, Errors: 0, Skipped: 0, Time elapsed: 0.004 s - in org.sonar.java.ast.parser.grammar.statements.ThrowStatementTest
[INFO] Running org.sonar.java.se.ExceptionUtilsTest
[INFO] Tests run: 1, Failures: 0, Errors: 0, Skipped: 0, Time elapsed: 0.015 s - in org.sonar.java.se.ExceptionUtilsTest
[INFO] Running org.sonar.java.model.ModifiersUtilsTest
[INFO] Tests run: 3, Failures: 0, Errors: 0, Skipped: 0, Time elapsed: 0.006 s - in org.sonar.java.model.ModifiersUtilsTest
[INFO] Running org.sonar.java.JavaIssueTest
[INFO] Tests run: 2, Failures: 0, Errors: 0, Skipped: 0, Time elapsed: 0.057 s - in org.sonar.java.JavaIssueTest
[INFO] Running org.sonar.java.ast.parser.grammar.statements.ReturnStatementTest
[INFO] Tests run: 1, Failures: 0, Errors: 0, Skipped: 0, Time elapsed: 0.004 s - in org.sonar.java.ast.parser.grammar.statements.ReturnStatementTest
[INFO] Running org.sonar.java.ast.parser.grammar.statements.AssertStatementTest
[INFO] Tests run: 1, Failures: 0, Errors: 0, Skipped: 0, Time elapsed: 0.002 s - in org.sonar.java.ast.parser.grammar.statements.AssertStatementTest
[INFO] Running org.sonar.java.se.checks.SyntaxTreeNameFinderTest
[INFO] Tests run: 8, Failures: 0, Errors: 0, Skipped: 0, Time elapsed: 0.022 s - in org.sonar.java.se.checks.SyntaxTreeNameFinderTest
[INFO] Running org.sonar.java.cfg.VariableReadExtractorTest
[INFO] Tests run: 6, Failures: 0, Errors: 0, Skipped: 0, Time elapsed: 0.077 s - in org.sonar.java.cfg.VariableReadExtractorTest
[INFO] Running org.sonar.java.se.BehaviorCacheTest
[INFO] Tests run: 16, Failures: 0, Errors: 0, Skipped: 0, Time elapsed: 1.864 s - in org.sonar.java.se.BehaviorCacheTest
[INFO] Running org.sonar.java.ast.api.JavaKeywordTest
[INFO] Tests run: 1, Failures: 0, Errors: 0, Skipped: 0, Time elapsed: 0.003 s - in org.sonar.java.ast.api.JavaKeywordTest
[INFO] Running org.sonar.java.se.NullableAnnotationUtilsTest
[INFO] Tests run: 4, Failures: 0, Errors: 0, Skipped: 0, Time elapsed: 0.14 s - in org.sonar.java.se.NullableAnnotationUtilsTest
[INFO] Running org.sonar.java.resolve.MethodReferenceResolutionTest
[INFO] Tests run: 9, Failures: 0, Errors: 0, Skipped: 0, Time elapsed: 0.13 s - in org.sonar.java.resolve.MethodReferenceResolutionTest
[INFO] Running org.sonar.java.xml.maven.PomParserTest
10:59:01.273 ERROR org.sonar.java.xml.maven.PomParser - Unable to parse pom file src/test/files/xml/maven/parse-issue/pom.xml
javax.xml.bind.UnmarshalException: null
	at com.sun.xml.bind.v2.runtime.unmarshaller.UnmarshallerImpl.handleStreamException(UnmarshallerImpl.java:485) ~[jaxb-runtime-2.3.0.jar:2.3.0]
	at com.sun.xml.bind.v2.runtime.unmarshaller.UnmarshallerImpl.unmarshal0(UnmarshallerImpl.java:417) ~[jaxb-runtime-2.3.0.jar:2.3.0]
	at com.sun.xml.bind.v2.runtime.unmarshaller.UnmarshallerImpl.unmarshal(UnmarshallerImpl.java:394) ~[jaxb-runtime-2.3.0.jar:2.3.0]
	at org.sonar.java.xml.maven.PomParser.parseXML(PomParser.java:63) ~[classes/:na]
	at org.sonar.java.xml.maven.PomParserTest.should_fail_parsing(PomParserTest.java:76) [test-classes/:na]
	at sun.reflect.NativeMethodAccessorImpl.invoke0(Native Method) ~[na:1.8.0_151]
	at sun.reflect.NativeMethodAccessorImpl.invoke(NativeMethodAccessorImpl.java:62) ~[na:1.8.0_151]
	at sun.reflect.DelegatingMethodAccessorImpl.invoke(DelegatingMethodAccessorImpl.java:43) ~[na:1.8.0_151]
	at java.lang.reflect.Method.invoke(Method.java:498) ~[na:1.8.0_151]
	at org.junit.runners.model.FrameworkMethod$1.runReflectiveCall(FrameworkMethod.java:50) [junit-4.12.jar:4.12]
	at org.junit.internal.runners.model.ReflectiveCallable.run(ReflectiveCallable.java:12) [junit-4.12.jar:4.12]
	at org.junit.runners.model.FrameworkMethod.invokeExplosively(FrameworkMethod.java:47) [junit-4.12.jar:4.12]
	at org.junit.internal.runners.statements.InvokeMethod.evaluate(InvokeMethod.java:17) [junit-4.12.jar:4.12]
	at org.junit.runners.ParentRunner.runLeaf(ParentRunner.java:325) [junit-4.12.jar:4.12]
	at org.junit.runners.BlockJUnit4ClassRunner.runChild(BlockJUnit4ClassRunner.java:78) [junit-4.12.jar:4.12]
	at org.junit.runners.BlockJUnit4ClassRunner.runChild(BlockJUnit4ClassRunner.java:57) [junit-4.12.jar:4.12]
	at org.junit.runners.ParentRunner$3.run(ParentRunner.java:290) [junit-4.12.jar:4.12]
	at org.junit.runners.ParentRunner$1.schedule(ParentRunner.java:71) [junit-4.12.jar:4.12]
	at org.junit.runners.ParentRunner.runChildren(ParentRunner.java:288) [junit-4.12.jar:4.12]
	at org.junit.runners.ParentRunner.access$000(ParentRunner.java:58) [junit-4.12.jar:4.12]
	at org.junit.runners.ParentRunner$2.evaluate(ParentRunner.java:268) [junit-4.12.jar:4.12]
	at org.junit.runners.ParentRunner.run(ParentRunner.java:363) [junit-4.12.jar:4.12]
	at org.apache.maven.surefire.junit4.JUnit4Provider.execute(JUnit4Provider.java:369) [surefire-junit4-2.20.1.jar:2.20.1]
	at org.apache.maven.surefire.junit4.JUnit4Provider.executeWithRerun(JUnit4Provider.java:275) [surefire-junit4-2.20.1.jar:2.20.1]
	at org.apache.maven.surefire.junit4.JUnit4Provider.executeTestSet(JUnit4Provider.java:239) [surefire-junit4-2.20.1.jar:2.20.1]
	at org.apache.maven.surefire.junit4.JUnit4Provider.invoke(JUnit4Provider.java:160) [surefire-junit4-2.20.1.jar:2.20.1]
	at org.apache.maven.surefire.booter.ForkedBooter.invokeProviderInSameClassLoader(ForkedBooter.java:373) [surefire-booter-2.20.1.jar:2.20.1]
	at org.apache.maven.surefire.booter.ForkedBooter.runSuitesInProcess(ForkedBooter.java:334) [surefire-booter-2.20.1.jar:2.20.1]
	at org.apache.maven.surefire.booter.ForkedBooter.execute(ForkedBooter.java:119) [surefire-booter-2.20.1.jar:2.20.1]
	at org.apache.maven.surefire.booter.ForkedBooter.main(ForkedBooter.java:407) [surefire-booter-2.20.1.jar:2.20.1]
Caused by: com.ctc.wstx.exc.WstxParsingException: Unexpected close tag </build>; expected </dependency>.
 at [row,col {unknown-source}]: [27,9]
	at com.ctc.wstx.sr.StreamScanner.constructWfcException(StreamScanner.java:614) ~[woodstox-core-lgpl-4.4.0.jar:4.4.0]
	at com.ctc.wstx.sr.StreamScanner.throwParseError(StreamScanner.java:487) ~[woodstox-core-lgpl-4.4.0.jar:4.4.0]
	at com.ctc.wstx.sr.StreamScanner.throwParseError(StreamScanner.java:472) ~[woodstox-core-lgpl-4.4.0.jar:4.4.0]
	at com.ctc.wstx.sr.BasicStreamReader.reportWrongEndElem(BasicStreamReader.java:3285) ~[woodstox-core-lgpl-4.4.0.jar:4.4.0]
	at com.ctc.wstx.sr.BasicStreamReader.readEndElem(BasicStreamReader.java:3212) ~[woodstox-core-lgpl-4.4.0.jar:4.4.0]
	at com.ctc.wstx.sr.BasicStreamReader.nextFromTree(BasicStreamReader.java:2831) ~[woodstox-core-lgpl-4.4.0.jar:4.4.0]
	at com.ctc.wstx.sr.BasicStreamReader.next(BasicStreamReader.java:1073) ~[woodstox-core-lgpl-4.4.0.jar:4.4.0]
	at com.sun.xml.bind.v2.runtime.unmarshaller.StAXStreamConnector.bridge(StAXStreamConnector.java:196) ~[jaxb-runtime-2.3.0.jar:2.3.0]
	at com.sun.xml.bind.v2.runtime.unmarshaller.UnmarshallerImpl.unmarshal0(UnmarshallerImpl.java:415) ~[jaxb-runtime-2.3.0.jar:2.3.0]
	... 28 common frames omitted
10:59:01.752 ERROR org.sonar.java.xml.maven.PomParser - Unable to parse pom file .
java.io.FileNotFoundException: . (Is a directory)
	at java.io.FileInputStream.open0(Native Method) ~[na:1.8.0_151]
	at java.io.FileInputStream.open(FileInputStream.java:195) ~[na:1.8.0_151]
	at java.io.FileInputStream.<init>(FileInputStream.java:138) ~[na:1.8.0_151]
	at org.sonar.java.xml.maven.PomParser.parseXML(PomParser.java:52) ~[classes/:na]
	at org.sonar.java.xml.maven.PomParserTest.should_not_parse(PomParserTest.java:82) [test-classes/:na]
	at sun.reflect.NativeMethodAccessorImpl.invoke0(Native Method) ~[na:1.8.0_151]
	at sun.reflect.NativeMethodAccessorImpl.invoke(NativeMethodAccessorImpl.java:62) ~[na:1.8.0_151]
	at sun.reflect.DelegatingMethodAccessorImpl.invoke(DelegatingMethodAccessorImpl.java:43) ~[na:1.8.0_151]
	at java.lang.reflect.Method.invoke(Method.java:498) ~[na:1.8.0_151]
	at org.junit.runners.model.FrameworkMethod$1.runReflectiveCall(FrameworkMethod.java:50) [junit-4.12.jar:4.12]
	at org.junit.internal.runners.model.ReflectiveCallable.run(ReflectiveCallable.java:12) [junit-4.12.jar:4.12]
	at org.junit.runners.model.FrameworkMethod.invokeExplosively(FrameworkMethod.java:47) [junit-4.12.jar:4.12]
	at org.junit.internal.runners.statements.InvokeMethod.evaluate(InvokeMethod.java:17) [junit-4.12.jar:4.12]
	at org.junit.runners.ParentRunner.runLeaf(ParentRunner.java:325) [junit-4.12.jar:4.12]
	at org.junit.runners.BlockJUnit4ClassRunner.runChild(BlockJUnit4ClassRunner.java:78) [junit-4.12.jar:4.12]
	at org.junit.runners.BlockJUnit4ClassRunner.runChild(BlockJUnit4ClassRunner.java:57) [junit-4.12.jar:4.12]
	at org.junit.runners.ParentRunner$3.run(ParentRunner.java:290) [junit-4.12.jar:4.12]
	at org.junit.runners.ParentRunner$1.schedule(ParentRunner.java:71) [junit-4.12.jar:4.12]
	at org.junit.runners.ParentRunner.runChildren(ParentRunner.java:288) [junit-4.12.jar:4.12]
	at org.junit.runners.ParentRunner.access$000(ParentRunner.java:58) [junit-4.12.jar:4.12]
	at org.junit.runners.ParentRunner$2.evaluate(ParentRunner.java:268) [junit-4.12.jar:4.12]
	at org.junit.runners.ParentRunner.run(ParentRunner.java:363) [junit-4.12.jar:4.12]
	at org.apache.maven.surefire.junit4.JUnit4Provider.execute(JUnit4Provider.java:369) [surefire-junit4-2.20.1.jar:2.20.1]
	at org.apache.maven.surefire.junit4.JUnit4Provider.executeWithRerun(JUnit4Provider.java:275) [surefire-junit4-2.20.1.jar:2.20.1]
	at org.apache.maven.surefire.junit4.JUnit4Provider.executeTestSet(JUnit4Provider.java:239) [surefire-junit4-2.20.1.jar:2.20.1]
	at org.apache.maven.surefire.junit4.JUnit4Provider.invoke(JUnit4Provider.java:160) [surefire-junit4-2.20.1.jar:2.20.1]
	at org.apache.maven.surefire.booter.ForkedBooter.invokeProviderInSameClassLoader(ForkedBooter.java:373) [surefire-booter-2.20.1.jar:2.20.1]
	at org.apache.maven.surefire.booter.ForkedBooter.runSuitesInProcess(ForkedBooter.java:334) [surefire-booter-2.20.1.jar:2.20.1]
	at org.apache.maven.surefire.booter.ForkedBooter.execute(ForkedBooter.java:119) [surefire-booter-2.20.1.jar:2.20.1]
	at org.apache.maven.surefire.booter.ForkedBooter.main(ForkedBooter.java:407) [surefire-booter-2.20.1.jar:2.20.1]
[INFO] Tests run: 9, Failures: 0, Errors: 0, Skipped: 0, Time elapsed: 1.075 s - in org.sonar.java.xml.maven.PomParserTest
[INFO] Running org.sonar.java.ast.parser.grammar.parameters.VariableDeclaratorIdTest
[INFO] Tests run: 1, Failures: 0, Errors: 0, Skipped: 0, Time elapsed: 0.004 s - in org.sonar.java.ast.parser.grammar.parameters.VariableDeclaratorIdTest
[INFO] Running org.sonar.java.JavaConstantsTest
[INFO] Tests run: 1, Failures: 0, Errors: 0, Skipped: 0, Time elapsed: 0 s - in org.sonar.java.JavaConstantsTest
[INFO] Running org.sonar.java.model.declaration.UsesDirectiveTreeImplTest
[INFO] Tests run: 2, Failures: 0, Errors: 0, Skipped: 0, Time elapsed: 0.01 s - in org.sonar.java.model.declaration.UsesDirectiveTreeImplTest
[INFO] Running org.sonar.java.ast.parser.grammar.statements.BlockStatementsTest
[INFO] Tests run: 1, Failures: 0, Errors: 0, Skipped: 0, Time elapsed: 0.004 s - in org.sonar.java.ast.parser.grammar.statements.BlockStatementsTest
[INFO] Running org.sonar.java.ast.parser.grammar.units.PackageDeclarationTest
[INFO] Tests run: 1, Failures: 0, Errors: 0, Skipped: 0, Time elapsed: 0.004 s - in org.sonar.java.ast.parser.grammar.units.PackageDeclarationTest
[INFO] Running org.sonar.java.model.declaration.MethodTreeImplTest
[INFO] Tests run: 15, Failures: 0, Errors: 0, Skipped: 0, Time elapsed: 0.408 s - in org.sonar.java.model.declaration.MethodTreeImplTest
[INFO] Running org.sonar.java.ast.parser.grammar.literals.IdentifierTest
[INFO] Tests run: 1, Failures: 0, Errors: 0, Skipped: 0, Time elapsed: 0.005 s - in org.sonar.java.ast.parser.grammar.literals.IdentifierTest
[INFO] Running org.sonar.java.ast.parser.grammar.classes.ClassDeclarationTest
[INFO] Tests run: 2, Failures: 0, Errors: 0, Skipped: 0, Time elapsed: 0.008 s - in org.sonar.java.ast.parser.grammar.classes.ClassDeclarationTest
[INFO] Running org.sonar.java.ast.parser.grammar.statements.BlockStatementTest
[INFO] Tests run: 1, Failures: 0, Errors: 0, Skipped: 0, Time elapsed: 0.005 s - in org.sonar.java.ast.parser.grammar.statements.BlockStatementTest
[INFO] Running org.sonar.java.JavaVersionAwareVisitorTest
10:59:02.312 INFO  org.sonar.java.JavaSquid - Java Main Files AST scan
10:59:02.313 INFO  org.sonar.squidbridge.ProgressReport - 1 source files to be analyzed
10:59:02.316 INFO  org.sonar.java.JavaSquid - Java Main Files AST scan (done) | time=4ms
10:59:02.317 INFO  org.sonar.java.JavaSquid - Java Test Files AST scan
10:59:02.317 INFO  org.sonar.squidbridge.ProgressReport - 0 source files to be analyzed
10:59:02.327 INFO  org.sonar.java.JavaSquid - Java Test Files AST scan (done) | time=10ms
10:59:02.327 INFO  org.sonar.squidbridge.ProgressReport - 0/0 source files have been analyzed
10:59:02.328 INFO  org.sonar.java.JavaSquid - Java Main Files AST scan
10:59:02.329 INFO  org.sonar.squidbridge.ProgressReport - 1 source files to be analyzed
10:59:02.335 INFO  org.sonar.squidbridge.ProgressReport - 1/1 source files have been analyzed
10:59:02.338 INFO  org.sonar.java.JavaSquid - Java Main Files AST scan (done) | time=10ms
10:59:02.339 INFO  org.sonar.java.JavaSquid - Java Test Files AST scan
10:59:02.340 INFO  org.sonar.squidbridge.ProgressReport - 0 source files to be analyzed
10:59:02.346 INFO  org.sonar.squidbridge.ProgressReport - 1/1 source files have been analyzed
10:59:02.346 INFO  org.sonar.java.JavaSquid - Java Test Files AST scan (done) | time=7ms
10:59:02.346 INFO  org.sonar.squidbridge.ProgressReport - 0/0 source files have been analyzed
10:59:02.348 INFO  org.sonar.java.JavaSquid - Java Main Files AST scan
10:59:02.349 INFO  org.sonar.squidbridge.ProgressReport - 1 source files to be analyzed
10:59:02.363 INFO  org.sonar.java.JavaSquid - Java Main Files AST scan (done) | time=15ms
10:59:02.363 INFO  org.sonar.java.JavaSquid - Java Test Files AST scan
10:59:02.363 INFO  org.sonar.squidbridge.ProgressReport - 0 source files to be analyzed
10:59:02.363 INFO  org.sonar.squidbridge.ProgressReport - 1/1 source files have been analyzed
10:59:02.376 INFO  org.sonar.java.JavaSquid - Java Test Files AST scan (done) | time=13ms
10:59:02.378 INFO  org.sonar.java.JavaSquid - Java Main Files AST scan
10:59:02.379 INFO  org.sonar.squidbridge.ProgressReport - 1 source files to be analyzed
10:59:02.384 INFO  org.sonar.squidbridge.ProgressReport - 0/0 source files have been analyzed
10:59:02.387 INFO  org.sonar.java.JavaSquid - Java Main Files AST scan (done) | time=9ms
10:59:02.387 INFO  org.sonar.java.JavaSquid - Java Test Files AST scan
10:59:02.387 INFO  org.sonar.squidbridge.ProgressReport - 0 source files to be analyzed
10:59:02.387 INFO  org.sonar.squidbridge.ProgressReport - 1/1 source files have been analyzed
10:59:02.394 INFO  org.sonar.java.JavaSquid - Java Test Files AST scan (done) | time=7ms
10:59:02.396 INFO  org.sonar.java.JavaSquid - Java Main Files AST scan
10:59:02.397 INFO  org.sonar.squidbridge.ProgressReport - 1 source files to be analyzed
10:59:02.397 INFO  org.sonar.squidbridge.ProgressReport - 0/0 source files have been analyzed
10:59:02.405 INFO  org.sonar.java.JavaSquid - Java Main Files AST scan (done) | time=9ms
10:59:02.405 INFO  org.sonar.java.JavaSquid - Java Test Files AST scan
10:59:02.405 INFO  org.sonar.squidbridge.ProgressReport - 0 source files to be analyzed
10:59:02.406 INFO  org.sonar.squidbridge.ProgressReport - 1/1 source files have been analyzed
10:59:02.406 INFO  org.sonar.java.JavaSquid - Java Test Files AST scan (done) | time=1ms
[INFO] Tests run: 4, Failures: 0, Errors: 0, Skipped: 0, Time elapsed: 0.103 s - in org.sonar.java.JavaVersionAwareVisitorTest
[INFO] Running org.sonar.java.matcher.MethodMatcherCollectionTest
10:59:02.418 INFO  org.sonar.squidbridge.ProgressReport - 0/0 source files have been analyzed
[INFO] Tests run: 9, Failures: 0, Errors: 0, Skipped: 0, Time elapsed: 0.191 s - in org.sonar.java.matcher.MethodMatcherCollectionTest
[INFO] Running org.sonar.java.model.declaration.ModuleDeclarationTreeImplTest
[INFO] Tests run: 3, Failures: 0, Errors: 0, Skipped: 0, Time elapsed: 0.036 s - in org.sonar.java.model.declaration.ModuleDeclarationTreeImplTest
[INFO] Running org.sonar.java.se.symbolicvalues.SymbolicValueTest
[INFO] Tests run: 6, Failures: 0, Errors: 0, Skipped: 0, Time elapsed: 0.004 s - in org.sonar.java.se.symbolicvalues.SymbolicValueTest
[INFO] Running org.sonar.java.ast.parser.grammar.literals.FloatLiteralTest
[INFO] Tests run: 2, Failures: 0, Errors: 0, Skipped: 0, Time elapsed: 0.022 s - in org.sonar.java.ast.parser.grammar.literals.FloatLiteralTest
[INFO] Running org.sonar.java.se.ExplodedGraphTest
[INFO] Tests run: 1, Failures: 0, Errors: 0, Skipped: 0, Time elapsed: 0.04 s - in org.sonar.java.se.ExplodedGraphTest
[INFO] Running org.sonar.java.se.checks.FlowComputationTest
10:59:02.719 INFO  org.sonar.squidbridge.ProgressReport - 1 source files to be analyzed
10:59:02.745 INFO  org.sonar.squidbridge.ProgressReport - 1/1 source files have been analyzed
10:59:02.750 INFO  org.sonar.squidbridge.ProgressReport - 1 source files to be analyzed
10:59:02.775 INFO  org.sonar.squidbridge.ProgressReport - 1/1 source files have been analyzed
10:59:02.781 INFO  org.sonar.squidbridge.ProgressReport - 1 source files to be analyzed
10:59:02.812 INFO  org.sonar.squidbridge.ProgressReport - 1/1 source files have been analyzed
10:59:02.819 INFO  org.sonar.squidbridge.ProgressReport - 1 source files to be analyzed
10:59:02.846 INFO  org.sonar.squidbridge.ProgressReport - 1/1 source files have been analyzed
10:59:02.851 INFO  org.sonar.squidbridge.ProgressReport - 1 source files to be analyzed
10:59:02.885 INFO  org.sonar.squidbridge.ProgressReport - 1/1 source files have been analyzed
10:59:02.893 INFO  org.sonar.squidbridge.ProgressReport - 1 source files to be analyzed
10:59:02.917 INFO  org.sonar.squidbridge.ProgressReport - 1/1 source files have been analyzed
10:59:02.929 INFO  org.sonar.squidbridge.ProgressReport - 1 source files to be analyzed
10:59:02.966 INFO  org.sonar.squidbridge.ProgressReport - 1/1 source files have been analyzed
10:59:02.973 INFO  org.sonar.squidbridge.ProgressReport - 1 source files to be analyzed
10:59:03.013 INFO  org.sonar.squidbridge.ProgressReport - 1/1 source files have been analyzed
10:59:03.019 INFO  org.sonar.squidbridge.ProgressReport - 1 source files to be analyzed
10:59:03.035 INFO  org.sonar.squidbridge.ProgressReport - 1/1 source files have been analyzed
10:59:03.038 INFO  org.sonar.squidbridge.ProgressReport - 1 source files to be analyzed
10:59:03.051 INFO  org.sonar.squidbridge.ProgressReport - 1/1 source files have been analyzed
10:59:03.063 INFO  org.sonar.squidbridge.ProgressReport - 1 source files to be analyzed
10:59:03.080 INFO  org.sonar.squidbridge.ProgressReport - 1/1 source files have been analyzed
10:59:03.083 INFO  org.sonar.squidbridge.ProgressReport - 1 source files to be analyzed
10:59:03.099 INFO  org.sonar.squidbridge.ProgressReport - 1/1 source files have been analyzed
10:59:03.102 INFO  org.sonar.squidbridge.ProgressReport - 1 source files to be analyzed
10:59:03.128 INFO  org.sonar.squidbridge.ProgressReport - 1/1 source files have been analyzed
10:59:03.132 INFO  org.sonar.squidbridge.ProgressReport - 1 source files to be analyzed
10:59:03.153 INFO  org.sonar.squidbridge.ProgressReport - 1/1 source files have been analyzed
10:59:03.158 INFO  org.sonar.squidbridge.ProgressReport - 1 source files to be analyzed
10:59:03.178 INFO  org.sonar.squidbridge.ProgressReport - 1/1 source files have been analyzed
10:59:03.180 DEBUG o.s.java.bytecode.ClassLoaderBuilder - ----- Classpath analyzed by Squid:
10:59:03.180 DEBUG o.s.java.bytecode.ClassLoaderBuilder - /home/travis/build/SonarSource/sonar-java/java-frontend/target/test-jars/hibernate-jpa-2.0-api-1.0.1.Final.jar
10:59:03.180 DEBUG o.s.java.bytecode.ClassLoaderBuilder - /home/travis/build/SonarSource/sonar-java/java-frontend/target/test-jars/jsr305-1.3.9.jar
10:59:03.180 DEBUG o.s.java.bytecode.ClassLoaderBuilder - /home/travis/build/SonarSource/sonar-java/java-frontend/target/test-jars/annotations-3.0.0.jar
10:59:03.180 DEBUG o.s.java.bytecode.ClassLoaderBuilder - /home/travis/build/SonarSource/sonar-java/java-frontend/target/test-jars/annotations-13.0.jar
10:59:03.180 DEBUG o.s.java.bytecode.ClassLoaderBuilder - /home/travis/build/SonarSource/sonar-java/java-frontend/target/test-jars/lombok-1.16.4.jar
10:59:03.180 DEBUG o.s.java.bytecode.ClassLoaderBuilder - /home/travis/build/SonarSource/sonar-java/java-frontend/target/test-jars/org.eclipse.jdt.annotation-2.1.100.jar
10:59:03.180 DEBUG o.s.java.bytecode.ClassLoaderBuilder - /home/travis/build/SonarSource/sonar-java/java-frontend/target/test-jars/javaee-api-7.0.jar
10:59:03.181 DEBUG o.s.java.bytecode.ClassLoaderBuilder - /home/travis/build/SonarSource/sonar-java/java-frontend/target/test-jars/commons-lang3-3.5.jar
10:59:03.181 DEBUG o.s.java.bytecode.ClassLoaderBuilder - /home/travis/build/SonarSource/sonar-java/java-frontend/target/test-jars/commons-lang-2.6.jar
10:59:03.181 DEBUG o.s.java.bytecode.ClassLoaderBuilder - /home/travis/build/SonarSource/sonar-java/java-frontend/target/test-jars/guava-20.0.jar
10:59:03.181 DEBUG o.s.java.bytecode.ClassLoaderBuilder - /home/travis/build/SonarSource/sonar-java/java-frontend/target/test-jars/commons-collections-3.2.1.jar
10:59:03.181 DEBUG o.s.java.bytecode.ClassLoaderBuilder - /home/travis/build/SonarSource/sonar-java/java-frontend/target/test-jars/commons-collections4-4.1.jar
10:59:03.181 DEBUG o.s.java.bytecode.ClassLoaderBuilder - /home/travis/build/SonarSource/sonar-java/java-frontend/target/test-jars/log4j-core-2.3.jar
10:59:03.181 DEBUG o.s.java.bytecode.ClassLoaderBuilder - /home/travis/build/SonarSource/sonar-java/java-frontend/target/test-jars/spring-core-4.3.8.RELEASE.jar
10:59:03.181 DEBUG o.s.java.bytecode.ClassLoaderBuilder - /home/travis/build/SonarSource/sonar-java/java-frontend/target/test-jars/junit-jupiter-api-5.0.0-M4.jar
10:59:03.181 DEBUG o.s.java.bytecode.ClassLoaderBuilder - /home/travis/build/SonarSource/sonar-java/java-frontend/target/test-jars/aspectjtools-1.8.10.jar
10:59:03.181 DEBUG o.s.java.bytecode.ClassLoaderBuilder - /home/travis/build/SonarSource/sonar-java/java-frontend/target/test-jars/javax.servlet-api-3.1.0.jar
10:59:03.182 DEBUG o.s.java.bytecode.ClassLoaderBuilder - /home/travis/build/SonarSource/sonar-java/java-frontend/target/test-jars/spring-web-5.0.4.RELEASE.jar
10:59:03.182 DEBUG o.s.java.bytecode.ClassLoaderBuilder - /home/travis/build/SonarSource/sonar-java/java-frontend/target/test-jars/spring-context-5.0.4.RELEASE.jar
10:59:03.182 DEBUG o.s.java.bytecode.ClassLoaderBuilder - /home/travis/build/SonarSource/sonar-java/java-frontend/target/test-classes
10:59:03.182 DEBUG o.s.java.bytecode.ClassLoaderBuilder - -----
10:59:03.184 INFO  org.sonar.squidbridge.ProgressReport - 1 source files to be analyzed
10:59:03.196 DEBUG o.s.j.b.loader.SquidClassLoader - .class not found for Object
10:59:03.196 DEBUG o.s.j.b.loader.SquidClassLoader - .class not found for java.lang.package-info
10:59:03.196 DEBUG o.s.j.b.loader.SquidClassLoader - .class not found for java.lang.Synthetic$Object
10:59:03.196 DEBUG o.s.j.b.loader.SquidClassLoader - .class not found for Object
10:59:03.197 DEBUG o.s.j.b.loader.SquidClassLoader - .class not found for java.lang.Synthetic$Object
10:59:03.197 DEBUG o.s.j.b.loader.SquidClassLoader - .class not found for Object
10:59:03.197 DEBUG o.s.j.b.loader.SquidClassLoader - .class not found for java.lang.Synthetic$Object
10:59:03.197 DEBUG o.s.j.b.loader.SquidClassLoader - .class not found for System
10:59:03.198 DEBUG o.s.j.b.loader.SquidClassLoader - .class not found for java.lang.Synthetic$System
10:59:03.199 DEBUG o.s.j.b.loader.SquidClassLoader - .class not found for System
10:59:03.199 DEBUG o.s.j.b.loader.SquidClassLoader - .class not found for java.lang.Synthetic$System
10:59:03.199 DEBUG o.s.j.b.loader.SquidClassLoader - .class not found for System
10:59:03.199 DEBUG o.s.j.b.loader.SquidClassLoader - .class not found for java.lang.Synthetic$System
10:59:03.200 DEBUG o.s.j.b.loader.SquidClassLoader - .class not found for System
10:59:03.200 DEBUG o.s.j.b.loader.SquidClassLoader - .class not found for java.lang.Synthetic$System
10:59:03.200 DEBUG o.s.j.b.loader.SquidClassLoader - .class not found for System
10:59:03.200 DEBUG o.s.j.b.loader.SquidClassLoader - .class not found for java.lang.Synthetic$System
10:59:03.200 DEBUG o.s.j.b.loader.SquidClassLoader - .class not found for System
10:59:03.201 DEBUG o.s.j.b.loader.SquidClassLoader - .class not found for java.lang.Synthetic$System
10:59:03.201 DEBUG o.s.j.b.loader.SquidClassLoader - .class not found for System
10:59:03.201 DEBUG o.s.j.b.loader.SquidClassLoader - .class not found for java.lang.Synthetic$System
10:59:03.201 DEBUG o.s.j.b.loader.SquidClassLoader - .class not found for System
10:59:03.201 DEBUG o.s.j.b.loader.SquidClassLoader - .class not found for java.lang.Synthetic$System
10:59:03.201 DEBUG o.s.j.b.loader.SquidClassLoader - .class not found for System
10:59:03.202 DEBUG o.s.j.b.loader.SquidClassLoader - .class not found for java.lang.Synthetic$System
10:59:03.202 DEBUG o.s.j.b.loader.SquidClassLoader - .class not found for System
10:59:03.202 DEBUG o.s.j.b.loader.SquidClassLoader - .class not found for java.lang.Synthetic$System
10:59:03.202 DEBUG o.s.j.b.loader.SquidClassLoader - .class not found for System
10:59:03.202 DEBUG o.s.j.b.loader.SquidClassLoader - .class not found for java.lang.Synthetic$System
10:59:03.203 DEBUG o.s.j.b.loader.SquidClassLoader - .class not found for System
10:59:03.203 DEBUG o.s.j.b.loader.SquidClassLoader - .class not found for java.lang.Synthetic$System
10:59:03.203 DEBUG o.s.j.b.loader.SquidClassLoader - .class not found for System
10:59:03.203 DEBUG o.s.j.b.loader.SquidClassLoader - .class not found for java.lang.Synthetic$System
10:59:03.203 DEBUG o.s.j.b.loader.SquidClassLoader - .class not found for System
10:59:03.203 DEBUG o.s.j.b.loader.SquidClassLoader - .class not found for java.lang.Synthetic$System
10:59:03.204 DEBUG o.s.j.b.loader.SquidClassLoader - .class not found for System
10:59:03.204 DEBUG o.s.j.b.loader.SquidClassLoader - .class not found for java.lang.Synthetic$System
10:59:03.204 DEBUG o.s.j.b.loader.SquidClassLoader - .class not found for System
10:59:03.204 DEBUG o.s.j.b.loader.SquidClassLoader - .class not found for java.lang.Synthetic$System
10:59:03.204 DEBUG o.s.j.b.loader.SquidClassLoader - .class not found for System
10:59:03.204 DEBUG o.s.j.b.loader.SquidClassLoader - .class not found for java.lang.Synthetic$System
10:59:03.205 DEBUG o.s.j.b.loader.SquidClassLoader - .class not found for System
10:59:03.205 DEBUG o.s.j.b.loader.SquidClassLoader - .class not found for java.lang.Synthetic$System
10:59:03.205 DEBUG o.s.j.b.loader.SquidClassLoader - .class not found for System
10:59:03.205 DEBUG o.s.j.b.loader.SquidClassLoader - .class not found for java.lang.Synthetic$System
10:59:03.206 DEBUG o.s.j.b.loader.SquidClassLoader - .class not found for A
10:59:03.207 DEBUG o.s.j.bytecode.se.BytecodeEGWalker - Method body not found: %s
10:59:03.207 DEBUG o.s.j.b.loader.SquidClassLoader - .class not found for java.io.package-info
10:59:03.554 INFO  org.sonar.squidbridge.ProgressReport - 1/1 source files have been analyzed
10:59:03.558 INFO  org.sonar.squidbridge.ProgressReport - 1 source files to be analyzed
10:59:03.579 INFO  org.sonar.squidbridge.ProgressReport - 1/1 source files have been analyzed
[INFO] Tests run: 18, Failures: 0, Errors: 0, Skipped: 0, Time elapsed: 0.865 s - in org.sonar.java.se.checks.FlowComputationTest
[INFO] Running org.sonar.java.ast.parser.grammar.types.ModifiersTest
[INFO] Tests run: 1, Failures: 0, Errors: 0, Skipped: 0, Time elapsed: 0.004 s - in org.sonar.java.ast.parser.grammar.types.ModifiersTest
[INFO] Running org.sonar.java.bytecode.loader.AarLoaderTest
[INFO] Tests run: 6, Failures: 0, Errors: 0, Skipped: 0, Time elapsed: 0.006 s - in org.sonar.java.bytecode.loader.AarLoaderTest
[INFO] Running org.sonar.java.se.LearnedConstraintTest
[INFO] Tests run: 1, Failures: 0, Errors: 0, Skipped: 0, Time elapsed: 0.002 s - in org.sonar.java.se.LearnedConstraintTest
[INFO] Running org.sonar.java.ast.parser.grammar.interfaces.InterfaceDeclarationTest
[INFO] Tests run: 2, Failures: 0, Errors: 0, Skipped: 0, Time elapsed: 0.006 s - in org.sonar.java.ast.parser.grammar.interfaces.InterfaceDeclarationTest
[INFO] Running org.sonar.java.model.VisitorsBridgeForTestsTest
[INFO] Tests run: 1, Failures: 0, Errors: 0, Skipped: 0, Time elapsed: 0.007 s - in org.sonar.java.model.VisitorsBridgeForTestsTest
[INFO] Running org.sonar.java.ast.parser.grammar.literals.IntegerLiteralTest
[INFO] Tests run: 2, Failures: 0, Errors: 0, Skipped: 0, Time elapsed: 0.017 s - in org.sonar.java.ast.parser.grammar.literals.IntegerLiteralTest
[INFO] Running org.sonar.java.DefaultJavaResourceLocatorTest
10:59:03.662 INFO  org.sonar.squidbridge.ProgressReport - 1 source files to be analyzed
10:59:03.682 INFO  org.sonar.squidbridge.ProgressReport - 1/1 source files have been analyzed
[INFO] Tests run: 5, Failures: 0, Errors: 0, Skipped: 0, Time elapsed: 0.034 s - in org.sonar.java.DefaultJavaResourceLocatorTest
[INFO] Running org.sonar.java.ast.visitors.SonarSymbolTableVisitorTest
10:59:03.715 INFO  org.sonar.squidbridge.ProgressReport - 1 source files to be analyzed
[INFO] Tests run: 1, Failures: 0, Errors: 0, Skipped: 0, Time elapsed: 0.032 s - in org.sonar.java.ast.visitors.SonarSymbolTableVisitorTest
[INFO] Running org.sonar.java.collections.AVLTreeTest
10:59:03.733 INFO  org.sonar.squidbridge.ProgressReport - 1/1 source files have been analyzed
[INFO] Tests run: 9, Failures: 0, Errors: 0, Skipped: 0, Time elapsed: 0.008 s - in org.sonar.java.collections.AVLTreeTest
[INFO] Running org.sonar.java.resolve.TypesTest
[INFO] Tests run: 2, Failures: 0, Errors: 0, Skipped: 0, Time elapsed: 0.005 s - in org.sonar.java.resolve.TypesTest
[INFO] Running org.sonar.java.ast.parser.grammar.units.TypeDeclarationTest
[INFO] Tests run: 2, Failures: 0, Errors: 0, Skipped: 0, Time elapsed: 0.005 s - in org.sonar.java.ast.parser.grammar.units.TypeDeclarationTest
[INFO] Running org.sonar.java.model.TreeTokenCompletenessTest
10:59:03.767 INFO  org.sonar.squidbridge.ProgressReport - 1 source files to be analyzed
10:59:03.798 INFO  org.sonar.squidbridge.ProgressReport - 1/1 source files have been analyzed
[INFO] Tests run: 1, Failures: 0, Errors: 0, Skipped: 0, Time elapsed: 0.038 s - in org.sonar.java.model.TreeTokenCompletenessTest
[INFO] Running org.sonar.java.se.ProgramPointTest
[INFO] Tests run: 2, Failures: 0, Errors: 0, Skipped: 0, Time elapsed: 0.011 s - in org.sonar.java.se.ProgramPointTest
[INFO] Running org.sonar.java.ast.parser.grammar.CornerCasesTest
[INFO] Tests run: 1, Failures: 0, Errors: 0, Skipped: 0, Time elapsed: 0.038 s - in org.sonar.java.ast.parser.grammar.CornerCasesTest
[INFO] Running org.sonar.java.se.xproc.MethodBehaviorTest
[INFO] Tests run: 7, Failures: 0, Errors: 0, Skipped: 0, Time elapsed: 0.062 s - in org.sonar.java.se.xproc.MethodBehaviorTest
[INFO] Running org.sonar.java.ast.parser.grammar.statements.SwitchStatementTest
[INFO] Tests run: 1, Failures: 0, Errors: 0, Skipped: 0, Time elapsed: 0.005 s - in org.sonar.java.ast.parser.grammar.statements.SwitchStatementTest
[INFO] Running org.sonar.java.model.JavaVersionImplTest
10:59:03.950 WARN  org.sonar.java.model.JavaVersionImpl - Invalid java version (got "jdk1.6"). The version will be ignored. Accepted formats are "1.X", or simply "X" (for instance: "1.5" or "5", "1.6" or "6", "1.7" or "7", etc.)
[INFO] Tests run: 7, Failures: 0, Errors: 0, Skipped: 0, Time elapsed: 0.009 s - in org.sonar.java.model.JavaVersionImplTest
[INFO] Running org.sonar.java.model.TestDefaultJavaFileScannerContextWithSensorContextTester
[INFO] Tests run: 3, Failures: 0, Errors: 0, Skipped: 0, Time elapsed: 0.048 s - in org.sonar.java.model.TestDefaultJavaFileScannerContextWithSensorContextTester
[INFO] Running org.sonar.java.se.symbolicvalues.RelationalSymbolicValueTest
10:59:04.093 INFO  org.sonar.squidbridge.ProgressReport - 1 source files to be analyzed
10:59:04.130 INFO  org.sonar.squidbridge.ProgressReport - 1/1 source files have been analyzed
10:59:04.154 INFO  org.sonar.squidbridge.ProgressReport - 1 source files to be analyzed
10:59:04.182 INFO  org.sonar.squidbridge.ProgressReport - 1/1 source files have been analyzed
[INFO] Tests run: 24, Failures: 0, Errors: 0, Skipped: 0, Time elapsed: 2.592 s - in org.sonar.java.se.symbolicvalues.RelationalSymbolicValueTest
[INFO] Running org.sonar.java.bytecode.se.BytecodeEGWalkerExecuteTest
[INFO] Tests run: 73, Failures: 0, Errors: 0, Skipped: 0, Time elapsed: 0.417 s - in org.sonar.java.bytecode.se.BytecodeEGWalkerExecuteTest
[INFO] Running org.sonar.java.se.JavaCheckVerifierTest
10:59:07.039 INFO  org.sonar.squidbridge.ProgressReport - 1 source files to be analyzed
10:59:07.045 INFO  org.sonar.squidbridge.ProgressReport - 1 source files to be analyzed
10:59:07.058 INFO  org.sonar.squidbridge.ProgressReport - 1 source files to be analyzed
10:59:07.058 INFO  org.sonar.squidbridge.ProgressReport - 1/1 source files have been analyzed
10:59:07.074 INFO  org.sonar.squidbridge.ProgressReport - 1/1 source files have been analyzed
10:59:07.082 INFO  org.sonar.squidbridge.ProgressReport - 1 source files to be analyzed
10:59:07.086 INFO  org.sonar.squidbridge.ProgressReport - 1 source files to be analyzed
10:59:07.095 INFO  org.sonar.squidbridge.ProgressReport - 1 source files to be analyzed
10:59:07.118 INFO  org.sonar.squidbridge.ProgressReport - 1/1 source files have been analyzed
10:59:07.122 INFO  org.sonar.squidbridge.ProgressReport - 1 source files to be analyzed
10:59:07.141 INFO  org.sonar.squidbridge.ProgressReport - 1 source files to be analyzed
10:59:07.142 INFO  org.sonar.squidbridge.ProgressReport - 1/1 source files have been analyzed
10:59:07.152 INFO  org.sonar.squidbridge.ProgressReport - 1/1 source files have been analyzed
10:59:07.156 INFO  org.sonar.squidbridge.ProgressReport - 1 source files to be analyzed
10:59:07.164 INFO  org.sonar.squidbridge.ProgressReport - 1 source files to be analyzed
10:59:07.177 INFO  org.sonar.squidbridge.ProgressReport - 1 source files to be analyzed
10:59:07.178 INFO  org.sonar.squidbridge.ProgressReport - 1/1 source files have been analyzed
10:59:07.190 INFO  org.sonar.squidbridge.ProgressReport - 1/1 source files have been analyzed
10:59:07.198 INFO  org.sonar.squidbridge.ProgressReport - 1 source files to be analyzed
10:59:07.219 INFO  org.sonar.squidbridge.ProgressReport - 1/1 source files have been analyzed
10:59:07.222 INFO  org.sonar.squidbridge.ProgressReport - 1 source files to be analyzed
10:59:07.235 INFO  org.sonar.squidbridge.ProgressReport - 1 source files to be analyzed
10:59:07.235 INFO  org.sonar.squidbridge.ProgressReport - 1/1 source files have been analyzed
10:59:07.252 INFO  org.sonar.squidbridge.ProgressReport - 1/1 source files have been analyzed
10:59:07.259 INFO  org.sonar.squidbridge.ProgressReport - 1 source files to be analyzed
10:59:07.277 INFO  org.sonar.squidbridge.ProgressReport - 1 source files to be analyzed
10:59:07.277 INFO  org.sonar.squidbridge.ProgressReport - 1/1 source files have been analyzed
10:59:07.305 INFO  org.sonar.squidbridge.ProgressReport - 1/1 source files have been analyzed
10:59:07.313 INFO  org.sonar.squidbridge.ProgressReport - 1 source files to be analyzed
10:59:07.330 INFO  org.sonar.squidbridge.ProgressReport - 1/1 source files have been analyzed
10:59:07.333 INFO  org.sonar.squidbridge.ProgressReport - 1 source files to be analyzed
10:59:07.346 INFO  org.sonar.squidbridge.ProgressReport - 1 source files to be analyzed
10:59:07.346 INFO  org.sonar.squidbridge.ProgressReport - 1/1 source files have been analyzed
10:59:07.356 INFO  org.sonar.squidbridge.ProgressReport - 1/1 source files have been analyzed
10:59:07.360 INFO  org.sonar.squidbridge.ProgressReport - 1 source files to be analyzed
10:59:07.373 INFO  org.sonar.squidbridge.ProgressReport - 1/1 source files have been analyzed
10:59:07.377 INFO  org.sonar.squidbridge.ProgressReport - 1 source files to be analyzed
10:59:07.389 INFO  org.sonar.squidbridge.ProgressReport - 1 source files to be analyzed
10:59:07.390 INFO  org.sonar.squidbridge.ProgressReport - 1/1 source files have been analyzed
10:59:07.402 INFO  org.sonar.squidbridge.ProgressReport - 1 source files to be analyzed
10:59:07.403 INFO  org.sonar.squidbridge.ProgressReport - 1/1 source files have been analyzed
10:59:07.416 INFO  org.sonar.squidbridge.ProgressReport - 1/1 source files have been analyzed
10:59:07.421 INFO  org.sonar.squidbridge.ProgressReport - 1 source files to be analyzed
10:59:07.433 INFO  org.sonar.squidbridge.ProgressReport - 1 source files to be analyzed
10:59:07.434 INFO  org.sonar.squidbridge.ProgressReport - 1/1 source files have been analyzed
10:59:07.444 INFO  org.sonar.squidbridge.ProgressReport - 1/1 source files have been analyzed
10:59:07.448 INFO  org.sonar.squidbridge.ProgressReport - 1 source files to be analyzed
10:59:07.461 INFO  org.sonar.squidbridge.ProgressReport - 1 source files to be analyzed
10:59:07.461 INFO  org.sonar.squidbridge.ProgressReport - 1/1 source files have been analyzed
10:59:07.474 INFO  org.sonar.squidbridge.ProgressReport - 1 source files to be analyzed
10:59:07.489 INFO  org.sonar.squidbridge.ProgressReport - 1 source files to be analyzed
10:59:07.489 INFO  org.sonar.squidbridge.ProgressReport - 1/1 source files have been analyzed
[INFO] Tests run: 30, Failures: 0, Errors: 0, Skipped: 0, Time elapsed: 0.474 s - in org.sonar.java.se.JavaCheckVerifierTest
[INFO] Running org.sonar.java.ast.parser.grammar.statements.ResourceTest
[INFO] Tests run: 2, Failures: 0, Errors: 0, Skipped: 0, Time elapsed: 0.005 s - in org.sonar.java.ast.parser.grammar.statements.ResourceTest
[INFO] Running org.sonar.java.matcher.NameCriteriaTest
[INFO] Tests run: 3, Failures: 0, Errors: 0, Skipped: 0, Time elapsed: 0.002 s - in org.sonar.java.matcher.NameCriteriaTest
[INFO] Running org.sonar.java.bytecode.cfg.InstructionTest
[INFO] Tests run: 5, Failures: 0, Errors: 0, Skipped: 0, Time elapsed: 0.001 s - in org.sonar.java.bytecode.cfg.InstructionTest
[INFO] Running org.sonar.plugins.java.api.tree.TreeTest
[INFO] Tests run: 1, Failures: 0, Errors: 0, Skipped: 0, Time elapsed: 0 s - in org.sonar.plugins.java.api.tree.TreeTest
[INFO] Running org.sonar.java.ast.parser.grammar.statements.CatchClauseTest
[INFO] Tests run: 1, Failures: 0, Errors: 0, Skipped: 0, Time elapsed: 0.004 s - in org.sonar.java.ast.parser.grammar.statements.CatchClauseTest
[INFO] Running org.sonar.java.resolve.TypeSubstitutionTest
[INFO] Tests run: 10, Failures: 0, Errors: 0, Skipped: 0, Time elapsed: 0.003 s - in org.sonar.java.resolve.TypeSubstitutionTest
[INFO] Running org.sonar.java.model.declaration.RequiresDirectiveTreeImplTest
[INFO] Tests run: 4, Failures: 0, Errors: 0, Skipped: 0, Time elapsed: 0.012 s - in org.sonar.java.model.declaration.RequiresDirectiveTreeImplTest
[INFO] Running org.sonar.java.model.expression.MethodInvocationTreeImplTest
[INFO] Tests run: 3, Failures: 0, Errors: 0, Skipped: 0, Time elapsed: 0.031 s - in org.sonar.java.model.expression.MethodInvocationTreeImplTest
[INFO] Running org.sonar.java.resolve.ResolveTest
[INFO] Tests run: 6, Failures: 0, Errors: 0, Skipped: 0, Time elapsed: 0.017 s - in org.sonar.java.resolve.ResolveTest
[INFO] Running org.sonar.java.matcher.MethodMatcherTest
10:59:07.608 INFO  org.sonar.squidbridge.ProgressReport - 1 source files to be analyzed
10:59:07.628 INFO  org.sonar.squidbridge.ProgressReport - 1/1 source files have been analyzed
10:59:07.678 INFO  org.sonar.squidbridge.ProgressReport - 1 source files to be analyzed
10:59:07.694 INFO  org.sonar.squidbridge.ProgressReport - 1/1 source files have been analyzed
[INFO] Tests run: 19, Failures: 0, Errors: 0, Skipped: 0, Time elapsed: 0.111 s - in org.sonar.java.matcher.MethodMatcherTest
[INFO] Running org.sonar.java.ast.parser.grammar.statements.TryStatementTest
[INFO] Tests run: 4, Failures: 0, Errors: 0, Skipped: 0, Time elapsed: 0.012 s - in org.sonar.java.ast.parser.grammar.statements.TryStatementTest
[INFO] Running org.sonar.java.model.PackageUtilsTest
[INFO] Tests run: 4, Failures: 0, Errors: 0, Skipped: 0, Time elapsed: 0.003 s - in org.sonar.java.model.PackageUtilsTest
[INFO] Running org.sonar.java.se.checks.OptionalGetBeforeIsPresentCheckTest
10:59:07.747 INFO  org.sonar.squidbridge.ProgressReport - 1 source files to be analyzed
10:59:07.802 INFO  org.sonar.squidbridge.ProgressReport - 1/1 source files have been analyzed
10:59:07.819 INFO  org.sonar.squidbridge.ProgressReport - 1 source files to be analyzed
10:59:07.857 INFO  org.sonar.squidbridge.ProgressReport - 1/1 source files have been analyzed
[INFO] Tests run: 2, Failures: 0, Errors: 0, Skipped: 0, Time elapsed: 0.126 s - in org.sonar.java.se.checks.OptionalGetBeforeIsPresentCheckTest
[INFO] Running org.sonar.java.ast.parser.grammar.units.ImportDeclarationTest
[INFO] Tests run: 1, Failures: 0, Errors: 0, Skipped: 0, Time elapsed: 0.003 s - in org.sonar.java.ast.parser.grammar.units.ImportDeclarationTest
[INFO] Running org.sonar.java.ast.parser.grammar.moduledirectives.ExportsDirectiveTest
[INFO] Tests run: 1, Failures: 0, Errors: 0, Skipped: 0, Time elapsed: 0.005 s - in org.sonar.java.ast.parser.grammar.moduledirectives.ExportsDirectiveTest
[INFO] Running org.sonar.java.model.SyntacticEquivalenceTest
[INFO] Tests run: 5, Failures: 0, Errors: 0, Skipped: 0, Time elapsed: 0.032 s - in org.sonar.java.model.SyntacticEquivalenceTest
[INFO] Running org.sonar.java.xml.XmlCheckContextImplTest
[INFO] Tests run: 17, Failures: 0, Errors: 0, Skipped: 0, Time elapsed: 0.183 s - in org.sonar.java.xml.XmlCheckContextImplTest
[INFO] Running org.sonar.java.ast.api.JavaPunctuatorTest
[INFO] Tests run: 1, Failures: 0, Errors: 0, Skipped: 0, Time elapsed: 0.001 s - in org.sonar.java.ast.api.JavaPunctuatorTest
[INFO] Running org.sonar.java.ast.parser.JavaParserTest
[INFO] Tests run: 2, Failures: 0, Errors: 0, Skipped: 0, Time elapsed: 0.008 s - in org.sonar.java.ast.parser.JavaParserTest
[INFO] Running org.sonar.java.ast.visitors.FileLinesVisitorTest
10:59:08.122 INFO  org.sonar.java.JavaSquid - Java Main Files AST scan
10:59:08.124 INFO  org.sonar.squidbridge.ProgressReport - 1 source files to be analyzed
10:59:08.133 INFO  org.sonar.java.JavaSquid - Java Main Files AST scan (done) | time=11ms
10:59:08.134 INFO  org.sonar.squidbridge.ProgressReport - 1/1 source files have been analyzed
10:59:08.138 INFO  org.sonar.java.JavaSquid - Java Test Files AST scan
10:59:08.139 INFO  org.sonar.squidbridge.ProgressReport - 0 source files to be analyzed
10:59:08.139 INFO  org.sonar.java.JavaSquid - Java Test Files AST scan (done) | time=1ms
10:59:08.143 INFO  org.sonar.squidbridge.ProgressReport - 0/0 source files have been analyzed
10:59:08.150 INFO  org.sonar.java.JavaSquid - Java Main Files AST scan
10:59:08.151 INFO  org.sonar.squidbridge.ProgressReport - 1 source files to be analyzed
10:59:08.201 INFO  org.sonar.squidbridge.ProgressReport - 1/1 source files have been analyzed
10:59:08.201 INFO  org.sonar.java.JavaSquid - Java Main Files AST scan (done) | time=51ms
10:59:08.201 INFO  org.sonar.java.JavaSquid - Java Test Files AST scan
10:59:08.202 INFO  org.sonar.squidbridge.ProgressReport - 0 source files to be analyzed
10:59:08.206 INFO  org.sonar.java.JavaSquid - Java Test Files AST scan (done) | time=5ms
10:59:08.210 INFO  org.sonar.java.JavaSquid - Java Main Files AST scan
10:59:08.210 INFO  org.sonar.squidbridge.ProgressReport - 1 source files to be analyzed
10:59:08.213 INFO  org.sonar.squidbridge.ProgressReport - 0/0 source files have been analyzed
10:59:08.257 INFO  org.sonar.squidbridge.ProgressReport - 1/1 source files have been analyzed
10:59:08.259 INFO  org.sonar.java.JavaSquid - Java Main Files AST scan (done) | time=49ms
10:59:08.260 INFO  org.sonar.java.JavaSquid - Java Test Files AST scan
10:59:08.262 INFO  org.sonar.squidbridge.ProgressReport - 0 source files to be analyzed
10:59:08.264 INFO  org.sonar.java.JavaSquid - Java Test Files AST scan (done) | time=4ms
10:59:08.266 INFO  org.sonar.java.JavaSquid - Java Main Files AST scan
10:59:08.266 INFO  org.sonar.squidbridge.ProgressReport - 1 source files to be analyzed
10:59:08.271 INFO  org.sonar.squidbridge.ProgressReport - 0/0 source files have been analyzed
10:59:08.290 INFO  org.sonar.squidbridge.ProgressReport - 1/1 source files have been analyzed
10:59:08.293 INFO  org.sonar.java.JavaSquid - Java Main Files AST scan (done) | time=27ms
10:59:08.294 INFO  org.sonar.java.JavaSquid - Java Test Files AST scan
10:59:08.296 INFO  org.sonar.squidbridge.ProgressReport - 0 source files to be analyzed
10:59:08.297 INFO  org.sonar.java.JavaSquid - Java Test Files AST scan (done) | time=3ms
10:59:08.322 INFO  org.sonar.squidbridge.ProgressReport - 0/0 source files have been analyzed
10:59:08.359 INFO  org.sonar.java.JavaSquid - Java Main Files AST scan
10:59:08.361 INFO  org.sonar.squidbridge.ProgressReport - 1 source files to be analyzed
10:59:08.379 INFO  org.sonar.java.JavaSquid - Java Main Files AST scan (done) | time=20ms
10:59:08.381 INFO  org.sonar.java.JavaSquid - Java Test Files AST scan
10:59:08.383 INFO  org.sonar.squidbridge.ProgressReport - 0 source files to be analyzed
10:59:08.386 INFO  org.sonar.squidbridge.ProgressReport - 1/1 source files have been analyzed
10:59:08.388 INFO  org.sonar.java.JavaSquid - Java Test Files AST scan (done) | time=7ms
[INFO] Tests run: 4, Failures: 0, Errors: 0, Skipped: 0, Time elapsed: 0.273 s - in org.sonar.java.ast.visitors.FileLinesVisitorTest
[INFO] Running org.sonar.java.ast.parser.grammar.statements.FinallyTest
[INFO] Tests run: 1, Failures: 0, Errors: 0, Skipped: 0, Time elapsed: 0.003 s - in org.sonar.java.ast.parser.grammar.statements.FinallyTest
[INFO] Running org.sonar.java.AnalyzerMessageTest
10:59:08.397 INFO  org.sonar.squidbridge.ProgressReport - 0/0 source files have been analyzed
[INFO] Tests run: 9, Failures: 0, Errors: 0, Skipped: 0, Time elapsed: 0.016 s - in org.sonar.java.AnalyzerMessageTest
[INFO] Running org.sonar.java.bytecode.se.MethodLookupTest
[INFO] Tests run: 2, Failures: 0, Errors: 0, Skipped: 0, Time elapsed: 0.003 s - in org.sonar.java.bytecode.se.MethodLookupTest
[INFO] Running org.sonar.java.bytecode.cfg.InstructionsTest
[INFO] Tests run: 1, Failures: 0, Errors: 0, Skipped: 0, Time elapsed: 0.002 s - in org.sonar.java.bytecode.cfg.InstructionsTest
[INFO] Running org.sonar.java.se.xproc.ExceptionalYieldTest
[INFO] Tests run: 5, Failures: 0, Errors: 0, Skipped: 0, Time elapsed: 0.032 s - in org.sonar.java.se.xproc.ExceptionalYieldTest
[INFO] Running org.sonar.java.bytecode.se.BytecodeSECheckTest
[INFO] Tests run: 6, Failures: 0, Errors: 0, Skipped: 0, Time elapsed: 0.024 s - in org.sonar.java.bytecode.se.BytecodeSECheckTest
[INFO] Running org.sonar.java.ast.parser.grammar.types.TypeTest
[INFO] Tests run: 1, Failures: 0, Errors: 0, Skipped: 0, Time elapsed: 0.003 s - in org.sonar.java.ast.parser.grammar.types.TypeTest
[INFO] Running org.sonar.java.se.checks.ParameterNullnessCheckTest
10:59:08.505 INFO  org.sonar.squidbridge.ProgressReport - 1 source files to be analyzed
10:59:08.532 INFO  org.sonar.squidbridge.ProgressReport - 1/1 source files have been analyzed
[INFO] Tests run: 1, Failures: 0, Errors: 0, Skipped: 0, Time elapsed: 0.034 s - in org.sonar.java.se.checks.ParameterNullnessCheckTest
[INFO] Running org.sonar.java.resolve.SymbolTableTest
[INFO] Tests run: 71, Failures: 0, Errors: 0, Skipped: 0, Time elapsed: 1.046 s - in org.sonar.java.resolve.SymbolTableTest
[INFO] Running org.sonar.java.se.constraint.ConstraintManagerTest
[INFO] Tests run: 17, Failures: 0, Errors: 0, Skipped: 0, Time elapsed: 0.005 s - in org.sonar.java.se.constraint.ConstraintManagerTest
[INFO] Running org.sonar.java.resolve.JavaSymbolTest
[INFO] Tests run: 11, Failures: 0, Errors: 0, Skipped: 0, Time elapsed: 0.08 s - in org.sonar.java.resolve.JavaSymbolTest
[INFO] Running org.sonar.java.xml.maven.PomCheckContextImplTest
[INFO] Tests run: 6, Failures: 0, Errors: 0, Skipped: 0, Time elapsed: 0.186 s - in org.sonar.java.xml.maven.PomCheckContextImplTest
[INFO] Running org.sonar.java.ast.parser.grammar.types.TypeParametersTest
[INFO] Tests run: 1, Failures: 0, Errors: 0, Skipped: 0, Time elapsed: 0.002 s - in org.sonar.java.ast.parser.grammar.types.TypeParametersTest
[INFO] Running org.sonar.java.cfg.CFGTest
[INFO] Tests run: 73, Failures: 0, Errors: 0, Skipped: 0, Time elapsed: 0.936 s - in org.sonar.java.cfg.CFGTest
[INFO] Running org.sonar.java.se.checks.MapComputeIfAbsentOrPresentCheckTest
10:59:10.827 INFO  org.sonar.squidbridge.ProgressReport - 1 source files to be analyzed
10:59:10.914 INFO  org.sonar.squidbridge.ProgressReport - 1/1 source files have been analyzed
[INFO] Tests run: 1, Failures: 0, Errors: 0, Skipped: 0, Time elapsed: 0.095 s - in org.sonar.java.se.checks.MapComputeIfAbsentOrPresentCheckTest
[INFO] Running org.sonar.java.resolve.MethodJavaTypeTest
[INFO] Tests run: 4, Failures: 0, Errors: 0, Skipped: 0, Time elapsed: 0.003 s - in org.sonar.java.resolve.MethodJavaTypeTest
[INFO] Running org.sonar.java.ast.parser.grammar.literals.StringLiteralTest
[INFO] Tests run: 2, Failures: 0, Errors: 0, Skipped: 0, Time elapsed: 0.004 s - in org.sonar.java.ast.parser.grammar.literals.StringLiteralTest
[INFO] Running org.sonar.plugins.java.api.LocationTest
[INFO] Tests run: 3, Failures: 0, Errors: 0, Skipped: 0, Time elapsed: 0.002 s - in org.sonar.plugins.java.api.LocationTest
[INFO] Running org.sonar.java.se.constraint.ConstraintsByDomainTest
[INFO] Tests run: 9, Failures: 0, Errors: 0, Skipped: 0, Time elapsed: 0.003 s - in org.sonar.java.se.constraint.ConstraintsByDomainTest
[INFO] Running org.sonar.java.bytecode.loader.JarLoaderTest
[INFO] Tests run: 5, Failures: 0, Errors: 0, Skipped: 0, Time elapsed: 0.004 s - in org.sonar.java.bytecode.loader.JarLoaderTest
[INFO] Running org.sonar.java.ast.parser.grammar.moduledirectives.UsesDirectiveTest
[INFO] Tests run: 1, Failures: 0, Errors: 0, Skipped: 0, Time elapsed: 0.003 s - in org.sonar.java.ast.parser.grammar.moduledirectives.UsesDirectiveTest
[INFO] Running org.sonar.java.ast.parser.grammar.statements.ForStatementTest
[INFO] Tests run: 1, Failures: 0, Errors: 0, Skipped: 0, Time elapsed: 0.004 s - in org.sonar.java.ast.parser.grammar.statements.ForStatementTest
[INFO] Running org.sonar.java.se.checks.UnclosedResourcesCheckTest
10:59:10.970 INFO  org.sonar.squidbridge.ProgressReport - 1 source files to be analyzed
10:59:11.016 INFO  org.sonar.squidbridge.ProgressReport - 1/1 source files have been analyzed
10:59:11.019 INFO  org.sonar.squidbridge.ProgressReport - 1 source files to be analyzed
10:59:11.032 INFO  org.sonar.squidbridge.ProgressReport - 1 source files to be analyzed
10:59:11.032 INFO  org.sonar.squidbridge.ProgressReport - 1/1 source files have been analyzed
10:59:11.167 INFO  org.sonar.squidbridge.ProgressReport - 1/1 source files have been analyzed
10:59:11.171 INFO  org.sonar.squidbridge.ProgressReport - 1 source files to be analyzed
10:59:11.217 INFO  org.sonar.squidbridge.ProgressReport - 1/1 source files have been analyzed
10:59:11.223 INFO  org.sonar.squidbridge.ProgressReport - 1 source files to be analyzed
10:59:11.249 INFO  org.sonar.squidbridge.ProgressReport - 1/1 source files have been analyzed
10:59:11.254 INFO  org.sonar.squidbridge.ProgressReport - 1 source files to be analyzed
10:59:11.443 INFO  org.sonar.squidbridge.ProgressReport - 1/1 source files have been analyzed
10:59:11.447 INFO  org.sonar.squidbridge.ProgressReport - 1 source files to be analyzed
10:59:11.492 INFO  org.sonar.squidbridge.ProgressReport - 1/1 source files have been analyzed
10:59:11.496 INFO  org.sonar.squidbridge.ProgressReport - 1 source files to be analyzed
10:59:11.565 INFO  org.sonar.squidbridge.ProgressReport - 1/1 source files have been analyzed
[INFO] Tests run: 9, Failures: 0, Errors: 0, Skipped: 0, Time elapsed: 0.6 s - in org.sonar.java.se.checks.UnclosedResourcesCheckTest
[INFO] Running org.sonar.java.se.checks.ConditionAlwaysTrueOrFalseCheckTest
10:59:11.571 INFO  org.sonar.squidbridge.ProgressReport - 1 source files to be analyzed
10:59:11.584 INFO  org.sonar.squidbridge.ProgressReport - 1/1 source files have been analyzed
10:59:11.587 INFO  org.sonar.squidbridge.ProgressReport - 1 source files to be analyzed
10:59:11.599 INFO  org.sonar.squidbridge.ProgressReport - 1/1 source files have been analyzed
10:59:11.606 INFO  org.sonar.squidbridge.ProgressReport - 1 source files to be analyzed
10:59:11.626 INFO  org.sonar.squidbridge.ProgressReport - 1/1 source files have been analyzed
10:59:11.630 INFO  org.sonar.squidbridge.ProgressReport - 1 source files to be analyzed
10:59:11.644 INFO  org.sonar.squidbridge.ProgressReport - 1/1 source files have been analyzed
10:59:11.647 INFO  org.sonar.squidbridge.ProgressReport - 1 source files to be analyzed
10:59:11.774 INFO  org.sonar.squidbridge.ProgressReport - 1/1 source files have been analyzed
10:59:11.779 INFO  org.sonar.squidbridge.ProgressReport - 1 source files to be analyzed
10:59:11.792 INFO  org.sonar.squidbridge.ProgressReport - 1/1 source files have been analyzed
10:59:11.795 INFO  org.sonar.squidbridge.ProgressReport - 1 source files to be analyzed
10:59:13.074 INFO  org.sonar.squidbridge.ProgressReport - 1/1 source files have been analyzed
10:59:13.082 INFO  org.sonar.squidbridge.ProgressReport - 1 source files to be analyzed
10:59:13.097 INFO  org.sonar.squidbridge.ProgressReport - 1/1 source files have been analyzed
10:59:13.100 INFO  org.sonar.squidbridge.ProgressReport - 1 source files to be analyzed
10:59:13.132 INFO  org.sonar.squidbridge.ProgressReport - 1/1 source files have been analyzed
10:59:13.137 INFO  org.sonar.squidbridge.ProgressReport - 1 source files to be analyzed
10:59:13.159 INFO  org.sonar.squidbridge.ProgressReport - 1/1 source files have been analyzed
[INFO] Tests run: 10, Failures: 0, Errors: 0, Skipped: 0, Time elapsed: 1.594 s - in org.sonar.java.se.checks.ConditionAlwaysTrueOrFalseCheckTest
[INFO] Running org.sonar.java.ast.parser.ListTreeImplTest
[INFO] Tests run: 2, Failures: 0, Errors: 0, Skipped: 0, Time elapsed: 0.002 s - in org.sonar.java.ast.parser.ListTreeImplTest
[INFO] Running org.sonar.java.se.SECheckTest
[INFO] Tests run: 1, Failures: 0, Errors: 0, Skipped: 0, Time elapsed: 0.028 s - in org.sonar.java.se.SECheckTest
[INFO] Running org.sonar.java.bytecode.loader.FileSystemLoaderTest
[INFO] Tests run: 4, Failures: 0, Errors: 0, Skipped: 0, Time elapsed: 0 s - in org.sonar.java.bytecode.loader.FileSystemLoaderTest
[INFO] Running org.sonar.plugins.java.api.IssuableSubscriptionVisitorTest
10:59:13.197 INFO  org.sonar.squidbridge.ProgressReport - 1 source files to be analyzed
10:59:13.210 INFO  org.sonar.squidbridge.ProgressReport - 1/1 source files have been analyzed
[INFO] Tests run: 1, Failures: 0, Errors: 0, Skipped: 0, Time elapsed: 0.013 s - in org.sonar.plugins.java.api.IssuableSubscriptionVisitorTest
[INFO] Running org.sonar.java.ast.parser.grammar.statements.VariableDeclaratorTest
[INFO] Tests run: 2, Failures: 0, Errors: 0, Skipped: 0, Time elapsed: 0.009 s - in org.sonar.java.ast.parser.grammar.statements.VariableDeclaratorTest
[INFO] Running org.sonar.java.ast.parser.grammar.statements.SynchronizedStatementTest
[INFO] Tests run: 1, Failures: 0, Errors: 0, Skipped: 0, Time elapsed: 0.003 s - in org.sonar.java.ast.parser.grammar.statements.SynchronizedStatementTest
[INFO] Running org.sonar.java.resolve.JavaTypeTest
10:59:13.249 INFO  org.sonar.squidbridge.ProgressReport - 1 source files to be analyzed
10:59:13.266 INFO  org.sonar.squidbridge.ProgressReport - 1/1 source files have been analyzed
[INFO] Tests run: 14, Failures: 0, Errors: 0, Skipped: 0, Time elapsed: 0.043 s - in org.sonar.java.resolve.JavaTypeTest
[INFO] Running org.sonar.java.ast.parser.grammar.moduledirectives.RequiresDirectiveTest
[INFO] Tests run: 3, Failures: 0, Errors: 0, Skipped: 0, Time elapsed: 0.006 s - in org.sonar.java.ast.parser.grammar.moduledirectives.RequiresDirectiveTest
[INFO] Running org.sonar.java.resolve.FlagsTest
[INFO] Tests run: 2, Failures: 0, Errors: 0, Skipped: 0, Time elapsed: 0.001 s - in org.sonar.java.resolve.FlagsTest
[INFO] Running org.sonar.java.model.JavaTreeModelTest
[INFO] Tests run: 77, Failures: 0, Errors: 0, Skipped: 0, Time elapsed: 0.166 s - in org.sonar.java.model.JavaTreeModelTest
[INFO] Running org.sonar.java.AnalysisErrorTest
[INFO] Tests run: 1, Failures: 0, Errors: 0, Skipped: 0, Time elapsed: 0.001 s - in org.sonar.java.AnalysisErrorTest
[INFO] Running org.sonar.java.model.VisitorsBridgeTest
10:59:13.464 WARN  org.sonar.java.model.VisitorsBridge - Classes not found during the analysis : [NotFound00, NotFound01, NotFound02, NotFound03, NotFound04, NotFound05, NotFound06, NotFound07, NotFound08, NotFound09, NotFound10, NotFound11, NotFound12, NotFound13, NotFound14, NotFound15, NotFound16, NotFound17, NotFound18, NotFound19, NotFound20, NotFound21, NotFound22, NotFound23, NotFound24, NotFound25, NotFound26, NotFound27, NotFound28, NotFound29, NotFound30, NotFound31, NotFound32, NotFound33, NotFound34, NotFound35, NotFound36, NotFound37, NotFound38, NotFound39, NotFound40, NotFound41, NotFound42, NotFound43, NotFound44, NotFound45, NotFound46, NotFound47, NotFound48, NotFound49, ...]
10:59:13.466 ERROR org.sonar.java.model.VisitorsBridge - Unable to run check class org.sonar.java.model.VisitorsBridgeTest$$Lambda$722/436063566 -  on file , To help improve SonarJava, please report this problem to SonarSource : see https://www.sonarqube.org/community/
java.lang.NullPointerException: BimBadaboum
	at org.sonar.java.model.VisitorsBridgeTest.rethrow_exception_when_hidden_property_set_to_true(VisitorsBridgeTest.java:126) ~[test-classes/:na]
	at sun.reflect.NativeMethodAccessorImpl.invoke0(Native Method) ~[na:1.8.0_151]
	at sun.reflect.NativeMethodAccessorImpl.invoke(NativeMethodAccessorImpl.java:62) ~[na:1.8.0_151]
	at sun.reflect.DelegatingMethodAccessorImpl.invoke(DelegatingMethodAccessorImpl.java:43) ~[na:1.8.0_151]
	at java.lang.reflect.Method.invoke(Method.java:498) ~[na:1.8.0_151]
	at org.junit.runners.model.FrameworkMethod$1.runReflectiveCall(FrameworkMethod.java:50) ~[junit-4.12.jar:4.12]
	at org.junit.internal.runners.model.ReflectiveCallable.run(ReflectiveCallable.java:12) ~[junit-4.12.jar:4.12]
	at org.junit.runners.model.FrameworkMethod.invokeExplosively(FrameworkMethod.java:47) ~[junit-4.12.jar:4.12]
	at org.junit.internal.runners.statements.InvokeMethod.evaluate(InvokeMethod.java:17) ~[junit-4.12.jar:4.12]
	at org.junit.rules.ExternalResource$1.evaluate(ExternalResource.java:48) ~[junit-4.12.jar:4.12]
	at org.junit.rules.RunRules.evaluate(RunRules.java:20) ~[junit-4.12.jar:4.12]
	at org.junit.runners.ParentRunner.runLeaf(ParentRunner.java:325) ~[junit-4.12.jar:4.12]
	at org.junit.runners.BlockJUnit4ClassRunner.runChild(BlockJUnit4ClassRunner.java:78) ~[junit-4.12.jar:4.12]
	at org.junit.runners.BlockJUnit4ClassRunner.runChild(BlockJUnit4ClassRunner.java:57) ~[junit-4.12.jar:4.12]
	at org.junit.runners.ParentRunner$3.run(ParentRunner.java:290) ~[junit-4.12.jar:4.12]
	at org.junit.runners.ParentRunner$1.schedule(ParentRunner.java:71) ~[junit-4.12.jar:4.12]
	at org.junit.runners.ParentRunner.runChildren(ParentRunner.java:288) ~[junit-4.12.jar:4.12]
	at org.junit.runners.ParentRunner.access$000(ParentRunner.java:58) ~[junit-4.12.jar:4.12]
	at org.junit.runners.ParentRunner$2.evaluate(ParentRunner.java:268) ~[junit-4.12.jar:4.12]
	at org.junit.runners.ParentRunner.run(ParentRunner.java:363) ~[junit-4.12.jar:4.12]
	at org.apache.maven.surefire.junit4.JUnit4Provider.execute(JUnit4Provider.java:369) ~[surefire-junit4-2.20.1.jar:2.20.1]
	at org.apache.maven.surefire.junit4.JUnit4Provider.executeWithRerun(JUnit4Provider.java:275) ~[surefire-junit4-2.20.1.jar:2.20.1]
	at org.apache.maven.surefire.junit4.JUnit4Provider.executeTestSet(JUnit4Provider.java:239) ~[surefire-junit4-2.20.1.jar:2.20.1]
	at org.apache.maven.surefire.junit4.JUnit4Provider.invoke(JUnit4Provider.java:160) ~[surefire-junit4-2.20.1.jar:2.20.1]
	at org.apache.maven.surefire.booter.ForkedBooter.invokeProviderInSameClassLoader(ForkedBooter.java:373) ~[surefire-booter-2.20.1.jar:2.20.1]
	at org.apache.maven.surefire.booter.ForkedBooter.runSuitesInProcess(ForkedBooter.java:334) ~[surefire-booter-2.20.1.jar:2.20.1]
	at org.apache.maven.surefire.booter.ForkedBooter.execute(ForkedBooter.java:119) ~[surefire-booter-2.20.1.jar:2.20.1]
	at org.apache.maven.surefire.booter.ForkedBooter.main(ForkedBooter.java:407) ~[surefire-booter-2.20.1.jar:2.20.1]
[INFO] Tests run: 3, Failures: 0, Errors: 0, Skipped: 0, Time elapsed: 0.018 s - in org.sonar.java.model.VisitorsBridgeTest
[INFO] Running org.sonar.java.JavaSquidTest
10:59:13.482 INFO  org.sonar.java.JavaSquid - Java Main Files AST scan
10:59:13.482 INFO  org.sonar.squidbridge.ProgressReport - 1 source files to be analyzed
10:59:13.484 ERROR org.sonar.java.model.VisitorsBridge - Unable to create symbol table for : /tmp/junit6174549129120253000/junit7879605972841322594.tmp
java.lang.IllegalStateException: Registering class 2 times : A
	at com.google.common.base.Preconditions.checkState(Preconditions.java:199) ~[guava-19.0.jar:na]
	at org.sonar.java.resolve.BytecodeCompleter.registerClass(BytecodeCompleter.java:66) ~[classes/:na]
	at org.sonar.java.resolve.Resolve.registerClass(Resolve.java:85) ~[classes/:na]
	at org.sonar.java.resolve.FirstPass.visitClass(FirstPass.java:234) ~[classes/:na]
	at org.sonar.java.model.declaration.ClassTreeImpl.accept(ClassTreeImpl.java:202) ~[classes/:na]
	at org.sonar.plugins.java.api.tree.BaseTreeVisitor.scan(BaseTreeVisitor.java:40) ~[classes/:na]
	at org.sonar.plugins.java.api.tree.BaseTreeVisitor.scan(BaseTreeVisitor.java:34) ~[classes/:na]
	at org.sonar.java.resolve.FirstPass.visitCompilationUnit(FirstPass.java:126) ~[classes/:na]
	at org.sonar.java.resolve.SemanticModel.createFor(SemanticModel.java:65) ~[classes/:na]
	at org.sonar.java.model.VisitorsBridge.visitFile(VisitorsBridge.java:110) ~[classes/:na]
	at org.sonar.java.ast.JavaAstScanner.simpleScan(JavaAstScanner.java:96) [classes/:na]
	at org.sonar.java.ast.JavaAstScanner.scan(JavaAstScanner.java:68) [classes/:na]
	at org.sonar.java.JavaSquid.scanSources(JavaSquid.java:116) [classes/:na]
	at org.sonar.java.JavaSquid.scan(JavaSquid.java:110) [classes/:na]
	at org.sonar.java.JavaSquidTest.setupAnalysisError(JavaSquidTest.java:177) [test-classes/:na]
	at org.sonar.java.JavaSquidTest.semantic_errors_should_be_reported_to_sonarlint(JavaSquidTest.java:152) [test-classes/:na]
	at sun.reflect.NativeMethodAccessorImpl.invoke0(Native Method) ~[na:1.8.0_151]
	at sun.reflect.NativeMethodAccessorImpl.invoke(NativeMethodAccessorImpl.java:62) ~[na:1.8.0_151]
	at sun.reflect.DelegatingMethodAccessorImpl.invoke(DelegatingMethodAccessorImpl.java:43) ~[na:1.8.0_151]
	at java.lang.reflect.Method.invoke(Method.java:498) ~[na:1.8.0_151]
	at org.junit.runners.model.FrameworkMethod$1.runReflectiveCall(FrameworkMethod.java:50) [junit-4.12.jar:4.12]
	at org.junit.internal.runners.model.ReflectiveCallable.run(ReflectiveCallable.java:12) [junit-4.12.jar:4.12]
	at org.junit.runners.model.FrameworkMethod.invokeExplosively(FrameworkMethod.java:47) [junit-4.12.jar:4.12]
	at org.junit.internal.runners.statements.InvokeMethod.evaluate(InvokeMethod.java:17) [junit-4.12.jar:4.12]
	at org.junit.rules.ExternalResource$1.evaluate(ExternalResource.java:48) [junit-4.12.jar:4.12]
	at org.junit.rules.RunRules.evaluate(RunRules.java:20) [junit-4.12.jar:4.12]
	at org.junit.runners.ParentRunner.runLeaf(ParentRunner.java:325) [junit-4.12.jar:4.12]
	at org.junit.runners.BlockJUnit4ClassRunner.runChild(BlockJUnit4ClassRunner.java:78) [junit-4.12.jar:4.12]
	at org.junit.runners.BlockJUnit4ClassRunner.runChild(BlockJUnit4ClassRunner.java:57) [junit-4.12.jar:4.12]
	at org.junit.runners.ParentRunner$3.run(ParentRunner.java:290) [junit-4.12.jar:4.12]
	at org.junit.runners.ParentRunner$1.schedule(ParentRunner.java:71) [junit-4.12.jar:4.12]
	at org.junit.runners.ParentRunner.runChildren(ParentRunner.java:288) [junit-4.12.jar:4.12]
	at org.junit.runners.ParentRunner.access$000(ParentRunner.java:58) [junit-4.12.jar:4.12]
	at org.junit.runners.ParentRunner$2.evaluate(ParentRunner.java:268) [junit-4.12.jar:4.12]
	at org.junit.runners.ParentRunner.run(ParentRunner.java:363) [junit-4.12.jar:4.12]
	at org.apache.maven.surefire.junit4.JUnit4Provider.execute(JUnit4Provider.java:369) [surefire-junit4-2.20.1.jar:2.20.1]
	at org.apache.maven.surefire.junit4.JUnit4Provider.executeWithRerun(JUnit4Provider.java:275) [surefire-junit4-2.20.1.jar:2.20.1]
	at org.apache.maven.surefire.junit4.JUnit4Provider.executeTestSet(JUnit4Provider.java:239) [surefire-junit4-2.20.1.jar:2.20.1]
	at org.apache.maven.surefire.junit4.JUnit4Provider.invoke(JUnit4Provider.java:160) [surefire-junit4-2.20.1.jar:2.20.1]
	at org.apache.maven.surefire.booter.ForkedBooter.invokeProviderInSameClassLoader(ForkedBooter.java:373) [surefire-booter-2.20.1.jar:2.20.1]
	at org.apache.maven.surefire.booter.ForkedBooter.runSuitesInProcess(ForkedBooter.java:334) [surefire-booter-2.20.1.jar:2.20.1]
	at org.apache.maven.surefire.booter.ForkedBooter.execute(ForkedBooter.java:119) [surefire-booter-2.20.1.jar:2.20.1]
	at org.apache.maven.surefire.booter.ForkedBooter.main(ForkedBooter.java:407) [surefire-booter-2.20.1.jar:2.20.1]
10:59:13.484 INFO  org.sonar.java.JavaSquid - Java Main Files AST scan (done) | time=2ms
10:59:13.484 INFO  org.sonar.java.JavaSquid - Java Test Files AST scan
10:59:13.484 INFO  org.sonar.squidbridge.ProgressReport - 0 source files to be analyzed
10:59:13.485 INFO  org.sonar.squidbridge.ProgressReport - 1/1 source files have been analyzed
10:59:13.485 INFO  org.sonar.java.JavaSquid - Java Test Files AST scan (done) | time=1ms
10:59:13.488 INFO  org.sonar.java.JavaSquid - Java Main Files AST scan
10:59:13.488 INFO  org.sonar.squidbridge.ProgressReport - 1 source files to be analyzed
10:59:13.488 INFO  org.sonar.squidbridge.ProgressReport - 0/0 source files have been analyzed
10:59:13.488 ERROR org.sonar.java.ast.JavaAstScanner - Unable to parse source file : /tmp/junit3057471887622450464/junit4013011219077490718.tmp
10:59:13.488 ERROR org.sonar.java.ast.JavaAstScanner - Parse error at line 1 column 10:

1: class A {
            ^

10:59:13.489 INFO  org.sonar.java.JavaSquid - Java Main Files AST scan (done) | time=2ms
10:59:13.489 INFO  org.sonar.java.JavaSquid - Java Test Files AST scan
10:59:13.489 INFO  org.sonar.squidbridge.ProgressReport - 0 source files to be analyzed
10:59:13.489 INFO  org.sonar.squidbridge.ProgressReport - 1/1 source files have been analyzed
10:59:13.489 INFO  org.sonar.java.JavaSquid - Java Test Files AST scan (done) | time=0ms
10:59:13.491 INFO  org.sonar.java.JavaSquid - Java Main Files AST scan
10:59:13.491 INFO  org.sonar.squidbridge.ProgressReport - 1 source files to be analyzed
10:59:13.492 INFO  org.sonar.squidbridge.ProgressReport - 0/0 source files have been analyzed
10:59:13.504 INFO  org.sonar.java.JavaSquid - Java Main Files AST scan (done) | time=13ms
10:59:13.504 INFO  org.sonar.java.JavaSquid - Java Test Files AST scan
10:59:13.504 INFO  org.sonar.squidbridge.ProgressReport - 0 source files to be analyzed
10:59:13.504 INFO  org.sonar.java.JavaSquid - Java Test Files AST scan (done) | time=0ms
10:59:13.509 INFO  org.sonar.java.JavaSquid - Java Main Files AST scan
10:59:13.509 INFO  org.sonar.squidbridge.ProgressReport - 1 source files to be analyzed
10:59:13.504 INFO  org.sonar.squidbridge.ProgressReport - 1/1 source files have been analyzed
10:59:13.513 INFO  org.sonar.squidbridge.ProgressReport - 0/0 source files have been analyzed
10:59:13.513 ERROR org.sonar.java.ast.JavaAstScanner - Unable to parse source file : /tmp/junit6905882368273472915/junit7768459150614196988.tmp
10:59:13.513 ERROR org.sonar.java.ast.JavaAstScanner - Parse error at line 6 column 1:

1: /***/
2: class A {
3:  String foo() {
4:   return foo();
5:  }
6: 
   ^

10:59:13.514 INFO  org.sonar.java.JavaSquid - Java Main Files AST scan (done) | time=5ms
10:59:13.514 INFO  org.sonar.java.JavaSquid - Java Test Files AST scan
10:59:13.514 INFO  org.sonar.squidbridge.ProgressReport - 0 source files to be analyzed
10:59:13.514 INFO  org.sonar.squidbridge.ProgressReport - 1/1 source files have been analyzed
10:59:13.526 INFO  org.sonar.java.JavaSquid - Java Test Files AST scan (done) | time=12ms
10:59:13.529 INFO  org.sonar.java.JavaSquid - Java Main Files AST scan
10:59:13.529 INFO  org.sonar.squidbridge.ProgressReport - 1 source files to be analyzed
10:59:13.529 INFO  org.sonar.squidbridge.ProgressReport - 0/0 source files have been analyzed
10:59:13.531 ERROR org.sonar.java.model.VisitorsBridge - Unable to create symbol table for : /tmp/junit4919109717486608562/junit5437581162108309147.tmp
java.lang.IllegalStateException: Registering class 2 times : A
	at com.google.common.base.Preconditions.checkState(Preconditions.java:199) ~[guava-19.0.jar:na]
	at org.sonar.java.resolve.BytecodeCompleter.registerClass(BytecodeCompleter.java:66) ~[classes/:na]
	at org.sonar.java.resolve.Resolve.registerClass(Resolve.java:85) ~[classes/:na]
	at org.sonar.java.resolve.FirstPass.visitClass(FirstPass.java:234) ~[classes/:na]
	at org.sonar.java.model.declaration.ClassTreeImpl.accept(ClassTreeImpl.java:202) ~[classes/:na]
	at org.sonar.plugins.java.api.tree.BaseTreeVisitor.scan(BaseTreeVisitor.java:40) ~[classes/:na]
	at org.sonar.plugins.java.api.tree.BaseTreeVisitor.scan(BaseTreeVisitor.java:34) ~[classes/:na]
	at org.sonar.java.resolve.FirstPass.visitCompilationUnit(FirstPass.java:126) ~[classes/:na]
	at org.sonar.java.resolve.SemanticModel.createFor(SemanticModel.java:65) ~[classes/:na]
	at org.sonar.java.model.VisitorsBridge.visitFile(VisitorsBridge.java:110) ~[classes/:na]
	at org.sonar.java.ast.JavaAstScanner.simpleScan(JavaAstScanner.java:96) [classes/:na]
	at org.sonar.java.ast.JavaAstScanner.scan(JavaAstScanner.java:68) [classes/:na]
	at org.sonar.java.JavaSquid.scanSources(JavaSquid.java:116) [classes/:na]
	at org.sonar.java.JavaSquid.scan(JavaSquid.java:110) [classes/:na]
	at org.sonar.java.JavaSquidTest.collectAnalysisErrors(JavaSquidTest.java:138) [test-classes/:na]
	at org.sonar.java.JavaSquidTest.verify_analysis_errors_are_collected_on_semantic_error(JavaSquidTest.java:110) [test-classes/:na]
	at sun.reflect.NativeMethodAccessorImpl.invoke0(Native Method) ~[na:1.8.0_151]
	at sun.reflect.NativeMethodAccessorImpl.invoke(NativeMethodAccessorImpl.java:62) ~[na:1.8.0_151]
	at sun.reflect.DelegatingMethodAccessorImpl.invoke(DelegatingMethodAccessorImpl.java:43) ~[na:1.8.0_151]
	at java.lang.reflect.Method.invoke(Method.java:498) ~[na:1.8.0_151]
	at org.junit.runners.model.FrameworkMethod$1.runReflectiveCall(FrameworkMethod.java:50) [junit-4.12.jar:4.12]
	at org.junit.internal.runners.model.ReflectiveCallable.run(ReflectiveCallable.java:12) [junit-4.12.jar:4.12]
	at org.junit.runners.model.FrameworkMethod.invokeExplosively(FrameworkMethod.java:47) [junit-4.12.jar:4.12]
	at org.junit.internal.runners.statements.InvokeMethod.evaluate(InvokeMethod.java:17) [junit-4.12.jar:4.12]
	at org.junit.rules.ExternalResource$1.evaluate(ExternalResource.java:48) [junit-4.12.jar:4.12]
	at org.junit.rules.RunRules.evaluate(RunRules.java:20) [junit-4.12.jar:4.12]
	at org.junit.runners.ParentRunner.runLeaf(ParentRunner.java:325) [junit-4.12.jar:4.12]
	at org.junit.runners.BlockJUnit4ClassRunner.runChild(BlockJUnit4ClassRunner.java:78) [junit-4.12.jar:4.12]
	at org.junit.runners.BlockJUnit4ClassRunner.runChild(BlockJUnit4ClassRunner.java:57) [junit-4.12.jar:4.12]
	at org.junit.runners.ParentRunner$3.run(ParentRunner.java:290) [junit-4.12.jar:4.12]
	at org.junit.runners.ParentRunner$1.schedule(ParentRunner.java:71) [junit-4.12.jar:4.12]
	at org.junit.runners.ParentRunner.runChildren(ParentRunner.java:288) [junit-4.12.jar:4.12]
	at org.junit.runners.ParentRunner.access$000(ParentRunner.java:58) [junit-4.12.jar:4.12]
	at org.junit.runners.ParentRunner$2.evaluate(ParentRunner.java:268) [junit-4.12.jar:4.12]
	at org.junit.runners.ParentRunner.run(ParentRunner.java:363) [junit-4.12.jar:4.12]
	at org.apache.maven.surefire.junit4.JUnit4Provider.execute(JUnit4Provider.java:369) [surefire-junit4-2.20.1.jar:2.20.1]
	at org.apache.maven.surefire.junit4.JUnit4Provider.executeWithRerun(JUnit4Provider.java:275) [surefire-junit4-2.20.1.jar:2.20.1]
	at org.apache.maven.surefire.junit4.JUnit4Provider.executeTestSet(JUnit4Provider.java:239) [surefire-junit4-2.20.1.jar:2.20.1]
	at org.apache.maven.surefire.junit4.JUnit4Provider.invoke(JUnit4Provider.java:160) [surefire-junit4-2.20.1.jar:2.20.1]
	at org.apache.maven.surefire.booter.ForkedBooter.invokeProviderInSameClassLoader(ForkedBooter.java:373) [surefire-booter-2.20.1.jar:2.20.1]
	at org.apache.maven.surefire.booter.ForkedBooter.runSuitesInProcess(ForkedBooter.java:334) [surefire-booter-2.20.1.jar:2.20.1]
	at org.apache.maven.surefire.booter.ForkedBooter.execute(ForkedBooter.java:119) [surefire-booter-2.20.1.jar:2.20.1]
	at org.apache.maven.surefire.booter.ForkedBooter.main(ForkedBooter.java:407) [surefire-booter-2.20.1.jar:2.20.1]
10:59:13.532 INFO  org.sonar.java.JavaSquid - Java Main Files AST scan (done) | time=3ms
10:59:13.532 INFO  org.sonar.java.JavaSquid - Java Test Files AST scan
10:59:13.532 INFO  org.sonar.squidbridge.ProgressReport - 0 source files to be analyzed
10:59:13.532 INFO  org.sonar.squidbridge.ProgressReport - 1/1 source files have been analyzed
10:59:13.546 INFO  org.sonar.java.JavaSquid - Java Test Files AST scan (done) | time=14ms
10:59:13.546 INFO  org.sonar.squidbridge.ProgressReport - 0/0 source files have been analyzed
[INFO] Tests run: 5, Failures: 0, Errors: 0, Skipped: 0, Time elapsed: 0.072 s - in org.sonar.java.JavaSquidTest
[INFO] Running org.sonar.java.se.checks.InvariantReturnCheckTest
10:59:13.550 INFO  org.sonar.squidbridge.ProgressReport - 1 source files to be analyzed
10:59:13.814 INFO  org.sonar.squidbridge.ProgressReport - 1/1 source files have been analyzed
[INFO] Tests run: 1, Failures: 0, Errors: 0, Skipped: 0, Time elapsed: 0.263 s - in org.sonar.java.se.checks.InvariantReturnCheckTest
[INFO] Running org.sonar.java.ast.api.JavaTokenTypeTest
[INFO] Tests run: 1, Failures: 0, Errors: 0, Skipped: 0, Time elapsed: 0.001 s - in org.sonar.java.ast.api.JavaTokenTypeTest
[INFO] Running org.sonar.java.ast.parser.grammar.statements.EmptyStatementTest
[INFO] Tests run: 1, Failures: 0, Errors: 0, Skipped: 0, Time elapsed: 0.007 s - in org.sonar.java.ast.parser.grammar.statements.EmptyStatementTest
[INFO] Running org.sonar.java.collections.SinglyLinkedListTest
[INFO] Tests run: 8, Failures: 0, Errors: 0, Skipped: 0, Time elapsed: 0.009 s - in org.sonar.java.collections.SinglyLinkedListTest
[INFO] Running org.sonar.java.resolve.TypeAndReferenceSolverTest
[INFO] Tests run: 36, Failures: 0, Errors: 0, Skipped: 0, Time elapsed: 1.801 s - in org.sonar.java.resolve.TypeAndReferenceSolverTest
[INFO] Running org.sonar.java.bytecode.cfg.BytecodeCFGBuilderTest
[INFO] Tests run: 12, Failures: 0, Errors: 0, Skipped: 0, Time elapsed: 0.437 s - in org.sonar.java.bytecode.cfg.BytecodeCFGBuilderTest
[INFO] Running org.sonar.java.se.xproc.MethodYieldTest
[INFO] Tests run: 12, Failures: 0, Errors: 0, Skipped: 0, Time elapsed: 0.064 s - in org.sonar.java.se.xproc.MethodYieldTest
[INFO] Running org.sonar.java.ast.parser.grammar.units.ModuleDeclarationTest
[INFO] Tests run: 1, Failures: 0, Errors: 0, Skipped: 0, Time elapsed: 0.003 s - in org.sonar.java.ast.parser.grammar.units.ModuleDeclarationTest
[INFO] Running org.sonar.java.resolve.ConstantTest
10:59:16.156 INFO  org.sonar.squidbridge.ProgressReport - 1 source files to be analyzed
[INFO] Tests run: 1, Failures: 0, Errors: 0, Skipped: 0, Time elapsed: 0.014 s - in org.sonar.java.resolve.ConstantTest
[INFO] Running org.sonar.java.ast.parser.grammar.literals.KeywordTest
[INFO] Tests run: 1, Failures: 0, Errors: 0, Skipped: 0, Time elapsed: 0.004 s - in org.sonar.java.ast.parser.grammar.literals.KeywordTest
[INFO] Running org.sonar.java.ast.parser.grammar.enums.EnumConstantTest
[INFO] Tests run: 2, Failures: 0, Errors: 0, Skipped: 0, Time elapsed: 0.004 s - in org.sonar.java.ast.parser.grammar.enums.EnumConstantTest
[INFO] Running org.sonar.java.resolve.SafetyNetTest
10:59:16.189 INFO  org.sonar.squidbridge.ProgressReport - 1/1 source files have been analyzed
[INFO] Tests run: 1, Failures: 0, Errors: 0, Skipped: 0, Time elapsed: 14.299 s - in org.sonar.java.resolve.SafetyNetTest
[INFO] Running org.sonar.java.xml.XmlAnalyzerTest
10:59:30.490 WARN  org.sonar.java.xml.XmlAnalyzer - No 'xml' file have been indexed.
10:59:30.492 INFO  org.sonar.squidbridge.ProgressReport - 1 source files to be analyzed
10:59:30.548 INFO  org.sonar.squidbridge.ProgressReport - 1/1 source files have been analyzed
10:59:30.552 INFO  org.sonar.squidbridge.ProgressReport - 1 source files to be analyzed
10:59:30.556 INFO  org.sonar.squidbridge.ProgressReport - 1 source files to be analyzed
10:59:30.611 INFO  org.sonar.squidbridge.ProgressReport - 1/1 source files have been analyzed
10:59:30.614 INFO  org.sonar.squidbridge.ProgressReport - 1 source files to be analyzed
10:59:30.683 INFO  org.sonar.squidbridge.ProgressReport - 1/1 source files have been analyzed
10:59:30.686 INFO  org.sonar.squidbridge.ProgressReport - 1 source files to be analyzed
10:59:30.741 INFO  org.sonar.squidbridge.ProgressReport - 1/1 source files have been analyzed
10:59:30.744 INFO  org.sonar.squidbridge.ProgressReport - 1 source files to be analyzed
10:59:30.748 INFO  org.sonar.squidbridge.ProgressReport - 0 source files to be analyzed
10:59:30.751 INFO  org.sonar.squidbridge.ProgressReport - 1/1 source files have been analyzed
10:59:30.753 INFO  org.sonar.squidbridge.ProgressReport - 1 source files to be analyzed
10:59:30.756 INFO  org.sonar.squidbridge.ProgressReport - 0/0 source files have been analyzed
10:59:30.805 INFO  org.sonar.squidbridge.ProgressReport - 1/1 source files have been analyzed
10:59:30.806 INFO  org.sonar.squidbridge.ProgressReport - 1 source files to be analyzed
10:59:30.862 INFO  org.sonar.squidbridge.ProgressReport - 1/1 source files have been analyzed
10:59:30.864 INFO  org.sonar.squidbridge.ProgressReport - 1 source files to be analyzed
10:59:30.868 ERROR org.sonar.java.xml.XmlParser - Unable to parse xml file: src/test/files/xml/maven/parse-issue/pom.xml
[INFO] Tests run: 11, Failures: 0, Errors: 0, Skipped: 0, Time elapsed: 0.383 s - in org.sonar.java.xml.XmlAnalyzerTest
10:59:30.870 INFO  org.sonar.squidbridge.ProgressReport - 1/1 source files have been analyzed
[INFO] Running org.sonar.java.ast.parser.grammar.statements.BlockTest
[INFO] Tests run: 1, Failures: 0, Errors: 0, Skipped: 0, Time elapsed: 0.003 s - in org.sonar.java.ast.parser.grammar.statements.BlockTest
[INFO] Running org.sonar.java.xml.XmlCheckUtilsTest
[INFO] Tests run: 5, Failures: 0, Errors: 0, Skipped: 0, Time elapsed: 0.009 s - in org.sonar.java.xml.XmlCheckUtilsTest
[INFO] Running org.sonar.java.ast.api.JavaRestrictedKeywordTest
[INFO] Tests run: 1, Failures: 0, Errors: 0, Skipped: 0, Time elapsed: 0.002 s - in org.sonar.java.ast.api.JavaRestrictedKeywordTest
[INFO] Running org.sonar.java.se.ProgramStateTest
[INFO] Tests run: 14, Failures: 0, Errors: 0, Skipped: 0, Time elapsed: 0.005 s - in org.sonar.java.se.ProgramStateTest
[INFO] Running org.sonar.java.ast.parser.grammar.statements.IfStatementTest
[INFO] Tests run: 1, Failures: 0, Errors: 0, Skipped: 0, Time elapsed: 0.004 s - in org.sonar.java.ast.parser.grammar.statements.IfStatementTest
[INFO] Running org.sonar.java.ast.visitors.ComplexityVisitorTest
[INFO] Tests run: 3, Failures: 0, Errors: 0, Skipped: 0, Time elapsed: 0.007 s - in org.sonar.java.ast.visitors.ComplexityVisitorTest
[INFO] Running org.sonar.java.resolve.TypeInferenceSolverTest
[INFO] Tests run: 5, Failures: 0, Errors: 0, Skipped: 0, Time elapsed: 0.02 s - in org.sonar.java.resolve.TypeInferenceSolverTest
[INFO] Running org.sonar.java.resolve.SymbolsTest
[INFO] Tests run: 4, Failures: 0, Errors: 0, Skipped: 0, Time elapsed: 0.004 s - in org.sonar.java.resolve.SymbolsTest
[INFO] Running org.sonar.java.model.LiteralUtilsTest
[INFO] Tests run: 13, Failures: 0, Errors: 0, Skipped: 0, Time elapsed: 0.083 s - in org.sonar.java.model.LiteralUtilsTest
[INFO] Running org.sonar.java.model.declaration.ExportsDirectiveTreeImplTest
[INFO] Tests run: 3, Failures: 0, Errors: 0, Skipped: 0, Time elapsed: 0.011 s - in org.sonar.java.model.declaration.ExportsDirectiveTreeImplTest
[INFO] Running org.sonar.java.matcher.MethodMatcherFactoryTest
10:59:31.052 INFO  org.sonar.squidbridge.ProgressReport - 1 source files to be analyzed
10:59:31.070 INFO  org.sonar.squidbridge.ProgressReport - 1 source files to be analyzed
10:59:31.071 INFO  org.sonar.squidbridge.ProgressReport - 1/1 source files have been analyzed
10:59:31.082 INFO  org.sonar.squidbridge.ProgressReport - 1 source files to be analyzed
10:59:31.084 INFO  org.sonar.squidbridge.ProgressReport - 1/1 source files have been analyzed
[INFO] Tests run: 4, Failures: 0, Errors: 0, Skipped: 0, Time elapsed: 0.04 s - in org.sonar.java.matcher.MethodMatcherFactoryTest
[INFO] Running org.sonar.java.se.checks.RedundantAssignmentsCheckTest
10:59:31.099 INFO  org.sonar.squidbridge.ProgressReport - 1 source files to be analyzed
10:59:31.101 INFO  org.sonar.squidbridge.ProgressReport - 1/1 source files have been analyzed
10:59:31.135 INFO  org.sonar.squidbridge.ProgressReport - 1/1 source files have been analyzed
[INFO] Tests run: 1, Failures: 0, Errors: 0, Skipped: 0, Time elapsed: 0.042 s - in org.sonar.java.se.checks.RedundantAssignmentsCheckTest
[INFO] Running org.sonar.java.bytecode.se.BytecodeEGWalkerTest
[INFO] Tests run: 18, Failures: 0, Errors: 0, Skipped: 0, Time elapsed: 1.126 s - in org.sonar.java.bytecode.se.BytecodeEGWalkerTest
[INFO] Running org.sonar.java.CommonsCollectionsTest
10:59:32.275 INFO  org.sonar.java.JavaSquid - Java Main Files AST scan
10:59:32.276 INFO  org.sonar.squidbridge.ProgressReport - 273 source files to be analyzed
10:59:35.709 INFO  org.sonar.java.JavaSquid - Java Main Files AST scan (done) | time=3434ms
10:59:35.710 INFO  org.sonar.squidbridge.ProgressReport - 273/273 source files have been analyzed
10:59:35.710 INFO  org.sonar.java.JavaSquid - Java Test Files AST scan
10:59:35.711 INFO  org.sonar.squidbridge.ProgressReport - 0 source files to be analyzed
10:59:35.714 INFO  org.sonar.java.JavaSquid - Java Test Files AST scan (done) | time=4ms
[INFO] Tests run: 1, Failures: 0, Errors: 0, Skipped: 0, Time elapsed: 3.456 s - in org.sonar.java.CommonsCollectionsTest
[INFO] Running org.sonar.java.ast.parser.grammar.statements.SwitchBlockStatementGroupTest
[INFO] Tests run: 1, Failures: 0, Errors: 0, Skipped: 0, Time elapsed: 0.004 s - in org.sonar.java.ast.parser.grammar.statements.SwitchBlockStatementGroupTest
[INFO] Running org.sonar.java.resolve.MethodJavaSymbolTest
10:59:35.738 INFO  org.sonar.squidbridge.ProgressReport - 1 source files to be analyzed
10:59:35.740 INFO  org.sonar.squidbridge.ProgressReport - 0/0 source files have been analyzed
10:59:35.749 INFO  org.sonar.squidbridge.ProgressReport - 1/1 source files have been analyzed
10:59:35.753 INFO  org.sonar.squidbridge.ProgressReport - 1 source files to be analyzed
10:59:35.760 INFO  org.sonar.squidbridge.ProgressReport - 1/1 source files have been analyzed
10:59:35.763 INFO  org.sonar.squidbridge.ProgressReport - 1 source files to be analyzed
10:59:35.772 INFO  org.sonar.squidbridge.ProgressReport - 1/1 source files have been analyzed
10:59:35.773 INFO  org.sonar.squidbridge.ProgressReport - 1 source files to be analyzed
10:59:35.779 INFO  org.sonar.squidbridge.ProgressReport - 1/1 source files have been analyzed
10:59:35.781 INFO  org.sonar.squidbridge.ProgressReport - 1 source files to be analyzed
[INFO] Tests run: 5, Failures: 0, Errors: 0, Skipped: 0, Time elapsed: 0.053 s - in org.sonar.java.resolve.MethodJavaSymbolTest
[INFO] Running org.sonar.java.ast.parser.grammar.types.TypeParameterTest
[INFO] Tests run: 1, Failures: 0, Errors: 0, Skipped: 0, Time elapsed: 0 s - in org.sonar.java.ast.parser.grammar.types.TypeParameterTest
[INFO] Running org.sonar.java.xml.XPathXmlCheckTest
10:59:35.793 INFO  org.sonar.squidbridge.ProgressReport - 1/1 source files have been analyzed
[INFO] Tests run: 4, Failures: 0, Errors: 0, Skipped: 0, Time elapsed: 0.037 s - in org.sonar.java.xml.XPathXmlCheckTest
[INFO] Running org.sonar.java.se.xproc.HappyPathYieldTest
[INFO] Tests run: 3, Failures: 0, Errors: 0, Skipped: 0, Time elapsed: 0.009 s - in org.sonar.java.se.xproc.HappyPathYieldTest
[INFO] Running org.sonar.java.model.DefaultJavaFileScannerContextTest
[INFO] Tests run: 5, Failures: 0, Errors: 0, Skipped: 0, Time elapsed: 0.01 s - in org.sonar.java.model.DefaultJavaFileScannerContextTest
[INFO] Running org.sonar.java.JavaTestClasspathTest
10:59:35.881 INFO  org.sonar.java.JavaTestClasspath - JavaTestClasspath initialization
10:59:35.885 WARN  org.sonar.java.JavaTestClasspath - Bytecode of dependencies was not provided for analysis of test files, you might end up with less precise results. Bytecode can be provided using sonar.java.test.libraries property
10:59:35.885 INFO  org.sonar.java.JavaTestClasspath - JavaTestClasspath initialization (done) | time=4ms
10:59:35.885 INFO  org.sonar.java.JavaTestClasspath - JavaTestClasspath initialization
10:59:35.891 INFO  org.sonar.java.JavaTestClasspath - JavaTestClasspath initialization (done) | time=6ms
10:59:35.892 INFO  org.sonar.java.JavaTestClasspath - JavaTestClasspath initialization
10:59:35.894 ERROR org.sonar.java.AbstractJavaClasspath - Invalid value for sonar.java.test.libraries
10:59:35.894 INFO  org.sonar.java.JavaTestClasspath - JavaTestClasspath initialization
10:59:35.894 INFO  org.sonar.java.JavaTestClasspath - JavaTestClasspath initialization (done) | time=0ms
[INFO] Tests run: 5, Failures: 0, Errors: 0, Skipped: 0, Time elapsed: 0.043 s - in org.sonar.java.JavaTestClasspathTest
[INFO] Running org.sonar.java.ast.parser.grammar.statements.WhileStatementTest
[INFO] Tests run: 1, Failures: 0, Errors: 0, Skipped: 0, Time elapsed: 0.002 s - in org.sonar.java.ast.parser.grammar.statements.WhileStatementTest
[INFO] Running org.sonar.java.se.checks.CustomUnclosedResourcesCheckTest
10:59:35.899 INFO  org.sonar.squidbridge.ProgressReport - 1 source files to be analyzed
10:59:35.912 INFO  org.sonar.squidbridge.ProgressReport - 1/1 source files have been analyzed
10:59:35.915 INFO  org.sonar.squidbridge.ProgressReport - 1 source files to be analyzed
10:59:35.929 INFO  org.sonar.squidbridge.ProgressReport - 1 source files to be analyzed
10:59:35.929 INFO  org.sonar.squidbridge.ProgressReport - 1/1 source files have been analyzed
10:59:35.941 INFO  org.sonar.squidbridge.ProgressReport - 1/1 source files have been analyzed
10:59:35.944 INFO  org.sonar.squidbridge.ProgressReport - 1 source files to be analyzed
10:59:35.957 INFO  org.sonar.squidbridge.ProgressReport - 1/1 source files have been analyzed
10:59:35.959 INFO  org.sonar.squidbridge.ProgressReport - 1 source files to be analyzed
10:59:35.970 INFO  org.sonar.squidbridge.ProgressReport - 1 source files to be analyzed
10:59:35.971 INFO  org.sonar.squidbridge.ProgressReport - 1/1 source files have been analyzed
10:59:35.980 INFO  org.sonar.squidbridge.ProgressReport - 1/1 source files have been analyzed
10:59:35.982 INFO  org.sonar.squidbridge.ProgressReport - 1 source files to be analyzed
[INFO] Tests run: 7, Failures: 0, Errors: 0, Skipped: 0, Time elapsed: 0.092 s - in org.sonar.java.se.checks.CustomUnclosedResourcesCheckTest
[INFO] Running org.sonar.java.ast.visitors.SyntaxHighlighterVisitorTest
10:59:35.997 INFO  org.sonar.java.JavaSquid - Java Main Files AST scan
10:59:35.997 INFO  org.sonar.squidbridge.ProgressReport - 1 source files to be analyzed
10:59:35.997 INFO  org.sonar.squidbridge.ProgressReport - 1/1 source files have been analyzed
10:59:36.006 INFO  org.sonar.java.JavaSquid - Java Main Files AST scan (done) | time=9ms
10:59:36.006 INFO  org.sonar.java.JavaSquid - Java Test Files AST scan
10:59:36.006 INFO  org.sonar.squidbridge.ProgressReport - 0 source files to be analyzed
10:59:36.006 INFO  org.sonar.squidbridge.ProgressReport - 1/1 source files have been analyzed
10:59:36.006 INFO  org.sonar.java.JavaSquid - Java Test Files AST scan (done) | time=0ms
10:59:36.010 INFO  org.sonar.java.JavaSquid - Java Main Files AST scan
10:59:36.010 INFO  org.sonar.squidbridge.ProgressReport - 1 source files to be analyzed
10:59:36.011 INFO  org.sonar.squidbridge.ProgressReport - 0/0 source files have been analyzed
10:59:36.035 INFO  org.sonar.java.JavaSquid - Java Main Files AST scan (done) | time=25ms
10:59:36.035 INFO  org.sonar.squidbridge.ProgressReport - 1/1 source files have been analyzed
10:59:36.037 INFO  org.sonar.java.JavaSquid - Java Test Files AST scan
10:59:36.039 INFO  org.sonar.squidbridge.ProgressReport - 0 source files to be analyzed
10:59:36.043 INFO  org.sonar.java.JavaSquid - Java Test Files AST scan (done) | time=6ms
10:59:36.047 INFO  org.sonar.java.JavaSquid - Java Main Files AST scan
10:59:36.049 INFO  org.sonar.squidbridge.ProgressReport - 1 source files to be analyzed
10:59:36.054 INFO  org.sonar.squidbridge.ProgressReport - 0/0 source files have been analyzed
10:59:36.056 ERROR org.sonar.java.ast.JavaAstScanner - Unable to parse source file : /tmp/junit8838506063103569373/junit5478434755517205281.tmp
10:59:36.056 ERROR org.sonar.java.ast.JavaAstScanner - Parse error at line 1 column 1:

1: ParseError
   ^

10:59:36.057 INFO  org.sonar.java.JavaSquid - Java Main Files AST scan (done) | time=10ms
10:59:36.057 INFO  org.sonar.java.JavaSquid - Java Test Files AST scan
10:59:36.057 INFO  org.sonar.squidbridge.ProgressReport - 0 source files to be analyzed
10:59:36.062 INFO  org.sonar.squidbridge.ProgressReport - 1/1 source files have been analyzed
10:59:36.069 INFO  org.sonar.java.JavaSquid - Java Test Files AST scan (done) | time=12ms
10:59:36.073 INFO  org.sonar.java.JavaSquid - Java Main Files AST scan
10:59:36.074 INFO  org.sonar.squidbridge.ProgressReport - 1 source files to be analyzed
10:59:36.074 INFO  org.sonar.squidbridge.ProgressReport - 0/0 source files have been analyzed
10:59:36.084 INFO  org.sonar.java.JavaSquid - Java Main Files AST scan (done) | time=11ms
10:59:36.084 INFO  org.sonar.java.JavaSquid - Java Test Files AST scan
10:59:36.085 INFO  org.sonar.squidbridge.ProgressReport - 0 source files to be analyzed
10:59:36.085 INFO  org.sonar.squidbridge.ProgressReport - 1/1 source files have been analyzed
10:59:36.085 INFO  org.sonar.java.JavaSquid - Java Test Files AST scan (done) | time=1ms
10:59:36.091 INFO  org.sonar.java.JavaSquid - Java Main Files AST scan
10:59:36.091 INFO  org.sonar.squidbridge.ProgressReport - 1 source files to be analyzed
10:59:36.092 INFO  org.sonar.squidbridge.ProgressReport - 0/0 source files have been analyzed
10:59:36.117 INFO  org.sonar.squidbridge.ProgressReport - 1/1 source files have been analyzed
10:59:36.117 INFO  org.sonar.java.JavaSquid - Java Main Files AST scan (done) | time=26ms
10:59:36.117 INFO  org.sonar.java.JavaSquid - Java Test Files AST scan
10:59:36.117 INFO  org.sonar.squidbridge.ProgressReport - 0 source files to be analyzed
10:59:36.118 INFO  org.sonar.java.JavaSquid - Java Test Files AST scan (done) | time=1ms
10:59:36.123 INFO  org.sonar.java.JavaSquid - Java Main Files AST scan
10:59:36.123 INFO  org.sonar.squidbridge.ProgressReport - 1 source files to be analyzed
10:59:36.125 INFO  org.sonar.squidbridge.ProgressReport - 0/0 source files have been analyzed
10:59:36.128 INFO  org.sonar.java.JavaSquid - Java Main Files AST scan (done) | time=5ms
10:59:36.128 INFO  org.sonar.java.JavaSquid - Java Test Files AST scan
10:59:36.128 INFO  org.sonar.squidbridge.ProgressReport - 0 source files to be analyzed
10:59:36.132 INFO  org.sonar.squidbridge.ProgressReport - 1/1 source files have been analyzed
10:59:36.132 INFO  org.sonar.java.JavaSquid - Java Test Files AST scan (done) | time=4ms
10:59:36.137 INFO  org.sonar.java.JavaSquid - Java Main Files AST scan
10:59:36.137 INFO  org.sonar.squidbridge.ProgressReport - 1 source files to be analyzed
10:59:36.138 INFO  org.sonar.squidbridge.ProgressReport - 0/0 source files have been analyzed
10:59:36.147 INFO  org.sonar.java.JavaSquid - Java Main Files AST scan (done) | time=10ms
10:59:36.147 INFO  org.sonar.java.JavaSquid - Java Test Files AST scan
10:59:36.148 INFO  org.sonar.squidbridge.ProgressReport - 0 source files to be analyzed
10:59:36.149 INFO  org.sonar.squidbridge.ProgressReport - 1/1 source files have been analyzed
10:59:36.149 INFO  org.sonar.java.JavaSquid - Java Test Files AST scan (done) | time=2ms
[INFO] Tests run: 7, Failures: 0, Errors: 0, Skipped: 0, Time elapsed: 0.162 s - in org.sonar.java.ast.visitors.SyntaxHighlighterVisitorTest
[INFO] Running org.sonar.java.JavaClasspathTest
10:59:36.151 INFO  org.sonar.java.JavaClasspath - JavaClasspath initialization
10:59:36.152 ERROR org.sonar.java.AbstractJavaClasspath - Invalid value for sonar.java.libraries
10:59:36.152 INFO  org.sonar.java.JavaClasspath - JavaClasspath initialization
10:59:36.154 INFO  org.sonar.java.JavaClasspath - JavaClasspath initialization (done) | time=2ms
10:59:36.156 INFO  org.sonar.java.JavaClasspath - JavaClasspath initialization
10:59:36.162 INFO  org.sonar.squidbridge.ProgressReport - 0/0 source files have been analyzed
10:59:36.193 INFO  org.sonar.java.JavaClasspath - JavaClasspath initialization (done) | time=37ms
10:59:36.195 INFO  org.sonar.java.JavaClasspath - JavaClasspath initialization
10:59:36.197 INFO  org.sonar.java.JavaClasspath - JavaClasspath initialization (done) | time=2ms
10:59:36.198 INFO  org.sonar.java.JavaClasspath - JavaClasspath initialization
10:59:36.198 WARN  org.sonar.java.JavaClasspath - Bytecode of dependencies was not provided for analysis of source files, you might end up with less precise results. Bytecode can be provided using sonar.java.libraries property
10:59:36.198 INFO  org.sonar.java.JavaClasspath - JavaClasspath initialization (done) | time=0ms
10:59:36.202 INFO  org.sonar.java.JavaClasspath - JavaClasspath initialization
10:59:36.218 INFO  org.sonar.java.JavaClasspath - JavaClasspath initialization (done) | time=16ms
10:59:36.218 INFO  org.sonar.java.JavaClasspath - JavaClasspath initialization
10:59:36.219 INFO  org.sonar.java.JavaClasspath - JavaClasspath initialization (done) | time=1ms
10:59:36.219 INFO  org.sonar.java.JavaClasspath - JavaClasspath initialization
10:59:36.220 INFO  org.sonar.java.JavaClasspath - JavaClasspath initialization (done) | time=1ms
10:59:36.220 INFO  org.sonar.java.JavaClasspath - JavaClasspath initialization
10:59:36.220 WARN  org.sonar.java.JavaClasspath - Bytecode of dependencies was not provided for analysis of source files, you might end up with less precise results. Bytecode can be provided using sonar.java.libraries property
10:59:36.220 INFO  org.sonar.java.JavaClasspath - JavaClasspath initialization (done) | time=0ms
10:59:36.221 INFO  org.sonar.java.JavaClasspath - JavaClasspath initialization
10:59:36.221 INFO  org.sonar.java.JavaClasspath - JavaClasspath initialization (done) | time=0ms
10:59:36.221 INFO  org.sonar.java.JavaClasspath - JavaClasspath initialization
10:59:36.222 INFO  org.sonar.java.JavaClasspath - JavaClasspath initialization (done) | time=1ms
10:59:36.222 INFO  org.sonar.java.JavaClasspath - JavaClasspath initialization
10:59:36.222 INFO  org.sonar.java.JavaClasspath - JavaClasspath initialization (done) | time=0ms
10:59:36.222 INFO  org.sonar.java.JavaClasspath - JavaClasspath initialization
10:59:36.223 INFO  org.sonar.java.JavaClasspath - JavaClasspath initialization (done) | time=1ms
10:59:36.223 INFO  org.sonar.java.JavaClasspath - JavaClasspath initialization
10:59:36.224 INFO  org.sonar.java.JavaClasspath - JavaClasspath initialization (done) | time=1ms
10:59:36.224 INFO  org.sonar.java.JavaClasspath - JavaClasspath initialization
10:59:36.224 ERROR org.sonar.java.AbstractJavaClasspath - Invalid value for sonar.java.libraries
10:59:36.225 INFO  org.sonar.java.JavaClasspath - JavaClasspath initialization
10:59:36.225 INFO  org.sonar.java.JavaClasspath - JavaClasspath initialization (done) | time=0ms
10:59:36.225 INFO  org.sonar.java.JavaClasspath - JavaClasspath initialization
10:59:36.225 INFO  org.sonar.java.JavaClasspath - JavaClasspath initialization (done) | time=0ms
10:59:36.226 INFO  org.sonar.java.JavaClasspath - JavaClasspath initialization
10:59:36.227 INFO  org.sonar.java.JavaClasspath - JavaClasspath initialization (done) | time=1ms
10:59:36.227 INFO  org.sonar.java.JavaClasspath - JavaClasspath initialization
10:59:36.227 ERROR org.sonar.java.AbstractJavaClasspath - Invalid value for sonar.java.binaries
10:59:36.227 INFO  org.sonar.java.JavaClasspath - JavaClasspath initialization
10:59:36.228 INFO  org.sonar.java.JavaClasspath - JavaClasspath initialization
10:59:36.228 INFO  org.sonar.java.JavaClasspath - JavaClasspath initialization (done) | time=0ms
10:59:36.228 INFO  org.sonar.java.JavaClasspath - JavaClasspath initialization
10:59:36.229 WARN  org.sonar.java.JavaClasspath - Bytecode of dependencies was not provided for analysis of source files, you might end up with less precise results. Bytecode can be provided using sonar.java.libraries property
10:59:36.229 INFO  org.sonar.java.JavaClasspath - JavaClasspath initialization (done) | time=1ms
10:59:36.229 INFO  org.sonar.java.JavaClasspath - JavaClasspath initialization
10:59:36.229 INFO  org.sonar.java.JavaClasspath - JavaClasspath initialization (done) | time=0ms
10:59:36.229 INFO  org.sonar.java.JavaClasspath - JavaClasspath initialization
10:59:36.230 INFO  org.sonar.java.JavaClasspath - JavaClasspath initialization
10:59:36.230 WARN  org.sonar.java.JavaClasspath - Bytecode of dependencies was not provided for analysis of source files, you might end up with less precise results. Bytecode can be provided using sonar.java.libraries property
10:59:36.230 INFO  org.sonar.java.JavaClasspath - JavaClasspath initialization (done) | time=0ms
10:59:36.230 INFO  org.sonar.java.JavaClasspath - JavaClasspath initialization
10:59:36.230 WARN  org.sonar.java.JavaClasspath - sonar.java.binaries is empty, please double check your configuration
10:59:36.230 WARN  org.sonar.java.JavaClasspath - Bytecode of dependencies was not provided for analysis of source files, you might end up with less precise results. Bytecode can be provided using sonar.java.libraries property
10:59:36.230 INFO  org.sonar.java.JavaClasspath - JavaClasspath initialization (done) | time=0ms
10:59:36.231 INFO  org.sonar.java.JavaClasspath - JavaClasspath initialization
10:59:36.231 INFO  org.sonar.java.JavaClasspath - JavaClasspath initialization (done) | time=0ms
10:59:36.246 INFO  org.sonar.java.JavaClasspath - JavaClasspath initialization
10:59:36.246 INFO  org.sonar.java.JavaClasspath - JavaClasspath initialization (done) | time=0ms
10:59:36.247 INFO  org.sonar.java.JavaClasspath - JavaClasspath initialization
10:59:36.247 INFO  org.sonar.java.JavaClasspath - JavaClasspath initialization
10:59:36.247 INFO  org.sonar.java.JavaClasspath - JavaClasspath initialization (done) | time=0ms
[INFO] Tests run: 29, Failures: 0, Errors: 0, Skipped: 0, Time elapsed: 0.093 s - in org.sonar.java.JavaClasspathTest
[INFO] Running org.sonar.java.ast.parser.grammar.enums.EnumDeclarationTest
[INFO] Tests run: 2, Failures: 0, Errors: 0, Skipped: 0, Time elapsed: 0.002 s - in org.sonar.java.ast.parser.grammar.enums.EnumDeclarationTest
[INFO] Running org.sonar.java.ast.parser.grammar.types.TypeArgumentsTest
[INFO] Tests run: 1, Failures: 0, Errors: 0, Skipped: 0, Time elapsed: 0.002 s - in org.sonar.java.ast.parser.grammar.types.TypeArgumentsTest
[INFO] Running org.sonar.java.ast.parser.grammar.statements.LabeledStatementTest
[INFO] Tests run: 1, Failures: 0, Errors: 0, Skipped: 0, Time elapsed: 0.001 s - in org.sonar.java.ast.parser.grammar.statements.LabeledStatementTest
[INFO] Running org.sonar.java.model.statement.ContinueStatementTreeImplTest
[INFO] Tests run: 2, Failures: 0, Errors: 0, Skipped: 0, Time elapsed: 0.001 s - in org.sonar.java.model.statement.ContinueStatementTreeImplTest
[INFO] Running org.sonar.java.ast.parser.grammar.statements.SwitchLabelTest
[INFO] Tests run: 1, Failures: 0, Errors: 0, Skipped: 0, Time elapsed: 0.002 s - in org.sonar.java.ast.parser.grammar.statements.SwitchLabelTest
[INFO] Running org.sonar.java.ast.parser.grammar.statements.BreakStatementTest
[INFO] Tests run: 1, Failures: 0, Errors: 0, Skipped: 0, Time elapsed: 0.001 s - in org.sonar.java.ast.parser.grammar.statements.BreakStatementTest
[INFO] Running org.sonar.java.model.declaration.ProvidesDirectiveTreeImplTest
[INFO] Tests run: 2, Failures: 0, Errors: 0, Skipped: 0, Time elapsed: 0.029 s - in org.sonar.java.model.declaration.ProvidesDirectiveTreeImplTest
[INFO] Running org.sonar.java.se.constraint.ConstraintTest
[INFO] Tests run: 2, Failures: 0, Errors: 0, Skipped: 0, Time elapsed: 0 s - in org.sonar.java.se.constraint.ConstraintTest
[INFO] Running org.sonar.java.se.checks.debug.DebugInterruptedExecutionCheckTest
10:59:36.298 INFO  org.sonar.squidbridge.ProgressReport - 1 source files to be analyzed
[INFO] Tests run: 1, Failures: 0, Errors: 0, Skipped: 0, Time elapsed: 0.024 s - in org.sonar.java.se.checks.debug.DebugInterruptedExecutionCheckTest
[INFO] Running org.sonar.java.resolve.LeastUpperBoundTest
10:59:36.322 INFO  org.sonar.squidbridge.ProgressReport - 1/1 source files have been analyzed
[INFO] Tests run: 19, Failures: 0, Errors: 0, Skipped: 0, Time elapsed: 0.19 s - in org.sonar.java.resolve.LeastUpperBoundTest
[INFO] Running org.sonar.java.JavaFilesCacheTest
10:59:36.513 INFO  org.sonar.squidbridge.ProgressReport - 1 source files to be analyzed
10:59:36.525 INFO  org.sonar.squidbridge.ProgressReport - 1/1 source files have been analyzed
[INFO] Tests run: 1, Failures: 0, Errors: 0, Skipped: 0, Time elapsed: 0.014 s - in org.sonar.java.JavaFilesCacheTest
[INFO] Running org.sonar.java.cfg.LiveVariablesTest
[INFO] Tests run: 10, Failures: 0, Errors: 0, Skipped: 0, Time elapsed: 0.118 s - in org.sonar.java.cfg.LiveVariablesTest
[INFO] Running org.sonar.java.ast.parser.grammar.statements.DoStatementTest
[INFO] Tests run: 1, Failures: 0, Errors: 0, Skipped: 0, Time elapsed: 0 s - in org.sonar.java.ast.parser.grammar.statements.DoStatementTest
[INFO] Running org.sonar.plugins.java.api.CheckRegistrarTest
[INFO] Tests run: 1, Failures: 0, Errors: 0, Skipped: 0, Time elapsed: 0 s - in org.sonar.plugins.java.api.CheckRegistrarTest
[INFO] Running org.sonar.java.resolve.Java10SemanticTest
[INFO] Tests run: 14, Failures: 0, Errors: 0, Skipped: 0, Time elapsed: 0.117 s - in org.sonar.java.resolve.Java10SemanticTest
[INFO] Running org.sonar.java.se.ExpectationsParserTest
[INFO] Tests run: 19, Failures: 0, Errors: 0, Skipped: 0, Time elapsed: 0.012 s - in org.sonar.java.se.ExpectationsParserTest
[INFO] Running org.sonar.java.resolve.ImportResolutionTest
[INFO] Tests run: 12, Failures: 0, Errors: 0, Skipped: 0, Time elapsed: 0.209 s - in org.sonar.java.resolve.ImportResolutionTest
[INFO] Running org.sonar.java.ast.parser.grammar.literals.CharacterLiteralTest
[INFO] Tests run: 1, Failures: 0, Errors: 0, Skipped: 0, Time elapsed: 0 s - in org.sonar.java.ast.parser.grammar.literals.CharacterLiteralTest
[INFO] 
[INFO] Results:
[INFO] 
[INFO] Tests run: 1565, Failures: 0, Errors: 0, Skipped: 0
[INFO] 
[INFO] 
[INFO] --- maven-jar-plugin:3.0.2:jar (default-jar) @ java-frontend ---
[INFO] Building jar: /home/travis/build/SonarSource/sonar-java/java-frontend/target/java-frontend-5.4.0-SNAPSHOT.jar
[INFO] 
[INFO] --- maven-source-plugin:3.0.1:jar-no-fork (attach-sources) @ java-frontend ---
[INFO] Building jar: /home/travis/build/SonarSource/sonar-java/java-frontend/target/java-frontend-5.4.0-SNAPSHOT-sources.jar
[INFO] 
[INFO] ------------------------------------------------------------------------
[INFO] Building SonarQube Java :: Check Test tool kit 5.4.0-SNAPSHOT
[INFO] ------------------------------------------------------------------------
[INFO] 
[INFO] --- buildnumber-maven-plugin:1.4:create (default) @ java-checks-testkit ---
[INFO] 
[INFO] --- maven-enforcer-plugin:3.0.0-M1:enforce (enforce) @ java-checks-testkit ---
[INFO] 
[INFO] --- license-maven-plugin:3.0:check (enforce-license-headers) @ java-checks-testkit ---
[INFO] Checking licenses...
[INFO] 
[INFO] --- beanshell-maven-plugin:1.4:run (compute-artifact-display-version) @ java-checks-testkit ---
[INFO] Executing Script
[INFO] file class java.lang.Object
[INFO] script class java.lang.String
[INFO] evaluating script if (! "5.4.0-SNAPSHOT".endsWith("-SNAPSHOT")) { [+ 14 omitted line(s)]
[INFO] 
[INFO] --- maven-resources-plugin:3.0.2:resources (default-resources) @ java-checks-testkit ---
[INFO] Using 'UTF-8' encoding to copy filtered resources.
[INFO] skip non existing resourceDirectory /home/travis/build/SonarSource/sonar-java/java-checks-testkit/src/main/resources
[INFO] 
[INFO] --- maven-compiler-plugin:3.7.0:compile (default-compile) @ java-checks-testkit ---
[INFO] Changes detected - recompiling the module!
[INFO] Compiling 5 source files to /home/travis/build/SonarSource/sonar-java/java-checks-testkit/target/classes
[INFO] 
[INFO] --- maven-resources-plugin:3.0.2:testResources (default-testResources) @ java-checks-testkit ---
[INFO] Using 'UTF-8' encoding to copy filtered resources.
[INFO] Copying 5 resources
[INFO] 
[INFO] --- maven-compiler-plugin:3.7.0:testCompile (default-testCompile) @ java-checks-testkit ---
[INFO] Changes detected - recompiling the module!
[INFO] Compiling 3 source files to /home/travis/build/SonarSource/sonar-java/java-checks-testkit/target/test-classes
[INFO] 
[INFO] --- maven-surefire-plugin:2.20.1:test (default-test) @ java-checks-testkit ---
[INFO] Surefire report directory: /home/travis/build/SonarSource/sonar-java/java-checks-testkit/target/surefire-reports
[INFO] 
[INFO] -------------------------------------------------------
[INFO]  T E S T S
[INFO] -------------------------------------------------------
[INFO] Running org.sonar.java.checks.verifier.XmlCheckVerifierTest
10:59:39.561 [main] ERROR org.sonar.java.xml.XmlParser - Unable to parse xml file: src/test/files/xml/XmlCheckVerifierParsingIssue.xml
10:59:39.575 [main] DEBUG org.sonar.java.xml.XmlParser - XML file parsing failed because of : org.xml.sax.SAXParseException; systemId: file:/home/travis/build/SonarSource/sonar-java/java-checks-testkit/src/test/files/xml/XmlCheckVerifierParsingIssue.xml; lineNumber: 3; columnNumber: 3; The element type "test2" must be terminated by the matching end-tag "</test2>".
	at com.sun.org.apache.xerces.internal.util.ErrorHandlerWrapper.createSAXParseException(ErrorHandlerWrapper.java:203)
	at com.sun.org.apache.xerces.internal.util.ErrorHandlerWrapper.fatalError(ErrorHandlerWrapper.java:177)
	at com.sun.org.apache.xerces.internal.impl.XMLErrorReporter.reportError(XMLErrorReporter.java:400)
	at com.sun.org.apache.xerces.internal.impl.XMLErrorReporter.reportError(XMLErrorReporter.java:327)
	at com.sun.org.apache.xerces.internal.impl.XMLScanner.reportFatalError(XMLScanner.java:1472)
	at com.sun.org.apache.xerces.internal.impl.XMLDocumentFragmentScannerImpl.scanEndElement(XMLDocumentFragmentScannerImpl.java:1749)
	at com.sun.org.apache.xerces.internal.impl.XMLDocumentFragmentScannerImpl$FragmentContentDriver.next(XMLDocumentFragmentScannerImpl.java:2967)
	at com.sun.org.apache.xerces.internal.impl.XMLDocumentScannerImpl.next(XMLDocumentScannerImpl.java:602)
	at com.sun.org.apache.xerces.internal.impl.XMLDocumentFragmentScannerImpl.scanDocument(XMLDocumentFragmentScannerImpl.java:505)
	at com.sun.org.apache.xerces.internal.parsers.XML11Configuration.parse(XML11Configuration.java:841)
	at com.sun.org.apache.xerces.internal.parsers.XML11Configuration.parse(XML11Configuration.java:770)
	at com.sun.org.apache.xerces.internal.parsers.XMLParser.parse(XMLParser.java:141)
	at com.sun.org.apache.xerces.internal.parsers.AbstractSAXParser.parse(AbstractSAXParser.java:1213)
	at com.sun.org.apache.xerces.internal.jaxp.SAXParserImpl$JAXPSAXParser.parse(SAXParserImpl.java:643)
	at com.sun.org.apache.xerces.internal.jaxp.SAXParserImpl.parse(SAXParserImpl.java:327)
	at javax.xml.parsers.SAXParser.parse(SAXParser.java:328)
	at org.sonar.java.xml.XmlParser.parseXML(XmlParser.java:64)
	at org.sonar.java.checks.verifier.XmlCheckVerifier.scanFile(XmlCheckVerifier.java:75)
	at org.sonar.java.checks.verifier.XmlCheckVerifier.verifyNoIssue(XmlCheckVerifier.java:64)
	at org.sonar.java.checks.verifier.XmlCheckVerifierTest.should_fail_when_parsing_issue(XmlCheckVerifierTest.java:154)
	at sun.reflect.NativeMethodAccessorImpl.invoke0(Native Method)
	at sun.reflect.NativeMethodAccessorImpl.invoke(NativeMethodAccessorImpl.java:62)
	at sun.reflect.DelegatingMethodAccessorImpl.invoke(DelegatingMethodAccessorImpl.java:43)
	at java.lang.reflect.Method.invoke(Method.java:498)
	at org.junit.runners.model.FrameworkMethod$1.runReflectiveCall(FrameworkMethod.java:50)
	at org.junit.internal.runners.model.ReflectiveCallable.run(ReflectiveCallable.java:12)
	at org.junit.runners.model.FrameworkMethod.invokeExplosively(FrameworkMethod.java:47)
	at org.junit.internal.runners.statements.InvokeMethod.evaluate(InvokeMethod.java:17)
	at org.junit.internal.runners.statements.ExpectException.evaluate(ExpectException.java:19)
	at org.junit.runners.ParentRunner.runLeaf(ParentRunner.java:325)
	at org.junit.runners.BlockJUnit4ClassRunner.runChild(BlockJUnit4ClassRunner.java:78)
	at org.junit.runners.BlockJUnit4ClassRunner.runChild(BlockJUnit4ClassRunner.java:57)
	at org.junit.runners.ParentRunner$3.run(ParentRunner.java:290)
	at org.junit.runners.ParentRunner$1.schedule(ParentRunner.java:71)
	at org.junit.runners.ParentRunner.runChildren(ParentRunner.java:288)
	at org.junit.runners.ParentRunner.access$000(ParentRunner.java:58)
	at org.junit.runners.ParentRunner$2.evaluate(ParentRunner.java:268)
	at org.junit.runners.ParentRunner.run(ParentRunner.java:363)
	at org.apache.maven.surefire.junit4.JUnit4Provider.execute(JUnit4Provider.java:369)
	at org.apache.maven.surefire.junit4.JUnit4Provider.executeWithRerun(JUnit4Provider.java:275)
	at org.apache.maven.surefire.junit4.JUnit4Provider.executeTestSet(JUnit4Provider.java:239)
	at org.apache.maven.surefire.junit4.JUnit4Provider.invoke(JUnit4Provider.java:160)
	at org.apache.maven.surefire.booter.ForkedBooter.invokeProviderInSameClassLoader(ForkedBooter.java:373)
	at org.apache.maven.surefire.booter.ForkedBooter.runSuitesInProcess(ForkedBooter.java:334)
	at org.apache.maven.surefire.booter.ForkedBooter.execute(ForkedBooter.java:119)
	at org.apache.maven.surefire.booter.ForkedBooter.main(ForkedBooter.java:407)

[INFO] Tests run: 9, Failures: 0, Errors: 0, Skipped: 0, Time elapsed: 1.394 s - in org.sonar.java.checks.verifier.XmlCheckVerifierTest
[INFO] Running org.sonar.java.checks.verifier.JavaCheckVerifierTest
10:59:40.279 [main] DEBUG o.s.java.bytecode.ClassLoaderBuilder - ----- Classpath analyzed by Squid:
10:59:40.280 [main] DEBUG o.s.java.bytecode.ClassLoaderBuilder - /home/travis/build/SonarSource/sonar-java/java-checks-testkit/target/test-classes
10:59:40.280 [main] DEBUG o.s.java.bytecode.ClassLoaderBuilder - -----
10:59:40.881 [main] INFO  org.sonar.squidbridge.ProgressReport - 1 source files to be analyzed
10:59:40.999 [Report about progress of Java AST analyzer] INFO  org.sonar.squidbridge.ProgressReport - 1/1 source files have been analyzed
10:59:41.005 [main] DEBUG o.s.java.bytecode.ClassLoaderBuilder - ----- Classpath analyzed by Squid:
10:59:41.006 [main] DEBUG o.s.java.bytecode.ClassLoaderBuilder - /home/travis/build/SonarSource/sonar-java/java-checks-testkit/target/test-classes
10:59:41.006 [main] DEBUG o.s.java.bytecode.ClassLoaderBuilder - -----
10:59:41.021 [main] INFO  org.sonar.squidbridge.ProgressReport - 1 source files to be analyzed
10:59:41.028 [main] DEBUG o.s.j.checks.verifier.CheckVerifier - Remediation function and cost not provided, "constant" is assumed.
10:59:41.031 [main] DEBUG o.s.java.bytecode.ClassLoaderBuilder - ----- Classpath analyzed by Squid:
10:59:41.031 [main] DEBUG o.s.java.bytecode.ClassLoaderBuilder - /home/travis/build/SonarSource/sonar-java/java-checks-testkit/target/test-classes
10:59:41.031 [main] DEBUG o.s.java.bytecode.ClassLoaderBuilder - -----
10:59:41.037 [main] INFO  org.sonar.squidbridge.ProgressReport - 1 source files to be analyzed
10:59:41.038 [Report about progress of Java AST analyzer] INFO  org.sonar.squidbridge.ProgressReport - 1/1 source files have been analyzed
10:59:41.048 [main] DEBUG o.s.java.bytecode.ClassLoaderBuilder - ----- Classpath analyzed by Squid:
10:59:41.048 [main] DEBUG o.s.java.bytecode.ClassLoaderBuilder - /home/travis/build/SonarSource/sonar-java/java-checks-testkit/target/test-classes
10:59:41.049 [main] DEBUG o.s.java.bytecode.ClassLoaderBuilder - -----
10:59:41.054 [main] INFO  org.sonar.squidbridge.ProgressReport - 1 source files to be analyzed
10:59:41.061 [main] DEBUG o.s.j.b.loader.SquidClassLoader - .class not found for A
10:59:41.121 [Report about progress of Java AST analyzer] INFO  org.sonar.squidbridge.ProgressReport - 1/1 source files have been analyzed
10:59:41.123 [main] DEBUG o.s.java.bytecode.ClassLoaderBuilder - ----- Classpath analyzed by Squid:
10:59:41.123 [main] DEBUG o.s.java.bytecode.ClassLoaderBuilder - /home/travis/build/SonarSource/sonar-java/java-checks-testkit/target/test-classes
10:59:41.123 [main] DEBUG o.s.java.bytecode.ClassLoaderBuilder - -----
10:59:41.132 [main] INFO  org.sonar.squidbridge.ProgressReport - 1 source files to be analyzed
10:59:41.141 [main] DEBUG o.s.j.b.loader.SquidClassLoader - .class not found for A
10:59:41.178 [main] DEBUG o.s.j.b.loader.SquidClassLoader - .class not found for System
10:59:41.179 [main] DEBUG o.s.j.b.loader.SquidClassLoader - .class not found for java.lang.package-info
10:59:41.179 [main] DEBUG o.s.j.b.loader.SquidClassLoader - .class not found for java.lang.Synthetic$System
10:59:41.203 [Report about progress of Java AST analyzer] INFO  org.sonar.squidbridge.ProgressReport - 1/1 source files have been analyzed
10:59:41.209 [main] DEBUG o.s.java.bytecode.ClassLoaderBuilder - ----- Classpath analyzed by Squid:
10:59:41.211 [main] DEBUG o.s.java.bytecode.ClassLoaderBuilder - /home/travis/build/SonarSource/sonar-java/java-checks-testkit/target/test-classes
10:59:41.211 [main] DEBUG o.s.java.bytecode.ClassLoaderBuilder - -----
10:59:41.228 [main] INFO  org.sonar.squidbridge.ProgressReport - 1 source files to be analyzed
10:59:41.244 [main] DEBUG o.s.java.bytecode.ClassLoaderBuilder - ----- Classpath analyzed by Squid:
10:59:41.244 [main] DEBUG o.s.java.bytecode.ClassLoaderBuilder - /home/travis/build/SonarSource/sonar-java/java-checks-testkit/target/test-classes
10:59:41.244 [main] DEBUG o.s.java.bytecode.ClassLoaderBuilder - -----
10:59:41.249 [main] INFO  org.sonar.squidbridge.ProgressReport - 1 source files to be analyzed
10:59:41.254 [main] DEBUG o.s.java.bytecode.ClassLoaderBuilder - ----- Classpath analyzed by Squid:
10:59:41.254 [main] DEBUG o.s.java.bytecode.ClassLoaderBuilder - -----
10:59:41.260 [main] INFO  org.sonar.squidbridge.ProgressReport - 1 source files to be analyzed
10:59:41.269 [main] DEBUG o.s.j.b.loader.SquidClassLoader - .class not found for A
10:59:41.307 [main] DEBUG o.s.j.b.loader.SquidClassLoader - .class not found for System
10:59:41.313 [main] DEBUG o.s.j.b.loader.SquidClassLoader - .class not found for java.lang.package-info
10:59:41.315 [main] DEBUG o.s.j.b.loader.SquidClassLoader - .class not found for java.lang.Synthetic$System
10:59:41.321 [Report about progress of Java AST analyzer] INFO  org.sonar.squidbridge.ProgressReport - 1/1 source files have been analyzed
10:59:41.326 [main] DEBUG o.s.java.bytecode.ClassLoaderBuilder - ----- Classpath analyzed by Squid:
10:59:41.326 [main] DEBUG o.s.java.bytecode.ClassLoaderBuilder - -----
10:59:41.335 [main] INFO  org.sonar.squidbridge.ProgressReport - 1 source files to be analyzed
10:59:41.349 [main] DEBUG o.s.j.b.loader.SquidClassLoader - .class not found for A
10:59:41.368 [Report about progress of Java AST analyzer] INFO  org.sonar.squidbridge.ProgressReport - 1/1 source files have been analyzed
10:59:41.371 [main] DEBUG o.s.java.bytecode.ClassLoaderBuilder - ----- Classpath analyzed by Squid:
10:59:41.373 [main] DEBUG o.s.java.bytecode.ClassLoaderBuilder - -----
10:59:41.379 [main] INFO  org.sonar.squidbridge.ProgressReport - 1 source files to be analyzed
10:59:41.388 [main] DEBUG o.s.j.b.loader.SquidClassLoader - .class not found for A
10:59:41.421 [main] DEBUG o.s.j.b.loader.SquidClassLoader - .class not found for System
10:59:41.423 [main] DEBUG o.s.j.b.loader.SquidClassLoader - .class not found for java.lang.package-info
10:59:41.426 [main] DEBUG o.s.j.b.loader.SquidClassLoader - .class not found for java.lang.Synthetic$System
10:59:41.433 [Report about progress of Java AST analyzer] INFO  org.sonar.squidbridge.ProgressReport - 1/1 source files have been analyzed
10:59:41.442 [main] DEBUG o.s.java.bytecode.ClassLoaderBuilder - ----- Classpath analyzed by Squid:
10:59:41.444 [main] DEBUG o.s.java.bytecode.ClassLoaderBuilder - /home/travis/build/SonarSource/sonar-java/java-checks-testkit/target/test-classes
10:59:41.446 [main] DEBUG o.s.java.bytecode.ClassLoaderBuilder - -----
10:59:41.454 [main] INFO  org.sonar.squidbridge.ProgressReport - 1 source files to be analyzed
10:59:41.472 [Report about progress of Java AST analyzer] INFO  org.sonar.squidbridge.ProgressReport - 1/1 source files have been analyzed
10:59:41.482 [main] DEBUG o.s.java.bytecode.ClassLoaderBuilder - ----- Classpath analyzed by Squid:
10:59:41.482 [main] DEBUG o.s.java.bytecode.ClassLoaderBuilder - /home/travis/build/SonarSource/sonar-java/java-checks-testkit/target/test-classes
10:59:41.483 [main] DEBUG o.s.java.bytecode.ClassLoaderBuilder - -----
10:59:41.492 [main] INFO  org.sonar.squidbridge.ProgressReport - 1 source files to be analyzed
10:59:41.506 [main] DEBUG o.s.j.b.loader.SquidClassLoader - .class not found for A
10:59:41.537 [main] DEBUG o.s.j.b.loader.SquidClassLoader - .class not found for System
10:59:41.546 [main] DEBUG o.s.j.b.loader.SquidClassLoader - .class not found for java.lang.package-info
10:59:41.548 [main] DEBUG o.s.j.b.loader.SquidClassLoader - .class not found for java.lang.Synthetic$System
10:59:41.554 [Report about progress of Java AST analyzer] INFO  org.sonar.squidbridge.ProgressReport - 1/1 source files have been analyzed
10:59:41.556 [main] DEBUG o.s.j.checks.verifier.CheckVerifier - Remediation function and cost not provided, "constant" is assumed.
10:59:41.562 [main] DEBUG o.s.java.bytecode.ClassLoaderBuilder - ----- Classpath analyzed by Squid:
10:59:41.567 [main] DEBUG o.s.java.bytecode.ClassLoaderBuilder - /home/travis/build/SonarSource/sonar-java/java-checks-testkit/target/test-classes
10:59:41.567 [main] DEBUG o.s.java.bytecode.ClassLoaderBuilder - -----
10:59:41.572 [main] INFO  org.sonar.squidbridge.ProgressReport - 1 source files to be analyzed
10:59:41.597 [main] DEBUG o.s.j.checks.verifier.CheckVerifier - Remediation function and cost not provided, "constant" is assumed.
10:59:41.599 [main] DEBUG o.s.java.bytecode.ClassLoaderBuilder - ----- Classpath analyzed by Squid:
10:59:41.603 [main] DEBUG o.s.java.bytecode.ClassLoaderBuilder - -----
10:59:41.599 [Report about progress of Java AST analyzer] INFO  org.sonar.squidbridge.ProgressReport - 1/1 source files have been analyzed
10:59:41.609 [main] INFO  org.sonar.squidbridge.ProgressReport - 1 source files to be analyzed
10:59:41.620 [main] DEBUG o.s.j.b.loader.SquidClassLoader - .class not found for A
10:59:41.641 [main] DEBUG o.s.j.b.loader.SquidClassLoader - .class not found for System
10:59:41.642 [main] DEBUG o.s.j.b.loader.SquidClassLoader - .class not found for java.lang.package-info
10:59:41.642 [main] DEBUG o.s.j.b.loader.SquidClassLoader - .class not found for java.lang.Synthetic$System
10:59:41.652 [Report about progress of Java AST analyzer] INFO  org.sonar.squidbridge.ProgressReport - 1/1 source files have been analyzed
10:59:41.656 [main] DEBUG o.s.java.bytecode.ClassLoaderBuilder - ----- Classpath analyzed by Squid:
10:59:41.657 [main] DEBUG o.s.java.bytecode.ClassLoaderBuilder - /home/travis/build/SonarSource/sonar-java/java-checks-testkit/target/test-classes
10:59:41.658 [main] DEBUG o.s.java.bytecode.ClassLoaderBuilder - -----
10:59:41.665 [main] INFO  org.sonar.squidbridge.ProgressReport - 1 source files to be analyzed
10:59:41.674 [main] DEBUG o.s.j.b.loader.SquidClassLoader - .class not found for A
10:59:41.701 [main] DEBUG o.s.j.b.loader.SquidClassLoader - .class not found for System
10:59:41.708 [main] DEBUG o.s.j.b.loader.SquidClassLoader - .class not found for java.lang.package-info
10:59:41.709 [main] DEBUG o.s.j.b.loader.SquidClassLoader - .class not found for java.lang.Synthetic$System
10:59:41.714 [Report about progress of Java AST analyzer] INFO  org.sonar.squidbridge.ProgressReport - 1/1 source files have been analyzed
10:59:41.718 [main] DEBUG o.s.java.bytecode.ClassLoaderBuilder - ----- Classpath analyzed by Squid:
10:59:41.719 [main] DEBUG o.s.java.bytecode.ClassLoaderBuilder - /home/travis/build/SonarSource/sonar-java/java-checks-testkit/target/test-classes
10:59:41.719 [main] DEBUG o.s.java.bytecode.ClassLoaderBuilder - -----
10:59:41.776 [main] INFO  org.sonar.squidbridge.ProgressReport - 1 source files to be analyzed
10:59:41.803 [main] DEBUG o.s.java.bytecode.ClassLoaderBuilder - ----- Classpath analyzed by Squid:
10:59:41.805 [main] DEBUG o.s.java.bytecode.ClassLoaderBuilder - /home/travis/build/SonarSource/sonar-java/java-checks-testkit/target/test-classes
10:59:41.808 [main] DEBUG o.s.java.bytecode.ClassLoaderBuilder - -----
10:59:41.820 [main] INFO  org.sonar.squidbridge.ProgressReport - 1 source files to be analyzed
10:59:41.834 [main] DEBUG o.s.j.b.loader.SquidClassLoader - .class not found for A
10:59:41.849 [main] DEBUG o.s.j.b.loader.SquidClassLoader - .class not found for System
10:59:41.850 [main] DEBUG o.s.j.b.loader.SquidClassLoader - .class not found for java.lang.package-info
10:59:41.852 [main] DEBUG o.s.j.b.loader.SquidClassLoader - .class not found for java.lang.Synthetic$System
10:59:41.859 [Report about progress of Java AST analyzer] INFO  org.sonar.squidbridge.ProgressReport - 1/1 source files have been analyzed
10:59:41.865 [main] DEBUG o.s.java.bytecode.ClassLoaderBuilder - ----- Classpath analyzed by Squid:
10:59:41.867 [main] DEBUG o.s.java.bytecode.ClassLoaderBuilder - /home/travis/build/SonarSource/sonar-java/java-checks-testkit/target/test-classes
10:59:41.873 [main] DEBUG o.s.java.bytecode.ClassLoaderBuilder - -----
10:59:41.883 [main] INFO  org.sonar.squidbridge.ProgressReport - 1 source files to be analyzed
10:59:41.889 [main] DEBUG o.s.j.b.loader.SquidClassLoader - .class not found for A
10:59:41.905 [main] DEBUG o.s.j.b.loader.SquidClassLoader - .class not found for System
10:59:41.907 [main] DEBUG o.s.j.b.loader.SquidClassLoader - .class not found for java.lang.package-info
10:59:41.909 [main] DEBUG o.s.j.b.loader.SquidClassLoader - .class not found for java.lang.Synthetic$System
10:59:41.914 [Report about progress of Java AST analyzer] INFO  org.sonar.squidbridge.ProgressReport - 1/1 source files have been analyzed
10:59:41.924 [main] DEBUG o.s.java.bytecode.ClassLoaderBuilder - ----- Classpath analyzed by Squid:
10:59:41.925 [main] DEBUG o.s.java.bytecode.ClassLoaderBuilder - /home/travis/build/SonarSource/sonar-java/java-checks-testkit/target/test-classes
10:59:41.927 [main] DEBUG o.s.java.bytecode.ClassLoaderBuilder - -----
10:59:41.937 [main] INFO  org.sonar.squidbridge.ProgressReport - 1 source files to be analyzed
10:59:41.946 [main] DEBUG o.s.j.b.loader.SquidClassLoader - .class not found for A
10:59:41.969 [Report about progress of Java AST analyzer] INFO  org.sonar.squidbridge.ProgressReport - 1/1 source files have been analyzed
10:59:41.975 [main] DEBUG o.s.java.bytecode.ClassLoaderBuilder - ----- Classpath analyzed by Squid:
10:59:41.980 [main] DEBUG o.s.java.bytecode.ClassLoaderBuilder - /home/travis/build/SonarSource/sonar-java/java-checks-testkit/target/test-classes
10:59:41.984 [main] DEBUG o.s.java.bytecode.ClassLoaderBuilder - -----
10:59:41.996 [main] INFO  org.sonar.squidbridge.ProgressReport - 1 source files to be analyzed
10:59:42.004 [main] DEBUG o.s.j.b.loader.SquidClassLoader - .class not found for A
10:59:42.027 [main] DEBUG o.s.j.b.loader.SquidClassLoader - .class not found for System
10:59:42.029 [main] DEBUG o.s.j.b.loader.SquidClassLoader - .class not found for java.lang.package-info
10:59:42.032 [main] DEBUG o.s.j.b.loader.SquidClassLoader - .class not found for java.lang.Synthetic$System
10:59:42.040 [Report about progress of Java AST analyzer] INFO  org.sonar.squidbridge.ProgressReport - 1/1 source files have been analyzed
10:59:42.041 [main] DEBUG o.s.java.bytecode.ClassLoaderBuilder - ----- Classpath analyzed by Squid:
10:59:42.041 [main] DEBUG o.s.java.bytecode.ClassLoaderBuilder - /home/travis/build/SonarSource/sonar-java/java-checks-testkit/target/test-classes
10:59:42.042 [main] DEBUG o.s.java.bytecode.ClassLoaderBuilder - -----
10:59:42.045 [main] INFO  org.sonar.squidbridge.ProgressReport - 1 source files to be analyzed
10:59:42.048 [main] DEBUG o.s.j.b.loader.SquidClassLoader - .class not found for A
10:59:42.060 [main] DEBUG o.s.j.b.loader.SquidClassLoader - .class not found for System
10:59:42.060 [main] DEBUG o.s.j.b.loader.SquidClassLoader - .class not found for java.lang.package-info
10:59:42.061 [main] DEBUG o.s.j.b.loader.SquidClassLoader - .class not found for java.lang.Synthetic$System
10:59:42.064 [Report about progress of Java AST analyzer] INFO  org.sonar.squidbridge.ProgressReport - 1/1 source files have been analyzed
10:59:42.079 [main] DEBUG o.s.java.bytecode.ClassLoaderBuilder - ----- Classpath analyzed by Squid:
10:59:42.079 [main] DEBUG o.s.java.bytecode.ClassLoaderBuilder - /home/travis/build/SonarSource/sonar-java/java-checks-testkit/target/test-classes
10:59:42.080 [main] DEBUG o.s.java.bytecode.ClassLoaderBuilder - -----
10:59:42.083 [main] INFO  org.sonar.squidbridge.ProgressReport - 1 source files to be analyzed
10:59:42.091 [main] DEBUG o.s.j.b.loader.SquidClassLoader - .class not found for A
10:59:42.106 [Report about progress of Java AST analyzer] INFO  org.sonar.squidbridge.ProgressReport - 1/1 source files have been analyzed
10:59:42.112 [main] DEBUG o.s.java.bytecode.ClassLoaderBuilder - ----- Classpath analyzed by Squid:
10:59:42.114 [main] DEBUG o.s.java.bytecode.ClassLoaderBuilder - /home/travis/build/SonarSource/sonar-java/java-checks-testkit/target/test-classes
10:59:42.117 [main] DEBUG o.s.java.bytecode.ClassLoaderBuilder - -----
10:59:42.121 [main] INFO  org.sonar.squidbridge.ProgressReport - 1 source files to be analyzed
10:59:42.126 [main] DEBUG o.s.java.bytecode.ClassLoaderBuilder - ----- Classpath analyzed by Squid:
10:59:42.126 [main] DEBUG o.s.java.bytecode.ClassLoaderBuilder - /home/travis/build/SonarSource/sonar-java/java-checks-testkit/target/test-classes
10:59:42.126 [main] DEBUG o.s.java.bytecode.ClassLoaderBuilder - -----
10:59:42.129 [main] INFO  org.sonar.squidbridge.ProgressReport - 1 source files to be analyzed
10:59:42.139 [Report about progress of Java AST analyzer] INFO  org.sonar.squidbridge.ProgressReport - 1/1 source files have been analyzed
10:59:42.141 [main] DEBUG o.s.j.b.loader.SquidClassLoader - .class not found for A
10:59:42.153 [main] DEBUG o.s.j.b.loader.SquidClassLoader - .class not found for System
10:59:42.155 [main] DEBUG o.s.j.b.loader.SquidClassLoader - .class not found for java.lang.package-info
10:59:42.157 [main] DEBUG o.s.j.b.loader.SquidClassLoader - .class not found for java.lang.Synthetic$System
10:59:42.162 [Report about progress of Java AST analyzer] INFO  org.sonar.squidbridge.ProgressReport - 1/1 source files have been analyzed
10:59:42.170 [main] DEBUG o.s.java.bytecode.ClassLoaderBuilder - ----- Classpath analyzed by Squid:
10:59:42.172 [main] DEBUG o.s.java.bytecode.ClassLoaderBuilder - /home/travis/build/SonarSource/sonar-java/java-checks-testkit/target/test-classes
10:59:42.173 [main] DEBUG o.s.java.bytecode.ClassLoaderBuilder - -----
10:59:42.177 [main] INFO  org.sonar.squidbridge.ProgressReport - 1 source files to be analyzed
10:59:42.185 [main] DEBUG o.s.j.b.loader.SquidClassLoader - .class not found for A
10:59:42.201 [main] DEBUG o.s.j.b.loader.SquidClassLoader - .class not found for System
10:59:42.204 [main] DEBUG o.s.j.b.loader.SquidClassLoader - .class not found for java.lang.package-info
10:59:42.206 [main] DEBUG o.s.j.b.loader.SquidClassLoader - .class not found for java.lang.Synthetic$System
10:59:42.215 [Report about progress of Java AST analyzer] INFO  org.sonar.squidbridge.ProgressReport - 1/1 source files have been analyzed
10:59:42.221 [main] DEBUG o.s.java.bytecode.ClassLoaderBuilder - ----- Classpath analyzed by Squid:
10:59:42.223 [main] DEBUG o.s.java.bytecode.ClassLoaderBuilder - /home/travis/build/SonarSource/sonar-java/java-checks-testkit/target/test-classes
10:59:42.226 [main] DEBUG o.s.java.bytecode.ClassLoaderBuilder - -----
10:59:42.231 [main] INFO  org.sonar.squidbridge.ProgressReport - 1 source files to be analyzed
10:59:42.236 [main] DEBUG o.s.j.b.loader.SquidClassLoader - .class not found for A
10:59:42.256 [main] DEBUG o.s.j.b.loader.SquidClassLoader - .class not found for System
10:59:42.258 [main] DEBUG o.s.j.b.loader.SquidClassLoader - .class not found for java.lang.package-info
10:59:42.260 [main] DEBUG o.s.j.b.loader.SquidClassLoader - .class not found for java.lang.Synthetic$System
10:59:42.266 [Report about progress of Java AST analyzer] INFO  org.sonar.squidbridge.ProgressReport - 1/1 source files have been analyzed
10:59:42.277 [main] DEBUG o.s.java.bytecode.ClassLoaderBuilder - ----- Classpath analyzed by Squid:
10:59:42.277 [main] DEBUG o.s.java.bytecode.ClassLoaderBuilder - /home/travis/build/SonarSource/sonar-java/java-checks-testkit/target/test-classes
10:59:42.277 [main] DEBUG o.s.java.bytecode.ClassLoaderBuilder - -----
10:59:42.282 [main] INFO  org.sonar.squidbridge.ProgressReport - 1 source files to be analyzed
10:59:42.290 [main] DEBUG o.s.j.b.loader.SquidClassLoader - .class not found for A
10:59:42.309 [Report about progress of Java AST analyzer] INFO  org.sonar.squidbridge.ProgressReport - 1/1 source files have been analyzed
10:59:42.315 [main] DEBUG o.s.java.bytecode.ClassLoaderBuilder - ----- Classpath analyzed by Squid:
10:59:42.317 [main] DEBUG o.s.java.bytecode.ClassLoaderBuilder - /home/travis/build/SonarSource/sonar-java/java-checks-testkit/target/test-classes
10:59:42.320 [main] DEBUG o.s.java.bytecode.ClassLoaderBuilder - -----
10:59:42.328 [main] INFO  org.sonar.squidbridge.ProgressReport - 1 source files to be analyzed
10:59:42.333 [main] DEBUG o.s.j.b.loader.SquidClassLoader - .class not found for A
10:59:42.349 [main] DEBUG o.s.j.b.loader.SquidClassLoader - .class not found for System
10:59:42.352 [main] DEBUG o.s.j.b.loader.SquidClassLoader - .class not found for java.lang.package-info
10:59:42.355 [main] DEBUG o.s.j.b.loader.SquidClassLoader - .class not found for java.lang.Synthetic$System
10:59:42.366 [Report about progress of Java AST analyzer] INFO  org.sonar.squidbridge.ProgressReport - 1/1 source files have been analyzed
10:59:42.373 [main] DEBUG o.s.java.bytecode.ClassLoaderBuilder - ----- Classpath analyzed by Squid:
10:59:42.375 [main] DEBUG o.s.java.bytecode.ClassLoaderBuilder - /home/travis/build/SonarSource/sonar-java/java-checks-testkit/target/test-classes
10:59:42.379 [main] DEBUG o.s.java.bytecode.ClassLoaderBuilder - -----
10:59:42.387 [main] INFO  org.sonar.squidbridge.ProgressReport - 1 source files to be analyzed
10:59:42.409 [main] DEBUG o.s.j.b.loader.SquidClassLoader - .class not found for A
10:59:42.422 [main] DEBUG o.s.j.b.loader.SquidClassLoader - .class not found for System
10:59:42.424 [main] DEBUG o.s.j.b.loader.SquidClassLoader - .class not found for java.lang.package-info
10:59:42.426 [main] DEBUG o.s.j.b.loader.SquidClassLoader - .class not found for java.lang.Synthetic$System
10:59:42.429 [Report about progress of Java AST analyzer] INFO  org.sonar.squidbridge.ProgressReport - 1/1 source files have been analyzed
10:59:42.435 [main] DEBUG o.s.java.bytecode.ClassLoaderBuilder - ----- Classpath analyzed by Squid:
10:59:42.436 [main] DEBUG o.s.java.bytecode.ClassLoaderBuilder - /home/travis/build/SonarSource/sonar-java/java-checks-testkit/target/test-classes
10:59:42.438 [main] DEBUG o.s.java.bytecode.ClassLoaderBuilder - -----
10:59:42.442 [main] INFO  org.sonar.squidbridge.ProgressReport - 1 source files to be analyzed
10:59:42.450 [main] DEBUG o.s.j.b.loader.SquidClassLoader - .class not found for A
10:59:42.462 [main] DEBUG o.s.j.b.loader.SquidClassLoader - .class not found for System
10:59:42.463 [main] DEBUG o.s.j.b.loader.SquidClassLoader - .class not found for java.lang.package-info
10:59:42.465 [main] DEBUG o.s.j.b.loader.SquidClassLoader - .class not found for java.lang.Synthetic$System
10:59:42.471 [Report about progress of Java AST analyzer] INFO  org.sonar.squidbridge.ProgressReport - 1/1 source files have been analyzed
10:59:42.475 [main] DEBUG o.s.java.bytecode.ClassLoaderBuilder - ----- Classpath analyzed by Squid:
10:59:42.476 [main] DEBUG o.s.java.bytecode.ClassLoaderBuilder - -----
10:59:42.481 [main] INFO  org.sonar.squidbridge.ProgressReport - 1 source files to be analyzed
10:59:42.485 [main] DEBUG o.s.j.b.loader.SquidClassLoader - .class not found for A
10:59:42.500 [main] DEBUG o.s.j.b.loader.SquidClassLoader - .class not found for System
10:59:42.501 [main] DEBUG o.s.j.b.loader.SquidClassLoader - .class not found for java.lang.package-info
10:59:42.502 [main] DEBUG o.s.j.b.loader.SquidClassLoader - .class not found for java.lang.Synthetic$System
10:59:42.509 [Report about progress of Java AST analyzer] INFO  org.sonar.squidbridge.ProgressReport - 1/1 source files have been analyzed
10:59:42.519 [main] DEBUG o.s.java.bytecode.ClassLoaderBuilder - ----- Classpath analyzed by Squid:
10:59:42.522 [main] DEBUG o.s.java.bytecode.ClassLoaderBuilder - -----
10:59:42.531 [main] INFO  org.sonar.squidbridge.ProgressReport - 1 source files to be analyzed
10:59:42.537 [main] DEBUG o.s.j.b.loader.SquidClassLoader - .class not found for A
10:59:42.558 [Report about progress of Java AST analyzer] INFO  org.sonar.squidbridge.ProgressReport - 1/1 source files have been analyzed
10:59:42.563 [main] DEBUG o.s.java.bytecode.ClassLoaderBuilder - ----- Classpath analyzed by Squid:
10:59:42.563 [main] DEBUG o.s.java.bytecode.ClassLoaderBuilder - -----
10:59:42.567 [main] INFO  org.sonar.squidbridge.ProgressReport - 1 source files to be analyzed
10:59:42.570 [main] DEBUG o.s.j.b.loader.SquidClassLoader - .class not found for A
10:59:42.591 [main] DEBUG o.s.j.b.loader.SquidClassLoader - .class not found for System
10:59:42.591 [main] DEBUG o.s.j.b.loader.SquidClassLoader - .class not found for java.lang.package-info
10:59:42.591 [main] DEBUG o.s.j.b.loader.SquidClassLoader - .class not found for java.lang.Synthetic$System
10:59:42.594 [Report about progress of Java AST analyzer] INFO  org.sonar.squidbridge.ProgressReport - 1/1 source files have been analyzed
[INFO] Tests run: 31, Failures: 0, Errors: 0, Skipped: 0, Time elapsed: 2.361 s - in org.sonar.java.checks.verifier.JavaCheckVerifierTest
[INFO] Running org.sonar.java.checks.verifier.PomCheckVerifierTest
10:59:43.465 [main] ERROR org.sonar.java.xml.XmlParser - Unable to parse xml file: src/test/files/xml/PomCheckVerifierParseIssue.xml
10:59:43.467 [main] DEBUG org.sonar.java.xml.XmlParser - XML file parsing failed because of : org.xml.sax.SAXParseException; systemId: file:/home/travis/build/SonarSource/sonar-java/java-checks-testkit/src/test/files/xml/PomCheckVerifierParseIssue.xml; lineNumber: 17; columnNumber: 11; The element type "description" must be terminated by the matching end-tag "</description>".
	at com.sun.org.apache.xerces.internal.util.ErrorHandlerWrapper.createSAXParseException(ErrorHandlerWrapper.java:203)
	at com.sun.org.apache.xerces.internal.util.ErrorHandlerWrapper.fatalError(ErrorHandlerWrapper.java:177)
	at com.sun.org.apache.xerces.internal.impl.XMLErrorReporter.reportError(XMLErrorReporter.java:400)
	at com.sun.org.apache.xerces.internal.impl.XMLErrorReporter.reportError(XMLErrorReporter.java:327)
	at com.sun.org.apache.xerces.internal.impl.XMLScanner.reportFatalError(XMLScanner.java:1472)
	at com.sun.org.apache.xerces.internal.impl.XMLDocumentFragmentScannerImpl.scanEndElement(XMLDocumentFragmentScannerImpl.java:1749)
	at com.sun.org.apache.xerces.internal.impl.XMLDocumentFragmentScannerImpl$FragmentContentDriver.next(XMLDocumentFragmentScannerImpl.java:2967)
	at com.sun.org.apache.xerces.internal.impl.XMLDocumentScannerImpl.next(XMLDocumentScannerImpl.java:602)
	at com.sun.org.apache.xerces.internal.impl.XMLDocumentFragmentScannerImpl.scanDocument(XMLDocumentFragmentScannerImpl.java:505)
	at com.sun.org.apache.xerces.internal.parsers.XML11Configuration.parse(XML11Configuration.java:841)
	at com.sun.org.apache.xerces.internal.parsers.XML11Configuration.parse(XML11Configuration.java:770)
	at com.sun.org.apache.xerces.internal.parsers.XMLParser.parse(XMLParser.java:141)
	at com.sun.org.apache.xerces.internal.parsers.AbstractSAXParser.parse(AbstractSAXParser.java:1213)
	at com.sun.org.apache.xerces.internal.jaxp.SAXParserImpl$JAXPSAXParser.parse(SAXParserImpl.java:643)
	at com.sun.org.apache.xerces.internal.jaxp.SAXParserImpl.parse(SAXParserImpl.java:327)
	at javax.xml.parsers.SAXParser.parse(SAXParser.java:328)
	at org.sonar.java.xml.XmlParser.parseXML(XmlParser.java:64)
	at org.sonar.java.checks.verifier.PomCheckVerifier.scanFile(PomCheckVerifier.java:69)
	at org.sonar.java.checks.verifier.PomCheckVerifier.verify(PomCheckVerifier.java:52)
	at org.sonar.java.checks.verifier.PomCheckVerifierTest.should_fail_when_cannot_parse(PomCheckVerifierTest.java:132)
	at sun.reflect.NativeMethodAccessorImpl.invoke0(Native Method)
	at sun.reflect.NativeMethodAccessorImpl.invoke(NativeMethodAccessorImpl.java:62)
	at sun.reflect.DelegatingMethodAccessorImpl.invoke(DelegatingMethodAccessorImpl.java:43)
	at java.lang.reflect.Method.invoke(Method.java:498)
	at org.junit.runners.model.FrameworkMethod$1.runReflectiveCall(FrameworkMethod.java:50)
	at org.junit.internal.runners.model.ReflectiveCallable.run(ReflectiveCallable.java:12)
	at org.junit.runners.model.FrameworkMethod.invokeExplosively(FrameworkMethod.java:47)
	at org.junit.internal.runners.statements.InvokeMethod.evaluate(InvokeMethod.java:17)
	at org.junit.internal.runners.statements.ExpectException.evaluate(ExpectException.java:19)
	at org.junit.runners.ParentRunner.runLeaf(ParentRunner.java:325)
	at org.junit.runners.BlockJUnit4ClassRunner.runChild(BlockJUnit4ClassRunner.java:78)
	at org.junit.runners.BlockJUnit4ClassRunner.runChild(BlockJUnit4ClassRunner.java:57)
	at org.junit.runners.ParentRunner$3.run(ParentRunner.java:290)
	at org.junit.runners.ParentRunner$1.schedule(ParentRunner.java:71)
	at org.junit.runners.ParentRunner.runChildren(ParentRunner.java:288)
	at org.junit.runners.ParentRunner.access$000(ParentRunner.java:58)
	at org.junit.runners.ParentRunner$2.evaluate(ParentRunner.java:268)
	at org.junit.runners.ParentRunner.run(ParentRunner.java:363)
	at org.apache.maven.surefire.junit4.JUnit4Provider.execute(JUnit4Provider.java:369)
	at org.apache.maven.surefire.junit4.JUnit4Provider.executeWithRerun(JUnit4Provider.java:275)
	at org.apache.maven.surefire.junit4.JUnit4Provider.executeTestSet(JUnit4Provider.java:239)
	at org.apache.maven.surefire.junit4.JUnit4Provider.invoke(JUnit4Provider.java:160)
	at org.apache.maven.surefire.booter.ForkedBooter.invokeProviderInSameClassLoader(ForkedBooter.java:373)
	at org.apache.maven.surefire.booter.ForkedBooter.runSuitesInProcess(ForkedBooter.java:334)
	at org.apache.maven.surefire.booter.ForkedBooter.execute(ForkedBooter.java:119)
	at org.apache.maven.surefire.booter.ForkedBooter.main(ForkedBooter.java:407)

10:59:43.860 [main] WARN  org.sonar.java.xml.XmlParser - File  is empty and won't be analyzed.
[INFO] Tests run: 14, Failures: 0, Errors: 0, Skipped: 0, Time elapsed: 1.809 s - in org.sonar.java.checks.verifier.PomCheckVerifierTest
[INFO] 
[INFO] Results:
[INFO] 
[INFO] Tests run: 54, Failures: 0, Errors: 0, Skipped: 0
[INFO] 
[INFO] 
[INFO] --- maven-jar-plugin:3.0.2:jar (default-jar) @ java-checks-testkit ---
[INFO] Building jar: /home/travis/build/SonarSource/sonar-java/java-checks-testkit/target/java-checks-testkit-5.4.0-SNAPSHOT.jar
[INFO] 
[INFO] --- maven-source-plugin:3.0.1:jar-no-fork (attach-sources) @ java-checks-testkit ---
[INFO] Building jar: /home/travis/build/SonarSource/sonar-java/java-checks-testkit/target/java-checks-testkit-5.4.0-SNAPSHOT-sources.jar
[INFO] 
[INFO] ------------------------------------------------------------------------
[INFO] Building SonarQube Java :: Checks 5.4.0-SNAPSHOT
[INFO] ------------------------------------------------------------------------
[INFO] 
[INFO] --- buildnumber-maven-plugin:1.4:create (default) @ java-checks ---
[INFO] 
[INFO] --- maven-enforcer-plugin:3.0.0-M1:enforce (enforce) @ java-checks ---
[INFO] 
[INFO] --- license-maven-plugin:3.0:check (enforce-license-headers) @ java-checks ---
[INFO] Checking licenses...
[WARNING] Missing header in: /home/travis/build/SonarSource/sonar-java/java-checks/src/main/java/org/sonar/java/checks/security/InstanceShouldBeInitializedCorrectlyBase.java
[INFO] ------------------------------------------------------------------------
[INFO] Reactor Summary:
[INFO] 
[INFO] SonarJava .......................................... SUCCESS [  1.812 s]
[INFO] SonarQube Java :: Maven model generator ............ SUCCESS [  7.257 s]
[INFO] SonarQube Java :: Front-end ........................ SUCCESS [01:28 min]
[INFO] SonarQube Java :: Check Test tool kit .............. SUCCESS [  6.918 s]
[INFO] SonarQube Java :: Checks ........................... FAILURE [  0.443 s]
[INFO] SonarQube Java :: Surefire ......................... SKIPPED
[INFO] java-jacoco-previous ............................... SKIPPED
[INFO] SonarQube Java :: JaCoCo ........................... SKIPPED
[INFO] SonarQube Java :: Plugin ........................... SKIPPED
[INFO] SonarQube Java :: JaCoCo Listeners ................. SKIPPED
[INFO] SonarQube Java :: ITs .............................. SKIPPED
[INFO] SonarQube Java :: ITs :: Performancing ............. SKIPPED
[INFO] SonarQube Java :: ITs :: Plugin .................... SKIPPED
[INFO] SonarQube Java :: ITs :: Plugin :: Plugins ......... SKIPPED
[INFO] SonarQube Java :: ITS :: Plugin :: Java Extension Plugin SKIPPED
[INFO] SonarQube Java :: ITs :: Plugin :: Tests ........... SKIPPED
[INFO] SonarQube Java :: ITs :: Ruling .................... SKIPPED
[INFO] SonarQube Java :: ITs :: Semantic .................. SKIPPED
[INFO] SonarQube Java :: ITS :: Semantic :: Java Debugging Plugin SKIPPED
[INFO] SonarQube Java :: ITs :: Semantic :: Tests ......... SKIPPED
[INFO] ------------------------------------------------------------------------
[INFO] BUILD FAILURE
[INFO] ------------------------------------------------------------------------
[INFO] Total time: 01:46 min
[INFO] Finished at: 2018-05-22T10:59:45Z
[INFO] Final Memory: 54M/979M
[INFO] ------------------------------------------------------------------------
[ERROR] Failed to execute goal com.mycila:license-maven-plugin:3.0:check (enforce-license-headers) on project java-checks: Some files do not have the expected license header -> [Help 1]
org.apache.maven.lifecycle.LifecycleExecutionException: Failed to execute goal com.mycila:license-maven-plugin:3.0:check (enforce-license-headers) on project java-checks: Some files do not have the expected license header
    at org.apache.maven.lifecycle.internal.MojoExecutor.execute (MojoExecutor.java:213)
    at org.apache.maven.lifecycle.internal.MojoExecutor.execute (MojoExecutor.java:154)
    at org.apache.maven.lifecycle.internal.MojoExecutor.execute (MojoExecutor.java:146)
    at org.apache.maven.lifecycle.internal.LifecycleModuleBuilder.buildProject (LifecycleModuleBuilder.java:117)
    at org.apache.maven.lifecycle.internal.LifecycleModuleBuilder.buildProject (LifecycleModuleBuilder.java:81)
    at org.apache.maven.lifecycle.internal.builder.singlethreaded.SingleThreadedBuilder.build (SingleThreadedBuilder.java:51)
    at org.apache.maven.lifecycle.internal.LifecycleStarter.execute (LifecycleStarter.java:128)
    at org.apache.maven.DefaultMaven.doExecute (DefaultMaven.java:309)
    at org.apache.maven.DefaultMaven.doExecute (DefaultMaven.java:194)
    at org.apache.maven.DefaultMaven.execute (DefaultMaven.java:107)
    at org.apache.maven.cli.MavenCli.execute (MavenCli.java:955)
    at org.apache.maven.cli.MavenCli.doMain (MavenCli.java:290)
    at org.apache.maven.cli.MavenCli.main (MavenCli.java:194)
    at sun.reflect.NativeMethodAccessorImpl.invoke0 (Native Method)
    at sun.reflect.NativeMethodAccessorImpl.invoke (NativeMethodAccessorImpl.java:62)
    at sun.reflect.DelegatingMethodAccessorImpl.invoke (DelegatingMethodAccessorImpl.java:43)
    at java.lang.reflect.Method.invoke (Method.java:498)
    at org.codehaus.plexus.classworlds.launcher.Launcher.launchEnhanced (Launcher.java:289)
    at org.codehaus.plexus.classworlds.launcher.Launcher.launch (Launcher.java:229)
    at org.codehaus.plexus.classworlds.launcher.Launcher.mainWithExitCode (Launcher.java:415)
    at org.codehaus.plexus.classworlds.launcher.Launcher.main (Launcher.java:356)
Caused by: org.apache.maven.plugin.MojoExecutionException: Some files do not have the expected license header
    at com.mycila.maven.plugin.license.LicenseCheckMojo.execute (LicenseCheckMojo.java:74)
    at org.apache.maven.plugin.DefaultBuildPluginManager.executeMojo (DefaultBuildPluginManager.java:134)
    at org.apache.maven.lifecycle.internal.MojoExecutor.execute (MojoExecutor.java:208)
    at org.apache.maven.lifecycle.internal.MojoExecutor.execute (MojoExecutor.java:154)
    at org.apache.maven.lifecycle.internal.MojoExecutor.execute (MojoExecutor.java:146)
    at org.apache.maven.lifecycle.internal.LifecycleModuleBuilder.buildProject (LifecycleModuleBuilder.java:117)
    at org.apache.maven.lifecycle.internal.LifecycleModuleBuilder.buildProject (LifecycleModuleBuilder.java:81)
    at org.apache.maven.lifecycle.internal.builder.singlethreaded.SingleThreadedBuilder.build (SingleThreadedBuilder.java:51)
    at org.apache.maven.lifecycle.internal.LifecycleStarter.execute (LifecycleStarter.java:128)
    at org.apache.maven.DefaultMaven.doExecute (DefaultMaven.java:309)
    at org.apache.maven.DefaultMaven.doExecute (DefaultMaven.java:194)
    at org.apache.maven.DefaultMaven.execute (DefaultMaven.java:107)
    at org.apache.maven.cli.MavenCli.execute (MavenCli.java:955)
    at org.apache.maven.cli.MavenCli.doMain (MavenCli.java:290)
    at org.apache.maven.cli.MavenCli.main (MavenCli.java:194)
    at sun.reflect.NativeMethodAccessorImpl.invoke0 (Native Method)
    at sun.reflect.NativeMethodAccessorImpl.invoke (NativeMethodAccessorImpl.java:62)
    at sun.reflect.DelegatingMethodAccessorImpl.invoke (DelegatingMethodAccessorImpl.java:43)
    at java.lang.reflect.Method.invoke (Method.java:498)
    at org.codehaus.plexus.classworlds.launcher.Launcher.launchEnhanced (Launcher.java:289)
    at org.codehaus.plexus.classworlds.launcher.Launcher.launch (Launcher.java:229)
    at org.codehaus.plexus.classworlds.launcher.Launcher.mainWithExitCode (Launcher.java:415)
    at org.codehaus.plexus.classworlds.launcher.Launcher.main (Launcher.java:356)
[ERROR] 
[ERROR] Re-run Maven using the -X switch to enable full debug logging.
[ERROR] 
[ERROR] For more information about the errors and possible solutions, please read the following articles:
[ERROR] [Help 1] http://cwiki.apache.org/confluence/display/MAVEN/MojoExecutionException
[ERROR] 
[ERROR] After correcting the problems, you can resume the build with the command
[ERROR]   mvn <goals> -rf :java-checks

travis_time:end:00694cf9:start=1526986670840584844,finish=1526986785719053945,duration=114878469101[0K
[31;1mThe command "./travis.sh" exited with 1.[0m
travis_fold:start:before_cache.1[0Ktravis_time:start:08a703b8[0K$ rm -rf $HOME/.m2/repository/org/sonarsource/java

travis_time:end:08a703b8:start=1526986785725808048,finish=1526986785732140899,duration=6332851[0Ktravis_fold:end:before_cache.1[0Ktravis_fold:start:before_cache.2[0Ktravis_time:start:21693c09[0K$ find $HOME/.m2 -name resolver-status.properties -exec rm {} \;

travis_time:end:21693c09:start=1526986785738850126,finish=1526986785769235108,duration=30384982[0Ktravis_fold:end:before_cache.2[0Ktravis_fold:start:cache.2[0Kstore build cache
travis_time:start:0a67d9b0[0K
travis_time:end:0a67d9b0:start=1526986785777225986,finish=1526986785782534872,duration=5308886[0Ktravis_time:start:0198d1b5[0K[32;1mnothing changed, not updating cache[0m

travis_time:end:0198d1b5:start=1526986785789897266,finish=1526986788293063002,duration=2503165736[0Ktravis_fold:end:cache.2[0K
Done. Your build exited with 1.
