travis_fold:start:worker_info[0K[33;1mWorker information[0m
hostname: i-09745d3-precise-production-2-worker-org-docker.travisci.net:90abaf0b-66d2-4bf5-a7fb-1adf14c7b626
version: v2.5.0 https://github.com/travis-ci/worker/tree/da3a43228dffc0fcca5a46569ca786b22991979f
instance: e2cdad4:travis:java
startup: 502.29245ms
travis_fold:end:worker_info[0Ktravis_fold:start:system_info[0K[33;1mBuild system information[0m
Build language: java
Build group: stable
Build dist: precise
Build id: 264241707
Job id: 264241708
travis-build version: 9af302805
[34m[1mBuild image provisioning date and time[0m
Thu Feb  5 15:09:33 UTC 2015
[34m[1mOperating System Details[0m
Distributor ID:	Ubuntu
Description:	Ubuntu 12.04.5 LTS
Release:	12.04
Codename:	precise
[34m[1mLinux Version[0m
3.13.0-29-generic
[34m[1mCookbooks Version[0m
a68419e https://github.com/travis-ci/travis-cookbooks/tree/a68419e
[34m[1mGCC version[0m
gcc (Ubuntu/Linaro 4.6.3-1ubuntu5) 4.6.3
Copyright (C) 2011 Free Software Foundation, Inc.
This is free software; see the source for copying conditions.  There is NO
warranty; not even for MERCHANTABILITY or FITNESS FOR A PARTICULAR PURPOSE.

[34m[1mLLVM version[0m
clang version 3.4 (tags/RELEASE_34/final)
Target: x86_64-unknown-linux-gnu
Thread model: posix
[34m[1mPre-installed Ruby versions[0m
ruby-1.9.3-p551
[34m[1mPre-installed Node.js versions[0m
v0.10.36
[34m[1mPre-installed Go versions[0m
1.4.1
[34m[1mRedis version[0m
redis-server 2.8.19
[34m[1mriak version[0m
2.0.2
[34m[1mMongoDB version[0m
MongoDB 2.4.12
[34m[1mCouchDB version[0m
couchdb 1.6.1
[34m[1mNeo4j version[0m
1.9.4
[34m[1mRabbitMQ Version[0m
3.4.3
[34m[1mElasticSearch version[0m
1.4.0
[34m[1mInstalled Sphinx versions[0m
2.0.10
2.1.9
2.2.6
[34m[1mDefault Sphinx version[0m
2.2.6
[34m[1mInstalled Firefox version[0m
firefox 31.0esr
[34m[1mPhantomJS version[0m
1.9.8
[34m[1mant -version[0m
Apache Ant(TM) version 1.8.2 compiled on December 3 2011
[34m[1mmvn -version[0m
Apache Maven 3.2.5 (12a6b3acb947671f09b81f49094c53f426d8cea1; 2014-12-14T17:29:23+00:00)
Maven home: /usr/local/maven
Java version: 1.7.0_76, vendor: Oracle Corporation
Java home: /usr/lib/jvm/java-7-oracle/jre
Default locale: en_US, platform encoding: ANSI_X3.4-1968
OS name: "linux", version: "3.13.0-29-generic", arch: "amd64", family: "unix"
travis_fold:end:system_info[0K
travis_fold:start:fix.CVE-2015-7547[0K$ export DEBIAN_FRONTEND=noninteractive
Reading package lists...
Building dependency tree...
Reading state information...
The following extra packages will be installed:
  libc-bin libc-dev-bin libc6-dev
Suggested packages:
  glibc-doc
The following packages will be upgraded:
  libc-bin libc-dev-bin libc6 libc6-dev
4 upgraded, 0 newly installed, 0 to remove and 278 not upgraded.
Need to get 8,856 kB of archives.
After this operation, 13.3 kB of additional disk space will be used.
Get:1 http://us.archive.ubuntu.com/ubuntu/ precise-updates/main libc6-dev amd64 2.15-0ubuntu10.18 [2,948 kB]
Get:2 http://us.archive.ubuntu.com/ubuntu/ precise-updates/main libc-dev-bin amd64 2.15-0ubuntu10.18 [84.5 kB]
Get:3 http://us.archive.ubuntu.com/ubuntu/ precise-updates/main libc-bin amd64 2.15-0ubuntu10.18 [1,178 kB]
Get:4 http://us.archive.ubuntu.com/ubuntu/ precise-updates/main libc6 amd64 2.15-0ubuntu10.18 [4,646 kB]
Fetched 8,856 kB in 0s (34.8 MB/s)
Preconfiguring packages ...
(Reading database ... (Reading database ... 5%(Reading database ... 10%(Reading database ... 15%(Reading database ... 20%(Reading database ... 25%(Reading database ... 30%(Reading database ... 35%(Reading database ... 40%(Reading database ... 45%(Reading database ... 50%(Reading database ... 55%(Reading database ... 60%(Reading database ... 65%(Reading database ... 70%(Reading database ... 75%(Reading database ... 80%(Reading database ... 85%(Reading database ... 90%(Reading database ... 95%(Reading database ... 100%(Reading database ... 72019 files and directories currently installed.)
Preparing to replace libc6-dev 2.15-0ubuntu10.10 (using .../libc6-dev_2.15-0ubuntu10.18_amd64.deb) ...
Unpacking replacement libc6-dev ...
Preparing to replace libc-dev-bin 2.15-0ubuntu10.10 (using .../libc-dev-bin_2.15-0ubuntu10.18_amd64.deb) ...
Unpacking replacement libc-dev-bin ...
Preparing to replace libc-bin 2.15-0ubuntu10.10 (using .../libc-bin_2.15-0ubuntu10.18_amd64.deb) ...
Unpacking replacement libc-bin ...
Processing triggers for man-db ...
Setting up libc-bin (2.15-0ubuntu10.18) ...
(Reading database ... (Reading database ... 5%(Reading database ... 10%(Reading database ... 15%(Reading database ... 20%(Reading database ... 25%(Reading database ... 30%(Reading database ... 35%(Reading database ... 40%(Reading database ... 45%(Reading database ... 50%(Reading database ... 55%(Reading database ... 60%(Reading database ... 65%(Reading database ... 70%(Reading database ... 75%(Reading database ... 80%(Reading database ... 85%(Reading database ... 90%(Reading database ... 95%(Reading database ... 100%(Reading database ... 72018 files and directories currently installed.)
Preparing to replace libc6 2.15-0ubuntu10.10 (using .../libc6_2.15-0ubuntu10.18_amd64.deb) ...
Unpacking replacement libc6 ...
Setting up libc6 (2.15-0ubuntu10.18) ...
Setting up libc-dev-bin (2.15-0ubuntu10.18) ...
Setting up libc6-dev (2.15-0ubuntu10.18) ...
Processing triggers for libc-bin ...
ldconfig deferred processing now taking place
travis_fold:end:fix.CVE-2015-7547[0Ktravis_fold:start:update_libssl1.0.0[0K$ sudo apt-get install ca-certificates libssl1.0.0
Reading package lists... 0%Reading package lists... 0%Reading package lists... 1%Reading package lists... 10%Reading package lists... 10%Reading package lists... 11%Reading package lists... 11%Reading package lists... 46%Reading package lists... 46%Reading package lists... 46%Reading package lists... 47%Reading package lists... 47%Reading package lists... 58%Reading package lists... 58%Reading package lists... 58%Reading package lists... 58%Reading package lists... 94%Reading package lists... 94%Reading package lists... 95%Reading package lists... 95%Reading package lists... 95%Reading package lists... 95%Reading package lists... 95%Reading package lists... 95%Reading package lists... 95%Reading package lists... 95%Reading package lists... 95%Reading package lists... 95%Reading package lists... 95%Reading package lists... 95%Reading package lists... 95%Reading package lists... 95%Reading package lists... 95%Reading package lists... 95%Reading package lists... 95%Reading package lists... 95%Reading package lists... 95%Reading package lists... 95%Reading package lists... 95%Reading package lists... 95%Reading package lists... 95%Reading package lists... 95%Reading package lists... 95%Reading package lists... 95%Reading package lists... 95%Reading package lists... 95%Reading package lists... 95%Reading package lists... 95%Reading package lists... 95%Reading package lists... 95%Reading package lists... 95%Reading package lists... 95%Reading package lists... 95%Reading package lists... 95%Reading package lists... 95%Reading package lists... 95%Reading package lists... 95%Reading package lists... 95%Reading package lists... 95%Reading package lists... 95%Reading package lists... 95%Reading package lists... 95%Reading package lists... 95%Reading package lists... 95%Reading package lists... 95%Reading package lists... 95%Reading package lists... 95%Reading package lists... 95%Reading package lists... 95%Reading package lists... 95%Reading package lists... 95%Reading package lists... 95%Reading package lists... 95%Reading package lists... 95%Reading package lists... 95%Reading package lists... 95%Reading package lists... 95%Reading package lists... 96%Reading package lists... 96%Reading package lists... 96%Reading package lists... 96%Reading package lists... 97%Reading package lists... 97%Reading package lists... 98%Reading package lists... 98%Reading package lists... 98%Reading package lists... 98%Reading package lists... 98%Reading package lists... 98%Reading package lists... 98%Reading package lists... 98%Reading package lists... 98%Reading package lists... 98%Reading package lists... 98%Reading package lists... 98%Reading package lists... 98%Reading package lists... 98%Reading package lists... 98%Reading package lists... 98%Reading package lists... 98%Reading package lists... 98%Reading package lists... Done
Building dependency tree... 0%Building dependency tree... 0%Building dependency tree... 50%Building dependency tree... 50%Building dependency tree       
Reading state information... 0%Reading state information... 0%Reading state information... Done
The following extra packages will be installed:
  libssl-dev
The following packages will be upgraded:
  ca-certificates libssl-dev libssl1.0.0
3 upgraded, 0 newly installed, 0 to remove and 275 not upgraded.
Need to get 2,842 kB of archives.
After this operation, 41.0 kB of additional disk space will be used.
0% [Working]            Get:1 http://us.archive.ubuntu.com/ubuntu/ precise-updates/main libssl-dev amd64 1.0.1-4ubuntu5.39 [1,580 kB]
            0% [1 libssl-dev 14.1 kB/1,580 kB 1%]                                     56% [Working]             Get:2 http://us.archive.ubuntu.com/ubuntu/ precise-updates/main libssl1.0.0 amd64 1.0.1-4ubuntu5.39 [1,054 kB]
             57% [2 libssl1.0.0 39.0 kB/1,054 kB 4%]                                       93% [Waiting for headers]                         Get:3 http://us.archive.ubuntu.com/ubuntu/ precise-updates/main ca-certificates all 20160104ubuntu0.12.04.1 [208 kB]
                         93% [3 ca-certificates 4,096 B/208 kB 2%]                                         100% [Working]              Fetched 2,842 kB in 0s (20.1 MB/s)
Preconfiguring packages ...
(Reading database ... (Reading database ... 5%(Reading database ... 10%(Reading database ... 15%(Reading database ... 20%(Reading database ... 25%(Reading database ... 30%(Reading database ... 35%(Reading database ... 40%(Reading database ... 45%(Reading database ... 50%(Reading database ... 55%(Reading database ... 60%(Reading database ... 65%(Reading database ... 70%(Reading database ... 75%(Reading database ... 80%(Reading database ... 85%(Reading database ... 90%(Reading database ... 95%(Reading database ... 100%(Reading database ... 72018 files and directories currently installed.)
Preparing to replace libssl-dev 1.0.1-4ubuntu5.21 (using .../libssl-dev_1.0.1-4ubuntu5.39_amd64.deb) ...
Unpacking replacement libssl-dev ...
Preparing to replace libssl1.0.0 1.0.1-4ubuntu5.21 (using .../libssl1.0.0_1.0.1-4ubuntu5.39_amd64.deb) ...
Unpacking replacement libssl1.0.0 ...
Setting up libssl1.0.0 (1.0.1-4ubuntu5.39) ...
Processing triggers for libc-bin ...
ldconfig deferred processing now taking place
(Reading database ... (Reading database ... 5%(Reading database ... 10%(Reading database ... 15%(Reading database ... 20%(Reading database ... 25%(Reading database ... 30%(Reading database ... 35%(Reading database ... 40%(Reading database ... 45%(Reading database ... 50%(Reading database ... 55%(Reading database ... 60%(Reading database ... 65%(Reading database ... 70%(Reading database ... 75%(Reading database ... 80%(Reading database ... 85%(Reading database ... 90%(Reading database ... 95%(Reading database ... 100%(Reading database ... 72018 files and directories currently installed.)
Preparing to replace ca-certificates 20130906ubuntu0.12.04.1 (using .../ca-certificates_20160104ubuntu0.12.04.1_all.deb) ...
Unpacking replacement ca-certificates ...
Processing triggers for man-db ...
Setting up libssl-dev (1.0.1-4ubuntu5.39) ...
Setting up ca-certificates (20160104ubuntu0.12.04.1) ...
Updating certificates in /etc/ssl/certs... 35 added, 26 removed; done.
Running hooks in /etc/ca-certificates/update.d....
Adding debian:ACCVRAIZ1.pem
Adding debian:Atos_TrustedRoot_2011.pem
Adding debian:CA_WoSign_ECC_Root.pem
Adding debian:Certification_Authority_of_WoSign_G2.pem
Adding debian:Certinomis_-_Root_CA.pem
Adding debian:CFCA_EV_ROOT.pem
Adding debian:COMODO_RSA_Certification_Authority.pem
Adding debian:DigiCert_Assured_ID_Root_G2.pem
Adding debian:DigiCert_Assured_ID_Root_G3.pem
Adding debian:DigiCert_Global_Root_G2.pem
Adding debian:DigiCert_Global_Root_G3.pem
Adding debian:DigiCert_Trusted_Root_G4.pem
Adding debian:Entrust_Root_Certification_Authority_-_EC1.pem
Adding debian:Entrust_Root_Certification_Authority_-_G2.pem
Adding debian:E-Tugra_Certification_Authority.pem
Adding debian:GlobalSign_ECC_Root_CA_-_R4.pem
Adding debian:GlobalSign_ECC_Root_CA_-_R5.pem
Adding debian:IdenTrust_Commercial_Root_CA_1.pem
Adding debian:IdenTrust_Public_Sector_Root_CA_1.pem
Adding debian:OISTE_WISeKey_Global_Root_GB_CA.pem
Adding debian:QuoVadis_Root_CA_1_G3.pem
Adding debian:QuoVadis_Root_CA_2_G3.pem
Adding debian:QuoVadis_Root_CA_3_G3.pem
Adding debian:Staat_der_Nederlanden_EV_Root_CA.pem
Adding debian:Staat_der_Nederlanden_Root_CA_-_G3.pem
Adding debian:S-TRUST_Universal_Root_CA.pem
Adding debian:TeliaSonera_Root_CA_v1.pem
Adding debian:T-TeleSec_GlobalRoot_Class_2.pem
Adding debian:TÃœRKTRUST_Elektronik_Sertifika_Hizmet_SaÄŸlayÄ±cÄ±sÄ±_H5.pem
Adding debian:TÃœRKTRUST_Elektronik_Sertifika_Hizmet_SaÄŸlayÄ±cÄ±sÄ±_H6.pem
Adding debian:TWCA_Global_Root_CA.pem
Adding debian:USERTrust_ECC_Certification_Authority.pem
Adding debian:USERTrust_RSA_Certification_Authority.pem
Adding debian:WoSign_China.pem
Adding debian:WoSign.pem
Removing debian:A-Trust-nQual-03.pem
Removing debian:America_Online_Root_Certification_Authority_1.pem
Removing debian:America_Online_Root_Certification_Authority_2.pem
Removing debian:Buypass_Class_3_CA_1.pem
Removing debian:ComSign_Secured_CA.pem
Removing debian:Digital_Signature_Trust_Co._Global_CA_1.pem
Removing debian:Digital_Signature_Trust_Co._Global_CA_3.pem
Removing debian:E-Guven_Kok_Elektronik_Sertifika_Hizmet_Saglayicisi.pem
Removing debian:Entrust.net_Secure_Server_CA.pem
Removing debian:Firmaprofesional_Root_CA.pem
Removing debian:GTE_CyberTrust_Global_Root.pem
Removing debian:RSA_Root_Certificate_1.pem
Removing debian:TC_TrustCenter_Class_2_CA_II.pem
Removing debian:TC_TrustCenter_Universal_CA_I.pem
Removing debian:TDC_Internet_Root_CA.pem
Removing debian:TDC_OCES_Root_CA.pem
Removing debian:TURKTRUST_Certificate_Services_Provider_Root_1.pem
Removing debian:TURKTRUST_Certificate_Services_Provider_Root_2.pem
Removing debian:Thawte_Premium_Server_CA.pem
Removing debian:Thawte_Server_CA.pem
Removing debian:UTN_DATACorp_SGC_Root_CA.pem
Removing debian:ValiCert_Class_1_VA.pem
Removing debian:ValiCert_Class_2_VA.pem
Removing debian:Verisign_Class_4_Public_Primary_Certification_Authority_-_G3.pem
Removing debian:Wells_Fargo_Root_CA.pem
Removing debian:spi-cacert-2008.pem
done.
done.
travis_fold:end:update_libssl1.0.0[0K$ jdk_switcher use oraclejdk8
Switching to Oracle JDK8 (java-8-oracle), JAVA_HOME will be set to /usr/lib/jvm/java-8-oracle
travis_fold:start:git.checkout[0Ktravis_time:start:15851c76[0K$ git clone --depth=50 --branch=feature/742-qualified https://github.com/Whiley/WhileyCompiler.git Whiley/WhileyCompiler
Cloning into 'Whiley/WhileyCompiler'...
remote: Counting objects: 1716, done.[K
remote: Compressing objects:   0% (1/1327)   [Kremote: Compressing objects:   1% (14/1327)   [Kremote: Compressing objects:   2% (27/1327)   [Kremote: Compressing objects:   3% (40/1327)   [Kremote: Compressing objects:   4% (54/1327)   [Kremote: Compressing objects:   5% (67/1327)   [Kremote: Compressing objects:   6% (80/1327)   [Kremote: Compressing objects:   7% (93/1327)   [Kremote: Compressing objects:   8% (107/1327)   [Kremote: Compressing objects:   9% (120/1327)   [Kremote: Compressing objects:  10% (133/1327)   [Kremote: Compressing objects:  11% (146/1327)   [Kremote: Compressing objects:  12% (160/1327)   [Kremote: Compressing objects:  13% (173/1327)   [Kremote: Compressing objects:  14% (186/1327)   [Kremote: Compressing objects:  15% (200/1327)   [Kremote: Compressing objects:  16% (213/1327)   [Kremote: Compressing objects:  17% (226/1327)   [Kremote: Compressing objects:  18% (239/1327)   [Kremote: Compressing objects:  19% (253/1327)   [Kremote: Compressing objects:  20% (266/1327)   [Kremote: Compressing objects:  21% (279/1327)   [Kremote: Compressing objects:  22% (292/1327)   [Kremote: Compressing objects:  23% (306/1327)   [Kremote: Compressing objects:  24% (319/1327)   [Kremote: Compressing objects:  25% (332/1327)   [Kremote: Compressing objects:  26% (346/1327)   [Kremote: Compressing objects:  27% (359/1327)   [Kremote: Compressing objects:  28% (372/1327)   [Kremote: Compressing objects:  29% (385/1327)   [Kremote: Compressing objects:  30% (399/1327)   [Kremote: Compressing objects:  31% (412/1327)   [Kremote: Compressing objects:  32% (425/1327)   [Kremote: Compressing objects:  33% (438/1327)   [Kremote: Compressing objects:  34% (452/1327)   [Kremote: Compressing objects:  35% (465/1327)   [Kremote: Compressing objects:  36% (478/1327)   [Kremote: Compressing objects:  37% (491/1327)   [Kremote: Compressing objects:  38% (505/1327)   [Kremote: Compressing objects:  39% (518/1327)   [Kremote: Compressing objects:  40% (531/1327)   [Kremote: Compressing objects:  41% (545/1327)   [Kremote: Compressing objects:  42% (558/1327)   [Kremote: Compressing objects:  43% (571/1327)   [Kremote: Compressing objects:  44% (584/1327)   [Kremote: Compressing objects:  45% (598/1327)   [Kremote: Compressing objects:  46% (611/1327)   [Kremote: Compressing objects:  47% (624/1327)   [Kremote: Compressing objects:  48% (637/1327)   [Kremote: Compressing objects:  49% (651/1327)   [Kremote: Compressing objects:  50% (664/1327)   [Kremote: Compressing objects:  51% (677/1327)   [Kremote: Compressing objects:  52% (691/1327)   [Kremote: Compressing objects:  53% (704/1327)   [Kremote: Compressing objects:  54% (717/1327)   [Kremote: Compressing objects:  55% (730/1327)   [Kremote: Compressing objects:  56% (744/1327)   [Kremote: Compressing objects:  57% (757/1327)   [Kremote: Compressing objects:  58% (770/1327)   [Kremote: Compressing objects:  59% (783/1327)   [Kremote: Compressing objects:  60% (797/1327)   [Kremote: Compressing objects:  61% (810/1327)   [Kremote: Compressing objects:  62% (823/1327)   [Kremote: Compressing objects:  63% (837/1327)   [Kremote: Compressing objects:  64% (850/1327)   [Kremote: Compressing objects:  65% (863/1327)   [Kremote: Compressing objects:  66% (876/1327)   [Kremote: Compressing objects:  67% (890/1327)   [Kremote: Compressing objects:  68% (903/1327)   [Kremote: Compressing objects:  69% (916/1327)   [Kremote: Compressing objects:  70% (929/1327)   [Kremote: Compressing objects:  71% (943/1327)   [Kremote: Compressing objects:  72% (956/1327)   [Kremote: Compressing objects:  73% (969/1327)   [Kremote: Compressing objects:  74% (982/1327)   [Kremote: Compressing objects:  75% (996/1327)   [Kremote: Compressing objects:  76% (1009/1327)   [Kremote: Compressing objects:  77% (1022/1327)   [Kremote: Compressing objects:  78% (1036/1327)   [Kremote: Compressing objects:  79% (1049/1327)   [Kremote: Compressing objects:  80% (1062/1327)   [Kremote: Compressing objects:  81% (1075/1327)   [Kremote: Compressing objects:  82% (1089/1327)   [Kremote: Compressing objects:  83% (1102/1327)   [Kremote: Compressing objects:  84% (1115/1327)   [Kremote: Compressing objects:  85% (1128/1327)   [Kremote: Compressing objects:  86% (1142/1327)   [Kremote: Compressing objects:  87% (1155/1327)   [Kremote: Compressing objects:  88% (1168/1327)   [Kremote: Compressing objects:  89% (1182/1327)   [Kremote: Compressing objects:  90% (1195/1327)   [Kremote: Compressing objects:  91% (1208/1327)   [Kremote: Compressing objects:  92% (1221/1327)   [Kremote: Compressing objects:  93% (1235/1327)   [Kremote: Compressing objects:  94% (1248/1327)   [Kremote: Compressing objects:  95% (1261/1327)   [Kremote: Compressing objects:  96% (1274/1327)   [Kremote: Compressing objects:  97% (1288/1327)   [Kremote: Compressing objects:  98% (1301/1327)   [Kremote: Compressing objects:  99% (1314/1327)   [Kremote: Compressing objects: 100% (1327/1327)   [Kremote: Compressing objects: 100% (1327/1327), done.[K
Receiving objects:   0% (1/1716)   Receiving objects:   1% (18/1716)   Receiving objects:   2% (35/1716)   Receiving objects:   3% (52/1716)   Receiving objects:   4% (69/1716)   Receiving objects:   5% (86/1716)   Receiving objects:   6% (103/1716)   Receiving objects:   7% (121/1716)   Receiving objects:   8% (138/1716)   Receiving objects:   9% (155/1716)   Receiving objects:  10% (172/1716)   Receiving objects:  11% (189/1716)   Receiving objects:  12% (206/1716)   Receiving objects:  13% (224/1716)   Receiving objects:  14% (241/1716)   Receiving objects:  15% (258/1716)   Receiving objects:  16% (275/1716)   Receiving objects:  17% (292/1716)   Receiving objects:  18% (309/1716)   Receiving objects:  19% (327/1716)   Receiving objects:  20% (344/1716)   Receiving objects:  21% (361/1716)   Receiving objects:  22% (378/1716)   Receiving objects:  23% (395/1716)   Receiving objects:  24% (412/1716)   Receiving objects:  25% (429/1716)   Receiving objects:  26% (447/1716)   Receiving objects:  27% (464/1716)   Receiving objects:  28% (481/1716)   Receiving objects:  29% (498/1716)   Receiving objects:  30% (515/1716)   Receiving objects:  31% (532/1716)   Receiving objects:  32% (550/1716)   Receiving objects:  33% (567/1716)   Receiving objects:  34% (584/1716)   Receiving objects:  35% (601/1716)   Receiving objects:  36% (618/1716)   Receiving objects:  37% (635/1716)   Receiving objects:  38% (653/1716)   Receiving objects:  39% (670/1716)   Receiving objects:  40% (687/1716)   Receiving objects:  41% (704/1716)   Receiving objects:  42% (721/1716)   Receiving objects:  43% (738/1716)   Receiving objects:  44% (756/1716)   Receiving objects:  45% (773/1716)   Receiving objects:  46% (790/1716)   Receiving objects:  47% (807/1716)   Receiving objects:  48% (824/1716)   Receiving objects:  49% (841/1716)   Receiving objects:  50% (858/1716)   Receiving objects:  51% (876/1716)   Receiving objects:  52% (893/1716)   Receiving objects:  53% (910/1716)   Receiving objects:  54% (927/1716)   Receiving objects:  55% (944/1716)   Receiving objects:  56% (961/1716)   Receiving objects:  57% (979/1716)   Receiving objects:  58% (996/1716)   Receiving objects:  59% (1013/1716)   Receiving objects:  60% (1030/1716)   Receiving objects:  61% (1047/1716)   Receiving objects:  62% (1064/1716)   Receiving objects:  63% (1082/1716)   Receiving objects:  64% (1099/1716)   Receiving objects:  65% (1116/1716)   Receiving objects:  66% (1133/1716)   Receiving objects:  67% (1150/1716)   Receiving objects:  68% (1167/1716)   Receiving objects:  69% (1185/1716)   Receiving objects:  70% (1202/1716)   remote: Total 1716 (delta 302), reused 1299 (delta 272), pack-reused 0[K
Receiving objects:  71% (1219/1716)   Receiving objects:  72% (1236/1716)   Receiving objects:  73% (1253/1716)   Receiving objects:  74% (1270/1716)   Receiving objects:  75% (1287/1716)   Receiving objects:  76% (1305/1716)   Receiving objects:  77% (1322/1716)   Receiving objects:  78% (1339/1716)   Receiving objects:  79% (1356/1716)   Receiving objects:  80% (1373/1716)   Receiving objects:  81% (1390/1716)   Receiving objects:  82% (1408/1716)   Receiving objects:  83% (1425/1716)   Receiving objects:  84% (1442/1716)   Receiving objects:  85% (1459/1716)   Receiving objects:  86% (1476/1716)   Receiving objects:  87% (1493/1716)   Receiving objects:  88% (1511/1716)   Receiving objects:  89% (1528/1716)   Receiving objects:  90% (1545/1716)   Receiving objects:  91% (1562/1716)   Receiving objects:  92% (1579/1716)   Receiving objects:  93% (1596/1716)   Receiving objects:  94% (1614/1716)   Receiving objects:  95% (1631/1716)   Receiving objects:  96% (1648/1716)   Receiving objects:  97% (1665/1716)   Receiving objects:  98% (1682/1716)   Receiving objects:  99% (1699/1716)   Receiving objects: 100% (1716/1716)   Receiving objects: 100% (1716/1716), 1.68 MiB | 0 bytes/s, done.
Resolving deltas:   0% (0/302)   Resolving deltas:   1% (4/302)   Resolving deltas:  19% (59/302)   Resolving deltas:  20% (61/302)   Resolving deltas:  24% (75/302)   Resolving deltas:  25% (76/302)   Resolving deltas:  26% (81/302)   Resolving deltas:  29% (88/302)   Resolving deltas:  30% (92/302)   Resolving deltas:  31% (94/302)   Resolving deltas:  33% (101/302)   Resolving deltas:  34% (104/302)   Resolving deltas:  35% (106/302)   Resolving deltas:  36% (110/302)   Resolving deltas:  37% (112/302)   Resolving deltas:  39% (120/302)   Resolving deltas:  40% (121/302)   Resolving deltas:  41% (124/302)   Resolving deltas:  44% (135/302)   Resolving deltas:  45% (136/302)   Resolving deltas:  46% (140/302)   Resolving deltas:  50% (151/302)   Resolving deltas:  56% (170/302)   Resolving deltas:  64% (195/302)   Resolving deltas:  65% (198/302)   Resolving deltas:  66% (202/302)   Resolving deltas:  67% (203/302)   Resolving deltas:  68% (207/302)   Resolving deltas:  69% (211/302)   Resolving deltas:  70% (212/302)   Resolving deltas:  71% (216/302)   Resolving deltas:  72% (218/302)   Resolving deltas:  73% (222/302)   Resolving deltas:  74% (224/302)   Resolving deltas:  75% (228/302)   Resolving deltas:  76% (230/302)   Resolving deltas:  79% (240/302)   Resolving deltas:  80% (244/302)   Resolving deltas:  81% (245/302)   Resolving deltas:  82% (248/302)   Resolving deltas:  83% (251/302)   Resolving deltas:  84% (254/302)   Resolving deltas:  85% (257/302)   Resolving deltas:  86% (261/302)   Resolving deltas:  87% (263/302)   Resolving deltas:  88% (267/302)   Resolving deltas:  89% (269/302)   Resolving deltas:  90% (273/302)   Resolving deltas:  91% (275/302)   Resolving deltas:  92% (279/302)   Resolving deltas:  93% (282/302)   Resolving deltas:  94% (284/302)   Resolving deltas:  96% (291/302)   Resolving deltas:  97% (295/302)   Resolving deltas:  98% (298/302)   Resolving deltas:  99% (299/302)   Resolving deltas: 100% (302/302)   Resolving deltas: 100% (302/302), done.
Checking connectivity... done.

travis_time:end:15851c76:start=1502687331226440734,finish=1502687331970184576,duration=743743842[0K$ cd Whiley/WhileyCompiler
$ git checkout -qf fe918979b88a32c0a797bf5039e1673370063e9c
travis_fold:end:git.checkout[0K$ java -Xmx32m -version
java version "1.8.0_31"
Java(TM) SE Runtime Environment (build 1.8.0_31-b13)
Java HotSpot(TM) 64-Bit Server VM (build 25.31-b07, mixed mode)
$ javac -J-Xmx32m -version
javac 1.8.0_31
travis_fold:start:install[0Ktravis_time:start:1e9a9cfb[0K$ true

travis_time:end:1e9a9cfb:start=1502687335988774455,finish=1502687335992259523,duration=3485068[0Ktravis_fold:end:install[0Ktravis_time:start:20f09de8[0K$ touch running_on_travis

travis_time:end:20f09de8:start=1502687335996617840,finish=1502687336001141788,duration=4523948[0K
[32;1mThe command "touch running_on_travis" exited with 0.[0m
travis_time:start:1aaf1800[0K$ ant test
Buildfile: /home/travis/build/Whiley/WhileyCompiler/build.xml
[artifact:dependencies] Downloading: org/whiley/wycc/0.5.8/wycc-0.5.8.pom from repository central at http://repo.maven.apache.org/maven2
[artifact:dependencies] Transferring 5K from central
[artifact:dependencies] Downloading: org/whiley/wytp/0.6.4/wytp-0.6.4.pom from repository central at http://repo.maven.apache.org/maven2
[artifact:dependencies] Transferring 5K from central
[artifact:dependencies] Downloading: ant/ant/1.7.0/ant-1.7.0.pom from repository central at http://repo.maven.apache.org/maven2
[artifact:dependencies] Transferring 0K from central
[artifact:dependencies] Downloading: org/apache/ant/ant/1.7.0/ant-1.7.0.pom from repository central at http://repo.maven.apache.org/maven2
[artifact:dependencies] Transferring 10K from central
[artifact:dependencies] Downloading: org/apache/ant/ant-parent/1.7.0/ant-parent-1.7.0.pom from repository central at http://repo.maven.apache.org/maven2
[artifact:dependencies] Transferring 4K from central
[artifact:dependencies] Downloading: org/apache/ant/ant-launcher/1.7.0/ant-launcher-1.7.0.pom from repository central at http://repo.maven.apache.org/maven2
[artifact:dependencies] Transferring 2K from central
[artifact:dependencies] [WARNING] While downloading ant:ant:1.7.0
[artifact:dependencies]   This artifact has been relocated to org.apache.ant:ant:1.7.0.
[artifact:dependencies] 
[artifact:dependencies] 
[artifact:dependencies] Downloading: junit/junit/4.12/junit-4.12.pom from repository central at http://repo.maven.apache.org/maven2
[artifact:dependencies] Transferring 23K from central
[artifact:dependencies] Downloading: org/hamcrest/hamcrest-core/1.3/hamcrest-core-1.3.pom from repository central at http://repo.maven.apache.org/maven2
[artifact:dependencies] Transferring 1K from central
[artifact:dependencies] Downloading: org/hamcrest/hamcrest-parent/1.3/hamcrest-parent-1.3.pom from repository central at http://repo.maven.apache.org/maven2
[artifact:dependencies] Transferring 2K from central
[artifact:dependencies] Downloading: junit/junit/4.12/junit-4.12.jar from repository central at http://repo.maven.apache.org/maven2
[artifact:dependencies] Downloading: org/apache/ant/ant/1.7.0/ant-1.7.0.jar from repository central at http://repo.maven.apache.org/maven2
[artifact:dependencies] Downloading: org/whiley/wycc/0.5.8/wycc-0.5.8.jar from repository central at http://repo.maven.apache.org/maven2
[artifact:dependencies] Downloading: org/hamcrest/hamcrest-core/1.3/hamcrest-core-1.3.jar from repository central at http://repo.maven.apache.org/maven2
[artifact:dependencies] Transferring 308K from central
[artifact:dependencies] Transferring 1260K from central
[artifact:dependencies] Transferring 44K from central
[artifact:dependencies] Transferring 133K from central
[artifact:dependencies] Downloading: org/whiley/wytp/0.6.4/wytp-0.6.4.jar from repository central at http://repo.maven.apache.org/maven2
[artifact:dependencies] Transferring 416K from central
[artifact:dependencies] Downloading: org/apache/ant/ant-launcher/1.7.0/ant-launcher-1.7.0.jar from repository central at http://repo.maven.apache.org/maven2
[artifact:dependencies] Transferring 11K from central

setup:
    [mkdir] Created dir: /home/travis/build/Whiley/WhileyCompiler/target
    [mkdir] Created dir: /home/travis/build/Whiley/WhileyCompiler/target/classes
    [mkdir] Created dir: /home/travis/build/Whiley/WhileyCompiler/target/javadoc

compile:
    [javac] Compiling 63 source files to /home/travis/build/Whiley/WhileyCompiler/target/classes
    [javac] Note: Some input files use unchecked or unsafe operations.
    [javac] Note: Recompile with -Xlint:unchecked for details.
    [javac] Creating empty /home/travis/build/Whiley/WhileyCompiler/target/classes/wyc/package-info.class
    [javac] Creating empty /home/travis/build/Whiley/WhileyCompiler/target/classes/wyil/package-info.class
    [javac] Creating empty /home/travis/build/Whiley/WhileyCompiler/target/classes/wyautl_old/util/package-info.class
    [javac] Creating empty /home/travis/build/Whiley/WhileyCompiler/target/classes/wyil/checks/package-info.class
    [javac] Creating empty /home/travis/build/Whiley/WhileyCompiler/target/classes/wyil/lang/package-info.class
    [javac] Creating empty /home/travis/build/Whiley/WhileyCompiler/target/classes/wyil/io/package-info.class
    [javac] Creating empty /home/travis/build/Whiley/WhileyCompiler/target/classes/wyc/builder/package-info.class
    [javac] Creating empty /home/travis/build/Whiley/WhileyCompiler/target/classes/wyc/lang/package-info.class
    [javac] Creating empty /home/travis/build/Whiley/WhileyCompiler/target/classes/wyautl_old/lang/package-info.class
    [javac] Creating empty /home/travis/build/Whiley/WhileyCompiler/target/classes/wyautl_old/io/package-info.class
    [javac] Creating empty /home/travis/build/Whiley/WhileyCompiler/target/classes/wyautl_old/package-info.class

compile-tests:
    [javac] Compiling 7 source files to /home/travis/build/Whiley/WhileyCompiler/target/classes

test:
    [junit] WARNING: multiple versions of ant detected in path for junit 
    [junit]          jar:file:/usr/share/ant/lib/ant.jar!/org/apache/tools/ant/Project.class
    [junit]      and jar:file:/home/travis/.m2/repository/org/apache/ant/ant/1.7.0/ant-1.7.0.jar!/org/apache/tools/ant/Project.class
    [junit] Running wyc.testing.AllInvalidTest
    [junit] Testsuite: wyc.testing.AllInvalidTest
    [junit] Tests run: 287, Failures: 1, Errors: 0, Time elapsed: 7.159 sec
    [junit] Tests run: 287, Failures: 1, Errors: 0, Time elapsed: 7.159 sec
    [junit] ------------- Standard Error -----------------
    [junit]  < tests/invalid/Import_Invalid_1.whiley:3: unable to resolve name (name not found: toString)
    [junit]  > tests/invalid/Import_Invalid_1.whiley:5: expected end-of-line
    [junit]  <     return toString(x)
    [junit]  > import toString from whiley.lang.Any
    [junit]  <            ^^^^^^^^^^^
    [junit]  >                            ^
    [junit] 
    [junit] ------------- ---------------- ---------------
    [junit] 
    [junit] Testcase: invalid[AddressExpression_Invalid_1] took 0.15 sec
    [junit] Testcase: invalid[AddressExpression_Invalid_2] took 0.009 sec
    [junit] Testcase: invalid[ArrayAccess_Invalid_1] took 0.006 sec
    [junit] Testcase: invalid[ArrayAccess_Invalid_2] took 0.153 sec
    [junit] Testcase: invalid[ArrayAccess_Invalid_3] took 0.011 sec
    [junit] Testcase: invalid[ArrayAccess_Invalid_4] took 0.141 sec
    [junit] Testcase: invalid[ArrayAccess_Invalid_5] took 0.127 sec
    [junit] Testcase: invalid[ArrayAssign_Invalid_1] took 0.005 sec
    [junit] Testcase: invalid[ArrayAssign_Invalid_2] took 0.104 sec
    [junit] Testcase: invalid[ArrayAssign_Invalid_3] took 0.103 sec
    [junit] Testcase: invalid[ArrayConversion_Invalid_1] took 0.004 sec
    [junit] Testcase: invalid[ArrayEmpty_Invalid_1] took 0.005 sec
    [junit] Testcase: invalid[ArrayEmpty_Invalid_2] took 0.089 sec
    [junit] Testcase: invalid[ArrayEquals_Invalid_1] took 0.06 sec
    [junit] Testcase: invalid[ArrayGenerator_Invalid_1] took 0.056 sec
    [junit] Testcase: invalid[ArrayGenerator_Invalid_2] took 0.072 sec
    [junit] Testcase: invalid[ArrayGenerator_Invalid_3] took 0.004 sec
    [junit] Testcase: invalid[ArrayGenerator_Invalid_4] took 0.004 sec
    [junit] Testcase: invalid[ArrayLength_Invalid_1] took 0.074 sec
    [junit] Testcase: invalid[ArrayLength_Invalid_2] took 0.109 sec
    [junit] Testcase: invalid[ArrayLength_Invalid_3] took 0.102 sec
    [junit] Testcase: invalid[ArrayUpdate_Invalid_1] took 0.061 sec
    [junit] Testcase: invalid[Array_Invalid_1] took 0.004 sec
    [junit] Testcase: invalid[Array_Invalid_2] took 0.006 sec
    [junit] Testcase: invalid[Array_Invalid_3] took 0.006 sec
    [junit] Testcase: invalid[Array_Invalid_4] took 0.004 sec
    [junit] Testcase: invalid[Array_Invalid_5] took 0.004 sec
    [junit] Testcase: invalid[Array_Invalid_6] took 0.004 sec
    [junit] Testcase: invalid[Array_Invalid_7] took 0.004 sec
    [junit] Testcase: invalid[Assert_Invalid_1] took 0.005 sec
    [junit] Testcase: invalid[Assert_Invalid_2] took 0.068 sec
    [junit] Testcase: invalid[Assign_Invalid_1] took 0.004 sec
    [junit] Testcase: invalid[Assign_Invalid_2] took 0.003 sec
    [junit] Testcase: invalid[Assign_Invalid_3] took 0.003 sec
    [junit] Testcase: invalid[Assign_Invalid_4] took 0.003 sec
    [junit] Testcase: invalid[Assign_Invalid_5] took 0.003 sec
    [junit] Testcase: invalid[Assign_Invalid_6] took 0.003 sec
    [junit] Testcase: invalid[Assign_Invalid_7] took 0.003 sec
    [junit] Testcase: invalid[Assign_Invalid_8] took 0.003 sec
    [junit] Testcase: invalid[Assign_Invalid_9] took 0.003 sec
    [junit] Testcase: invalid[Byte_Invalid_1] took 0.003 sec
    [junit] Testcase: invalid[Coercion_Invalid_2] took 0.007 sec
    [junit] Testcase: invalid[Constant_Invalid_1] took 0.002 sec
    [junit] Testcase: invalid[Constant_Invalid_2] took 0.044 sec
    [junit] Testcase: invalid[ConstrainedArray_Invalid_1] took 0.136 sec
    [junit] Testcase: invalid[ConstrainedArray_Invalid_2] took 0.103 sec
    [junit] Testcase: invalid[ConstrainedArray_Invalid_3] took 0.082 sec
    [junit] Testcase: invalid[ConstrainedInt_Invalid_1] took 0.052 sec
    [junit] Testcase: invalid[ConstrainedInt_Invalid_11] took 0.005 sec
    [junit] Testcase: invalid[ConstrainedInt_Invalid_12] took 0.038 sec
    [junit] Testcase: invalid[ConstrainedInt_Invalid_2] took 0.056 sec
    [junit] Testcase: invalid[ConstrainedInt_Invalid_3] took 0.039 sec
    [junit] Testcase: invalid[ConstrainedInt_Invalid_4] took 0.053 sec
    [junit] Testcase: invalid[ConstrainedInt_Invalid_5] took 0.066 sec
    [junit] Testcase: invalid[ConstrainedInt_Invalid_6] took 0.037 sec
    [junit] Testcase: invalid[ConstrainedInt_Invalid_7] took 0.051 sec
    [junit] Testcase: invalid[ConstrainedInt_Invalid_8] took 0.051 sec
    [junit] Testcase: invalid[ConstrainedInt_Invalid_9] took 0.079 sec
    [junit] Testcase: invalid[ConstrainedRecord_Invalid_1] took 0.077 sec
    [junit] Testcase: invalid[Continue_Invalid_1] took 0.005 sec
    [junit] Testcase: invalid[Continue_Invalid_2] took 0.004 sec
    [junit] Testcase: invalid[Contractive_Invalid_1] took 0.004 sec
    [junit] Testcase: invalid[Contractive_Invalid_2] took 0.004 sec
    [junit] Testcase: invalid[DefiniteAssign_Invalid_1] took 0.007 sec
    [junit] Testcase: invalid[DefiniteAssign_Invalid_2] took 0.004 sec
    [junit] Testcase: invalid[DefiniteAssign_Invalid_3] took 0.007 sec
    [junit] Testcase: invalid[DefiniteAssign_Invalid_4] took 0.007 sec
    [junit] Testcase: invalid[DoWhile_Invalid_1] took 0.153 sec
    [junit] Testcase: invalid[DoWhile_Invalid_2] took 0.129 sec
    [junit] Testcase: invalid[DoWhile_Invalid_3] took 0.143 sec
    [junit] Testcase: invalid[DoWhile_Invalid_4] took 0.073 sec
    [junit] Testcase: invalid[DoWhile_Invalid_5] took 0.004 sec
    [junit] Testcase: invalid[EndOfFile_Invalid_1] took 0.003 sec
    [junit] Testcase: invalid[Ensures_Invalid_1] took 0.06 sec
    [junit] Testcase: invalid[Ensures_Invalid_2] took 0.004 sec
    [junit] Testcase: invalid[Ensures_Invalid_3] took 0.076 sec
    [junit] Testcase: invalid[Export_Invalid_1] took 0 sec
    [junit] Testcase: invalid[Fail_Invalid_1] took 0 sec
    [junit] Testcase: invalid[Fail_Invalid_2] took 0.004 sec
    [junit] Testcase: invalid[Fail_Invalid_3] took 0 sec
    [junit] Testcase: invalid[FunctionRef_Invalid_1] took 0.002 sec
    [junit] Testcase: invalid[FunctionRef_Invalid_2] took 0.002 sec
    [junit] Testcase: invalid[FunctionRef_Invalid_3] took 0.002 sec
    [junit] Testcase: invalid[FunctionRef_Invalid_4] took 0.008 sec
    [junit] Testcase: invalid[FunctionRef_Invalid_5] took 0.007 sec
    [junit] Testcase: invalid[FunctionRef_Invalid_6] took 0.006 sec
    [junit] Testcase: invalid[FunctionRef_Invalid_7] took 0.007 sec
    [junit] Testcase: invalid[Function_Invalid_1] took 0.009 sec
    [junit] Testcase: invalid[Function_Invalid_10] took 0.005 sec
    [junit] Testcase: invalid[Function_Invalid_11] took 0.007 sec
    [junit] Testcase: invalid[Function_Invalid_2] took 0 sec
    [junit] Testcase: invalid[Function_Invalid_3] took 0.004 sec
    [junit] Testcase: invalid[Function_Invalid_4] took 0.004 sec
    [junit] Testcase: invalid[Function_Invalid_9] took 0 sec
    [junit] Testcase: invalid[If_Invalid_1] took 0.005 sec
    [junit] Testcase: invalid[If_Invalid_2] took 0.005 sec
    [junit] Testcase: invalid[If_Invalid_4] took 0.003 sec
    [junit] Testcase: invalid[If_Invalid_5] took 0.003 sec
    [junit] Testcase: invalid[Import_Invalid_1] took 0.005 sec
    [junit] 	FAILED
    [junit] Output does not match reference
    [junit] junit.framework.AssertionFailedError: Output does not match reference
    [junit] 	at wyc.testing.AllInvalidTest.runTest(Unknown Source)
    [junit] 	at wyc.testing.AllInvalidTest.invalid(Unknown Source)
    [junit] 
    [junit] Testcase: invalid[IntDiv_Invalid_1] took 0.042 sec
    [junit] Testcase: invalid[Intersection_Invalid_1] took 0.003 sec
    [junit] Testcase: invalid[Intersection_Invalid_2] took 0.005 sec
    [junit] Testcase: invalid[Lambda_Invalid_3] took 0.042 sec
    [junit] Testcase: invalid[Lifetime_Invalid_1] took 0.003 sec
    [junit] Testcase: invalid[Lifetime_Invalid_2] took 0.003 sec
    [junit] Testcase: invalid[Lifetime_Invalid_3] took 0.002 sec
    [junit] Testcase: invalid[Lifetime_Invalid_4] took 0.003 sec
    [junit] Testcase: invalid[Lifetime_Invalid_5] took 0.003 sec
    [junit] Testcase: invalid[Lifetime_Invalid_6] took 0.003 sec
    [junit] Testcase: invalid[Lifetime_Invalid_7] took 0.004 sec
    [junit] Testcase: invalid[Lifetime_Invalid_8] took 0.003 sec
    [junit] Testcase: invalid[Lifetime_Lambda_Invalid_1] took 0.004 sec
    [junit] Testcase: invalid[Lifetime_Lambda_Invalid_2] took 0.002 sec
    [junit] Testcase: invalid[Lifetime_Lambda_Invalid_3] took 0.005 sec
    [junit] Testcase: invalid[Lifetime_Lambda_Invalid_4] took 0.006 sec
    [junit] Testcase: invalid[Lifetime_Lambda_Invalid_5] took 0.006 sec
    [junit] Testcase: invalid[Lifetime_Lambda_Invalid_6] took 0.007 sec
    [junit] Testcase: invalid[MethodCall_Invalid_1] took 0.006 sec
    [junit] Testcase: invalid[MethodCall_Invalid_2] took 0.006 sec
    [junit] Testcase: invalid[MethodCall_Invalid_3] took 0.004 sec
    [junit] Testcase: invalid[MethodCall_Invalid_4] took 0.002 sec
    [junit] Testcase: invalid[MethodCall_Invalid_5] took 0.003 sec
    [junit] Testcase: invalid[MethodCall_Invalid_6] took 0.003 sec
    [junit] Testcase: invalid[MethodCall_Invalid_7] took 0.003 sec
    [junit] Testcase: invalid[MethodCall_Invalid_8] took 0.003 sec
    [junit] Testcase: invalid[MethodRef_Invalid_1] took 0 sec
    [junit] Testcase: invalid[MethodRef_Invalid_2] took 0.003 sec
    [junit] Testcase: invalid[MethodRef_Invalid_3] took 0 sec
    [junit] Testcase: invalid[MultiAssign_Invalid_1] took 0.005 sec
    [junit] Testcase: invalid[Native_Invalid_1] took 0 sec
    [junit] Testcase: invalid[NegationType_Invalid_1] took 0.003 sec
    [junit] Testcase: invalid[NegationType_Invalid_2] took 0.003 sec
    [junit] Testcase: invalid[NegationType_Invalid_3] took 0.003 sec
    [junit] Testcase: invalid[NegationType_Invalid_4] took 0.046 sec
    [junit] Testcase: invalid[OpenRecord_Invalid_1] took 0.003 sec
    [junit] Testcase: invalid[OpenRecord_Invalid_2] took 0 sec
    [junit] Testcase: invalid[OpenRecord_Invalid_3] took 0.003 sec
    [junit] Testcase: invalid[OpenRecord_Invalid_4] took 0.003 sec
    [junit] Testcase: invalid[OpenRecord_Invalid_5] took 0.003 sec
    [junit] Testcase: invalid[OpenRecord_Invalid_6] took 0.003 sec
    [junit] Testcase: invalid[OpenRecord_Invalid_7] took 0.003 sec
    [junit] Testcase: invalid[Parameter_Invalid_1] took 0.003 sec
    [junit] Testcase: invalid[Parameter_Invalid_2] took 0.003 sec
    [junit] Testcase: invalid[Parsing_Invalid_1] took 0 sec
    [junit] Testcase: invalid[Parsing_Invalid_10] took 0.003 sec
    [junit] Testcase: invalid[Parsing_Invalid_11] took 0.003 sec
    [junit] Testcase: invalid[Parsing_Invalid_12] took 0.004 sec
    [junit] Testcase: invalid[Parsing_Invalid_15] took 0 sec
    [junit] Testcase: invalid[Parsing_Invalid_16] took 0.002 sec
    [junit] Testcase: invalid[Parsing_Invalid_2] took 0 sec
    [junit] Testcase: invalid[Parsing_Invalid_21] took 0.006 sec
    [junit] Testcase: invalid[Parsing_Invalid_23] took 0.005 sec
    [junit] Testcase: invalid[Parsing_Invalid_24] took 0.006 sec
    [junit] Testcase: invalid[Parsing_Invalid_25] took 0.005 sec
    [junit] Testcase: invalid[Parsing_Invalid_26] took 0.002 sec
    [junit] Testcase: invalid[Parsing_Invalid_27] took 0.003 sec
    [junit] Testcase: invalid[Parsing_Invalid_28] took 0.003 sec
    [junit] Testcase: invalid[Parsing_Invalid_29] took 0.003 sec
    [junit] Testcase: invalid[Parsing_Invalid_30] took 0.003 sec
    [junit] Testcase: invalid[Parsing_Invalid_31] took 0 sec
    [junit] Testcase: invalid[Parsing_Invalid_4] took 0.003 sec
    [junit] Testcase: invalid[Parsing_Invalid_5] took 0.004 sec
    [junit] Testcase: invalid[Parsing_Invalid_6] took 0.004 sec
    [junit] Testcase: invalid[Parsing_Invalid_8] took 0.005 sec
    [junit] Testcase: invalid[ProcessAccess_Invalid_1] took 0.006 sec
    [junit] Testcase: invalid[ProcessAccess_Invalid_2] took 0.005 sec
    [junit] Testcase: invalid[ProcessAccess_Invalid_3] took 0.006 sec
    [junit] Testcase: invalid[Process_Invalid_1] took 0.006 sec
    [junit] Testcase: invalid[Property_Invalid_1] took 0.006 sec
    [junit] Testcase: invalid[Property_Invalid_2] took 0.079 sec
    [junit] Testcase: invalid[Property_Invalid_3] took 0.097 sec
    [junit] Testcase: invalid[Property_Invalid_4] took 0.107 sec
    [junit] Testcase: invalid[Property_Invalid_5] took 0.002 sec
    [junit] Testcase: invalid[Property_Invalid_6] took 0.003 sec
    [junit] Testcase: invalid[Property_Invalid_7] took 0.002 sec
    [junit] Testcase: invalid[Property_Invalid_8] took 0.066 sec
    [junit] Testcase: invalid[Quantifiers_Invalid_1] took 0.047 sec
    [junit] Testcase: invalid[Quantifiers_Invalid_2] took 0.074 sec
    [junit] Testcase: invalid[Quantifiers_Invalid_3] took 0.094 sec
    [junit] Testcase: invalid[Quantifiers_Invalid_4] took 0.077 sec
    [junit] Testcase: invalid[Quantifiers_Invalid_5] took 0.054 sec
    [junit] Testcase: invalid[Quantifiers_Invalid_6] took 0.043 sec
    [junit] Testcase: invalid[Quantifiers_Invalid_7] took 0.066 sec
    [junit] Testcase: invalid[Quantifiers_Invalid_8] took 0.12 sec
    [junit] Testcase: invalid[Record_Invalid_1] took 0.004 sec
    [junit] Testcase: invalid[Record_Invalid_2] took 0.004 sec
    [junit] Testcase: invalid[Record_Invalid_3] took 0.003 sec
    [junit] Testcase: invalid[Record_Invalid_4] took 0.003 sec
    [junit] Testcase: invalid[Record_Invalid_5] took 0.003 sec
    [junit] Testcase: invalid[Record_Invalid_6] took 0.003 sec
    [junit] Testcase: invalid[RecursiveType_Invalid_1] took 0.111 sec
    [junit] Testcase: invalid[RecursiveType_Invalid_10] took 0.088 sec
    [junit] Testcase: invalid[RecursiveType_Invalid_11] took 0.003 sec
    [junit] Testcase: invalid[RecursiveType_Invalid_2] took 0 sec
    [junit] Testcase: invalid[RecursiveType_Invalid_3] took 0.003 sec
    [junit] Testcase: invalid[RecursiveType_Invalid_4] took 0 sec
    [junit] Testcase: invalid[RecursiveType_Invalid_5] took 0.004 sec
    [junit] Testcase: invalid[RecursiveType_Invalid_7] took 0 sec
    [junit] Testcase: invalid[RecursiveType_Invalid_8] took 0 sec
    [junit] Testcase: invalid[RecursiveType_Invalid_9] took 0 sec
    [junit] Testcase: invalid[ReferenceOpenRecord_Invalid_1] took 0 sec
    [junit] Testcase: invalid[Reference_Subtype_Variant_Invalid_1] took 0.002 sec
    [junit] Testcase: invalid[Remainder_Invalid_1] took 0.066 sec
    [junit] Testcase: invalid[Remainder_Invalid_2] took 0.002 sec
    [junit] Testcase: invalid[Remainder_Invalid_3] took 0.003 sec
    [junit] Testcase: invalid[Requires_Invalid_1] took 0.035 sec
    [junit] Testcase: invalid[Return_Invalid_1] took 0.002 sec
    [junit] Testcase: invalid[Return_Invalid_10] took 0.002 sec
    [junit] Testcase: invalid[Return_Invalid_11] took 0.002 sec
    [junit] Testcase: invalid[Return_Invalid_12] took 0.003 sec
    [junit] Testcase: invalid[Return_Invalid_2] took 0.002 sec
    [junit] Testcase: invalid[Return_Invalid_3] took 0.002 sec
    [junit] Testcase: invalid[Return_Invalid_4] took 0.002 sec
    [junit] Testcase: invalid[Return_Invalid_5] took 0.002 sec
    [junit] Testcase: invalid[Return_Invalid_6] took 0.003 sec
    [junit] Testcase: invalid[Return_Invalid_7] took 0.002 sec
    [junit] Testcase: invalid[Return_Invalid_8] took 0.003 sec
    [junit] Testcase: invalid[Return_Invalid_9] took 0.003 sec
    [junit] Testcase: invalid[Subtype_Invalid_1] took 0.037 sec
    [junit] Testcase: invalid[Subtype_Invalid_2] took 0.074 sec
    [junit] Testcase: invalid[Subtype_Invalid_3] took 0.037 sec
    [junit] Testcase: invalid[Subtype_Invalid_4] took 0.05 sec
    [junit] Testcase: invalid[Subtype_Invalid_5] took 0.101 sec
    [junit] Testcase: invalid[Subtype_Invalid_6] took 0.055 sec
    [junit] Testcase: invalid[Subtype_Invalid_7] took 0.07 sec
    [junit] Testcase: invalid[Subtype_Invalid_8] took 0.079 sec
    [junit] Testcase: invalid[Subtype_Invalid_9] took 0.062 sec
    [junit] Testcase: invalid[Switch_Invalid_1] took 0.003 sec
    [junit] Testcase: invalid[Switch_Invalid_2] took 0.003 sec
    [junit] Testcase: invalid[Switch_Invalid_3] took 0.003 sec
    [junit] Testcase: invalid[Switch_Invalid_4] took 0.003 sec
    [junit] Testcase: invalid[Switch_Invalid_5] took 0.003 sec
    [junit] Testcase: invalid[Switch_Invalid_6] took 0.003 sec
    [junit] Testcase: invalid[Switch_Invalid_7] took 0.003 sec
    [junit] Testcase: invalid[TupleAssign_Invalid_1] took 0.089 sec
    [junit] Testcase: invalid[TupleAssign_Invalid_2] took 0.126 sec
    [junit] Testcase: invalid[TupleAssign_Invalid_3] took 0.086 sec
    [junit] Testcase: invalid[TupleDefine_Invalid_1] took 0.004 sec
    [junit] Testcase: invalid[TupleDefine_Invalid_2] took 0.069 sec
    [junit] Testcase: invalid[Tuple_Invalid_3] took 0 sec
    [junit] Testcase: invalid[Tuple_Invalid_4] took 0.001 sec
    [junit] Testcase: invalid[Tuple_Invalid_5] took 0 sec
    [junit] Testcase: invalid[Tuple_Invalid_6] took 0.003 sec
    [junit] Testcase: invalid[Tuple_Invalid_7] took 0.002 sec
    [junit] Testcase: invalid[TypeEquals_Invalid_1] took 0 sec
    [junit] Testcase: invalid[TypeEquals_Invalid_10] took 0.003 sec
    [junit] Testcase: invalid[TypeEquals_Invalid_11] took 0.002 sec
    [junit] Testcase: invalid[TypeEquals_Invalid_12] took 0.073 sec
    [junit] Testcase: invalid[TypeEquals_Invalid_13] took 0.003 sec
    [junit] Testcase: invalid[TypeEquals_Invalid_2] took 0.002 sec
    [junit] Testcase: invalid[TypeEquals_Invalid_5] took 0 sec
    [junit] Testcase: invalid[TypeEquals_Invalid_6] took 0.045 sec
    [junit] Testcase: invalid[TypeEquals_Invalid_7] took 0.004 sec
    [junit] Testcase: invalid[TypeEquals_Invalid_8] took 0.004 sec
    [junit] Testcase: invalid[TypeEquals_Invalid_9] took 0.005 sec
    [junit] Testcase: invalid[Type_Invalid_1] took 0.004 sec
    [junit] Testcase: invalid[UnionType_Invalid_1] took 0.003 sec
    [junit] Testcase: invalid[UnionType_Invalid_10] took 0.073 sec
    [junit] Testcase: invalid[UnionType_Invalid_2] took 0.003 sec
    [junit] Testcase: invalid[UnionType_Invalid_3] took 0.006 sec
    [junit] Testcase: invalid[UnionType_Invalid_4] took 0.007 sec
    [junit] Testcase: invalid[UnionType_Invalid_5] took 0.006 sec
    [junit] Testcase: invalid[UnionType_Invalid_6] took 0.005 sec
    [junit] Testcase: invalid[UnionType_Invalid_7] took 0.056 sec
    [junit] Testcase: invalid[UnionType_Invalid_8] took 0.069 sec
    [junit] Testcase: invalid[UnionType_Invalid_9] took 0 sec
    [junit] Testcase: invalid[VarDecl_Invalid_1] took 0.005 sec
    [junit] Testcase: invalid[VarDecl_Invalid_2] took 0.062 sec
    [junit] Testcase: invalid[VarDecl_Invalid_3] took 0.003 sec
    [junit] Testcase: invalid[VarDecl_Invalid_4] took 0.079 sec
    [junit] Testcase: invalid[While_Invalid_1] took 0.003 sec
    [junit] Testcase: invalid[While_Invalid_10] took 0.039 sec
    [junit] Testcase: invalid[While_Invalid_11] took 0.08 sec
    [junit] Testcase: invalid[While_Invalid_12] took 0.085 sec
    [junit] Testcase: invalid[While_Invalid_13] took 0.088 sec
    [junit] Testcase: invalid[While_Invalid_14] took 0.003 sec
    [junit] Testcase: invalid[While_Invalid_15] took 0.065 sec
    [junit] Testcase: invalid[While_Invalid_16] took 0.003 sec
    [junit] Testcase: invalid[While_Invalid_2] took 0.005 sec
    [junit] Testcase: invalid[While_Invalid_3] took 0.003 sec
    [junit] Testcase: invalid[While_Invalid_4] took 0.002 sec
    [junit] Testcase: invalid[While_Invalid_5] took 0.003 sec
    [junit] Testcase: invalid[While_Invalid_6] took 0.004 sec
    [junit] Testcase: invalid[While_Invalid_7] took 0.071 sec
    [junit] Testcase: invalid[While_Invalid_8] took 0.065 sec
    [junit] Testcase: invalid[While_Invalid_9] took 0.003 sec
    [junit] Testcase: invalid[XOR_Invalid_1] took 0.003 sec

BUILD FAILED
/home/travis/build/Whiley/WhileyCompiler/build.xml:55: Test wyc.testing.AllInvalidTest failed

Total time: 15 seconds

travis_time:end:1aaf1800:start=1502687336005538251,finish=1502687351648608926,duration=15643070675[0K
[31;1mThe command "ant test" exited with 1.[0m

Done. Your build exited with 1.
