travis_fold:start:worker_info
[0K[33;1mWorker information[0m
hostname: 9b06d274-5ba1-4e93-a828-6a5d1f320d20@1.worker-org-77db9856dc-x54pg.gce-production-3
version: v6.2.17 https://github.com/travis-ci/worker/tree/bc420764f334fe0d096a417c80426f672f1b7d18
instance: travis-job-3bdfc61f-74d6-4470-b78a-3e21fff34016 travis-ci-sardonyx-xenial-1593004276-4d46c6b3 (via amqp)
startup: 6.27458995s
travis_fold:end:worker_info
[0Ktravis_time:start:1e11b67d
[0Ktravis_time:end:1e11b67d:start=1601726112972132291,finish=1601726113120636288,duration=148503997,event=no_world_writable_dirs
[0Ktravis_time:start:03442296
[0Ktravis_time:end:03442296:start=1601726113123848505,finish=1601726113130489880,duration=6641375,event=setup_filter
[0Ktravis_time:start:002e6e84
[0Ktravis_time:end:002e6e84:start=1601726113134077641,finish=1601726113144985071,duration=10907430,event=agent
[0Ktravis_time:start:17e475e8
[0Ktravis_time:end:17e475e8:start=1601726113148014743,finish=1601726113150196571,duration=2181828,event=check_unsupported
[0Ktravis_time:start:09431654
[0Ktravis_fold:start:system_info
[0K[33;1mBuild system information[0m
Build language: java
Build dist: xenial
Build id: 732494427
Job id: 732494428
Runtime kernel version: 4.15.0-1077-gcp
travis-build version: 68cdc09f
[34m[1mBuild image provisioning date and time[0m
Wed Jun 24 13:36:52 UTC 2020
[34m[1mOperating System Details[0m
Distributor ID:	Ubuntu
Description:	Ubuntu 16.04.6 LTS
Release:	16.04
Codename:	xenial
[34m[1mSystemd Version[0m
systemd 229
[34m[1mCookbooks Version[0m
3f92a99 https://github.com/travis-ci/travis-cookbooks/tree/3f92a99
[34m[1mgit version[0m
git version 2.27.0
[34m[1mbash version[0m
GNU bash, version 4.3.48(1)-release (x86_64-pc-linux-gnu)
[34m[1mgcc version[0m
gcc (Ubuntu 5.4.0-6ubuntu1~16.04.12) 5.4.0 20160609
[34m[1mdocker version[0m
Client:
 Version:           18.06.0-ce
 API version:       1.38
 Go version:        go1.10.3
 Git commit:        0ffa825
 Built:             Wed Jul 18 19:11:02 2018
 OS/Arch:           linux/amd64
 Experimental:      false

Server:
 Engine:
  Version:          18.06.0-ce
  API version:      1.38 (minimum version 1.12)
  Go version:       go1.10.3
  Git commit:       0ffa825
  Built:            Wed Jul 18 19:09:05 2018
  OS/Arch:          linux/amd64
  Experimental:     false
[34m[1mclang version[0m
clang version 7.0.0 (tags/RELEASE_700/final)
[34m[1mjq version[0m
jq-1.5
[34m[1mbats version[0m
Bats 0.4.0
[34m[1mshellcheck version[0m
0.7.0
[34m[1mshfmt version[0m
v2.6.3
[34m[1mccache version[0m
3.2.4
[34m[1mcmake version[0m
cmake version 3.12.4
[34m[1mheroku version[0m
heroku/7.42.1 linux-x64 node-v12.16.2
[34m[1mimagemagick version[0m
Version: ImageMagick 6.8.9-9 Q16 x86_64 2019-11-12 http://www.imagemagick.org
[34m[1mmd5deep version[0m
4.4
[34m[1mmercurial version[0m
version 4.8
[34m[1mmysql version[0m
mysql  Ver 14.14 Distrib 5.7.30, for Linux (x86_64) using  EditLine wrapper
[34m[1mopenssl version[0m
OpenSSL 1.0.2g  1 Mar 2016
[34m[1mpacker version[0m
1.3.3
[34m[1mpostgresql client version[0m
psql (PostgreSQL) 10.13 (Ubuntu 10.13-1.pgdg16.04+1)
[34m[1mragel version[0m
Ragel State Machine Compiler version 6.8 Feb 2013
[34m[1msudo version[0m
1.8.16
[34m[1mgzip version[0m
gzip 1.6
[34m[1mzip version[0m
Zip 3.0
[34m[1mvim version[0m
VIM - Vi IMproved 7.4 (2013 Aug 10, compiled Mar 18 2020 14:06:17)
[34m[1miptables version[0m
iptables v1.6.0
[34m[1mcurl version[0m
curl 7.47.0 (x86_64-pc-linux-gnu) libcurl/7.47.0 GnuTLS/3.4.10 zlib/1.2.8 libidn/1.32 librtmp/2.3
[34m[1mwget version[0m
GNU Wget 1.17.1 built on linux-gnu.
[34m[1mrsync version[0m
rsync  version 3.1.1  protocol version 31
[34m[1mgimme version[0m
v1.5.4
[34m[1mnvm version[0m
0.35.3
[34m[1mperlbrew version[0m
/home/travis/perl5/perlbrew/bin/perlbrew  - App::perlbrew/0.88
[34m[1mphpenv version[0m
rbenv 1.1.2-30-gc879cb0
[34m[1mrvm version[0m
rvm 1.29.10 (latest) by Michal Papis, Piotr Kuczynski, Wayne E. Seguin [https://rvm.io]
[34m[1mdefault ruby version[0m
ruby 2.5.3p105 (2018-10-18 revision 65156) [x86_64-linux]
[34m[1mCouchDB version[0m
couchdb 1.6.1
[34m[1mElasticSearch version[0m
5.5.0
[34m[1mInstalled Firefox version[0m
firefox 63.0.1
[34m[1mMongoDB version[0m
MongoDB 4.0.19
[34m[1mPhantomJS version[0m
2.1.1
[34m[1mPre-installed PostgreSQL versions[0m
9.4.26
9.5.22
9.6.18
[34m[1mRedis version[0m
redis-server 6.0.5
[34m[1mPre-installed Go versions[0m
1.11.1
[34m[1mant version[0m
Apache Ant(TM) version 1.9.6 compiled on July 20 2018
[34m[1mmvn version[0m
Apache Maven 3.6.3 (cecedd343002696d0abb50b32b541b8a6ba2883f)
[34m[1mgradle version[0m
Gradle 5.1.1!
[34m[1mlein version[0m
Leiningen 2.9.3 on Java 11.0.2 OpenJDK 64-Bit Server VM
[34m[1mPre-installed Node.js versions[0m
v10.21.0
v11.0.0
v12.18.1
v4.9.1
v6.17.1
v8.12.0
v8.17.0
v8.9
[34m[1mphpenv versions[0m
  system
  5.6
  5.6.40
  7.1
  7.1.27
  7.2
* 7.2.15 (set by /home/travis/.phpenv/version)
  hhvm
  hhvm-stable
[34m[1mcomposer --version[0m
Composer version 1.8.4 2019-02-11 10:52:10
[34m[1mPre-installed Ruby versions[0m
ruby-2.3.8
ruby-2.4.5
ruby-2.5.3
travis_fold:end:system_info
[0K
travis_time:end:09431654:start=1601726113152996722,finish=1601726113158072000,duration=5075278,event=show_system_info
[0Ktravis_time:start:04335566
[0Ktravis_time:end:04335566:start=1601726113161145423,finish=1601726113174739367,duration=13593944,event=rm_riak_source
[0Ktravis_time:start:044a0cb4
[0Ktravis_time:end:044a0cb4:start=1601726113178246882,finish=1601726113184591086,duration=6344204,event=fix_rwky_redis
[0Ktravis_time:start:0568a064
[0Ktravis_time:end:0568a064:start=1601726113188319144,finish=1601726113892209376,duration=703890232,event=wait_for_network
[0Ktravis_time:start:05316600
[0Ktravis_time:end:05316600:start=1601726113897782023,finish=1601726114121608664,duration=223826641,event=update_apt_keys
[0Ktravis_time:start:05f206ca
[0Ktravis_time:end:05f206ca:start=1601726114126685959,finish=1601726114178120152,duration=51434193,event=fix_hhvm_source
[0Ktravis_time:start:001e76a1
[0Ktravis_time:end:001e76a1:start=1601726114184055828,finish=1601726114187576897,duration=3521069,event=update_mongo_arch
[0Ktravis_time:start:04d0ea20
[0Ktravis_time:end:04d0ea20:start=1601726114193906180,finish=1601726114234286017,duration=40379837,event=fix_sudo_enabled_trusty
[0Ktravis_time:start:04c03dc0
[0Ktravis_time:end:04c03dc0:start=1601726114239659052,finish=1601726114242632853,duration=2973801,event=update_glibc
[0Ktravis_time:start:00745d2e
[0Ktravis_time:end:00745d2e:start=1601726114247219294,finish=1601726114255058964,duration=7839670,event=clean_up_path
[0Ktravis_time:start:0dcfdcd0
[0Ktravis_time:end:0dcfdcd0:start=1601726114260289274,finish=1601726114269272649,duration=8983375,event=fix_resolv_conf
[0Ktravis_time:start:15f32a00
[0Ktravis_time:end:15f32a00:start=1601726114272774833,finish=1601726114281925643,duration=9150810,event=fix_etc_hosts
[0Ktravis_time:start:05fa5210
[0Ktravis_time:end:05fa5210:start=1601726114286901794,finish=1601726114297650168,duration=10748374,event=fix_mvn_settings_xml
[0Ktravis_time:start:068d6786
[0Ktravis_time:end:068d6786:start=1601726114301324719,finish=1601726114310938303,duration=9613584,event=no_ipv6_localhost
[0Ktravis_time:start:24dbd06a
[0Ktravis_time:end:24dbd06a:start=1601726114316271434,finish=1601726114319267583,duration=2996149,event=fix_etc_mavenrc
[0Ktravis_time:start:11d1b3b3
[0Ktravis_time:end:11d1b3b3:start=1601726114323933589,finish=1601726114327582104,duration=3648515,event=fix_wwdr_certificate
[0Ktravis_time:start:1d3c821e
[0Ktravis_time:end:1d3c821e:start=1601726114331292054,finish=1601726114355659915,duration=24367861,event=put_localhost_first
[0Ktravis_time:start:2268d182
[0Ktravis_time:end:2268d182:start=1601726114360510233,finish=1601726114363810204,duration=3299971,event=home_paths
[0Ktravis_time:start:001685a0
[0Ktravis_time:end:001685a0:start=1601726114368168791,finish=1601726114380613172,duration=12444381,event=disable_initramfs
[0Ktravis_time:start:1bcc5fda
[0Ktravis_time:end:1bcc5fda:start=1601726114385565731,finish=1601726114743444677,duration=357878946,event=disable_ssh_roaming
[0Ktravis_time:start:06c27978
[0Ktravis_time:end:06c27978:start=1601726114748563891,finish=1601726114751961782,duration=3397891,event=debug_tools
[0Ktravis_time:start:05b8c9a5
[0Ktravis_time:end:05b8c9a5:start=1601726114757227938,finish=1601726114760487772,duration=3259834,event=uninstall_oclint
[0Ktravis_time:start:126872f9
[0Ktravis_time:end:126872f9:start=1601726114765029102,finish=1601726114768648066,duration=3618964,event=rvm_use
[0Ktravis_time:start:0ddd502e
[0Ktravis_time:end:0ddd502e:start=1601726114774204920,finish=1601726114782634489,duration=8429569,event=rm_etc_boto_cfg
[0Ktravis_time:start:1be043a0
[0Ktravis_time:end:1be043a0:start=1601726114788038708,finish=1601726114791925909,duration=3887201,event=rm_oraclejdk8_symlink
[0Ktravis_time:start:12b3b2fc
[0Ktravis_time:end:12b3b2fc:start=1601726114798989158,finish=1601726114898373413,duration=99384255,event=enable_i386
[0Ktravis_time:start:18cbee0d
[0Ktravis_time:end:18cbee0d:start=1601726114903247456,finish=1601726114909373493,duration=6126037,event=update_rubygems
[0Ktravis_time:start:0fc362e8
[0Ktravis_time:end:0fc362e8:start=1601726114913929803,finish=1601726115723389447,duration=809459644,event=ensure_path_components
[0Ktravis_time:start:02f54cc4
[0Ktravis_time:end:02f54cc4:start=1601726115728288242,finish=1601726115730749516,duration=2461274,event=redefine_curl
[0Ktravis_time:start:0ca15460
[0Ktravis_time:end:0ca15460:start=1601726115735509495,finish=1601726115848651505,duration=113142010,event=nonblock_pipe
[0Ktravis_time:start:0297eaf3
[0Ktravis_time:end:0297eaf3:start=1601726115852470565,finish=1601726121886334406,duration=6033863841,event=apt_get_update
[0Ktravis_time:start:0abfebad
[0Ktravis_time:end:0abfebad:start=1601726121891087852,finish=1601726121893388551,duration=2300699,event=deprecate_xcode_64
[0Ktravis_time:start:0a1346e6
[0Ktravis_time:end:0a1346e6:start=1601726121900063089,finish=1601726124624204037,duration=2724140948,event=update_heroku
[0Ktravis_time:start:05a7dd42
[0Ktravis_time:end:05a7dd42:start=1601726124628638985,finish=1601726124631841334,duration=3202349,event=shell_session_update
[0Ktravis_time:start:20981c8e
[0Ktravis_fold:start:docker_mtu
[0Ktravis_fold:end:docker_mtu
[0Ktravis_time:end:20981c8e:start=1601726124638124071,finish=1601726127062639814,duration=2424515743,event=set_docker_mtu
[0Ktravis_time:start:02f042bb
[0Ktravis_fold:start:resolvconf
[0Ktravis_fold:end:resolvconf
[0Ktravis_time:end:02f042bb:start=1601726127068354488,finish=1601726127132849846,duration=64495358,event=resolvconf
[0Ktravis_time:start:06e5771f
[0Ktravis_time:end:06e5771f:start=1601726127141780134,finish=1601726127277435886,duration=135655752,event=maven_central_mirror
[0Ktravis_time:start:15a6aad4
[0Ktravis_time:end:15a6aad4:start=1601726127283389172,finish=1601726127372546413,duration=89157241,event=maven_https
[0K
travis_fold:start:install_jdk
[0K[33;1mInstalling openjdk8[0m
travis_fold:end:install_jdk
[0Ktravis_time:start:001f4ee0
[0Ktravis_time:end:001f4ee0:start=1601726127386543833,finish=1601726127388698595,duration=2154762,event=fix_ps4
[0Ktravis_time:start:0816af65
[0K
travis_fold:start:git.checkout
[0Ktravis_time:start:17252db0
[0K$ git clone --depth=50 --branch=feature/store https://github.com/dita-ot/dita-ot.git dita-ot/dita-ot
Cloning into 'dita-ot/dita-ot'...
travis_time:end:17252db0:start=1601726127399147622,finish=1601726129730478991,duration=2331331369,event=checkout
[0K$ cd dita-ot/dita-ot
$ git checkout -qf 898744a709671ce263e3ac7cff1ce97a8330c4d3
travis_fold:end:git.checkout
[0K
travis_fold:start:git.submodule
[0Ktravis_time:start:00ec5900
[0K$ git submodule update --init --recursive
Submodule 'src/main/docsrc' (https://github.com/dita-ot/docs.git) registered for path 'src/main/docsrc'
Cloning into '/home/travis/build/dita-ot/dita-ot/src/main/docsrc'...
Submodule path 'src/main/docsrc': checked out 'b99e11acf4b10ee47a4a19988145234d4dd5f0a1'
travis_time:end:00ec5900:start=1601726130047569833,finish=1601726131314710851,duration=1267141018,event=checkout
[0Ktravis_fold:end:git.submodule
[0Ktravis_time:end:00ec5900:start=1601726130047569833,finish=1601726131318982577,duration=1271412744,event=checkout
[0Ktravis_time:start:0ef2a740
[0K
[33;1mSetting environment variables from repository settings[0m
$ export LOG_LEVEL=4
$ export encrypted_1b8d0aeee504_key=[secure]
$ export encrypted_1b8d0aeee504_iv=[secure]
$ export encrypted_9d373418652a_key=[secure]
$ export encrypted_9d373418652a_iv=[secure]
$ export SKIP_GENERATE_DOCS=false
$ export OSSRH_USERNAME=[secure]
$ export OSSRH_PASSWORD=[secure]
$ export SIGNING_PASSWORD=[secure]
$ export GITHUB_PACKAGE_REGISTRY=[secure]
$ export GITHUB_USER=[secure]

[33;1mSetting environment variables from .travis.yml[0m
$ export JAVA_OPTS="-Xmx2048M"
$ export GRADLE_OPTS="-Xmx2048M"

travis_time:end:0ef2a740:start=1601726131323455393,finish=1601726131336806664,duration=13351271,event=env
[0K$ export TERM=dumb
$ java -Xmx32m -version
openjdk version "1.8.0_252"
OpenJDK Runtime Environment (build 1.8.0_252-8u252-b09-1~16.04-b09)
OpenJDK 64-Bit Server VM (build 25.252-b09, mixed mode)
$ javac -J-Xmx32m -version
javac 1.8.0_252
travis_fold:start:install
[0Ktravis_time:start:04c1f27e
[0K$ ./gradlew
Downloading https://services.gradle.org/distributions/gradle-5.6.3-bin.zip
.........................................................................................

Welcome to Gradle 5.6.3!

Here are the highlights of this release:
 - Incremental Groovy compilation
 - Groovy compile avoidance
 - Test fixtures for Java projects
 - Manage plugin versions via settings script

For more details see https://docs.gradle.org/5.6.3/release-notes.html

Starting a Gradle Daemon (subsequent builds will be faster)

> Task :compileJava
Note: Some input files use or override a deprecated API.
Note: Recompile with -Xlint:deprecation for details.
Note: Some input files use unchecked or unsafe operations.
Note: Recompile with -Xlint:unchecked for details.

> Task :processResources
> Task :classes
> Task :jar
> Task :copyInstall
> Task :axf:compileJava
> Task :axf:processResources NO-SOURCE
> Task :axf:classes
> Task :axf:jar
> Task :axf:copyInstall
> Task :fo:compileJava
> Task :fo:processResources NO-SOURCE
> Task :fo:classes
> Task :fo:jar
> Task :fo:copyInstall
> Task :fop:compileJava NO-SOURCE
> Task :fop:processResources NO-SOURCE
> Task :fop:classes UP-TO-DATE
> Task :fop:copyInstall
> Task :html5:compileSass

> Task :htmlhelp:compileJava
Note: /home/travis/build/dita-ot/dita-ot/src/main/plugins/org.dita.htmlhelp/src/main/java/org/dita/dost/ant/ConvertLang.java uses or overrides a deprecated API.
Note: Recompile with -Xlint:deprecation for details.

> Task :htmlhelp:processResources
> Task :htmlhelp:classes
> Task :htmlhelp:jar
> Task :htmlhelp:copyInstall
> Task :xep:compileJava
> Task :xep:processResources NO-SOURCE
> Task :xep:classes
> Task :xep:jar
> Task :xep:copyInstall

> Task :buildLocal
Buildfile: /home/travis/build/dita-ot/dita-ot/src/main/integrator.xml

integrate:
[integrate] Failed to read print transtypes from configuration, using defaults.
[integrate] Failed to read transtypes from configuration, using empty list.
[integrate] Failed to read supported image extensions from configuration, using defaults.
[integrate] Failed to read supported HTML extensions from configuration, using defaults.
[integrate] Failed to read supported resource file extensions from configuration, using defaults.
[integrate] Added org.dita.base
[integrate] Added org.dita.html5
[integrate] Added org.dita.htmlhelp
[integrate] Added org.dita.pdf2
[integrate] Added org.dita.pdf2.axf
[integrate] Added org.dita.pdf2.fop
[integrate] Added org.dita.pdf2.xep
[integrate] Added org.dita.xhtml
[integrate] Added org.oasis-open.dita.v1_3

configuration-jar:
      [jar] Building jar: /home/travis/build/dita-ot/dita-ot/src/main/lib/dost-configuration.jar

BUILD SUCCESSFUL
Total time: 1 second

BUILD SUCCESSFUL in 34s
20 actionable tasks: 20 executed
travis_time:end:04c1f27e:start=1601726131943808419,finish=1601726166562529097,duration=34618720678,event=install
[0Ktravis_fold:end:install
[0Ktravis_time:start:085939d1
[0K$ ./gradlew check e2eTest   --info --stacktrace --no-daemon
Initialized native services in: /home/travis/.gradle/native
Using 2 worker leases.
Starting Build
Settings evaluated using settings file '/home/travis/build/dita-ot/dita-ot/settings.gradle'.
Projects loaded. Root project using build file '/home/travis/build/dita-ot/dita-ot/build.gradle'.
Included projects: [root project 'dost', project ':axf', project ':fo', project ':fop', project ':html5', project ':htmlhelp', project ':xep']

> Configure project :
Evaluating root project 'dost' using build file '/home/travis/build/dita-ot/dita-ot/build.gradle'.

> Configure project :axf
Evaluating project ':axf' using build file '/home/travis/build/dita-ot/dita-ot/src/main/plugins/org.dita.pdf2.axf/build.gradle'.

> Configure project :fo
Evaluating project ':fo' using build file '/home/travis/build/dita-ot/dita-ot/src/main/plugins/org.dita.pdf2/build.gradle'.

> Configure project :fop
Evaluating project ':fop' using build file '/home/travis/build/dita-ot/dita-ot/src/main/plugins/org.dita.pdf2.fop/build.gradle'.

> Configure project :html5
Evaluating project ':html5' using build file '/home/travis/build/dita-ot/dita-ot/src/main/plugins/org.dita.html5/build.gradle'.

> Configure project :htmlhelp
Evaluating project ':htmlhelp' using build file '/home/travis/build/dita-ot/dita-ot/src/main/plugins/org.dita.htmlhelp/build.gradle'.

> Configure project :xep
Evaluating project ':xep' using build file '/home/travis/build/dita-ot/dita-ot/src/main/plugins/org.dita.pdf2.xep/build.gradle'.
All projects evaluated.
Selected primary task 'check' from project :
Selected primary task 'e2eTest' from project :
Tasks to be executed: [task ':compileJava', task ':processResources', task ':classes', task ':jar', task ':fo:compileJava', task ':fo:processResources', task ':fo:classes', task ':fo:jar', task ':fop:compileJava', task ':fop:processResources', task ':fop:classes', task ':fop:jar', task ':htmlhelp:compileJava', task ':htmlhelp:processResources', task ':htmlhelp:classes', task ':htmlhelp:jar', task ':compileTestJava', task ':processTestResources', task ':testClasses', task ':test', task ':check', task ':axf:compileJava', task ':axf:processResources', task ':axf:classes', task ':axf:compileTestJava', task ':axf:processTestResources', task ':axf:testClasses', task ':axf:test', task ':axf:check', task ':fo:compileTestJava', task ':fo:processTestResources', task ':fo:testClasses', task ':fo:test', task ':fo:check', task ':fop:compileTestJava', task ':fop:processTestResources', task ':fop:testClasses', task ':fop:test', task ':fop:check', task ':html5:compileJava', task ':html5:processResources', task ':html5:classes', task ':html5:compileTestJava', task ':html5:processTestResources', task ':html5:testClasses', task ':html5:test', task ':html5:check', task ':htmlhelp:compileTestJava', task ':htmlhelp:processTestResources', task ':htmlhelp:testClasses', task ':htmlhelp:test', task ':htmlhelp:check', task ':xep:compileJava', task ':xep:processResources', task ':xep:classes', task ':xep:compileTestJava', task ':xep:processTestResources', task ':xep:testClasses', task ':xep:test', task ':xep:check', task ':copyInstall', task ':axf:jar', task ':axf:copyInstall', task ':fo:copyInstall', task ':fop:copyInstall', task ':html5:compileSass', task ':htmlhelp:copyInstall', task ':xep:jar', task ':xep:copyInstall', task ':buildLocal', task ':e2eTest']
:compileJava (Thread[main,5,main]) started.

> Task :compileJava UP-TO-DATE
Caching disabled for task ':compileJava' because:
  Build cache is disabled
Skipping task ':compileJava' as it is up-to-date.
:compileJava (Thread[main,5,main]) completed. Took 0.549 secs.
:processResources (Thread[Execution worker for ':',5,main]) started.

> Task :processResources UP-TO-DATE
Caching disabled for task ':processResources' because:
  Build cache is disabled
Skipping task ':processResources' as it is up-to-date.
:processResources (Thread[Execution worker for ':',5,main]) completed. Took 0.033 secs.
:classes (Thread[Execution worker for ':',5,main]) started.

> Task :classes UP-TO-DATE
Skipping task ':classes' as it has no actions.
:classes (Thread[Execution worker for ':',5,main]) completed. Took 0.0 secs.
:jar (Thread[Execution worker for ':',5,main]) started.

> Task :jar UP-TO-DATE
Caching disabled for task ':jar' because:
  Build cache is disabled
Skipping task ':jar' as it is up-to-date.
:jar (Thread[Execution worker for ':',5,main]) completed. Took 0.035 secs.
:fo:compileJava (Thread[main,5,main]) started.

> Task :fo:compileJava UP-TO-DATE
file or directory '/home/travis/build/dita-ot/dita-ot/src/main/plugins/org.dita.pdf2/src/main/java', not found
Caching disabled for task ':fo:compileJava' because:
  Build cache is disabled
Skipping task ':fo:compileJava' as it is up-to-date.
:fo:compileJava (Thread[main,5,main]) completed. Took 0.044 secs.
:fo:processResources (Thread[Execution worker for ':',5,main]) started.

> Task :fo:processResources NO-SOURCE
file or directory '/home/travis/build/dita-ot/dita-ot/src/main/plugins/org.dita.pdf2/src/main/resources', not found
Skipping task ':fo:processResources' as it has no source files and no previous output files.
:fo:processResources (Thread[Execution worker for ':',5,main]) completed. Took 0.002 secs.
:fo:classes (Thread[Execution worker for ':',5,main]) started.

> Task :fo:classes UP-TO-DATE
Skipping task ':fo:classes' as it has no actions.
:fo:classes (Thread[Execution worker for ':',5,main]) completed. Took 0.0 secs.
:fo:jar (Thread[Execution worker for ':',5,main]) started.

> Task :fo:jar UP-TO-DATE
Caching disabled for task ':fo:jar' because:
  Build cache is disabled
Skipping task ':fo:jar' as it is up-to-date.
:fo:jar (Thread[Execution worker for ':',5,main]) completed. Took 0.006 secs.
:fop:compileJava (Thread[main,5,main]) started.

> Task :fop:compileJava NO-SOURCE
file or directory '/home/travis/build/dita-ot/dita-ot/src/main/plugins/org.dita.pdf2.fop/src/main/java', not found
Skipping task ':fop:compileJava' as it has no source files and no previous output files.
:fop:compileJava (Thread[main,5,main]) completed. Took 0.001 secs.
:fop:processResources (Thread[main,5,main]) started.

> Task :fop:processResources NO-SOURCE
file or directory '/home/travis/build/dita-ot/dita-ot/src/main/plugins/org.dita.pdf2.fop/src/main/resources', not found
Skipping task ':fop:processResources' as it has no source files and no previous output files.
:fop:processResources (Thread[main,5,main]) completed. Took 0.0 secs.
:fop:classes (Thread[main,5,main]) started.

> Task :fop:classes UP-TO-DATE
Skipping task ':fop:classes' as it has no actions.
:fop:classes (Thread[main,5,main]) completed. Took 0.0 secs.
:fop:jar (Thread[main,5,main]) started.

> Task :fop:jar
Caching disabled for task ':fop:jar' because:
  Build cache is disabled
Task ':fop:jar' is not up-to-date because:
  No history is available.
:fop:jar (Thread[main,5,main]) completed. Took 0.119 secs.
:htmlhelp:compileJava (Thread[Execution worker for ':',5,main]) started.

> Task :htmlhelp:compileJava UP-TO-DATE
Caching disabled for task ':htmlhelp:compileJava' because:
  Build cache is disabled
Skipping task ':htmlhelp:compileJava' as it is up-to-date.
:htmlhelp:compileJava (Thread[Execution worker for ':',5,main]) completed. Took 0.058 secs.
:htmlhelp:processResources (Thread[Execution worker for ':',5,main]) started.

> Task :htmlhelp:processResources UP-TO-DATE
Caching disabled for task ':htmlhelp:processResources' because:
  Build cache is disabled
Skipping task ':htmlhelp:processResources' as it is up-to-date.
:htmlhelp:processResources (Thread[Execution worker for ':',5,main]) completed. Took 0.009 secs.
:htmlhelp:classes (Thread[Execution worker for ':',5,main]) started.

> Task :htmlhelp:classes UP-TO-DATE
Skipping task ':htmlhelp:classes' as it has no actions.
:htmlhelp:classes (Thread[Execution worker for ':',5,main]) completed. Took 0.001 secs.
:htmlhelp:jar (Thread[Execution worker for ':',5,main]) started.

> Task :htmlhelp:jar UP-TO-DATE
Caching disabled for task ':htmlhelp:jar' because:
  Build cache is disabled
Skipping task ':htmlhelp:jar' as it is up-to-date.
:htmlhelp:jar (Thread[Execution worker for ':',5,main]) completed. Took 0.006 secs.
:compileTestJava (Thread[Execution worker for ':',5,main]) started.

> Task :compileTestJava
Downloading https://repo.maven.apache.org/maven2/nu/validator/htmlparser/htmlparser/1.4/htmlparser-1.4.pom to /tmp/gradle_download3040678158389357078bin
Downloading https://repo.maven.apache.org/maven2/junit/junit/4.12/junit-4.12.pom to /tmp/gradle_download5907743725797688591bin
Downloading https://repo.maven.apache.org/maven2/org/xmlunit/xmlunit-core/2.6.0/xmlunit-core-2.6.0.pom to /tmp/gradle_download37715644490485856bin
Downloading https://repo.maven.apache.org/maven2/org/xmlunit/xmlunit-parent/2.6.0/xmlunit-parent-2.6.0.pom to /tmp/gradle_download5100395066854079165bin
Downloading https://repo.maven.apache.org/maven2/org/hamcrest/hamcrest-core/1.3/hamcrest-core-1.3.pom to /tmp/gradle_download5273549140131073052bin
Downloading https://repo.maven.apache.org/maven2/org/hamcrest/hamcrest-parent/1.3/hamcrest-parent-1.3.pom to /tmp/gradle_download7883263316200039009bin
Downloading https://repo.maven.apache.org/maven2/junit/junit/4.12/junit-4.12.jar to /tmp/gradle_download2758630191327148595bin
Downloading https://repo.maven.apache.org/maven2/nu/validator/htmlparser/htmlparser/1.4/htmlparser-1.4.jar to /tmp/gradle_download3061193494715048341bin
Downloading https://repo.maven.apache.org/maven2/org/hamcrest/hamcrest-core/1.3/hamcrest-core-1.3.jar to /tmp/gradle_download2699738898107753387bin
Downloading https://repo.maven.apache.org/maven2/org/xmlunit/xmlunit-core/2.6.0/xmlunit-core-2.6.0.jar to /tmp/gradle_download483213344712758947bin
Caching disabled for task ':compileTestJava' because:
  Build cache is disabled
Task ':compileTestJava' is not up-to-date because:
  No history is available.
All input files are considered out-of-date for incremental task ':compileTestJava'.
Full recompilation is required because no incremental change information is available. This is usually caused by clean builds or changing compiler arguments.
Compiling with JDK Java compiler API.
Note: Some input files use or override a deprecated API.
Note: Recompile with -Xlint:deprecation for details.
Note: Some input files use unchecked or unsafe operations.
Note: Recompile with -Xlint:unchecked for details.
Created classpath snapshot for incremental compilation in 0.458 secs. 1 duplicate classes found in classpath (see all with --debug).
:compileTestJava (Thread[Execution worker for ':',5,main]) completed. Took 5.309 secs.
:processTestResources (Thread[main,5,main]) started.

> Task :processTestResources
Caching disabled for task ':processTestResources' because:
  Build cache is disabled
Task ':processTestResources' is not up-to-date because:
  No history is available.
:processTestResources (Thread[main,5,main]) completed. Took 1.704 secs.
:testClasses (Thread[main,5,main]) started.

> Task :testClasses
Skipping task ':testClasses' as it has no actions.
:testClasses (Thread[main,5,main]) completed. Took 0.012 secs.
:test (Thread[main,5,main]) started.

> Task :test
Caching disabled for task ':test' because:
  Build cache is disabled
Task ':test' is not up-to-date because:
  No history is available.
:test.maxParallelForks (4) is larger than max-workers (2), forcing it to 2
Starting process 'Gradle Test Executor 2'. Working directory: /home/travis/build/dita-ot/dita-ot Command: /usr/lib/jvm/java-8-openjdk-amd64/bin/java -Djava.security.manager=worker.org.gradle.process.internal.worker.child.BootstrapSecurityManager -Dorg.gradle.native=false -Xmx512m -Dfile.encoding=UTF-8 -Duser.country=US -Duser.language=en -Duser.variant -ea -cp /home/travis/.gradle/caches/5.6.3/workerMain/gradle-worker.jar worker.org.gradle.process.internal.worker.GradleWorkerMain 'Gradle Test Executor 2'
Starting process 'Gradle Test Executor 1'. Working directory: /home/travis/build/dita-ot/dita-ot Command: /usr/lib/jvm/java-8-openjdk-amd64/bin/java -Djava.security.manager=worker.org.gradle.process.internal.worker.child.BootstrapSecurityManager -Dorg.gradle.native=false -Xmx512m -Dfile.encoding=UTF-8 -Duser.country=US -Duser.language=en -Duser.variant -ea -cp /home/travis/.gradle/caches/5.6.3/workerMain/gradle-worker.jar worker.org.gradle.process.internal.worker.GradleWorkerMain 'Gradle Test Executor 1'
Successfully started process 'Gradle Test Executor 2'
Successfully started process 'Gradle Test Executor 1'

Gradle Test Executor 1 started executing tests.
Gradle Test Executor 2 started executing tests.

> Task :test

org.dita.dost.module.KeyrefModuleTest > testWalkMap STANDARD_OUT
    <?xml version="1.0" encoding="UTF-8"?><map xmlns:ditaarch="http://dita.oasis-open.org/architecture/2005/" xmlns:dita-ot="http://dita-ot.sourceforge.net/ns/201007/dita-ot" cascade="merge" class="- map/map " ditaarch:DITAArchVersion="1.3" domains="(map mapgroup-d) (topic abbrev-d) (topic delay-d) a(props deliveryTarget) (map ditavalref-d) (map glossref-d) (topic hazard-d) (topic hi-d) (topic indexing-d) (topic markup-d) (topic pr-d) (topic relmgmt-d) (topic sw-d) (topic ui-d) (topic ut-d) (topic markup-d xml-d)">
      <topicref class="- map/topicref " href="topic.dita"/>
      <topicref class="- map/topicref " href="topic.dita"/>
      <topicgroup class="+ map/topicref mapgroup-d/topicgroup " keyscope="A">
        <submap class="+ map/topicref mapgroup-d/topicgroup ditaot-d/submap " dita-ot:orig-class="+ map/topicref mapgroup-d/mapref " dita-ot:orig-format="ditamap" dita-ot:orig-href="submap.ditamap" dita-ot:submap-DITAArchVersion="1.3" dita-ot:submap-cascade="merge" dita-ot:submap-class="- map/map " dita-ot:submap-domains="(map mapgroup-d) (topic abbrev-d) (topic delay-d) a(props deliveryTarget) (map ditavalref-d) (map glossref-d) (topic hazard-d) (topic hi-d) (topic indexing-d) (topic markup-d) (topic pr-d) (topic relmgmt-d) (topic sw-d) (topic ui-d) (topic ut-d) (topic markup-d xml-d)" dita-ot:submap-title="Ditamap A">
          <topicref class="- map/topicref " href="topic-1.dita"/>
        </submap>
        <topicref class="- map/topicref " href="topic-1.dita"/>
        <topicref class="- map/topicref " href="topic-1.dita"/>
      </topicgroup>
    </map>
    <?xml version="1.0" encoding="UTF-8"?><map xmlns:ditaarch="http://dita.oasis-open.org/architecture/2005/" xmlns:dita-ot="http://dita-ot.sourceforge.net/ns/201007/dita-ot" cascade="merge" class="- map/map " ditaarch:DITAArchVersion="1.3" domains="(map mapgroup-d) (topic abbrev-d) (topic delay-d) a(props deliveryTarget) (map ditavalref-d) (map glossref-d) (topic hazard-d) (topic hi-d) (topic indexing-d) (topic markup-d) (topic pr-d) (topic relmgmt-d) (topic sw-d) (topic ui-d) (topic ut-d) (topic markup-d xml-d)">
      <topicref class="- map/topicref " href="topic.dita"/>
      <topicref class="- map/topicref " href="topic.dita"/>
      <topicgroup class="+ map/topicref mapgroup-d/topicgroup " keyscope="A">
        <submap class="+ map/topicref mapgroup-d/topicgroup ditaot-d/submap " dita-ot:orig-class="+ map/topicref mapgroup-d/mapref " dita-ot:orig-format="ditamap" dita-ot:orig-href="submap.ditamap" dita-ot:submap-DITAArchVersion="1.3" dita-ot:submap-cascade="merge" dita-ot:submap-class="- map/map " dita-ot:submap-domains="(map mapgroup-d) (topic abbrev-d) (topic delay-d) a(props deliveryTarget) (map ditavalref-d) (map glossref-d) (topic hazard-d) (topic hi-d) (topic indexing-d) (topic markup-d) (topic pr-d) (topic relmgmt-d) (topic sw-d) (topic ui-d) (topic ut-d) (topic markup-d xml-d)" dita-ot:submap-title="Ditamap A">
           <topicref class="- map/topicref " href="topic-1.dita"/>
        </submap>
        <topicref class="- map/topicref " href="topic-1.dita"/>
        <topicref class="- map/topicref " href="topic-1.dita"/>
      </topicgroup>
    </map>

org.dita.dost.store.StreamStoreTest > getSerializer_subDirectory STANDARD_OUT
    /tmp/1601726187360-0

org.dita.dost.index.IndexTermCollectionTest > testGetIndexClass STANDARD_ERROR
    /tmp/org.dita.dost.index.IndexTermCollectionTest

org.dita.dost.index.IndexTermCollectionTest > testAddTerm STANDARD_ERROR
    /tmp/org.dita.dost.index.IndexTermCollectionTest

org.dita.dost.index.IndexTermCollectionTest > testOutputTerms STANDARD_ERROR
    /tmp/org.dita.dost.index.IndexTermCollectionTest

org.dita.dost.index.IndexTermCollectionTest > testSetIndexClass STANDARD_ERROR
    /tmp/org.dita.dost.index.IndexTermCollectionTest

org.dita.dost.index.IndexTermCollectionTest > testSort STANDARD_ERROR
    /tmp/org.dita.dost.index.IndexTermCollectionTest

org.dita.dost.index.IndexTermCollectionTest > testSetPipelineHashIO SKIPPED

org.dita.dost.index.IndexTermCollectionTest > testGetPipelineHashIO SKIPPED

org.dita.dost.index.IndexTermCollectionTest > testGetIndexType STANDARD_ERROR
    /tmp/org.dita.dost.index.IndexTermCollectionTest

org.dita.dost.index.IndexTermCollectionTest > testGetTermList STANDARD_ERROR
    /tmp/org.dita.dost.index.IndexTermCollectionTest

org.dita.dost.index.IndexTermCollectionTest > testSetIndexType STANDARD_ERROR
    /tmp/org.dita.dost.index.IndexTermCollectionTest

org.dita.dost.index.IndexTermCollectionTest > testSetOutputFileRoot SKIPPED

org.dita.dost.util.TestMergeUtils > testVisit SKIPPED

org.dita.dost.util.TestMergeUtils > testAddIdStringString SKIPPED

org.dita.dost.writer.KeyrefPaserTest > testMapWithKeyScopes STANDARD_ERROR
    /home/travis/build/dita-ot/dita-ot/build/resources/test/KeyrefPaserTest/exp/d.ditamap
    /tmp/org.dita.dost.writer.KeyrefPaserTest/d.ditamap

Gradle Test Executor 2 finished executing tests.

> Task :test

org.dita.dost.module.ChunkModuleTest > testAttributeMap1 SKIPPED

org.dita.dost.index.IndexTermTargetTest > testToString SKIPPED

org.dita.dost.index.IndexTermTest > testToString SKIPPED

org.dita.dost.util.JobTest > write_performance_large SKIPPED

org.dita.dost.reader.TestDitaValReader > testRead FAILED
    java.lang.NullPointerException
        at org.dita.dost.reader.DitaValReader.read(DitaValReader.java:133)
        at org.dita.dost.reader.TestDitaValReader.testRead(TestDitaValReader.java:49)

org.dita.dost.reader.TestDitaValReader > testAnyAttributeDisabled FAILED
    java.lang.NullPointerException
        at org.dita.dost.reader.DitaValReader.read(DitaValReader.java:133)
        at org.dita.dost.reader.TestDitaValReader.testAnyAttributeDisabled(TestDitaValReader.java:70)

org.dita.dost.reader.TestDitaValReader > testAnyAttribute FAILED
    java.lang.NullPointerException
        at org.dita.dost.reader.DitaValReader.read(DitaValReader.java:133)
        at org.dita.dost.reader.TestDitaValReader.testAnyAttribute(TestDitaValReader.java:89)

Gradle Test Executor 1 finished executing tests.

> Task :test

597 tests completed, 3 failed, 9 skipped
Finished generating test XML results (0.066 secs) into: /home/travis/build/dita-ot/dita-ot/build/test-results/test
Generating HTML test report...
Finished generating test html results (0.091 secs) into: /home/travis/build/dita-ot/dita-ot/build/reports/tests/test

> Task :test FAILED
:test (Thread[main,5,main]) completed. Took 24.128 secs.

FAILURE: Build failed with an exception.

* What went wrong:
Execution failed for task ':test'.
> There were failing tests. See the report at: file:///home/travis/build/dita-ot/dita-ot/build/reports/tests/test/index.html

* Try:
Run with --debug option to get more log output. Run with --scan to get full insights.

* Exception is:
org.gradle.api.tasks.TaskExecutionException: Execution failed for task ':test'.
	at org.gradle.api.internal.tasks.execution.ExecuteActionsTaskExecuter$3.accept(ExecuteActionsTaskExecuter.java:166)
	at org.gradle.api.internal.tasks.execution.ExecuteActionsTaskExecuter$3.accept(ExecuteActionsTaskExecuter.java:163)
	at org.gradle.internal.Try$Failure.ifSuccessfulOrElse(Try.java:191)
	at org.gradle.api.internal.tasks.execution.ExecuteActionsTaskExecuter.execute(ExecuteActionsTaskExecuter.java:156)
	at org.gradle.api.internal.tasks.execution.ValidatingTaskExecuter.execute(ValidatingTaskExecuter.java:62)
	at org.gradle.api.internal.tasks.execution.SkipEmptySourceFilesTaskExecuter.execute(SkipEmptySourceFilesTaskExecuter.java:108)
	at org.gradle.api.internal.tasks.execution.ResolveBeforeExecutionOutputsTaskExecuter.execute(ResolveBeforeExecutionOutputsTaskExecuter.java:67)
	at org.gradle.api.internal.tasks.execution.ResolveAfterPreviousExecutionStateTaskExecuter.execute(ResolveAfterPreviousExecutionStateTaskExecuter.java:46)
	at org.gradle.api.internal.tasks.execution.CleanupStaleOutputsExecuter.execute(CleanupStaleOutputsExecuter.java:94)
	at org.gradle.api.internal.tasks.execution.FinalizePropertiesTaskExecuter.execute(FinalizePropertiesTaskExecuter.java:46)
	at org.gradle.api.internal.tasks.execution.ResolveTaskExecutionModeExecuter.execute(ResolveTaskExecutionModeExecuter.java:95)
	at org.gradle.api.internal.tasks.execution.SkipTaskWithNoActionsExecuter.execute(SkipTaskWithNoActionsExecuter.java:57)
	at org.gradle.api.internal.tasks.execution.SkipOnlyIfTaskExecuter.execute(SkipOnlyIfTaskExecuter.java:56)
	at org.gradle.api.internal.tasks.execution.CatchExceptionTaskExecuter.execute(CatchExceptionTaskExecuter.java:36)
	at org.gradle.api.internal.tasks.execution.EventFiringTaskExecuter$1.executeTask(EventFiringTaskExecuter.java:77)
	at org.gradle.api.internal.tasks.execution.EventFiringTaskExecuter$1.call(EventFiringTaskExecuter.java:55)
	at org.gradle.api.internal.tasks.execution.EventFiringTaskExecuter$1.call(EventFiringTaskExecuter.java:52)
	at org.gradle.internal.operations.DefaultBuildOperationExecutor$CallableBuildOperationWorker.execute(DefaultBuildOperationExecutor.java:416)
	at org.gradle.internal.operations.DefaultBuildOperationExecutor$CallableBuildOperationWorker.execute(DefaultBuildOperationExecutor.java:406)
	at org.gradle.internal.operations.DefaultBuildOperationExecutor$1.execute(DefaultBuildOperationExecutor.java:165)
	at org.gradle.internal.operations.DefaultBuildOperationExecutor.execute(DefaultBuildOperationExecutor.java:250)
	at org.gradle.internal.operations.DefaultBuildOperationExecutor.execute(DefaultBuildOperationExecutor.java:158)
	at org.gradle.internal.operations.DefaultBuildOperationExecutor.call(DefaultBuildOperationExecutor.java:102)
	at org.gradle.internal.operations.DelegatingBuildOperationExecutor.call(DelegatingBuildOperationExecutor.java:36)
	at org.gradle.api.internal.tasks.execution.EventFiringTaskExecuter.execute(EventFiringTaskExecuter.java:52)
	at org.gradle.execution.plan.LocalTaskNodeExecutor.execute(LocalTaskNodeExecutor.java:43)
	at org.gradle.execution.taskgraph.DefaultTaskExecutionGraph$InvokeNodeExecutorsAction.execute(DefaultTaskExecutionGraph.java:355)
	at org.gradle.execution.taskgraph.DefaultTaskExecutionGraph$InvokeNodeExecutorsAction.execute(DefaultTaskExecutionGraph.java:343)
	at org.gradle.execution.taskgraph.DefaultTaskExecutionGraph$BuildOperationAwareExecutionAction.execute(DefaultTaskExecutionGraph.java:336)
	at org.gradle.execution.taskgraph.DefaultTaskExecutionGraph$BuildOperationAwareExecutionAction.execute(DefaultTaskExecutionGraph.java:322)
	at org.gradle.execution.plan.DefaultPlanExecutor$ExecutorWorker$1.execute(DefaultPlanExecutor.java:134)
	at org.gradle.execution.plan.DefaultPlanExecutor$ExecutorWorker$1.execute(DefaultPlanExecutor.java:129)
	at org.gradle.execution.plan.DefaultPlanExecutor$ExecutorWorker.execute(DefaultPlanExecutor.java:202)
	at org.gradle.execution.plan.DefaultPlanExecutor$ExecutorWorker.executeNextNode(DefaultPlanExecutor.java:193)
	at org.gradle.execution.plan.DefaultPlanExecutor$ExecutorWorker.run(DefaultPlanExecutor.java:129)
	at org.gradle.execution.plan.DefaultPlanExecutor.process(DefaultPlanExecutor.java:74)
	at org.gradle.execution.taskgraph.DefaultTaskExecutionGraph.executeWithServices(DefaultTaskExecutionGraph.java:178)
	at org.gradle.execution.taskgraph.DefaultTaskExecutionGraph.execute(DefaultTaskExecutionGraph.java:154)
	at org.gradle.execution.SelectedTaskExecutionAction.execute(SelectedTaskExecutionAction.java:41)
	at org.gradle.execution.DefaultBuildWorkExecutor.execute(DefaultBuildWorkExecutor.java:40)
	at org.gradle.execution.DefaultBuildWorkExecutor.access$000(DefaultBuildWorkExecutor.java:24)
	at org.gradle.execution.DefaultBuildWorkExecutor$1.proceed(DefaultBuildWorkExecutor.java:48)
	at org.gradle.execution.DryRunBuildExecutionAction.execute(DryRunBuildExecutionAction.java:49)
	at org.gradle.execution.DefaultBuildWorkExecutor.execute(DefaultBuildWorkExecutor.java:40)
	at org.gradle.execution.DefaultBuildWorkExecutor.execute(DefaultBuildWorkExecutor.java:33)
	at org.gradle.execution.IncludedBuildLifecycleBuildWorkExecutor.execute(IncludedBuildLifecycleBuildWorkExecutor.java:36)
	at org.gradle.execution.BuildOperationFiringBuildWorkerExecutor$ExecuteTasks.run(BuildOperationFiringBuildWorkerExecutor.java:56)
	at org.gradle.internal.operations.DefaultBuildOperationExecutor$RunnableBuildOperationWorker.execute(DefaultBuildOperationExecutor.java:402)
	at org.gradle.internal.operations.DefaultBuildOperationExecutor$RunnableBuildOperationWorker.execute(DefaultBuildOperationExecutor.java:394)
	at org.gradle.internal.operations.DefaultBuildOperationExecutor$1.execute(DefaultBuildOperationExecutor.java:165)
	at org.gradle.internal.operations.DefaultBuildOperationExecutor.execute(DefaultBuildOperationExecutor.java:250)
	at org.gradle.internal.operations.DefaultBuildOperationExecutor.execute(DefaultBuildOperationExecutor.java:158)
	at org.gradle.internal.operations.DefaultBuildOperationExecutor.run(DefaultBuildOperationExecutor.java:92)
	at org.gradle.internal.operations.DelegatingBuildOperationExecutor.run(DelegatingBuildOperationExecutor.java:31)
	at org.gradle.execution.BuildOperationFiringBuildWorkerExecutor.execute(BuildOperationFiringBuildWorkerExecutor.java:41)
	at org.gradle.initialization.DefaultGradleLauncher.runWork(DefaultGradleLauncher.java:236)
	at org.gradle.initialization.DefaultGradleLauncher.doClassicBuildStages(DefaultGradleLauncher.java:147)
	at org.gradle.initialization.DefaultGradleLauncher.doBuildStages(DefaultGradleLauncher.java:126)
	at org.gradle.initialization.DefaultGradleLauncher.executeTasks(DefaultGradleLauncher.java:106)
	at org.gradle.internal.invocation.GradleBuildController$1.execute(GradleBuildController.java:60)
	at org.gradle.internal.invocation.GradleBuildController$1.execute(GradleBuildController.java:57)
	at org.gradle.internal.invocation.GradleBuildController$3.create(GradleBuildController.java:85)
	at org.gradle.internal.invocation.GradleBuildController$3.create(GradleBuildController.java:78)
	at org.gradle.internal.work.DefaultWorkerLeaseService.withLocks(DefaultWorkerLeaseService.java:189)
	at org.gradle.internal.work.StopShieldingWorkerLeaseService.withLocks(StopShieldingWorkerLeaseService.java:40)
	at org.gradle.internal.invocation.GradleBuildController.doBuild(GradleBuildController.java:78)
	at org.gradle.internal.invocation.GradleBuildController.run(GradleBuildController.java:57)
	at org.gradle.tooling.internal.provider.ExecuteBuildActionRunner.run(ExecuteBuildActionRunner.java:31)
	at org.gradle.launcher.exec.ChainingBuildActionRunner.run(ChainingBuildActionRunner.java:35)
	at org.gradle.launcher.exec.BuildOutcomeReportingBuildActionRunner.run(BuildOutcomeReportingBuildActionRunner.java:63)
	at org.gradle.tooling.internal.provider.ValidatingBuildActionRunner.run(ValidatingBuildActionRunner.java:32)
	at org.gradle.launcher.exec.BuildCompletionNotifyingBuildActionRunner.run(BuildCompletionNotifyingBuildActionRunner.java:39)
	at org.gradle.launcher.exec.RunAsBuildOperationBuildActionRunner$3.call(RunAsBuildOperationBuildActionRunner.java:51)
	at org.gradle.launcher.exec.RunAsBuildOperationBuildActionRunner$3.call(RunAsBuildOperationBuildActionRunner.java:45)
	at org.gradle.internal.operations.DefaultBuildOperationExecutor$CallableBuildOperationWorker.execute(DefaultBuildOperationExecutor.java:416)
	at org.gradle.internal.operations.DefaultBuildOperationExecutor$CallableBuildOperationWorker.execute(DefaultBuildOperationExecutor.java:406)
	at org.gradle.internal.operations.DefaultBuildOperationExecutor$1.execute(DefaultBuildOperationExecutor.java:165)
	at org.gradle.internal.operations.DefaultBuildOperationExecutor.execute(DefaultBuildOperationExecutor.java:250)
	at org.gradle.internal.operations.DefaultBuildOperationExecutor.execute(DefaultBuildOperationExecutor.java:158)
	at org.gradle.internal.operations.DefaultBuildOperationExecutor.call(DefaultBuildOperationExecutor.java:102)
	at org.gradle.internal.operations.DelegatingBuildOperationExecutor.call(DelegatingBuildOperationExecutor.java:36)
	at org.gradle.launcher.exec.RunAsBuildOperationBuildActionRunner.run(RunAsBuildOperationBuildActionRunner.java:45)
	at org.gradle.launcher.exec.InProcessBuildActionExecuter$1.transform(InProcessBuildActionExecuter.java:50)
	at org.gradle.launcher.exec.InProcessBuildActionExecuter$1.transform(InProcessBuildActionExecuter.java:47)
	at org.gradle.composite.internal.DefaultRootBuildState.run(DefaultRootBuildState.java:78)
	at org.gradle.launcher.exec.InProcessBuildActionExecuter.execute(InProcessBuildActionExecuter.java:47)
	at org.gradle.launcher.exec.InProcessBuildActionExecuter.execute(InProcessBuildActionExecuter.java:31)
	at org.gradle.launcher.exec.BuildTreeScopeBuildActionExecuter.execute(BuildTreeScopeBuildActionExecuter.java:42)
	at org.gradle.launcher.exec.BuildTreeScopeBuildActionExecuter.execute(BuildTreeScopeBuildActionExecuter.java:28)
	at org.gradle.tooling.internal.provider.ContinuousBuildActionExecuter.execute(ContinuousBuildActionExecuter.java:78)
	at org.gradle.tooling.internal.provider.ContinuousBuildActionExecuter.execute(ContinuousBuildActionExecuter.java:52)
	at org.gradle.tooling.internal.provider.SubscribableBuildActionExecuter.execute(SubscribableBuildActionExecuter.java:59)
	at org.gradle.tooling.internal.provider.SubscribableBuildActionExecuter.execute(SubscribableBuildActionExecuter.java:36)
	at org.gradle.tooling.internal.provider.SessionScopeBuildActionExecuter.execute(SessionScopeBuildActionExecuter.java:68)
	at org.gradle.tooling.internal.provider.SessionScopeBuildActionExecuter.execute(SessionScopeBuildActionExecuter.java:38)
	at org.gradle.tooling.internal.provider.GradleThreadBuildActionExecuter.execute(GradleThreadBuildActionExecuter.java:37)
	at org.gradle.tooling.internal.provider.GradleThreadBuildActionExecuter.execute(GradleThreadBuildActionExecuter.java:26)
	at org.gradle.tooling.internal.provider.ParallelismConfigurationBuildActionExecuter.execute(ParallelismConfigurationBuildActionExecuter.java:43)
	at org.gradle.tooling.internal.provider.ParallelismConfigurationBuildActionExecuter.execute(ParallelismConfigurationBuildActionExecuter.java:29)
	at org.gradle.tooling.internal.provider.StartParamsValidatingActionExecuter.execute(StartParamsValidatingActionExecuter.java:60)
	at org.gradle.tooling.internal.provider.StartParamsValidatingActionExecuter.execute(StartParamsValidatingActionExecuter.java:32)
	at org.gradle.tooling.internal.provider.SessionFailureReportingActionExecuter.execute(SessionFailureReportingActionExecuter.java:55)
	at org.gradle.tooling.internal.provider.SessionFailureReportingActionExecuter.execute(SessionFailureReportingActionExecuter.java:41)
	at org.gradle.tooling.internal.provider.SetupLoggingActionExecuter.execute(SetupLoggingActionExecuter.java:48)
	at org.gradle.tooling.internal.provider.SetupLoggingActionExecuter.execute(SetupLoggingActionExecuter.java:32)
	at org.gradle.launcher.cli.RunBuildAction.run(RunBuildAction.java:56)
	at org.gradle.internal.Actions$RunnableActionAdapter.execute(Actions.java:212)
	at org.gradle.launcher.cli.DefaultCommandLineActionFactory$ParseAndBuildAction.execute(DefaultCommandLineActionFactory.java:404)
	at org.gradle.launcher.cli.DefaultCommandLineActionFactory$ParseAndBuildAction.execute(DefaultCommandLineActionFactory.java:376)
	at org.gradle.launcher.cli.ExceptionReportingAction.execute(ExceptionReportingAction.java:38)
	at org.gradle.launcher.cli.ExceptionReportingAction.execute(ExceptionReportingAction.java:23)
	at org.gradle.launcher.cli.DefaultCommandLineActionFactory$WithLogging.execute(DefaultCommandLineActionFactory.java:369)
	at org.gradle.launcher.Main.doAction(Main.java:35)
	at org.gradle.launcher.bootstrap.EntryPoint.run(EntryPoint.java:45)
	at org.gradle.launcher.bootstrap.ProcessBootstrap.runNoExit(ProcessBootstrap.java:60)
	at org.gradle.launcher.bootstrap.ProcessBootstrap.run(ProcessBootstrap.java:37)
	at org.gradle.launcher.GradleMain.main(GradleMain.java:31)
	at org.gradle.wrapper.BootstrapMainStarter.start(BootstrapMainStarter.java:31)
	at org.gradle.wrapper.WrapperExecutor.execute(WrapperExecutor.java:108)
	at org.gradle.wrapper.GradleWrapperMain.main(GradleWrapperMain.java:63)
Caused by: org.gradle.api.GradleException: There were failing tests. See the report at: file:///home/travis/build/dita-ot/dita-ot/build/reports/tests/test/index.html
	at org.gradle.api.tasks.testing.AbstractTestTask.handleTestFailures(AbstractTestTask.java:632)
	at org.gradle.api.tasks.testing.AbstractTestTask.executeTests(AbstractTestTask.java:501)
	at org.gradle.api.tasks.testing.Test.executeTests(Test.java:613)
	at org.gradle.internal.reflect.JavaMethod.invoke(JavaMethod.java:103)
	at org.gradle.api.internal.project.taskfactory.StandardTaskAction.doExecute(StandardTaskAction.java:49)
	at org.gradle.api.internal.project.taskfactory.StandardTaskAction.execute(StandardTaskAction.java:42)
	at org.gradle.api.internal.project.taskfactory.StandardTaskAction.execute(StandardTaskAction.java:28)
	at org.gradle.api.internal.AbstractTask$TaskActionWrapper.execute(AbstractTask.java:717)
	at org.gradle.api.internal.AbstractTask$TaskActionWrapper.execute(AbstractTask.java:684)
	at org.gradle.api.internal.tasks.execution.ExecuteActionsTaskExecuter$5.run(ExecuteActionsTaskExecuter.java:476)
	at org.gradle.internal.operations.DefaultBuildOperationExecutor$RunnableBuildOperationWorker.execute(DefaultBuildOperationExecutor.java:402)
	at org.gradle.internal.operations.DefaultBuildOperationExecutor$RunnableBuildOperationWorker.execute(DefaultBuildOperationExecutor.java:394)
	at org.gradle.internal.operations.DefaultBuildOperationExecutor$1.execute(DefaultBuildOperationExecutor.java:165)
	at org.gradle.internal.operations.DefaultBuildOperationExecutor.execute(DefaultBuildOperationExecutor.java:250)
	at org.gradle.internal.operations.DefaultBuildOperationExecutor.execute(DefaultBuildOperationExecutor.java:158)
	at org.gradle.internal.operations.DefaultBuildOperationExecutor.run(DefaultBuildOperationExecutor.java:92)
	at org.gradle.internal.operations.DelegatingBuildOperationExecutor.run(DelegatingBuildOperationExecutor.java:31)
	at org.gradle.api.internal.tasks.execution.ExecuteActionsTaskExecuter.executeAction(ExecuteActionsTaskExecuter.java:461)
	at org.gradle.api.internal.tasks.execution.ExecuteActionsTaskExecuter.executeActions(ExecuteActionsTaskExecuter.java:444)
	at org.gradle.api.internal.tasks.execution.ExecuteActionsTaskExecuter.access$200(ExecuteActionsTaskExecuter.java:93)
	at org.gradle.api.internal.tasks.execution.ExecuteActionsTaskExecuter$TaskExecution.execute(ExecuteActionsTaskExecuter.java:237)
	at org.gradle.internal.execution.steps.ExecuteStep.lambda$execute$1(ExecuteStep.java:33)
	at org.gradle.internal.execution.steps.ExecuteStep.execute(ExecuteStep.java:33)
	at org.gradle.internal.execution.steps.ExecuteStep.execute(ExecuteStep.java:26)
	at org.gradle.internal.execution.steps.CleanupOutputsStep.execute(CleanupOutputsStep.java:58)
	at org.gradle.internal.execution.steps.CleanupOutputsStep.execute(CleanupOutputsStep.java:35)
	at org.gradle.internal.execution.steps.ResolveInputChangesStep.execute(ResolveInputChangesStep.java:48)
	at org.gradle.internal.execution.steps.ResolveInputChangesStep.execute(ResolveInputChangesStep.java:33)
	at org.gradle.internal.execution.steps.CancelExecutionStep.execute(CancelExecutionStep.java:39)
	at org.gradle.internal.execution.steps.TimeoutStep.executeWithoutTimeout(TimeoutStep.java:73)
	at org.gradle.internal.execution.steps.TimeoutStep.execute(TimeoutStep.java:54)
	at org.gradle.internal.execution.steps.CatchExceptionStep.execute(CatchExceptionStep.java:35)
	at org.gradle.internal.execution.steps.CreateOutputsStep.execute(CreateOutputsStep.java:51)
	at org.gradle.internal.execution.steps.SnapshotOutputsStep.execute(SnapshotOutputsStep.java:45)
	at org.gradle.internal.execution.steps.SnapshotOutputsStep.execute(SnapshotOutputsStep.java:31)
	at org.gradle.internal.execution.steps.CacheStep.executeWithoutCache(CacheStep.java:208)
	at org.gradle.internal.execution.steps.CacheStep.execute(CacheStep.java:70)
	at org.gradle.internal.execution.steps.CacheStep.execute(CacheStep.java:45)
	at org.gradle.internal.execution.steps.BroadcastChangingOutputsStep.execute(BroadcastChangingOutputsStep.java:49)
	at org.gradle.internal.execution.steps.StoreSnapshotsStep.execute(StoreSnapshotsStep.java:43)
	at org.gradle.internal.execution.steps.StoreSnapshotsStep.execute(StoreSnapshotsStep.java:32)
	at org.gradle.internal.execution.steps.RecordOutputsStep.execute(RecordOutputsStep.java:38)
	at org.gradle.internal.execution.steps.RecordOutputsStep.execute(RecordOutputsStep.java:24)
	at org.gradle.internal.execution.steps.SkipUpToDateStep.executeBecause(SkipUpToDateStep.java:96)
	at org.gradle.internal.execution.steps.SkipUpToDateStep.lambda$execute$0(SkipUpToDateStep.java:89)
	at org.gradle.internal.execution.steps.SkipUpToDateStep.execute(SkipUpToDateStep.java:54)
	at org.gradle.internal.execution.steps.SkipUpToDateStep.execute(SkipUpToDateStep.java:38)
	at org.gradle.internal.execution.steps.ResolveChangesStep.execute(ResolveChangesStep.java:76)
	at org.gradle.internal.execution.steps.ResolveChangesStep.execute(ResolveChangesStep.java:37)
	at org.gradle.internal.execution.steps.legacy.MarkSnapshottingInputsFinishedStep.execute(MarkSnapshottingInputsFinishedStep.java:36)
	at org.gradle.internal.execution.steps.legacy.MarkSnapshottingInputsFinishedStep.execute(MarkSnapshottingInputsFinishedStep.java:26)
	at org.gradle.internal.execution.steps.ResolveCachingStateStep.execute(ResolveCachingStateStep.java:90)
	at org.gradle.internal.execution.steps.ResolveCachingStateStep.execute(ResolveCachingStateStep.java:48)
	at org.gradle.internal.execution.steps.CaptureStateBeforeExecutionStep.execute(CaptureStateBeforeExecutionStep.java:69)
	at org.gradle.internal.execution.steps.CaptureStateBeforeExecutionStep.execute(CaptureStateBeforeExecutionStep.java:47)
	at org.gradle.internal.execution.impl.DefaultWorkExecutor.execute(DefaultWorkExecutor.java:33)
	at org.gradle.api.internal.tasks.execution.ExecuteActionsTaskExecuter.execute(ExecuteActionsTaskExecuter.java:140)
	... 116 more


* Get more help at https://help.gradle.org

BUILD FAILED in 37s
12 actionable tasks: 4 executed, 8 up-to-date
travis_time:end:085939d1:start=1601726166571130769,finish=1601726204450980102,duration=37879849333,event=script
[0K[31;1mThe command "./gradlew check e2eTest   --info --stacktrace --no-daemon" exited with 1.[0m


Done. Your build exited with 1.
