travis_fold:start:worker_info
[0K[33;1mWorker information[0m
hostname: i-078c8b0-precise-production-2-worker-org-docker.travisci.net:865caba0-6058-4cf1-97f4-5ff04cafb5c4
version: v2.5.0 https://github.com/travis-ci/worker/tree/da3a43228dffc0fcca5a46569ca786b22991979f
instance: d418ed6:travis:python
startup: 907.780887ms
travis_fold:end:worker_info
[0Ktravis_fold:start:system_info
[0K[33;1mBuild system information[0m
Build language: python
Build group: stable
Build dist: precise
Build id: 212206919
Job id: 212206923
travis-build version: 6b480e5a1
[34m[1mBuild image provisioning date and time[0m
Thu Feb  5 15:09:33 UTC 2015
[34m[1mOperating System Details[0m
Distributor ID:	Ubuntu
Description:	Ubuntu 12.04.5 LTS
Release:	12.04
Codename:	precise
[34m[1mLinux Version[0m
3.13.0-29-generic
[34m[1mCookbooks Version[0m
a68419e https://github.com/travis-ci/travis-cookbooks/tree/a68419e
[34m[1mGCC version[0m
gcc (Ubuntu/Linaro 4.6.3-1ubuntu5) 4.6.3
Copyright (C) 2011 Free Software Foundation, Inc.
This is free software; see the source for copying conditions.  There is NO
warranty; not even for MERCHANTABILITY or FITNESS FOR A PARTICULAR PURPOSE.

[34m[1mLLVM version[0m
clang version 3.4 (tags/RELEASE_34/final)
Target: x86_64-unknown-linux-gnu
Thread model: posix
[34m[1mPre-installed Ruby versions[0m
ruby-1.9.3-p551
[34m[1mPre-installed Node.js versions[0m
v0.10.36
[34m[1mPre-installed Go versions[0m
1.4.1
[34m[1mRedis version[0m
redis-server 2.8.19
[34m[1mriak version[0m
2.0.2
[34m[1mMongoDB version[0m
MongoDB 2.4.12
[34m[1mCouchDB version[0m
couchdb 1.6.1
[34m[1mNeo4j version[0m
1.9.4
[34m[1mRabbitMQ Version[0m
3.4.3
[34m[1mElasticSearch version[0m
1.4.0
[34m[1mInstalled Sphinx versions[0m
2.0.10
2.1.9
2.2.6
[34m[1mDefault Sphinx version[0m
2.2.6
[34m[1mInstalled Firefox version[0m
firefox 31.0esr
[34m[1mPhantomJS version[0m
1.9.8
[34m[1mant -version[0m
Apache Ant(TM) version 1.8.2 compiled on December 3 2011
[34m[1mmvn -version[0m
Apache Maven 3.2.5 (12a6b3acb947671f09b81f49094c53f426d8cea1; 2014-12-14T17:29:23+00:00)
Maven home: /usr/local/maven
Java version: 1.7.0_76, vendor: Oracle Corporation
Java home: /usr/lib/jvm/java-7-oracle/jre
Default locale: en_US, platform encoding: ANSI_X3.4-1968
OS name: "linux", version: "3.13.0-29-generic", arch: "amd64", family: "unix"
travis_fold:end:system_info
[0K
travis_fold:start:fix.CVE-2015-7547
[0K$ export DEBIAN_FRONTEND=noninteractive
Reading package lists...
Building dependency tree...
Reading state information...
The following extra packages will be installed:
  libc-bin libc-dev-bin libc6-dev
Suggested packages:
  glibc-doc
The following packages will be upgraded:
  libc-bin libc-dev-bin libc6 libc6-dev
4 upgraded, 0 newly installed, 0 to remove and 259 not upgraded.
Need to get 8,840 kB of archives.
After this operation, 14.3 kB disk space will be freed.
Get:1 http://us.archive.ubuntu.com/ubuntu/ precise-updates/main libc6-dev amd64 2.15-0ubuntu10.15 [2,943 kB]
Get:2 http://us.archive.ubuntu.com/ubuntu/ precise-updates/main libc-dev-bin amd64 2.15-0ubuntu10.15 [84.7 kB]
Get:3 http://us.archive.ubuntu.com/ubuntu/ precise-updates/main libc-bin amd64 2.15-0ubuntu10.15 [1,177 kB]
Get:4 http://us.archive.ubuntu.com/ubuntu/ precise-updates/main libc6 amd64 2.15-0ubuntu10.15 [4,636 kB]
Fetched 8,840 kB in 0s (33.2 MB/s)
Preconfiguring packages ...
(Reading database ... 
(Reading database ... 5%
(Reading database ... 10%
(Reading database ... 15%
(Reading database ... 20%
(Reading database ... 25%
(Reading database ... 30%
(Reading database ... 35%
(Reading database ... 40%
(Reading database ... 45%
(Reading database ... 50%
(Reading database ... 55%
(Reading database ... 60%
(Reading database ... 65%
(Reading database ... 70%
(Reading database ... 75%
(Reading database ... 80%
(Reading database ... 85%
(Reading database ... 90%
(Reading database ... 95%
(Reading database ... 100%
(Reading database ... 72431 files and directories currently installed.)
Preparing to replace libc6-dev 2.15-0ubuntu10.10 (using .../libc6-dev_2.15-0ubuntu10.15_amd64.deb) ...
Unpacking replacement libc6-dev ...
Preparing to replace libc-dev-bin 2.15-0ubuntu10.10 (using .../libc-dev-bin_2.15-0ubuntu10.15_amd64.deb) ...
Unpacking replacement libc-dev-bin ...
Preparing to replace libc-bin 2.15-0ubuntu10.10 (using .../libc-bin_2.15-0ubuntu10.15_amd64.deb) ...
Unpacking replacement libc-bin ...
Processing triggers for man-db ...
Setting up libc-bin (2.15-0ubuntu10.15) ...
(Reading database ... 
(Reading database ... 5%
(Reading database ... 10%
(Reading database ... 15%
(Reading database ... 20%
(Reading database ... 25%
(Reading database ... 30%
(Reading database ... 35%
(Reading database ... 40%
(Reading database ... 45%
(Reading database ... 50%
(Reading database ... 55%
(Reading database ... 60%
(Reading database ... 65%
(Reading database ... 70%
(Reading database ... 75%
(Reading database ... 80%
(Reading database ... 85%
(Reading database ... 90%
(Reading database ... 95%
(Reading database ... 100%
(Reading database ... 72430 files and directories currently installed.)
Preparing to replace libc6 2.15-0ubuntu10.10 (using .../libc6_2.15-0ubuntu10.15_amd64.deb) ...
Unpacking replacement libc6 ...
Setting up libc6 (2.15-0ubuntu10.15) ...
Setting up libc-dev-bin (2.15-0ubuntu10.15) ...
Setting up libc6-dev (2.15-0ubuntu10.15) ...
Processing triggers for libc-bin ...
ldconfig deferred processing now taking place
travis_fold:end:fix.CVE-2015-7547
[0K[33;1m3.5 is not installed; attempting download[0m
[33;1mDownloading archive: https://s3.amazonaws.com/travis-python-archives/binaries/ubuntu/12.04/x86_64/python-3.5.tar.bz2[0m
$ sudo tar xjf python-3.5.tar.bz2 --directory /
travis_fold:start:git.checkout
[0Ktravis_time:start:0ed99fb4
[0K$ git clone --depth=50 --branch=develop https://github.com/glennmatthews/cot.git glennmatthews/cot
Cloning into 'glennmatthews/cot'...
remote: Counting objects: 4825, done.[K
remote: Compressing objects:   0% (1/1399)   [K
remote: Compressing objects:   1% (14/1399)   [K
remote: Compressing objects:   2% (28/1399)   [K
remote: Compressing objects:   3% (42/1399)   [K
remote: Compressing objects:   4% (56/1399)   [K
remote: Compressing objects:   5% (70/1399)   [K
remote: Compressing objects:   6% (84/1399)   [K
remote: Compressing objects:   7% (98/1399)   [K
remote: Compressing objects:   8% (112/1399)   [K
remote: Compressing objects:   9% (126/1399)   [K
remote: Compressing objects:  10% (140/1399)   [K
remote: Compressing objects:  11% (154/1399)   [K
remote: Compressing objects:  12% (168/1399)   [K
remote: Compressing objects:  13% (182/1399)   [K
remote: Compressing objects:  14% (196/1399)   [K
remote: Compressing objects:  15% (210/1399)   [K
remote: Compressing objects:  16% (224/1399)   [K
remote: Compressing objects:  17% (238/1399)   [K
remote: Compressing objects:  18% (252/1399)   [K
remote: Compressing objects:  19% (266/1399)   [K
remote: Compressing objects:  20% (280/1399)   [K
remote: Compressing objects:  21% (294/1399)   [K
remote: Compressing objects:  22% (308/1399)   [K
remote: Compressing objects:  23% (322/1399)   [K
remote: Compressing objects:  24% (336/1399)   [K
remote: Compressing objects:  25% (350/1399)   [K
remote: Compressing objects:  26% (364/1399)   [K
remote: Compressing objects:  27% (378/1399)   [K
remote: Compressing objects:  28% (392/1399)   [K
remote: Compressing objects:  29% (406/1399)   [K
remote: Compressing objects:  30% (420/1399)   [K
remote: Compressing objects:  31% (434/1399)   [K
remote: Compressing objects:  32% (448/1399)   [K
remote: Compressing objects:  33% (462/1399)   [K
remote: Compressing objects:  34% (476/1399)   [K
remote: Compressing objects:  35% (490/1399)   [K
remote: Compressing objects:  36% (504/1399)   [K
remote: Compressing objects:  37% (518/1399)   [K
remote: Compressing objects:  38% (532/1399)   [K
remote: Compressing objects:  39% (546/1399)   [K
remote: Compressing objects:  40% (560/1399)   [K
remote: Compressing objects:  41% (574/1399)   [K
remote: Compressing objects:  42% (588/1399)   [K
remote: Compressing objects:  43% (602/1399)   [K
remote: Compressing objects:  44% (616/1399)   [K
remote: Compressing objects:  45% (630/1399)   [K
remote: Compressing objects:  46% (644/1399)   [K
remote: Compressing objects:  47% (658/1399)   [K
remote: Compressing objects:  48% (672/1399)   [K
remote: Compressing objects:  49% (686/1399)   [K
remote: Compressing objects:  50% (700/1399)   [K
remote: Compressing objects:  51% (714/1399)   [K
remote: Compressing objects:  52% (728/1399)   [K
remote: Compressing objects:  53% (742/1399)   [K
remote: Compressing objects:  54% (756/1399)   [K
remote: Compressing objects:  55% (770/1399)   [K
remote: Compressing objects:  56% (784/1399)   [K
remote: Compressing objects:  57% (798/1399)   [K
remote: Compressing objects:  58% (812/1399)   [K
remote: Compressing objects:  59% (826/1399)   [K
remote: Compressing objects:  60% (840/1399)   [K
remote: Compressing objects:  61% (854/1399)   [K
remote: Compressing objects:  62% (868/1399)   [K
remote: Compressing objects:  63% (882/1399)   [K
remote: Compressing objects:  64% (896/1399)   [K
remote: Compressing objects:  65% (910/1399)   [K
remote: Compressing objects:  66% (924/1399)   [K
remote: Compressing objects:  67% (938/1399)   [K
remote: Compressing objects:  68% (952/1399)   [K
remote: Compressing objects:  69% (966/1399)   [K
remote: Compressing objects:  70% (980/1399)   [K
remote: Compressing objects:  71% (994/1399)   [K
remote: Compressing objects:  72% (1008/1399)   [K
remote: Compressing objects:  73% (1022/1399)   [K
remote: Compressing objects:  74% (1036/1399)   [K
remote: Compressing objects:  75% (1050/1399)   [K
remote: Compressing objects:  76% (1064/1399)   [K
remote: Compressing objects:  77% (1078/1399)   [K
remote: Compressing objects:  78% (1092/1399)   [K
remote: Compressing objects:  79% (1106/1399)   [K
remote: Compressing objects:  80% (1120/1399)   [K
remote: Compressing objects:  81% (1134/1399)   [K
remote: Compressing objects:  82% (1148/1399)   [K
remote: Compressing objects:  83% (1162/1399)   [K
remote: Compressing objects:  84% (1176/1399)   [K
remote: Compressing objects:  85% (1190/1399)   [K
remote: Compressing objects:  86% (1204/1399)   [K
remote: Compressing objects:  87% (1218/1399)   [K
remote: Compressing objects:  88% (1232/1399)   [K
remote: Compressing objects:  89% (1246/1399)   [K
remote: Compressing objects:  90% (1260/1399)   [K
remote: Compressing objects:  91% (1274/1399)   [K
remote: Compressing objects:  92% (1288/1399)   [K
remote: Compressing objects:  93% (1302/1399)   [K
remote: Compressing objects:  94% (1316/1399)   [K
remote: Compressing objects:  95% (1330/1399)   [K
remote: Compressing objects:  96% (1344/1399)   [K
remote: Compressing objects:  97% (1358/1399)   [K
remote: Compressing objects:  98% (1372/1399)   [K
remote: Compressing objects:  99% (1386/1399)   [K
remote: Compressing objects: 100% (1399/1399)   [K
remote: Compressing objects: 100% (1399/1399), done.[K
Receiving objects:   0% (1/4825)   
Receiving objects:   1% (49/4825)   
Receiving objects:   2% (97/4825)   
Receiving objects:   3% (145/4825)   
Receiving objects:   4% (193/4825)   
Receiving objects:   5% (242/4825)   
Receiving objects:   6% (290/4825)   
Receiving objects:   7% (338/4825)   
Receiving objects:   8% (386/4825)   
Receiving objects:   9% (435/4825)   
Receiving objects:  10% (483/4825)   
Receiving objects:  11% (531/4825)   
Receiving objects:  12% (579/4825)   
Receiving objects:  13% (628/4825)   
Receiving objects:  14% (676/4825)   
Receiving objects:  15% (724/4825)   
Receiving objects:  16% (772/4825)   
Receiving objects:  17% (821/4825)   
Receiving objects:  18% (869/4825)   
Receiving objects:  19% (917/4825)   
Receiving objects:  20% (965/4825)   
Receiving objects:  21% (1014/4825)   
Receiving objects:  22% (1062/4825)   
Receiving objects:  23% (1110/4825)   
Receiving objects:  24% (1158/4825)   
Receiving objects:  25% (1207/4825)   
Receiving objects:  26% (1255/4825)   
Receiving objects:  27% (1303/4825)   
Receiving objects:  28% (1351/4825)   
Receiving objects:  29% (1400/4825)   
Receiving objects:  30% (1448/4825)   
Receiving objects:  31% (1496/4825)   
Receiving objects:  32% (1544/4825)   
Receiving objects:  33% (1593/4825)   
Receiving objects:  34% (1641/4825)   
Receiving objects:  35% (1689/4825)   
Receiving objects:  36% (1737/4825)   
Receiving objects:  37% (1786/4825)   
Receiving objects:  38% (1834/4825)   
Receiving objects:  39% (1882/4825)   
Receiving objects:  40% (1930/4825)   
Receiving objects:  41% (1979/4825)   
Receiving objects:  42% (2027/4825)   
Receiving objects:  43% (2075/4825)   
Receiving objects:  44% (2123/4825)   
Receiving objects:  45% (2172/4825)   
Receiving objects:  46% (2220/4825)   
Receiving objects:  47% (2268/4825)   
Receiving objects:  48% (2316/4825)   
Receiving objects:  49% (2365/4825)   
Receiving objects:  50% (2413/4825)   
Receiving objects:  51% (2461/4825)   
Receiving objects:  52% (2509/4825)   
Receiving objects:  53% (2558/4825)   
Receiving objects:  54% (2606/4825)   
Receiving objects:  55% (2654/4825)   
Receiving objects:  56% (2702/4825)   
Receiving objects:  57% (2751/4825)   
Receiving objects:  58% (2799/4825)   
Receiving objects:  59% (2847/4825)   
Receiving objects:  60% (2895/4825)   
Receiving objects:  61% (2944/4825)   
Receiving objects:  62% (2992/4825)   
Receiving objects:  63% (3040/4825)   
Receiving objects:  64% (3088/4825)   
Receiving objects:  65% (3137/4825)   
Receiving objects:  66% (3185/4825)   
Receiving objects:  67% (3233/4825)   
Receiving objects:  68% (3281/4825)   
Receiving objects:  69% (3330/4825)   
Receiving objects:  70% (3378/4825)   
Receiving objects:  71% (3426/4825)   
Receiving objects:  72% (3474/4825)   
Receiving objects:  73% (3523/4825)   
Receiving objects:  74% (3571/4825)   
Receiving objects:  75% (3619/4825)   
Receiving objects:  76% (3667/4825)   
Receiving objects:  77% (3716/4825)   
Receiving objects:  78% (3764/4825)   
Receiving objects:  79% (3812/4825)   
Receiving objects:  80% (3860/4825)   
Receiving objects:  81% (3909/4825)   
Receiving objects:  82% (3957/4825)   
Receiving objects:  83% (4005/4825)   
Receiving objects:  84% (4053/4825)   
Receiving objects:  85% (4102/4825)   
Receiving objects:  86% (4150/4825)   
Receiving objects:  87% (4198/4825)   
Receiving objects:  88% (4246/4825)   
Receiving objects:  89% (4295/4825)   
Receiving objects:  90% (4343/4825)   
Receiving objects:  91% (4391/4825)   
Receiving objects:  92% (4439/4825)   
Receiving objects:  93% (4488/4825)   
Receiving objects:  94% (4536/4825)   
Receiving objects:  95% (4584/4825)   
Receiving objects:  96% (4632/4825)   
Receiving objects:  97% (4681/4825)   
Receiving objects:  98% (4729/4825)   
Receiving objects:  99% (4777/4825)   
remote: Total 4825 (delta 3809), reused 4407 (delta 3415), pack-reused 0[K
Receiving objects: 100% (4825/4825)   
Receiving objects: 100% (4825/4825), 1.58 MiB | 0 bytes/s, done.
Resolving deltas:   0% (0/3809)   
Resolving deltas:   1% (42/3809)   
Resolving deltas:   2% (92/3809)   
Resolving deltas:   3% (124/3809)   
Resolving deltas:   4% (153/3809)   
Resolving deltas:   5% (198/3809)   
Resolving deltas:   6% (232/3809)   
Resolving deltas:   7% (270/3809)   
Resolving deltas:   8% (307/3809)   
Resolving deltas:   9% (358/3809)   
Resolving deltas:  10% (390/3809)   
Resolving deltas:  11% (424/3809)   
Resolving deltas:  12% (461/3809)   
Resolving deltas:  13% (527/3809)   
Resolving deltas:  14% (559/3809)   
Resolving deltas:  15% (574/3809)   
Resolving deltas:  16% (611/3809)   
Resolving deltas:  19% (754/3809)   
Resolving deltas:  20% (765/3809)   
Resolving deltas:  21% (805/3809)   
Resolving deltas:  23% (900/3809)   
Resolving deltas:  24% (924/3809)   
Resolving deltas:  25% (953/3809)   
Resolving deltas:  26% (996/3809)   
Resolving deltas:  28% (1074/3809)   
Resolving deltas:  29% (1106/3809)   
Resolving deltas:  32% (1235/3809)   
Resolving deltas:  33% (1270/3809)   
Resolving deltas:  34% (1302/3809)   
Resolving deltas:  35% (1339/3809)   
Resolving deltas:  36% (1398/3809)   
Resolving deltas:  37% (1412/3809)   
Resolving deltas:  39% (1501/3809)   
Resolving deltas:  41% (1584/3809)   
Resolving deltas:  42% (1605/3809)   
Resolving deltas:  43% (1651/3809)   
Resolving deltas:  45% (1742/3809)   
Resolving deltas:  46% (1783/3809)   
Resolving deltas:  48% (1842/3809)   
Resolving deltas:  50% (1912/3809)   
Resolving deltas:  51% (1946/3809)   
Resolving deltas:  52% (1991/3809)   
Resolving deltas:  53% (2026/3809)   
Resolving deltas:  54% (2079/3809)   
Resolving deltas:  55% (2101/3809)   
Resolving deltas:  56% (2135/3809)   
Resolving deltas:  57% (2204/3809)   
Resolving deltas:  58% (2212/3809)   
Resolving deltas:  59% (2248/3809)   
Resolving deltas:  60% (2303/3809)   
Resolving deltas:  61% (2333/3809)   
Resolving deltas:  62% (2370/3809)   
Resolving deltas:  63% (2400/3809)   
Resolving deltas:  64% (2454/3809)   
Resolving deltas:  65% (2477/3809)   
Resolving deltas:  66% (2514/3809)   
Resolving deltas:  67% (2560/3809)   
Resolving deltas:  68% (2602/3809)   
Resolving deltas:  69% (2656/3809)   
Resolving deltas:  70% (2697/3809)   
Resolving deltas:  71% (2715/3809)   
Resolving deltas:  72% (2743/3809)   
Resolving deltas:  73% (2798/3809)   
Resolving deltas:  74% (2823/3809)   
Resolving deltas:  75% (2870/3809)   
Resolving deltas:  77% (2969/3809)   
Resolving deltas:  78% (2981/3809)   
Resolving deltas:  79% (3014/3809)   
Resolving deltas:  80% (3071/3809)   
Resolving deltas:  81% (3118/3809)   
Resolving deltas:  82% (3151/3809)   
Resolving deltas:  83% (3163/3809)   
Resolving deltas:  84% (3201/3809)   
Resolving deltas:  85% (3252/3809)   
Resolving deltas:  86% (3281/3809)   
Resolving deltas:  87% (3315/3809)   
Resolving deltas:  88% (3364/3809)   
Resolving deltas:  89% (3402/3809)   
Resolving deltas:  90% (3443/3809)   
Resolving deltas:  91% (3497/3809)   
Resolving deltas:  92% (3523/3809)   
Resolving deltas:  93% (3553/3809)   
Resolving deltas:  94% (3586/3809)   
Resolving deltas:  95% (3627/3809)   
Resolving deltas:  96% (3665/3809)   
Resolving deltas:  97% (3703/3809)   
Resolving deltas:  98% (3735/3809)   
Resolving deltas: 100% (3809/3809)   
Resolving deltas: 100% (3809/3809), done.
Checking connectivity... done.

travis_time:end:0ed99fb4:start=1489772496435429391,finish=1489772497331907386,duration=896477995
[0K$ cd glennmatthews/cot
$ git checkout -qf 81c7ffda70bb1f12d9bc937149e898978ea59b32
travis_fold:end:git.checkout
[0Ktravis_fold:start:apt
[0K[33;1mInstalling APT Packages (BETA)[0m
$ export DEBIAN_FRONTEND=noninteractive
travis_time:start:06fca473
[0K$ sudo -E apt-get -yq update &>> ~/apt-get-update.log

travis_time:end:06fca473:start=1489772497359408579,finish=1489772502875520773,duration=5516112194
[0Ktravis_time:start:0a88d170
[0K$ sudo -E apt-get -yq --no-install-suggests --no-install-recommends --force-yes install make gcc qemu-utils xorriso zlib1g-dev
Reading package lists...
Building dependency tree...
Reading state information...
gcc is already the newest version.
gcc set to manually installed.
zlib1g-dev is already the newest version.
zlib1g-dev set to manually installed.
make is already the newest version.
make set to manually installed.
The following extra packages will be installed:
  libaio1 libburn4 libisoburn1 libisofs6 libjte1 librados2 librbd1
Suggested packages:
  jigit cdck
The following NEW packages will be installed:
  libaio1 libburn4 libisoburn1 libisofs6 libjte1 librados2 librbd1 qemu-utils
  xorriso
0 upgraded, 9 newly installed, 0 to remove and 259 not upgraded.
Need to get 1,939 kB of archives.
After this operation, 4,723 kB of additional disk space will be used.
Get:1 http://us.archive.ubuntu.com/ubuntu/ precise/main libaio1 amd64 0.3.109-2ubuntu1 [6,396 B]
Get:2 http://us.archive.ubuntu.com/ubuntu/ precise/main libburn4 amd64 1.1.8-1 [129 kB]
Get:3 http://us.archive.ubuntu.com/ubuntu/ precise/main libjte1 amd64 1.19-1 [28.0 kB]
Get:4 http://us.archive.ubuntu.com/ubuntu/ precise/main libisofs6 amd64 1.1.6-1ubuntu1 [148 kB]
Get:5 http://us.archive.ubuntu.com/ubuntu/ precise/main libisoburn1 amd64 1.1.8-1 [337 kB]
Get:6 http://us.archive.ubuntu.com/ubuntu/ precise-updates/main librados2 amd64 0.41-1ubuntu2.1 [784 kB]
Get:7 http://us.archive.ubuntu.com/ubuntu/ precise-updates/main librbd1 amd64 0.41-1ubuntu2.1 [49.8 kB]
Get:8 http://us.archive.ubuntu.com/ubuntu/ precise-updates/main qemu-utils amd64 1.0+noroms-0ubuntu14.31 [357 kB]
Get:9 http://us.archive.ubuntu.com/ubuntu/ precise/main xorriso amd64 1.1.8-1 [100 kB]
Fetched 1,939 kB in 0s (13.8 MB/s)
Selecting previously unselected package libaio1.
(Reading database ... 
(Reading database ... 5%
(Reading database ... 10%
(Reading database ... 15%
(Reading database ... 20%
(Reading database ... 25%
(Reading database ... 30%
(Reading database ... 35%
(Reading database ... 40%
(Reading database ... 45%
(Reading database ... 50%
(Reading database ... 55%
(Reading database ... 60%
(Reading database ... 65%
(Reading database ... 70%
(Reading database ... 75%
(Reading database ... 80%
(Reading database ... 85%
(Reading database ... 90%
(Reading database ... 95%
(Reading database ... 100%
(Reading database ... 72430 files and directories currently installed.)
Unpacking libaio1 (from .../libaio1_0.3.109-2ubuntu1_amd64.deb) ...
Selecting previously unselected package libburn4.
Unpacking libburn4 (from .../libburn4_1.1.8-1_amd64.deb) ...
Selecting previously unselected package libjte1.
Unpacking libjte1 (from .../libjte1_1.19-1_amd64.deb) ...
Selecting previously unselected package libisofs6.
Unpacking libisofs6 (from .../libisofs6_1.1.6-1ubuntu1_amd64.deb) ...
Selecting previously unselected package libisoburn1.
Unpacking libisoburn1 (from .../libisoburn1_1.1.8-1_amd64.deb) ...
Selecting previously unselected package librados2.
Unpacking librados2 (from .../librados2_0.41-1ubuntu2.1_amd64.deb) ...
Selecting previously unselected package librbd1.
Unpacking librbd1 (from .../librbd1_0.41-1ubuntu2.1_amd64.deb) ...
Selecting previously unselected package qemu-utils.
Unpacking qemu-utils (from .../qemu-utils_1.0+noroms-0ubuntu14.31_amd64.deb) ...
Selecting previously unselected package xorriso.
Unpacking xorriso (from .../xorriso_1.1.8-1_amd64.deb) ...
Processing triggers for man-db ...
Setting up libaio1 (0.3.109-2ubuntu1) ...
Setting up libburn4 (1.1.8-1) ...
Setting up libjte1 (1.19-1) ...
Setting up libisofs6 (1.1.6-1ubuntu1) ...
Setting up libisoburn1 (1.1.8-1) ...
Setting up librados2 (0.41-1ubuntu2.1) ...
Setting up librbd1 (0.41-1ubuntu2.1) ...
Setting up qemu-utils (1.0+noroms-0ubuntu14.31) ...
Setting up xorriso (1.1.8-1) ...
Processing triggers for libc-bin ...
ldconfig deferred processing now taking place

travis_time:end:0a88d170:start=1489772502880573594,finish=1489772510021196331,duration=7140622737
[0Ktravis_fold:end:apt
[0K
[33;1mThis job is running on container-based infrastructure, which does not allow use of 'sudo', setuid and setguid executables.[0m
[33;1mIf you require sudo, add 'sudo: required' to your .travis.yml[0m
[33;1mSee https://docs.travis-ci.com/user/workers/container-based-infrastructure/ for details.[0m
travis_time:start:0479712a
[0K$ source ~/virtualenv/python3.5/bin/activate

travis_time:end:0479712a:start=1489772513764976440,finish=1489772513769613168,duration=4636728
[0Ktravis_fold:start:cache.1
[0KSetting up build cache
$ export CASHER_DIR=$HOME/.casher
travis_time:start:0ce777d0
[0K$ Installing caching utilities

travis_time:end:0ce777d0:start=1489772513988856842,finish=1489772514022538765,duration=33681923
[0Ktravis_time:start:00c4f265
[0K
travis_time:end:00c4f265:start=1489772514029195308,finish=1489772514033472442,duration=4277134
[0Ktravis_time:start:002c87a8
[0K[32;1mattempting to download cache archive[0m
[32;1mfetching develop/cache-linux-precise-e3b0c44298fc1c149afbf4c8996fb92427ae41e4649b934ca495991b7852b855--python-3.5.tgz[0m
[32;1mfound cache[0m

travis_time:end:002c87a8:start=1489772514038644530,finish=1489772515609000462,duration=1570355932
[0Ktravis_time:start:0c5eef30
[0K
travis_time:end:0c5eef30:start=1489772515614021903,finish=1489772515618057519,duration=4035616
[0Ktravis_time:start:003a3182
[0K[32;1madding /home/travis/.cache/pip to cache[0m

travis_time:end:003a3182:start=1489772515625292587,finish=1489772517281162357,duration=1655869770
[0Ktravis_fold:end:cache.1
[0K$ python --version
Python 3.5.2
$ pip --version
pip 9.0.1 from /home/travis/virtualenv/python3.5.2/lib/python3.5/site-packages (python 3.5)
travis_fold:start:install.1
[0Ktravis_time:start:1744ad95
[0K$ pip install --upgrade pip setuptools
Requirement already up-to-date: pip in /home/travis/virtualenv/python3.5.2/lib/python3.5/site-packages
Collecting setuptools
  Using cached setuptools-34.3.2-py2.py3-none-any.whl
Collecting appdirs>=1.4.0 (from setuptools)
  Using cached appdirs-1.4.3-py2.py3-none-any.whl
Requirement already up-to-date: six>=1.6.0 in /home/travis/virtualenv/python3.5.2/lib/python3.5/site-packages (from setuptools)
Collecting packaging>=16.8 (from setuptools)
  Using cached packaging-16.8-py2.py3-none-any.whl
Collecting pyparsing (from packaging>=16.8->setuptools)
  Using cached pyparsing-2.2.0-py2.py3-none-any.whl
Installing collected packages: appdirs, pyparsing, packaging, setuptools
  Found existing installation: setuptools 33.1.1
    Uninstalling setuptools-33.1.1:
      Successfully uninstalled setuptools-33.1.1
Successfully installed appdirs-1.4.3 packaging-16.8 pyparsing-2.2.0 setuptools-34.3.2

travis_time:end:1744ad95:start=1489772517707699786,finish=1489772519959444239,duration=2251744453
[0Ktravis_fold:end:install.1
[0Ktravis_fold:start:install.2
[0Ktravis_time:start:00c07929
[0K$ pip install tox-travis
Collecting tox-travis
  Using cached tox_travis-0.8-py2.py3-none-any.whl
Collecting tox>=2.0 (from tox-travis)
  Using cached tox-2.6.0-py2.py3-none-any.whl
Collecting pluggy<1.0,>=0.3.0 (from tox>=2.0->tox-travis)
  Using cached pluggy-0.4.0-py2.py3-none-any.whl
Requirement already satisfied: py>=1.4.17 in /home/travis/virtualenv/python3.5.2/lib/python3.5/site-packages (from tox>=2.0->tox-travis)
Collecting virtualenv>=1.11.2; python_version != "3.2" (from tox>=2.0->tox-travis)
  Using cached virtualenv-15.1.0-py2.py3-none-any.whl
Installing collected packages: pluggy, virtualenv, tox, tox-travis
Successfully installed pluggy-0.4.0 tox-2.6.0 tox-travis-0.8 virtualenv-15.1.0

travis_time:end:00c07929:start=1489772519964874770,finish=1489772521142092717,duration=1177217947
[0Ktravis_fold:end:install.2
[0Ktravis_fold:start:install.3
[0Ktravis_time:start:01e1b584
[0K$ pip install codecov
Collecting codecov
  Using cached codecov-2.0.5-py2.py3-none-any.whl
Collecting requests>=2.0.0 (from codecov)
  Using cached requests-2.13.0-py2.py3-none-any.whl
Collecting argparse (from codecov)
  Using cached argparse-1.4.0-py2.py3-none-any.whl
Collecting coverage (from codecov)
  Using cached coverage-4.3.4-cp35-cp35m-manylinux1_x86_64.whl
Installing collected packages: requests, argparse, coverage, codecov
Successfully installed argparse-1.4.0 codecov-2.0.5 coverage-4.3.4 requests-2.13.0

travis_time:end:01e1b584:start=1489772521147610727,finish=1489772522971903495,duration=1824292768
[0Ktravis_fold:end:install.3
[0Ktravis_fold:start:before_script.1
[0Ktravis_time:start:095c39ac
[0K$ export PATH=$PATH:$PWD/bin

travis_time:end:095c39ac:start=1489772522977324459,finish=1489772522982473899,duration=5149440
[0Ktravis_fold:end:before_script.1
[0Ktravis_fold:start:before_script.2
[0Ktravis_time:start:0894eb48
[0K$ export PREFIX=$PWD

travis_time:end:0894eb48:start=1489772522988408944,finish=1489772522993202636,duration=4793692
[0Ktravis_fold:end:before_script.2
[0Ktravis_time:start:2778f69c
[0K$ tox
The [tox:travis] section is deprecated in favor of the "python" key of the [travis] section.
[1mGLOB sdist-make: /home/travis/build/glennmatthews/cot/setup.py[0m
[1msetup create: /home/travis/build/glennmatthews/cot/.tox/setup[0m
[1msetup installdeps: -rrequirements.txt, coverage==4.1, mock, sphinx>=1.3, sphinx_rtd_theme, unittest2[0m
[1msetup inst: /home/travis/build/glennmatthews/cot/.tox/dist/cot-2.0.0+1.g81c7ffd.zip[0m
[1msetup installed: alabaster==0.7.10,appdirs==1.4.3,Babel==2.3.4,backports.shutil-get-terminal-size==1.0.0,colorlog==2.10.0,cot==2.0.0+1.g81c7ffd,coverage==4.1,docutils==0.13.1,imagesize==0.7.1,Jinja2==2.9.5,linecache2==1.0.0,MarkupSafe==1.0,mock==2.0.0,packaging==16.8,pbr==2.0.0,Pygments==2.2.0,pyparsing==2.2.0,pytz==2016.10,pyvmomi==6.5,requests==2.13.0,six==1.10.0,snowballstemmer==1.2.1,Sphinx==1.5.3,sphinx-rtd-theme==0.2.4,traceback2==1.4.0,unittest2==1.1.0,verboselogs==1.6[0m
[1msetup runtests: PYTHONHASHSEED='1749842919'[0m
[1msetup runtests: commands[0] | /home/travis/build/glennmatthews/cot/.tox/setup/bin/python setup.py build_sphinx[0m
running build_sphinx
Running Sphinx v1.5.3
loading pickled environment... done
building [mo]: targets for 0 po files that are out of date
building [man]: all manpages
updating environment: 0 added, 12 changed, 0 removed
reading sources... [  8%] usage_add_disk
reading sources... [ 16%] usage_add_file
reading sources... [ 25%] usage_deploy
reading sources... [ 33%] usage_deploy_esxi
reading sources... [ 41%] usage_edit_hardware
reading sources... [ 50%] usage_edit_product
reading sources... [ 58%] usage_edit_properties
reading sources... [ 66%] usage_general
reading sources... [ 75%] usage_info
reading sources... [ 83%] usage_inject_config
reading sources... [ 91%] usage_install_helpers
reading sources... [100%] usage_remove_file

looking for now-outdated files... none found
pickling environment... done
checking consistency... done
writing... cot.1 { } cot-add-disk.1 { } cot-add-file.1 { } cot-deploy.1 { } cot-deploy-esxi.1 { } cot-edit-hardware.1 { } cot-edit-product.1 { } cot-edit-properties.1 { } cot-install-helpers.1 { } cot-info.1 { } cot-inject-config.1 { } cot-remove-file.1 { } 
build succeeded.
[1msetup runtests: commands[1] | /home/travis/build/glennmatthews/cot/.tox/setup/bin/python bin/cot --force install-helpers --ignore-errors[0m
[33mNOTICE  :[0m Installing 'fatdisk'...
[33mNOTICE  :[0m Calling './RUNME'...
fatdisk: [0;36mWARN: Is makedepend installed? If not:[0;37;00m
fatdisk: [0;36mWARN:   For ubuntu do: sudo apt-get install xutils-dev[0;37;00m
fatdisk: [0;36mWARN:   For MAC    do: sudo port install makedepend[0;37;00m
fatdisk: [0;36mWARN:   For MingW  do: not supported AFAIK[0;37;00m
fatdisk: [0;32mCleaning[0;37;00m
  rm -rf .o
  mkdir -p .o
  rm -rf fatdisk.x86_64 stdout.txt stderr.txt
fatdisk: [0;32mCompiling[0;37;00m
clang -g -O2 -DVERSION="1.0.0-beta" -Wall -fmessage-length=0 -fdiagnostics-print-source-range-info -fdiagnostics-show-category=id -fdiagnostics-parseable-fixits -Wno-trigraphs -Wmissing-prototypes -Wreturn-type -Wparentheses -Wswitch -Wno-unused-parameter -Wunused-variable -Wunused-value -Wno-sign-conversion -c -o .o/backtrace.o backtrace.c
clang -g -O2 -DVERSION="1.0.0-beta" -Wall -fmessage-length=0 -fdiagnostics-print-source-range-info -fdiagnostics-show-category=id -fdiagnostics-parseable-fixits -Wno-trigraphs -Wmissing-prototypes -Wreturn-type -Wparentheses -Wswitch -Wno-unused-parameter -Wunused-variable -Wunused-value -Wno-sign-conversion -c -o .o/fat.o fat.c
fat.c:30:23: warning: unused variable 'FAT_FILE_VFAT_CHAR' [-Wunused-const-variable,24]
 static const uint32_t FAT_FILE_VFAT_CHAR            = 0x01;
                       ^
fat.c:35:23: warning: unused variable 'FAT_ATTR_IS_READ_ONLY' [-Wunused-const-variable,24]
 static const uint32_t FAT_ATTR_IS_READ_ONLY         = 0x01;
                       ^
fat.c:36:23: warning: unused variable 'FAT_ATTR_IS_HIDDEN' [-Wunused-const-variable,24]
 static const uint32_t FAT_ATTR_IS_HIDDEN            = 0x02;
                       ^
fat.c:37:23: warning: unused variable 'FAT_ATTR_IS_SYSTEM' [-Wunused-const-variable,24]
 static const uint32_t FAT_ATTR_IS_SYSTEM            = 0x04;
                       ^
fat.c:38:23: warning: unused variable 'FAT_ATTR_IS_LABEL' [-Wunused-const-variable,24]
 static const uint32_t FAT_ATTR_IS_LABEL             = 0x08;
                       ^
5 warnings generated.
clang -g -O2 -DVERSION="1.0.0-beta" -Wall -fmessage-length=0 -fdiagnostics-print-source-range-info -fdiagnostics-show-category=id -fdiagnostics-parseable-fixits -Wno-trigraphs -Wmissing-prototypes -Wreturn-type -Wparentheses -Wswitch -Wno-unused-parameter -Wunused-variable -Wunused-value -Wno-sign-conversion -c -o .o/command.o command.c
clang -g -O2 -DVERSION="1.0.0-beta" -Wall -fmessage-length=0 -fdiagnostics-print-source-range-info -fdiagnostics-show-category=id -fdiagnostics-parseable-fixits -Wno-trigraphs -Wmissing-prototypes -Wreturn-type -Wparentheses -Wswitch -Wno-unused-parameter -Wunused-variable -Wunused-value -Wno-sign-conversion -c -o .o/file.o file.c
file.c:413:29:{413:29-413:60}: warning: the value of the size argument in 'strncat' is too large, might lead to a buffer overflow [-Wstrncat-size,2]
                             sizeof(regexp) - strlen(regexp));
                             ^~~~~~~~~~~~~~~~~~~~~~~~~~~~~~~
file.c:413:29: note: change the argument to be the free space in the destination buffer minus the terminating null byte [2]
                             sizeof(regexp) - strlen(regexp));
                             ^~~~~~~~~~~~~~~~~~~~~~~~~~~~~~~
                             sizeof(regexp) - strlen(regexp) - 1
fix-it:"file.c":{413:29-413:60}:"sizeof(regexp) - strlen(regexp) - 1"
file.c:419:25:{419:25-419:56}: warning: the value of the size argument in 'strncat' is too large, might lead to a buffer overflow [-Wstrncat-size,2]
                         sizeof(regexp) - strlen(regexp));
                         ^~~~~~~~~~~~~~~~~~~~~~~~~~~~~~~
file.c:419:25: note: change the argument to be the free space in the destination buffer minus the terminating null byte [2]
                         sizeof(regexp) - strlen(regexp));
                         ^~~~~~~~~~~~~~~~~~~~~~~~~~~~~~~
                         sizeof(regexp) - strlen(regexp) - 1
fix-it:"file.c":{419:25-419:56}:"sizeof(regexp) - strlen(regexp) - 1"
file.c:424:25:{424:25-424:56}: warning: the value of the size argument in 'strncat' is too large, might lead to a buffer overflow [-Wstrncat-size,2]
                         sizeof(regexp) - strlen(regexp));
                         ^~~~~~~~~~~~~~~~~~~~~~~~~~~~~~~
file.c:424:25: note: change the argument to be the free space in the destination buffer minus the terminating null byte [2]
                         sizeof(regexp) - strlen(regexp));
                         ^~~~~~~~~~~~~~~~~~~~~~~~~~~~~~~
                         sizeof(regexp) - strlen(regexp) - 1
fix-it:"file.c":{424:25-424:56}:"sizeof(regexp) - strlen(regexp) - 1"
3 warnings generated.
clang -g -O2 -DVERSION="1.0.0-beta" -Wall -fmessage-length=0 -fdiagnostics-print-source-range-info -fdiagnostics-show-category=id -fdiagnostics-parseable-fixits -Wno-trigraphs -Wmissing-prototypes -Wreturn-type -Wparentheses -Wswitch -Wno-unused-parameter -Wunused-variable -Wunused-value -Wno-sign-conversion -c -o .o/dir.o dir.c
clang -g -O2 -DVERSION="1.0.0-beta" -Wall -fmessage-length=0 -fdiagnostics-print-source-range-info -fdiagnostics-show-category=id -fdiagnostics-parseable-fixits -Wno-trigraphs -Wmissing-prototypes -Wreturn-type -Wparentheses -Wswitch -Wno-unused-parameter -Wunused-variable -Wunused-value -Wno-sign-conversion -c -o .o/disk.o disk.c
clang -g -O2 -DVERSION="1.0.0-beta" -Wall -fmessage-length=0 -fdiagnostics-print-source-range-info -fdiagnostics-show-category=id -fdiagnostics-parseable-fixits -Wno-trigraphs -Wmissing-prototypes -Wreturn-type -Wparentheses -Wswitch -Wno-unused-parameter -Wunused-variable -Wunused-value -Wno-sign-conversion -c -o .o/log.o log.c
clang -g -O2 -DVERSION="1.0.0-beta" -Wall -fmessage-length=0 -fdiagnostics-print-source-range-info -fdiagnostics-show-category=id -fdiagnostics-parseable-fixits -Wno-trigraphs -Wmissing-prototypes -Wreturn-type -Wparentheses -Wswitch -Wno-unused-parameter -Wunused-variable -Wunused-value -Wno-sign-conversion -c -o .o/main.o main.c
clang -g -O2 -DVERSION="1.0.0-beta" -Wall -fmessage-length=0 -fdiagnostics-print-source-range-info -fdiagnostics-show-category=id -fdiagnostics-parseable-fixits -Wno-trigraphs -Wmissing-prototypes -Wreturn-type -Wparentheses -Wswitch -Wno-unused-parameter -Wunused-variable -Wunused-value -Wno-sign-conversion -c -o .o/string.o string.c
clang -g -O2 -DVERSION="1.0.0-beta" -Wall -fmessage-length=0 -fdiagnostics-print-source-range-info -fdiagnostics-show-category=id -fdiagnostics-parseable-fixits -Wno-trigraphs -Wmissing-prototypes -Wreturn-type -Wparentheses -Wswitch -Wno-unused-parameter -Wunused-variable -Wunused-value -Wno-sign-conversion -c -o .o/util.o util.c
clang -g -O2 -DVERSION="1.0.0-beta" -Wall -fmessage-length=0 -fdiagnostics-print-source-range-info -fdiagnostics-show-category=id -fdiagnostics-parseable-fixits -Wno-trigraphs -Wmissing-prototypes -Wreturn-type -Wparentheses -Wswitch -Wno-unused-parameter -Wunused-variable -Wunused-value -Wno-sign-conversion -c -o .o/tree.o tree.c
clang -g -O2 -DVERSION="1.0.0-beta" -Wall -fmessage-length=0 -fdiagnostics-print-source-range-info -fdiagnostics-show-category=id -fdiagnostics-parseable-fixits -Wno-trigraphs -Wmissing-prototypes -Wreturn-type -Wparentheses -Wswitch -Wno-unused-parameter -Wunused-variable -Wunused-value -Wno-sign-conversion -c -o .o/ptrcheck.o ptrcheck.c
clang  .o/backtrace.o .o/fat.o .o/command.o .o/file.o .o/dir.o .o/disk.o .o/log.o .o/main.o .o/string.o .o/util.o .o/tree.o .o/ptrcheck.o    -o fatdisk.x86_64
ln -sf fatdisk.x86_64 fatdisk

fatdisk: [0;32mRun fatdisk -h for more info. Or run ./TESTME[0;37;00m
[33mNOTICE  :[0m ...done
[33mNOTICE  :[0m Successfully installed 'fatdisk'
[33mNOTICE  :[0m Installing 'vmdktool'...
[33mNOTICE  :[0m vmdktool requires 'zlib'... installing 'zlib'
[33mNOTICE  :[0m Calling 'make CFLAGS="-D_GNU_SOURCE -g -O -pipe"'...
cc "-D_GNU_SOURCE -g -O -pipe"   -c -o vmdktool.o vmdktool.c
cc "-D_GNU_SOURCE -g -O -pipe"   -c -o expand_number.o expand_number.c
cc "-D_GNU_SOURCE -g -O -pipe" -o vmdktool vmdktool.o expand_number.o -lz
groff -Tascii -mtty-char -man -t vmdktool.8 | gzip -9c >vmdktool.8.gz
[33mNOTICE  :[0m ...done
[33mNOTICE  :[0m Calling 'make install PREFIX=/home/travis/build/glennmatthews/cot'...
install -s vmdktool /home/travis/build/glennmatthews/cot/bin/
install vmdktool.8 /home/travis/build/glennmatthews/cot/man/man8/
[33mNOTICE  :[0m ...done
[33mNOTICE  :[0m Successfully installed 'vmdktool'
[33mNOTICE  :[0m Installing 'genisoimage'...
[33mNOTICE  :[0m Calling 'apt-get -q update'...
E: Could not open lock file /var/lib/apt/lists/lock - open (13: Permission denied)
E: Unable to lock directory /var/lib/apt/lists/
E: Could not open lock file /var/lib/dpkg/lock - open (13: Permission denied)
E: Unable to lock the administration directory (/var/lib/dpkg/), are you root?
[33mNOTICE  :[0m Calling 'sudo apt-get -q update'...
sudo: must be setuid root
Results:
-------------
COT manpages: successfully installed to /home/travis/build/glennmatthews/cot/man
fatdisk:      successfully installed to
              /home/travis/build/glennmatthews/cot/bin/fatdisk, version 1.0
genisoimage:  INSTALLATION FAILED: [Errno 1] Helper program 'sudo' exited with
              error 1
mkisofs:      INSTALLATION FAILED: Unsure how to install mkisofs.
ovftool:      INSTALLATION FAILED: No support for automated installation of
              ovftool, as VMware requires a site login to download it. See
              https://www.vmware.com/support/developer/ovf/
qemu-img:     version 1.0, present at /usr/bin/qemu-img
vmdktool:     successfully installed to
              /home/travis/build/glennmatthews/cot/bin/vmdktool, version 1.4
xorriso:      version 1.1.8, present at /usr/bin/xorriso

[1msetup runtests: commands[2] | coverage erase[0m
[1mpy35 create: /home/travis/build/glennmatthews/cot/.tox/py35[0m
[1mpy35 installdeps: -rrequirements.txt, coverage==4.1, mock, sphinx>=1.3, sphinx_rtd_theme, unittest2[0m
[1mpy35 inst: /home/travis/build/glennmatthews/cot/.tox/dist/cot-2.0.0+1.g81c7ffd.zip[0m
[1mpy35 installed: alabaster==0.7.10,appdirs==1.4.3,Babel==2.3.4,backports.shutil-get-terminal-size==1.0.0,colorlog==2.10.0,cot==2.0.0+1.g81c7ffd,coverage==4.1,docutils==0.13.1,imagesize==0.7.1,Jinja2==2.9.5,linecache2==1.0.0,MarkupSafe==1.0,mock==2.0.0,packaging==16.8,pbr==2.0.0,Pygments==2.2.0,pyparsing==2.2.0,pytz==2016.10,pyvmomi==6.5,requests==2.13.0,six==1.10.0,snowballstemmer==1.2.1,Sphinx==1.5.3,sphinx-rtd-theme==0.2.4,traceback2==1.4.0,unittest2==1.1.0,verboselogs==1.6[0m
[1mpy35 runtests: PYTHONHASHSEED='1749842919'[0m
[1mpy35 runtests: commands[0] | coverage run --append setup.py test --quiet[0m
running test
running egg_info
writing dependency_links to cot.egg-info/dependency_links.txt
writing cot.egg-info/PKG-INFO
writing top-level names to cot.egg-info/top_level.txt
writing entry points to cot.egg-info/entry_points.txt
writing requirements to cot.egg-info/requires.txt
reading manifest file 'cot.egg-info/SOURCES.txt'
reading manifest template 'MANIFEST.in'
writing manifest file 'cot.egg-info/SOURCES.txt'
running build_ext
..................................................................................................................................................................................................................................................................................................................F............................................................................................................................................................................................................................................................................................
======================================================================
FAIL: test_download_and_expand_tgz (COT.helpers.tests.test_helper.HelperGenericTest)
Validate the download_and_expand_tgz() context_manager.
----------------------------------------------------------------------
Traceback (most recent call last):
  File "/home/travis/build/glennmatthews/cot/COT/helpers/tests/test_helper.py", line 436, in test_download_and_expand_tgz
    "ut.py")))
AssertionError: False is not true

----------------------------------------------------------------------
Ran 591 tests in 30.006s

FAILED (failures=1)
Test failed: <unittest.runner.TextTestResult run=591 errors=0 failures=1>
error: Test failed: <unittest.runner.TextTestResult run=591 errors=0 failures=1>
[31mERROR: InvocationError: '/home/travis/build/glennmatthews/cot/.tox/py35/bin/coverage run --append setup.py test --quiet'[0m
[1mpylint create: /home/travis/build/glennmatthews/cot/.tox/pylint[0m
[1mpylint installdeps: -rrequirements.txt, coverage==4.1, mock, sphinx>=1.3, sphinx_rtd_theme, unittest2, pylint==1.6.4[0m
[1mpylint inst: /home/travis/build/glennmatthews/cot/.tox/dist/cot-2.0.0+1.g81c7ffd.zip[0m
[1mpylint installed: alabaster==0.7.10,appdirs==1.4.3,astroid==1.4.9,Babel==2.3.4,backports.shutil-get-terminal-size==1.0.0,colorlog==2.10.0,cot==2.0.0+1.g81c7ffd,coverage==4.1,docutils==0.13.1,imagesize==0.7.1,isort==4.2.5,Jinja2==2.9.5,lazy-object-proxy==1.2.2,linecache2==1.0.0,MarkupSafe==1.0,mccabe==0.6.1,mock==2.0.0,packaging==16.8,pbr==2.0.0,Pygments==2.2.0,pylint==1.6.4,pyparsing==2.2.0,pytz==2016.10,pyvmomi==6.5,requests==2.13.0,six==1.10.0,snowballstemmer==1.2.1,Sphinx==1.5.3,sphinx-rtd-theme==0.2.4,traceback2==1.4.0,unittest2==1.1.0,verboselogs==1.6,wrapt==1.10.10[0m
[1mpylint runtests: PYTHONHASHSEED='1749842919'[0m
[1mpylint runtests: commands[0] | pylint COT[0m
[1mstats create: /home/travis/build/glennmatthews/cot/.tox/stats[0m
[1mstats installdeps: -rrequirements.txt, coverage==4.1, mock, sphinx>=1.3, sphinx_rtd_theme, unittest2[0m
[1mstats inst: /home/travis/build/glennmatthews/cot/.tox/dist/cot-2.0.0+1.g81c7ffd.zip[0m
[1mstats installed: alabaster==0.7.10,appdirs==1.4.3,Babel==2.3.4,backports.shutil-get-terminal-size==1.0.0,colorlog==2.10.0,cot==2.0.0+1.g81c7ffd,coverage==4.1,docutils==0.13.1,imagesize==0.7.1,Jinja2==2.9.5,linecache2==1.0.0,MarkupSafe==1.0,mock==2.0.0,packaging==16.8,pbr==2.0.0,Pygments==2.2.0,pyparsing==2.2.0,pytz==2016.10,pyvmomi==6.5,requests==2.13.0,six==1.10.0,snowballstemmer==1.2.1,Sphinx==1.5.3,sphinx-rtd-theme==0.2.4,traceback2==1.4.0,unittest2==1.1.0,verboselogs==1.6[0m
[1mstats runtests: PYTHONHASHSEED='1749842919'[0m
[1mstats runtests: commands[0] | coverage combine[0m
[1mstats runtests: commands[1] | coverage report -i[0m
Name                                    Stmts   Miss Branch BrPart  Cover
-------------------------------------------------------------------------
COT/__init__.py                             9      0      0      0   100%
COT/commands/__init__.py                   14      0      0      0   100%
COT/commands/add_disk.py                  166      1     64      2    99%
COT/commands/add_file.py                   46      0     12      0   100%
COT/commands/command.py                   125      0     60      1    99%
COT/commands/deploy.py                    151      4     62      5    95%
COT/commands/deploy_esxi.py               197      0     68      1    99%
COT/commands/edit_hardware.py             326      4    147      4    98%
COT/commands/edit_product.py               60      0     18      0   100%
COT/commands/edit_properties.py           121      0     42      1    99%
COT/commands/help.py                       27      0      4      0   100%
COT/commands/info.py                       50      0     12      0   100%
COT/commands/inject_config.py             110      1     44      1    99%
COT/commands/install_helpers.py           124      6     42      4    94%
COT/commands/remove_file.py                49      0     12      0   100%
COT/data_validation.py                    118      0     44      0   100%
COT/disks/__init__.py                       7      0      0      0   100%
COT/disks/disk.py                         102      5     46      6    91%
COT/disks/iso.py                           62      0     28      2    98%
COT/disks/qcow2.py                         21      0      6      1    96%
COT/disks/raw.py                           63      3     26      3    93%
COT/disks/vmdk.py                          46      1     16      2    95%
COT/file_reference.py                      93      4     22      2    95%
COT/helpers/__init__.py                    23      0      6      0   100%
COT/helpers/apt_get.py                     16      0      4      0   100%
COT/helpers/brew.py                        12      0      2      0   100%
COT/helpers/fatdisk.py                     34      0      4      0   100%
COT/helpers/gcc.py                          6      0      0      0   100%
COT/helpers/helper.py                     239      9     84      1    97%
COT/helpers/isoinfo.py                     11      0      2      0   100%
COT/helpers/make.py                         6      0      0      0   100%
COT/helpers/mkisofs.py                     14      0      0      0   100%
COT/helpers/ovftool.py                      9      0      0      0   100%
COT/helpers/port.py                        13      0      2      0   100%
COT/helpers/qemu_img.py                    11      0      2      0   100%
COT/helpers/vmdktool.py                    41      1      8      1    96%
COT/helpers/yum.py                          9      0      0      0   100%
COT/platforms/__init__.py                  11      0      0      0   100%
COT/platforms/cisco_csr1000v.py            25      0      6      0   100%
COT/platforms/cisco_iosv.py                21      0      2      0   100%
COT/platforms/cisco_iosxrv.py              38      0      6      0   100%
COT/platforms/cisco_iosxrv_9000.py         21      0      6      0   100%
COT/platforms/cisco_nexus_9000v.py         17      0      2      0   100%
COT/platforms/cisco_nxosv.py               17      0      2      0   100%
COT/platforms/platform.py                  61      0     16      1    99%
COT/ui/__init__.py                          4      0      0      0   100%
COT/ui/cli.py                             252     17     99      8    92%
COT/ui/ui.py                               57      1     20      1    97%
COT/utilities.py                           50      1     20      1    97%
COT/vm_description/__init__.py              6      0      0      0   100%
COT/vm_description/ovf/__init__.py          3      0      0      0   100%
COT/vm_description/ovf/hardware.py        220      4    122      4    98%
COT/vm_description/ovf/item.py            342     17    206     16    94%
COT/vm_description/ovf/name_helper.py      86      1     30      1    98%
COT/vm_description/ovf/ovf.py            1173     13    545     33    97%
COT/vm_description/ovf/utilities.py        28      0     12      0   100%
COT/vm_description/vm_description.py      199      2     12      2    98%
COT/xml_file.py                           119      0     62      0   100%
-------------------------------------------------------------------------
TOTAL                                    5281     95   2057    104    97%
[1mstats runtests: commands[2] | coverage html -i[0m
___________________________________ summary ____________________________________
[32m  setup: commands succeeded[0m
[31mERROR:   py35: commands failed[0m
[32m  pylint: commands succeeded[0m
[32m  stats: commands succeeded[0m

travis_time:end:2778f69c:start=1489772522998749129,finish=1489772823594018990,duration=300595269861
[0K
[31;1mThe command "tox" exited with 1.[0m
travis_fold:start:cache.2
[0Kstore build cache
travis_time:start:0a833948
[0K
travis_time:end:0a833948:start=1489772823600032139,finish=1489772823604910641,duration=4878502
[0Ktravis_time:start:1a90199e
[0K[32;1mchange detected (content changed, file is created, or file is deleted):
/home/travis/.cache/pip/http/0/5/0/7/c/0507cb774412d6a8d1f4cfbe8013ac7ec74b928f79a177964572a0b0
/home/travis/.cache/pip/http/0/d/e/2/d/0de2def333d81c5bf5211ffa60584b36f6d465a6a3eff4c58e8a1bd5
/home/travis/.cache/pip/http/1/3/b/b/e/13bbe3235c2b43d1debb8e312939afb0d36cdab76dfee360c822af58
/home/travis/.cache/pip/http/1/6/c/0/a/16c0a548c0c7afeaacb56da8e61131e0c5170decf39c9f6df1f3cd07
/home/travis/.cache/pip/http/2/c/c/5/5/2cc55bd4c8418c9c6011e2d22086db543f55f717d531c163b8c44ee7
/home/travis/.cache/pip/http/2/e/9/5/e/2e95e9ef94edd867730bd44c17f5ddb06dfea2c1cb4f5433bbf23cc8
/home/travis/.cache/pip/http/2/f/6/0/e/2f60ee2e6b2f8d9d74debb0760385405e98f6d110bddba8ef79ec89c
/home/travis/.cache/pip/http/3/a/f/3/a/3af3addf06e983a6c02f46e7bea70c221d3ff95bf1418fa6da354e14
/home/travis/.cache/pip/http/3/c/3/7/a/3c37a5dd5044936b084b1d3a8df72098556842635bb91eba2b554622
/home/travis/.cache/pip/http/4/0/6/e/9/406e9b27a390d51d6f5ba6446b20eddf170d46e00b171bdfa0fbde6b
/home/travis/.cache/pip/http/4/3/5/8/9/43
[0m
[32;1m...
[0m
[32;1mchanges detected, packing new archive[0m
[32;1muploading archive[0m

travis_time:end:1a90199e:start=1489772823610640468,finish=1489772829851262501,duration=6240622033
[0Ktravis_fold:end:cache.2
[0K
Done. Your build exited with 1.
