travis_fold:start:system_info[0K[33;1mBuild system information[0m
Build language: java
Build id: ''
Job id: ''
[34m[1mBuild image provisioning date and time[0m
Thu Feb  5 15:09:33 UTC 2015
[34m[1mOperating System Details[0m
Distributor ID:	Ubuntu
Description:	Ubuntu 12.04.5 LTS
Release:	12.04
Codename:	precise
[34m[1mLinux Version[0m
3.13.0-29-generic
[34m[1mCookbooks Version[0m
a68419e https://github.com/travis-ci/travis-cookbooks/tree/a68419e
[34m[1mGCC version[0m
gcc (Ubuntu/Linaro 4.6.3-1ubuntu5) 4.6.3
Copyright (C) 2011 Free Software Foundation, Inc.
This is free software; see the source for copying conditions.  There is NO
warranty; not even for MERCHANTABILITY or FITNESS FOR A PARTICULAR PURPOSE.

[34m[1mLLVM version[0m
clang version 3.4 (tags/RELEASE_34/final)
Target: x86_64-unknown-linux-gnu
Thread model: posix
[34m[1mPre-installed Ruby versions[0m
ruby-1.9.3-p551
[34m[1mPre-installed Node.js versions[0m
v0.10.36
[34m[1mPre-installed Go versions[0m
1.4.1
[34m[1mRedis version[0m
redis-server 2.8.19
[34m[1mriak version[0m
2.0.2
[34m[1mMongoDB version[0m
MongoDB 2.4.12
[34m[1mCouchDB version[0m
couchdb 1.6.1
[34m[1mNeo4j version[0m
1.9.4
[34m[1mRabbitMQ Version[0m
3.4.3
[34m[1mElasticSearch version[0m
1.4.0
[34m[1mInstalled Sphinx versions[0m
2.0.10
2.1.9
2.2.6
[34m[1mDefault Sphinx version[0m
2.2.6
[34m[1mInstalled Firefox version[0m
firefox 31.0esr
[34m[1mPhantomJS version[0m
1.9.8
[34m[1mant -version[0m
Apache Ant(TM) version 1.8.2 compiled on December 3 2011
[34m[1mmvn -version[0m
Apache Maven 3.2.5 (12a6b3acb947671f09b81f49094c53f426d8cea1; 2014-12-14T17:29:23+00:00)
Maven home: /usr/local/maven
Java version: 1.7.0_76, vendor: Oracle Corporation
Java home: /usr/lib/jvm/java-7-oracle/jre
Default locale: en_US, platform encoding: ANSI_X3.4-1968
OS name: "linux", version: "3.13.0-29-generic", arch: "amd64", family: "unix"
travis_fold:end:system_info[0K
sed: cannot rename /etc/hosts: Device or resource busy
sed: cannot rename /etc/hosts: Device or resource busy
$ cd soundcloud/java-api-wrapper
$ export TERM=dumb
$ java -Xmx32m -version
java version "1.7.0_76"
Java(TM) SE Runtime Environment (build 1.7.0_76-b13)
Java HotSpot(TM) 64-Bit Server VM (build 24.76-b04, mixed mode)
$ javac -J-Xmx32m -version
javac 1.7.0_76
travis_fold:start:install[0Ktravis_time:start:045bee2e[0K$ gradle assemble
:compileJava
Download https://repo1.maven.org/maven2/org/apache/httpcomponents/httpclient/4.0.3/httpclient-4.0.3.pom
Download https://repo1.maven.org/maven2/org/apache/httpcomponents/httpcomponents-client/4.0.3/httpcomponents-client-4.0.3.pom
Download https://repo1.maven.org/maven2/org/apache/httpcomponents/project/4.1/project-4.1.pom
Download https://repo1.maven.org/maven2/org/apache/httpcomponents/httpmime/4.0.3/httpmime-4.0.3.pom
Download https://repo1.maven.org/maven2/org/json/json/20090211/json-20090211.pom
Download https://repo1.maven.org/maven2/org/apache/httpcomponents/httpcore/4.0.1/httpcore-4.0.1.pom
Download https://repo1.maven.org/maven2/org/apache/httpcomponents/httpcomponents-core/4.0.1/httpcomponents-core-4.0.1.pom
Download https://repo1.maven.org/maven2/org/apache/httpcomponents/project/4.0/project-4.0.pom
Download https://repo1.maven.org/maven2/commons-logging/commons-logging/1.1.1/commons-logging-1.1.1.pom
Download https://repo1.maven.org/maven2/org/apache/commons/commons-parent/5/commons-parent-5.pom
Download https://repo1.maven.org/maven2/org/apache/apache/4/apache-4.pom
Download https://repo1.maven.org/maven2/commons-codec/commons-codec/1.3/commons-codec-1.3.pom
Download https://repo1.maven.org/maven2/org/apache/james/apache-mime4j/0.6/apache-mime4j-0.6.pom
Download https://repo1.maven.org/maven2/org/apache/james/james-project/1.2/james-project-1.2.pom
Download https://repo1.maven.org/maven2/org/apache/james/james-parent/1.1/james-parent-1.1.pom
Download https://repo1.maven.org/maven2/org/apache/httpcomponents/httpclient/4.0.3/httpclient-4.0.3.jar
Download https://repo1.maven.org/maven2/org/apache/httpcomponents/httpmime/4.0.3/httpmime-4.0.3.jar
Download https://repo1.maven.org/maven2/org/json/json/20090211/json-20090211.jar
Download https://repo1.maven.org/maven2/org/apache/httpcomponents/httpcore/4.0.1/httpcore-4.0.1.jar
Download https://repo1.maven.org/maven2/commons-logging/commons-logging/1.1.1/commons-logging-1.1.1.jar
Download https://repo1.maven.org/maven2/commons-codec/commons-codec/1.3/commons-codec-1.3.jar
Download https://repo1.maven.org/maven2/org/apache/james/apache-mime4j/0.6/apache-mime4j-0.6.jar
warning: [options] bootstrap class path not set in conjunction with -source 1.6
/home/travis/build/soundcloud/java-api-wrapper/src/main/java/com/soundcloud/api/CloudAPI.java:276: warning: [serial] serializable class ResolverException has no definition of serialVersionUID
    class ResolverException extends ApiResponseException {
    ^
/home/travis/build/soundcloud/java-api-wrapper/src/main/java/com/soundcloud/api/Token.java:62: warning: [rawtypes] found raw type: Iterator
            for (Iterator it = json.keys(); it.hasNext(); ) {
                 ^
  missing type arguments for generic class Iterator<E>
  where E is a type-variable:
    E extends Object declared in interface Iterator
3 warnings
:processResources UP-TO-DATE
:classes
:jar
:assemble

BUILD SUCCESSFUL

Total time: 15.1 secs

travis_time:end:045bee2e:start=1479276875888863302,finish=1479276891385806444,duration=15496943142[0Ktravis_fold:end:install[0Ktravis_time:start:2073e2c0[0K$ gradle test
:compileJava UP-TO-DATE
:processResources UP-TO-DATE
:classes UP-TO-DATE
:compileTestJava
Download https://repo1.maven.org/maven2/junit/junit-dep/4.8.2/junit-dep-4.8.2.pom
Download https://repo1.maven.org/maven2/org/hamcrest/hamcrest-core/1.3.RC2/hamcrest-core-1.3.RC2.pom
Download https://repo1.maven.org/maven2/org/hamcrest/hamcrest-parent/1.3.RC2/hamcrest-parent-1.3.RC2.pom
Download https://repo1.maven.org/maven2/org/hamcrest/hamcrest-library/1.3.RC2/hamcrest-library-1.3.RC2.pom
Download https://repo1.maven.org/maven2/org/mockito/mockito-core/1.8.5/mockito-core-1.8.5.pom
Download https://repo1.maven.org/maven2/org/objenesis/objenesis/1.0/objenesis-1.0.pom
Download https://repo1.maven.org/maven2/junit/junit-dep/4.8.2/junit-dep-4.8.2.jar
Download https://repo1.maven.org/maven2/org/hamcrest/hamcrest-core/1.3.RC2/hamcrest-core-1.3.RC2.jar
Download https://repo1.maven.org/maven2/org/hamcrest/hamcrest-library/1.3.RC2/hamcrest-library-1.3.RC2.jar
Download https://repo1.maven.org/maven2/org/mockito/mockito-core/1.8.5/mockito-core-1.8.5.jar
Download https://repo1.maven.org/maven2/org/objenesis/objenesis/1.0/objenesis-1.0.jar
warning: [options] bootstrap class path not set in conjunction with -source 1.6
/home/travis/build/soundcloud/java-api-wrapper/src/test/java/com/soundcloud/api/RequestTest.java:236: warning: [deprecation] withFile(String,byte[]) in Request has been deprecated
                .withFile("foo", "foo".getBytes()).isMultipart());
                ^
/home/travis/build/soundcloud/java-api-wrapper/src/test/java/com/soundcloud/api/RequestTest.java:267: warning: [deprecation] withFile(String,byte[]) in Request has been deprecated
                .withFile("testing", "foo".getBytes())
                ^
3 warnings
:processTestResources
:testClasses
:test

com.soundcloud.api.CloudAPIIntegrationTest > shouldUploadASimpleAudioFile FAILED
    java.lang.AssertionError at CloudAPIIntegrationTest.java:93

com.soundcloud.api.CloudAPIIntegrationTest > shouldUploadASimpleAudioFileBytes FAILED
    java.lang.AssertionError at CloudAPIIntegrationTest.java:176

com.soundcloud.api.CloudAPIIntegrationTest > shouldRefreshAutomaticallyWhenTokenExpired FAILED
    java.lang.AssertionError at CloudAPIIntegrationTest.java:220

com.soundcloud.api.CloudAPIIntegrationTest > shouldResolveStreamUrls FAILED
    java.lang.AssertionError at CloudAPIIntegrationTest.java:249

com.soundcloud.api.CloudAPIIntegrationTest > shouldResolveNonApiStreamUrls FAILED
    java.net.UnknownHostException at CloudAPIIntegrationTest.java:258

com.soundcloud.api.CloudAPIIntegrationTest > shouldChangeContentType FAILED
    java.lang.NullPointerException at CloudAPIIntegrationTest.java:387

140 tests completed, 6 failed, 4 skipped
:test FAILED

FAILURE: Build failed with an exception.

* What went wrong:
Execution failed for task ':test'.
> There were failing tests. See the report at: file:///home/travis/build/soundcloud/java-api-wrapper/build/reports/tests/index.html

* Try:
Run with --stacktrace option to get the stack trace. Run with --info or --debug option to get more log output.

BUILD FAILED

Total time: 52.58 secs

travis_time:end:2073e2c0:start=1479276891395905926,finish=1479276944393840637,duration=52997934711[0K
[31;1mThe command "gradle test" exited with 1.[0m

Done. Your build exited with 1.
