travis_fold:start:system_info[0K[33;1mBuild system information[0m
Build language: java
Build id: ''
Job id: ''
[34m[1mBuild image provisioning date and time[0m
Thu Feb  5 15:09:33 UTC 2015
[34m[1mOperating System Details[0m
Distributor ID:	Ubuntu
Description:	Ubuntu 12.04.5 LTS
Release:	12.04
Codename:	precise
[34m[1mLinux Version[0m
3.13.0-29-generic
[34m[1mCookbooks Version[0m
a68419e https://github.com/travis-ci/travis-cookbooks/tree/a68419e
[34m[1mGCC version[0m
gcc (Ubuntu/Linaro 4.6.3-1ubuntu5) 4.6.3
Copyright (C) 2011 Free Software Foundation, Inc.
This is free software; see the source for copying conditions.  There is NO
warranty; not even for MERCHANTABILITY or FITNESS FOR A PARTICULAR PURPOSE.

[34m[1mLLVM version[0m
clang version 3.4 (tags/RELEASE_34/final)
Target: x86_64-unknown-linux-gnu
Thread model: posix
[34m[1mPre-installed Ruby versions[0m
ruby-1.9.3-p551
[34m[1mPre-installed Node.js versions[0m
v0.10.36
[34m[1mPre-installed Go versions[0m
1.4.1
[34m[1mRedis version[0m
redis-server 2.8.19
[34m[1mriak version[0m
2.0.2
[34m[1mMongoDB version[0m
MongoDB 2.4.12
[34m[1mCouchDB version[0m
couchdb 1.6.1
[34m[1mNeo4j version[0m
1.9.4
[34m[1mRabbitMQ Version[0m
3.4.3
[34m[1mElasticSearch version[0m
1.4.0
[34m[1mInstalled Sphinx versions[0m
2.0.10
2.1.9
2.2.6
[34m[1mDefault Sphinx version[0m
2.2.6
[34m[1mInstalled Firefox version[0m
firefox 31.0esr
[34m[1mPhantomJS version[0m
1.9.8
[34m[1mant -version[0m
Apache Ant(TM) version 1.8.2 compiled on December 3 2011
[34m[1mmvn -version[0m
Apache Maven 3.2.5 (12a6b3acb947671f09b81f49094c53f426d8cea1; 2014-12-14T17:29:23+00:00)
Maven home: /usr/local/maven
Java version: 1.7.0_76, vendor: Oracle Corporation
Java home: /usr/lib/jvm/java-7-oracle/jre
Default locale: en_US, platform encoding: ANSI_X3.4-1968
OS name: "linux", version: "3.13.0-29-generic", arch: "amd64", family: "unix"
travis_fold:end:system_info[0K
sed: cannot rename /etc/hosts: Device or resource busy
sed: cannot rename /etc/hosts: Device or resource busy
$ cd oblac/jodd
$ jdk_switcher use oraclejdk7
Switching to Oracle JDK7 (java-7-oracle), JAVA_HOME will be set to /usr/lib/jvm/java-7-oracle
$ export TERM=dumb
$ java -Xmx32m -version
java version "1.7.0_76"
Java(TM) SE Runtime Environment (build 1.7.0_76-b13)
Java HotSpot(TM) 64-Bit Server VM (build 24.76-b04, mixed mode)
$ javac -J-Xmx32m -version
javac 1.7.0_76
travis_fold:start:install[0Ktravis_time:start:1f5de353[0K$ TERM=dumb ./gradlew assemble
Downloading http://services.gradle.org/distributions/gradle-1.8-bin.zip
..................................................................................................................................................................................................................................................................................................................................................................................................................................................................................................................................................................................................................................................................................................................................................................................................................................................................................................................................................................................................................................................................................................................................................................................................................................................................................................................................................................................................................................................................................................................................................................................................................................................................................................................................................................................................................................................................................................................................................................................................................................................
Unzipping /home/travis/.gradle/wrapper/dists/gradle-1.8-bin/vruqmccc8532n7gr46qavsii8/gradle-1.8-bin.zip to /home/travis/.gradle/wrapper/dists/gradle-1.8-bin/vruqmccc8532n7gr46qavsii8
Set executable permissions for: /home/travis/.gradle/wrapper/dists/gradle-1.8-bin/vruqmccc8532n7gr46qavsii8/gradle-1.8/bin/gradle
Download http://repo1.maven.org/maven2/org/jacoco/org.jacoco.agent/0.5.10.201208310627/org.jacoco.agent-0.5.10.201208310627.pom
Download http://repo1.maven.org/maven2/org/jacoco/org.jacoco.build/0.5.10.201208310627/org.jacoco.build-0.5.10.201208310627.pom
Download http://repo1.maven.org/maven2/org/jacoco/org.jacoco.agent/0.5.10.201208310627/org.jacoco.agent-0.5.10.201208310627-runtime.jar
Download http://repo1.maven.org/maven2/org/jacoco/org.jacoco.ant/0.5.10.201208310627/org.jacoco.ant-0.5.10.201208310627.pom
Download http://repo1.maven.org/maven2/org/jacoco/org.jacoco.core/0.5.10.201208310627/org.jacoco.core-0.5.10.201208310627.pom
Download http://repo1.maven.org/maven2/org/jacoco/org.jacoco.report/0.5.10.201208310627/org.jacoco.report-0.5.10.201208310627.pom
Download http://repo1.maven.org/maven2/asm/asm/3.3.1/asm-3.3.1.pom
Download http://repo1.maven.org/maven2/asm/asm-parent/3.3.1/asm-parent-3.3.1.pom
Download http://repo1.maven.org/maven2/asm/asm-commons/3.3.1/asm-commons-3.3.1.pom
Download http://repo1.maven.org/maven2/asm/asm-tree/3.3.1/asm-tree-3.3.1.pom
Download http://repo1.maven.org/maven2/org/jacoco/org.jacoco.ant/0.5.10.201208310627/org.jacoco.ant-0.5.10.201208310627.jar
Download http://repo1.maven.org/maven2/org/jacoco/org.jacoco.core/0.5.10.201208310627/org.jacoco.core-0.5.10.201208310627.jar
Download http://repo1.maven.org/maven2/org/jacoco/org.jacoco.report/0.5.10.201208310627/org.jacoco.report-0.5.10.201208310627.jar
Download http://repo1.maven.org/maven2/org/jacoco/org.jacoco.agent/0.5.10.201208310627/org.jacoco.agent-0.5.10.201208310627.jar
Download http://repo1.maven.org/maven2/asm/asm/3.3.1/asm-3.3.1.jar
Download http://repo1.maven.org/maven2/asm/asm-commons/3.3.1/asm-commons-3.3.1.jar
Download http://repo1.maven.org/maven2/asm/asm-tree/3.3.1/asm-tree-3.3.1.jar
:jodd-bean:copyJavaApiSignature
Download http://repo1.maven.org/maven2/org/codehaus/mojo/signature/java15/1.0/java15-1.0.pom
Download http://repo1.maven.org/maven2/org/codehaus/mojo/signature/signatures-parent/1.0/signatures-parent-1.0.pom
Download http://repo1.maven.org/maven2/org/codehaus/mojo/mojo-parent/22/mojo-parent-22.pom
Download http://repo1.maven.org/maven2/org/codehaus/mojo/signature/java15/1.0/java15-1.0.signature
:jodd-core:copyJavaApiSignature
:jodd-core:compileJavaNote: Some input files use unchecked or unsafe operations.
Note: Recompile with -Xlint:unchecked for details.

Download http://repo1.maven.org/maven2/org/codehaus/mojo/animal-sniffer-ant-tasks/1.8/animal-sniffer-ant-tasks-1.8.pom
Download http://repo1.maven.org/maven2/org/codehaus/mojo/animal-sniffer-parent/1.8/animal-sniffer-parent-1.8.pom
Download http://repo1.maven.org/maven2/org/codehaus/mojo/mojo-parent/28/mojo-parent-28.pom
Download http://repo1.maven.org/maven2/org/codehaus/codehaus-parent/3/codehaus-parent-3.pom
Download http://repo1.maven.org/maven2/org/codehaus/mojo/animal-sniffer/1.8/animal-sniffer-1.8.pom
Download http://repo1.maven.org/maven2/org/ow2/asm/asm-all/4.0/asm-all-4.0.pom
Download http://repo1.maven.org/maven2/org/ow2/asm/asm-parent/4.0/asm-parent-4.0.pom
Download http://repo1.maven.org/maven2/org/ow2/ow2/1.3/ow2-1.3.pom
Download http://repo1.maven.org/maven2/org/codehaus/mojo/animal-sniffer-ant-tasks/1.8/animal-sniffer-ant-tasks-1.8.jar
Download http://repo1.maven.org/maven2/org/codehaus/mojo/animal-sniffer/1.8/animal-sniffer-1.8.jar
Download http://repo1.maven.org/maven2/org/ow2/asm/asm-all/4.0/asm-all-4.0.jar
/home/travis/build/oblac/jodd/jodd-core/build/javaApiSignature/:jodd-core:processResources
:jodd-core:classes
:jodd-core:jar
:jodd-bean:compileJava/home/travis/build/oblac/jodd/jodd-bean/src/main/java/jodd/bean/BeanUtilUtil.java:65: warning: non-varargs call of varargs method with inexact argument type for last parameter;
			return md.getMethod().invoke(bean, null);
			                                   ^
  cast to Object for a varargs call
  cast to Object[] for a non-varargs call and to suppress this warning
/home/travis/build/oblac/jodd/jodd-bean/src/main/java/jodd/bean/BeanLoaderManager.java:53: warning: non-varargs call of varargs method with inexact argument type for last parameter;
				ReflectUtil.invoke(loaderAddon, "registerDefaults", null);
				                                                    ^
  cast to Object for a varargs call
  cast to Object[] for a non-varargs call and to suppress this warning
Note: /home/travis/build/oblac/jodd/jodd-bean/src/main/java/jodd/bean/BeanUtilBean.java uses unchecked or unsafe operations.
Note: Recompile with -Xlint:unchecked for details.
2 warnings

/home/travis/build/oblac/jodd/jodd-bean/build/javaApiSignature/:jodd-bean:processResources UP-TO-DATE
:jodd-bean:classes
:jodd-bean:jar
:jodd-core:javadocwarning: [options] bootstrap class path not set in conjunction with -source 1.5

1 warning
:jodd-bean:javadocwarning: [options] bootstrap class path not set in conjunction with -source 1.5

1 warning
:jodd-bean:javadocJar
:jodd-bean:sourcesJar
:jodd-bean:assemble
:jodd-core:javadocJar
:jodd-core:sourcesJar
:jodd-core:assemble
:jodd-db:copyJavaApiSignature
:jodd-jtx:copyJavaApiSignature
:jodd-proxetta:copyJavaApiSignature
:jodd-proxetta:compileJava
Download http://repo1.maven.org/maven2/org/slf4j/slf4j-api/1.7.2/slf4j-api-1.7.2.pom
Download http://repo1.maven.org/maven2/org/slf4j/slf4j-parent/1.7.2/slf4j-parent-1.7.2.pom
Download http://repo1.maven.org/maven2/org/slf4j/slf4j-api/1.7.2/slf4j-api-1.7.2.jar
Note: Some input files use unchecked or unsafe operations.
Note: Recompile with -Xlint:unchecked for details.
/home/travis/build/oblac/jodd/jodd-proxetta/build/javaApiSignature/:jodd-proxetta:processResources UP-TO-DATE
:jodd-proxetta:classes
:jodd-proxetta:jar
:jodd-jtx:compileJavaNote: Some input files use unchecked or unsafe operations.
Note: Recompile with -Xlint:unchecked for details.

/home/travis/build/oblac/jodd/jodd-jtx/build/javaApiSignature/:jodd-jtx:processResources UP-TO-DATE
:jodd-jtx:classes
:jodd-jtx:jar
:jodd-db:compileJavaNote: Some input files use unchecked or unsafe operations.
Note: Recompile with -Xlint:unchecked for details.

/home/travis/build/oblac/jodd/jodd-db/build/javaApiSignature/:jodd-db:processResources UP-TO-DATE
:jodd-db:classes
:jodd-db:jar
:jodd-proxetta:javadocwarning: [options] bootstrap class path not set in conjunction with -source 1.5

1 warning
:jodd-jtx:javadocwarning: [options] bootstrap class path not set in conjunction with -source 1.5

1 warning
:jodd-db:javadocwarning: [options] bootstrap class path not set in conjunction with -source 1.5

1 warning
:jodd-db:javadocJar
:jodd-db:sourcesJar
:jodd-db:assemble
:jodd-http:copyJavaApiSignature
:jodd-upload:copyJavaApiSignature
:jodd-upload:compileJava
/home/travis/build/oblac/jodd/jodd-upload/build/javaApiSignature/:jodd-upload:processResources UP-TO-DATE
:jodd-upload:classes
:jodd-upload:jar
:jodd-http:compileJava
/home/travis/build/oblac/jodd/jodd-http/build/javaApiSignature/:jodd-http:processResources UP-TO-DATE
:jodd-http:classes
:jodd-http:jar
:jodd-upload:javadocwarning: [options] bootstrap class path not set in conjunction with -source 1.5

1 warning
:jodd-http:javadocwarning: [options] bootstrap class path not set in conjunction with -source 1.5

1 warning
:jodd-http:javadocJar
:jodd-http:sourcesJar
:jodd-http:assemble
:jodd-joy:copyJavaApiSignature
:jodd-madvoc:copyJavaApiSignature
:jodd-petite:copyJavaApiSignature
:jodd-props:copyJavaApiSignature
:jodd-props:compileJava/home/travis/build/oblac/jodd/jodd-props/src/main/java/jodd/props/Props.java:303: warning: non-varargs call of varargs method with inexact argument type for last parameter;
		return getValue(key, null);
		                     ^
  cast to String for a varargs call
  cast to String[] for a non-varargs call and to suppress this warning
/home/travis/build/oblac/jodd/jodd-props/src/main/java/jodd/props/Props.java:352: warning: non-varargs call of varargs method with inexact argument type for last parameter;
		extractProps(target, null);
		                     ^
  cast to String for a varargs call
  cast to String[] for a non-varargs call and to suppress this warning
2 warnings

/home/travis/build/oblac/jodd/jodd-props/build/javaApiSignature/:jodd-props:processResources UP-TO-DATE
:jodd-props:classes
:jodd-props:jar
:jodd-servlet:copyJavaApiSignature
:jodd-servlet:compileJava
Download http://repo1.maven.org/maven2/javax/servlet/javax.servlet-api/3.0.1/javax.servlet-api-3.0.1.pom
Download http://repo1.maven.org/maven2/net/java/jvnet-parent/1/jvnet-parent-1.pom
Download http://repo1.maven.org/maven2/javax/servlet/jsp/jsp-api/2.0/jsp-api-2.0.pom
Download http://repo1.maven.org/maven2/javax/servlet/javax.servlet-api/3.0.1/javax.servlet-api-3.0.1.jar
Download http://repo1.maven.org/maven2/javax/servlet/jsp/jsp-api/2.0/jsp-api-2.0.jar
Note: Some input files use or override a deprecated API.
Note: Recompile with -Xlint:deprecation for details.
Note: /home/travis/build/oblac/jodd/jodd-servlet/src/main/java/jodd/servlet/upload/MultipartRequestWrapper.java uses unchecked or unsafe operations.
Note: Recompile with -Xlint:unchecked for details.
/home/travis/build/oblac/jodd/jodd-servlet/build/javaApiSignature/:jodd-servlet:processResources
:jodd-servlet:classes
:jodd-servlet:jar
:jodd-petite:compileJavaNote: Some input files use unchecked or unsafe operations.
Note: Recompile with -Xlint:unchecked for details.

/home/travis/build/oblac/jodd/jodd-petite/build/javaApiSignature/:jodd-petite:processResources UP-TO-DATE
:jodd-petite:classes
:jodd-petite:jar
:jodd-madvoc:compileJavaNote: /home/travis/build/oblac/jodd/jodd-madvoc/src/main/java/jodd/madvoc/component/MadvocConfig.java uses unchecked or unsafe operations.
Note: Recompile with -Xlint:unchecked for details.

/home/travis/build/oblac/jodd/jodd-madvoc/build/javaApiSignature/:jodd-madvoc:processResources UP-TO-DATE
:jodd-madvoc:classes
:jodd-madvoc:jar
:jodd-mail:copyJavaApiSignature
:jodd-mail:compileJava
Download http://repo1.maven.org/maven2/javax/mail/mail/1.4.5/mail-1.4.5.pom
Download http://repo1.maven.org/maven2/com/sun/mail/all/1.4.5/all-1.4.5.pom
Download http://repo1.maven.org/maven2/javax/activation/activation/1.1.1/activation-1.1.1.pom
Download http://repo1.maven.org/maven2/javax/mail/mail/1.4.5/mail-1.4.5.jar
Download http://repo1.maven.org/maven2/javax/activation/activation/1.1.1/activation-1.1.1.jar
/home/travis/build/oblac/jodd/jodd-mail/build/javaApiSignature/:jodd-mail:processResources UP-TO-DATE
:jodd-mail:classes
:jodd-mail:jar
:jodd-vtor:copyJavaApiSignature
:jodd-vtor:compileJava
/home/travis/build/oblac/jodd/jodd-vtor/build/javaApiSignature/:jodd-vtor:processResources UP-TO-DATE
:jodd-vtor:classes
:jodd-vtor:jar
:jodd-joy:compileJava/home/travis/build/oblac/jodd/jodd-joy/src/main/java/jodd/joy/madvoc/action/AppAction.java:86: warning: non-varargs call of varargs method with inexact argument type for last parameter;
		return validateAction(null);
		                      ^
  cast to String for a varargs call
  cast to String[] for a non-varargs call and to suppress this warning
Note: Some input files use unchecked or unsafe operations.
Note: Recompile with -Xlint:unchecked for details.
1 warning

/home/travis/build/oblac/jodd/jodd-joy/build/javaApiSignature/:jodd-joy:processResources
:jodd-joy:classes
:jodd-joy:jar
:jodd-props:javadocwarning: [options] bootstrap class path not set in conjunction with -source 1.5

1 warning
:jodd-servlet:javadocwarning: [options] bootstrap class path not set in conjunction with -source 1.5

1 warning
:jodd-petite:javadocwarning: [options] bootstrap class path not set in conjunction with -source 1.5

1 warning
:jodd-madvoc:javadocwarning: [options] bootstrap class path not set in conjunction with -source 1.5

1 warning
:jodd-mail:javadocwarning: [options] bootstrap class path not set in conjunction with -source 1.5

1 warning
:jodd-vtor:javadocwarning: [options] bootstrap class path not set in conjunction with -source 1.5

1 warning
:jodd-joy:javadocwarning: [options] bootstrap class path not set in conjunction with -source 1.5

1 warning
:jodd-joy:javadocJar
:jodd-joy:sourcesJar
:jodd-joy:assemble
:jodd-jtx:javadocJar
:jodd-jtx:sourcesJar
:jodd-jtx:assemble
:jodd-lagarto:copyJavaApiSignature
:jodd-lagarto:compileJavaNote: /home/travis/build/oblac/jodd/jodd-lagarto/src/main/java/jodd/csselly/CssSelector.java uses unchecked or unsafe operations.
Note: Recompile with -Xlint:unchecked for details.

/home/travis/build/oblac/jodd/jodd-lagarto/build/javaApiSignature/:jodd-lagarto:processResources UP-TO-DATE
:jodd-lagarto:classes
:jodd-lagarto:jar
:jodd-lagarto:javadocwarning: [options] bootstrap class path not set in conjunction with -source 1.5

1 warning
:jodd-lagarto:javadocJar
:jodd-lagarto:sourcesJar
:jodd-lagarto:assemble
:jodd-lagarto-web:copyJavaApiSignature
:jodd-lagarto-web:compileJava
/home/travis/build/oblac/jodd/jodd-lagarto-web/build/javaApiSignature/:jodd-lagarto-web:processResources UP-TO-DATE
:jodd-lagarto-web:classes
:jodd-lagarto-web:jar
:jodd-lagarto-web:javadocwarning: [options] bootstrap class path not set in conjunction with -source 1.5

1 warning
:jodd-lagarto-web:javadocJar
:jodd-lagarto-web:sourcesJar
:jodd-lagarto-web:assemble
:jodd-madvoc:javadocJar
:jodd-madvoc:sourcesJar
:jodd-madvoc:assemble
:jodd-mail:javadocJar
:jodd-mail:sourcesJar
:jodd-mail:assemble
:jodd-petite:javadocJar
:jodd-petite:sourcesJar
:jodd-petite:assemble
:jodd-props:javadocJar
:jodd-props:sourcesJar
:jodd-props:assemble
:jodd-proxetta:javadocJar
:jodd-proxetta:sourcesJar
:jodd-proxetta:assemble
:jodd-servlet:javadocJar
:jodd-servlet:sourcesJar
:jodd-servlet:assemble
:jodd-swingspy:copyJavaApiSignature
:jodd-swingspy:compileJavaNote: /home/travis/build/oblac/jodd/jodd-swingspy/src/main/java/jodd/swingspy/SwingSpyPanel.java uses unchecked or unsafe operations.
Note: Recompile with -Xlint:unchecked for details.

/home/travis/build/oblac/jodd/jodd-swingspy/build/javaApiSignature/:jodd-swingspy:processResources
:jodd-swingspy:classes
:jodd-swingspy:jar
:jodd-swingspy:javadocwarning: [options] bootstrap class path not set in conjunction with -source 1.5

1 warning
:jodd-swingspy:javadocJar
:jodd-swingspy:sourcesJar
:jodd-swingspy:assemble
:jodd-upload:javadocJar
:jodd-upload:sourcesJar
:jodd-upload:assemble
:jodd-vtor:javadocJar
:jodd-vtor:sourcesJar
:jodd-vtor:assemble

BUILD SUCCESSFUL

Total time: 1 mins 41.669 secs

travis_time:end:1f5de353:start=1479347485152678355,finish=1479347587254934761,duration=102102256406[0Ktravis_fold:end:install[0Ktravis_time:start:10e5f55c[0K$ TERM=dumb ./gradlew check
:jodd-bean:copyJavaApiSignature UP-TO-DATE
:jodd-core:copyJavaApiSignature UP-TO-DATE
:jodd-core:compileJava UP-TO-DATE
:jodd-core:processResources UP-TO-DATE
:jodd-core:classes UP-TO-DATE
:jodd-core:jar UP-TO-DATE
:jodd-bean:compileJava UP-TO-DATE
:jodd-bean:processResources UP-TO-DATE
:jodd-bean:classes UP-TO-DATE
:jodd-bean:compileTestJava
Download http://repo1.maven.org/maven2/junit/junit/4.11/junit-4.11.pom
Download http://repo1.maven.org/maven2/org/hamcrest/hamcrest-core/1.3/hamcrest-core-1.3.pom
Download http://repo1.maven.org/maven2/org/hamcrest/hamcrest-parent/1.3/hamcrest-parent-1.3.pom
Download http://repo1.maven.org/maven2/junit/junit/4.11/junit-4.11.jar
Download http://repo1.maven.org/maven2/org/hamcrest/hamcrest-core/1.3/hamcrest-core-1.3.jar
Note: /home/travis/build/oblac/jodd/jodd-bean/src/test/java/jodd/bean/BeanUtilTest.java uses or overrides a deprecated API.
Note: Recompile with -Xlint:deprecation for details.
Note: Some input files use unchecked or unsafe operations.
Note: Recompile with -Xlint:unchecked for details.
:jodd-bean:processTestResources UP-TO-DATE
:jodd-bean:testClasses
:jodd-bean:test
	test testLoadedModules(jodd.JoddBeanTest)
	test testPopulate(jodd.bean.BeanPopulateTest)
	test testFieldPrefix1(jodd.bean.BeanPrefixTest)
	test testFieldPrefix2(jodd.bean.BeanPrefixTest)
	test testCopy(jodd.bean.BeanCopyTest)
	test testCopyIncludes(jodd.bean.BeanCopyTest)
	test testCopyMap(jodd.bean.BeanCopyTest)
	test testCopyExcludes(jodd.bean.BeanCopyTest)
	test testCopyIgnoreNulls(jodd.bean.BeanCopyTest)
	test testLessToMore(jodd.bean.BeanCopyTest)
	test testCopyTemplate(jodd.bean.BeanCopyTest)
	test testRegisterDefaults(jodd.bean.BeanLoaderManagerTest)
	test testGetSetList(jodd.bean.BeanIndexPropertyTest)
	test testGetSetMap2(jodd.bean.BeanIndexPropertyTest)
	test testGetSetMapWithIntegerKey(jodd.bean.BeanIndexPropertyTest)
	test testGetSetList2(jodd.bean.BeanIndexPropertyTest)
	test testGetSetMap2withIntegerKey(jodd.bean.BeanIndexPropertyTest)
	test testGetSetArray1(jodd.bean.BeanIndexPropertyTest)
	test testGetSetArray2(jodd.bean.BeanIndexPropertyTest)
	test testGetSetMap(jodd.bean.BeanIndexPropertyTest)
	test testAllBeanSetters(jodd.bean.BeanUtilGenericsTest)
	test testSetProperty(jodd.bean.BeanUtilGenericsTest)
	test testSetField(jodd.bean.BeanUtilGenericsTest)
	test testReplaceMissingKey(jodd.bean.BeanTemplateParserTest)
	test testMap(jodd.bean.BeanTemplateParserTest)
	test testInner(jodd.bean.BeanTemplateParserTest)
	test testResolveEscapes(jodd.bean.BeanTemplateParserTest)
	test testTemplate(jodd.bean.BeanTemplateParserTest)
	test testMissing(jodd.bean.BeanTemplateParserTest)
	test testSimpleThis(jodd.bean.BeanUtilTest)
	test testNoGenerics(jodd.bean.BeanUtilTest)
	test testExceptions(jodd.bean.BeanUtilTest)
	test testSimplePropertySlimPrivate(jodd.bean.BeanUtilTest)
	test testGenerics(jodd.bean.BeanUtilTest)
	test testGet(jodd.bean.BeanUtilTest)
	test testMap(jodd.bean.BeanUtilTest)
	test testEnums(jodd.bean.BeanUtilTest)
	test testIster(jodd.bean.BeanUtilTest)
	test testMap2(jodd.bean.BeanUtilTest)
	test testMap3(jodd.bean.BeanUtilTest)
	test testSetPropertyString(jodd.bean.BeanUtilTest)
	test testSimpleProperty(jodd.bean.BeanUtilTest)
	test testLoaders(jodd.bean.BeanUtilTest)
	test testIsGetBoolean(jodd.bean.BeanUtilTest)
	test testPropertiesWithDot(jodd.bean.BeanUtilTest)
	test testNotDeclared(jodd.bean.BeanUtilTest)
	test testGeneralMapOnly(jodd.bean.BeanUtilTest)
	test testSetPropertyNumbers(jodd.bean.BeanUtilTest)
	test testIndexPropertySlimPrivate(jodd.bean.BeanUtilTest)
	test testUppercase(jodd.bean.BeanUtilTest)
	test testArrays(jodd.bean.BeanUtilTest)
	test testDeclared(jodd.bean.BeanUtilTest)
	test testForced(jodd.bean.BeanUtilTest)
	test testSetPropertyMath(jodd.bean.BeanUtilTest)
	test testNested(jodd.bean.BeanUtilTest)
	test testInheritance(jodd.bean.BeanUtilTest)
	test testIndexProperty(jodd.bean.BeanUtilTest)
	test testSilent(jodd.bean.BeanUtilTest)
	test testSetPropertySql(jodd.bean.BeanUtilTest)
	test testIndexOfDot(jodd.bean.BeanUtilUtilTest)
	test testMethods(jodd.introspector.IntrospectorGenericsTest)
	test testFields(jodd.introspector.IntrospectorGenericsTest)
	test testExtends(jodd.introspector.IntrospectorTest)
	test testBasic(jodd.introspector.IntrospectorTest)
	test testCtors(jodd.introspector.IntrospectorTest)
	test testPropertyMatches(jodd.introspector.IntrospectorTest)
	test testSameFieldDifferentClass(jodd.introspector.IntrospectorTest)
:jodd-bean:check
:jodd-core:compileTestJava/home/travis/build/oblac/jodd/jodd-core/src/test/java/jodd/format/FormatTest.java:150: warning: non-varargs call of varargs method with inexact argument type for last parameter;
		assertEquals("q w", Printf.str("%s %s", new String[]{"q", "w"}));
		                                        ^
  cast to Object for a varargs call
  cast to Object[] for a non-varargs call and to suppress this warning
/home/travis/build/oblac/jodd/jodd-core/src/test/java/jodd/format/FormatTest.java:151: warning: non-varargs call of varargs method with inexact argument type for last parameter;
		assertEquals(" q w", Printf.str(" %s %s", new String[]{"q", "w"}));
		                                          ^
  cast to Object for a varargs call
  cast to Object[] for a non-varargs call and to suppress this warning
/home/travis/build/oblac/jodd/jodd-core/src/test/java/jodd/format/FormatTest.java:152: warning: non-varargs call of varargs method with inexact argument type for last parameter;
		assertEquals("q w ", Printf.str("%s %s ", new String[]{"q", "w"}));
		                                          ^
  cast to Object for a varargs call
  cast to Object[] for a non-varargs call and to suppress this warning
/home/travis/build/oblac/jodd/jodd-core/src/test/java/jodd/format/FormatTest.java:153: warning: non-varargs call of varargs method with inexact argument type for last parameter;
		assertEquals(" q w 1 2 3 ", Printf.str(" %s %s %s %s %s ", new String[]{"q", "w", "1", "2", "3"}));
		                                                           ^
  cast to Object for a varargs call
  cast to Object[] for a non-varargs call and to suppress this warning
/home/travis/build/oblac/jodd/jodd-core/src/test/java/jodd/format/FormatTest.java:155: warning: non-varargs call of varargs method with inexact argument type for last parameter;
		assertEquals("q%w", Printf.str("%s%%%s", new String[]{"q", "w"}));
		                                         ^
  cast to Object for a varargs call
  cast to Object[] for a non-varargs call and to suppress this warning
/home/travis/build/oblac/jodd/jodd-core/src/test/java/jodd/format/FormatTest.java:156: warning: non-varargs call of varargs method with inexact argument type for last parameter;
		assertEquals("q%%", Printf.str("%s%%", new String[]{"q"}));
		                                       ^
  cast to Object for a varargs call
  cast to Object[] for a non-varargs call and to suppress this warning
/home/travis/build/oblac/jodd/jodd-core/src/test/java/jodd/format/FormatTest.java:157: warning: non-varargs call of varargs method with inexact argument type for last parameter;
		assertEquals("q%% ", Printf.str("%s%% ", new String[]{"q"}));
		                                         ^
  cast to Object for a varargs call
  cast to Object[] for a non-varargs call and to suppress this warning
/home/travis/build/oblac/jodd/jodd-core/src/test/java/jodd/format/FormatTest.java:158: warning: non-varargs call of varargs method with inexact argument type for last parameter;
		assertEquals("q %%", Printf.str("%s %%", new String[]{"q"}));
		                                         ^
  cast to Object for a varargs call
  cast to Object[] for a non-varargs call and to suppress this warning
/home/travis/build/oblac/jodd/jodd-core/src/test/java/jodd/format/FormatTest.java:159: warning: non-varargs call of varargs method with inexact argument type for last parameter;
		assertEquals("q %% ", Printf.str("%s %% ", new String[]{"q"}));
		                                           ^
  cast to Object for a varargs call
  cast to Object[] for a non-varargs call and to suppress this warning
/home/travis/build/oblac/jodd/jodd-core/src/test/java/jodd/format/FormatTest.java:160: warning: non-varargs call of varargs method with inexact argument type for last parameter;
		assertEquals("%q", Printf.str("%%%s", new String[]{"q"}));
		                                      ^
  cast to Object for a varargs call
  cast to Object[] for a non-varargs call and to suppress this warning
/home/travis/build/oblac/jodd/jodd-core/src/test/java/jodd/format/FormatTest.java:161: warning: non-varargs call of varargs method with inexact argument type for last parameter;
		assertEquals("% q", Printf.str("%% %s", new String[]{"q"}));
		                                        ^
  cast to Object for a varargs call
  cast to Object[] for a non-varargs call and to suppress this warning
/home/travis/build/oblac/jodd/jodd-core/src/test/java/jodd/format/FormatTest.java:162: warning: non-varargs call of varargs method with inexact argument type for last parameter;
		assertEquals("% q ", Printf.str("%% %s ", new String[]{"q"}));
		                                          ^
  cast to Object for a varargs call
  cast to Object[] for a non-varargs call and to suppress this warning
/home/travis/build/oblac/jodd/jodd-core/src/test/java/jodd/format/FormatTest.java:163: warning: non-varargs call of varargs method with inexact argument type for last parameter;
		assertEquals(" % q ", Printf.str(" %% %s ", new String[]{"q"}));
		                                            ^
  cast to Object for a varargs call
  cast to Object[] for a non-varargs call and to suppress this warning
/home/travis/build/oblac/jodd/jodd-core/src/test/java/jodd/util/ReflectUtilTest.java:42: warning: non-varargs call of varargs method with inexact argument type for last parameter;
			result = (String) ReflectUtil.invoke(bean, "getPublic", null);
			                                                        ^
  cast to Object for a varargs call
  cast to Object[] for a non-varargs call and to suppress this warning
/home/travis/build/oblac/jodd/jodd-core/src/test/java/jodd/util/ReflectUtilTest.java:78: warning: non-varargs call of varargs method with inexact argument type for last parameter;
			result = (String) ReflectUtil.invokeDeclared(bean, "getPublic", null);
			                                                                ^
  cast to Object for a varargs call
  cast to Object[] for a non-varargs call and to suppress this warning
/home/travis/build/oblac/jodd/jodd-core/src/test/java/jodd/util/ReflectUtilTest.java:105: warning: non-varargs call of varargs method with inexact argument type for last parameter;
			result = (String) ReflectUtil.invokeDeclared(bean, "getPrivate", null);
			                                                                 ^
  cast to Object for a varargs call
  cast to Object[] for a non-varargs call and to suppress this warning
Note: Some input files use or override a deprecated API.
Note: Recompile with -Xlint:deprecation for details.
Note: Some input files use unchecked or unsafe operations.
Note: Recompile with -Xlint:unchecked for details.
16 warnings

:jodd-core:processTestResources
:jodd-core:testClasses
:jodd-core:test
	test testLoadedModules(jodd.JoddCoreTest)
	test testPutGetAndPrune(jodd.cache.ConcurrencyTest)
	test testOnRemove(jodd.cache.LFUCacheTest)
	test testBoosting(jodd.cache.LFUCacheTest)
	test testCache(jodd.cache.LFUCacheTest)
	test testPrune(jodd.cache.LFUCacheTest)
	test testCacheTime(jodd.cache.LFUCacheTest)
	test testCache2(jodd.cache.LFUCacheTest)
	test testEndless(jodd.cache.LRUCacheTest)
	test testCache(jodd.cache.LRUCacheTest)
	test testPrune(jodd.cache.LRUCacheTest)
	test testCacheTime(jodd.cache.LRUCacheTest)
	test testCache2(jodd.cache.LRUCacheTest)
	test testCache(jodd.cache.FIFOCacheTest)
	test testPrune(jodd.cache.FIFOCacheTest)
	test testCacheTime2(jodd.cache.FIFOCacheTest)
	test testCacheTime(jodd.cache.FIFOCacheTest)
	test testCacheIterator(jodd.cache.FIFOCacheTest)
	test testCache(jodd.cache.FileLFUCacheTest)
	test testObjects(jodd.format.FormatTest)
	test testSuccessive(jodd.format.FormatTest)
	test testLongRanges(jodd.format.FormatTest)
	test testChar(jodd.format.FormatTest)
	test testBoolean(jodd.format.FormatTest)
	test testIntRanges(jodd.format.FormatTest)
	test testFormatedInt(jodd.format.FormatTest)
	test testBinary(jodd.format.FormatTest)
	test testFloats(jodd.format.FormatTest)
	test testIntLong(jodd.format.FormatTest)
	test testStrings(jodd.format.FormatTest)
	test testSqlDate2SqlDate(jodd.typeconverter.SqlDateConverterTest)
	test testJDateTime2SqlDate(jodd.typeconverter.SqlDateConverterTest)
	test testCalendar2SqlDate(jodd.typeconverter.SqlDateConverterTest)
	test testNull(jodd.typeconverter.SqlDateConverterTest)
	test testSqlTime2SqlDate(jodd.typeconverter.SqlDateConverterTest)
	test testTimestamp2SqlDate(jodd.typeconverter.SqlDateConverterTest)
	test testDate2SqlDate(jodd.typeconverter.SqlDateConverterTest)
	test testConversion(jodd.typeconverter.SqlDateConverterTest)
	test testNull(jodd.typeconverter.CalendarConverterTest)
	test testCalendar2Calendar(jodd.typeconverter.CalendarConverterTest)
	test testJDateTime2Calendar(jodd.typeconverter.CalendarConverterTest)
	test testTimestamp2Calendar(jodd.typeconverter.CalendarConverterTest)
	test testSqlDate2Calendar(jodd.typeconverter.CalendarConverterTest)
	test testSqlTime2Calendar(jodd.typeconverter.CalendarConverterTest)
	test testDate2Calendar(jodd.typeconverter.CalendarConverterTest)
	test testConversion(jodd.typeconverter.CharacterConverterTest)
	test testConversion(jodd.typeconverter.BigDecimalConverterTest)
	test testConversion(jodd.typeconverter.LongArrayConverterTest)
	test testConversion(jodd.typeconverter.LocaleConverterTest)
	test testConversion(jodd.typeconverter.ByteConverterTest)
	test testConversion(jodd.typeconverter.DoubleConverterTest)
	test testCharToArrayConversion(jodd.typeconverter.ArraysTest)
	test testIntToLongArray(jodd.typeconverter.ArraysTest)
	test testArrayToIntConversionSingleValue(jodd.typeconverter.ArraysTest)
	test testIntToArrayConversionCommaSeparated(jodd.typeconverter.ArraysTest)
	test testArrayToLongConversion(jodd.typeconverter.ArraysTest)
	test testIntToArrayConversionSingleValue(jodd.typeconverter.ArraysTest)
	test testShortToArrayConversion(jodd.typeconverter.ArraysTest)
	test testBigIntegerToInt(jodd.typeconverter.ArraysTest)
	test testArrayToIntConversion(jodd.typeconverter.ArraysTest)
	test testBigIntegerToInteger(jodd.typeconverter.ArraysTest)
	test testIntegerToBigInteger(jodd.typeconverter.ArraysTest)
	test testArrayToShortConversion(jodd.typeconverter.ArraysTest)
	test testBooleanToArrayConversion(jodd.typeconverter.ArraysTest)
	test testArrayToBooleanConversion(jodd.typeconverter.ArraysTest)
	test testDoubleToArrayConversion(jodd.typeconverter.ArraysTest)
	test testByteToArrayConversion(jodd.typeconverter.ArraysTest)
	test testIntToArrayConversion(jodd.typeconverter.ArraysTest)
	test testMutableToInt(jodd.typeconverter.ArraysTest)
	test testIntToLongArray2(jodd.typeconverter.ArraysTest)
	test testIntToLongArray3(jodd.typeconverter.ArraysTest)
	test testArrayToByteConversion(jodd.typeconverter.ArraysTest)
	test testMutableToInteger(jodd.typeconverter.ArraysTest)
	test testArrayToIntConversionCommaSeparated(jodd.typeconverter.ArraysTest)
	test testArrayToCharConversion(jodd.typeconverter.ArraysTest)
	test testLongToArrayConversion(jodd.typeconverter.ArraysTest)
	test testIntegerToMutable(jodd.typeconverter.ArraysTest)
	test testArrayToDoubleConversion(jodd.typeconverter.ArraysTest)
	test testArrayToFloatConversion(jodd.typeconverter.ArraysTest)
	test testIntToBigInteger(jodd.typeconverter.ArraysTest)
	test testFloatToArrayConversion(jodd.typeconverter.ArraysTest)
	test testMutableIntToArrayConversionCommaSeparated(jodd.typeconverter.ArraysTest)
	test testIntToMutable(jodd.typeconverter.ArraysTest)
	test testNonArrayConversion(jodd.typeconverter.ByteArrayConverterTest)
	test testArrayConversion(jodd.typeconverter.ByteArrayConverterTest)
	test testConversion(jodd.typeconverter.BigIntegerConverterTest)
	test testConversion(jodd.typeconverter.BooleanConverterTest)
	test testConversion(jodd.typeconverter.IntegerArrayConverterTest)
	test testDate2JDateTime(jodd.typeconverter.JDateTimeConverterTest)
	test testNull(jodd.typeconverter.JDateTimeConverterTest)
	test testSqlDate2JDateTime(jodd.typeconverter.JDateTimeConverterTest)
	test testSqlTime2JDateTime(jodd.typeconverter.JDateTimeConverterTest)
	test testJDateTime2JDateTime(jodd.typeconverter.JDateTimeConverterTest)
	test testCalendar2JDateTime(jodd.typeconverter.JDateTimeConverterTest)
	test testTimestamp2JDateTime(jodd.typeconverter.JDateTimeConverterTest)
	test testConversion(jodd.typeconverter.JDateTimeConverterTest)
	test testNull(jodd.typeconverter.DateConverterTest)
	test testJDateTime2Date(jodd.typeconverter.DateConverterTest)
	test testSqlDate2Date(jodd.typeconverter.DateConverterTest)
	test testCalendar2Date(jodd.typeconverter.DateConverterTest)
	test testSqlTime2Date(jodd.typeconverter.DateConverterTest)
	test testDate2Date(jodd.typeconverter.DateConverterTest)
	test testConversion(jodd.typeconverter.DateConverterTest)
	test testTimestamp2Date(jodd.typeconverter.DateConverterTest)
	test testConversion(jodd.typeconverter.ClassArrayConverterTest)
	test testConversion(jodd.typeconverter.ShortConverterTest)
	test testConversion(jodd.typeconverter.ClassConverterTest)
	test testConversion(jodd.typeconverter.MutableFloatConverterTest)
	test testConversion(jodd.typeconverter.URLConverterTest)
	test testConversion(jodd.typeconverter.MutableLongConverterTest)
	test testArrayConversion(jodd.typeconverter.BooleanArrayConverterTest)
	test testConversion(jodd.typeconverter.BooleanArrayConverterTest)
	test testConversion(jodd.typeconverter.StringArrayConverterTest)
	test testConversion(jodd.typeconverter.ShortArrayConverterTest)
	test testDate2Timestamp(jodd.typeconverter.SqlTimestampConverterTest)
	test testNull(jodd.typeconverter.SqlTimestampConverterTest)
	test testSqlDate2Timestamp(jodd.typeconverter.SqlTimestampConverterTest)
	test testConversion(jodd.typeconverter.SqlTimestampConverterTest)
	test testSqlTime2Timestamp(jodd.typeconverter.SqlTimestampConverterTest)
	test testJDateTime2Timestamp(jodd.typeconverter.SqlTimestampConverterTest)
	test testCalendar2Timestamp(jodd.typeconverter.SqlTimestampConverterTest)
	test testTimestamp2Timestamp(jodd.typeconverter.SqlTimestampConverterTest)
	test testConversion(jodd.typeconverter.MutableByteConverterTest)
	test testDate2Timestamp(jodd.typeconverter.SqlTimeConverterTest)
	test testNull(jodd.typeconverter.SqlTimeConverterTest)
	test testSqlDate2Timestamp(jodd.typeconverter.SqlTimeConverterTest)
	test testConversion(jodd.typeconverter.SqlTimeConverterTest)
	test testSqlTime2Timestamp(jodd.typeconverter.SqlTimeConverterTest)
	test testJDateTime2Timestamp(jodd.typeconverter.SqlTimeConverterTest)
	test testCalendar2Timestamp(jodd.typeconverter.SqlTimeConverterTest)
	test testTimestamp2Timestamp(jodd.typeconverter.SqlTimeConverterTest)
	test testManager(jodd.typeconverter.StringConverterTest)
	test testConversion(jodd.typeconverter.MutableDoubleConverterTest)
	test testChangeConverter(jodd.typeconverter.ConvertTest)
	test testDefaultConversion(jodd.typeconverter.ConvertTest)
	test testArrayConversion(jodd.typeconverter.ConvertTest)
	test testAllConversions(jodd.typeconverter.ConvertTest)
	test testConversion(jodd.typeconverter.DoubleArrayConverterTest)
	test testConversion(jodd.typeconverter.IntegerConverterTest)
	test testConversion(jodd.typeconverter.LongConverterTest)
	test testConversion(jodd.typeconverter.MutableIntegerConverterTest)
	test testFloatArrayMix(jodd.typeconverter.MixTest)
	test testIntArrayMix(jodd.typeconverter.MixTest)
	test testMultipleArrays(jodd.typeconverter.MixTest)
	test testShortArrayMix(jodd.typeconverter.MixTest)
	test testCharArrayMix(jodd.typeconverter.MixTest)
	test testStringArrayMix(jodd.typeconverter.MixTest)
	test testDoubleArrayMix(jodd.typeconverter.MixTest)
	test testLongArrayMix(jodd.typeconverter.MixTest)
	test testByteArrayMix(jodd.typeconverter.MixTest)
	test testConversion(jodd.typeconverter.FloatArrayConverterTest)
	test testConversion(jodd.typeconverter.FloatConverterTest)
	test testConversion(jodd.typeconverter.URIConverterTest)
	test testConversion(jodd.typeconverter.MutableShortConverterTest)
	test testRegistration(jodd.typeconverter.impl.TypeConverterManagerTest)
	test testAfter(jodd.datetime.BeforeAfterTest)
	test testBefore(jodd.datetime.BeforeAfterTest)
	test testLeapYears(jodd.datetime.JDateTimeTest)
	test testSet999Millis(jodd.datetime.JDateTimeTest)
	test testClone(jodd.datetime.JDateTimeTest)
	test testSetGetMillis(jodd.datetime.JDateTimeTest)
	test testToString(jodd.datetime.JDateTimeTest)
	test testMiscSetsGets(jodd.datetime.JDateTimeTest)
	test testAddMonths(jodd.datetime.JDateTimeTest)
	test testLoadFromStoreTo(jodd.datetime.JDateTimeTest)
	test testDaysInMonth(jodd.datetime.JDateTimeTest)
	test testMillis(jodd.datetime.JDateTimeTest)
	test testSpringForward(jodd.datetime.DstTest)
	test testFallBack(jodd.datetime.DstTest)
	test testTruncated(jodd.datetime.AltJdTest)
	test testModified(jodd.datetime.AltJdTest)
	test testReduced(jodd.datetime.AltJdTest)
	test testDlt(jodd.datetime.TimeZoneTest)
	test testTzOffset(jodd.datetime.TimeZoneTest)
	test testTimeZones(jodd.datetime.TimeZoneTest)
	test testClose(jodd.datetime.PeriodTest)
	test testSame(jodd.datetime.PeriodTest)
	test testYear(jodd.datetime.PeriodTest)
	test testMinuses(jodd.datetime.PeriodTest)
	test testOneDay(jodd.datetime.PeriodTest)
	test testParsing(jodd.datetime.FormatterTest)
	test testFormat(jodd.datetime.FormatterTest)
	test testExternalConversion(jodd.datetime.FormatterTest)
	test testStringConversion(jodd.datetime.FormatterTest)
	test testQuotes(jodd.datetime.FormatterTest)
	test testDecimalFloating(jodd.datetime.JulianDateStampTest)
	test testSet(jodd.datetime.JulianDateStampTest)
	test testbetween(jodd.datetime.JulianDateStampTest)
	test testFix(jodd.datetime.TimeUtilTest)
	test testDates(jodd.datetime.TimeUtilTest)
	test testTimes(jodd.datetime.TimeUtilTest)
	test testToCalendar(jodd.datetime.TimeUtilTest)
	test testDayOfYear(jodd.datetime.TimeUtilTest)
	test testFromToJulian(jodd.datetime.TimeUtilTest)
	test testSetDateAccumulation(jodd.datetime.TimeUtilTest)
	test testSetAccumulation(jodd.datetime.TimeUtilTest)
	test testMonteCarlo(jodd.datetime.TimeUtilTest)
	test testValidDateTime(jodd.datetime.ValidsTest)
	test testIsValid2(jodd.datetime.ValidsTest)
	test testIsValid(jodd.datetime.ValidsTest)
	test testFrench(jodd.datetime.LocaleTest)
	test testWeekOfYear(jodd.datetime.JDateTimeMoreTest)
	test testNow(jodd.datetime.JDateTimeMoreTest)
	test testMillisPrecision(jodd.datetime.JDateTimeMoreTest)
	test testWeeks(jodd.datetime.JDateTimeMoreTest)
	test test1582(jodd.datetime.JDateTimeMoreTest)
	test testCtor(jodd.datetime.JDateTimeMoreTest)
	test testCompareToAndAdd(jodd.datetime.JDateTimeMoreTest)
	test test1(jodd.datetime.JDateTimeMoreTest)
	test testAddMonthNoFix(jodd.datetime.JDateTimeMoreTest)
	test testMillis0(jodd.datetime.JDateTimeMoreTest)
	test testMillisProblems(jodd.datetime.JDateTimeMoreTest)
	test testParseWithDelimiters(jodd.datetime.format.ParserTest)
	test testParseWithoutDelimiters(jodd.datetime.format.ParserTest)
	test testFcat(jodd.io.FastCharArrayTest)
	test testWriteTo(jodd.io.FastCharArrayTest)
	test testFcatSingle(jodd.io.FastCharArrayTest)
	test testZip(jodd.io.ZipUtilTest)
	test testGzip(jodd.io.ZipUtilTest)
	test testZlib(jodd.io.ZipUtilTest)
	test testZipDir(jodd.io.ZipUtilTest)
	test testZipStreams(jodd.io.ZipUtilTest)
	test testFbat2(jodd.io.FastByteArrayTest)
	test testFbat(jodd.io.FastByteArrayTest)
	test testFbatSingle(jodd.io.FastByteArrayTest)
	test testNormalizeProblem(jodd.io.FileNameUtilTest)
	test testNormalizeNoEndSeparator(jodd.io.FileNameUtilTest)
	test testGetPathNoEndSeparator(jodd.io.FileNameUtilTest)
	test testNormalize(jodd.io.FileNameUtilTest)
	test testConcat(jodd.io.FileNameUtilTest)
	test testPrefixLength(jodd.io.FileNameUtilTest)
	test testNoUtf(jodd.io.UnicodeInputStreamTest)
	test testUtf8(jodd.io.UnicodeInputStreamTest)
	test testUtf16BE(jodd.io.UnicodeInputStreamTest)
	test testUtf16LE(jodd.io.UnicodeInputStreamTest)
	test testUtf32BE(jodd.io.UnicodeInputStreamTest)
	test testUtf32LE(jodd.io.UnicodeInputStreamTest)
	test testWildcardFile(jodd.io.FindFileTest)
	test testWildcardPath(jodd.io.FindFileTest)
	test testRegexp(jodd.io.FindFileTest)
	test testGetBytes(jodd.io.StreamUtilTest)
	test testCopy(jodd.io.StreamUtilTest)
	test testCompare(jodd.io.StreamUtilTest)
	test testUnicodeString(jodd.io.FileUtilTest)
	test testBytes(jodd.io.FileUtilTest)
	test testFileManipulation(jodd.io.FileUtilTest)
	test testFileManipulations(jodd.io.FileUtilTest)
	test testString(jodd.io.FileUtilTest)
	test testUTFReads(jodd.io.FileUtilTest)
	test testNotFound(jodd.io.findfile.FindFile2Test)
	test testTwoRoots(jodd.io.findfile.FindFile2Test)
	test testSort(jodd.io.findfile.FindFile2Test)
	test testAcceptAndWalk(jodd.io.findfile.FindFile2Test)
	test testNonExisting(jodd.io.findfile.FindFile2Test)
	test testJustFoldersAndFiles(jodd.io.findfile.FindFile2Test)
	test testTwoRootsAndWildcardMatchTypes(jodd.io.findfile.FindFile2Test)
	test testFind(jodd.util.BinarySearchTest)
	test testFindLast(jodd.util.BinarySearchTest)
	test testFindFirst(jodd.util.BinarySearchTest)
	test testFindRange(jodd.util.BinarySearchTest)
	test testTuple2(jodd.util.TupleTest)
	test testTuple3(jodd.util.TupleTest)
	test testAllMode(jodd.util.StringInputStreamTest)
	test testStripMode(jodd.util.StringInputStreamTest)
	test testASCIIMode(jodd.util.StringInputStreamTest)
	test testReplaceMissingKey(jodd.util.StringTemplateParserTest)
	test testMap(jodd.util.StringTemplateParserTest)
	test testInner(jodd.util.StringTemplateParserTest)
	test testResolveEscapes(jodd.util.StringTemplateParserTest)
	test testResolver(jodd.util.StringTemplateParserTest)
	test testMissing(jodd.util.StringTemplateParserTest)
	test testInner2(jodd.util.StringTemplateParserTest)
	test testCustomMacrosEnds(jodd.util.StringTemplateParserTest)
	test testLocaleUtil(jodd.util.LocaleUtilTest)
	test testToSimpleCharArray(jodd.util.CharUtilTest)
	test testToAsciiByteArray(jodd.util.CharUtilTest)
	test testToSimpleByteArray(jodd.util.CharUtilTest)
	test testToRawCharArray(jodd.util.CharUtilTest)
	test testToRawByteArray(jodd.util.CharUtilTest)
	test testToByte(jodd.util.CharUtilTest)
	test testEquals(jodd.util.ObjectUtilTest)
	test testDown(jodd.util.LoopIteratorTest)
	test testNone(jodd.util.LoopIteratorTest)
	test testUp(jodd.util.LoopIteratorTest)
	test testSingle(jodd.util.LoopIteratorTest)
	test testSbands(jodd.util.StringBandTest)
	test testSort1(jodd.util.FastSortTest)
	test testSort2(jodd.util.FastSortTest)
	test testGetFieldConcreteType2(jodd.util.ReflectUtilTest)
	test testGetRawAndComponentType(jodd.util.ReflectUtilTest)
	test testAccessibleA(jodd.util.ReflectUtilTest)
	test testAccessibleB(jodd.util.ReflectUtilTest)
	test testAccessibleC(jodd.util.ReflectUtilTest)
	test testAccessibleD(jodd.util.ReflectUtilTest)
	test testAccessibleE(jodd.util.ReflectUtilTest)
	test testCast(jodd.util.ReflectUtilTest)
	test testMatchClasses(jodd.util.ReflectUtilTest)
	test testMethodTypeToString(jodd.util.ReflectUtilTest)
	test testFieldTypeToString(jodd.util.ReflectUtilTest)
	test testGetRawWithImplClass(jodd.util.ReflectUtilTest)
	test testIsSubclassAndInterface(jodd.util.ReflectUtilTest)
	test testMethod0(jodd.util.ReflectUtilTest)
	test testIsSubClassForCommonTypes(jodd.util.ReflectUtilTest)
	test testInvokeEx(jodd.util.ReflectUtilTest)
	test testInvoke(jodd.util.ReflectUtilTest)
	test testGetFieldConcreteType(jodd.util.ReflectUtilTest)
	test testMethod(jodd.util.ReflectUtilTest)
	test testInvoke2(jodd.util.ReflectUtilTest)
	test testBeanPropertyNames(jodd.util.ReflectUtilTest)
	test testMethodParameterTypeToString(jodd.util.ReflectUtilTest)
	test testCastEnums(jodd.util.ReflectUtilTest)
	test testTabsToSpaces(jodd.util.TextUtilTest)
	test testFormatPara(jodd.util.TextUtilTest)
	test testEncoding(jodd.util.Base64Test)
	test testUTF8(jodd.util.Base64Test)
	test testDecode(jodd.util.Base64Test)
	test testEntities(jodd.util.HtmlDecoderTest)
	test testDecodeNotFound(jodd.util.HtmlDecoderTest)
	test testHexDecimal(jodd.util.HtmlDecoderTest)
	test testSameNames(jodd.util.HtmlDecoderTest)
	test testNull(jodd.util.PropertiesUtilTest)
	test testResolve(jodd.util.PropertiesUtilTest)
	test testEscape(jodd.util.PropertiesUtilTest)
	test testSub(jodd.util.ArraysUtilTest)
	test testJoin(jodd.util.ArraysUtilTest)
	test testToString(jodd.util.ArraysUtilTest)
	test testContains(jodd.util.ArraysUtilTest)
	test testContains2(jodd.util.ArraysUtilTest)
	test testSuperType(jodd.util.ArraysUtilTest)
	test testConvert(jodd.util.ArraysUtilTest)
	test testIndexOf2(jodd.util.ArraysUtilTest)
	test testAppend(jodd.util.ArraysUtilTest)
	test testInsertAt(jodd.util.ArraysUtilTest)
	test testInsert(jodd.util.ArraysUtilTest)
	test testIndexOf(jodd.util.ArraysUtilTest)
	test testRemove(jodd.util.ArraysUtilTest)
	test testResize(jodd.util.ArraysUtilTest)
	test testClassFileName(jodd.util.ClassLoaderUtilTest)
	test testStream(jodd.util.ClassLoaderUtilTest)
	test testLoadClass(jodd.util.ClassLoaderUtilTest)
	test testEncodeUri(jodd.util.URLCoderTest)
	test testEncodeUrl(jodd.util.URLCoderTest)
	test testQuerySimple(jodd.util.URLCoderTest)
	test testEncodeUserInfo(jodd.util.URLCoderTest)
	test testEncodeHost(jodd.util.URLCoderTest)
	test testEncodePath(jodd.util.URLCoderTest)
	test testEncodePort(jodd.util.URLCoderTest)
	test testUrlBuilder(jodd.util.URLCoderTest)
	test testEncodeHttpUrl(jodd.util.URLCoderTest)
	test testEncodeScheme(jodd.util.URLCoderTest)
	test encodeHttpUrlMail(jodd.util.URLCoderTest)
	test testEncodeQuery(jodd.util.URLCoderTest)
	test testEncodeQueryParam(jodd.util.URLCoderTest)
	test testDecode(jodd.util.URLCoderTest)
	test testEncodeFragment(jodd.util.URLCoderTest)
	test testEncodePathSegment(jodd.util.URLCoderTest)
	test testMap(jodd.util.PrettyStringBuilderTest)
	test testMax(jodd.util.PrettyStringBuilderTest)
	test testArray(jodd.util.PrettyStringBuilderTest)
	test testDeep(jodd.util.PrettyStringBuilderTest)
	test testList(jodd.util.PrettyStringBuilderTest)
	test testEncode32(jodd.util.Base32Test)
	test testText(jodd.util.Base32Test)
	test testDecode32(jodd.util.Base32Test)
	test testToCsv(jodd.util.CsvUtilTest)
	test testFromCsv(jodd.util.CsvUtilTest)
	test testSimpleMime(jodd.util.MimeTypesTest)
	test testFind(jodd.util.MimeTypesTest)
	test testFindWithWildcards(jodd.util.MimeTypesTest)
	test testMatchEscapedWildcards(jodd.util.WildcardTest)
	test testMatch(jodd.util.WildcardTest)
	test testMore(jodd.util.WildcardTest)
	test testMatchWildcard(jodd.util.WildcardTest)
	test testMatchPath1(jodd.util.WildcardTest)
	test testMatchPath2(jodd.util.WildcardTest)
	test testDifferences(jodd.util.WildcardTest)
	test testEncodeText(jodd.util.HtmlEncoderTest)
	test testNbsp(jodd.util.HtmlEncoderTest)
	test testEncodeTextStrict(jodd.util.HtmlEncoderTest)
	test testEncode(jodd.util.HtmlEncoderTest)
	test testTruncate(jodd.util.StringUtilTest)
	test testToCamelCase(jodd.util.StringUtilTest)
	test testMaxCommonPrefix(jodd.util.StringUtilTest)
	test testStartWith(jodd.util.StringUtilTest)
	test testEscapeQuotes(jodd.util.StringUtilTest)
	test testCount(jodd.util.StringUtilTest)
	test testEmpty(jodd.util.StringUtilTest)
	test testSplit(jodd.util.StringUtilTest)
	test testStrip(jodd.util.StringUtilTest)
	test testTitle(jodd.util.StringUtilTest)
	test testCrop(jodd.util.StringUtilTest)
	test testCuts(jodd.util.StringUtilTest)
	test testJoin(jodd.util.StringUtilTest)
	test testTrim(jodd.util.StringUtilTest)
	test testToString(jodd.util.StringUtilTest)
	test testFindCommonPrefix(jodd.util.StringUtilTest)
	test testSurround(jodd.util.StringUtilTest)
	test testJavaEscapes(jodd.util.StringUtilTest)
	test testCompressChars(jodd.util.StringUtilTest)
	test testFromCamelCase(jodd.util.StringUtilTest)
	test testReplaceChar(jodd.util.StringUtilTest)
	test testIsCharAt(jodd.util.StringUtilTest)
	test testIndexOfChars(jodd.util.StringUtilTest)
	test testCharset(jodd.util.StringUtilTest)
	test testStripFromToChar(jodd.util.StringUtilTest)
	test testReplace(jodd.util.StringUtilTest)
	test testReverse(jodd.util.StringUtilTest)
	test testSubstring(jodd.util.StringUtilTest)
	test testArrays(jodd.util.StringUtilTest)
	test testEquals(jodd.util.StringUtilTest)
	test testEscape(jodd.util.StringUtilTest)
	test testIndexOf(jodd.util.StringUtilTest)
	test testShorten(jodd.util.StringUtilTest)
	test testRanges(jodd.util.StringUtilTest)
	test testRegion(jodd.util.StringUtilTest)
	test testRemove(jodd.util.StringUtilTest)
	test testRepeat(jodd.util.StringUtilTest)
	test testSplit2(jodd.util.StringUtilTest)
	test testCapitalize(jodd.util.StringUtilTest)
	test testParentLast(jodd.util.ExtendedURLClassLoaderTest)
	test testGetResource(jodd.util.ExtendedURLClassLoaderTest)
	test testLoadSystemClasses(jodd.util.ExtendedURLClassLoaderTest)
	test testNatural202(jodd.util.NaturalOrderComparatorTest)
	test testNaturalSig(jodd.util.NaturalOrderComparatorTest)
	test testNaturalOrder(jodd.util.NaturalOrderComparatorTest)
	test testNaturalSig00(jodd.util.NaturalOrderComparatorTest)
	test testOddEven(jodd.util.MathUtilTest)
	test testParseDigit(jodd.util.MathUtilTest)
	test testFactorial(jodd.util.MathUtilTest)
	test testReferenceMap(jodd.util.ref.ReferenceCollectionsTest)
	test testReferenceSet(jodd.util.ref.ReferenceCollectionsTest)
	test testInnerBuffers(jodd.util.buffer.FastBuffersTest)
	test testArray(jodd.util.buffer.FastBuffersTest)
	test testAtExceptions(jodd.util.buffer.FastBuffersTest)
	test testAt(jodd.util.buffer.FastBuffersTest)
	test testAppend(jodd.util.buffer.FastBuffersTest)
	test testChunks(jodd.util.buffer.FastBuffersTest)
	test testCommon(jodd.util.buffer.FastBuffersTest)
	test testIterator(jodd.util.buffer.FastBuffersTest)
	test testAll(jodd.util.collection.IntHashMapTest)
	test testRemoveWithThree(jodd.util.collection.CompositeEnumerationTest)
	test testRemoveWithOne(jodd.util.collection.CompositeEnumerationTest)
	test testRemoveWithTwo(jodd.util.collection.CompositeEnumerationTest)
	test testNextWithThree(jodd.util.collection.CompositeEnumerationTest)
	test testPartialIterationWithThree1(jodd.util.collection.CompositeEnumerationTest)
	test testPartialIterationWithThree2(jodd.util.collection.CompositeEnumerationTest)
	test testNextWithOne(jodd.util.collection.CompositeEnumerationTest)
	test testNextWithTwo(jodd.util.collection.CompositeEnumerationTest)
	test testEquality(jodd.util.collection.PrimitivearraysTest)
	test testCommonOperations(jodd.util.collection.PrimitivearraysTest)
	test testRemoveWithThree(jodd.util.collection.CompositeIteratorTest)
	test testRemoveWithOne(jodd.util.collection.CompositeIteratorTest)
	test testRemoveWithTwo(jodd.util.collection.CompositeIteratorTest)
	test testRemoveFail(jodd.util.collection.CompositeIteratorTest)
	test testNextWithThree(jodd.util.collection.CompositeIteratorTest)
	test testPartialIterationWithThree1(jodd.util.collection.CompositeIteratorTest)
	test testPartialIterationWithThree2(jodd.util.collection.CompositeIteratorTest)
	test testNextWithOne(jodd.util.collection.CompositeIteratorTest)
	test testNextWithTwo(jodd.util.collection.CompositeIteratorTest)
	test testArrayIteration(jodd.util.collection.ArrayIteratorTest)
	test testArrayIterationFrom(jodd.util.collection.ArrayIteratorTest)
	test testEnumerationFrom(jodd.util.collection.ArrayEnumerationTest)
	test testEnumeration(jodd.util.collection.ArrayEnumerationTest)
	test testList1(jodd.util.collection.SortedArrayListTest)
	test testList2(jodd.util.collection.SortedArrayListTest)
	test testRandom(jodd.util.collection.SortedArrayListTest)
:jodd-core:check
:jodd-bean:jar UP-TO-DATE
:jodd-db:copyJavaApiSignature UP-TO-DATE
:jodd-jtx:copyJavaApiSignature UP-TO-DATE
:jodd-proxetta:copyJavaApiSignature UP-TO-DATE
:jodd-proxetta:compileJava UP-TO-DATE
:jodd-proxetta:processResources UP-TO-DATE
:jodd-proxetta:classes UP-TO-DATE
:jodd-proxetta:jar UP-TO-DATE
:jodd-jtx:compileJava UP-TO-DATE
:jodd-jtx:processResources UP-TO-DATE
:jodd-jtx:classes UP-TO-DATE
:jodd-jtx:jar UP-TO-DATE
:jodd-db:compileJava UP-TO-DATE
:jodd-db:processResources UP-TO-DATE
:jodd-db:classes UP-TO-DATE
:jodd-db:compileTestJava
Download http://repo1.maven.org/maven2/org/hsqldb/hsqldb/2.2.9/hsqldb-2.2.9.pom
Download http://repo1.maven.org/maven2/com/h2database/h2/1.1.111/h2-1.1.111.pom
Download http://repo1.maven.org/maven2/mysql/mysql-connector-java/5.1.21/mysql-connector-java-5.1.21.pom
Download http://repo1.maven.org/maven2/postgresql/postgresql/9.1-901-1.jdbc4/postgresql-9.1-901-1.jdbc4.pom
Download http://repo1.maven.org/maven2/org/hsqldb/hsqldb/2.2.9/hsqldb-2.2.9.jar
Download http://repo1.maven.org/maven2/com/h2database/h2/1.1.111/h2-1.1.111.jar
Download http://repo1.maven.org/maven2/mysql/mysql-connector-java/5.1.21/mysql-connector-java-5.1.21.jar
Download http://repo1.maven.org/maven2/postgresql/postgresql/9.1-901-1.jdbc4/postgresql-9.1-901-1.jdbc4.jar
Note: /home/travis/build/oblac/jodd/jodd-db/src/test/java/jodd/db/oom/MappingTest.java uses or overrides a deprecated API.
Note: Recompile with -Xlint:deprecation for details.
:jodd-db:processTestResources UP-TO-DATE
:jodd-db:testClasses
:jodd-db:test
	test testLoadedModules(jodd.JoddDbTest)
	test testSupportsToSupportsCommit(jodd.db.DbPropagationTest)
	test testRequiredToRequiredRollback(jodd.db.DbPropagationTest)
	test testSupportsToNeverCommit(jodd.db.DbPropagationTest)
	test testSupportsNone(jodd.db.DbPropagationTest)
	test testRequiredToNever(jodd.db.DbPropagationTest)
	test testSupportsToRequiredCommit(jodd.db.DbPropagationTest)
	test testSupportsToMandatory(jodd.db.DbPropagationTest)
	test testRequiredToMandatoryCommit(jodd.db.DbPropagationTest)
	test testRequired(jodd.db.DbPropagationTest)
	test testSupportsToRequiresNewCommit(jodd.db.DbPropagationTest)
	test testRequiredToSupportsCommit(jodd.db.DbPropagationTest)
	test testNotSupported(jodd.db.DbPropagationTest)
	test testRequiredToRequiredCommit(jodd.db.DbPropagationTest)
	test testPrepareSql(jodd.db.DbQueryTest)
	test testSessionProvider(jodd.db.DbJtxTransactionManagerTest)
	test testBig(jodd.db.DbMiscTest)
	test testSetObjects(jodd.db.DbMiscTest)
	test testSetMap(jodd.db.DbMiscTest)
	test testNoTx(jodd.db.DbTransactionTest)
	test testTime(jodd.db.DbTransactionTest)
	test testRollback(jodd.db.DbTransactionTest)
	test testAction(jodd.db.DbTransactionTest)
	test testThread(jodd.db.DbTransactionTest)
	test testThreadSessionProvider(jodd.db.DbSessionProviderTest)
	test testMappingNoTable(jodd.db.oom.DbNoTableTest)
	test testTableNameDefault(jodd.db.oom.StrictCompareTest)
	test testStrict(jodd.db.oom.StrictCompareTest)
	test testHints(jodd.db.oom.JointHintResolverTest)
	test testOrm(jodd.db.oom.DbOomTest)
	test testReferencesAndEscapes(jodd.db.oom.DbSqlTemplateTest)
	test testMatch(jodd.db.oom.DbSqlTemplateTest)
	test testJoin(jodd.db.oom.DbSqlTemplateTest)
	test testAliasNoAlias(jodd.db.oom.DbSqlTemplateTest)
	test testColumns1(jodd.db.oom.DbSqlTemplateTest)
	test testColumns2(jodd.db.oom.DbSqlTemplateTest)
	test testColumns3(jodd.db.oom.DbSqlTemplateTest)
	test testColumns4(jodd.db.oom.DbSqlTemplateTest)
	test testManyTables(jodd.db.oom.DbSqlTemplateTest)
	test testTables(jodd.db.oom.DbSqlTemplateTest)
	test testMapping(jodd.db.oom.MappingTest)
	test testHint(jodd.db.oom.DbHintTest)
	test testCriteria(jodd.db.oom.DbSqlBuilderTest)
	test testUpdateSet(jodd.db.oom.DbSqlBuilderTest)
	test testTable(jodd.db.oom.DbSqlBuilderTest)
	test testValue(jodd.db.oom.DbSqlBuilderTest)
	test testWhere(jodd.db.oom.DbSqlBuilderTest)
	test testReferences(jodd.db.oom.DbSqlBuilderTest)
	test testColumn(jodd.db.oom.DbSqlBuilderTest)
	test testInsert(jodd.db.oom.DbSqlBuilderTest)
	test testStrings(jodd.db.oom.DbSqlBuilderTest)
	test testOrm2(jodd.db.oom.DbOom2Test)
	test testTablePrefixSuffix(jodd.db.oom.DbSqlTemplateWithPrefixTest)
	test testJoin(jodd.db.oom.EntityCacheTest)
	test testTruncate(jodd.db.oom.sqlgen.DbEntitySqlTest)
	test testCount(jodd.db.oom.sqlgen.DbEntitySqlTest)
	test testFind(jodd.db.oom.sqlgen.DbEntitySqlTest)
	test testFrom(jodd.db.oom.sqlgen.DbEntitySqlTest)
	test testUpdateColumn(jodd.db.oom.sqlgen.DbEntitySqlTest)
	test testDelete(jodd.db.oom.sqlgen.DbEntitySqlTest)
	test testInsert(jodd.db.oom.sqlgen.DbEntitySqlTest)
	test testUpdate(jodd.db.oom.sqlgen.DbEntitySqlTest)
	test testColumnNameToPropertyName2(jodd.db.oom.naming.ColumnNamingStrategyTest)
	test testPropertyNameToColumnName2(jodd.db.oom.naming.ColumnNamingStrategyTest)
	test testPropertyNameToColumnName(jodd.db.oom.naming.ColumnNamingStrategyTest)
	test testColumnNameToPropertyName(jodd.db.oom.naming.ColumnNamingStrategyTest)
	test testEntityNameToTableName(jodd.db.oom.naming.TableNamingStrategyTest)
	test testApplyToColumnName(jodd.db.oom.naming.TableNamingStrategyTest)
	test testEntityNameToTableName2(jodd.db.oom.naming.TableNamingStrategyTest)
	test testTableNameToEntityName(jodd.db.oom.naming.TableNamingStrategyTest)
	test testApplyToTableName(jodd.db.oom.naming.TableNamingStrategyTest)
	test testTableNameToEntityName2(jodd.db.oom.naming.TableNamingStrategyTest)
	test testSpecialEntityNameToTableName(jodd.db.oom.naming.TableNamingStrategyTest)
	test testSetParameters(jodd.db.debug.LoggablePreparedStatementTest)
:jodd-db:check
:jodd-http:copyJavaApiSignature UP-TO-DATE
:jodd-upload:copyJavaApiSignature UP-TO-DATE
:jodd-upload:compileJava UP-TO-DATE
:jodd-upload:processResources UP-TO-DATE
:jodd-upload:classes UP-TO-DATE
:jodd-upload:jar UP-TO-DATE
:jodd-http:compileJava UP-TO-DATE
:jodd-http:processResources UP-TO-DATE
:jodd-http:classes UP-TO-DATE
:jodd-http:compileTestJava
Download http://repo1.maven.org/maven2/org/apache/tomcat/tomcat-catalina/7.0.40/tomcat-catalina-7.0.40.pom
Download http://repo1.maven.org/maven2/org/apache/tomcat/embed/tomcat-embed-core/7.0.40/tomcat-embed-core-7.0.40.pom
Download http://repo1.maven.org/maven2/org/apache/tomcat/embed/tomcat-embed-jasper/7.0.40/tomcat-embed-jasper-7.0.40.pom
Download http://repo1.maven.org/maven2/org/apache/tomcat/embed/tomcat-embed-logging-juli/7.0.40/tomcat-embed-logging-juli-7.0.40.pom
Download http://repo1.maven.org/maven2/org/apache/tomcat/embed/tomcat-embed-logging-log4j/7.0.40/tomcat-embed-logging-log4j-7.0.40.pom
Download http://repo1.maven.org/maven2/org/apache/tomcat/tomcat-servlet-api/7.0.40/tomcat-servlet-api-7.0.40.pom
Download http://repo1.maven.org/maven2/org/apache/tomcat/tomcat-juli/7.0.40/tomcat-juli-7.0.40.pom
Download http://repo1.maven.org/maven2/org/apache/tomcat/tomcat-annotations-api/7.0.40/tomcat-annotations-api-7.0.40.pom
Download http://repo1.maven.org/maven2/org/apache/tomcat/tomcat-api/7.0.40/tomcat-api-7.0.40.pom
Download http://repo1.maven.org/maven2/org/apache/tomcat/tomcat-util/7.0.40/tomcat-util-7.0.40.pom
Download http://repo1.maven.org/maven2/org/eclipse/jdt/core/compiler/ecj/4.2.2/ecj-4.2.2.pom
Download http://repo1.maven.org/maven2/org/apache/tomcat/tomcat-catalina/7.0.40/tomcat-catalina-7.0.40.jar
Download http://repo1.maven.org/maven2/org/apache/tomcat/embed/tomcat-embed-core/7.0.40/tomcat-embed-core-7.0.40.jar
Download http://repo1.maven.org/maven2/org/apache/tomcat/embed/tomcat-embed-jasper/7.0.40/tomcat-embed-jasper-7.0.40.jar
Download http://repo1.maven.org/maven2/org/apache/tomcat/embed/tomcat-embed-logging-juli/7.0.40/tomcat-embed-logging-juli-7.0.40.jar
Download http://repo1.maven.org/maven2/org/apache/tomcat/embed/tomcat-embed-logging-log4j/7.0.40/tomcat-embed-logging-log4j-7.0.40.jar
Download http://repo1.maven.org/maven2/org/apache/tomcat/tomcat-servlet-api/7.0.40/tomcat-servlet-api-7.0.40.jar
Download http://repo1.maven.org/maven2/org/apache/tomcat/tomcat-juli/7.0.40/tomcat-juli-7.0.40.jar
Download http://repo1.maven.org/maven2/org/apache/tomcat/tomcat-annotations-api/7.0.40/tomcat-annotations-api-7.0.40.jar
Download http://repo1.maven.org/maven2/org/apache/tomcat/tomcat-api/7.0.40/tomcat-api-7.0.40.jar
Download http://repo1.maven.org/maven2/org/apache/tomcat/tomcat-util/7.0.40/tomcat-util-7.0.40.jar
Download http://repo1.maven.org/maven2/org/eclipse/jdt/core/compiler/ecj/4.2.2/ecj-4.2.2.jar
Note: /home/travis/build/oblac/jodd/jodd-http/src/test/java/jodd/http/NanoHTTPD.java uses or overrides a deprecated API.
Note: Recompile with -Xlint:deprecation for details.
Note: /home/travis/build/oblac/jodd/jodd-http/src/test/java/jodd/http/NanoHTTPD.java uses unchecked or unsafe operations.
Note: Recompile with -Xlint:unchecked for details.
:jodd-http:processTestResources
:jodd-http:testClasses
:jodd-http:test
	test testLoadedModules(jodd.JoddHttpTest)
	test testRawResponse1(jodd.http.RawTest)
	test testMultipleValuesDifferentType(jodd.http.HttpValuesMapTest)
	test testNullValues(jodd.http.HttpValuesMapTest)
	test testMultipleValuesSameType(jodd.http.HttpValuesMapTest)
	test testMediaTypeAndParameters(jodd.http.HttpUtilTest)
	test testNiceHeaderNames(jodd.http.HttpUtilTest)
	test testFormParams1(jodd.http.EncodingTest)
	test testFormParams2(jodd.http.EncodingTest)
	test testFormParams3(jodd.http.EncodingTest)
	test testRequestEncoding1(jodd.http.EncodingTest)
	test testRequestEncoding2(jodd.http.EncodingTest)
	test testRequestEncoding3(jodd.http.EncodingTest)
	test testRequestEncoding4(jodd.http.EncodingTest)
	test testContentTypeHeader(jodd.http.EncodingTest)
	test testQueryParams1(jodd.http.EncodingTest)
	test testQueryParams2(jodd.http.EncodingTest)
	test testEcho(jodd.http.HttpConnectionTest)
	test testUpload(jodd.http.HttpConnectionTest)
	test testSet(jodd.http.HttpRequestTest)
	test testUrl(jodd.http.HttpRequestTest)
	test testInOutForm(jodd.http.HttpRequestTest)
	test testFileUpload(jodd.http.HttpRequestTest)
	test testQueryParameters(jodd.http.HttpRequestTest)
:jodd-http:check
:jodd-db:jar UP-TO-DATE
:jodd-joy:copyJavaApiSignature UP-TO-DATE
:jodd-madvoc:copyJavaApiSignature UP-TO-DATE
:jodd-petite:copyJavaApiSignature UP-TO-DATE
:jodd-props:copyJavaApiSignature UP-TO-DATE
:jodd-props:compileJava UP-TO-DATE
:jodd-props:processResources UP-TO-DATE
:jodd-props:classes UP-TO-DATE
:jodd-props:jar UP-TO-DATE
:jodd-servlet:copyJavaApiSignature UP-TO-DATE
:jodd-servlet:compileJava UP-TO-DATE
:jodd-servlet:processResources UP-TO-DATE
:jodd-servlet:classes UP-TO-DATE
:jodd-servlet:jar UP-TO-DATE
:jodd-petite:compileJava UP-TO-DATE
:jodd-petite:processResources UP-TO-DATE
:jodd-petite:classes UP-TO-DATE
:jodd-petite:jar UP-TO-DATE
:jodd-madvoc:compileJava UP-TO-DATE
:jodd-madvoc:processResources UP-TO-DATE
:jodd-madvoc:classes UP-TO-DATE
:jodd-madvoc:jar UP-TO-DATE
:jodd-mail:copyJavaApiSignature UP-TO-DATE
:jodd-mail:compileJava UP-TO-DATE
:jodd-mail:processResources UP-TO-DATE
:jodd-mail:classes UP-TO-DATE
:jodd-mail:jar UP-TO-DATE
:jodd-vtor:copyJavaApiSignature UP-TO-DATE
:jodd-vtor:compileJava UP-TO-DATE
:jodd-vtor:processResources UP-TO-DATE
:jodd-vtor:classes UP-TO-DATE
:jodd-vtor:jar UP-TO-DATE
:jodd-joy:compileJava UP-TO-DATE
:jodd-joy:processResources UP-TO-DATE
:jodd-joy:classes UP-TO-DATE
:jodd-joy:compileTestJava
:jodd-joy:processTestResources UP-TO-DATE
:jodd-joy:testClasses
:jodd-joy:test
	test testAppPropsNameAndPattern(jodd.joy.core.DefaultAppCoreTest)
	test testLoop(jodd.joy.crypt.ThreefishTest)
	test testSimple(jodd.joy.crypt.ThreefishTest)
	test testSipHash(jodd.joy.crypt.SipHashTest)
	test testBlock8(jodd.joy.crypt.BlockCipherTest)
	test testIdGen(jodd.joy.db.DbIdGeneratorTest)
	test testPage(jodd.joy.page.GooNavTest)
	test testOne(jodd.joy.page.PageDataTest)
	test testCalc(jodd.joy.page.PageDataTest)
	test testFlow(jodd.joy.page.PageDataTest)
	test testOver(jodd.joy.page.PageDataTest)
	test testZero(jodd.joy.page.PageDataTest)
	test testMinusOne(jodd.joy.page.PageDataTest)
	test testPaging(jodd.joy.page.PageDataTest)
	test testPage(jodd.joy.page.PageNavTest)
:jodd-joy:check
:jodd-jtx:compileTestJava
:jodd-jtx:processTestResources UP-TO-DATE
:jodd-jtx:testClasses
:jodd-jtx:test
	test testPropagationRequiresNew(jodd.jtx.JtxManagerTest)
	test testPropagationSupports(jodd.jtx.JtxManagerTest)
	test testReadOnly(jodd.jtx.JtxManagerTest)
	test testRollback(jodd.jtx.JtxManagerTest)
	test testPropagationRequired(jodd.jtx.JtxManagerTest)
	test testPropagationRequiredWithWorker(jodd.jtx.JtxManagerTest)
	test testCustomTransactionAnnotation(jodd.jtx.meta.TransactionAnnotationTest)
	test testTransactionAnnotationOnly(jodd.jtx.meta.TransactionAnnotationTest)
:jodd-jtx:check
:jodd-lagarto:copyJavaApiSignature UP-TO-DATE
:jodd-lagarto:compileJava UP-TO-DATE
:jodd-lagarto:processResources UP-TO-DATE
:jodd-lagarto:classes UP-TO-DATE
:jodd-lagarto:compileTestJava
Download http://repo1.maven.org/maven2/org/slf4j/slf4j-simple/1.7.2/slf4j-simple-1.7.2.pom
Download http://repo1.maven.org/maven2/org/slf4j/slf4j-simple/1.7.2/slf4j-simple-1.7.2.jar
:jodd-lagarto:processTestResources
:jodd-lagarto:testClasses
:jodd-lagarto:test
	test testConditionalTags2(jodd.jerry.JerryCustomTest)
	test testConditionalTags3(jodd.jerry.JerryCustomTest)
	test testConditionalTags(jodd.jerry.JerryCustomTest)
	test testHtmlNodesOwner(jodd.jerry.JerryMiscTest)
	test testIterator1(jodd.jerry.JerryMiscTest)
	test testIterator2(jodd.jerry.JerryMiscTest)
	test testAppend1(jodd.jerry.JerryMiscTest)
	test testAppend2(jodd.jerry.JerryMiscTest)
	test testAppend3(jodd.jerry.JerryMiscTest)
	test testTextContentDecoding(jodd.jerry.JerryMiscTest)
	test testTextContentDecoding2(jodd.jerry.JerryMiscTest)
	test testFirstNotDirectly(jodd.jerry.JerryMiscTest)
	test testNullForEmpty(jodd.jerry.JerryMiscTest)
	test testAppendContent2(jodd.jerry.JerryParserTest)
	test testAppendContent3(jodd.jerry.JerryParserTest)
	test testAppendContent(jodd.jerry.JerryParserTest)
	test testAttributeCaseSensitive(jodd.jerry.JerryParserTest)
	test testJerryParserCreation(jodd.jerry.JerryParserTest)
	test testPseudoButton(jodd.jerry.JerryTest)
	test testPseudoHeader(jodd.jerry.JerryTest)
	test testAdd(jodd.jerry.JerryTest)
	test testEnd(jodd.jerry.JerryTest)
	test testIs2(jodd.jerry.JerryTest)
	test testIs3(jodd.jerry.JerryTest)
	test testNot(jodd.jerry.JerryTest)
	test testPseudoParent(jodd.jerry.JerryTest)
	test testFilter2(jodd.jerry.JerryTest)
	test testFilter3(jodd.jerry.JerryTest)
	test testFilter4(jodd.jerry.JerryTest)
	test testEmpty(jodd.jerry.JerryTest)
	test testFirst(jodd.jerry.JerryTest)
	test testHtml1(jodd.jerry.JerryTest)
	test testHtml2(jodd.jerry.JerryTest)
	test testHtml3(jodd.jerry.JerryTest)
	test testHtml4(jodd.jerry.JerryTest)
	test testHtml5(jodd.jerry.JerryTest)
	test testText1(jodd.jerry.JerryTest)
	test testForm(jodd.jerry.JerryTest)
	test testLast(jodd.jerry.JerryTest)
	test testNext(jodd.jerry.JerryTest)
	test testPseudoSelected(jodd.jerry.JerryTest)
	test testEq(jodd.jerry.JerryTest)
	test testIs(jodd.jerry.JerryTest)
	test testPseudoContains2(jodd.jerry.JerryTest)
	test testPseudoCheckbox(jodd.jerry.JerryTest)
	test testAddClass(jodd.jerry.JerryTest)
	test testFilter2_2(jodd.jerry.JerryTest)
	test testPseudoEq(jodd.jerry.JerryTest)
	test testPseudoGt(jodd.jerry.JerryTest)
	test testPseudoFirst(jodd.jerry.JerryTest)
	test testPseudoInput(jodd.jerry.JerryTest)
	test testPseudoEven(jodd.jerry.JerryTest)
	test testPseudoFile(jodd.jerry.JerryTest)
	test testPseudoLast(jodd.jerry.JerryTest)
	test testSibling2(jodd.jerry.JerryTest)
	test testBefore(jodd.jerry.JerryTest)
	test testFilter(jodd.jerry.JerryTest)
	test testPseudoContains(jodd.jerry.JerryTest)
	test testPseudoEq2(jodd.jerry.JerryTest)
	test testRemove(jodd.jerry.JerryTest)
	test testSibling(jodd.jerry.JerryTest)
	test testMultipleSelectors(jodd.csselly.CSSellyTest)
	test testCombinators(jodd.csselly.CSSellyTest)
	test testSingleSelectors(jodd.csselly.CSSellyTest)
	test testPseudoFunctions(jodd.csselly.CSSellyTest)
	test testAttributes(jodd.csselly.CSSellyTest)
	test testPseudoClasses(jodd.csselly.CSSellyTest)
	test testUppercaseClassNames(jodd.csselly.CSSellyTest)
	test testErrors(jodd.csselly.CSSellyTest)
	test testEscape(jodd.csselly.CSSellyTest)
	test testStuck(jodd.lagarto.StuckTest)
	test testClose(jodd.lagarto.TagTypeTest)
	test testOpen(jodd.lagarto.TagTypeTest)
	test testHtmls(jodd.lagarto.LagartoParserTest)
	test testLiveHtmls(jodd.lagarto.LagartoParserTest)
	test testStartWith(jodd.lagarto.LagartoParserUtilTest)
	test testIndexOfChar(jodd.lagarto.LagartoParserUtilTest)
	test testIndexOfString2(jodd.lagarto.LagartoParserUtilTest)
	test testIndexOfString(jodd.lagarto.LagartoParserUtilTest)
	test testNamespaces(jodd.lagarto.ParsingProblemsTest)
	test testNonQuotedAttributeValue(jodd.lagarto.ParsingProblemsTest)
	test testPreserveCC(jodd.lagarto.ParsingProblemsTest)
	test testIssue23_0(jodd.lagarto.ParsingProblemsTest)
	test testIssue23_1(jodd.lagarto.ParsingProblemsTest)
	test testIssue23(jodd.lagarto.ParsingProblemsTest)
	test testInvalidTag(jodd.lagarto.ParsingProblemsTest)
	test testCleanHtml(jodd.lagarto.TagAdapterTest)
	test testTwoAdapters(jodd.lagarto.TagAdapterTest)
	test testPortletUtils(jodd.lagarto.SpringApiTest)
	test testAbstractFormController(jodd.lagarto.SpringApiTest)
	test simpleTest(jodd.lagarto.dom.LagartoNodeHtmlRendererTest)
	test testCases(jodd.lagarto.dom.LagartoNodeHtmlRendererTest)
	test testVKSethi(jodd.lagarto.dom.LagartoNodeHtmlRendererTest)
	test testTagTRTD(jodd.lagarto.dom.HtmlImplicitClosingRuleTest)
	test testTagOPTGROUP(jodd.lagarto.dom.HtmlImplicitClosingRuleTest)
	test testTagDL(jodd.lagarto.dom.HtmlImplicitClosingRuleTest)
	test testTagOL(jodd.lagarto.dom.HtmlImplicitClosingRuleTest)
	test testTagTH(jodd.lagarto.dom.HtmlImplicitClosingRuleTest)
	test testTagUL(jodd.lagarto.dom.HtmlImplicitClosingRuleTest)
	test testBODY(jodd.lagarto.dom.HtmlImplicitClosingRuleTest)
	test testHEAD(jodd.lagarto.dom.HtmlImplicitClosingRuleTest)
	test testTagP(jodd.lagarto.dom.HtmlImplicitClosingRuleTest)
	test testTagTBODY(jodd.lagarto.dom.HtmlImplicitClosingRuleTest)
	test testTagTFOOT(jodd.lagarto.dom.HtmlImplicitClosingRuleTest)
	test testTagTHEAD(jodd.lagarto.dom.HtmlImplicitClosingRuleTest)
	test testTagPNoImplRules(jodd.lagarto.dom.HtmlImplicitClosingRuleTest)
	test testTagCOLGROUP1(jodd.lagarto.dom.HtmlImplicitClosingRuleTest)
	test testTagCOLGROUP2(jodd.lagarto.dom.HtmlImplicitClosingRuleTest)
	test testTagCOLGROUP3(jodd.lagarto.dom.HtmlImplicitClosingRuleTest)
	test testXml(jodd.lagarto.dom.HtmlXmlXhtmlTest)
	test testHtml2Html(jodd.lagarto.dom.HtmlXmlXhtmlTest)
	test testHtml2XHtml(jodd.lagarto.dom.HtmlXmlXhtmlTest)
	test testXHtml2Html(jodd.lagarto.dom.HtmlXmlXhtmlTest)
	test testCombinators(jodd.lagarto.dom.NodeSelectorTest)
	test testTwoHtml(jodd.lagarto.dom.NodeSelectorTest)
	test testTags(jodd.lagarto.dom.NodeSelectorTest)
	test testPseudoFunctions(jodd.lagarto.dom.NodeSelectorTest)
	test testAttributes(jodd.lagarto.dom.NodeSelectorTest)
	test testMoreTags(jodd.lagarto.dom.NodeSelectorTest)
	test testPseudoClasses(jodd.lagarto.dom.NodeSelectorTest)
	test testGroupOfSelectors(jodd.lagarto.dom.NodeSelectorTest)
	test testIdClass(jodd.lagarto.dom.NodeSelectorTest)
	test testNodeSelector(jodd.lagarto.dom.NodeSelectorTest)
	test testDuplicatesRemoval(jodd.lagarto.dom.NodeSelectorTest)
	test testAllTypesOffset(jodd.lagarto.dom.DomBuilderTest)
	test testUncapital(jodd.lagarto.dom.DomBuilderTest)
	test testClone(jodd.lagarto.dom.DomBuilderTest)
	test testUnclosedTag(jodd.lagarto.dom.DomBuilderTest)
	test testOrphanAttribute(jodd.lagarto.dom.DomBuilderTest)
	test testSiblingsAndNames(jodd.lagarto.dom.DomBuilderTest)
	test testSimpleDomCreation(jodd.lagarto.dom.DomBuilderTest)
	test testUnclosedTag2(jodd.lagarto.dom.DomBuilderTest)
	test testNamesAndChilds(jodd.lagarto.dom.DomBuilderTest)
	test testEncode(jodd.lagarto.dom.DomBuilderTest)
	test testAppendable(jodd.lagarto.dom.DomBuilderTest)
	test testXmlDec(jodd.lagarto.dom.DomBuilderTest)
	test testChildren(jodd.lagarto.dom.DomTreeTest)
	test testInsertRemoveDeepLevel(jodd.lagarto.dom.DomTreeTest)
	test testToWrite(jodd.lagarto.dom.DomTreeTest)
	test testBr(jodd.lagarto.dom.DomTreeTest)
	test testAttributes(jodd.lagarto.dom.DomTreeTest)
	test testSpecialCases(jodd.lagarto.dom.DomTreeTest)
	test testReindexOne(jodd.lagarto.dom.DomTreeTest)
	test testCssPath(jodd.lagarto.dom.DomTreeTest)
	test testDetach(jodd.lagarto.dom.DomTreeTest)
	test testTwoNodes(jodd.lagarto.dom.MalformedTest)
	test testOneNode(jodd.lagarto.dom.MalformedTest)
	test testCrazySpan(jodd.lagarto.dom.MalformedTest)
	test testOneNodeWithBlanks(jodd.lagarto.dom.MalformedTest)
	test testEOF(jodd.lagarto.dom.MalformedTest)
	test testEof(jodd.lagarto.dom.MalformedTest)
	test testPeterSimple1(jodd.lagarto.dom.MalformedTest)
	test testPeterSimple2(jodd.lagarto.dom.MalformedTest)
	test testPeterFull(jodd.lagarto.dom.MalformedTest)
	test testEOFWithError(jodd.lagarto.dom.MalformedTest)
	test testEof2(jodd.lagarto.dom.MalformedTest)
	test testFoster1(jodd.lagarto.dom.MalformedTest)
	test testFoster2(jodd.lagarto.dom.MalformedTest)
	test testFosterForm(jodd.lagarto.dom.MalformedTest)
	test smtest(jodd.lagarto.dom.MalformedTest)
	test testListCrazy(jodd.lagarto.dom.MalformedTest)
	test testBodyEnd(jodd.lagarto.dom.MalformedTest)
	test testTwoNodes2(jodd.lagarto.dom.MalformedTest)
	test testBodyEndWithError(jodd.lagarto.dom.MalformedTest)
	test testDivSpanOverTable(jodd.lagarto.dom.MalformedTest)
	test testDecodingQuotes(jodd.lagarto.dom.MalformedTest)
	test testQuotes(jodd.lagarto.dom.MalformedTest)
	test testTable1(jodd.lagarto.dom.MalformedTest)
	test testTable2(jodd.lagarto.dom.MalformedTest)
	test testSpanDivOverTable(jodd.lagarto.dom.MalformedTest)
	test testFormClosesAll(jodd.lagarto.dom.MalformedTest)
	test testTableInTableInTable(jodd.lagarto.dom.MalformedTest)
	test testPeterSimple3WithSpaces(jodd.lagarto.dom.MalformedTest)
	test testConditionalComments2(jodd.lagarto.dom.DomXmlTest)
	test testUpheaWebXml(jodd.lagarto.dom.DomXmlTest)
	test testPeopleXml(jodd.lagarto.dom.DomXmlTest)
	test testWhitespaces(jodd.lagarto.dom.DomXmlTest)
	test testIgnoreComments(jodd.lagarto.dom.DomXmlTest)
	test testConditionalComments(jodd.lagarto.dom.DomXmlTest)
:jodd-lagarto:check
:jodd-lagarto:jar UP-TO-DATE
:jodd-lagarto-web:copyJavaApiSignature UP-TO-DATE
:jodd-lagarto-web:compileJava UP-TO-DATE
:jodd-lagarto-web:processResources UP-TO-DATE
:jodd-lagarto-web:classes UP-TO-DATE
:jodd-lagarto-web:compileTestJava
:jodd-lagarto-web:processTestResources
:jodd-lagarto-web:testClasses
:jodd-lagarto-web:test
	test testRelativeCssUrls(jodd.htmlstapler.HtmlStaplerCssTest)
	test testDecoraParser(jodd.decora.parser.DecoraParserTest)
:jodd-lagarto-web:check
:jodd-http:jar UP-TO-DATE
:jodd-madvoc:compileTestJavaNote: Some input files use unchecked or unsafe operations.
Note: Recompile with -Xlint:unchecked for details.

:jodd-madvoc:processTestResources
:jodd-madvoc:testClasses
:jodd-madvoc:test
	test testLoadedModules(jodd.JoddMadvocTest)
	test testLasNdx2(jodd.madvoc.MadvocUtilTest)
	test testFirstNdx(jodd.madvoc.MadvocUtilTest)
	test testActionName(jodd.madvoc.MadvocUtilTest)
	test testSplitActionPath(jodd.madvoc.MadvocUtilTest)
	test testLasNdx(jodd.madvoc.MadvocUtilTest)
	test testMacrosDups(jodd.madvoc.ActionMethodParserTest)
	test testZqq(jodd.madvoc.ActionMethodParserTest)
	test testEndSlashClassName(jodd.madvoc.ActionMethodParserTest)
	test testPackage(jodd.madvoc.ActionMethodParserTest)
	test testMacrosWildcards(jodd.madvoc.ActionMethodParserTest)
	test testClassesWithPackage(jodd.madvoc.ActionMethodParserTest)
	test testMarkerClass(jodd.madvoc.ActionMethodParserTest)
	test testClassesWithoutPackage(jodd.madvoc.ActionMethodParserTest)
	test testMethodWithPackage(jodd.madvoc.ActionMethodParserTest)
	test testNoPackage(jodd.madvoc.ActionMethodParserTest)
	test testClasses(jodd.madvoc.ActionMethodParserTest)
	test testMacros(jodd.madvoc.ActionMethodParserTest)
	test testMethod(jodd.madvoc.ActionMethodParserTest)
	test testDefaultMethods(jodd.madvoc.ActionMethodParserTest)
	test testManualAction(jodd.madvoc.ManualRegistrationTest)
	test testDuplicateRootPackages(jodd.madvoc.RootPackagesTest)
	test testRootPackagesFindForPath(jodd.madvoc.RootPackagesTest)
	test testRootPackagesPackagePath(jodd.madvoc.RootPackagesTest)
	test testAlias(jodd.madvoc.ActionResultTest)
	test testBack(jodd.madvoc.ActionResultTest)
	test testMethodWithPrefix(jodd.madvoc.ActionResultTest)
	test testMethod81(jodd.madvoc.ActionResultTest)
	test testMethod82(jodd.madvoc.ActionResultTest)
	test testMethod83(jodd.madvoc.ActionResultTest)
	test testMethod1(jodd.madvoc.ActionResultTest)
	test testMethod2(jodd.madvoc.ActionResultTest)
	test testMethod3(jodd.madvoc.ActionResultTest)
	test testMethod4(jodd.madvoc.ActionResultTest)
	test testMethod5(jodd.madvoc.ActionResultTest)
	test testMethod8(jodd.madvoc.ActionResultTest)
	test testAlias2(jodd.madvoc.ActionResultTest)
	test testAlias3(jodd.madvoc.ActionResultTest)
	test testMethod(jodd.madvoc.ActionResultTest)
	test testInjection(jodd.madvoc.injector.MadvocParamsInjectorTest)
	test testInAnnotations(jodd.madvoc.injector.ScopeDataResolverTest)
	test testGenericAction(jodd.madvoc.injector.ScopeDataResolverTest)
	test testActionPathMacrosWildcard(jodd.madvoc.component.ActionsManagerTest)
	test testActionPathMacros1(jodd.madvoc.component.ActionsManagerTest)
	test testActionPathMacros2(jodd.madvoc.component.ActionsManagerTest)
	test testActionPathMacros3(jodd.madvoc.component.ActionsManagerTest)
	test testActionPathMacros4(jodd.madvoc.component.ActionsManagerTest)
	test testActionPathMacrosRegexp(jodd.madvoc.component.ActionsManagerTest)
	test testExpand2(jodd.madvoc.component.InterceptorManagerTest)
	test testExpandStack(jodd.madvoc.component.InterceptorManagerTest)
	test testExpandSelf(jodd.madvoc.component.InterceptorManagerTest)
	test testExpandConfigurableStack(jodd.madvoc.component.InterceptorManagerTest)
	test testExpandStack2(jodd.madvoc.component.InterceptorManagerTest)
	test testExpand(jodd.madvoc.component.InterceptorManagerTest)
	test testMapping(jodd.madvoc.component.ActionPathMapperTest)
	test testEncoding(jodd.madvoc.result.ResultsTest)
	test testRawResult(jodd.madvoc.result.ResultsTest)
	test testWildcardMatchContainingWithTwo(jodd.madvoc.macro.PathMacroTest)
	test testWildcardMatch(jodd.madvoc.macro.PathMacroTest)
	test testWildcardMatchContaining2(jodd.madvoc.macro.PathMacroTest)
	test testFirstLastPathMacro(jodd.madvoc.macro.PathMacroTest)
	test testThreesomePathMacro(jodd.madvoc.macro.PathMacroTest)
	test testSinglePathMacro(jodd.madvoc.macro.PathMacroTest)
	test testWildcardMatchContaining(jodd.madvoc.macro.PathMacroTest)
	test testSimplePathMacro(jodd.madvoc.macro.PathMacroTest)
	test testDummyPathMacro(jodd.madvoc.macro.PathMacroTest)
	test testActionAnnotationOnly(jodd.madvoc.meta.ActionAnnotationTest)
	test testMiscActionAnnotation(jodd.madvoc.meta.ActionAnnotationTest)
	test testCustomActionAnnotation(jodd.madvoc.meta.ActionAnnotationTest)
:jodd-madvoc:check
:jodd-mail:compileTestJava
:jodd-mail:processTestResources
:jodd-mail:testClasses
:jodd-mail:test
	test testLoadedModules(jodd.JoddMailTest)
	test testOr2(jodd.mail.EmailFilterTest)
	test testAnd1(jodd.mail.EmailFilterTest)
	test testAnd2(jodd.mail.EmailFilterTest)
	test testAndOrNot(jodd.mail.EmailFilterTest)
	test testAndOrNotAlt(jodd.mail.EmailFilterTest)
	test testOr2Alt(jodd.mail.EmailFilterTest)
	test testSimpleEML(jodd.mail.EmailUtilTest)
	test testExtractContentType(jodd.mail.EmailUtilTest)
	test testParseEMLCyrilic(jodd.mail.EmailUtilTest)
	test testParseEML(jodd.mail.EmailUtilTest)

jodd.mail.EmailUtilTest > testParseEML FAILED
    java.lang.AssertionError at EmailUtilTest.java:66
	test testSimpleNullEML(jodd.mail.EmailUtilTest)
	test testSimpleText(jodd.mail.SendMailTest)
	test testFromToBccCc(jodd.mail.SendMailTest)
	test testTextHtmlEmbedAttach1(jodd.mail.SendMailTest)
	test testTextHtmlEmbedAttach2(jodd.mail.SendMailTest)
	test testTextHtml(jodd.mail.SendMailTest)

17 tests completed, 1 failed
:jodd-mail:test FAILED

FAILURE: Build failed with an exception.

* What went wrong:
Execution failed for task ':jodd-mail:test'.
> There were failing tests. See the report at: file:///home/travis/build/oblac/jodd/jodd-mail/build/reports/tests/index.html

* Try:
Run with --stacktrace option to get the stack trace. Run with --info or --debug option to get more log output.

BUILD FAILED

Total time: 1 mins 37.956 secs

travis_time:end:10e5f55c:start=1479347587263905306,finish=1479347685658822886,duration=98394917580[0K
[31;1mThe command "TERM=dumb ./gradlew check" exited with 1.[0m

Done. Your build exited with 1.
