travis_fold:start:system_info[0K[33;1mBuild system information[0m
Build language: java
Build id: ''
Job id: ''
[34m[1mBuild image provisioning date and time[0m
Thu Feb  5 15:09:33 UTC 2015
[34m[1mOperating System Details[0m
Distributor ID:	Ubuntu
Description:	Ubuntu 12.04.5 LTS
Release:	12.04
Codename:	precise
[34m[1mLinux Version[0m
3.13.0-29-generic
[34m[1mCookbooks Version[0m
a68419e https://github.com/travis-ci/travis-cookbooks/tree/a68419e
[34m[1mGCC version[0m
gcc (Ubuntu/Linaro 4.6.3-1ubuntu5) 4.6.3
Copyright (C) 2011 Free Software Foundation, Inc.
This is free software; see the source for copying conditions.  There is NO
warranty; not even for MERCHANTABILITY or FITNESS FOR A PARTICULAR PURPOSE.

[34m[1mLLVM version[0m
clang version 3.4 (tags/RELEASE_34/final)
Target: x86_64-unknown-linux-gnu
Thread model: posix
[34m[1mPre-installed Ruby versions[0m
ruby-1.9.3-p551
[34m[1mPre-installed Node.js versions[0m
v0.10.36
[34m[1mPre-installed Go versions[0m
1.4.1
[34m[1mRedis version[0m
redis-server 2.8.19
[34m[1mriak version[0m
2.0.2
[34m[1mMongoDB version[0m
MongoDB 2.4.12
[34m[1mCouchDB version[0m
couchdb 1.6.1
[34m[1mNeo4j version[0m
1.9.4
[34m[1mRabbitMQ Version[0m
3.4.3
[34m[1mElasticSearch version[0m
1.4.0
[34m[1mInstalled Sphinx versions[0m
2.0.10
2.1.9
2.2.6
[34m[1mDefault Sphinx version[0m
2.2.6
[34m[1mInstalled Firefox version[0m
firefox 31.0esr
[34m[1mPhantomJS version[0m
1.9.8
[34m[1mant -version[0m
Apache Ant(TM) version 1.8.2 compiled on December 3 2011
[34m[1mmvn -version[0m
Apache Maven 3.2.5 (12a6b3acb947671f09b81f49094c53f426d8cea1; 2014-12-14T17:29:23+00:00)
Maven home: /usr/local/maven
Java version: 1.7.0_76, vendor: Oracle Corporation
Java home: /usr/lib/jvm/java-7-oracle/jre
Default locale: en_US, platform encoding: ANSI_X3.4-1968
OS name: "linux", version: "3.13.0-29-generic", arch: "amd64", family: "unix"
travis_fold:end:system_info[0K
sed: cannot rename /etc/hosts: Device or resource busy
sed: cannot rename /etc/hosts: Device or resource busy
$ cd rundeck/rundeck

[33;1mSetting environment variables from .travis.yml[0m
$ export MAVEN_OPTS="-Xmx512m -XX:MaxPermSize=192m"
$ export GRADLE_OPTS="-Xmx512m -XX:MaxPermSize=192m"

$ jdk_switcher use openjdk6
Switching to OpenJDK6 (java-1.6.0-openjdk-amd64), JAVA_HOME will be set to /usr/lib/jvm/java-6-openjdk-amd64
$ export TERM=dumb
$ java -Xmx32m -version
java version "1.6.0_34"
OpenJDK Runtime Environment (IcedTea6 1.13.6) (6b34-1.13.6-1ubuntu0.12.04.1)
OpenJDK 64-Bit Server VM (build 23.25-b01, mixed mode)
$ javac -J-Xmx32m -version
javac 1.6.0_34
travis_fold:start:install[0Ktravis_time:start:12c82da0[0K$ ./gradlew assemble
Downloading http://services.gradle.org/distributions/gradle-1.2-bin.zip
.............................................................................................................................................................................................................................................................................................................................................................................................................................................................................................................................................................................................................................................................................................................................................................................................................................................................................................................................................................................................................................................................................................................................................................................................................................................................................................................................................................................................................................................................................................................................................................................................................................................................................................................................................................................................................
Unzipping /home/travis/.gradle/wrapper/dists/gradle-1.2-bin/35oej0jnbfh6of4dd05531edaj/gradle-1.2-bin.zip to /home/travis/.gradle/wrapper/dists/gradle-1.2-bin/35oej0jnbfh6of4dd05531edaj
Set executable permissions for: /home/travis/.gradle/wrapper/dists/gradle-1.2-bin/35oej0jnbfh6of4dd05531edaj/gradle-1.2/bin/gradle
Download http://repo1.maven.org/maven2/org/apache/ant/ant/1.7.1/ant-1.7.1.pom
Download http://repo1.maven.org/maven2/org/apache/ant/ant-parent/1.7.1/ant-parent-1.7.1.pom
Download http://repo1.maven.org/maven2/log4j/log4j/1.2.16/log4j-1.2.16.pom
Download http://repo1.maven.org/maven2/commons-codec/commons-codec/1.5/commons-codec-1.5.pom
Download http://repo1.maven.org/maven2/org/apache/commons/commons-parent/20/commons-parent-20.pom
Download http://repo1.maven.org/maven2/org/apache/apache/9/apache-9.pom
Download http://repo1.maven.org/maven2/commons-beanutils/commons-beanutils/1.8.0/commons-beanutils-1.8.0.pom
Download http://repo1.maven.org/maven2/org/apache/commons/commons-parent/11/commons-parent-11.pom
Download http://repo1.maven.org/maven2/org/apache/apache/4/apache-4.pom
Download http://repo1.maven.org/maven2/commons-collections/commons-collections/3.2.1/commons-collections-3.2.1.pom
Download http://repo1.maven.org/maven2/org/apache/commons/commons-parent/9/commons-parent-9.pom
Download http://repo1.maven.org/maven2/commons-logging/commons-logging/1.1.1/commons-logging-1.1.1.pom
Download http://repo1.maven.org/maven2/org/apache/commons/commons-parent/5/commons-parent-5.pom
Download http://repo1.maven.org/maven2/commons-lang/commons-lang/2.4/commons-lang-2.4.pom
Download http://repo1.maven.org/maven2/dom4j/dom4j/1.6.1/dom4j-1.6.1.pom
Download http://repo1.maven.org/maven2/commons-cli/commons-cli/1.0/commons-cli-1.0.pom
Download http://repo1.maven.org/maven2/org/apache/ant/ant-jsch/1.7.1/ant-jsch-1.7.1.pom
Download http://repo1.maven.org/maven2/com/jcraft/jsch/0.1.50/jsch-0.1.50.pom
Download http://repo1.maven.org/maven2/org/sonatype/oss/oss-parent/6/oss-parent-6.pom
Download http://repo1.maven.org/maven2/org/yaml/snakeyaml/1.9/snakeyaml-1.9.pom
Download http://repo1.maven.org/maven2/xerces/xercesImpl/2.6.2/xercesImpl-2.6.2.pom
Download http://repo1.maven.org/maven2/xml-apis/xml-apis/2.0.2/xml-apis-2.0.2.pom
Download http://repo1.maven.org/maven2/xml-apis/xml-apis/1.0.b2/xml-apis-1.0.b2.pom
Download http://repo1.maven.org/maven2/jaxen/jaxen/1.1/jaxen-1.1.pom
Download http://repo1.maven.org/maven2/commons-httpclient/commons-httpclient/3.0.1/commons-httpclient-3.0.1.pom
Download http://repo1.maven.org/maven2/org/apache/ant/ant-launcher/1.7.1/ant-launcher-1.7.1.pom
Download http://repo1.maven.org/maven2/jdom/jdom/1.0/jdom-1.0.pom
Download http://repo1.maven.org/maven2/xom/xom/1.0/xom-1.0.pom
Download http://repo1.maven.org/maven2/com/ibm/icu/icu4j/2.6.1/icu4j-2.6.1.pom
Download http://repo1.maven.org/maven2/org/apache/ant/ant/1.7.1/ant-1.7.1.jar
Download http://repo1.maven.org/maven2/log4j/log4j/1.2.16/log4j-1.2.16.jar
Download http://repo1.maven.org/maven2/commons-codec/commons-codec/1.5/commons-codec-1.5.jar
Download http://repo1.maven.org/maven2/commons-beanutils/commons-beanutils/1.8.0/commons-beanutils-1.8.0.jar
Download http://repo1.maven.org/maven2/commons-collections/commons-collections/3.2.1/commons-collections-3.2.1.jar
Download http://repo1.maven.org/maven2/commons-logging/commons-logging/1.1.1/commons-logging-1.1.1.jar
Download http://repo1.maven.org/maven2/commons-lang/commons-lang/2.4/commons-lang-2.4.jar
Download http://repo1.maven.org/maven2/dom4j/dom4j/1.6.1/dom4j-1.6.1.jar
Download http://repo1.maven.org/maven2/commons-cli/commons-cli/1.0/commons-cli-1.0.jar
Download http://repo1.maven.org/maven2/org/apache/ant/ant-jsch/1.7.1/ant-jsch-1.7.1.jar
Download http://repo1.maven.org/maven2/com/jcraft/jsch/0.1.50/jsch-0.1.50.jar
Download http://repo1.maven.org/maven2/org/yaml/snakeyaml/1.9/snakeyaml-1.9.jar
Download http://repo1.maven.org/maven2/xerces/xercesImpl/2.6.2/xercesImpl-2.6.2.jar
Download http://repo1.maven.org/maven2/jaxen/jaxen/1.1/jaxen-1.1.jar
Download http://repo1.maven.org/maven2/commons-httpclient/commons-httpclient/3.0.1/commons-httpclient-3.0.1.jar
Download http://repo1.maven.org/maven2/org/apache/ant/ant-launcher/1.7.1/ant-launcher-1.7.1.jar
Download http://repo1.maven.org/maven2/jdom/jdom/1.0/jdom-1.0.jar
Download http://repo1.maven.org/maven2/com/ibm/icu/icu4j/2.6.1/icu4j-2.6.1.jar
Download http://repo1.maven.org/maven2/xom/xom/1.0/xom-1.0.jar
:core:expandTemplate
:core:compileJavaNote: Some input files use or override a deprecated API.
Note: Recompile with -Xlint:deprecation for details.
Note: Some input files use unchecked or unsafe operations.
Note: Recompile with -Xlint:unchecked for details.

:core:processResources
:core:classes
:core:jar
:core:javadoc FAILED

FAILURE: Build failed with an exception.

* What went wrong:
Execution failed for task ':core:javadoc'.
> Javadoc generation failed.

* Try:
Run with --stacktrace option to get the stack trace. Run with --info or --debug option to get more log output.

BUILD FAILED

Total time: 44.051 secs

[31;1mThe command "eval ./gradlew assemble" failed. Retrying, 2 of 3.[0m

:core:expandTemplate
:core:compileJava UP-TO-DATE
:core:processResources UP-TO-DATE
:core:classes UP-TO-DATE
:core:jar UP-TO-DATE
:core:javadoc/home/travis/build/rundeck/rundeck/core/src/main/java/com/dtolabs/rundeck/core/common/FrameworkResourceParent.java:179: warning - @return tag has no arguments.
/home/travis/build/rundeck/rundeck/core/src/main/java/com/dtolabs/rundeck/core/common/Framework.java:574: warning - @return tag has no arguments.
/home/travis/build/rundeck/rundeck/core/src/main/java/com/dtolabs/rundeck/core/common/Framework.java:333: warning - @return tag has no arguments.
/home/travis/build/rundeck/rundeck/core/src/main/java/com/dtolabs/rundeck/core/common/Framework.java:322: warning - @return tag has no arguments.
/home/travis/build/rundeck/rundeck/core/src/main/java/com/dtolabs/rundeck/core/common/Framework.java:314: warning - @return tag has no arguments.
/home/travis/build/rundeck/rundeck/core/src/main/java/com/dtolabs/rundeck/core/common/Framework.java:676: warning - @return tag has no arguments.
/home/travis/build/rundeck/rundeck/core/src/main/java/com/dtolabs/rundeck/core/common/Framework.java:685: warning - @return tag has no arguments.
/home/travis/build/rundeck/rundeck/core/src/main/java/com/dtolabs/rundeck/core/common/Framework.java:287: warning - @return tag has no arguments.
/home/travis/build/rundeck/rundeck/core/src/main/java/com/dtolabs/rundeck/core/common/Framework.java:296: warning - @return tag has no arguments.
/home/travis/build/rundeck/rundeck/core/src/main/java/com/dtolabs/rundeck/core/common/FrameworkResourceParent.java:149: warning - @return tag has no arguments.
/home/travis/build/rundeck/rundeck/core/src/main/java/com/dtolabs/rundeck/core/common/IFrameworkResourceParent.java:66: warning - @return tag has no arguments.
/home/travis/build/rundeck/rundeck/core/src/main/java/com/dtolabs/rundeck/core/common/IFrameworkResourceParent.java:56: warning - @return tag has no arguments.
/home/travis/build/rundeck/rundeck/core/src/main/java/com/dtolabs/rundeck/core/common/FrameworkResource.java:104: warning - @return tag has no arguments.
/home/travis/build/rundeck/rundeck/core/src/main/java/com/dtolabs/rundeck/core/common/FrameworkProject.java:335: warning - @return tag has no arguments.
/home/travis/build/rundeck/rundeck/core/src/main/java/com/dtolabs/rundeck/core/common/FrameworkProject.java:345: warning - @return tag has no arguments.
/home/travis/build/rundeck/rundeck/core/src/main/java/com/dtolabs/rundeck/core/common/FrameworkProject.java:382: warning - @return tag has no arguments.
/home/travis/build/rundeck/rundeck/core/src/main/java/com/dtolabs/rundeck/core/common/FrameworkProject.java:205: warning - @return tag has no arguments.
/home/travis/build/rundeck/rundeck/core/src/main/java/com/dtolabs/rundeck/core/common/FrameworkProject.java:417: warning - @return tag has no arguments.
/home/travis/build/rundeck/rundeck/core/src/main/java/com/dtolabs/rundeck/core/common/FrameworkProject.java:647: warning - @return tag has no arguments.
/home/travis/build/rundeck/rundeck/core/src/main/java/com/dtolabs/rundeck/core/common/FrameworkProjectMgr.java:30: warning - Tag @link: reference not found: FrameworkType
/home/travis/build/rundeck/rundeck/core/src/main/java/com/dtolabs/rundeck/core/common/FrameworkProjectMgr.java:30: warning - Tag @link: reference not found: FrameworkResourceInstance
/home/travis/build/rundeck/rundeck/core/src/main/java/com/dtolabs/rundeck/core/common/FrameworkProjectMgr.java:149: warning - @return tag has no arguments.
/home/travis/build/rundeck/rundeck/core/src/main/java/com/dtolabs/rundeck/core/common/FrameworkProjectMgr.java:135: warning - @return tag has no arguments.
/home/travis/build/rundeck/rundeck/core/src/main/java/com/dtolabs/rundeck/core/common/FrameworkProjectMgr.java:125: warning - @return tag has no arguments.
/home/travis/build/rundeck/rundeck/core/src/main/java/com/dtolabs/rundeck/core/common/FrameworkProjectMgr.java:160: warning - @return tag has no arguments.
/home/travis/build/rundeck/rundeck/core/src/main/java/com/dtolabs/rundeck/core/common/FrameworkResource.java:83: warning - @return tag has no arguments.
/home/travis/build/rundeck/rundeck/core/src/main/java/com/dtolabs/rundeck/core/common/FrameworkResource.java:69: warning - @return tag has no arguments.
/home/travis/build/rundeck/rundeck/core/src/main/java/com/dtolabs/rundeck/core/common/IFrameworkResource.java:34: warning - @return tag has no arguments.
/home/travis/build/rundeck/rundeck/core/src/main/java/com/dtolabs/rundeck/core/common/IFrameworkResource.java:41: warning - @return tag has no arguments.
/home/travis/build/rundeck/rundeck/core/src/main/java/com/dtolabs/rundeck/core/common/FrameworkResourceParent.java:108: warning - @return tag has no arguments.
/home/travis/build/rundeck/rundeck/core/src/main/java/com/dtolabs/rundeck/core/common/FrameworkResourceParent.java:67: warning - @return tag has no arguments.
/home/travis/build/rundeck/rundeck/core/src/main/java/com/dtolabs/rundeck/core/common/FrameworkResourceParent.java:120: warning - @return tag has no arguments.
/home/travis/build/rundeck/rundeck/core/src/main/java/com/dtolabs/rundeck/core/common/FrameworkResourceParent.java:129: warning - Tag @link: reference not found: FrameworkResourceInstance
/home/travis/build/rundeck/rundeck/core/src/main/java/com/dtolabs/rundeck/core/common/FrameworkResourceParent.java:129: warning - Tag @link: reference not found: FrameworkResourceInstance
/home/travis/build/rundeck/rundeck/core/src/main/java/com/dtolabs/rundeck/core/common/INodeBase.java:37: warning - @return tag has no arguments.
/home/travis/build/rundeck/rundeck/core/src/main/java/com/dtolabs/rundeck/core/common/INodeDesc.java:38: warning - @return tag has no arguments.
/home/travis/build/rundeck/rundeck/core/src/main/java/com/dtolabs/rundeck/core/common/NodeEntryFactory.java:60: warning - @return tag has no arguments.
/home/travis/build/rundeck/rundeck/core/src/main/java/com/dtolabs/rundeck/core/common/NodesYamlGenerator.java:59: warning - @param argument "destfile" is not a parameter name.
/home/travis/build/rundeck/rundeck/core/src/main/java/com/dtolabs/rundeck/core/common/NodesYamlGenerator.java:69: warning - @param argument "destfile" is not a parameter name.
/home/travis/build/rundeck/rundeck/core/src/main/java/com/dtolabs/rundeck/core/common/UpdateUtils.java:69: warning - @param argument "sourceUrl" is not a parameter name.
/home/travis/build/rundeck/rundeck/core/src/main/java/com/dtolabs/rundeck/core/common/UpdateUtils.java:96: warning - @param argument "sourceUrl" is not a parameter name.
/home/travis/build/rundeck/rundeck/core/src/main/java/com/dtolabs/rundeck/core/cli/BaseTool.java:157: warning - @return tag has no arguments.
/home/travis/build/rundeck/rundeck/core/src/main/java/com/dtolabs/rundeck/core/cli/BaseTool.java:76: warning - @return tag has no arguments.
/home/travis/build/rundeck/rundeck/core/src/main/java/com/dtolabs/rundeck/core/tasks/net/ThreadBoundJschLogger.java:31: warning - @return tag has no arguments.
/home/travis/build/rundeck/rundeck/core/src/main/java/com/dtolabs/rundeck/core/tasks/net/ThreadBoundJschLogger.java:41: warning - @return tag has no arguments.
/home/travis/build/rundeck/rundeck/core/src/main/java/com/dtolabs/rundeck/core/execution/workflow/NodeRecorder.java:73: warning - @return tag has no arguments.
/home/travis/build/rundeck/rundeck/core/src/main/java/com/dtolabs/rundeck/core/execution/workflow/NodeRecorder.java:89: warning - @return tag has no arguments.
/home/travis/build/rundeck/rundeck/core/src/main/java/com/dtolabs/rundeck/core/execution/workflow/NodeRecorder.java:63: warning - @return tag has no arguments.
/home/travis/build/rundeck/rundeck/core/src/main/java/com/dtolabs/rundeck/core/execution/workflow/NodeRecorder.java:81: warning - @return tag has no arguments.
/home/travis/build/rundeck/rundeck/core/src/main/java/com/dtolabs/rundeck/core/execution/script/ExecTaskParameterGenerator.java:47: warning - Tag @link: can't find commandexecutable in com.dtolabs.rundeck.core.execution.script.ExecTaskParameterGenerator
/home/travis/build/rundeck/rundeck/core/src/main/java/com/dtolabs/rundeck/core/execution/script/ExecTaskParameterGenerator.java:47: warning - Tag @link: can't find commandargline in com.dtolabs.rundeck.core.execution.script.ExecTaskParameterGenerator
/home/travis/build/rundeck/rundeck/core/src/main/java/com/dtolabs/rundeck/core/execution/script/ExecTaskParameters.java:44: warning - @return tag has no arguments.
/home/travis/build/rundeck/rundeck/core/src/main/java/com/dtolabs/rundeck/core/execution/script/ExecTaskParameters.java:38: warning - @return tag has no arguments.
/home/travis/build/rundeck/rundeck/core/src/main/java/com/dtolabs/rundeck/core/logging/OffsetIterator.java:36: warning - @return tag has no arguments.
/home/travis/build/rundeck/rundeck/core/src/main/java/com/dtolabs/rundeck/core/logging/StreamingLogReader.java:61: warning - @return tag has no arguments.
/home/travis/build/rundeck/rundeck/core/src/main/java/com/dtolabs/rundeck/core/logging/StreamingLogReader.java:54: warning - @return tag has no arguments.
/home/travis/build/rundeck/rundeck/core/src/main/java/com/dtolabs/rundeck/core/logging/StreamingLogReader.java:47: warning - @return tag has no arguments.
/home/travis/build/rundeck/rundeck/core/src/main/java/com/dtolabs/rundeck/core/logging/StreamingLogReader.java:47: warning - @return tag cannot be used in method with void return type.
/home/travis/build/rundeck/rundeck/core/src/main/java/com/dtolabs/rundeck/core/utils/FormattedOutputStream.java:113: warning - @return tag has no arguments.
/home/travis/build/rundeck/rundeck/core/src/main/java/com/dtolabs/rundeck/core/utils/JARVerifier.java:76: warning - @return tag has no arguments.
/home/travis/build/rundeck/rundeck/core/src/main/java/com/dtolabs/rundeck/core/utils/NodeSet.java:265: warning - @return tag has no arguments.
/home/travis/build/rundeck/rundeck/core/src/main/java/com/dtolabs/rundeck/core/utils/NodeSet.java:245: warning - @return tag has no arguments.
/home/travis/build/rundeck/rundeck/core/src/main/java/com/dtolabs/rundeck/core/utils/NodeSet.java:265: warning - @param argument "inputSelector" is not a parameter name.
/home/travis/build/rundeck/rundeck/core/src/main/java/com/dtolabs/rundeck/core/utils/NodeSet.java:265: warning - @param argument "propValue" is not a parameter name.
/home/travis/build/rundeck/rundeck/core/src/main/java/com/dtolabs/rundeck/core/utils/PropertyLookup.java:92: warning - @return tag has no arguments.
/home/travis/build/rundeck/rundeck/core/src/main/java/com/dtolabs/rundeck/core/utils/PropertyLookup.java:141: warning - @return tag has no arguments.
/home/travis/build/rundeck/rundeck/core/src/main/java/com/dtolabs/rundeck/core/utils/StringArrayUtil.java:119: warning - @return tag has no arguments.
/home/travis/build/rundeck/rundeck/core/src/main/java/com/dtolabs/rundeck/core/utils/ToStringFormatter.java:32: warning - Tag @link: reference not found: com.dtolabs.rundeck.core.types.controller.ExecuteAction
/home/travis/build/rundeck/rundeck/core/src/main/java/com/dtolabs/client/utils/HttpAuthenticator.java:39: warning - Tag @link: reference not found: CommanderHttpClient
/home/travis/build/rundeck/rundeck/core/src/main/java/com/dtolabs/client/utils/WebserviceHttpClientFactory.java:253: warning - @param argument "destination" is not a parameter name.
/home/travis/build/rundeck/rundeck/core/src/main/java/com/dtolabs/client/utils/WebserviceHttpClientFactory.java:253: warning - @param argument "expectedContentType" is not a parameter name.
/home/travis/build/rundeck/rundeck/core/src/main/java/com/dtolabs/rundeck/core/Constants.java:180: warning - @return tag has no arguments.
/home/travis/build/rundeck/rundeck/core/src/main/java/com/dtolabs/rundeck/core/Constants.java:169: warning - @return tag has no arguments.
/home/travis/build/rundeck/rundeck/core/src/main/java/com/dtolabs/rundeck/core/Constants.java:148: warning - Tag @link: reference not found: getSystemBaseDir
/home/travis/build/rundeck/rundeck/core/src/main/java/com/dtolabs/rundeck/core/NodesetFailureException.java:63: warning - @param argument "nodeset" is not a parameter name.
/home/travis/build/rundeck/rundeck/core/src/main/java/com/dtolabs/rundeck/core/cli/ActionFactory.java:40: warning - @return tag has no arguments.
/home/travis/build/rundeck/rundeck/core/src/main/java/com/dtolabs/rundeck/core/cli/CLIUtils.java:124: warning - @return tag has no arguments.
/home/travis/build/rundeck/rundeck/core/src/main/java/com/dtolabs/rundeck/core/cli/CLIUtils.java:116: warning - @return tag has no arguments.
/home/travis/build/rundeck/rundeck/core/src/main/java/com/dtolabs/rundeck/core/cli/ExecTool.java:359: warning - @return tag has no arguments.
/home/travis/build/rundeck/rundeck/core/src/main/java/com/dtolabs/rundeck/core/cli/ExecTool.java:370: warning - @return tag has no arguments.
/home/travis/build/rundeck/rundeck/core/src/main/java/com/dtolabs/rundeck/core/cli/NodeFilterOptions.java:160: warning - @return tag has no arguments.
/home/travis/build/rundeck/rundeck/core/src/main/java/com/dtolabs/rundeck/core/cli/NodeFilterOptions.java:172: warning - @return tag has no arguments.
/home/travis/build/rundeck/rundeck/core/src/main/java/com/dtolabs/rundeck/core/tasks/dispatch/NodeExecutionStatusTask.java:38: warning - Tag @link: reference not found: com.dtolabs.rundeck.core.cli.DefaultNodeDispatcher
/home/travis/build/rundeck/rundeck/core/src/main/java/com/dtolabs/rundeck/core/dispatcher/DataContextUtils.java:419: warning - @return tag has no arguments.
/home/travis/build/rundeck/rundeck/core/src/main/java/com/dtolabs/rundeck/core/dispatcher/IDispatchedJob.java:43: warning - @return tag has no arguments.
/home/travis/build/rundeck/rundeck/core/src/main/java/com/dtolabs/rundeck/core/cli/project/BaseAction.java:108: warning - @return tag has no arguments.
/home/travis/build/rundeck/rundeck/core/src/main/java/com/dtolabs/rundeck/core/cli/project/BaseAction.java:114: warning - @return tag has no arguments.
/home/travis/build/rundeck/rundeck/core/src/main/java/com/dtolabs/rundeck/core/cli/project/CreateAction.java:35: warning - Tag @link: reference not found: AntProject
/home/travis/build/rundeck/rundeck/core/src/main/java/com/dtolabs/rundeck/core/cli/project/CreateAction.java:137: warning - @return tag has no arguments.
/home/travis/build/rundeck/rundeck/core/src/main/java/com/dtolabs/rundeck/core/cli/project/CreateAction.java:119: warning - @return tag has no arguments.
/home/travis/build/rundeck/rundeck/core/src/main/java/com/dtolabs/rundeck/core/cli/project/RemoveAction.java:53: warning - @param argument "args" is not a parameter name.
/home/travis/build/rundeck/rundeck/core/src/main/java/com/dtolabs/rundeck/core/plugins/configuration/PropertyResolverFactory.java:135: warning - @return tag has no arguments.
/home/travis/build/rundeck/rundeck/core/src/main/java/com/dtolabs/rundeck/core/plugins/configuration/PropertyResolverFactory.java:125: warning - @return tag has no arguments.
/home/travis/build/rundeck/rundeck/core/src/main/java/com/dtolabs/rundeck/core/plugins/configuration/PropertyResolverFactory.java:188: warning - @return tag has no arguments.
/home/travis/build/rundeck/rundeck/core/src/main/java/com/dtolabs/rundeck/core/plugins/configuration/StringRenderingConstants.java:24: warning - Tag @link: reference not found: Property.Type.String
/home/travis/build/rundeck/rundeck/core/src/main/java/com/dtolabs/rundeck/plugins/util/PropertyBuilder.java:67: warning - Tag @link: reference not found: Property.Type.Boolean
/home/travis/build/rundeck/rundeck/core/src/main/java/com/dtolabs/rundeck/plugins/util/PropertyBuilder.java:103: warning - Tag @link: reference not found: Property.Type.FreeSelect
/home/travis/build/rundeck/rundeck/core/src/main/java/com/dtolabs/rundeck/plugins/util/PropertyBuilder.java:223: warning - @return tag has no arguments.
/home/travis/build/rundeck/rundeck/core/src/main/java/com/dtolabs/rundeck/plugins/util/PropertyBuilder.java:76: warning - Tag @link: reference not found: Property.Type.Integer
/home/travis/build/rundeck/rundeck/core/src/main/java/com/dtolabs/rundeck/plugins/util/PropertyBuilder.java:85: warning - Tag @link: reference not found: Property.Type.Long
/home/travis/build/rundeck/rundeck/core/src/main/java/com/dtolabs/rundeck/plugins/util/PropertyBuilder.java:94: warning - Tag @link: reference not found: Property.Type.Select
/home/travis/build/rundeck/rundeck/core/src/main/java/com/dtolabs/rundeck/plugins/util/PropertyBuilder.java:58: warning - Tag @link: reference not found: Property.Type.String
/home/travis/build/rundeck/rundeck/core/src/main/java/com/dtolabs/rundeck/plugins/util/PropertyBuilder.java:58: warning - Tag @link: reference not found: Property.Type.String
/home/travis/build/rundeck/rundeck/core/src/main/java/com/dtolabs/rundeck/plugins/util/PropertyBuilder.java:67: warning - Tag @link: reference not found: Property.Type.Boolean
/home/travis/build/rundeck/rundeck/core/src/main/java/com/dtolabs/rundeck/plugins/util/PropertyBuilder.java:76: warning - Tag @link: reference not found: Property.Type.Integer
/home/travis/build/rundeck/rundeck/core/src/main/java/com/dtolabs/rundeck/plugins/util/PropertyBuilder.java:85: warning - Tag @link: reference not found: Property.Type.Long
/home/travis/build/rundeck/rundeck/core/src/main/java/com/dtolabs/rundeck/plugins/util/PropertyBuilder.java:94: warning - Tag @link: reference not found: Property.Type.Select
/home/travis/build/rundeck/rundeck/core/src/main/java/com/dtolabs/rundeck/plugins/util/PropertyBuilder.java:103: warning - Tag @link: reference not found: Property.Type.FreeSelect
/home/travis/build/rundeck/rundeck/core/src/main/java/com/dtolabs/rundeck/core/plugins/BasePluggableProviderService.java:59: warning - @return tag has no arguments.
/home/travis/build/rundeck/rundeck/core/src/main/java/com/dtolabs/rundeck/plugins/logging/LogFileStoragePlugin.java:24: warning - @return tag has no arguments.
/home/travis/build/rundeck/rundeck/core/src/main/java/com/dtolabs/utils/Mapper.java:690: warning - @return tag has no arguments.
/home/travis/build/rundeck/rundeck/core/src/main/java/com/dtolabs/utils/Mapper.java:676: warning - @return tag has no arguments.
/home/travis/build/rundeck/rundeck/core/src/main/java/com/dtolabs/utils/Mapper.java:661: warning - @return tag has no arguments.
/home/travis/build/rundeck/rundeck/core/src/main/java/com/dtolabs/utils/Mapper.java:721: warning - @return tag has no arguments.
/home/travis/build/rundeck/rundeck/core/src/main/java/com/dtolabs/utils/Mapper.java:647: warning - @return tag has no arguments.
/home/travis/build/rundeck/rundeck/core/src/main/java/com/dtolabs/utils/Mapper.java:699: warning - @return tag has no arguments.
/home/travis/build/rundeck/rundeck/core/src/main/java/com/dtolabs/utils/Mapper.java:71: warning - @return tag has no arguments.
/home/travis/build/rundeck/rundeck/core/src/main/java/com/dtolabs/utils/Mapper.java:79: warning - @return tag has no arguments.
/home/travis/build/rundeck/rundeck/core/src/main/java/com/dtolabs/utils/Mapper.java:92: warning - @return tag has no arguments.
/home/travis/build/rundeck/rundeck/core/src/main/java/com/dtolabs/utils/Mapper.java:154: warning - @return tag has no arguments.
/home/travis/build/rundeck/rundeck/core/src/main/java/com/dtolabs/utils/Mapper.java:731: warning - @return tag has no arguments.
/home/travis/build/rundeck/rundeck/core/src/main/java/com/dtolabs/utils/Mapper.java:743: warning - @return tag has no arguments.
/home/travis/build/rundeck/rundeck/core/src/main/java/com/dtolabs/utils/PropertiesUtil.java:73: warning - @return tag has no arguments.
/home/travis/build/rundeck/rundeck/core/src/main/java/com/dtolabs/utils/PropertiesUtil.java:117: warning - @return tag has no arguments.
/home/travis/build/rundeck/rundeck/core/src/main/java/com/dtolabs/rundeck/core/authentication/Authenticator.java:38: warning - @return tag has no arguments.
/home/travis/build/rundeck/rundeck/core/src/main/java/com/dtolabs/rundeck/core/authentication/NoAuthentication.java:35: warning - @return tag has no arguments.
/home/travis/build/rundeck/rundeck/core/src/main/java/com/dtolabs/rundeck/core/authentication/NoAuthentication.java:57: warning - @return tag has no arguments.
/home/travis/build/rundeck/rundeck/core/src/main/java/com/dtolabs/rundeck/core/authentication/NoAuthentication.java:44: warning - @return tag has no arguments.
/home/travis/build/rundeck/rundeck/core/src/main/java/com/dtolabs/rundeck/core/authentication/NoAuthentication.java:44: warning - Tag @link: reference not found: this#getUserInfo()
/home/travis/build/rundeck/rundeck/core/src/main/java/com/dtolabs/rundeck/core/authentication/NoAuthentication.java:44: warning - Tag @link: reference not found: this#getUserInfo()
/home/travis/build/rundeck/rundeck/core/src/main/java/com/dtolabs/client/services/ServerService.java:114: warning - @param argument "uploadFile" is not a parameter name.
/home/travis/build/rundeck/rundeck/core/src/main/java/com/dtolabs/client/services/ServerService.java:114: warning - @param argument "method" is not a parameter name.
/home/travis/build/rundeck/rundeck/core/src/main/java/com/dtolabs/rundeck/core/execution/workflow/steps/FailureReason.java:33: warning - Tag @link: can't find toString() in com.dtolabs.rundeck.core.execution.workflow.steps.FailureReason
/home/travis/build/rundeck/rundeck/core/src/main/java/com/dtolabs/rundeck/core/authorization/providers/Policies.java:113: warning - @return tag has no arguments.
/home/travis/build/rundeck/rundeck/core/src/main/java/com/dtolabs/rundeck/core/authorization/providers/Policies.java:65: warning - @return tag has no arguments.
/home/travis/build/rundeck/rundeck/core/src/main/java/com/dtolabs/rundeck/core/authorization/providers/SAREAuthorization.java:282: warning - @return tag has no arguments.
/home/travis/build/rundeck/rundeck/core/src/main/java/com/dtolabs/shared/resources/ResourceXMLGenerator.java:81: warning - @return tag has no arguments.
/home/travis/build/rundeck/rundeck/core/src/main/java/com/dtolabs/shared/resources/ResourceXMLGenerator.java:71: warning - @param argument "file" is not a parameter name.
/home/travis/build/rundeck/rundeck/core/src/main/java/com/dtolabs/shared/resources/ResourceXMLParser.java:54: warning - Tag @link: can't find setEntityXpath(String) in com.dtolabs.shared.resources.ResourceXMLParser
/home/travis/build/rundeck/rundeck/core/src/main/java/com/dtolabs/shared/resources/ResourceXMLParser.java:348: warning - Tag @link: can't find getReferrers() in com.dtolabs.shared.resources.ResourceXMLParser.Entity
/home/travis/build/rundeck/rundeck/core/src/main/java/com/dtolabs/shared/resources/ResourceXMLParser.java:348: warning - Tag @link: can't find getResources() in com.dtolabs.shared.resources.ResourceXMLParser.Entity
/home/travis/build/rundeck/rundeck/core/src/main/java/com/dtolabs/rundeck/core/execution/ExecArg.java:25: warning - @return tag has no arguments.
/home/travis/build/rundeck/rundeck/core/src/main/java/com/dtolabs/rundeck/core/execution/ExecArg.java:32: warning - @return tag has no arguments.
/home/travis/build/rundeck/rundeck/core/src/main/java/com/dtolabs/rundeck/core/execution/ExecArg.java:16: warning - @return tag has no arguments.
/home/travis/build/rundeck/rundeck/core/src/main/java/com/dtolabs/rundeck/core/execution/ExecArg.java:46: warning - @return tag has no arguments.
/home/travis/build/rundeck/rundeck/core/src/main/java/com/dtolabs/rundeck/core/execution/ExecArgList.java:79: warning - @return tag has no arguments.
/home/travis/build/rundeck/rundeck/core/src/main/java/com/dtolabs/rundeck/core/execution/ExecArgList.java:89: warning - @return tag has no arguments.
/home/travis/build/rundeck/rundeck/core/src/main/java/com/dtolabs/rundeck/core/execution/ExecArgList.java:200: warning - @return tag has no arguments.
/home/travis/build/rundeck/rundeck/core/src/main/java/com/dtolabs/rundeck/core/execution/ExecArgList.java:61: warning - @return tag has no arguments.
/home/travis/build/rundeck/rundeck/core/src/main/java/com/dtolabs/rundeck/core/execution/ExecArgList.java:49: warning - @return tag has no arguments.
/home/travis/build/rundeck/rundeck/core/src/main/java/com/dtolabs/rundeck/core/execution/ExecArgList.java:70: warning - @return tag has no arguments.
/home/travis/build/rundeck/rundeck/core/src/main/java/com/dtolabs/rundeck/core/execution/ExecArgList.java:116: warning - @return tag has no arguments.
/home/travis/build/rundeck/rundeck/core/src/main/java/com/dtolabs/rundeck/core/execution/ExecArgList.java:259: warning - @return tag has no arguments.
/home/travis/build/rundeck/rundeck/core/src/main/java/com/dtolabs/rundeck/core/execution/ExecArgList.java:272: warning - @return tag has no arguments.
/home/travis/build/rundeck/rundeck/core/src/main/java/com/dtolabs/rundeck/core/execution/ExecArgList.java:284: warning - @return tag has no arguments.
/home/travis/build/rundeck/rundeck/core/src/main/java/com/dtolabs/rundeck/core/execution/ExecArgList.java:311: warning - @return tag has no arguments.
/home/travis/build/rundeck/rundeck/core/src/main/java/com/dtolabs/rundeck/core/execution/ExecArgList.java:299: warning - @return tag has no arguments.
/home/travis/build/rundeck/rundeck/core/src/main/java/com/dtolabs/rundeck/core/execution/ExecArgList.java:349: warning - @return tag has no arguments.
/home/travis/build/rundeck/rundeck/core/src/main/java/com/dtolabs/rundeck/core/execution/ExecutionListener.java:56: warning - @return tag has no arguments.
/home/travis/build/rundeck/rundeck/core/src/main/java/com/dtolabs/rundeck/core/execution/ExecutionListener.java:49: warning - @return tag has no arguments.
/home/travis/build/rundeck/rundeck/core/src/main/java/com/dtolabs/rundeck/core/execution/ExecutionListenerOverride.java:44: warning - @return tag has no arguments.
/home/travis/build/rundeck/rundeck/core/src/main/java/com/dtolabs/rundeck/core/execution/ExecutionListenerOverride.java:37: warning - @return tag has no arguments.
/home/travis/build/rundeck/rundeck/core/src/main/java/com/dtolabs/rundeck/core/execution/ExecutionListenerOverride.java:37: warning - @return tag cannot be used in method with void return type.
/home/travis/build/rundeck/rundeck/core/src/main/java/com/dtolabs/rundeck/core/execution/ExecutionListenerOverride.java:44: warning - @return tag cannot be used in method with void return type.
/home/travis/build/rundeck/rundeck/core/src/main/java/com/dtolabs/rundeck/core/execution/ExecutionListenerOverride.java:51: warning - @return tag cannot be used in method with void return type.
/home/travis/build/rundeck/rundeck/core/src/main/java/com/dtolabs/rundeck/core/execution/FailedNodesListener.java:43: warning - @param argument "names" is not a parameter name.
/home/travis/build/rundeck/rundeck/core/src/main/java/com/dtolabs/rundeck/core/authorization/BaseAclsAuthorization.java:218: warning - @return tag has no arguments.
/home/travis/build/rundeck/rundeck/core/src/main/java/com/dtolabs/rundeck/core/authorization/LegacyAuthorization.java:38: warning - @return tag has no arguments.
/home/travis/build/rundeck/rundeck/core/src/main/java/com/dtolabs/rundeck/core/authorization/Decision.java:32: warning - Tag @link: can't find evaluate(java.util.Map, java.util.Map, java.util.Set, java.util.Map) in com.dtolabs.rundeck.core.authorization.Authorization
/home/travis/build/rundeck/rundeck/core/src/main/java/com/dtolabs/rundeck/core/authorization/DenyAuthorization.java:64: warning - @return tag has no arguments.
/home/travis/build/rundeck/rundeck/core/src/main/java/com/dtolabs/rundeck/core/authorization/JndiConfigParser.java:67: warning - @return tag has no arguments.
/home/travis/build/rundeck/rundeck/core/src/main/java/com/dtolabs/rundeck/core/authorization/NoAuthorization.java:67: warning - @return tag has no arguments.
/home/travis/build/rundeck/rundeck/core/src/main/java/com/dtolabs/client/utils/HttpAuthenticator.java:39: warning - Tag @link: reference not found: CommanderHttpClient
/home/travis/build/rundeck/rundeck/core/src/main/java/com/dtolabs/rundeck/core/common/FrameworkProjectMgr.java:30: warning - Tag @link: reference not found: FrameworkType
/home/travis/build/rundeck/rundeck/core/src/main/java/com/dtolabs/rundeck/core/common/FrameworkProjectMgr.java:30: warning - Tag @link: reference not found: FrameworkResourceInstance
/home/travis/build/rundeck/rundeck/core/src/main/java/com/dtolabs/rundeck/core/plugins/configuration/StringRenderingConstants.java:24: warning - Tag @link: reference not found: Property.Type.String
/home/travis/build/rundeck/rundeck/core/src/main/java/com/dtolabs/rundeck/core/NodesetFailureException.java:49: warning - Tag @param cannot be used in field documentation.  It can only be used in the following types of documentation: class/interface, constructor, method.
/home/travis/build/rundeck/rundeck/core/src/main/java/com/dtolabs/rundeck/core/NodesetFailureException.java:49: warning - Tag @param cannot be used in field documentation.  It can only be used in the following types of documentation: class/interface, constructor, method.
/home/travis/build/rundeck/rundeck/core/src/main/java/com/dtolabs/rundeck/plugins/util/PropertyBuilder.java:67: warning - Tag @link: reference not found: Property.Type.Boolean
/home/travis/build/rundeck/rundeck/core/src/main/java/com/dtolabs/rundeck/core/common/FrameworkProjectMgr.java:30: warning - Tag @link: reference not found: FrameworkType
/home/travis/build/rundeck/rundeck/core/src/main/java/com/dtolabs/rundeck/core/common/FrameworkProjectMgr.java:30: warning - Tag @link: reference not found: FrameworkResourceInstance
/home/travis/build/rundeck/rundeck/core/src/main/java/com/dtolabs/rundeck/plugins/util/PropertyBuilder.java:103: warning - Tag @link: reference not found: Property.Type.FreeSelect
/home/travis/build/rundeck/rundeck/core/src/main/java/com/dtolabs/rundeck/core/authentication/NoAuthentication.java:44: warning - Tag @link: reference not found: this#getUserInfo()
/home/travis/build/rundeck/rundeck/core/src/main/java/com/dtolabs/client/utils/HttpAuthenticator.java:39: warning - Tag @link: reference not found: CommanderHttpClient
/home/travis/build/rundeck/rundeck/core/src/main/java/com/dtolabs/rundeck/plugins/util/PropertyBuilder.java:76: warning - Tag @link: reference not found: Property.Type.Integer
/home/travis/build/rundeck/rundeck/core/src/main/java/com/dtolabs/rundeck/plugins/util/PropertyBuilder.java:85: warning - Tag @link: reference not found: Property.Type.Long
/home/travis/build/rundeck/rundeck/core/src/main/java/com/dtolabs/rundeck/core/common/FrameworkResourceParent.java:129: warning - Tag @link: reference not found: FrameworkResourceInstance
/home/travis/build/rundeck/rundeck/core/src/main/java/com/dtolabs/rundeck/plugins/util/PropertyBuilder.java:94: warning - Tag @link: reference not found: Property.Type.Select
/home/travis/build/rundeck/rundeck/core/src/main/java/com/dtolabs/rundeck/plugins/util/PropertyBuilder.java:58: warning - Tag @link: reference not found: Property.Type.String
/home/travis/build/rundeck/rundeck/core/src/main/java/com/dtolabs/rundeck/core/plugins/configuration/StringRenderingConstants.java:24: warning - Tag @link: reference not found: Property.Type.String

190 warnings
:core:javadocJar
:core:sourceJar
:core:testJar
:core:assemble
:plugins:assemble UP-TO-DATE
:rundeck-launcher:compileJava UP-TO-DATE
:rundeck-launcher:processResources UP-TO-DATE
:rundeck-launcher:classes UP-TO-DATE
:rundeck-launcher:jar
:rundeck-launcher:javadoc UP-TO-DATE
:rundeck-launcher:javadocJar
:rundeck-launcher:sourceJar
:rundeck-launcher:testJar
:rundeck-launcher:assemble
:rundeckapp:downloadGrails
Downloading grails-1.3.7...
:rundeckapp:extractGrails
:core:compileTestJava
Download http://repo1.maven.org/maven2/junit/junit/4.8.1/junit-4.8.1.pom
Download http://repo1.maven.org/maven2/junit/junit/4.8.1/junit-4.8.1.jar
Note: Some input files use or override a deprecated API.
Note: Recompile with -Xlint:deprecation for details.
Note: Some input files use unchecked or unsafe operations.
Note: Recompile with -Xlint:unchecked for details.
:core:processTestResources
:core:testClasses
:core:test
:core:check
:core:build
:core:install
:rundeck-launcher:rundeck-jetty-server:compileJava
Download http://repo1.maven.org/maven2/org/mortbay/jetty/jetty/6.1.21/jetty-6.1.21.pom
Download http://repo1.maven.org/maven2/org/mortbay/jetty/project/6.1.21/project-6.1.21.pom
Download http://repo1.maven.org/maven2/org/mortbay/jetty/jetty-parent/8/jetty-parent-8.pom
Download http://repo1.maven.org/maven2/org/eclipse/jetty/jetty-parent/9/jetty-parent-9.pom
Download http://repo1.maven.org/maven2/org/mortbay/jetty/jetty-util/6.1.21/jetty-util-6.1.21.pom
Download http://repo1.maven.org/maven2/org/mortbay/jetty/jetty-plus/6.1.21/jetty-plus-6.1.21.pom
Download http://repo1.maven.org/maven2/org/mortbay/jetty/jetty/6.1.21/jetty-6.1.21.jar
Download http://repo1.maven.org/maven2/org/mortbay/jetty/jetty-util/6.1.21/jetty-util-6.1.21.jar
Download http://repo1.maven.org/maven2/org/mortbay/jetty/jetty-plus/6.1.21/jetty-plus-6.1.21.jar
Note: Some input files use unchecked or unsafe operations.
Note: Recompile with -Xlint:unchecked for details.
:rundeck-launcher:rundeck-jetty-server:processResources UP-TO-DATE
:rundeck-launcher:rundeck-jetty-server:classes
:rundeck-launcher:rundeck-jetty-server:jar
:rundeck-launcher:rundeck-jetty-server:javadoc FAILED

FAILURE: Build failed with an exception.

* What went wrong:
Execution failed for task ':rundeck-launcher:rundeck-jetty-server:javadoc'.
> Javadoc generation failed.

* Try:
Run with --stacktrace option to get the stack trace. Run with --info or --debug option to get more log output.

BUILD FAILED

Total time: 1 mins 37.629 secs

[31;1mThe command "eval ./gradlew assemble" failed. Retrying, 3 of 3.[0m

:core:expandTemplate
:core:compileJava UP-TO-DATE
:core:processResources UP-TO-DATE
:core:classes UP-TO-DATE
:core:jar UP-TO-DATE
:core:javadoc UP-TO-DATE
:core:javadocJar UP-TO-DATE
:core:sourceJar UP-TO-DATE
:core:testJar UP-TO-DATE
:core:assemble
:plugins:assemble UP-TO-DATE
:rundeck-launcher:compileJava UP-TO-DATE
:rundeck-launcher:processResources UP-TO-DATE
:rundeck-launcher:classes UP-TO-DATE
:rundeck-launcher:jar UP-TO-DATE
:rundeck-launcher:javadoc UP-TO-DATE
:rundeck-launcher:javadocJar UP-TO-DATE
:rundeck-launcher:sourceJar UP-TO-DATE
:rundeck-launcher:testJar UP-TO-DATE
:rundeck-launcher:assemble UP-TO-DATE
:rundeckapp:downloadGrails UP-TO-DATE
:rundeckapp:extractGrails UP-TO-DATE
:core:compileTestJava UP-TO-DATE
:core:processTestResources UP-TO-DATE
:core:testClasses UP-TO-DATE
:core:test UP-TO-DATE
:core:check UP-TO-DATE
:core:build
:core:install
:rundeck-launcher:rundeck-jetty-server:compileJava UP-TO-DATE
:rundeck-launcher:rundeck-jetty-server:processResources UP-TO-DATE
:rundeck-launcher:rundeck-jetty-server:classes UP-TO-DATE
:rundeck-launcher:rundeck-jetty-server:jar UP-TO-DATE
:rundeck-launcher:rundeck-jetty-server:javadoc/home/travis/build/rundeck/rundeck/rundeck-launcher/rundeck-jetty-server/src/main/java/com/dtolabs/rundeck/jetty/jaas/AbstractLoginModule.java:183: warning - @return tag has no arguments.
/home/travis/build/rundeck/rundeck/rundeck-launcher/rundeck-jetty-server/src/main/java/com/dtolabs/rundeck/jetty/jaas/AbstractLoginModule.java:219: warning - @return tag has no arguments.
/home/travis/build/rundeck/rundeck/rundeck-launcher/rundeck-jetty-server/src/main/java/com/dtolabs/rundeck/jetty/jaas/AbstractLoginModule.java:267: warning - @return tag has no arguments.
/home/travis/build/rundeck/rundeck/rundeck-launcher/rundeck-jetty-server/src/main/java/com/dtolabs/rundeck/jetty/jaas/JettyCachingLdapLoginModule.java:518: warning - @return tag has no arguments.
/home/travis/build/rundeck/rundeck/rundeck-launcher/rundeck-jetty-server/src/main/java/com/dtolabs/rundeck/jetty/jaas/JettyCachingLdapLoginModule.java:501: warning - @return tag has no arguments.
/home/travis/build/rundeck/rundeck/rundeck-launcher/rundeck-jetty-server/src/main/java/com/dtolabs/rundeck/jetty/jaas/JettyCachingLdapLoginModule.java:692: warning - @return tag has no arguments.
/home/travis/build/rundeck/rundeck/rundeck-launcher/rundeck-jetty-server/src/main/java/com/dtolabs/rundeck/jetty/jaas/JettyCachingLdapLoginModule.java:242: warning - @return tag has no arguments.
/home/travis/build/rundeck/rundeck/rundeck-launcher/rundeck-jetty-server/src/main/java/com/dtolabs/rundeck/jetty/jaas/JettyCachingLdapLoginModule.java:434: warning - @return tag has no arguments.
/home/travis/build/rundeck/rundeck/rundeck-launcher/rundeck-jetty-server/src/main/java/com/dtolabs/rundeck/jetty/jaas/PropertyFileLoginModule.java:154: warning - Tag @see: can't find lazyLoadUser(java.lang.String) in org.mortbay.jetty.plus.jaas.spi.AbstractLoginModule

9 warnings
:rundeck-launcher:rundeck-jetty-server:javadocJar
:rundeck-launcher:rundeck-jetty-server:sourceJar
:rundeck-launcher:rundeck-jetty-server:testJar
:rundeck-launcher:rundeck-jetty-server:assemble
:rundeck-launcher:rundeck-jetty-server:compileTestJava
Download http://repo1.maven.org/maven2/org/mockito/mockito-all/1.8.5/mockito-all-1.8.5.pom
Download http://repo1.maven.org/maven2/org/mockito/mockito-all/1.8.5/mockito-all-1.8.5.jar
:rundeck-launcher:rundeck-jetty-server:processTestResources UP-TO-DATE
:rundeck-launcher:rundeck-jetty-server:testClasses
:rundeck-launcher:rundeck-jetty-server:test
Download http://repo1.maven.org/maven2/org/mortbay/jetty/servlet-api/2.5-20081211/servlet-api-2.5-20081211.pom
Download http://repo1.maven.org/maven2/org/mortbay/jetty/jetty-parent/7/jetty-parent-7.pom
Download http://repo1.maven.org/maven2/org/mortbay/jetty/servlet-api/2.5-20081211/servlet-api-2.5-20081211.jar
:rundeck-launcher:rundeck-jetty-server:check
:rundeck-launcher:rundeck-jetty-server:build
:rundeck-launcher:rundeck-jetty-server:install
:rundeckapp:installDependencies
:rundeckapp:installJettyPlugin
Welcome to Grails 1.3.7 - http://grails.org/
Licensed under Apache Standard License 2.0
Grails home is set to: /home/travis/build/rundeck/rundeck/build/local/grails-1.3.7

Base Directory: /home/travis/build/rundeck/rundeck/rundeckapp
Maven Central: http://repo1.maven.org/maven2/
Grails Local Repo: grails-app/plugins
Application Version: 1.6.1-SNAPSHOT
Resolving dependencies...
Downloading: http://repo1.maven.org/maven2/org/yaml/snakeyaml/1.9/snakeyaml-1.9.pom ...
Download complete.
Downloading: http://repo1.maven.org/maven2/org/yaml/snakeyaml/1.9/snakeyaml-1.9.pom.sha1 ...
Download complete.
Downloading: http://repo1.maven.org/maven2/org/apache/ant/ant-jsch/1.7.1/ant-jsch-1.7.1.pom ...
Download complete.
Downloading: http://repo1.maven.org/maven2/org/apache/ant/ant-jsch/1.7.1/ant-jsch-1.7.1.pom.sha1 ...
Download complete.
Downloading: http://repo1.maven.org/maven2/org/apache/ant/ant-parent/1.7.1/ant-parent-1.7.1.pom ...
Download complete.
Downloading: http://repo1.maven.org/maven2/org/apache/ant/ant-parent/1.7.1/ant-parent-1.7.1.pom.sha1 ...
Download complete.
Downloading: http://repo1.maven.org/maven2/com/jcraft/jsch/0.1.50/jsch-0.1.50.pom ...
Download complete.
Downloading: http://repo1.maven.org/maven2/com/jcraft/jsch/0.1.50/jsch-0.1.50.pom.sha1 ...
Download complete.
Downloading: http://repo1.maven.org/maven2/commons-codec/commons-codec/1.5/commons-codec-1.5.pom ...
Download complete.
Downloading: http://repo1.maven.org/maven2/commons-codec/commons-codec/1.5/commons-codec-1.5.pom.sha1 ...
Download complete.
Downloading: http://repo1.maven.org/maven2/org/apache/commons/commons-parent/20/commons-parent-20.pom ...
Download complete.
Downloading: http://repo1.maven.org/maven2/org/apache/commons/commons-parent/20/commons-parent-20.pom.sha1 ...
Download complete.
Downloading: http://repo1.maven.org/maven2/org/apache/apache/9/apache-9.pom ...
Download complete.
Downloading: http://repo1.maven.org/maven2/org/apache/apache/9/apache-9.pom.sha1 ...
Download complete.
Downloading: http://repo1.maven.org/maven2/com/fasterxml/jackson/core/jackson-databind/2.0.2/jackson-databind-2.0.2.pom ...
Download complete.
Downloading: http://repo1.maven.org/maven2/com/fasterxml/jackson/core/jackson-databind/2.0.2/jackson-databind-2.0.2.pom.sha1 ...
Download complete.
Downloading: http://repo1.maven.org/maven2/com/fasterxml/jackson/core/jackson-annotations/2.0.2/jackson-annotations-2.0.2.pom ...
Download complete.
Downloading: http://repo1.maven.org/maven2/com/fasterxml/jackson/core/jackson-annotations/2.0.2/jackson-annotations-2.0.2.pom.sha1 ...
Download complete.
Downloading: http://repo1.maven.org/maven2/com/fasterxml/oss-parent/2/oss-parent-2.pom ...
Download complete.
Downloading: http://repo1.maven.org/maven2/com/fasterxml/oss-parent/2/oss-parent-2.pom.sha1 ...
Download complete.
Downloading: http://repo1.maven.org/maven2/com/fasterxml/jackson/core/jackson-core/2.0.2/jackson-core-2.0.2.pom ...
Download complete.
Downloading: http://repo1.maven.org/maven2/com/fasterxml/jackson/core/jackson-core/2.0.2/jackson-core-2.0.2.pom.sha1 ...
Download complete.
Downloading: http://repo1.maven.org/maven2/jaxen/jaxen/1.1/jaxen-1.1.pom ...
Download complete.
Downloading: http://repo1.maven.org/maven2/jaxen/jaxen/1.1/jaxen-1.1.pom.sha1 ...
Download complete.
Downloading: http://repo1.maven.org/maven2/xerces/xercesImpl/2.6.2/xercesImpl-2.6.2.pom ...
Download complete.
Downloading: http://repo1.maven.org/maven2/xerces/xercesImpl/2.6.2/xercesImpl-2.6.2.pom.sha1 ...
Download complete.
Downloading: http://repo1.maven.org/maven2/xom/xom/1.0/xom-1.0.pom ...
Download complete.
Downloading: http://repo1.maven.org/maven2/xom/xom/1.0/xom-1.0.pom.sha1 ...
Download complete.
Downloading: http://repo1.maven.org/maven2/com/ibm/icu/icu4j/2.6.1/icu4j-2.6.1.pom ...
Download complete.
Downloading: http://repo1.maven.org/maven2/com/ibm/icu/icu4j/2.6.1/icu4j-2.6.1.pom.sha1 ...
Download complete.
Downloading: http://repo1.maven.org/maven2/commons-logging/commons-logging/1.1.1/commons-logging-1.1.1.pom ...
Download complete.
Downloading: http://repo1.maven.org/maven2/commons-logging/commons-logging/1.1.1/commons-logging-1.1.1.pom.sha1 ...
Download complete.
Downloading: http://repo1.maven.org/maven2/org/apache/commons/commons-parent/5/commons-parent-5.pom ...
Download complete.
Downloading: http://repo1.maven.org/maven2/org/apache/commons/commons-parent/5/commons-parent-5.pom.sha1 ...
Download complete.
Downloading: http://repo1.maven.org/maven2/org/apache/apache/4/apache-4.pom ...
Download complete.
Downloading: http://repo1.maven.org/maven2/org/apache/apache/4/apache-4.pom.sha1 ...
Download complete.
Downloading: http://repo1.maven.org/maven2/xml-apis/xml-apis/2.0.2/xml-apis-2.0.2.pom ...
Download complete.
Downloading: http://repo1.maven.org/maven2/xml-apis/xml-apis/2.0.2/xml-apis-2.0.2.pom.sha1 ...
Download complete.
Downloading: http://repo1.maven.org/maven2/xml-apis/xml-apis/1.0.b2/xml-apis-1.0.b2.pom ...
Download complete.
Downloading: http://repo1.maven.org/maven2/xml-apis/xml-apis/1.0.b2/xml-apis-1.0.b2.pom.sha1 ...
Download complete.
Downloading: http://repo1.maven.org/maven2/org/springframework/spring-test/3.0.5.RELEASE/spring-test-3.0.5.RELEASE.pom ...
Download complete.
Downloading: http://repo1.maven.org/maven2/org/springframework/spring-test/3.0.5.RELEASE/spring-test-3.0.5.RELEASE.pom.sha1 ...
Download complete.
Downloading: http://repo1.maven.org/maven2/org/springframework/spring-parent/3.0.5.RELEASE/spring-parent-3.0.5.RELEASE.pom ...
Download complete.
Downloading: http://repo1.maven.org/maven2/org/springframework/spring-parent/3.0.5.RELEASE/spring-parent-3.0.5.RELEASE.pom.sha1 ...
Download complete.
Downloading: http://repo1.maven.org/maven2/postgresql/postgresql/9.1-901.jdbc4/postgresql-9.1-901.jdbc4.pom ...
Download complete.
Downloading: http://repo1.maven.org/maven2/postgresql/postgresql/9.1-901.jdbc4/postgresql-9.1-901.jdbc4.pom.sha1 ...
Download complete.
Downloading: http://repo1.maven.org/maven2/org/mortbay/jetty/jetty-plus/6.1.21/jetty-plus-6.1.21.pom ...
Download complete.
Downloading: http://repo1.maven.org/maven2/org/mortbay/jetty/jetty-plus/6.1.21/jetty-plus-6.1.21.pom.sha1 ...
Download complete.
Downloading: http://repo1.maven.org/maven2/org/mortbay/jetty/project/6.1.21/project-6.1.21.pom ...
Download complete.
Downloading: http://repo1.maven.org/maven2/org/mortbay/jetty/project/6.1.21/project-6.1.21.pom.sha1 ...
Download complete.
Downloading: http://repo1.maven.org/maven2/org/mortbay/jetty/jetty-parent/8/jetty-parent-8.pom ...
Download complete.
Downloading: http://repo1.maven.org/maven2/org/mortbay/jetty/jetty-parent/8/jetty-parent-8.pom.sha1 ...
Download complete.
Downloading: http://repo1.maven.org/maven2/org/eclipse/jetty/jetty-parent/9/jetty-parent-9.pom ...
Download complete.
Downloading: http://repo1.maven.org/maven2/org/eclipse/jetty/jetty-parent/9/jetty-parent-9.pom.sha1 ...
Download complete.
Downloading: http://repo1.maven.org/maven2/geronimo-spec/geronimo-spec-jta/1.0.1B-rc4/geronimo-spec-jta-1.0.1B-rc4.pom ...
Download complete.
Downloading: http://repo1.maven.org/maven2/geronimo-spec/geronimo-spec-jta/1.0.1B-rc4/geronimo-spec-jta-1.0.1B-rc4.pom.sha1 ...
Download complete.
Downloading: http://repo1.maven.org/maven2/org/mortbay/jetty/jetty-util/6.1.21/jetty-util-6.1.21.pom ...
Download complete.
Downloading: http://repo1.maven.org/maven2/org/mortbay/jetty/jetty-util/6.1.21/jetty-util-6.1.21.pom.sha1 ...
Download complete.
Downloading: http://repo1.maven.org/maven2/org/mortbay/jetty/jetty/6.1.21/jetty-6.1.21.pom ...
Download complete.
Downloading: http://repo1.maven.org/maven2/org/mortbay/jetty/jetty/6.1.21/jetty-6.1.21.pom.sha1 ...
Download complete.
Downloading: http://repo1.maven.org/maven2/org/mortbay/jetty/servlet-api/2.5-20081211/servlet-api-2.5-20081211.pom ...
Download complete.
Downloading: http://repo1.maven.org/maven2/org/mortbay/jetty/servlet-api/2.5-20081211/servlet-api-2.5-20081211.pom.sha1 ...
Download complete.
Downloading: http://repo1.maven.org/maven2/org/mortbay/jetty/jetty-parent/7/jetty-parent-7.pom ...
Download complete.
Downloading: http://repo1.maven.org/maven2/org/mortbay/jetty/jetty-parent/7/jetty-parent-7.pom.sha1 ...
Download complete.
Downloading: http://repo1.maven.org/maven2/org/yaml/snakeyaml/1.9/snakeyaml-1.9.jar ...
Download complete.
Downloading: http://repo1.maven.org/maven2/org/yaml/snakeyaml/1.9/snakeyaml-1.9.jar.sha1 ...
Download complete.
Downloading: http://repo1.maven.org/maven2/org/apache/ant/ant-jsch/1.7.1/ant-jsch-1.7.1.jar ...
Download complete.
Downloading: http://repo1.maven.org/maven2/org/apache/ant/ant-jsch/1.7.1/ant-jsch-1.7.1.jar.sha1 ...
Download complete.
Downloading: http://repo1.maven.org/maven2/com/jcraft/jsch/0.1.50/jsch-0.1.50.jar ...
Download complete.
Downloading: http://repo1.maven.org/maven2/com/jcraft/jsch/0.1.50/jsch-0.1.50.jar.sha1 ...
Download complete.
Downloading: http://repo1.maven.org/maven2/commons-codec/commons-codec/1.5/commons-codec-1.5.jar ...
Download complete.
Downloading: http://repo1.maven.org/maven2/commons-codec/commons-codec/1.5/commons-codec-1.5.jar.sha1 ...
Download complete.
Downloading: http://repo1.maven.org/maven2/com/fasterxml/jackson/core/jackson-databind/2.0.2/jackson-databind-2.0.2.jar ...
Download complete.
Downloading: http://repo1.maven.org/maven2/com/fasterxml/jackson/core/jackson-databind/2.0.2/jackson-databind-2.0.2.jar.sha1 ...
Download complete.
Downloading: http://repo1.maven.org/maven2/com/fasterxml/jackson/core/jackson-annotations/2.0.2/jackson-annotations-2.0.2.jar ...
Download complete.
Downloading: http://repo1.maven.org/maven2/com/fasterxml/jackson/core/jackson-annotations/2.0.2/jackson-annotations-2.0.2.jar.sha1 ...
Download complete.
Downloading: http://repo1.maven.org/maven2/com/fasterxml/jackson/core/jackson-core/2.0.2/jackson-core-2.0.2.jar ...
Download complete.
Downloading: http://repo1.maven.org/maven2/com/fasterxml/jackson/core/jackson-core/2.0.2/jackson-core-2.0.2.jar.sha1 ...
Download complete.
Downloading: http://repo1.maven.org/maven2/jaxen/jaxen/1.1/jaxen-1.1.jar ...
Download complete.
Downloading: http://repo1.maven.org/maven2/jaxen/jaxen/1.1/jaxen-1.1.jar.sha1 ...
Download complete.
Downloading: http://repo1.maven.org/maven2/commons-logging/commons-logging/1.1.1/commons-logging-1.1.1.jar ...
Download complete.
Downloading: http://repo1.maven.org/maven2/commons-logging/commons-logging/1.1.1/commons-logging-1.1.1.jar.sha1 ...
Download complete.
Downloading: http://repo1.maven.org/maven2/xerces/xercesImpl/2.6.2/xercesImpl-2.6.2.jar ...
Download complete.
Downloading: http://repo1.maven.org/maven2/xerces/xercesImpl/2.6.2/xercesImpl-2.6.2.jar.sha1 ...
Download complete.
Downloading: http://repo1.maven.org/maven2/xom/xom/1.0/xom-1.0.jar ...
Download complete.
Downloading: http://repo1.maven.org/maven2/xom/xom/1.0/xom-1.0.jar.sha1 ...
Download complete.
Downloading: http://repo1.maven.org/maven2/com/ibm/icu/icu4j/2.6.1/icu4j-2.6.1.jar ...
Download complete.
Downloading: http://repo1.maven.org/maven2/com/ibm/icu/icu4j/2.6.1/icu4j-2.6.1.jar.sha1 ...
Download complete.
Downloading: http://repo1.maven.org/maven2/org/springframework/spring-test/3.0.5.RELEASE/spring-test-3.0.5.RELEASE.jar ...
Download complete.
Downloading: http://repo1.maven.org/maven2/org/springframework/spring-test/3.0.5.RELEASE/spring-test-3.0.5.RELEASE.jar.sha1 ...
Download complete.
Downloading: http://repo1.maven.org/maven2/postgresql/postgresql/9.1-901.jdbc4/postgresql-9.1-901.jdbc4.jar ...
Download complete.
Downloading: http://repo1.maven.org/maven2/postgresql/postgresql/9.1-901.jdbc4/postgresql-9.1-901.jdbc4.jar.sha1 ...
Download complete.
Downloading: http://repo1.maven.org/maven2/org/mortbay/jetty/jetty-plus/6.1.21/jetty-plus-6.1.21.jar ...
Download complete.
Downloading: http://repo1.maven.org/maven2/org/mortbay/jetty/jetty-plus/6.1.21/jetty-plus-6.1.21.jar.sha1 ...
Download complete.
Downloading: http://repo1.maven.org/maven2/org/mortbay/jetty/jetty-util/6.1.21/jetty-util-6.1.21.jar ...
Download complete.
Downloading: http://repo1.maven.org/maven2/org/mortbay/jetty/jetty-util/6.1.21/jetty-util-6.1.21.jar.sha1 ...
Download complete.
Downloading: http://repo1.maven.org/maven2/org/mortbay/jetty/jetty/6.1.21/jetty-6.1.21.jar ...
Download complete.
Downloading: http://repo1.maven.org/maven2/org/mortbay/jetty/jetty/6.1.21/jetty-6.1.21.jar.sha1 ...
Download complete.
Downloading: http://repo1.maven.org/maven2/geronimo-spec/geronimo-spec-jta/1.0.1B-rc4/geronimo-spec-jta-1.0.1B-rc4.jar ...
Download complete.
Downloading: http://repo1.maven.org/maven2/geronimo-spec/geronimo-spec-jta/1.0.1B-rc4/geronimo-spec-jta-1.0.1B-rc4.jar.sha1 ...
Download complete.
Downloading: http://repo1.maven.org/maven2/org/mortbay/jetty/servlet-api/2.5-20081211/servlet-api-2.5-20081211.jar ...
Download complete.
Downloading: http://repo1.maven.org/maven2/org/mortbay/jetty/servlet-api/2.5-20081211/servlet-api-2.5-20081211.jar.sha1 ...
Download complete.
:: problems summary ::
:::: WARNINGS
	Resolution will only pick dependencies of the relocated element.  Artefact and other metadata will be ignored.

:::: ERRORS
	Server access Error: Connection timed out url=http://svn.codehaus.org/grails-plugins/grails-ant-parent/tags/RELEASE_1_7_1/grails-ant-parent-1.7.1.jar

	Server access Error: Connection timed out url=http://svn.codehaus.org/grails/trunk/grails-plugins/grails-ant-parent/tags/RELEASE_1_7_1/grails-ant-parent-1.7.1.jar

	Server access Error: Connection timed out url=http://svn.codehaus.org/grails-plugins/grails-ant-jsch/tags/RELEASE_1_7_1/grails-ant-jsch-1.7.1.jar

	Server access Error: Connection timed out url=http://svn.codehaus.org/grails/trunk/grails-plugins/grails-ant-jsch/tags/RELEASE_1_7_1/grails-ant-jsch-1.7.1.jar

	Server access Error: Connection timed out url=http://svn.codehaus.org/grails-plugins/grails-apache/tags/RELEASE_9/grails-apache-9.jar

	Server access Error: Connection timed out url=http://svn.codehaus.org/grails/trunk/grails-plugins/grails-apache/tags/RELEASE_9/grails-apache-9.jar

	Server access Error: Connection timed out url=http://svn.codehaus.org/grails-plugins/grails-commons-parent/tags/RELEASE_20/grails-commons-parent-20.jar

	Server access Error: Connection timed out url=http://svn.codehaus.org/grails/trunk/grails-plugins/grails-commons-parent/tags/RELEASE_20/grails-commons-parent-20.jar

	Server access Error: Connection timed out url=http://svn.codehaus.org/grails-plugins/grails-oss-parent/tags/RELEASE_2/grails-oss-parent-2.jar

	Server access Error: Connection timed out url=http://svn.codehaus.org/grails/trunk/grails-plugins/grails-oss-parent/tags/RELEASE_2/grails-oss-parent-2.jar

	Server access Error: Connection timed out url=http://svn.codehaus.org/grails-plugins/grails-jaxen/tags/RELEASE_1_1/grails-jaxen-1.1.jar

	Server access Error: Connection timed out url=http://svn.codehaus.org/grails/trunk/grails-plugins/grails-jaxen/tags/RELEASE_1_1/grails-jaxen-1.1.jar

	Server access Error: Connection timed out url=http://svn.codehaus.org/grails-plugins/grails-xercesImpl/tags/RELEASE_2_6_2/grails-xercesImpl-2.6.2.jar

	Server access Error: Connection timed out url=http://svn.codehaus.org/grails/trunk/grails-plugins/grails-xercesImpl/tags/RELEASE_2_6_2/grails-xercesImpl-2.6.2.jar

	Server access Error: Connection timed out url=http://svn.codehaus.org/grails-plugins/grails-xom/tags/RELEASE_1_0/grails-xom-1.0.jar

	Server access Error: Connection timed out url=http://svn.codehaus.org/grails/trunk/grails-plugins/grails-xom/tags/RELEASE_1_0/grails-xom-1.0.jar

	Server access Error: Connection timed out url=http://svn.codehaus.org/grails-plugins/grails-icu4j/tags/RELEASE_2_6_1/grails-icu4j-2.6.1.jar

	Server access Error: Connection timed out url=http://svn.codehaus.org/grails/trunk/grails-plugins/grails-icu4j/tags/RELEASE_2_6_1/grails-icu4j-2.6.1.jar

	Server access Error: Connection timed out url=http://svn.codehaus.org/grails-plugins/grails-apache/tags/RELEASE_4/grails-apache-4.jar

	Server access Error: Connection timed out url=http://svn.codehaus.org/grails/trunk/grails-plugins/grails-apache/tags/RELEASE_4/grails-apache-4.jar

	Server access Error: Connection timed out url=http://svn.codehaus.org/grails-plugins/grails-commons-parent/tags/RELEASE_5/grails-commons-parent-5.jar

	Server access Error: Connection timed out url=http://svn.codehaus.org/grails/trunk/grails-plugins/grails-commons-parent/tags/RELEASE_5/grails-commons-parent-5.jar

	Relocation to an other version number not supported in ivy : xml-apis#xml-apis;2.0.2 relocated to xml-apis#xml-apis;1.0.b2. Please update your dependency to directly use the right version.

	Server access Error: Connection timed out url=http://svn.codehaus.org/grails-plugins/grails-xml-apis/tags/RELEASE_1_0_b2/grails-xml-apis-1.0.b2.jar

	Server access Error: Connection timed out url=http://svn.codehaus.org/grails/trunk/grails-plugins/grails-xml-apis/tags/RELEASE_1_0_b2/grails-xml-apis-1.0.b2.jar

	Server access Error: Connection timed out url=http://svn.codehaus.org/grails-plugins/grails-spring-parent/tags/RELEASE_3_0_5_RELEASE/grails-spring-parent-3.0.5.RELEASE.jar

	Server access Error: Connection timed out url=http://svn.codehaus.org/grails/trunk/grails-plugins/grails-spring-parent/tags/RELEASE_3_0_5_RELEASE/grails-spring-parent-3.0.5.RELEASE.jar

	Server access Error: Connection timed out url=http://svn.codehaus.org/grails-plugins/grails-spring-test/tags/RELEASE_3_0_5_RELEASE/grails-spring-test-3.0.5.RELEASE.jar

	Server access Error: Connection timed out url=http://svn.codehaus.org/grails/trunk/grails-plugins/grails-spring-test/tags/RELEASE_3_0_5_RELEASE/grails-spring-test-3.0.5.RELEASE.jar

	Server access Error: Connection timed out url=http://svn.codehaus.org/grails-plugins/grails-jetty-parent/tags/RELEASE_9/grails-jetty-parent-9.jar

	Server access Error: Connection timed out url=http://svn.codehaus.org/grails/trunk/grails-plugins/grails-jetty-parent/tags/RELEASE_9/grails-jetty-parent-9.jar

	Server access Error: Connection timed out url=http://svn.codehaus.org/grails-plugins/grails-jetty-parent/tags/RELEASE_8/grails-jetty-parent-8.jar

	Server access Error: Connection timed out url=http://svn.codehaus.org/grails/trunk/grails-plugins/grails-jetty-parent/tags/RELEASE_8/grails-jetty-parent-8.jar

	Server access Error: Connection timed out url=http://svn.codehaus.org/grails-plugins/grails-project/tags/RELEASE_6_1_21/grails-project-6.1.21.jar

	Server access Error: Connection timed out url=http://svn.codehaus.org/grails/trunk/grails-plugins/grails-project/tags/RELEASE_6_1_21/grails-project-6.1.21.jar

	Server access Error: Connection timed out url=http://svn.codehaus.org/grails-plugins/grails-jetty-plus/tags/RELEASE_6_1_21/grails-jetty-plus-6.1.21.jar

	Server access Error: Connection timed out url=http://svn.codehaus.org/grails/trunk/grails-plugins/grails-jetty-plus/tags/RELEASE_6_1_21/grails-jetty-plus-6.1.21.jar

	Server access Error: Connection timed out url=http://svn.codehaus.org/grails-plugins/grails-geronimo-spec-jta/tags/RELEASE_1_0_1B-rc4/grails-geronimo-spec-jta-1.0.1B-rc4.jar

	Server access Error: Connection timed out url=http://svn.codehaus.org/grails/trunk/grails-plugins/grails-geronimo-spec-jta/tags/RELEASE_1_0_1B-rc4/grails-geronimo-spec-jta-1.0.1B-rc4.jar

	Server access Error: Connection timed out url=http://svn.codehaus.org/grails-plugins/grails-jetty-util/tags/RELEASE_6_1_21/grails-jetty-util-6.1.21.jar

	Server access Error: Connection timed out url=http://svn.codehaus.org/grails/trunk/grails-plugins/grails-jetty-util/tags/RELEASE_6_1_21/grails-jetty-util-6.1.21.jar

	Server access Error: Connection timed out url=http://svn.codehaus.org/grails-plugins/grails-jetty/tags/RELEASE_6_1_21/grails-jetty-6.1.21.jar

	Server access Error: Connection timed out url=http://svn.codehaus.org/grails/trunk/grails-plugins/grails-jetty/tags/RELEASE_6_1_21/grails-jetty-6.1.21.jar

	Server access Error: Connection timed out url=http://svn.codehaus.org/grails-plugins/grails-jetty-parent/tags/RELEASE_7/grails-jetty-parent-7.jar

	Server access Error: Connection timed out url=http://svn.codehaus.org/grails/trunk/grails-plugins/grails-jetty-parent/tags/RELEASE_7/grails-jetty-parent-7.jar

Dependencies resolved in 5619766ms.
Running script /home/travis/build/rundeck/rundeck/build/local/grails-1.3.7/scripts/InstallPlugin.groovy
Environment set to development
:rundeckapp:installJettyPlugin FAILED

FAILURE: Build failed with an exception.

* What went wrong:
Execution failed for task ':rundeckapp:installJettyPlugin'.
> Process 'command '/home/travis/build/rundeck/rundeck/build/local/grails-1.3.7/bin/grails'' finished with non-zero exit value 137

* Try:
Run with --stacktrace option to get the stack trace. Run with --info or --debug option to get more log output.

BUILD FAILED

Total time: 1 hrs 34 mins 17.353 secs

[31;1mThe command "eval ./gradlew assemble" failed 3 times.[0m


travis_time:end:12c82da0:start=1479259236216181077,finish=1479265039440720456,duration=5803224539379[0K
[31;1mThe command "./gradlew assemble" failed and exited with 1 during .[0m

Your build has been stopped.
