travis_fold:start:system_info[0K[33;1mBuild system information[0m
Build language: java
Build id: ''
Job id: ''
[34m[1mBuild image provisioning date and time[0m
Thu Feb  5 15:09:33 UTC 2015
[34m[1mOperating System Details[0m
Distributor ID:	Ubuntu
Description:	Ubuntu 12.04.5 LTS
Release:	12.04
Codename:	precise
[34m[1mLinux Version[0m
3.13.0-29-generic
[34m[1mCookbooks Version[0m
a68419e https://github.com/travis-ci/travis-cookbooks/tree/a68419e
[34m[1mGCC version[0m
gcc (Ubuntu/Linaro 4.6.3-1ubuntu5) 4.6.3
Copyright (C) 2011 Free Software Foundation, Inc.
This is free software; see the source for copying conditions.  There is NO
warranty; not even for MERCHANTABILITY or FITNESS FOR A PARTICULAR PURPOSE.

[34m[1mLLVM version[0m
clang version 3.4 (tags/RELEASE_34/final)
Target: x86_64-unknown-linux-gnu
Thread model: posix
[34m[1mPre-installed Ruby versions[0m
ruby-1.9.3-p551
[34m[1mPre-installed Node.js versions[0m
v0.10.36
[34m[1mPre-installed Go versions[0m
1.4.1
[34m[1mRedis version[0m
redis-server 2.8.19
[34m[1mriak version[0m
2.0.2
[34m[1mMongoDB version[0m
MongoDB 2.4.12
[34m[1mCouchDB version[0m
couchdb 1.6.1
[34m[1mNeo4j version[0m
1.9.4
[34m[1mRabbitMQ Version[0m
3.4.3
[34m[1mElasticSearch version[0m
1.4.0
[34m[1mInstalled Sphinx versions[0m
2.0.10
2.1.9
2.2.6
[34m[1mDefault Sphinx version[0m
2.2.6
[34m[1mInstalled Firefox version[0m
firefox 31.0esr
[34m[1mPhantomJS version[0m
1.9.8
[34m[1mant -version[0m
Apache Ant(TM) version 1.8.2 compiled on December 3 2011
[34m[1mmvn -version[0m
Apache Maven 3.2.5 (12a6b3acb947671f09b81f49094c53f426d8cea1; 2014-12-14T17:29:23+00:00)
Maven home: /usr/local/maven
Java version: 1.7.0_76, vendor: Oracle Corporation
Java home: /usr/lib/jvm/java-7-oracle/jre
Default locale: en_US, platform encoding: ANSI_X3.4-1968
OS name: "linux", version: "3.13.0-29-generic", arch: "amd64", family: "unix"
travis_fold:end:system_info[0K
sed: cannot rename /etc/hosts: Device or resource busy
sed: cannot rename /etc/hosts: Device or resource busy
$ cd albertlatacz/java-repl

[33;1mSetting environment variables from .travis.yml[0m
$ export AWS_SECRET=[secure]
$ export AWS_KEY=[secure]
$ export JAVAREPL_BUILD_NUMBER=$TRAVIS_BUILD_NUMBER

$ java -Xmx32m -version
java version "1.7.0_76"
Java(TM) SE Runtime Environment (build 1.7.0_76-b13)
Java HotSpot(TM) 64-Bit Server VM (build 24.76-b04, mixed mode)
$ javac -J-Xmx32m -version
javac 1.7.0_76
travis_fold:start:install[0Ktravis_time:start:045cd452[0K$ sudo apt-get install -qq s3cmd
Selecting previously unselected package python-support.
(Reading database ... 72019 files and directories currently installed.)
Unpacking python-support (from .../python-support_1.0.14ubuntu2_all.deb) ...
Selecting previously unselected package s3cmd.
Unpacking s3cmd (from .../archives/s3cmd_1.0.0-1_all.deb) ...
Processing triggers for man-db ...
Setting up python-support (1.0.14ubuntu2) ...
Setting up s3cmd (1.0.0-1) ...
Processing triggers for python-support ...

travis_time:end:045cd452:start=1479414483792775570,finish=1479414493997210889,duration=10204435319[0Ktravis_fold:end:install[0Ktravis_time:start:07de597c[0K$ ant -Ddeploy=true
Buildfile: /home/travis/build/albertlatacz/java-repl/build.xml

build:

update:
    [mkdir] Created dir: /home/travis/build/albertlatacz/java-repl/lib/build

clean:
    [mkdir] Created dir: /home/travis/build/albertlatacz/java-repl/lib/runtime
    [mkdir] Created dir: /home/travis/build/albertlatacz/java-repl/lib/packaged
    [mkdir] Created dir: /home/travis/build/albertlatacz/java-repl/lib/optional
     [java] Downloading http://repo1.maven.org/maven2/org/hamcrest/hamcrest-core/1.3/hamcrest-core-1.3.jar (mvn:org.hamcrest:hamcrest-core:jar:1.3)
     [java] Downloading http://repo1.maven.org/maven2/junit/junit-dep/4.8.2/junit-dep-4.8.2.jar (mvn:junit:junit-dep:jar:4.8.2)
     [java] Downloading http://repo1.maven.org/maven2/org/hamcrest/hamcrest-library/1.3/hamcrest-library-1.3.jar (mvn:org.hamcrest:hamcrest-library:jar:1.3)
     [java] Downloading http://jarjar.googlecode.com/files/jarjar-1.1.jar
     [java] Downloading http://repo1.maven.org/maven2/jline/jline/2.11/jline-2.11.jar (mvn:jline:jline:jar:2.11)
     [java] Downloading http://repo1.maven.org/maven2/antlr/antlr/2.7.7/antlr-2.7.7.jar (mvn:antlr:antlr:jar:2.7.7)
     [java] Downloading http://repo1.maven.org/maven2/org/antlr/stringtemplate/3.2.1/stringtemplate-3.2.1.jar (mvn:org.antlr:stringtemplate:jar:3.2.1)
     [java] Downloading http://repo1.maven.org/maven2/cglib/cglib-nodep/2.2/cglib-nodep-2.2.jar (mvn:cglib:cglib-nodep:jar:2.2)
     [java] Downloading http://repo1.maven.org/maven2/org/objenesis/objenesis/1.2/objenesis-1.2.jar (mvn:org.objenesis:objenesis:jar:1.2)
     [java] Downloading http://repo.bodar.com.s3.amazonaws.com/com/googlecode/totallylazy/totallylazy/1090/totallylazy-1090.jar (s3://repo.bodar.com/com.googlecode.totallylazy:totallylazy:jar:1090)
     [java] Downloading http://repo.bodar.com.s3.amazonaws.com/com/googlecode/funclate/funclate/104/funclate-104.jar (s3://repo.bodar.com/com.googlecode.funclate:funclate:jar:104)
     [java] Downloading http://repo.bodar.com.s3.amazonaws.com/com/googlecode/utterlyidle/utterlyidle/633/utterlyidle-633.jar (s3://repo.bodar.com/com.googlecode.utterlyidle:utterlyidle:jar:633)
     [java] Downloading http://repo.bodar.com.s3.amazonaws.com/com/googlecode/yadic/yadic/164/yadic-164.jar (s3://repo.bodar.com/com.googlecode.yadic:yadic:jar:164)
     [java] Failed to download http://jarjar.googlecode.com/files/jarjar-1.1.jar (java.io.FileNotFoundException: http://jarjar.googlecode.com/files/jarjar-1.1.jar)

BUILD FAILED
/home/travis/build/albertlatacz/java-repl/build.xml:180: The following error occurred while executing this line:
/home/travis/build/albertlatacz/java-repl/build.xml:67: The following error occurred while executing this line:
/home/travis/build/albertlatacz/java-repl/build/shavenmaven.xml:23: Java returned: 1

Total time: 5 seconds

travis_time:end:07de597c:start=1479414494009365876,finish=1479414500111913704,duration=6102547828[0K
[31;1mThe command "ant -Ddeploy=true" exited with 1.[0m

Done. Your build exited with 1.
