travis_fold:start:worker_info[0K[33;1mWorker information[0m
hostname: i-0ca38ce-precise-production-2-worker-org-docker.travisci.net:d2c96da6-c409-4642-994b-051066dc20db
version: v2.5.0 https://github.com/travis-ci/worker/tree/da3a43228dffc0fcca5a46569ca786b22991979f
instance: 033f31b:travis:python
startup: 877.499506ms
travis_fold:end:worker_info[0Ktravis_fold:start:system_info[0K[33;1mBuild system information[0m
Build language: python
Build group: stable
Build dist: precise
Build id: 256802842
Job id: 256802843
travis-build version: c0e532c7a
[34m[1mBuild image provisioning date and time[0m
Thu Feb  5 15:09:33 UTC 2015
[34m[1mOperating System Details[0m
Distributor ID:	Ubuntu
Description:	Ubuntu 12.04.5 LTS
Release:	12.04
Codename:	precise
[34m[1mLinux Version[0m
3.13.0-29-generic
[34m[1mCookbooks Version[0m
a68419e https://github.com/travis-ci/travis-cookbooks/tree/a68419e
[34m[1mGCC version[0m
gcc (Ubuntu/Linaro 4.6.3-1ubuntu5) 4.6.3
Copyright (C) 2011 Free Software Foundation, Inc.
This is free software; see the source for copying conditions.  There is NO
warranty; not even for MERCHANTABILITY or FITNESS FOR A PARTICULAR PURPOSE.

[34m[1mLLVM version[0m
clang version 3.4 (tags/RELEASE_34/final)
Target: x86_64-unknown-linux-gnu
Thread model: posix
[34m[1mPre-installed Ruby versions[0m
ruby-1.9.3-p551
[34m[1mPre-installed Node.js versions[0m
v0.10.36
[34m[1mPre-installed Go versions[0m
1.4.1
[34m[1mRedis version[0m
redis-server 2.8.19
[34m[1mriak version[0m
2.0.2
[34m[1mMongoDB version[0m
MongoDB 2.4.12
[34m[1mCouchDB version[0m
couchdb 1.6.1
[34m[1mNeo4j version[0m
1.9.4
[34m[1mRabbitMQ Version[0m
3.4.3
[34m[1mElasticSearch version[0m
1.4.0
[34m[1mInstalled Sphinx versions[0m
2.0.10
2.1.9
2.2.6
[34m[1mDefault Sphinx version[0m
2.2.6
[34m[1mInstalled Firefox version[0m
firefox 31.0esr
[34m[1mPhantomJS version[0m
1.9.8
[34m[1mant -version[0m
Apache Ant(TM) version 1.8.2 compiled on December 3 2011
[34m[1mmvn -version[0m
Apache Maven 3.2.5 (12a6b3acb947671f09b81f49094c53f426d8cea1; 2014-12-14T17:29:23+00:00)
Maven home: /usr/local/maven
Java version: 1.7.0_76, vendor: Oracle Corporation
Java home: /usr/lib/jvm/java-7-oracle/jre
Default locale: en_US, platform encoding: ANSI_X3.4-1968
OS name: "linux", version: "3.13.0-29-generic", arch: "amd64", family: "unix"
travis_fold:end:system_info[0K
travis_fold:start:fix.CVE-2015-7547[0K$ export DEBIAN_FRONTEND=noninteractive
Reading package lists...
Building dependency tree...
Reading state information...
The following extra packages will be installed:
  libc-bin libc-dev-bin libc6-dev
Suggested packages:
  glibc-doc
The following packages will be upgraded:
  libc-bin libc-dev-bin libc6 libc6-dev
4 upgraded, 0 newly installed, 0 to remove and 264 not upgraded.
Need to get 8,856 kB of archives.
After this operation, 13.3 kB of additional disk space will be used.
Get:1 http://us.archive.ubuntu.com/ubuntu/ precise-updates/main libc6-dev amd64 2.15-0ubuntu10.18 [2,948 kB]
Get:2 http://us.archive.ubuntu.com/ubuntu/ precise-updates/main libc-dev-bin amd64 2.15-0ubuntu10.18 [84.5 kB]
Get:3 http://us.archive.ubuntu.com/ubuntu/ precise-updates/main libc-bin amd64 2.15-0ubuntu10.18 [1,178 kB]
Get:4 http://us.archive.ubuntu.com/ubuntu/ precise-updates/main libc6 amd64 2.15-0ubuntu10.18 [4,646 kB]
Preconfiguring packages ...
Fetched 8,856 kB in 0s (15.6 MB/s)
(Reading database ... (Reading database ... 5%(Reading database ... 10%(Reading database ... 15%(Reading database ... 20%(Reading database ... 25%(Reading database ... 30%(Reading database ... 35%(Reading database ... 40%(Reading database ... 45%(Reading database ... 50%(Reading database ... 55%(Reading database ... 60%(Reading database ... 65%(Reading database ... 70%(Reading database ... 75%(Reading database ... 80%(Reading database ... 85%(Reading database ... 90%(Reading database ... 95%(Reading database ... 100%(Reading database ... 72431 files and directories currently installed.)
Preparing to replace libc6-dev 2.15-0ubuntu10.10 (using .../libc6-dev_2.15-0ubuntu10.18_amd64.deb) ...
Unpacking replacement libc6-dev ...
Preparing to replace libc-dev-bin 2.15-0ubuntu10.10 (using .../libc-dev-bin_2.15-0ubuntu10.18_amd64.deb) ...
Unpacking replacement libc-dev-bin ...
Preparing to replace libc-bin 2.15-0ubuntu10.10 (using .../libc-bin_2.15-0ubuntu10.18_amd64.deb) ...
Unpacking replacement libc-bin ...
Processing triggers for man-db ...
Setting up libc-bin (2.15-0ubuntu10.18) ...
(Reading database ... (Reading database ... 5%(Reading database ... 10%(Reading database ... 15%(Reading database ... 20%(Reading database ... 25%(Reading database ... 30%(Reading database ... 35%(Reading database ... 40%(Reading database ... 45%(Reading database ... 50%(Reading database ... 55%(Reading database ... 60%(Reading database ... 65%(Reading database ... 70%(Reading database ... 75%(Reading database ... 80%(Reading database ... 85%(Reading database ... 90%(Reading database ... 95%(Reading database ... 100%(Reading database ... 72430 files and directories currently installed.)
Preparing to replace libc6 2.15-0ubuntu10.10 (using .../libc6_2.15-0ubuntu10.18_amd64.deb) ...
Unpacking replacement libc6 ...
Setting up libc6 (2.15-0ubuntu10.18) ...
Setting up libc-dev-bin (2.15-0ubuntu10.18) ...
Setting up libc6-dev (2.15-0ubuntu10.18) ...
Processing triggers for libc-bin ...
ldconfig deferred processing now taking place
travis_fold:end:fix.CVE-2015-7547[0Ktravis_fold:start:update_libssl1.0.0[0K$ sudo apt-get install ca-certificates libssl1.0.0
Reading package lists...
Building dependency tree...
Reading state information...
The following extra packages will be installed:
  libssl-dev
The following packages will be upgraded:
  ca-certificates libssl-dev libssl1.0.0
3 upgraded, 0 newly installed, 0 to remove and 261 not upgraded.
Need to get 2,842 kB of archives.
After this operation, 41.0 kB of additional disk space will be used.
Get:1 http://us.archive.ubuntu.com/ubuntu/ precise-updates/main libssl-dev amd64 1.0.1-4ubuntu5.39 [1,580 kB]
Get:2 http://us.archive.ubuntu.com/ubuntu/ precise-updates/main libssl1.0.0 amd64 1.0.1-4ubuntu5.39 [1,054 kB]
Get:3 http://us.archive.ubuntu.com/ubuntu/ precise-updates/main ca-certificates all 20160104ubuntu0.12.04.1 [208 kB]
Preconfiguring packages ...
Fetched 2,842 kB in 0s (6,898 kB/s)
(Reading database ... (Reading database ... 5%(Reading database ... 10%(Reading database ... 15%(Reading database ... 20%(Reading database ... 25%(Reading database ... 30%(Reading database ... 35%(Reading database ... 40%(Reading database ... 45%(Reading database ... 50%(Reading database ... 55%(Reading database ... 60%(Reading database ... 65%(Reading database ... 70%(Reading database ... 75%(Reading database ... 80%(Reading database ... 85%(Reading database ... 90%(Reading database ... 95%(Reading database ... 100%(Reading database ... 72430 files and directories currently installed.)
Preparing to replace libssl-dev 1.0.1-4ubuntu5.21 (using .../libssl-dev_1.0.1-4ubuntu5.39_amd64.deb) ...
Unpacking replacement libssl-dev ...
Preparing to replace libssl1.0.0 1.0.1-4ubuntu5.21 (using .../libssl1.0.0_1.0.1-4ubuntu5.39_amd64.deb) ...
Unpacking replacement libssl1.0.0 ...
Setting up libssl1.0.0 (1.0.1-4ubuntu5.39) ...
Processing triggers for libc-bin ...
ldconfig deferred processing now taking place
(Reading database ... (Reading database ... 5%(Reading database ... 10%(Reading database ... 15%(Reading database ... 20%(Reading database ... 25%(Reading database ... 30%(Reading database ... 35%(Reading database ... 40%(Reading database ... 45%(Reading database ... 50%(Reading database ... 55%(Reading database ... 60%(Reading database ... 65%(Reading database ... 70%(Reading database ... 75%(Reading database ... 80%(Reading database ... 85%(Reading database ... 90%(Reading database ... 95%(Reading database ... 100%(Reading database ... 72430 files and directories currently installed.)
Preparing to replace ca-certificates 20130906ubuntu0.12.04.1 (using .../ca-certificates_20160104ubuntu0.12.04.1_all.deb) ...
Unpacking replacement ca-certificates ...
Processing triggers for man-db ...
Setting up libssl-dev (1.0.1-4ubuntu5.39) ...
Setting up ca-certificates (20160104ubuntu0.12.04.1) ...
Updating certificates in /etc/ssl/certs... 35 added, 26 removed; done.
Running hooks in /etc/ca-certificates/update.d....
Adding debian:ACCVRAIZ1.pem
Adding debian:Atos_TrustedRoot_2011.pem
Adding debian:CA_WoSign_ECC_Root.pem
Adding debian:Certification_Authority_of_WoSign_G2.pem
Adding debian:Certinomis_-_Root_CA.pem
Adding debian:CFCA_EV_ROOT.pem
Adding debian:COMODO_RSA_Certification_Authority.pem
Adding debian:DigiCert_Assured_ID_Root_G2.pem
Adding debian:DigiCert_Assured_ID_Root_G3.pem
Adding debian:DigiCert_Global_Root_G2.pem
Adding debian:DigiCert_Global_Root_G3.pem
Adding debian:DigiCert_Trusted_Root_G4.pem
Adding debian:Entrust_Root_Certification_Authority_-_EC1.pem
Adding debian:Entrust_Root_Certification_Authority_-_G2.pem
Adding debian:E-Tugra_Certification_Authority.pem
Adding debian:GlobalSign_ECC_Root_CA_-_R4.pem
Adding debian:GlobalSign_ECC_Root_CA_-_R5.pem
Adding debian:IdenTrust_Commercial_Root_CA_1.pem
Adding debian:IdenTrust_Public_Sector_Root_CA_1.pem
Adding debian:OISTE_WISeKey_Global_Root_GB_CA.pem
Adding debian:QuoVadis_Root_CA_1_G3.pem
Adding debian:QuoVadis_Root_CA_2_G3.pem
Adding debian:QuoVadis_Root_CA_3_G3.pem
Adding debian:Staat_der_Nederlanden_EV_Root_CA.pem
Adding debian:Staat_der_Nederlanden_Root_CA_-_G3.pem
Adding debian:S-TRUST_Universal_Root_CA.pem
Adding debian:TeliaSonera_Root_CA_v1.pem
Adding debian:T-TeleSec_GlobalRoot_Class_2.pem
Adding debian:TÃœRKTRUST_Elektronik_Sertifika_Hizmet_SaÄŸlayÄ±cÄ±sÄ±_H5.pem
Adding debian:TÃœRKTRUST_Elektronik_Sertifika_Hizmet_SaÄŸlayÄ±cÄ±sÄ±_H6.pem
Adding debian:TWCA_Global_Root_CA.pem
Adding debian:USERTrust_ECC_Certification_Authority.pem
Adding debian:USERTrust_RSA_Certification_Authority.pem
Adding debian:WoSign_China.pem
Adding debian:WoSign.pem
Removing debian:A-Trust-nQual-03.pem
Removing debian:America_Online_Root_Certification_Authority_1.pem
Removing debian:America_Online_Root_Certification_Authority_2.pem
Removing debian:Buypass_Class_3_CA_1.pem
Removing debian:ComSign_Secured_CA.pem
Removing debian:Digital_Signature_Trust_Co._Global_CA_1.pem
Removing debian:Digital_Signature_Trust_Co._Global_CA_3.pem
Removing debian:E-Guven_Kok_Elektronik_Sertifika_Hizmet_Saglayicisi.pem
Removing debian:Entrust.net_Secure_Server_CA.pem
Removing debian:Firmaprofesional_Root_CA.pem
Removing debian:GTE_CyberTrust_Global_Root.pem
Removing debian:RSA_Root_Certificate_1.pem
Removing debian:TC_TrustCenter_Class_2_CA_II.pem
Removing debian:TC_TrustCenter_Universal_CA_I.pem
Removing debian:TDC_Internet_Root_CA.pem
Removing debian:TDC_OCES_Root_CA.pem
Removing debian:TURKTRUST_Certificate_Services_Provider_Root_1.pem
Removing debian:TURKTRUST_Certificate_Services_Provider_Root_2.pem
Removing debian:Thawte_Premium_Server_CA.pem
Removing debian:Thawte_Server_CA.pem
Removing debian:UTN_DATACorp_SGC_Root_CA.pem
Removing debian:ValiCert_Class_1_VA.pem
Removing debian:ValiCert_Class_2_VA.pem
Removing debian:Verisign_Class_4_Public_Primary_Certification_Authority_-_G3.pem
Removing debian:Wells_Fargo_Root_CA.pem
Removing debian:spi-cacert-2008.pem
done.
done.
travis_fold:end:update_libssl1.0.0[0Ktravis_fold:start:git.checkout[0Ktravis_time:start:03efa738[0K$ git clone --depth=50 https://github.com/[secure]/h.git [secure]/h
Cloning into '[secure]/h'...

travis_time:end:03efa738:start=1500887358615739098,finish=1500887359320762652,duration=705023554[0K$ cd [secure]/h
travis_time:start:0f3751bc[0K$ git fetch origin +refs/pull/4604/merge:
From https://github.com/[secure]/h
 * branch            refs/pull/4604/merge -> FETCH_HEAD

travis_time:end:0f3751bc:start=1500887359329342001,finish=1500887359718843587,duration=389501586[0K$ git checkout -qf FETCH_HEAD
travis_fold:end:git.checkout[0Ktravis_fold:start:postgresql[0K[33;1mStarting PostgreSQL v9.4[0m
travis_time:start:270b953c[0K$ sudo service postgresql stop
 * Stopping PostgreSQL 9.1 database server
   ...done.
 * Stopping PostgreSQL 9.2 database server
   ...done.
 * Stopping PostgreSQL 9.3 database server
   ...done.
 * Stopping PostgreSQL 9.4 database server
   ...done.

travis_time:end:270b953c:start=1500887359766640876,finish=1500887361230844093,duration=1464203217[0Ktravis_time:start:014566e8[0K$ sudo service postgresql start 9.4
 * Starting PostgreSQL 9.4 database server
   ...done.

travis_time:end:014566e8:start=1500887361235785685,finish=1500887363450833486,duration=2215047801[0Ktravis_time:start:1bf31090[0K$ sudo -u postgres createuser -s -p 5432 travis &>/dev/null

travis_time:end:1bf31090:start=1500887363455877488,finish=1500887363507061026,duration=51183538[0Ktravis_time:start:0930c902[0K$ sudo -u postgres createdb -O travis -p 5432 travis &>/dev/null

travis_time:end:0930c902:start=1500887363512112716,finish=1500887363772835244,duration=260722528[0Ktravis_time:start:01b304ba[0K$ sudo -u postgres createuser -s -p 5433 travis &>/dev/null

travis_time:end:01b304ba:start=1500887363778749273,finish=1500887363821689553,duration=42940280[0Ktravis_time:start:0b1d077f[0K$ sudo -u postgres createdb -O travis -p 5433 travis &>/dev/null

travis_time:end:0b1d077f:start=1500887363826624726,finish=1500887363869331919,duration=42707193[0Ktravis_fold:end:postgresql[0K
[33;1mSetting environment variables from repository settings[0m
$ export DOCKER_EMAIL=[secure]
$ export DOCKER_USERNAME=[secure]
$ export DOCKER_PASSWORD=[secure]
$ export ARTIFACTS_BUCKET=[secure]-build
$ export SENTRY_ORGANIZATION=[secure]
$ export SENTRY_DSN_PROD=https://934d4f62912b47d8bb03c28ae6670cf8@app.getsentry.com/69811
$ export SENTRY_DSN_STAGE=https://cec276e804f94f83a11d5cf8522aa7e0@app.getsentry.com/69812
$ export SENTRY_PROJECTS=stage-client,prod-client
$ export SENTRY_API_KEY=[secure]
$ export ARTIFACTS_KEY=[secure]
$ export ARTIFACTS_SECRET=[secure]

[33;1mSetting environment variables from .travis.yml[0m
$ export ACTION=tox

travis_time:start:098ddab1[0K$ source ~/virtualenv/python2.7/bin/activate

travis_time:end:098ddab1:start=1500887370460438095,finish=1500887370467349522,duration=6911427[0Ktravis_fold:start:cache.1[0KSetting up build cache
$ export CASHER_DIR=$HOME/.casher
travis_time:start:21ddcaf6[0K$ Installing caching utilities

travis_time:end:21ddcaf6:start=1500887370816742944,finish=1500887370845320011,duration=28577067[0Ktravis_time:start:01418aea[0K
travis_time:end:01418aea:start=1500887370852252782,finish=1500887370860067525,duration=7814743[0Ktravis_time:start:00c2b9f6[0K[32;1mattempting to download cache archive[0m
[32;1mfetching PR.4604/cache-linux-precise-f795e41319a7e2d2565e5ad278da7d4567b241d0a2eff40dd1ed9bcce412b7b6--python-2.7.tgz[0m
[32;1mfound cache[0m

travis_time:end:00c2b9f6:start=1500887370866043938,finish=1500887374323625760,duration=3457581822[0Ktravis_time:start:1f34350a[0K
travis_time:end:1f34350a:start=1500887374328746974,finish=1500887374333022957,duration=4275983[0Ktravis_time:start:19ee23bf[0K[32;1madding /home/travis/build/[secure]/h/node_modules to cache[0m
[32;1mcreating directory /home/travis/build/[secure]/h/node_modules[0m
[32;1madding /home/travis/.cache/pip to cache[0m

travis_time:end:19ee23bf:start=1500887374338512265,finish=1500887377256635761,duration=2918123496[0Ktravis_fold:end:cache.1[0K$ python --version
Python 2.7.9
$ pip --version
pip 6.0.7 from /home/travis/virtualenv/python2.7.9/lib/python2.7/site-packages (python 2.7)
travis_fold:start:install[0Ktravis_time:start:12ce0ce5[0K$ pip install tox
Collecting tox
  Using cached tox-2.7.0-py2.py3-none-any.whl
Collecting virtualenv>=1.11.2 (from tox)
  Using cached virtualenv-15.1.0-py2.py3-none-any.whl
Collecting pluggy<1.0,>=0.3.0 (from tox)
  Using cached pluggy-0.4.0-py2.py3-none-any.whl
Requirement already satisfied (use --upgrade to upgrade): py>=1.4.17 in /home/travis/virtualenv/python2.7.9/lib/python2.7/site-packages (from tox)
Installing collected packages: pluggy, virtualenv, tox



Successfully installed pluggy-0.4.0 tox-2.7.0 virtualenv-15.1.0

travis_time:end:12ce0ce5:start=1500887377708162817,finish=1500887378337972531,duration=629809714[0Ktravis_fold:end:install[0Ktravis_fold:start:before_script[0Ktravis_time:start:230eb3de[0K$ createdb htest

travis_time:end:230eb3de:start=1500887378343981605,finish=1500887378571058542,duration=227076937[0Ktravis_fold:end:before_script[0Ktravis_time:start:100ee718[0K$ tox
py27 create: /home/travis/build/[secure]/h/.tox/py27
py27 installdeps: coverage, mock, pytest, [secure], factory-boy, -rrequirements.txt
py27 installed: alembic==0.8.7,amqp==1.4.9,anyjson==0.3.3,asn1crypto==0.22.0,backports.functools-lru-cache==1.2.1,bcrypt==3.1.3,billiard==3.3.0.23,bleach==2.0.0,celery==3.1.25,certifi==2016.2.28,cffi==1.7.0,Chameleon==2.24,click==6.6,colander==1.3.1,contextlib2==0.5.4,coverage==4.4.1,cryptography==1.8.1,deform==0.9.9,deform-jinja2==0.5,elasticsearch==1.9.0,enum34==1.1.6,factory-boy==2.8.1,Faker==0.7.18,funcsigs==1.0.2,functools32==3.2.3.post2,gevent==1.2.1,greenlet==0.4.10,gunicorn==19.6.0,html5lib==0.999999999,[secure]==3.14.0,idna==2.5,ipaddress==1.0.18,iso8601==0.1.11,itsdangerous==0.24,Jinja2==2.8,jsonpointer==1.0,jsonschema==2.5.1,kombu==3.0.37,Mako==1.0.4,MarkupSafe==0.23,mistune==0.7.3,mock==2.0.0,newrelic==2.68.0.50,oauthlib==2.0.2,packaging==16.8,passlib==1.7.1,PasteDeploy==1.5.2,pbr==3.1.1,peppercorn==0.5,psycogreen==1.0,psycopg2==2.6.2,py==1.4.34,pycparser==2.14,PyJWT==1.4.1,pyparsing==2.1.10,pyramid==1.7.3,pyramid-authsanity==1.0.0,pyramid-jinja2==2.6.2,pyramid-layout==1.0,pyramid-mailer==0.15.1,pyramid-services==0.4,pyramid-tm==1.1.1,pytest==3.1.3,python-dateutil==2.5.3,python-editor==1.0.1,python-slugify==1.1.4,pytz==2016.6.1,raven==6.0.0,repoze.lru==0.6,repoze.sendmail==4.3,requests==2.13.0,requests-aws4auth==0.9,six==1.10.0,SQLAlchemy==1.1.4,statsd==3.2.1,transaction==2.1.2,translationstring==1.3,Unidecode==0.4.19,urllib3==1.16,venusian==1.0,webencodings==0.5.1,WebOb==1.6.1,ws4py==0.4.2,wsaccel==0.6.2,zope.deprecation==4.1.2,zope.interface==4.3.2,zope.sqlalchemy==0.7.7
py27 runtests: PYTHONHASHSEED='3788001441'
py27 runtests: commands[0] | coverage run --parallel --source h,tests/h -m pytest tests/h/
============================= test session starts ==============================
platform linux2 -- Python 2.7.9, pytest-3.1.3, py-1.4.34, pluggy-0.4.0
rootdir: /home/travis/build/[secure]/h, inifile: tox.ini
plugins: [secure]-3.14.0
collected 2555 items

tests/h/assets_test.py .....
tests/h/celery_test.py ........
tests/h/config_test.py ..
tests/h/eventqueue_test.py ........
tests/h/events_test.py ..
tests/h/exceptions_test.py .....
tests/h/form_test.py .....................
tests/h/jinja_extension_test.py .........
tests/h/links_test.py ....................
tests/h/paginator_test.py .................................
tests/h/realtime_test.py ...................
tests/h/resources_test.py .........................
tests/h/routes_test.py .
tests/h/security_test.py ........
tests/h/sentry_test.py ...
tests/h/session_test.py ...............................
tests/h/settings_test.py ...........
tests/h/storage_test.py ...................................
tests/h/subscribers_test.py .........
tests/h/tweens_test.py ....
tests/h/viewderivers_test.py .....
tests/h/viewpredicates_test.py ...
tests/h/accounts/__init___test.py ...
tests/h/accounts/schemas_test.py .................................................
tests/h/accounts/util_test.py .........
tests/h/activity/bucketing_test.py ............................
tests/h/activity/query_test.py ...........................................
tests/h/auth/policy_test.py .............................................
tests/h/auth/tokens_test.py ....................
tests/h/auth/util_test.py ......................
tests/h/cli/commands/authclient_test.py ....
tests/h/cli/commands/groups_test.py .
tests/h/cli/commands/init_test.py ...
tests/h/cli/commands/normalize_uris_test.py .........
tests/h/cli/commands/search_test.py ....
tests/h/cli/commands/shell_test.py ...........
tests/h/cli/commands/user_test.py .................
tests/h/db/types_test.py ..........................
tests/h/emails/flag_notification_test.py ..
tests/h/emails/reply_notification_test.py .........
tests/h/emails/reset_password_test.py ....
tests/h/emails/signup_test.py ...
tests/h/emails/test_test.py ...
tests/h/feeds/atom_test.py ...............
tests/h/feeds/render_test.py ..
tests/h/feeds/rss_test.py .............
tests/h/feeds/util_test.py .
tests/h/formatters/annotation_flag_test.py .....
tests/h/formatters/annotation_hidden_test.py ..........
tests/h/formatters/annotation_moderation_test.py .......
tests/h/groups/__init___test.py .
tests/h/groups/schemas_test.py ...............
tests/h/groups/search_test.py ..
tests/h/indexer/reindexer_test.py ...........
tests/h/indexer/subscribers_test.py ...
tests/h/models/activation_test.py .
tests/h/models/annotation_test.py ....................
tests/h/models/auth_client_test.py .
tests/h/models/blocklist_test.py ..
tests/h/models/document_test.py .................................................
tests/h/models/feature_test.py ....
tests/h/models/groups_test.py ............................
tests/h/models/token_test.py .....
tests/h/models/user_test.py .....................
tests/h/nipsa/search_test.py .......
tests/h/nipsa/subscribers_test.py .....
tests/h/notification/reply_test.py ..........
tests/h/oauth/errors_test.py ....
tests/h/oauth/jwt_grant_test.py ...............
tests/h/oauth/jwt_grant_token_test.py ...F........FFFFFF.......FF
tests/h/panels/back_link_test.py .......
tests/h/panels/navbar_test.py ..........
tests/h/presenters/annotation_base_test.py ..............
tests/h/presenters/annotation_html_test.py .............
tests/h/presenters/annotation_json_test.py ...............
tests/h/presenters/annotation_jsonld_test.py .........
tests/h/presenters/annotation_searchindex_test.py ..
tests/h/presenters/document_html_test.py ..........................................
tests/h/presenters/document_json_test.py ...
tests/h/presenters/document_searchindex_test.py ........
tests/h/schemas/annotation_test.py ...........................................................................................................................................
tests/h/schemas/base_test.py .......
tests/h/search/client_test.py ...............
tests/h/search/config_test.py ................
tests/h/search/core_test.py ...........................
tests/h/search/index_test.py .................
tests/h/search/parser_test.py ....................................................................
tests/h/search/query_test.py .............................................................
tests/h/services/annotation_json_presentation_test.py .......................
tests/h/services/annotation_moderation_test.py ............
tests/h/services/annotation_stats_test.py ...........
tests/h/services/auth_ticket_test.py .......................
tests/h/services/auth_token_test.py ............
tests/h/services/authority_group_test.py .....
tests/h/services/developer_token_test.py .......
tests/h/services/feature_test.py ...................
tests/h/services/flag_count_test.py ......
tests/h/services/flag_test.py .........
tests/h/services/group_test.py ....................................
tests/h/services/groupfinder_test.py ......
tests/h/services/links_test.py ...........
tests/h/services/nipsa_test.py .........
tests/h/services/oauth_test.py ....................................................
tests/h/services/oauth_validator_test.py ...................................................
tests/h/services/rename_user_test.py ..........
tests/h/services/settings_test.py ........
tests/h/services/user_password_test.py ...........
tests/h/services/user_signup_test.py ..................
tests/h/services/user_test.py ..............
tests/h/streamer/messages_test.py ...........................
tests/h/streamer/streamer_test.py ........
tests/h/streamer/views_test.py ...
tests/h/streamer/websocket_test.py .................................
tests/h/tasks/admin_test.py ...
tests/h/tasks/cleanup_test.py ....................
tests/h/tasks/indexer_test.py ..........
tests/h/tasks/mailer_test.py ....
tests/h/util/cors_test.py .....................
tests/h/util/datetime_test.py ..
tests/h/util/db_test.py ....
tests/h/util/document_claims_test.py ................................................
tests/h/util/markdown_test.py ...................................
tests/h/util/query_test.py ...........
tests/h/util/redirects_test.py ..............
tests/h/util/uri_test.py ................................................................................................................................................................................................
tests/h/util/user_test.py ..
tests/h/util/view_test.py ............
tests/h/views/accounts_test.py ......................................................................
tests/h/views/activity_test.py ........................................................................................
tests/h/views/admin_admins_test.py .............
tests/h/views/admin_badge_test.py .........
tests/h/views/admin_features_test.py ..............
tests/h/views/admin_index_test.py .
tests/h/views/admin_mailer_test.py ......
tests/h/views/admin_nipsa_test.py .............
tests/h/views/admin_staff_test.py ............
tests/h/views/admin_users_test.py ......................
tests/h/views/api_auth_test.py ............................
tests/h/views/api_exceptions_test.py ....
tests/h/views/api_flags_test.py .....
tests/h/views/api_moderation_test.py ..........
tests/h/views/api_profile_test.py ......
tests/h/views/api_test.py .............................................
tests/h/views/api_users_test.py .............
tests/h/views/badge_test.py ...
tests/h/views/client_test.py .......
tests/h/views/exceptions_test.py ..
tests/h/views/feeds_test.py ....
tests/h/views/groups_test.py ...............
tests/h/views/help_test.py ...
tests/h/views/home_test.py ...
tests/h/views/main_test.py ...........
tests/h/views/notification_test.py .....
tests/h/views/status_test.py ..

=================================== FAILURES ===================================
__________ TestJWTGrantToken.test_issuer_raises_for_missing_iss_claim __________

self = <jwt_grant_token_test.TestJWTGrantToken object at 0x7efee3ad9b90>

    def test_issuer_raises_for_missing_iss_claim(self):
        jwttok = jwt_token({'foo': 'bar'})
        grant_token = JWTGrantToken(jwttok)
    
        with pytest.raises(MissingJWTGrantTokenClaimError) as exc:
            grant_token.issuer
    
>       assert exc.value.description == 'Missing grant token issuer (iss).'
E       AssertionError: assert 'Missing clai... grant token.' == 'Missing grant...issuer (iss).'
E         - Missing claim 'iss' (issuer) from grant token.
E         + Missing grant token issuer (iss).

tests/h/oauth/jwt_grant_token_test.py:51: AssertionError
_ TestVerifiedJWTGrantToken.test_init_raises_for_missing_claims[aud-audience] __

self = <jwt_grant_token_test.TestVerifiedJWTGrantToken object at 0x7efee267f490>
claims = {'exp': 1500887757, 'iss': 'test-issuer', 'nbf': 1500887457, 'sub': 'test-subject'}
claim = 'aud', description = 'audience'

    @pytest.mark.parametrize('claim,description', [
        ['aud', 'audience'],
        ['exp', 'expiry'],
        ['nbf', 'start time'],
    ])
    def test_init_raises_for_missing_claims(self, claims, claim, description):
        del claims[claim]
        jwttok = jwt_token(claims)
    
        with pytest.raises(InvalidGrantError) as exc:
            VerifiedJWTGrantToken(jwttok, 'top-secret', 'test-audience')
    
>       assert exc.value.description == 'Missing grant token {} ({}).'.format(description, claim)
E       AssertionError: assert 'Missing clai... grant token.' == 'Missing grant...dience (aud).'
E         - Missing claim 'aud' (audience) from grant token.
E         + Missing grant token audience (aud).

tests/h/oauth/jwt_grant_token_test.py:128: AssertionError
__ TestVerifiedJWTGrantToken.test_init_raises_for_missing_claims[exp-expiry] ___

self = <jwt_grant_token_test.TestVerifiedJWTGrantToken object at 0x7efee4912e10>
claims = {'aud': 'test-audience', 'iss': 'test-issuer', 'nbf': 1500887457, 'sub': 'test-subject'}
claim = 'exp', description = 'expiry'

    @pytest.mark.parametrize('claim,description', [
        ['aud', 'audience'],
        ['exp', 'expiry'],
        ['nbf', 'start time'],
    ])
    def test_init_raises_for_missing_claims(self, claims, claim, description):
        del claims[claim]
        jwttok = jwt_token(claims)
    
        with pytest.raises(InvalidGrantError) as exc:
            VerifiedJWTGrantToken(jwttok, 'top-secret', 'test-audience')
    
>       assert exc.value.description == 'Missing grant token {} ({}).'.format(description, claim)
E       AssertionError: assert 'Missing clai... grant token.' == 'Missing grant...expiry (exp).'
E         - Missing claim 'exp' (expiry) from grant token.
E         + Missing grant token expiry (exp).

tests/h/oauth/jwt_grant_token_test.py:128: AssertionError
 TestVerifiedJWTGrantToken.test_init_raises_for_missing_claims[nbf-start time] _

self = <jwt_grant_token_test.TestVerifiedJWTGrantToken object at 0x7efee3f94f50>
claims = {'aud': 'test-audience', 'exp': 1500887757, 'iss': 'test-issuer', 'sub': 'test-subject'}
claim = 'nbf', description = 'start time'

    @pytest.mark.parametrize('claim,description', [
        ['aud', 'audience'],
        ['exp', 'expiry'],
        ['nbf', 'start time'],
    ])
    def test_init_raises_for_missing_claims(self, claims, claim, description):
        del claims[claim]
        jwttok = jwt_token(claims)
    
        with pytest.raises(InvalidGrantError) as exc:
            VerifiedJWTGrantToken(jwttok, 'top-secret', 'test-audience')
    
>       assert exc.value.description == 'Missing grant token {} ({}).'.format(description, claim)
E       AssertionError: assert 'Missing clai... grant token.' == 'Missing grant...t time (nbf).'
E         - Missing claim 'nbf' (start time) from grant token.
E         + Missing grant token start time (nbf).

tests/h/oauth/jwt_grant_token_test.py:128: AssertionError
__________ TestVerifiedJWTGrantToken.test_init_raises_for_invalid_aud __________

self = <jwt_grant_token_test.TestVerifiedJWTGrantToken object at 0x7efee3f94dd0>
claims = {'aud': 'different-audience', 'exp': 1500887757, 'iss': 'test-issuer', 'nbf': 1500887457, ...}

    def test_init_raises_for_invalid_aud(self, claims):
        claims['aud'] = 'different-audience'
        jwttok = jwt_token(claims)
    
        with pytest.raises(InvalidJWTGrantTokenClaimError) as exc:
            VerifiedJWTGrantToken(jwttok, 'top-secret', 'test-audience')
    
>       assert exc.value.description == 'Invalid grant token audience (aud).'
E       AssertionError: assert 'Invalid clai... grant token.' == 'Invalid grant...dience (aud).'
E         - Invalid claim 'aud' (audience) in grant token.
E         + Invalid grant token audience (aud).

tests/h/oauth/jwt_grant_token_test.py:137: AssertionError
 TestVerifiedJWTGrantToken.test_init_raises_for_invalid_timestamp_types[exp-expiry] 

self = <jwt_grant_token_test.TestVerifiedJWTGrantToken object at 0x7efee4351b90>
claims = {'aud': 'test-audience', 'exp': 'wut', 'iss': 'test-issuer', 'nbf': 1500887457, ...}
claim = 'exp', description = 'expiry'

    @pytest.mark.parametrize('claim,description', [
        ['exp', 'expiry'],
        ['nbf', 'start time'],
    ])
    def test_init_raises_for_invalid_timestamp_types(self, claims, claim, description):
        claims[claim] = 'wut'
        jwttok = jwt_token(claims)
    
        with pytest.raises(InvalidJWTGrantTokenClaimError) as exc:
            VerifiedJWTGrantToken(jwttok, 'top-secret', 'test-audience')
    
>       assert exc.value.description == 'Invalid grant token {} ({}).'.format(description, claim)
E       AssertionError: assert 'Invalid clai... grant token.' == 'Invalid grant...expiry (exp).'
E         - Invalid claim 'exp' (expiry) in grant token.
E         + Invalid grant token expiry (exp).

tests/h/oauth/jwt_grant_token_test.py:150: AssertionError
 TestVerifiedJWTGrantToken.test_init_raises_for_invalid_timestamp_types[nbf-start time] 

self = <jwt_grant_token_test.TestVerifiedJWTGrantToken object at 0x7efee40f97d0>
claims = {'aud': 'test-audience', 'exp': 1500887757, 'iss': 'test-issuer', 'nbf': 'wut', ...}
claim = 'nbf', description = 'start time'

    @pytest.mark.parametrize('claim,description', [
        ['exp', 'expiry'],
        ['nbf', 'start time'],
    ])
    def test_init_raises_for_invalid_timestamp_types(self, claims, claim, description):
        claims[claim] = 'wut'
        jwttok = jwt_token(claims)
    
        with pytest.raises(InvalidJWTGrantTokenClaimError) as exc:
            VerifiedJWTGrantToken(jwttok, 'top-secret', 'test-audience')
    
>       assert exc.value.description == 'Invalid grant token {} ({}).'.format(description, claim)
E       AssertionError: assert 'Invalid clai... grant token.' == 'Invalid grant...t time (nbf).'
E         - Invalid claim 'nbf' (start time) in grant token.
E         + Invalid grant token start time (nbf).

tests/h/oauth/jwt_grant_token_test.py:150: AssertionError
_____ TestVerifiedJWTGrantToken.test_subject_raises_for_missing_sub_claim ______

self = <jwt_grant_token_test.TestVerifiedJWTGrantToken object at 0x7efee3a27ed0>
claims = {'aud': 'test-audience', 'exp': 1500887757, 'iss': 'test-issuer', 'nbf': 1500887457}

    def test_subject_raises_for_missing_sub_claim(self, claims):
        del claims['sub']
        jwttok = jwt_token(claims)
    
        grant_token = VerifiedJWTGrantToken(jwttok, 'top-secret', 'test-audience')
        with pytest.raises(InvalidGrantError) as exc:
            grant_token.subject
    
>       assert exc.value.description == 'Missing grant token subject (sub).'
E       AssertionError: assert 'Missing clai... grant token.' == 'Missing grant...ubject (sub).'
E         - Missing claim 'sub' (subject) from grant token.
E         + Missing grant token subject (sub).

tests/h/oauth/jwt_grant_token_test.py:222: AssertionError
______ TestVerifiedJWTGrantToken.test_subject_raises_for_empty_sub_claim _______

self = <jwt_grant_token_test.TestVerifiedJWTGrantToken object at 0x7efee4351d50>
claims = {'aud': 'test-audience', 'exp': 1500887757, 'iss': 'test-issuer', 'nbf': 1500887457, ...}

    def test_subject_raises_for_empty_sub_claim(self, claims):
        claims['sub'] = ''
        jwttok = jwt_token(claims)
    
        grant_token = VerifiedJWTGrantToken(jwttok, 'top-secret', 'test-audience')
        with pytest.raises(InvalidGrantError) as exc:
            grant_token.subject
    
>       assert exc.value.description == 'Missing grant token subject (sub).'
E       AssertionError: assert 'Missing clai... grant token.' == 'Missing grant...ubject (sub).'
E         - Missing claim 'sub' (subject) from grant token.
E         + Missing grant token subject (sub).

tests/h/oauth/jwt_grant_token_test.py:232: AssertionError
==================== 9 failed, 2546 passed in 87.72 seconds ====================
ERROR: InvocationError: '/home/travis/build/[secure]/h/.tox/py27/bin/coverage run --parallel --source h,tests/h -m pytest tests/h/'
___________________________________ summary ____________________________________
ERROR:   py27: commands failed

travis_time:end:100ee718:start=1500887378576590014,finish=1500887499245669074,duration=120669079060[0K
[31;1mThe command "tox" exited with 1.[0m
travis_fold:start:before_cache[0Ktravis_time:start:066a2e46[0K$ rm -f $HOME/.cache/pip/log/debug.log

travis_time:end:066a2e46:start=1500887499252146636,finish=1500887499258685929,duration=6539293[0Ktravis_fold:end:before_cache[0Ktravis_fold:start:cache.2[0Kstore build cache
travis_time:start:178add46[0K
travis_time:end:178add46:start=1500887499265151484,finish=1500887499269997532,duration=4846048[0Ktravis_time:start:02d2ab93[0K[32;1mchange detected (content changed, file is created, or file is deleted):
/home/travis/.cache/pip/http/0/4/6/f/2/046f263a04464ad173f2b55b53089d6611b281fd92901c6030b4cd93
/home/travis/.cache/pip/http/0/4/c/4/e/04c4e8b7f5ac987f940613e2b4f2c7ea9c73ea03c6f670f50b7af14e
/home/travis/.cache/pip/http/0/5/1/d/d/051ddbcfada687fb27df4b43966167a67f6706da37bcbb89d2838836
/home/travis/.cache/pip/http/0/8/3/b/6/083b6a2226baba69fd6f620abdfd14c40450979d40f1a0343341e5a2
/home/travis/.cache/pip/http/0/a/8/f/a/0a8faabd212d81beff3ad0e11f3e4746188c0ad05c9190218de2e48a
/home/travis/.cache/pip/http/0/a/9/c/a/0a9ca5822b2908d4534753449ed8c56b84a82247bd21d26c121b8cd1
/home/travis/.cache/pip/http/1/0/2/d/9/102d9c94cb89db710e6029edf47c1d7585244150d5aff52a977a6db4
/home/travis/.cache/pip/http/1/8/7/a/3/187a3ef02735ab931441a710b759ee111ab8034669939748fddffdca
/home/travis/.cache/pip/http/2/0/c/7/f/20c7f7a8121615128bcf8023e73f5d020636794dad322a5f712cd1c7
/home/travis/.cache/pip/http/2/2/a/9/3/22a939538b343d58794a9edf5c8fa1afe5a265054829a751019fb052
/home/travis/.cache/pip/http/2/4/6/9/d/24
[0m
[32;1m...
[0m
[32;1mchanges detected, packing new archive[0m
.
[32;1muploading archive[0m

travis_time:end:02d2ab93:start=1500887499276062626,finish=1500887512717329883,duration=13441267257[0Ktravis_fold:end:cache.2[0K
Done. Your build exited with 1.
