travis_fold:start:worker_info[0K[33;1mWorker information[0m
hostname: 16532681-5a4d-42b5-8461-0db8dd14b87f@1.i-0e0039d-production-2-worker-org-ec2.travisci.net
version: v3.4.0 https://github.com/travis-ci/worker/tree/ce0440bc30c289a49a9b0c21e4e1e6f7d7825101
instance: 5212989 travisci/ci-garnet:packer-1512502276-986baf0 (via amqp)
startup: 524.847271ms
travis_fold:end:worker_info[0Kmode of â€˜/usr/local/clang-5.0.0/binâ€™ changed from 0777 (rwxrwxrwx) to 0775 (rwxrwxr-x)
travis_fold:start:system_info[0K[33;1mBuild system information[0m
Build language: python
Build group: stable
Build dist: trusty
Build id: 334185440
Job id: 334185447
Runtime kernel version: 4.14.12-041412-generic
travis-build version: cf6d29c9c
[34m[1mBuild image provisioning date and time[0m
Tue Dec  5 20:11:19 UTC 2017
[34m[1mOperating System Details[0m
Distributor ID:	Ubuntu
Description:	Ubuntu 14.04.5 LTS
Release:	14.04
Codename:	trusty
[34m[1mCookbooks Version[0m
7c2c6a6 https://github.com/travis-ci/travis-cookbooks/tree/7c2c6a6
[34m[1mgit version[0m
git version 2.15.1
[34m[1mbash version[0m
GNU bash, version 4.3.11(1)-release (x86_64-pc-linux-gnu)
[34m[1mgcc version[0m
gcc (Ubuntu 4.8.4-2ubuntu1~14.04.3) 4.8.4
Copyright (C) 2013 Free Software Foundation, Inc.
This is free software; see the source for copying conditions.  There is NO
warranty; not even for MERCHANTABILITY or FITNESS FOR A PARTICULAR PURPOSE.

[34m[1mdocker version[0m
Client:
 Version:      17.09.0-ce
 API version:  1.32
 Go version:   go1.8.3
 Git commit:   afdb6d4
 Built:        Tue Sep 26 22:39:28 2017
 OS/Arch:      linux/amd64
[34m[1mclang version[0m
clang version 5.0.0 (tags/RELEASE_500/final)
Target: x86_64-unknown-linux-gnu
Thread model: posix
InstalledDir: /usr/local/clang-5.0.0/bin
[34m[1mjq version[0m
jq-1.5
[34m[1mbats version[0m
Bats 0.4.0
[34m[1mshellcheck version[0m
0.4.6
[34m[1mshfmt version[0m
v2.0.0
[34m[1mccache version[0m
ccache version 3.1.9

Copyright (C) 2002-2007 Andrew Tridgell
Copyright (C) 2009-2011 Joel Rosdahl

This program is free software; you can redistribute it and/or modify it under
the terms of the GNU General Public License as published by the Free Software
Foundation; either version 3 of the License, or (at your option) any later
version.
[34m[1mcmake version[0m
cmake version 3.9.2

CMake suite maintained and supported by Kitware (kitware.com/cmake).
[34m[1mheroku version[0m
heroku-cli/6.14.39-addc925 (linux-x64) node-v9.2.0
[34m[1mimagemagick version[0m
Version: ImageMagick 6.7.7-10 2017-07-31 Q16 http://www.imagemagick.org
[34m[1mmd5deep version[0m
4.2
[34m[1mmercurial version[0m
Mercurial Distributed SCM (version 4.2.2)
(see https://mercurial-scm.org for more information)

Copyright (C) 2005-2017 Matt Mackall and others
This is free software; see the source for copying conditions. There is NO
warranty; not even for MERCHANTABILITY or FITNESS FOR A PARTICULAR PURPOSE.
[34m[1mmysql version[0m
mysql  Ver 14.14 Distrib 5.6.33, for debian-linux-gnu (x86_64) using  EditLine wrapper
[34m[1mopenssl version[0m
OpenSSL 1.0.1f 6 Jan 2014
[34m[1mpacker version[0m
Packer v1.0.2

Your version of Packer is out of date! The latest version
is 1.1.2. You can update by downloading from www.packer.io
[34m[1mpostgresql client version[0m
psql (PostgreSQL) 9.6.6
[34m[1mragel version[0m
Ragel State Machine Compiler version 6.8 Feb 2013
Copyright (c) 2001-2009 by Adrian Thurston
[34m[1msubversion version[0m
svn, version 1.8.8 (r1568071)
   compiled Aug 10 2017, 17:20:39 on x86_64-pc-linux-gnu

Copyright (C) 2013 The Apache Software Foundation.
This software consists of contributions made by many people;
see the NOTICE file for more information.
Subversion is open source software, see http://subversion.apache.org/

The following repository access (RA) modules are available:

* ra_svn : Module for accessing a repository using the svn network protocol.
  - with Cyrus SASL authentication
  - handles 'svn' scheme
* ra_local : Module for accessing a repository on local disk.
  - handles 'file' scheme
* ra_serf : Module for accessing a repository via WebDAV protocol using serf.
  - using serf 1.3.3
  - handles 'http' scheme
  - handles 'https' scheme

[34m[1msudo version[0m
Sudo version 1.8.9p5
Configure options: --prefix=/usr -v --with-all-insults --with-pam --with-fqdn --with-logging=syslog --with-logfac=authpriv --with-env-editor --with-editor=/usr/bin/editor --with-timeout=15 --with-password-timeout=0 --with-passprompt=[sudo] password for %p:  --without-lecture --with-tty-tickets --disable-root-mailer --enable-admin-flag --with-sendmail=/usr/sbin/sendmail --with-timedir=/var/lib/sudo --mandir=/usr/share/man --libexecdir=/usr/lib/sudo --with-sssd --with-sssd-lib=/usr/lib/x86_64-linux-gnu --with-selinux
Sudoers policy plugin version 1.8.9p5
Sudoers file grammar version 43

Sudoers path: /etc/sudoers
Authentication methods: 'pam'
Syslog facility if syslog is being used for logging: authpriv
Syslog priority to use when user authenticates successfully: notice
Syslog priority to use when user authenticates unsuccessfully: alert
Send mail if the user is not in sudoers
Use a separate timestamp for each user/tty combo
Lecture user the first time they run sudo
Root may run sudo
Allow some information gathering to give useful error messages
Require fully-qualified hostnames in the sudoers file
Visudo will honor the EDITOR environment variable
Set the LOGNAME and USER environment variables
Length at which to wrap log file lines (0 for no wrap): 80
Authentication timestamp timeout: 15.0 minutes
Password prompt timeout: 0.0 minutes
Number of tries to enter a password: 3
Umask to use or 0777 to use user's: 022
Path to mail program: /usr/sbin/sendmail
Flags for mail program: -t
Address to send mail to: root
Subject line for mail messages: *** SECURITY information for %h ***
Incorrect password message: Sorry, try again.
Path to authentication timestamp dir: /var/lib/sudo
Default password prompt: [sudo] password for %p: 
Default user to run commands as: root
Value to override user's $PATH with: /usr/local/sbin:/usr/local/bin:/usr/sbin:/usr/bin:/sbin:/bin:/snap/bin
Path to the editor for use by visudo: /usr/bin/editor
When to require a password for 'list' pseudocommand: any
When to require a password for 'verify' pseudocommand: all
File descriptors >= 3 will be closed before executing a command
Environment variables to check for sanity:
	TZ
	TERM
	LINGUAS
	LC_*
	LANGUAGE
	LANG
	COLORTERM
Environment variables to remove:
	RUBYOPT
	RUBYLIB
	PYTHONUSERBASE
	PYTHONINSPECT
	PYTHONPATH
	PYTHONHOME
	TMPPREFIX
	ZDOTDIR
	READNULLCMD
	NULLCMD
	FPATH
	PERL5DB
	PERL5OPT
	PERL5LIB
	PERLLIB
	PERLIO_DEBUG 
	JAVA_TOOL_OPTIONS
	SHELLOPTS
	GLOBIGNORE
	PS4
	BASH_ENV
	ENV
	TERMCAP
	TERMPATH
	TERMINFO_DIRS
	TERMINFO
	_RLD*
	LD_*
	PATH_LOCALE
	NLSPATH
	HOSTALIASES
	RES_OPTIONS
	LOCALDOMAIN
	CDPATH
	IFS
Environment variables to preserve:
	JAVA_HOME
	TRAVIS
	CI
	DEBIAN_FRONTEND
	XAUTHORIZATION
	XAUTHORITY
	PS2
	PS1
	PATH
	LS_COLORS
	KRB5CCNAME
	HOSTNAME
	HOME
	DISPLAY
	COLORS
Locale to use while parsing sudoers: C
Directory in which to store input/output logs: /var/log/sudo-io
File in which to store the input/output log: %{seq}
Add an entry to the utmp/utmpx file when allocating a pty
PAM service name to use
PAM service name to use for login shells
Create a new PAM session for the command to run in
Maximum I/O log sequence number: 0

Local IP address and netmask pairs:
	172.17.0.2/255.255.0.0

Sudoers I/O plugin version 1.8.9p5
[34m[1mgzip version[0m
gzip 1.6
Copyright (C) 2007, 2010, 2011 Free Software Foundation, Inc.
Copyright (C) 1993 Jean-loup Gailly.
This is free software.  You may redistribute copies of it under the terms of
the GNU General Public License <http://www.gnu.org/licenses/gpl.html>.
There is NO WARRANTY, to the extent permitted by law.

Written by Jean-loup Gailly.
[34m[1mzip version[0m
Copyright (c) 1990-2008 Info-ZIP - Type 'zip "-L"' for software license.
This is Zip 3.0 (July 5th 2008), by Info-ZIP.
Currently maintained by E. Gordon.  Please send bug reports to
the authors using the web page at www.info-zip.org; see README for details.

Latest sources and executables are at ftp://ftp.info-zip.org/pub/infozip,
as of above date; see http://www.info-zip.org/ for other sites.

Compiled with gcc 4.8.2 for Unix (Linux ELF) on Oct 21 2013.

Zip special compilation options:
	USE_EF_UT_TIME       (store Universal Time)
	BZIP2_SUPPORT        (bzip2 library version 1.0.6, 6-Sept-2010)
	    bzip2 code and library copyright (c) Julian R Seward
	    (See the bzip2 license for terms of use)
	SYMLINK_SUPPORT      (symbolic links supported)
	LARGE_FILE_SUPPORT   (can read and write large files on file system)
	ZIP64_SUPPORT        (use Zip64 to store large files in archives)
	UNICODE_SUPPORT      (store and read UTF-8 Unicode paths)
	STORE_UNIX_UIDs_GIDs (store UID/GID sizes/values using new extra field)
	UIDGID_NOT_16BIT     (old Unix 16-bit UID/GID extra field not used)
	[encryption, version 2.91 of 05 Jan 2007] (modified for Zip 3)

Encryption notice:
	The encryption code of this program is not copyrighted and is
	put in the public domain.  It was originally written in Europe
	and, to the best of our knowledge, can be freely distributed
	in both source and object forms from any country, including
	the USA under License Exception TSU of the U.S. Export
	Administration Regulations (section 740.13(e)) of 6 June 2002.

Zip environment options:
             ZIP:  [none]
          ZIPOPT:  [none]
[34m[1mvim version[0m
VIM - Vi IMproved 7.4 (2013 Aug 10, compiled Nov 24 2016 16:43:18)
Included patches: 1-52
Extra patches: 8.0.0056
Modified by pkg-vim-maintainers@lists.alioth.debian.org
Compiled by buildd@
Huge version without GUI.  Features included (+) or not (-):
+acl             +farsi           +mouse_netterm   +syntax
+arabic          +file_in_path    +mouse_sgr       +tag_binary
+autocmd         +find_in_path    -mouse_sysmouse  +tag_old_static
-balloon_eval    +float           +mouse_urxvt     -tag_any_white
-browse          +folding         +mouse_xterm     -tcl
++builtin_terms  -footer          +multi_byte      +terminfo
+byte_offset     +fork()          +multi_lang      +termresponse
+cindent         +gettext         -mzscheme        +textobjects
-clientserver    -hangul_input    +netbeans_intg   +title
-clipboard       +iconv           +path_extra      -toolbar
+cmdline_compl   +insert_expand   -perl            +user_commands
+cmdline_hist    +jumplist        +persistent_undo +vertsplit
+cmdline_info    +keymap          +postscript      +virtualedit
+comments        +langmap         +printer         +visual
+conceal         +libcall         +profile         +visualextra
+cryptv          +linebreak       +python          +viminfo
+cscope          +lispindent      -python3         +vreplace
+cursorbind      +listcmds        +quickfix        +wildignore
+cursorshape     +localmap        +reltime         +wildmenu
+dialog_con      -lua             +rightleft       +windows
+diff            +menu            -ruby            +writebackup
+digraphs        +mksession       +scrollbind      -X11
-dnd             +modify_fname    +signs           -xfontset
-ebcdic          +mouse           +smartindent     -xim
+emacs_tags      -mouseshape      -sniff           -xsmp
+eval            +mouse_dec       +startuptime     -xterm_clipboard
+ex_extra        +mouse_gpm       +statusline      -xterm_save
+extra_search    -mouse_jsbterm   -sun_workshop    -xpm
   system vimrc file: "$VIM/vimrc"
     user vimrc file: "$HOME/.vimrc"
 2nd user vimrc file: "~/.vim/vimrc"
      user exrc file: "$HOME/.exrc"
  fall-back for $VIM: "/usr/share/vim"
Compilation: gcc -c -I. -Iproto -DHAVE_CONFIG_H     -g -O2 -fstack-protector --param=ssp-buffer-size=4 -Wformat -Werror=format-security -U_FORTIFY_SOURCE -D_FORTIFY_SOURCE=1      
Linking: gcc   -Wl,-Bsymbolic-functions -Wl,-z,relro -Wl,--as-needed -o vim        -lm -ltinfo -lnsl  -lselinux  -lacl -lattr -lgpm -ldl    -L/usr/lib/python2.7/config-x86_64-linux-gnu -lpython2.7 -lpthread -ldl -lutil -lm -Xlinker -export-dynamic -Wl,-O1 -Wl,-Bsymbolic-functions      
[34m[1miptables version[0m
iptables v1.4.21
[34m[1mcurl version[0m
curl 7.35.0 (x86_64-pc-linux-gnu) libcurl/7.35.0 OpenSSL/1.0.1f zlib/1.2.8 libidn/1.28 librtmp/2.3
[34m[1mwget version[0m
GNU Wget 1.15 built on linux-gnu.
[34m[1mrsync version[0m
rsync  version 3.1.0  protocol version 31
[34m[1mgimme version[0m
v1.2.0
[34m[1mnvm version[0m
0.33.6
[34m[1mperlbrew version[0m
/home/travis/perl5/perlbrew/bin/perlbrew  - App::perlbrew/0.80
[34m[1mphpenv version[0m
rbenv 1.1.1-25-g6aa70b6
[34m[1mrvm version[0m
rvm 1.29.3 (latest) by Michal Papis, Piotr Kuczynski, Wayne E. Seguin [https://rvm.io]
[34m[1mdefault ruby version[0m
ruby 2.4.1p111 (2017-03-22 revision 58053) [x86_64-linux]
[34m[1mCouchDB version[0m
couchdb 1.6.1
[34m[1mElasticSearch version[0m
5.5.0
[34m[1mInstalled Firefox version[0m
firefox 56.0.2
[34m[1mMongoDB version[0m
MongoDB 3.4.10
[34m[1mPhantomJS version[0m
2.1.1
[34m[1mPre-installed PostgreSQL versions[0m
9.2.24
9.3.20
9.4.15
9.5.10
9.6.6
[34m[1mRabbitMQ Version[0m
3.6.14
[34m[1mRedis version[0m
redis-server 4.0.6
[34m[1mriak version[0m
2.2.3
[34m[1mPre-installed Go versions[0m
1.7.4
[34m[1mant version[0m
Apache Ant(TM) version 1.9.3 compiled on April 8 2014
[34m[1mmvn version[0m
Apache Maven 3.5.2 (138edd61fd100ec658bfa2d307c43b76940a5d7d; 2017-10-18T07:58:13Z)
Maven home: /usr/local/maven-3.5.2
Java version: 1.8.0_151, vendor: Oracle Corporation
Java home: /usr/lib/jvm/java-8-oracle/jre
Default locale: en_US, platform encoding: UTF-8
OS name: "linux", version: "4.4.0-101-generic", arch: "amd64", family: "unix"
[34m[1mgradle version[0m

------------------------------------------------------------
Gradle 4.0.1
------------------------------------------------------------

Build time:   2017-07-07 14:02:41 UTC
Revision:     38e5dc0f772daecca1d2681885d3d85414eb6826

Groovy:       2.4.11
Ant:          Apache Ant(TM) version 1.9.6 compiled on June 29 2015
JVM:          1.8.0_151 (Oracle Corporation 25.151-b12)
OS:           Linux 4.4.0-101-generic amd64

[34m[1mlein version[0m
Leiningen 2.8.1 on Java 1.8.0_151 Java HotSpot(TM) 64-Bit Server VM
[34m[1mPre-installed Node.js versions[0m
v4.8.6
v6.12.0
v6.12.1
v8.9
v8.9.1
[34m[1mphpenv versions[0m
  system
  5.6
* 5.6.32 (set by /home/travis/.phpenv/version)
  7.0
  7.0.25
  7.1
  7.1.11
  hhvm
  hhvm-stable
[34m[1mcomposer --version[0m
Composer version 1.5.2 2017-09-11 16:59:25
[34m[1mPre-installed Ruby versions[0m
ruby-2.2.7
ruby-2.3.4
ruby-2.4.1
travis_fold:end:system_info[0K
removed â€˜/etc/apt/sources.list.d/basho_riak.listâ€™
W: http://ppa.launchpad.net/couchdb/stable/ubuntu/dists/trusty/Release.gpg: Signature by key 15866BAFD9BCC4F3C1E0DFC7D69548E1C17EAB57 uses weak digest algorithm (SHA1)
127.0.0.1	localhost
::1	 ip6-localhost ip6-loopback
fe00::0	ip6-localnet
ff00::0	ip6-mcastprefix
ff02::1	ip6-allnodes
ff02::2	ip6-allrouters
172.17.0.7	travis-job-joblib-joblib-334185447.travisci.net travis-job-joblib-joblib-334185447
travis_fold:start:git.checkout[0Ktravis_time:start:001e3ebb[0K$ git clone --depth=50 https://github.com/joblib/joblib.git joblib/joblib
Cloning into 'joblib/joblib'...
remote: Counting objects: 474, done.[K
remote: Compressing objects:   0% (1/290)   [Kremote: Compressing objects:   1% (3/290)   [Kremote: Compressing objects:   2% (6/290)   [Kremote: Compressing objects:   3% (9/290)   [Kremote: Compressing objects:   4% (12/290)   [Kremote: Compressing objects:   5% (15/290)   [Kremote: Compressing objects:   6% (18/290)   [Kremote: Compressing objects:   7% (21/290)   [Kremote: Compressing objects:   8% (24/290)   [Kremote: Compressing objects:   9% (27/290)   [Kremote: Compressing objects:  10% (29/290)   [Kremote: Compressing objects:  11% (32/290)   [Kremote: Compressing objects:  12% (35/290)   [Kremote: Compressing objects:  13% (38/290)   [Kremote: Compressing objects:  14% (41/290)   [Kremote: Compressing objects:  15% (44/290)   [Kremote: Compressing objects:  16% (47/290)   [Kremote: Compressing objects:  17% (50/290)   [Kremote: Compressing objects:  18% (53/290)   [Kremote: Compressing objects:  19% (56/290)   [Kremote: Compressing objects:  20% (58/290)   [Kremote: Compressing objects:  21% (61/290)   [Kremote: Compressing objects:  22% (64/290)   [Kremote: Compressing objects:  23% (67/290)   [Kremote: Compressing objects:  24% (70/290)   [Kremote: Compressing objects:  25% (73/290)   [Kremote: Compressing objects:  26% (76/290)   [Kremote: Compressing objects:  27% (79/290)   [Kremote: Compressing objects:  28% (82/290)   [Kremote: Compressing objects:  29% (85/290)   [Kremote: Compressing objects:  30% (87/290)   [Kremote: Compressing objects:  31% (90/290)   [Kremote: Compressing objects:  32% (93/290)   [Kremote: Compressing objects:  33% (96/290)   [Kremote: Compressing objects:  34% (99/290)   [Kremote: Compressing objects:  35% (102/290)   [Kremote: Compressing objects:  36% (105/290)   [Kremote: Compressing objects:  37% (108/290)   [Kremote: Compressing objects:  38% (111/290)   [Kremote: Compressing objects:  39% (114/290)   [Kremote: Compressing objects:  40% (116/290)   [Kremote: Compressing objects:  41% (119/290)   [Kremote: Compressing objects:  42% (122/290)   [Kremote: Compressing objects:  43% (125/290)   [Kremote: Compressing objects:  44% (128/290)   [Kremote: Compressing objects:  45% (131/290)   [Kremote: Compressing objects:  46% (134/290)   [Kremote: Compressing objects:  47% (137/290)   [Kremote: Compressing objects:  48% (140/290)   [Kremote: Compressing objects:  49% (143/290)   [Kremote: Compressing objects:  50% (145/290)   [Kremote: Compressing objects:  51% (148/290)   [Kremote: Compressing objects:  52% (151/290)   [Kremote: Compressing objects:  53% (154/290)   [Kremote: Compressing objects:  54% (157/290)   [Kremote: Compressing objects:  55% (160/290)   [Kremote: Compressing objects:  56% (163/290)   [Kremote: Compressing objects:  57% (166/290)   [Kremote: Compressing objects:  58% (169/290)   [Kremote: Compressing objects:  59% (172/290)   [Kremote: Compressing objects:  60% (174/290)   [Kremote: Compressing objects:  61% (177/290)   [Kremote: Compressing objects:  62% (180/290)   [Kremote: Compressing objects:  63% (183/290)   [Kremote: Compressing objects:  64% (186/290)   [Kremote: Compressing objects:  65% (189/290)   [Kremote: Compressing objects:  66% (192/290)   [Kremote: Compressing objects:  67% (195/290)   [Kremote: Compressing objects:  68% (198/290)   [Kremote: Compressing objects:  69% (201/290)   [Kremote: Compressing objects:  70% (203/290)   [Kremote: Compressing objects:  71% (206/290)   [Kremote: Compressing objects:  72% (209/290)   [Kremote: Compressing objects:  73% (212/290)   [Kremote: Compressing objects:  74% (215/290)   [Kremote: Compressing objects:  75% (218/290)   [Kremote: Compressing objects:  76% (221/290)   [Kremote: Compressing objects:  77% (224/290)   [Kremote: Compressing objects:  78% (227/290)   [Kremote: Compressing objects:  79% (230/290)   [Kremote: Compressing objects:  80% (232/290)   [Kremote: Compressing objects:  81% (235/290)   [Kremote: Compressing objects:  82% (238/290)   [Kremote: Compressing objects:  83% (241/290)   [Kremote: Compressing objects:  84% (244/290)   [Kremote: Compressing objects:  85% (247/290)   [Kremote: Compressing objects:  86% (250/290)   [Kremote: Compressing objects:  87% (253/290)   [Kremote: Compressing objects:  88% (256/290)   [Kremote: Compressing objects:  89% (259/290)   [Kremote: Compressing objects:  90% (261/290)   [Kremote: Compressing objects:  91% (264/290)   [Kremote: Compressing objects:  92% (267/290)   [Kremote: Compressing objects:  93% (270/290)   [Kremote: Compressing objects:  94% (273/290)   [Kremote: Compressing objects:  95% (276/290)   [Kremote: Compressing objects:  96% (279/290)   [Kremote: Compressing objects:  97% (282/290)   [Kremote: Compressing objects:  98% (285/290)   [Kremote: Compressing objects:  99% (288/290)   [Kremote: Compressing objects: 100% (290/290)   [Kremote: Compressing objects: 100% (290/290), done.[K
Receiving objects:   0% (1/474)   Receiving objects:   1% (5/474)   Receiving objects:   2% (10/474)   Receiving objects:   3% (15/474)   Receiving objects:   4% (19/474)   Receiving objects:   5% (24/474)   Receiving objects:   6% (29/474)   Receiving objects:   7% (34/474)   Receiving objects:   8% (38/474)   Receiving objects:   9% (43/474)   Receiving objects:  10% (48/474)   Receiving objects:  11% (53/474)   Receiving objects:  12% (57/474)   Receiving objects:  13% (62/474)   Receiving objects:  14% (67/474)   Receiving objects:  15% (72/474)   Receiving objects:  16% (76/474)   Receiving objects:  17% (81/474)   Receiving objects:  18% (86/474)   Receiving objects:  19% (91/474)   Receiving objects:  20% (95/474)   Receiving objects:  21% (100/474)   Receiving objects:  22% (105/474)   Receiving objects:  23% (110/474)   Receiving objects:  24% (114/474)   Receiving objects:  25% (119/474)   Receiving objects:  26% (124/474)   Receiving objects:  27% (128/474)   Receiving objects:  28% (133/474)   Receiving objects:  29% (138/474)   Receiving objects:  30% (143/474)   Receiving objects:  31% (147/474)   Receiving objects:  32% (152/474)   Receiving objects:  33% (157/474)   Receiving objects:  34% (162/474)   Receiving objects:  35% (166/474)   Receiving objects:  36% (171/474)   Receiving objects:  37% (176/474)   Receiving objects:  38% (181/474)   Receiving objects:  39% (185/474)   Receiving objects:  40% (190/474)   Receiving objects:  41% (195/474)   Receiving objects:  42% (200/474)   Receiving objects:  43% (204/474)   Receiving objects:  44% (209/474)   Receiving objects:  45% (214/474)   Receiving objects:  46% (219/474)   Receiving objects:  47% (223/474)   Receiving objects:  48% (228/474)   Receiving objects:  49% (233/474)   Receiving objects:  50% (237/474)   Receiving objects:  51% (242/474)   Receiving objects:  52% (247/474)   Receiving objects:  53% (252/474)   Receiving objects:  54% (256/474)   Receiving objects:  55% (261/474)   Receiving objects:  56% (266/474)   Receiving objects:  57% (271/474)   Receiving objects:  58% (275/474)   Receiving objects:  59% (280/474)   Receiving objects:  60% (285/474)   Receiving objects:  61% (290/474)   Receiving objects:  62% (294/474)   Receiving objects:  63% (299/474)   Receiving objects:  64% (304/474)   Receiving objects:  65% (309/474)   Receiving objects:  66% (313/474)   Receiving objects:  67% (318/474)   Receiving objects:  68% (323/474)   Receiving objects:  69% (328/474)   Receiving objects:  70% (332/474)   Receiving objects:  71% (337/474)   Receiving objects:  72% (342/474)   Receiving objects:  73% (347/474)   Receiving objects:  74% (351/474)   Receiving objects:  75% (356/474)   Receiving objects:  76% (361/474)   Receiving objects:  77% (365/474)   Receiving objects:  78% (370/474)   Receiving objects:  79% (375/474)   Receiving objects:  80% (380/474)   Receiving objects:  81% (384/474)   Receiving objects:  82% (389/474)   Receiving objects:  83% (394/474)   Receiving objects:  84% (399/474)   Receiving objects:  85% (403/474)   Receiving objects:  86% (408/474)   Receiving objects:  87% (413/474)   Receiving objects:  88% (418/474)   Receiving objects:  89% (422/474)   Receiving objects:  90% (427/474)   remote: Total 474 (delta 219), reused 361 (delta 174), pack-reused 0[K
Receiving objects:  91% (432/474)   Receiving objects:  92% (437/474)   Receiving objects:  93% (441/474)   Receiving objects:  94% (446/474)   Receiving objects:  95% (451/474)   Receiving objects:  96% (456/474)   Receiving objects:  97% (460/474)   Receiving objects:  98% (465/474)   Receiving objects:  99% (470/474)   Receiving objects: 100% (474/474)   Receiving objects: 100% (474/474), 378.56 KiB | 19.92 MiB/s, done.
Resolving deltas:   0% (0/219)   Resolving deltas:   1% (3/219)   Resolving deltas:   3% (7/219)   Resolving deltas:   7% (17/219)   Resolving deltas:  10% (24/219)   Resolving deltas:  17% (39/219)   Resolving deltas:  21% (47/219)   Resolving deltas:  22% (49/219)   Resolving deltas:  28% (63/219)   Resolving deltas:  29% (64/219)   Resolving deltas:  30% (66/219)   Resolving deltas:  35% (78/219)   Resolving deltas:  39% (86/219)   Resolving deltas:  40% (88/219)   Resolving deltas:  41% (91/219)   Resolving deltas:  42% (94/219)   Resolving deltas:  44% (97/219)   Resolving deltas:  45% (100/219)   Resolving deltas:  46% (101/219)   Resolving deltas:  47% (103/219)   Resolving deltas:  52% (114/219)   Resolving deltas:  63% (139/219)   Resolving deltas:  65% (143/219)   Resolving deltas:  66% (145/219)   Resolving deltas:  67% (147/219)   Resolving deltas:  69% (153/219)   Resolving deltas:  70% (154/219)   Resolving deltas:  71% (157/219)   Resolving deltas:  72% (158/219)   Resolving deltas:  73% (160/219)   Resolving deltas:  75% (166/219)   Resolving deltas:  76% (168/219)   Resolving deltas:  77% (169/219)   Resolving deltas:  79% (174/219)   Resolving deltas:  84% (185/219)   Resolving deltas:  85% (187/219)   Resolving deltas:  86% (190/219)   Resolving deltas:  87% (191/219)   Resolving deltas:  89% (195/219)   Resolving deltas:  91% (201/219)   Resolving deltas:  92% (203/219)   Resolving deltas:  93% (204/219)   Resolving deltas:  94% (206/219)   Resolving deltas:  95% (209/219)   Resolving deltas:  96% (211/219)   Resolving deltas:  97% (213/219)   Resolving deltas:  99% (217/219)   Resolving deltas: 100% (219/219)   Resolving deltas: 100% (219/219), done.

travis_time:end:001e3ebb:start=1517083622318067314,finish=1517083624199432286,duration=1881364972[0K$ cd joblib/joblib
travis_time:start:0678680a[0K$ git fetch origin +refs/pull/619/merge:
remote: Counting objects: 11, done.[K
remote: Compressing objects:  25% (1/4)   [Kremote: Compressing objects:  50% (2/4)   [Kremote: Compressing objects:  75% (3/4)   [Kremote: Compressing objects: 100% (4/4)   [Kremote: Compressing objects: 100% (4/4), done.[K
remote: Total 11 (delta 8), reused 9 (delta 7), pack-reused 0[K
Unpacking objects:   9% (1/11)   Unpacking objects:  18% (2/11)   Unpacking objects:  27% (3/11)   Unpacking objects:  36% (4/11)   Unpacking objects:  45% (5/11)   Unpacking objects:  54% (6/11)   Unpacking objects:  63% (7/11)   Unpacking objects:  72% (8/11)   Unpacking objects:  81% (9/11)   Unpacking objects:  90% (10/11)   Unpacking objects: 100% (11/11)   Unpacking objects: 100% (11/11), done.
From https://github.com/joblib/joblib
 * branch            refs/pull/619/merge -> FETCH_HEAD

travis_time:end:0678680a:start=1517083624206271180,finish=1517083624912441901,duration=706170721[0K$ git checkout -qf FETCH_HEAD
travis_fold:end:git.checkout[0K
[33;1mSetting environment variables from .travis.yml[0m
$ export PYTHON_VERSION="3.6"
$ export NUMPY_VERSION="1.14"
$ export JOBLIB_MULTIPROCESSING=0
$ export COVERAGE="true"

travis_time:start:14ec0d9c[0K$ source ~/virtualenv/python2.7/bin/activate

travis_time:end:14ec0d9c:start=1517083629742378567,finish=1517083629749666475,duration=7287908[0K$ python --version
Python 2.7.14
$ pip --version
pip 9.0.1 from /home/travis/virtualenv/python2.7.14/lib/python2.7/site-packages (python 2.7)
travis_fold:start:install[0Ktravis_time:start:028e597e[0K$ source continuous_integration/travis/install.sh
--2018-01-27 20:07:10--  http://repo.continuum.io/miniconda/Miniconda3-latest-Linux-x86_64.sh
Resolving repo.continuum.io (repo.continuum.io)... 104.16.18.10, 104.16.19.10, 2400:cb00:2048:1::6810:130a, ...
Connecting to repo.continuum.io (repo.continuum.io)|104.16.18.10|:80... connected.
HTTP request sent, awaiting response... 301 Moved Permanently
Location: https://repo.continuum.io/miniconda/Miniconda3-latest-Linux-x86_64.sh [following]
--2018-01-27 20:07:10--  https://repo.continuum.io/miniconda/Miniconda3-latest-Linux-x86_64.sh
Connecting to repo.continuum.io (repo.continuum.io)|104.16.18.10|:443... connected.
HTTP request sent, awaiting response... 200 OK
Length: 57669415 (55M) [application/x-sh]
Saving to: â€˜miniconda.shâ€™

 0% [                                       ] 0           --.-K/s              27% [=========>                             ] 15,965,112  76.1MB/s             60% [======================>                ] 35,068,856  83.0MB/s             100%[======================================>] 57,669,415  92.2MB/s   in 0.6s   

2018-01-27 20:07:11 (92.2 MB/s) - â€˜miniconda.shâ€™ saved [57669415/57669415]

PREFIX=/home/travis/miniconda
installing: python-3.6.3-h6c0c0dc_5 ...
Python 3.6.3 :: Anaconda, Inc.
installing: ca-certificates-2017.08.26-h1d4fec5_0 ...
installing: conda-env-2.6.0-h36134e3_1 ...
installing: libgcc-ng-7.2.0-h7cc24e2_2 ...
installing: libstdcxx-ng-7.2.0-h7a57d05_2 ...
installing: libffi-3.2.1-hd88cf55_4 ...
installing: ncurses-6.0-h9df7e31_2 ...
installing: openssl-1.0.2n-hb7f436b_0 ...
installing: tk-8.6.7-hc745277_3 ...
installing: xz-5.2.3-h55aa19d_2 ...
installing: yaml-0.1.7-had09818_2 ...
installing: zlib-1.2.11-ha838bed_2 ...
installing: libedit-3.1-heed3624_0 ...
installing: readline-7.0-ha6073c6_4 ...
installing: sqlite-3.20.1-hb898158_2 ...
installing: asn1crypto-0.23.0-py36h4639342_0 ...
installing: certifi-2017.11.5-py36hf29ccca_0 ...
installing: chardet-3.0.4-py36h0f667ec_1 ...
installing: idna-2.6-py36h82fb2a8_1 ...
installing: pycosat-0.6.3-py36h0a5515d_0 ...
installing: pycparser-2.18-py36hf9f622e_1 ...
installing: pysocks-1.6.7-py36hd97a5b1_1 ...
installing: ruamel_yaml-0.11.14-py36ha2fb22d_2 ...
installing: six-1.11.0-py36h372c433_1 ...
installing: cffi-1.11.2-py36h2825082_0 ...
installing: setuptools-36.5.0-py36he42e2e1_0 ...
installing: cryptography-2.1.4-py36hd09be54_0 ...
installing: wheel-0.30.0-py36hfd4bba0_1 ...
installing: pip-9.0.1-py36h6c6f9ce_4 ...
installing: pyopenssl-17.5.0-py36h20ba746_0 ...
installing: urllib3-1.22-py36hbe7ace6_0 ...
installing: requests-2.18.4-py36he2e5f8d_1 ...
installing: conda-4.3.31-py36_0 ...
installation finished.
Fetching package metadata ...........
Solving package specifications: .

Package plan for installation in environment /home/travis/miniconda:

The following packages will be UPDATED:

    conda: 4.3.31-py36_0 --> 4.4.8-py36_0

conda-4.4.8-py   0% || ETA:  --:--:--   0.00  B/sconda-4.4.8-py   1% || ETA:  0:00:00  22.08 MB/sconda-4.4.8-py   3% || ETA:  0:00:00  26.86 MB/sconda-4.4.8-py   5% || ETA:  0:00:00  28.86 MB/sconda-4.4.8-py   6% || ETA:  0:00:00  31.25 MB/sconda-4.4.8-py   8% || ETA:  0:00:00  31.89 MB/sconda-4.4.8-py  10% || ETA:  0:00:00  32.41 MB/sconda-4.4.8-py  12% || ETA:  0:00:00  30.10 MB/sconda-4.4.8-py  13% || ETA:  0:00:00  31.61 MB/sconda-4.4.8-py  15% || ETA:  0:00:00  29.49 MB/sconda-4.4.8-py  17% || ETA:  0:00:00  30.70 MB/sconda-4.4.8-py  18% || ETA:  0:00:00  29.47 MB/sconda-4.4.8-py  20% || ETA:  0:00:00  30.49 MB/sconda-4.4.8-py  22% || ETA:  0:00:00  29.87 MB/sconda-4.4.8-py  24% || ETA:  0:00:00  29.56 MB/sconda-4.4.8-py  25% || ETA:  0:00:00  28.66 MB/sconda-4.4.8-py  27% || ETA:  0:00:00  28.78 MB/sconda-4.4.8-py  29% || ETA:  0:00:00  29.54 MB/sconda-4.4.8-py  30% || ETA:  0:00:00  30.26 MB/sconda-4.4.8-py  32% || ETA:  0:00:00  30.28 MB/sconda-4.4.8-py  34% || ETA:  0:00:00  30.35 MB/sconda-4.4.8-py  36% || ETA:  0:00:00  30.72 MB/sconda-4.4.8-py  37% || ETA:  0:00:00  30.42 MB/sconda-4.4.8-py  39% || ETA:  0:00:00  30.81 MB/sconda-4.4.8-py  41% || ETA:  0:00:00  31.36 MB/sconda-4.4.8-py  42% || ETA:  0:00:00  31.72 MB/sconda-4.4.8-py  44% || ETA:  0:00:00  32.21 MB/sconda-4.4.8-py  46% || ETA:  0:00:00  31.96 MB/sconda-4.4.8-py  48% || ETA:  0:00:00  32.06 MB/sconda-4.4.8-py  49% || ETA:  0:00:00  32.41 MB/sconda-4.4.8-py  51% || ETA:  0:00:00  32.24 MB/sconda-4.4.8-py  53% || ETA:  0:00:00  32.45 MB/sconda-4.4.8-py  54% || ETA:  0:00:00  32.86 MB/sconda-4.4.8-py  56% || ETA:  0:00:00  33.26 MB/sconda-4.4.8-py  58% || ETA:  0:00:00  33.51 MB/sconda-4.4.8-py  60% || ETA:  0:00:00  33.65 MB/sconda-4.4.8-py  61% || ETA:  0:00:00  34.01 MB/sconda-4.4.8-py  63% || ETA:  0:00:00  33.58 MB/sconda-4.4.8-py  65% || ETA:  0:00:00  33.91 MB/sconda-4.4.8-py  66% || ETA:  0:00:00  34.17 MB/sconda-4.4.8-py  68% || ETA:  0:00:00  34.23 MB/sconda-4.4.8-py  70% || ETA:  0:00:00  34.47 MB/sconda-4.4.8-py  72% || ETA:  0:00:00  34.77 MB/sconda-4.4.8-py  73% || ETA:  0:00:00  35.09 MB/sconda-4.4.8-py  75% || ETA:  0:00:00  35.38 MB/sconda-4.4.8-py  77% || ETA:  0:00:00  35.66 MB/sconda-4.4.8-py  78% || ETA:  0:00:00  35.93 MB/sconda-4.4.8-py  80% || ETA:  0:00:00  36.00 MB/sconda-4.4.8-py  82% || ETA:  0:00:00  36.26 MB/sconda-4.4.8-py  84% || ETA:  0:00:00  36.51 MB/sconda-4.4.8-py  85% || ETA:  0:00:00  36.75 MB/sconda-4.4.8-py  87% || ETA:  0:00:00  36.94 MB/sconda-4.4.8-py  89% || ETA:  0:00:00  37.17 MB/sconda-4.4.8-py  90% || ETA:  0:00:00  37.40 MB/sconda-4.4.8-py  92% || ETA:  0:00:00  37.62 MB/sconda-4.4.8-py  94% || ETA:  0:00:00  37.73 MB/sconda-4.4.8-py  96% || ETA:  0:00:00  37.94 MB/sconda-4.4.8-py  97% || ETA:  0:00:00  38.15 MB/sconda-4.4.8-py  99% || ETA:  0:00:00  38.40 MB/sconda-4.4.8-py 100% || Time: 0:00:00  38.09 MB/s
conda requirements string: pip pytest python=3.6 numpy=1.14
Solving environment: - \ | / - \ | / - \ | / - \ | / - \ | / - \ | / - \ | / - \ | / - \ | / - \ | / - \ | / - \ | / done

## Package Plan ##

  environment location: /home/travis/miniconda/envs/testenv

  added / updated specs: 
    - numpy=1.14
    - pip
    - pytest
    - python=3.6


The following packages will be downloaded:

    package                    |            build
    ---------------------------|-----------------
    mkl-2018.0.1               |       h19d6760_4       184.7 MB
    setuptools-38.4.0          |           py36_0         525 KB
    pytest-3.3.2               |           py36_0         281 KB
    attrs-17.4.0               |           py36_0          41 KB
    sqlite-3.21.0              |       h1bed415_0         1.5 MB
    certifi-2018.1.18          |           py36_0         144 KB
    python-3.6.4               |       hc3d631a_1        29.1 MB
    py-1.5.2                   |   py36h29bf505_0         135 KB
    intel-openmp-2018.0.0      |       hc7b2577_8         618 KB
    libgfortran-ng-7.2.0       |       h9f7466a_2         349 KB
    pluggy-0.6.0               |   py36hb689045_0          23 KB
    numpy-1.14.0               |   py36h3dfced4_1         4.0 MB
    ------------------------------------------------------------
                                           Total:       221.4 MB

The following NEW packages will be INSTALLED:

    attrs:           17.4.0-py36_0        
    ca-certificates: 2017.08.26-h1d4fec5_0
    certifi:         2018.1.18-py36_0     
    intel-openmp:    2018.0.0-hc7b2577_8  
    libedit:         3.1-heed3624_0       
    libffi:          3.2.1-hd88cf55_4     
    libgcc-ng:       7.2.0-h7cc24e2_2     
    libgfortran-ng:  7.2.0-h9f7466a_2     
    libstdcxx-ng:    7.2.0-h7a57d05_2     
    mkl:             2018.0.1-h19d6760_4  
    ncurses:         6.0-h9df7e31_2       
    numpy:           1.14.0-py36h3dfced4_1
    openssl:         1.0.2n-hb7f436b_0    
    pip:             9.0.1-py36h6c6f9ce_4 
    pluggy:          0.6.0-py36hb689045_0 
    py:              1.5.2-py36h29bf505_0 
    pytest:          3.3.2-py36_0         
    python:          3.6.4-hc3d631a_1     
    readline:        7.0-ha6073c6_4       
    setuptools:      38.4.0-py36_0        
    six:             1.11.0-py36h372c433_1
    sqlite:          3.21.0-h1bed415_0    
    tk:              8.6.7-hc745277_3     
    wheel:           0.30.0-py36hfd4bba0_1
    xz:              5.2.3-h55aa19d_2     
    zlib:            1.2.11-ha838bed_2    


Downloading and Extracting Packages
mkl 2018.0.1:   0% 0/1 [00:00<?, ?it/s]mkl 2018.0.1:   0% 6.34628478118353e-05/1 [00:00<26:45, 1605.47s/it]mkl 2018.0.1:   4% 0.03528534338338043/1 [00:00<18:04, 1124.68s/it] mkl 2018.0.1:   8% 0.07888431983011128/1 [00:00<12:05, 787.96s/it] mkl 2018.0.1:  12% 0.12273714766808946/1 [00:00<08:04, 552.26s/it]mkl 2018.0.1:  17% 0.16658997550606766/1 [00:00<05:22, 387.27s/it]mkl 2018.0.1:  21% 0.2105062661918577/1 [00:00<03:34, 271.77s/it] mkl 2018.0.1:  25% 0.25461294542108326/1 [00:00<02:22, 190.92s/it]mkl 2018.0.1:  30% 0.2987830874981206/1 [00:00<01:34, 134.32s/it] mkl 2018.0.1:  34% 0.34314361811859345/1 [00:00<01:02, 94.70s/it]mkl 2018.0.1:  39% 0.3873772230434427/1 [00:01<00:41, 66.97s/it] mkl 2018.0.1:  43% 0.43129351372923275/1 [00:01<00:27, 47.56s/it]mkl 2018.0.1:  47% 0.4745751759369044/1 [00:01<00:17, 33.99s/it] mkl 2018.0.1:  52% 0.5179837638401997/1 [00:01<00:11, 24.48s/it]mkl 2018.0.1:  56% 0.5619635173738016/1 [00:01<00:07, 17.82s/it]mkl 2018.0.1:  61% 0.6063875108420863/1 [00:01<00:05, 13.15s/it]mkl 2018.0.1:  65% 0.6505576529191236/1 [00:01<00:03,  9.88s/it]mkl 2018.0.1:  69% 0.6949181835395966/1 [00:01<00:02,  7.60s/it]mkl 2018.0.1:  74% 0.739088325616634/1 [00:01<00:01,  6.00s/it] mkl 2018.0.1:  79% 0.7857142857142857/1 [00:30<00:40, 190.90s/it]mkl 2018.0.1:  85% 0.8520408163265306/1 [00:31<00:19, 135.03s/it]mkl 2018.0.1:  86% 0.8622448979591837/1 [00:31<00:15, 112.20s/it]mkl 2018.0.1:  87% 0.8673469387755102/1 [00:32<00:13, 99.12s/it] mkl 2018.0.1:  87% 0.8724489795918368/1 [00:32<00:11, 90.86s/it]mkl 2018.0.1:  88% 0.8775510204081632/1 [00:32<00:10, 85.30s/it]mkl 2018.0.1:  88% 0.8826530612244898/1 [00:33<00:09, 79.76s/it]mkl 2018.0.1:  89% 0.8877551020408163/1 [00:33<00:08, 78.27s/it]mkl 2018.0.1:  89% 0.8928571428571428/1 [00:33<00:08, 79.16s/it]mkl 2018.0.1:  90% 0.8979591836734694/1 [00:34<00:08, 85.10s/it]mkl 2018.0.1:  90% 0.903061224489796/1 [00:34<00:08, 90.98s/it] mkl 2018.0.1:  91% 0.9081632653061225/1 [00:35<00:08, 93.52s/it]mkl 2018.0.1:  91% 0.9132653061224489/1 [00:36<00:08, 99.25s/it]mkl 2018.0.1:  92% 0.9183673469387755/1 [00:36<00:08, 103.80s/it]mkl 2018.0.1:  92% 0.923469387755102/1 [00:37<00:08, 109.32s/it] mkl 2018.0.1:  93% 0.9285714285714286/1 [00:37<00:08, 114.66s/it]mkl 2018.0.1:  93% 0.9336734693877551/1 [00:38<00:08, 129.97s/it]mkl 2018.0.1:  94% 0.9387755102040816/1 [00:39<00:09, 147.87s/it]mkl 2018.0.1:  94% 0.9438775510204082/1 [00:40<00:09, 162.94s/it]mkl 2018.0.1:  95% 0.9489795918367347/1 [00:42<00:10, 204.44s/it]mkl 2018.0.1:  95% 0.9540816326530612/1 [00:43<00:11, 240.40s/it]mkl 2018.0.1:  96% 0.9591836734693877/1 [00:45<00:10, 257.54s/it]mkl 2018.0.1:  96% 0.9642857142857143/1 [00:47<00:09, 276.51s/it]mkl 2018.0.1:  97% 0.9693877551020408/1 [00:48<00:09, 298.50s/it]mkl 2018.0.1:  97% 0.9744897959183674/1 [00:50<00:08, 319.64s/it]mkl 2018.0.1:  98% 0.9795918367346939/1 [00:52<00:07, 346.30s/it]mkl 2018.0.1:  98% 0.9846938775510204/1 [00:54<00:05, 362.97s/it]mkl 2018.0.1:  99% 0.9897959183673469/1 [00:57<00:04, 394.21s/it]mkl 2018.0.1:  99% 0.9948979591836735/1 [01:00<00:02, 439.78s/it]mkl 2018.0.1: 100% 1.0/1 [01:03<00:00, 497.32s/it]               
setuptools 38.4.0:   0% 0/1 [00:00<?, ?it/s]setuptools 38.4.0:  75% 0.75/1 [00:00<00:00,  5.50it/s]setuptools 38.4.0:  99% 0.9857954545454546/1 [00:00<00:00,  3.92it/s]setuptools 38.4.0: 100% 1.0/1 [00:00<00:00,  3.74it/s]               
pytest 3.3.2:   0% 0/1 [00:00<?, ?it/s]pytest 3.3.2:  79% 0.7946428571428571/1 [00:00<00:00,  7.94it/s]pytest 3.3.2: 100% 1.0/1 [00:00<00:00,  6.69it/s]               
attrs 17.4.0:   0% 0/1 [00:00<?, ?it/s]attrs 17.4.0: 100% 1.0/1 [00:00<00:00, 28.93it/s]
sqlite 3.21.0:   0% 0/1 [00:00<?, ?it/s]sqlite 3.21.0:  75% 0.75/1 [00:00<00:00,  3.44it/s]sqlite 3.21.0:  99% 0.9895833333333334/1 [00:00<00:00,  2.47it/s]sqlite 3.21.0: 100% 1.0/1 [00:00<00:00,  2.29it/s]               
certifi 2018.1.18:   0% 0/1 [00:00<?, ?it/s]certifi 2018.1.18: 100% 1.0/1 [00:00<00:00, 15.06it/s]
python 3.6.4:   0% 0/1 [00:00<?, ?it/s]python 3.6.4:  22% 0.21817215513506955/1 [00:00<00:00,  2.18it/s]python 3.6.4:  46% 0.4641189942264487/1 [00:00<00:00,  2.26it/s] python 3.6.4:  71% 0.7096633016662871/1 [00:00<00:00,  2.31it/s]python 3.6.4:  87% 0.8669083376488866/1 [00:04<00:01,  7.74s/it]python 3.6.4:  98% 0.9782496116002072/1 [00:04<00:00,  7.25s/it]python 3.6.4: 100% 1.0/1 [00:07<00:00,  7.86s/it]               
py 1.5.2:   0% 0/1 [00:00<?, ?it/s]py 1.5.2: 100% 1.0/1 [00:00<00:00, 11.50it/s]
intel-openmp 2018.0.0:   0% 0/1 [00:00<?, ?it/s]intel-openmp 2018.0.0:  75% 0.75/1 [00:00<00:00,  7.07it/s]intel-openmp 2018.0.0: 100% 1.0/1 [00:00<00:00,  4.97it/s] 
libgfortran-ng 7.2.0:   0% 0/1 [00:00<?, ?it/s]libgfortran-ng 7.2.0:  91% 0.9078947368421053/1 [00:00<00:00,  9.06it/s]libgfortran-ng 7.2.0: 100% 1.0/1 [00:00<00:00,  7.21it/s]               
pluggy 0.6.0:   0% 0/1 [00:00<?, ?it/s]pluggy 0.6.0: 100% 1.0/1 [00:00<00:00, 11.89it/s]
numpy 1.14.0:   0% 0/1 [00:00<?, ?it/s]numpy 1.14.0:   7% 0.06677916874792367/1 [00:00<00:01,  1.50s/it]numpy 1.14.0:  75% 0.75/1 [00:00<00:00,  1.40s/it]               numpy 1.14.0:  87% 0.8673997412677878/1 [00:01<00:00,  1.29s/it]numpy 1.14.0:  93% 0.9285252263906856/1 [00:01<00:00,  1.47s/it]numpy 1.14.0:  98% 0.9844760672703752/1 [00:01<00:00,  2.48s/it]numpy 1.14.0: 100% 1.0/1 [00:01<00:00,  1.79s/it]               
Preparing transaction: \ | / done
Verifying transaction: \ | / - \ | / - \ | / - \ | / - \ | / - \ | / - \ | / - \ | / - \ | / - \ | / - \ | / - \ | / - \ | / - \ | / - \ | / - \ | / done
Executing transaction: \ | / - \ | / - \ | / done
#
# To activate this environment, use:
# > source activate testenv
#
# To deactivate an active environment, use:
# > source deactivate
#

Solving environment: - \ | / - \ | / - \ | / - \ | / - \ | / failed

PackagesNotFoundError: The following packages are missing from the target environment:
  - *


Collecting memory_profiler
  Downloading memory_profiler-0.51.0.tar.gz
Collecting psutil (from memory_profiler)
  Downloading psutil-5.4.3.tar.gz (412kB)
[?25l[K    2% |â–‰                               | 10kB 30.3MB/s eta 0:00:01[K    4% |â–ˆâ–‹                              | 20kB 27.9MB/s eta 0:00:01[K    7% |â–ˆâ–ˆâ–                             | 30kB 30.3MB/s eta 0:00:01[K    9% |â–ˆâ–ˆâ–ˆâ–                            | 40kB 30.9MB/s eta 0:00:01[K    12% |â–ˆâ–ˆâ–ˆâ–ˆ                            | 51kB 31.4MB/s eta 0:00:01[K    14% |â–ˆâ–ˆâ–ˆâ–ˆâ–Š                           | 61kB 32.4MB/s eta 0:00:01[K    17% |â–ˆâ–ˆâ–ˆâ–ˆâ–ˆâ–‹                          | 71kB 32.1MB/s eta 0:00:01[K    19% |â–ˆâ–ˆâ–ˆâ–ˆâ–ˆâ–ˆâ–                         | 81kB 27.9MB/s eta 0:00:01[K    22% |â–ˆâ–ˆâ–ˆâ–ˆâ–ˆâ–ˆâ–ˆâ–                        | 92kB 28.8MB/s eta 0:00:01[K    24% |â–ˆâ–ˆâ–ˆâ–ˆâ–ˆâ–ˆâ–ˆâ–ˆ                        | 102kB 27.7MB/s eta 0:00:01[K    27% |â–ˆâ–ˆâ–ˆâ–ˆâ–ˆâ–ˆâ–ˆâ–ˆâ–Š                       | 112kB 28.2MB/s eta 0:00:01[K    29% |â–ˆâ–ˆâ–ˆâ–ˆâ–ˆâ–ˆâ–ˆâ–ˆâ–ˆâ–Œ                      | 122kB 25.7MB/s eta 0:00:01[K    32% |â–ˆâ–ˆâ–ˆâ–ˆâ–ˆâ–ˆâ–ˆâ–ˆâ–ˆâ–ˆâ–Ž                     | 133kB 24.4MB/s eta 0:00:01[K    34% |â–ˆâ–ˆâ–ˆâ–ˆâ–ˆâ–ˆâ–ˆâ–ˆâ–ˆâ–ˆâ–ˆâ–                    | 143kB 24.6MB/s eta 0:00:01[K    37% |â–ˆâ–ˆâ–ˆâ–ˆâ–ˆâ–ˆâ–ˆâ–ˆâ–ˆâ–ˆâ–ˆâ–ˆ                    | 153kB 22.4MB/s eta 0:00:01[K    39% |â–ˆâ–ˆâ–ˆâ–ˆâ–ˆâ–ˆâ–ˆâ–ˆâ–ˆâ–ˆâ–ˆâ–ˆâ–Š                   | 163kB 18.7MB/s eta 0:00:01[K    42% |â–ˆâ–ˆâ–ˆâ–ˆâ–ˆâ–ˆâ–ˆâ–ˆâ–ˆâ–ˆâ–ˆâ–ˆâ–ˆâ–Œ                  | 174kB 19.0MB/s eta 0:00:01[K    44% |â–ˆâ–ˆâ–ˆâ–ˆâ–ˆâ–ˆâ–ˆâ–ˆâ–ˆâ–ˆâ–ˆâ–ˆâ–ˆâ–ˆâ–Ž                 | 184kB 21.1MB/s eta 0:00:01[K    47% |ï¿½ï¿½ï¿½â–ˆâ–ˆâ–ˆâ–ˆâ–ˆâ–ˆâ–ˆâ–ˆâ–ˆâ–ˆâ–ˆâ–ˆâ–ˆâ–ˆ                 | 194kB 21.4MB/s eta 0:00:01[K    49% |â–ˆâ–ˆâ–ˆâ–ˆâ–ˆâ–ˆâ–ˆâ–ˆâ–ˆâ–ˆâ–ˆâ–ˆâ–ˆâ–ˆâ–ˆâ–‰                | 204kB 19.5MB/s eta 0:00:01[K    52% |â–ˆâ–ˆâ–ˆâ–ˆâ–ˆâ–ˆâ–ˆâ–ˆâ–ˆâ–ˆâ–ˆâ–ˆâ–ˆâ–ˆâ–ˆâ–ˆâ–Š               | 215kB 19.3MB/s eta 0:00:01[K    54% |â–ˆâ–ˆâ–ˆâ–ˆâ–ˆâ–ˆâ–ˆâ–ˆâ–ˆâ–ˆâ–ˆâ–ˆâ–ˆâ–ˆâ–ˆâ–ˆâ–ˆâ–Œ              | 225kB 21.5MB/s eta 0:00:01[K    57% |â–ˆâ–ˆâ–ˆâ–ˆâ–ˆâ–ˆâ–ˆâ–ˆâ–ˆâ–ˆâ–ˆâ–ˆâ–ˆâ–ˆâ–ˆâ–ˆâ–ˆâ–ˆâ–Ž             | 235kB 22.5MB/s eta 0:00:01[K    59% |â–ˆâ–ˆâ–ˆâ–ˆâ–ˆâ–ˆâ–ˆâ–ˆâ–ˆâ–ˆâ–ˆâ–ˆâ–ˆâ–ˆâ–ˆâ–ˆâ–ˆâ–ˆâ–ˆ             | 245kB 16.4MB/s eta 0:00:01[K    62% |â–ˆâ–ˆâ–ˆâ–ˆâ–ˆâ–ˆâ–ˆâ–ˆâ–ˆâ–ˆâ–ˆâ–ˆâ–ˆâ–ˆâ–ˆâ–ˆâ–ˆâ–ˆâ–ˆâ–‰            | 256kB 17.7MB/s eta 0:00:01[K    64% |â–ˆâ–ˆâ–ˆâ–ˆâ–ˆâ–ˆâ–ˆâ–ˆâ–ˆâ–ˆâ–ˆâ–ˆâ–ˆâ–ˆâ–ˆâ–ˆâ–ˆâ–ˆâ–ˆâ–ˆâ–‹           | 266kB 15.8MB/s eta 0:00:01[K    67% |â–ˆâ–ˆâ–ˆâ–ˆâ–ˆâ–ˆâ–ˆâ–ˆâ–ˆâ–ˆâ–ˆâ–ˆâ–ˆâ–ˆâ–ˆâ–ˆâ–ˆâ–ˆâ–ˆâ–ˆâ–ˆâ–Œ          | 276kB 15.7MB/s eta 0:00:01[K    69% |â–ˆâ–ˆâ–ˆâ–ˆâ–ˆâ–ˆâ–ˆâ–ˆâ–ˆâ–ˆâ–ˆâ–ˆâ–ˆâ–ˆâ–ˆâ–ˆâ–ˆâ–ˆâ–ˆâ–ˆâ–ˆâ–ˆâ–Ž         | 286kB 15.5MB/s eta 0:00:01[K    71% |â–ˆâ–ˆâ–ˆâ–ˆâ–ˆâ–ˆâ–ˆâ–ˆâ–ˆâ–ˆâ–ˆâ–ˆâ–ˆâ–ˆâ–ˆâ–ˆâ–ˆâ–ˆâ–ˆâ–ˆâ–ˆâ–ˆâ–ˆ         | 296kB 15.3MB/s eta 0:00:01[K    74% |â–ˆâ–ˆâ–ˆâ–ˆâ–ˆâ–ˆâ–ˆâ–ˆâ–ˆâ–ˆâ–ˆâ–ˆâ–ˆâ–ˆâ–ˆâ–ˆâ–ˆâ–ˆâ–ˆâ–ˆâ–ˆâ–ˆâ–ˆâ–‰        | 307kB 17.2MB/s eta 0:00:01[K    76% |â–ˆâ–ˆâ–ˆâ–ˆâ–ˆâ–ˆâ–ˆâ–ˆâ–ˆâ–ˆâ–ˆâ–ˆâ–ˆâ–ˆâ–ˆâ–ˆâ–ˆâ–ˆâ–ˆâ–ˆâ–ˆâ–ˆâ–ˆâ–ˆâ–‹       | 317kB 17.3MB/s eta 0:00:01[K    79% |â–ˆâ–ˆâ–ˆâ–ˆâ–ˆâ–ˆâ–ˆâ–ˆâ–ˆâ–ˆâ–ˆâ–ˆâ–ˆâ–ˆâ–ˆâ–ˆâ–ˆâ–ˆâ–ˆâ–ˆâ–ˆâ–ˆâ–ˆâ–ˆâ–ˆâ–      | 327kB 16.8MB/s eta 0:00:01[K    81% |â–ˆâ–ˆâ–ˆâ–ˆâ–ˆâ–ˆâ–ˆâ–ˆâ–ˆâ–ˆâ–ˆâ–ˆâ–ˆâ–ˆâ–ˆâ–ˆâ–ˆâ–ˆâ–ˆâ–ˆâ–ˆâ–ˆâ–ˆâ–ˆâ–ˆâ–ˆâ–     | 337kB 16.9MB/s eta 0:00:01[K    84% |â–ˆâ–ˆâ–ˆâ–ˆâ–ˆâ–ˆâ–ˆâ–ˆâ–ˆâ–ˆâ–ˆâ–ˆâ–ˆâ–ˆâ–ˆâ–ˆâ–ˆâ–ˆâ–ˆâ–ˆâ–ˆâ–ˆâ–ˆâ–ˆâ–ˆâ–ˆâ–ˆ     | 348kB 23.2MB/s eta 0:00:01[K    86% |â–ˆâ–ˆâ–ˆâ–ˆâ–ˆâ–ˆâ–ˆâ–ˆâ–ˆâ–ˆâ–ˆâ–ˆâ–ˆâ–ˆâ–ˆâ–ˆâ–ˆâ–ˆâ–ˆâ–ˆâ–ˆâ–ˆâ–ˆâ–ˆâ–ˆâ–ˆâ–ˆâ–‰    | 358kB 23.2MB/s eta 0:00:01[K    89% |â–ˆâ–ˆâ–ˆâ–ˆâ–ˆâ–ˆâ–ˆâ–ˆâ–ˆâ–ˆâ–ˆâ–ˆâ–ˆâ–ˆâ–ˆâ–ˆâ–ˆâ–ˆâ–ˆâ–ˆâ–ˆâ–ˆâ–ˆâ–ˆâ–ˆâ–ˆâ–ˆâ–ˆâ–‹   | 368kB 36.1MB/s eta 0:00:01[K    91% |â–ˆâ–ˆâ–ˆâ–ˆâ–ˆâ–ˆâ–ˆâ–ˆâ–ˆâ–ˆâ–ˆâ–ˆâ–ˆâ–ˆâ–ˆâ–ˆâ–ˆâ–ˆâ–ˆâ–ˆâ–ˆâ–ˆâ–ˆâ–ˆâ–ˆâ–ˆâ–ˆâ–ˆâ–ˆâ–  | 378kB 34.0MB/s eta 0:00:01[K    94% |â–ˆâ–ˆâ–ˆâ–ˆâ–ˆâ–ˆâ–ˆâ–ˆâ–ˆâ–ˆâ–ˆâ–ˆâ–ˆâ–ˆâ–ˆâ–ˆâ–ˆâ–ˆâ–ˆâ–ˆâ–ˆâ–ˆâ–ˆâ–ˆâ–ˆâ–ˆâ–ˆâ–ˆâ–ˆâ–ˆâ– | 389kB 35.1MB/s eta 0:00:01[K    96% |â–ˆâ–ˆâ–ˆâ–ˆâ–ˆâ–ˆâ–ˆâ–ˆâ–ˆâ–ˆâ–ˆâ–ˆâ–ˆâ–ˆâ–ˆâ–ˆâ–ˆâ–ˆâ–ˆâ–ˆâ–ˆâ–ˆâ–ˆâ–ˆâ–ˆâ–ˆâ–ˆâ–ˆâ–ˆâ–ˆâ–ˆ | 399kB 32.0MB/s eta 0:00:01[K    99% |â–ˆâ–ˆâ–ˆâ–ˆâ–ˆâ–ˆâ–ˆâ–ˆâ–ˆâ–ˆâ–ˆâ–ˆâ–ˆâ–ˆâ–ˆâ–ˆâ–ˆâ–ˆâ–ˆâ–ˆâ–ˆâ–ˆâ–ˆâ–ˆâ–ˆâ–ˆâ–ˆâ–ˆâ–ˆâ–ˆâ–ˆâ–Š| 409kB 32.1MB/s eta 0:00:01[K    100% |â–ˆâ–ˆâ–ˆâ–ˆâ–ˆâ–ˆâ–ˆâ–ˆâ–ˆâ–ˆâ–ˆâ–ˆâ–ˆâ–ˆâ–ˆâ–ˆâ–ˆâ–ˆâ–ˆâ–ˆâ–ˆâ–ˆâ–ˆâ–ˆâ–ˆâ–ˆâ–ˆâ–ˆâ–ˆâ–ˆâ–ˆâ–ˆ| 419kB 2.8MB/s 
[?25hBuilding wheels for collected packages: memory-profiler, psutil
  Running setup.py bdist_wheel for memory-profiler ... [?25l- done
[?25h  Stored in directory: /home/travis/.cache/pip/wheels/06/42/33/e8a6dce8e18272aea6c4edaf78763444089acebca373d5158f
  Running setup.py bdist_wheel for psutil ... [?25l- \ | / - \ | done
[?25h  Stored in directory: /home/travis/.cache/pip/wheels/8b/83/e9/f0feab7d059e177e6f3834f42b8a302805fd83dbb16405515a
Successfully built memory-profiler psutil
Installing collected packages: psutil, memory-profiler
Successfully installed memory-profiler-0.51.0 psutil-5.4.3
Collecting pytest-timeout
  Downloading pytest_timeout-1.2.1-py2.py3-none-any.whl
Requirement already satisfied: pytest>=2.8.0 in /home/travis/miniconda/envs/testenv/lib/python3.6/site-packages (from pytest-timeout)
Requirement already satisfied: py>=1.5.0 in /home/travis/miniconda/envs/testenv/lib/python3.6/site-packages (from pytest>=2.8.0->pytest-timeout)
Requirement already satisfied: six>=1.10.0 in /home/travis/miniconda/envs/testenv/lib/python3.6/site-packages (from pytest>=2.8.0->pytest-timeout)
Requirement already satisfied: setuptools in /home/travis/miniconda/envs/testenv/lib/python3.6/site-packages (from pytest>=2.8.0->pytest-timeout)
Requirement already satisfied: attrs>=17.2.0 in /home/travis/miniconda/envs/testenv/lib/python3.6/site-packages (from pytest>=2.8.0->pytest-timeout)
Requirement already satisfied: pluggy<0.7,>=0.5 in /home/travis/miniconda/envs/testenv/lib/python3.6/site-packages (from pytest>=2.8.0->pytest-timeout)
Installing collected packages: pytest-timeout
Successfully installed pytest-timeout-1.2.1
Collecting pytest-cov
  Downloading pytest_cov-2.5.1-py2.py3-none-any.whl
Collecting codecov
  Downloading codecov-2.0.14-py2.py3-none-any.whl
Collecting coverage>=3.7.1 (from pytest-cov)
  Downloading coverage-4.4.2-cp36-cp36m-manylinux1_x86_64.whl (197kB)
[?25l[K    5% |â–ˆâ–‹                              | 10kB 49.3MB/s eta 0:00:01[K    10% |â–ˆâ–ˆâ–ˆâ–Ž                            | 20kB 14.9MB/s eta 0:00:01[K    15% |â–ˆâ–ˆâ–ˆâ–ˆâ–ˆ                           | 30kB 19.8MB/s eta 0:00:01[K    20% |â–ˆâ–ˆâ–ˆâ–ˆâ–ˆâ–ˆâ–‹                         | 40kB 16.3MB/s eta 0:00:01[K    25% |â–ˆâ–ˆâ–ˆâ–ˆâ–ˆâ–ˆâ–ˆâ–ˆâ–Ž                       | 51kB 14.8MB/s eta 0:00:01[K    31% |â–ˆâ–ˆâ–ˆâ–ˆâ–ˆâ–ˆâ–ˆâ–ˆâ–ˆâ–ˆ                      | 61kB 17.0MB/s eta 0:00:01[K    36% |â–ˆâ–ˆâ–ˆâ–ˆâ–ˆâ–ˆâ–ˆâ–ˆâ–ˆâ–ˆâ–ˆâ–‹                    | 71kB 14.0MB/s eta 0:00:01[K    41% |â–ˆâ–ˆâ–ˆâ–ˆâ–ˆâ–ˆâ–ˆâ–ˆâ–ˆâ–ˆâ–ˆâ–ˆâ–ˆâ–Ž                  | 81kB 13.5MB/s eta 0:00:01[K    46% |â–ˆâ–ˆâ–ˆâ–ˆâ–ˆâ–ˆâ–ˆâ–ˆâ–ˆâ–ˆâ–ˆâ–ˆâ–ˆâ–ˆâ–ˆ                 | 92kB 14.7MB/s eta 0:00:01[K    51% |â–ˆâ–ˆâ–ˆâ–ˆâ–ˆâ–ˆâ–ˆâ–ˆâ–ˆâ–ˆâ–ˆâ–ˆâ–ˆâ–ˆâ–ˆâ–ˆâ–Œ               | 102kB 14.5MB/s eta 0:00:01[K    56% |â–ˆâ–ˆâ–ˆâ–ˆâ–ˆâ–ˆâ–ˆâ–ˆâ–ˆâ–ˆâ–ˆâ–ˆâ–ˆâ–ˆâ–ˆâ–ˆâ–ˆâ–ˆâ–             | 112kB 14.6MB/s eta 0:00:01[K    62% |â–ˆâ–ˆâ–ˆâ–ˆâ–ˆâ–ˆâ–ˆâ–ˆâ–ˆâ–ˆâ–ˆâ–ˆâ–ˆâ–ˆâ–ˆâ–ˆâ–ˆâ–ˆâ–ˆâ–‰            | 122kB 15.1MB/s eta 0:00:01[K    67% |â–ˆâ–ˆâ–ˆâ–ˆâ–ˆâ–ˆâ–ˆâ–ˆâ–ˆâ–ˆâ–ˆâ–ˆâ–ˆâ–ˆâ–ˆâ–ˆâ–ˆâ–ˆâ–ˆâ–ˆâ–ˆâ–Œ          | 133kB 14.2MB/s eta 0:00:01[K    72% |â–ˆâ–ˆâ–ˆâ–ˆâ–ˆâ–ˆâ–ˆâ–ˆâ–ˆâ–ˆâ–ˆâ–ˆâ–ˆâ–ˆâ–ˆâ–ˆâ–ˆâ–ˆâ–ˆâ–ˆâ–ˆâ–ˆâ–ˆâ–        | 143kB 16.0MB/s eta 0:00:01[K    77% |â–ˆâ–ˆâ–ˆâ–ˆâ–ˆâ–ˆâ–ˆâ–ˆâ–ˆâ–ˆâ–ˆâ–ˆâ–ˆâ–ˆâ–ˆâ–ˆâ–ˆâ–ˆâ–ˆâ–ˆâ–ˆâ–ˆâ–ˆâ–ˆâ–‰       | 153kB 16.7MB/s eta 0:00:01[K    82% |â–ˆâ–ˆâ–ˆâ–ˆâ–ˆâ–ˆâ–ˆâ–ˆâ–ˆâ–ˆâ–ˆâ–ˆâ–ˆâ–ˆâ–ˆâ–ˆâ–ˆâ–ˆâ–ˆâ–ˆâ–ˆâ–ˆâ–ˆâ–ˆâ–ˆâ–ˆâ–Œ     | 163kB 15.1MB/s eta 0:00:01[K    87% |â–ˆâ–ˆâ–ˆâ–ˆâ–ˆâ–ˆâ–ˆâ–ˆâ–ˆâ–ˆâ–ˆâ–ˆâ–ˆâ–ˆâ–ˆâ–ˆâ–ˆâ–ˆâ–ˆâ–ˆâ–ˆâ–ˆâ–ˆâ–ˆâ–ˆâ–ˆâ–ˆâ–ˆâ–   | 174kB 18.8MB/s eta 0:00:01[K    93% |â–ˆâ–ˆâ–ˆâ–ˆâ–ˆâ–ˆâ–ˆâ–ˆâ–ˆâ–ˆâ–ˆâ–ˆâ–ˆâ–ˆâ–ˆâ–ˆâ–ˆâ–ˆâ–ˆâ–ˆâ–ˆâ–ˆâ–ˆâ–ˆâ–ˆâ–ˆâ–ˆâ–ˆâ–ˆâ–‰  | 184kB 20.8MB/s eta 0:00:01[K    98% |â–ˆâ–ˆâ–ˆâ–ˆâ–ˆâ–ˆâ–ˆâ–ˆâ–ˆâ–ˆâ–ˆâ–ˆâ–ˆâ–ˆâ–ˆâ–ˆâ–ˆâ–ˆâ–ˆâ–ˆâ–ˆâ–ˆâ–ˆâ–ˆâ–ˆâ–ˆâ–ˆâ–ˆâ–ˆâ–ˆâ–ˆâ–Œ| 194kB 20.8MB/s eta 0:00:01[K    100% |â–ˆâ–ˆâ–ˆâ–ˆâ–ˆâ–ˆâ–ˆâ–ˆâ–ˆâ–ˆâ–ˆâ–ˆâ–ˆâ–ˆâ–ˆâ–ˆâ–ˆâ–ˆâ–ˆâ–ˆâ–ˆâ–ˆâ–ˆâ–ˆâ–ˆâ–ˆâ–ˆâ–ˆâ–ˆâ–ˆâ–ˆâ–ˆ| 204kB 5.3MB/s 
[?25hRequirement already satisfied: pytest>=2.6.0 in /home/travis/miniconda/envs/testenv/lib/python3.6/site-packages (from pytest-cov)
Collecting requests>=2.7.9 (from codecov)
  Downloading requests-2.18.4-py2.py3-none-any.whl (88kB)
[?25l[K    11% |â–ˆâ–ˆâ–ˆâ–Š                            | 10kB 49.5MB/s eta 0:00:01[K    23% |â–ˆâ–ˆâ–ˆâ–ˆâ–ˆâ–ˆâ–ˆâ–                        | 20kB 39.6MB/s eta 0:00:01[K    34% |â–ˆâ–ˆâ–ˆâ–ˆâ–ˆâ–ˆâ–ˆâ–ˆâ–ˆâ–ˆâ–ˆ                     | 30kB 44.0MB/s eta 0:00:01[K    46% |â–ˆâ–ˆâ–ˆâ–ˆâ–ˆâ–ˆâ–ˆâ–ˆâ–ˆâ–ˆâ–ˆâ–ˆâ–ˆâ–ˆâ–Š                 | 40kB 29.3MB/s eta 0:00:01[K    57% |â–ˆâ–ˆâ–ˆâ–ˆâ–ˆâ–ˆâ–ˆâ–ˆâ–ˆâ–ˆâ–ˆâ–ˆâ–ˆâ–ˆâ–ˆâ–ˆâ–ˆâ–ˆâ–Œ             | 51kB 29.3MB/s eta 0:00:01[K    69% |â–ˆâ–ˆâ–ˆâ–ˆâ–ˆâ–ˆâ–ˆâ–ˆâ–ˆâ–ˆâ–ˆâ–ˆâ–ˆâ–ˆâ–ˆâ–ˆâ–ˆâ–ˆâ–ˆâ–ˆâ–ˆâ–ˆâ–         | 61kB 32.0MB/s eta 0:00:01[K    80% |â–ˆâ–ˆâ–ˆâ–ˆâ–ˆâ–ˆâ–ˆâ–ˆâ–ˆâ–ˆâ–ˆâ–ˆâ–ˆâ–ˆâ–ˆâ–ˆâ–ˆâ–ˆâ–ˆâ–ˆâ–ˆâ–ˆâ–ˆâ–ˆâ–ˆâ–‰      | 71kB 28.4MB/s eta 0:00:01[K    92% |â–ˆâ–ˆâ–ˆâ–ˆâ–ˆâ–ˆâ–ˆâ–ˆâ–ˆâ–ˆâ–ˆâ–ˆâ–ˆâ–ˆâ–ˆâ–ˆâ–ˆâ–ˆâ–ˆâ–ˆâ–ˆâ–ˆâ–ˆâ–ˆâ–ˆâ–ˆâ–ˆâ–ˆâ–ˆâ–Œ  | 81kB 30.1MB/s eta 0:00:01[K    100% |â–ˆâ–ˆâ–ˆâ–ˆâ–ˆâ–ˆâ–ˆâ–ˆâ–ˆâ–ˆâ–ˆâ–ˆâ–ˆâ–ˆâ–ˆâ–ˆâ–ˆâ–ˆâ–ˆâ–ˆâ–ˆâ–ˆâ–ˆâ–ˆâ–ˆâ–ˆâ–ˆâ–ˆâ–ˆâ–ˆâ–ˆâ–ˆ| 92kB 8.7MB/s 
[?25hRequirement already satisfied: py>=1.5.0 in /home/travis/miniconda/envs/testenv/lib/python3.6/site-packages (from pytest>=2.6.0->pytest-cov)
Requirement already satisfied: six>=1.10.0 in /home/travis/miniconda/envs/testenv/lib/python3.6/site-packages (from pytest>=2.6.0->pytest-cov)
Requirement already satisfied: setuptools in /home/travis/miniconda/envs/testenv/lib/python3.6/site-packages (from pytest>=2.6.0->pytest-cov)
Requirement already satisfied: attrs>=17.2.0 in /home/travis/miniconda/envs/testenv/lib/python3.6/site-packages (from pytest>=2.6.0->pytest-cov)
Requirement already satisfied: pluggy<0.7,>=0.5 in /home/travis/miniconda/envs/testenv/lib/python3.6/site-packages (from pytest>=2.6.0->pytest-cov)
Collecting urllib3<1.23,>=1.21.1 (from requests>=2.7.9->codecov)
  Downloading urllib3-1.22-py2.py3-none-any.whl (132kB)
[?25l[K    7% |â–ˆâ–ˆâ–Œ                             | 10kB 53.8MB/s eta 0:00:01[K    15% |â–ˆâ–ˆâ–ˆâ–ˆâ–ˆ                           | 20kB 45.1MB/s eta 0:00:01[K    23% |â–ˆâ–ˆâ–ˆâ–ˆâ–ˆâ–ˆâ–ˆâ–                        | 30kB 46.8MB/s eta 0:00:01[K    30% |â–ˆâ–ˆâ–ˆâ–ˆâ–ˆâ–ˆâ–ˆâ–ˆâ–ˆâ–ˆ                      | 40kB 46.9MB/s eta 0:00:01[K    38% |â–ˆâ–ˆâ–ˆâ–ˆâ–ˆâ–ˆâ–ˆâ–ˆâ–ˆâ–ˆâ–ˆâ–ˆâ–                   | 51kB 47.5MB/s eta 0:00:01[K    46% |â–ˆâ–ˆâ–ˆâ–ˆâ–ˆâ–ˆâ–ˆâ–ˆâ–ˆâ–ˆâ–ˆâ–ˆâ–ˆâ–ˆâ–‰                 | 61kB 49.3MB/s eta 0:00:01[K    54% |â–ˆâ–ˆâ–ˆâ–ˆâ–ˆâ–ˆâ–ˆâ–ˆâ–ˆâ–ˆâ–ˆâ–ˆâ–ˆâ–ˆâ–ˆâ–ˆâ–ˆâ–              | 71kB 48.7MB/s eta 0:00:01[K    61% |â–ˆâ–ˆâ–ˆâ–ˆâ–ˆâ–ˆâ–ˆâ–ˆâ–ˆâ–ˆâ–ˆâ–ˆâ–ˆâ–ˆâ–ˆâ–ˆâ–ˆâ–ˆâ–ˆâ–‰            | 81kB 45.0MB/s eta 0:00:01[K    69% |â–ˆâ–ˆâ–ˆâ–ˆâ–ˆâ–ˆâ–ˆâ–ˆâ–ˆâ–ˆâ–ˆâ–ˆâ–ˆâ–ˆâ–ˆâ–ˆâ–ˆâ–ˆâ–ˆâ–ˆâ–ˆâ–ˆâ–Ž         | 92kB 46.0MB/s eta 0:00:01[K    77% |â–ˆâ–ˆâ–ˆâ–ˆâ–ˆâ–ˆâ–ˆâ–ˆâ–ˆâ–ˆâ–ˆâ–ˆâ–ˆâ–ˆâ–ˆâ–ˆâ–ˆâ–ˆâ–ˆâ–ˆâ–ˆâ–ˆâ–ˆâ–ˆâ–Š       | 102kB 46.8MB/s eta 0:00:01[K    85% |â–ˆâ–ˆâ–ˆâ–ˆâ–ˆâ–ˆâ–ˆâ–ˆâ–ˆâ–ˆâ–ˆâ–ˆâ–ˆâ–ˆâ–ˆâ–ˆâ–ˆâ–ˆâ–ˆâ–ˆâ–ˆâ–ˆâ–ˆâ–ˆâ–ˆâ–ˆâ–ˆâ–Ž    | 112kB 46.2MB/s eta 0:00:01[K    92% |â–ˆâ–ˆâ–ˆâ–ˆâ–ˆâ–ˆâ–ˆâ–ˆâ–ˆâ–ˆâ–ˆâ–ˆâ–ˆâ–ˆâ–ˆâ–ˆâ–ˆâ–ˆâ–ˆâ–ˆâ–ˆâ–ˆâ–ˆâ–ˆâ–ˆâ–ˆâ–ˆâ–ˆâ–ˆâ–Š  | 122kB 47.8MB/s eta 0:00:01[K    100% |â–ˆâ–ˆâ–ˆâ–ˆâ–ˆâ–ˆâ–ˆâ–ˆâ–ˆâ–ˆâ–ˆâ–ˆâ–ˆâ–ˆâ–ˆâ–ˆâ–ˆâ–ˆâ–ˆâ–ˆâ–ˆâ–ˆâ–ˆâ–ˆâ–ˆâ–ˆâ–ˆâ–ˆâ–ˆâ–ˆâ–ˆâ–ˆ| 133kB 8.6MB/s 
[?25hRequirement already satisfied: certifi>=2017.4.17 in /home/travis/miniconda/envs/testenv/lib/python3.6/site-packages (from requests>=2.7.9->codecov)
Collecting idna<2.7,>=2.5 (from requests>=2.7.9->codecov)
  Downloading idna-2.6-py2.py3-none-any.whl (56kB)
[?25l[K    18% |â–ˆâ–ˆâ–ˆâ–ˆâ–ˆâ–‰                          | 10kB 53.0MB/s eta 0:00:01[K    36% |â–ˆâ–ˆâ–ˆâ–ˆâ–ˆâ–ˆâ–ˆâ–ˆâ–ˆâ–ˆâ–ˆâ–‹                    | 20kB 45.9MB/s eta 0:00:01[K    54% |â–ˆâ–ˆâ–ˆâ–ˆâ–ˆâ–ˆâ–ˆâ–ˆâ–ˆâ–ˆâ–ˆâ–ˆâ–ˆâ–ˆâ–ˆâ–ˆâ–ˆâ–              | 30kB 49.4MB/s eta 0:00:01[K    72% |â–ˆâ–ˆâ–ˆâ–ˆâ–ˆâ–ˆâ–ˆâ–ˆâ–ˆâ–ˆâ–ˆâ–ˆâ–ˆâ–ˆâ–ˆâ–ˆâ–ˆâ–ˆâ–ˆâ–ˆâ–ˆâ–ˆâ–ˆâ–        | 40kB 50.3MB/s eta 0:00:01[K    90% |â–ˆâ–ˆâ–ˆâ–ˆâ–ˆâ–ˆâ–ˆâ–ˆâ–ˆâ–ˆâ–ˆâ–ˆâ–ˆâ–ˆâ–ˆâ–ˆâ–ˆâ–ˆâ–ˆâ–ˆâ–ˆâ–ˆâ–ˆâ–ˆâ–ˆâ–ˆâ–ˆâ–ˆâ–ˆ   | 51kB 50.8MB/s eta 0:00:01[K    100% |â–ˆâ–ˆâ–ˆâ–ˆâ–ˆâ–ˆâ–ˆâ–ˆâ–ˆâ–ˆâ–ˆâ–ˆâ–ˆâ–ˆâ–ˆâ–ˆâ–ˆâ–ˆâ–ˆâ–ˆâ–ˆâ–ˆâ–ˆâ–ˆâ–ˆâ–ˆâ–ˆâ–ˆâ–ˆâ–ˆâ–ˆâ–ˆ| 61kB 10.9MB/s 
[?25hCollecting chardet<3.1.0,>=3.0.2 (from requests>=2.7.9->codecov)
  Downloading chardet-3.0.4-py2.py3-none-any.whl (133kB)
[?25l[K    7% |â–ˆâ–ˆâ–Œ                             | 10kB 39.5MB/s eta 0:00:01[K    15% |â–ˆâ–ˆâ–ˆâ–ˆâ–ˆ                           | 20kB 35.6MB/s eta 0:00:01[K    23% |â–ˆâ–ˆâ–ˆâ–ˆâ–ˆâ–ˆâ–ˆâ–                        | 30kB 40.0MB/s eta 0:00:01[K    30% |â–ˆâ–ˆâ–ˆâ–ˆâ–ˆâ–ˆâ–ˆâ–ˆâ–ˆâ–‰                      | 40kB 40.8MB/s eta 0:00:01[K    38% |â–ˆâ–ˆâ–ˆâ–ˆâ–ˆâ–ˆâ–ˆâ–ˆâ–ˆâ–ˆâ–ˆâ–ˆâ–Ž                   | 51kB 39.5MB/s eta 0:00:01[K    46% |â–ˆâ–ˆâ–ˆâ–ˆâ–ˆâ–ˆâ–ˆâ–ˆâ–ˆâ–ˆâ–ˆâ–ˆâ–ˆâ–ˆâ–Š                 | 61kB 40.0MB/s eta 0:00:01[K    53% |â–ˆâ–ˆâ–ˆâ–ˆâ–ˆâ–ˆâ–ˆâ–ˆâ–ˆâ–ˆâ–ˆâ–ˆâ–ˆâ–ˆï¿½ï¿½ï¿½â–ˆâ–ˆâ–              | 71kB 41.1MB/s eta 0:00:01[K    61% |â–ˆâ–ˆâ–ˆâ–ˆâ–ˆâ–ˆâ–ˆâ–ˆâ–ˆâ–ˆâ–ˆâ–ˆâ–ˆâ–ˆâ–ˆâ–ˆâ–ˆâ–ˆâ–ˆâ–‹            | 81kB 42.1MB/s eta 0:00:01[K    69% |â–ˆâ–ˆâ–ˆâ–ˆâ–ˆâ–ˆâ–ˆâ–ˆâ–ˆâ–ˆâ–ˆâ–ˆâ–ˆâ–ˆâ–ˆâ–ˆâ–ˆâ–ˆâ–ˆâ–ˆâ–ˆâ–ˆâ–         | 92kB 43.5MB/s eta 0:00:01[K    76% |â–ˆâ–ˆâ–ˆâ–ˆâ–ˆâ–ˆâ–ˆâ–ˆâ–ˆâ–ˆâ–ˆâ–ˆâ–ˆâ–ˆâ–ˆâ–ˆâ–ˆâ–ˆâ–ˆâ–ˆâ–ˆâ–ˆâ–ˆâ–ˆâ–‹       | 102kB 44.3MB/s eta 0:00:01[K    84% |â–ˆâ–ˆâ–ˆâ–ˆâ–ˆâ–ˆâ–ˆâ–ˆâ–ˆâ–ˆâ–ˆâ–ˆâ–ˆâ–ˆâ–ˆâ–ˆâ–ˆâ–ˆâ–ˆâ–ˆâ–ˆâ–ˆâ–ˆâ–ˆâ–ˆâ–ˆâ–ˆ     | 112kB 46.3MB/s eta 0:00:01[K    92% |â–ˆâ–ˆâ–ˆâ–ˆâ–ˆâ–ˆâ–ˆâ–ˆâ–ˆâ–ˆâ–ˆâ–ˆâ–ˆâ–ˆâ–ˆâ–ˆâ–ˆâ–ˆâ–ˆâ–ˆâ–ˆâ–ˆâ–ˆâ–ˆâ–ˆâ–ˆâ–ˆâ–ˆâ–ˆâ–Œ  | 122kB 49.2MB/s eta 0:00:01[K    99% |â–ˆâ–ˆâ–ˆâ–ˆâ–ˆâ–ˆâ–ˆâ–ˆâ–ˆâ–ˆâ–ˆâ–ˆâ–ˆâ–ˆâ–ˆâ–ˆâ–ˆâ–ˆâ–ˆâ–ˆâ–ˆâ–ˆâ–ˆâ–ˆâ–ˆâ–ˆâ–ˆâ–ˆâ–ˆâ–ˆâ–ˆâ–ˆ| 133kB 49.5MB/s eta 0:00:01[K    100% |â–ˆâ–ˆâ–ˆâ–ˆâ–ˆâ–ˆâ–ˆâ–ˆâ–ˆâ–ˆâ–ˆâ–ˆâ–ˆâ–ˆâ–ˆâ–ˆâ–ˆâ–ˆâ–ˆâ–ˆâ–ˆâ–ˆâ–ˆâ–ˆâ–ˆâ–ˆâ–ˆâ–ˆâ–ˆâ–ˆâ–ˆâ–ˆ| 143kB 8.6MB/s 
[?25hInstalling collected packages: coverage, pytest-cov, urllib3, idna, chardet, requests, codecov
Successfully installed chardet-3.0.4 codecov-2.0.14 coverage-4.4.2 idna-2.6 pytest-cov-2.5.1 requests-2.18.4 urllib3-1.22
running install
running build
running build_py
creating build
creating build/lib
creating build/lib/joblib
copying joblib/_compat.py -> build/lib/joblib
copying joblib/_memmapping_reducer.py -> build/lib/joblib
copying joblib/_memory_helpers.py -> build/lib/joblib
copying joblib/_multiprocessing_helpers.py -> build/lib/joblib
copying joblib/_parallel_backends.py -> build/lib/joblib
copying joblib/_store_backends.py -> build/lib/joblib
copying joblib/backports.py -> build/lib/joblib
copying joblib/disk.py -> build/lib/joblib
copying joblib/executor.py -> build/lib/joblib
copying joblib/format_stack.py -> build/lib/joblib
copying joblib/func_inspect.py -> build/lib/joblib
copying joblib/hashing.py -> build/lib/joblib
copying joblib/logger.py -> build/lib/joblib
copying joblib/my_exceptions.py -> build/lib/joblib
copying joblib/numpy_pickle.py -> build/lib/joblib
copying joblib/numpy_pickle_compat.py -> build/lib/joblib
copying joblib/numpy_pickle_utils.py -> build/lib/joblib
copying joblib/parallel.py -> build/lib/joblib
copying joblib/pool.py -> build/lib/joblib
copying joblib/testing.py -> build/lib/joblib
copying joblib/__init__.py -> build/lib/joblib
copying joblib/memory.py -> build/lib/joblib
copying joblib/shelf.py -> build/lib/joblib
creating build/lib/joblib/test
copying joblib/test/__init__.py -> build/lib/joblib/test
copying joblib/test/common.py -> build/lib/joblib/test
copying joblib/test/test_backports.py -> build/lib/joblib/test
copying joblib/test/test_disk.py -> build/lib/joblib/test
copying joblib/test/test_format_stack.py -> build/lib/joblib/test
copying joblib/test/test_func_inspect.py -> build/lib/joblib/test
copying joblib/test/test_func_inspect_special_encoding.py -> build/lib/joblib/test
copying joblib/test/test_hashing.py -> build/lib/joblib/test
copying joblib/test/test_logger.py -> build/lib/joblib/test
copying joblib/test/test_memmapping.py -> build/lib/joblib/test
copying joblib/test/test_memory.py -> build/lib/joblib/test
copying joblib/test/test_my_exceptions.py -> build/lib/joblib/test
copying joblib/test/test_numpy_pickle.py -> build/lib/joblib/test
copying joblib/test/test_numpy_pickle_compat.py -> build/lib/joblib/test
copying joblib/test/test_numpy_pickle_utils.py -> build/lib/joblib/test
copying joblib/test/test_parallel.py -> build/lib/joblib/test
copying joblib/test/test_testing.py -> build/lib/joblib/test
copying joblib/test/test_shelf.py -> build/lib/joblib/test
creating build/lib/joblib/test/data
copying joblib/test/data/__init__.py -> build/lib/joblib/test/data
copying joblib/test/data/create_numpy_pickle.py -> build/lib/joblib/test/data
creating build/lib/joblib/externals
copying joblib/externals/__init__.py -> build/lib/joblib/externals
creating build/lib/joblib/externals/cloudpickle
copying joblib/externals/cloudpickle/__init__.py -> build/lib/joblib/externals/cloudpickle
copying joblib/externals/cloudpickle/cloudpickle.py -> build/lib/joblib/externals/cloudpickle
creating build/lib/joblib/externals/loky
copying joblib/externals/loky/__init__.py -> build/lib/joblib/externals/loky
copying joblib/externals/loky/_base.py -> build/lib/joblib/externals/loky
copying joblib/externals/loky/process_executor.py -> build/lib/joblib/externals/loky
copying joblib/externals/loky/reusable_executor.py -> build/lib/joblib/externals/loky
creating build/lib/joblib/externals/loky/backend
copying joblib/externals/loky/backend/__init__.py -> build/lib/joblib/externals/loky/backend
copying joblib/externals/loky/backend/_posix_reduction.py -> build/lib/joblib/externals/loky/backend
copying joblib/externals/loky/backend/_posix_wait.py -> build/lib/joblib/externals/loky/backend
copying joblib/externals/loky/backend/_win_reduction.py -> build/lib/joblib/externals/loky/backend
copying joblib/externals/loky/backend/_win_wait.py -> build/lib/joblib/externals/loky/backend
copying joblib/externals/loky/backend/compat.py -> build/lib/joblib/externals/loky/backend
copying joblib/externals/loky/backend/compat_posix.py -> build/lib/joblib/externals/loky/backend
copying joblib/externals/loky/backend/compat_win32.py -> build/lib/joblib/externals/loky/backend
copying joblib/externals/loky/backend/context.py -> build/lib/joblib/externals/loky/backend
copying joblib/externals/loky/backend/fork_exec.py -> build/lib/joblib/externals/loky/backend
copying joblib/externals/loky/backend/managers.py -> build/lib/joblib/externals/loky/backend
copying joblib/externals/loky/backend/popen_loky_posix.py -> build/lib/joblib/externals/loky/backend
copying joblib/externals/loky/backend/popen_loky_win32.py -> build/lib/joblib/externals/loky/backend
copying joblib/externals/loky/backend/process.py -> build/lib/joblib/externals/loky/backend
copying joblib/externals/loky/backend/queues.py -> build/lib/joblib/externals/loky/backend
copying joblib/externals/loky/backend/reduction.py -> build/lib/joblib/externals/loky/backend
copying joblib/externals/loky/backend/semaphore_tracker.py -> build/lib/joblib/externals/loky/backend
copying joblib/externals/loky/backend/semlock.py -> build/lib/joblib/externals/loky/backend
copying joblib/externals/loky/backend/spawn.py -> build/lib/joblib/externals/loky/backend
copying joblib/externals/loky/backend/synchronize.py -> build/lib/joblib/externals/loky/backend
copying joblib/externals/loky/backend/utils.py -> build/lib/joblib/externals/loky/backend
copying joblib/test/data/joblib_0.10.0_compressed_pickle_py27_np16.gz -> build/lib/joblib/test/data
copying joblib/test/data/joblib_0.10.0_compressed_pickle_py27_np17.gz -> build/lib/joblib/test/data
copying joblib/test/data/joblib_0.10.0_compressed_pickle_py33_np18.gz -> build/lib/joblib/test/data
copying joblib/test/data/joblib_0.10.0_compressed_pickle_py34_np19.gz -> build/lib/joblib/test/data
copying joblib/test/data/joblib_0.10.0_compressed_pickle_py35_np19.gz -> build/lib/joblib/test/data
copying joblib/test/data/joblib_0.11.0_compressed_pickle_py36_np111.gz -> build/lib/joblib/test/data
copying joblib/test/data/joblib_0.8.4_compressed_pickle_py27_np17.gz -> build/lib/joblib/test/data
copying joblib/test/data/joblib_0.9.2_compressed_pickle_py27_np16.gz -> build/lib/joblib/test/data
copying joblib/test/data/joblib_0.9.2_compressed_pickle_py27_np17.gz -> build/lib/joblib/test/data
copying joblib/test/data/joblib_0.9.2_compressed_pickle_py34_np19.gz -> build/lib/joblib/test/data
copying joblib/test/data/joblib_0.9.2_compressed_pickle_py35_np19.gz -> build/lib/joblib/test/data
copying joblib/test/data/joblib_0.9.4.dev0_compressed_cache_size_pickle_py35_np19.gz -> build/lib/joblib/test/data
copying joblib/test/data/joblib_0.10.0_pickle_py27_np16.pkl.gzip -> build/lib/joblib/test/data
copying joblib/test/data/joblib_0.10.0_pickle_py27_np17.pkl.gzip -> build/lib/joblib/test/data
copying joblib/test/data/joblib_0.10.0_pickle_py33_np18.pkl.gzip -> build/lib/joblib/test/data
copying joblib/test/data/joblib_0.10.0_pickle_py34_np19.pkl.gzip -> build/lib/joblib/test/data
copying joblib/test/data/joblib_0.10.0_pickle_py35_np19.pkl.gzip -> build/lib/joblib/test/data
copying joblib/test/data/joblib_0.11.0_pickle_py36_np111.pkl.gzip -> build/lib/joblib/test/data
copying joblib/test/data/joblib_0.10.0_pickle_py27_np16.pkl.bz2 -> build/lib/joblib/test/data
copying joblib/test/data/joblib_0.10.0_pickle_py27_np17.pkl.bz2 -> build/lib/joblib/test/data
copying joblib/test/data/joblib_0.10.0_pickle_py33_np18.pkl.bz2 -> build/lib/joblib/test/data
copying joblib/test/data/joblib_0.10.0_pickle_py34_np19.pkl.bz2 -> build/lib/joblib/test/data
copying joblib/test/data/joblib_0.10.0_pickle_py35_np19.pkl.bz2 -> build/lib/joblib/test/data
copying joblib/test/data/joblib_0.11.0_pickle_py36_np111.pkl.bz2 -> build/lib/joblib/test/data
copying joblib/test/data/joblib_0.10.0_pickle_py27_np17.pkl.xz -> build/lib/joblib/test/data
copying joblib/test/data/joblib_0.10.0_pickle_py33_np18.pkl.xz -> build/lib/joblib/test/data
copying joblib/test/data/joblib_0.10.0_pickle_py34_np19.pkl.xz -> build/lib/joblib/test/data
copying joblib/test/data/joblib_0.10.0_pickle_py35_np19.pkl.xz -> build/lib/joblib/test/data
copying joblib/test/data/joblib_0.11.0_pickle_py36_np111.pkl.xz -> build/lib/joblib/test/data
copying joblib/test/data/joblib_0.10.0_pickle_py27_np17.pkl.lzma -> build/lib/joblib/test/data
copying joblib/test/data/joblib_0.10.0_pickle_py33_np18.pkl.lzma -> build/lib/joblib/test/data
copying joblib/test/data/joblib_0.10.0_pickle_py34_np19.pkl.lzma -> build/lib/joblib/test/data
copying joblib/test/data/joblib_0.10.0_pickle_py35_np19.pkl.lzma -> build/lib/joblib/test/data
copying joblib/test/data/joblib_0.11.0_pickle_py36_np111.pkl.lzma -> build/lib/joblib/test/data
copying joblib/test/data/joblib_0.10.0_pickle_py27_np16.pkl -> build/lib/joblib/test/data
copying joblib/test/data/joblib_0.10.0_pickle_py27_np17.pkl -> build/lib/joblib/test/data
copying joblib/test/data/joblib_0.10.0_pickle_py33_np18.pkl -> build/lib/joblib/test/data
copying joblib/test/data/joblib_0.10.0_pickle_py34_np19.pkl -> build/lib/joblib/test/data
copying joblib/test/data/joblib_0.10.0_pickle_py35_np19.pkl -> build/lib/joblib/test/data
copying joblib/test/data/joblib_0.11.0_pickle_py36_np111.pkl -> build/lib/joblib/test/data
copying joblib/test/data/joblib_0.9.2_pickle_py27_np16.pkl -> build/lib/joblib/test/data
copying joblib/test/data/joblib_0.9.2_pickle_py27_np17.pkl -> build/lib/joblib/test/data
copying joblib/test/data/joblib_0.9.2_pickle_py33_np18.pkl -> build/lib/joblib/test/data
copying joblib/test/data/joblib_0.9.2_pickle_py34_np19.pkl -> build/lib/joblib/test/data
copying joblib/test/data/joblib_0.9.2_pickle_py35_np19.pkl -> build/lib/joblib/test/data
copying joblib/test/data/joblib_0.9.2_pickle_py27_np16.pkl_01.npy -> build/lib/joblib/test/data
copying joblib/test/data/joblib_0.9.2_pickle_py27_np16.pkl_02.npy -> build/lib/joblib/test/data
copying joblib/test/data/joblib_0.9.2_pickle_py27_np16.pkl_03.npy -> build/lib/joblib/test/data
copying joblib/test/data/joblib_0.9.2_pickle_py27_np16.pkl_04.npy -> build/lib/joblib/test/data
copying joblib/test/data/joblib_0.9.2_pickle_py27_np17.pkl_01.npy -> build/lib/joblib/test/data
copying joblib/test/data/joblib_0.9.2_pickle_py27_np17.pkl_02.npy -> build/lib/joblib/test/data
copying joblib/test/data/joblib_0.9.2_pickle_py27_np17.pkl_03.npy -> build/lib/joblib/test/data
copying joblib/test/data/joblib_0.9.2_pickle_py27_np17.pkl_04.npy -> build/lib/joblib/test/data
copying joblib/test/data/joblib_0.9.2_pickle_py33_np18.pkl_01.npy -> build/lib/joblib/test/data
copying joblib/test/data/joblib_0.9.2_pickle_py33_np18.pkl_02.npy -> build/lib/joblib/test/data
copying joblib/test/data/joblib_0.9.2_pickle_py33_np18.pkl_03.npy -> build/lib/joblib/test/data
copying joblib/test/data/joblib_0.9.2_pickle_py33_np18.pkl_04.npy -> build/lib/joblib/test/data
copying joblib/test/data/joblib_0.9.2_pickle_py34_np19.pkl_01.npy -> build/lib/joblib/test/data
copying joblib/test/data/joblib_0.9.2_pickle_py34_np19.pkl_02.npy -> build/lib/joblib/test/data
copying joblib/test/data/joblib_0.9.2_pickle_py34_np19.pkl_03.npy -> build/lib/joblib/test/data
copying joblib/test/data/joblib_0.9.2_pickle_py34_np19.pkl_04.npy -> build/lib/joblib/test/data
copying joblib/test/data/joblib_0.9.2_pickle_py35_np19.pkl_01.npy -> build/lib/joblib/test/data
copying joblib/test/data/joblib_0.9.2_pickle_py35_np19.pkl_02.npy -> build/lib/joblib/test/data
copying joblib/test/data/joblib_0.9.2_pickle_py35_np19.pkl_03.npy -> build/lib/joblib/test/data
copying joblib/test/data/joblib_0.9.2_pickle_py35_np19.pkl_04.npy -> build/lib/joblib/test/data
copying joblib/test/data/joblib_0.9.4.dev0_compressed_cache_size_pickle_py35_np19.gz_01.npy.z -> build/lib/joblib/test/data
copying joblib/test/data/joblib_0.9.4.dev0_compressed_cache_size_pickle_py35_np19.gz_02.npy.z -> build/lib/joblib/test/data
copying joblib/test/data/joblib_0.9.4.dev0_compressed_cache_size_pickle_py35_np19.gz_03.npy.z -> build/lib/joblib/test/data
running install_lib
creating /home/travis/miniconda/envs/testenv/lib/python3.6/site-packages/joblib
copying build/lib/joblib/_compat.py -> /home/travis/miniconda/envs/testenv/lib/python3.6/site-packages/joblib
copying build/lib/joblib/_memmapping_reducer.py -> /home/travis/miniconda/envs/testenv/lib/python3.6/site-packages/joblib
copying build/lib/joblib/_memory_helpers.py -> /home/travis/miniconda/envs/testenv/lib/python3.6/site-packages/joblib
copying build/lib/joblib/_multiprocessing_helpers.py -> /home/travis/miniconda/envs/testenv/lib/python3.6/site-packages/joblib
copying build/lib/joblib/_parallel_backends.py -> /home/travis/miniconda/envs/testenv/lib/python3.6/site-packages/joblib
copying build/lib/joblib/_store_backends.py -> /home/travis/miniconda/envs/testenv/lib/python3.6/site-packages/joblib
copying build/lib/joblib/backports.py -> /home/travis/miniconda/envs/testenv/lib/python3.6/site-packages/joblib
copying build/lib/joblib/disk.py -> /home/travis/miniconda/envs/testenv/lib/python3.6/site-packages/joblib
copying build/lib/joblib/executor.py -> /home/travis/miniconda/envs/testenv/lib/python3.6/site-packages/joblib
copying build/lib/joblib/format_stack.py -> /home/travis/miniconda/envs/testenv/lib/python3.6/site-packages/joblib
copying build/lib/joblib/func_inspect.py -> /home/travis/miniconda/envs/testenv/lib/python3.6/site-packages/joblib
copying build/lib/joblib/hashing.py -> /home/travis/miniconda/envs/testenv/lib/python3.6/site-packages/joblib
copying build/lib/joblib/logger.py -> /home/travis/miniconda/envs/testenv/lib/python3.6/site-packages/joblib
copying build/lib/joblib/my_exceptions.py -> /home/travis/miniconda/envs/testenv/lib/python3.6/site-packages/joblib
copying build/lib/joblib/numpy_pickle.py -> /home/travis/miniconda/envs/testenv/lib/python3.6/site-packages/joblib
copying build/lib/joblib/numpy_pickle_compat.py -> /home/travis/miniconda/envs/testenv/lib/python3.6/site-packages/joblib
copying build/lib/joblib/numpy_pickle_utils.py -> /home/travis/miniconda/envs/testenv/lib/python3.6/site-packages/joblib
copying build/lib/joblib/parallel.py -> /home/travis/miniconda/envs/testenv/lib/python3.6/site-packages/joblib
copying build/lib/joblib/pool.py -> /home/travis/miniconda/envs/testenv/lib/python3.6/site-packages/joblib
copying build/lib/joblib/testing.py -> /home/travis/miniconda/envs/testenv/lib/python3.6/site-packages/joblib
copying build/lib/joblib/__init__.py -> /home/travis/miniconda/envs/testenv/lib/python3.6/site-packages/joblib
copying build/lib/joblib/memory.py -> /home/travis/miniconda/envs/testenv/lib/python3.6/site-packages/joblib
copying build/lib/joblib/shelf.py -> /home/travis/miniconda/envs/testenv/lib/python3.6/site-packages/joblib
creating /home/travis/miniconda/envs/testenv/lib/python3.6/site-packages/joblib/test
copying build/lib/joblib/test/__init__.py -> /home/travis/miniconda/envs/testenv/lib/python3.6/site-packages/joblib/test
copying build/lib/joblib/test/common.py -> /home/travis/miniconda/envs/testenv/lib/python3.6/site-packages/joblib/test
copying build/lib/joblib/test/test_backports.py -> /home/travis/miniconda/envs/testenv/lib/python3.6/site-packages/joblib/test
copying build/lib/joblib/test/test_disk.py -> /home/travis/miniconda/envs/testenv/lib/python3.6/site-packages/joblib/test
copying build/lib/joblib/test/test_format_stack.py -> /home/travis/miniconda/envs/testenv/lib/python3.6/site-packages/joblib/test
copying build/lib/joblib/test/test_func_inspect.py -> /home/travis/miniconda/envs/testenv/lib/python3.6/site-packages/joblib/test
copying build/lib/joblib/test/test_func_inspect_special_encoding.py -> /home/travis/miniconda/envs/testenv/lib/python3.6/site-packages/joblib/test
copying build/lib/joblib/test/test_hashing.py -> /home/travis/miniconda/envs/testenv/lib/python3.6/site-packages/joblib/test
copying build/lib/joblib/test/test_logger.py -> /home/travis/miniconda/envs/testenv/lib/python3.6/site-packages/joblib/test
copying build/lib/joblib/test/test_memmapping.py -> /home/travis/miniconda/envs/testenv/lib/python3.6/site-packages/joblib/test
copying build/lib/joblib/test/test_memory.py -> /home/travis/miniconda/envs/testenv/lib/python3.6/site-packages/joblib/test
copying build/lib/joblib/test/test_my_exceptions.py -> /home/travis/miniconda/envs/testenv/lib/python3.6/site-packages/joblib/test
copying build/lib/joblib/test/test_numpy_pickle.py -> /home/travis/miniconda/envs/testenv/lib/python3.6/site-packages/joblib/test
copying build/lib/joblib/test/test_numpy_pickle_compat.py -> /home/travis/miniconda/envs/testenv/lib/python3.6/site-packages/joblib/test
copying build/lib/joblib/test/test_numpy_pickle_utils.py -> /home/travis/miniconda/envs/testenv/lib/python3.6/site-packages/joblib/test
copying build/lib/joblib/test/test_parallel.py -> /home/travis/miniconda/envs/testenv/lib/python3.6/site-packages/joblib/test
copying build/lib/joblib/test/test_testing.py -> /home/travis/miniconda/envs/testenv/lib/python3.6/site-packages/joblib/test
copying build/lib/joblib/test/test_shelf.py -> /home/travis/miniconda/envs/testenv/lib/python3.6/site-packages/joblib/test
creating /home/travis/miniconda/envs/testenv/lib/python3.6/site-packages/joblib/test/data
copying build/lib/joblib/test/data/__init__.py -> /home/travis/miniconda/envs/testenv/lib/python3.6/site-packages/joblib/test/data
copying build/lib/joblib/test/data/create_numpy_pickle.py -> /home/travis/miniconda/envs/testenv/lib/python3.6/site-packages/joblib/test/data
copying build/lib/joblib/test/data/joblib_0.10.0_compressed_pickle_py27_np16.gz -> /home/travis/miniconda/envs/testenv/lib/python3.6/site-packages/joblib/test/data
copying build/lib/joblib/test/data/joblib_0.10.0_compressed_pickle_py27_np17.gz -> /home/travis/miniconda/envs/testenv/lib/python3.6/site-packages/joblib/test/data
copying build/lib/joblib/test/data/joblib_0.10.0_compressed_pickle_py33_np18.gz -> /home/travis/miniconda/envs/testenv/lib/python3.6/site-packages/joblib/test/data
copying build/lib/joblib/test/data/joblib_0.10.0_compressed_pickle_py34_np19.gz -> /home/travis/miniconda/envs/testenv/lib/python3.6/site-packages/joblib/test/data
copying build/lib/joblib/test/data/joblib_0.10.0_compressed_pickle_py35_np19.gz -> /home/travis/miniconda/envs/testenv/lib/python3.6/site-packages/joblib/test/data
copying build/lib/joblib/test/data/joblib_0.11.0_compressed_pickle_py36_np111.gz -> /home/travis/miniconda/envs/testenv/lib/python3.6/site-packages/joblib/test/data
copying build/lib/joblib/test/data/joblib_0.8.4_compressed_pickle_py27_np17.gz -> /home/travis/miniconda/envs/testenv/lib/python3.6/site-packages/joblib/test/data
copying build/lib/joblib/test/data/joblib_0.9.2_compressed_pickle_py27_np16.gz -> /home/travis/miniconda/envs/testenv/lib/python3.6/site-packages/joblib/test/data
copying build/lib/joblib/test/data/joblib_0.9.2_compressed_pickle_py27_np17.gz -> /home/travis/miniconda/envs/testenv/lib/python3.6/site-packages/joblib/test/data
copying build/lib/joblib/test/data/joblib_0.9.2_compressed_pickle_py34_np19.gz -> /home/travis/miniconda/envs/testenv/lib/python3.6/site-packages/joblib/test/data
copying build/lib/joblib/test/data/joblib_0.9.2_compressed_pickle_py35_np19.gz -> /home/travis/miniconda/envs/testenv/lib/python3.6/site-packages/joblib/test/data
copying build/lib/joblib/test/data/joblib_0.9.4.dev0_compressed_cache_size_pickle_py35_np19.gz -> /home/travis/miniconda/envs/testenv/lib/python3.6/site-packages/joblib/test/data
copying build/lib/joblib/test/data/joblib_0.10.0_pickle_py27_np16.pkl.gzip -> /home/travis/miniconda/envs/testenv/lib/python3.6/site-packages/joblib/test/data
copying build/lib/joblib/test/data/joblib_0.10.0_pickle_py27_np17.pkl.gzip -> /home/travis/miniconda/envs/testenv/lib/python3.6/site-packages/joblib/test/data
copying build/lib/joblib/test/data/joblib_0.10.0_pickle_py33_np18.pkl.gzip -> /home/travis/miniconda/envs/testenv/lib/python3.6/site-packages/joblib/test/data
copying build/lib/joblib/test/data/joblib_0.10.0_pickle_py34_np19.pkl.gzip -> /home/travis/miniconda/envs/testenv/lib/python3.6/site-packages/joblib/test/data
copying build/lib/joblib/test/data/joblib_0.10.0_pickle_py35_np19.pkl.gzip -> /home/travis/miniconda/envs/testenv/lib/python3.6/site-packages/joblib/test/data
copying build/lib/joblib/test/data/joblib_0.11.0_pickle_py36_np111.pkl.gzip -> /home/travis/miniconda/envs/testenv/lib/python3.6/site-packages/joblib/test/data
copying build/lib/joblib/test/data/joblib_0.10.0_pickle_py27_np16.pkl.bz2 -> /home/travis/miniconda/envs/testenv/lib/python3.6/site-packages/joblib/test/data
copying build/lib/joblib/test/data/joblib_0.10.0_pickle_py27_np17.pkl.bz2 -> /home/travis/miniconda/envs/testenv/lib/python3.6/site-packages/joblib/test/data
copying build/lib/joblib/test/data/joblib_0.10.0_pickle_py33_np18.pkl.bz2 -> /home/travis/miniconda/envs/testenv/lib/python3.6/site-packages/joblib/test/data
copying build/lib/joblib/test/data/joblib_0.10.0_pickle_py34_np19.pkl.bz2 -> /home/travis/miniconda/envs/testenv/lib/python3.6/site-packages/joblib/test/data
copying build/lib/joblib/test/data/joblib_0.10.0_pickle_py35_np19.pkl.bz2 -> /home/travis/miniconda/envs/testenv/lib/python3.6/site-packages/joblib/test/data
copying build/lib/joblib/test/data/joblib_0.11.0_pickle_py36_np111.pkl.bz2 -> /home/travis/miniconda/envs/testenv/lib/python3.6/site-packages/joblib/test/data
copying build/lib/joblib/test/data/joblib_0.10.0_pickle_py27_np17.pkl.xz -> /home/travis/miniconda/envs/testenv/lib/python3.6/site-packages/joblib/test/data
copying build/lib/joblib/test/data/joblib_0.10.0_pickle_py33_np18.pkl.xz -> /home/travis/miniconda/envs/testenv/lib/python3.6/site-packages/joblib/test/data
copying build/lib/joblib/test/data/joblib_0.10.0_pickle_py34_np19.pkl.xz -> /home/travis/miniconda/envs/testenv/lib/python3.6/site-packages/joblib/test/data
copying build/lib/joblib/test/data/joblib_0.10.0_pickle_py35_np19.pkl.xz -> /home/travis/miniconda/envs/testenv/lib/python3.6/site-packages/joblib/test/data
copying build/lib/joblib/test/data/joblib_0.11.0_pickle_py36_np111.pkl.xz -> /home/travis/miniconda/envs/testenv/lib/python3.6/site-packages/joblib/test/data
copying build/lib/joblib/test/data/joblib_0.10.0_pickle_py27_np17.pkl.lzma -> /home/travis/miniconda/envs/testenv/lib/python3.6/site-packages/joblib/test/data
copying build/lib/joblib/test/data/joblib_0.10.0_pickle_py33_np18.pkl.lzma -> /home/travis/miniconda/envs/testenv/lib/python3.6/site-packages/joblib/test/data
copying build/lib/joblib/test/data/joblib_0.10.0_pickle_py34_np19.pkl.lzma -> /home/travis/miniconda/envs/testenv/lib/python3.6/site-packages/joblib/test/data
copying build/lib/joblib/test/data/joblib_0.10.0_pickle_py35_np19.pkl.lzma -> /home/travis/miniconda/envs/testenv/lib/python3.6/site-packages/joblib/test/data
copying build/lib/joblib/test/data/joblib_0.11.0_pickle_py36_np111.pkl.lzma -> /home/travis/miniconda/envs/testenv/lib/python3.6/site-packages/joblib/test/data
copying build/lib/joblib/test/data/joblib_0.10.0_pickle_py27_np16.pkl -> /home/travis/miniconda/envs/testenv/lib/python3.6/site-packages/joblib/test/data
copying build/lib/joblib/test/data/joblib_0.10.0_pickle_py27_np17.pkl -> /home/travis/miniconda/envs/testenv/lib/python3.6/site-packages/joblib/test/data
copying build/lib/joblib/test/data/joblib_0.10.0_pickle_py33_np18.pkl -> /home/travis/miniconda/envs/testenv/lib/python3.6/site-packages/joblib/test/data
copying build/lib/joblib/test/data/joblib_0.10.0_pickle_py34_np19.pkl -> /home/travis/miniconda/envs/testenv/lib/python3.6/site-packages/joblib/test/data
copying build/lib/joblib/test/data/joblib_0.10.0_pickle_py35_np19.pkl -> /home/travis/miniconda/envs/testenv/lib/python3.6/site-packages/joblib/test/data
copying build/lib/joblib/test/data/joblib_0.11.0_pickle_py36_np111.pkl -> /home/travis/miniconda/envs/testenv/lib/python3.6/site-packages/joblib/test/data
copying build/lib/joblib/test/data/joblib_0.9.2_pickle_py27_np16.pkl -> /home/travis/miniconda/envs/testenv/lib/python3.6/site-packages/joblib/test/data
copying build/lib/joblib/test/data/joblib_0.9.2_pickle_py27_np17.pkl -> /home/travis/miniconda/envs/testenv/lib/python3.6/site-packages/joblib/test/data
copying build/lib/joblib/test/data/joblib_0.9.2_pickle_py33_np18.pkl -> /home/travis/miniconda/envs/testenv/lib/python3.6/site-packages/joblib/test/data
copying build/lib/joblib/test/data/joblib_0.9.2_pickle_py34_np19.pkl -> /home/travis/miniconda/envs/testenv/lib/python3.6/site-packages/joblib/test/data
copying build/lib/joblib/test/data/joblib_0.9.2_pickle_py35_np19.pkl -> /home/travis/miniconda/envs/testenv/lib/python3.6/site-packages/joblib/test/data
copying build/lib/joblib/test/data/joblib_0.9.2_pickle_py27_np16.pkl_01.npy -> /home/travis/miniconda/envs/testenv/lib/python3.6/site-packages/joblib/test/data
copying build/lib/joblib/test/data/joblib_0.9.2_pickle_py27_np16.pkl_02.npy -> /home/travis/miniconda/envs/testenv/lib/python3.6/site-packages/joblib/test/data
copying build/lib/joblib/test/data/joblib_0.9.2_pickle_py27_np16.pkl_03.npy -> /home/travis/miniconda/envs/testenv/lib/python3.6/site-packages/joblib/test/data
copying build/lib/joblib/test/data/joblib_0.9.2_pickle_py27_np16.pkl_04.npy -> /home/travis/miniconda/envs/testenv/lib/python3.6/site-packages/joblib/test/data
copying build/lib/joblib/test/data/joblib_0.9.2_pickle_py27_np17.pkl_01.npy -> /home/travis/miniconda/envs/testenv/lib/python3.6/site-packages/joblib/test/data
copying build/lib/joblib/test/data/joblib_0.9.2_pickle_py27_np17.pkl_02.npy -> /home/travis/miniconda/envs/testenv/lib/python3.6/site-packages/joblib/test/data
copying build/lib/joblib/test/data/joblib_0.9.2_pickle_py27_np17.pkl_03.npy -> /home/travis/miniconda/envs/testenv/lib/python3.6/site-packages/joblib/test/data
copying build/lib/joblib/test/data/joblib_0.9.2_pickle_py27_np17.pkl_04.npy -> /home/travis/miniconda/envs/testenv/lib/python3.6/site-packages/joblib/test/data
copying build/lib/joblib/test/data/joblib_0.9.2_pickle_py33_np18.pkl_01.npy -> /home/travis/miniconda/envs/testenv/lib/python3.6/site-packages/joblib/test/data
copying build/lib/joblib/test/data/joblib_0.9.2_pickle_py33_np18.pkl_02.npy -> /home/travis/miniconda/envs/testenv/lib/python3.6/site-packages/joblib/test/data
copying build/lib/joblib/test/data/joblib_0.9.2_pickle_py33_np18.pkl_03.npy -> /home/travis/miniconda/envs/testenv/lib/python3.6/site-packages/joblib/test/data
copying build/lib/joblib/test/data/joblib_0.9.2_pickle_py33_np18.pkl_04.npy -> /home/travis/miniconda/envs/testenv/lib/python3.6/site-packages/joblib/test/data
copying build/lib/joblib/test/data/joblib_0.9.2_pickle_py34_np19.pkl_01.npy -> /home/travis/miniconda/envs/testenv/lib/python3.6/site-packages/joblib/test/data
copying build/lib/joblib/test/data/joblib_0.9.2_pickle_py34_np19.pkl_02.npy -> /home/travis/miniconda/envs/testenv/lib/python3.6/site-packages/joblib/test/data
copying build/lib/joblib/test/data/joblib_0.9.2_pickle_py34_np19.pkl_03.npy -> /home/travis/miniconda/envs/testenv/lib/python3.6/site-packages/joblib/test/data
copying build/lib/joblib/test/data/joblib_0.9.2_pickle_py34_np19.pkl_04.npy -> /home/travis/miniconda/envs/testenv/lib/python3.6/site-packages/joblib/test/data
copying build/lib/joblib/test/data/joblib_0.9.2_pickle_py35_np19.pkl_01.npy -> /home/travis/miniconda/envs/testenv/lib/python3.6/site-packages/joblib/test/data
copying build/lib/joblib/test/data/joblib_0.9.2_pickle_py35_np19.pkl_02.npy -> /home/travis/miniconda/envs/testenv/lib/python3.6/site-packages/joblib/test/data
copying build/lib/joblib/test/data/joblib_0.9.2_pickle_py35_np19.pkl_03.npy -> /home/travis/miniconda/envs/testenv/lib/python3.6/site-packages/joblib/test/data
copying build/lib/joblib/test/data/joblib_0.9.2_pickle_py35_np19.pkl_04.npy -> /home/travis/miniconda/envs/testenv/lib/python3.6/site-packages/joblib/test/data
copying build/lib/joblib/test/data/joblib_0.9.4.dev0_compressed_cache_size_pickle_py35_np19.gz_01.npy.z -> /home/travis/miniconda/envs/testenv/lib/python3.6/site-packages/joblib/test/data
copying build/lib/joblib/test/data/joblib_0.9.4.dev0_compressed_cache_size_pickle_py35_np19.gz_02.npy.z -> /home/travis/miniconda/envs/testenv/lib/python3.6/site-packages/joblib/test/data
copying build/lib/joblib/test/data/joblib_0.9.4.dev0_compressed_cache_size_pickle_py35_np19.gz_03.npy.z -> /home/travis/miniconda/envs/testenv/lib/python3.6/site-packages/joblib/test/data
creating /home/travis/miniconda/envs/testenv/lib/python3.6/site-packages/joblib/externals
copying build/lib/joblib/externals/__init__.py -> /home/travis/miniconda/envs/testenv/lib/python3.6/site-packages/joblib/externals
creating /home/travis/miniconda/envs/testenv/lib/python3.6/site-packages/joblib/externals/cloudpickle
copying build/lib/joblib/externals/cloudpickle/__init__.py -> /home/travis/miniconda/envs/testenv/lib/python3.6/site-packages/joblib/externals/cloudpickle
copying build/lib/joblib/externals/cloudpickle/cloudpickle.py -> /home/travis/miniconda/envs/testenv/lib/python3.6/site-packages/joblib/externals/cloudpickle
creating /home/travis/miniconda/envs/testenv/lib/python3.6/site-packages/joblib/externals/loky
copying build/lib/joblib/externals/loky/__init__.py -> /home/travis/miniconda/envs/testenv/lib/python3.6/site-packages/joblib/externals/loky
copying build/lib/joblib/externals/loky/_base.py -> /home/travis/miniconda/envs/testenv/lib/python3.6/site-packages/joblib/externals/loky
copying build/lib/joblib/externals/loky/process_executor.py -> /home/travis/miniconda/envs/testenv/lib/python3.6/site-packages/joblib/externals/loky
copying build/lib/joblib/externals/loky/reusable_executor.py -> /home/travis/miniconda/envs/testenv/lib/python3.6/site-packages/joblib/externals/loky
creating /home/travis/miniconda/envs/testenv/lib/python3.6/site-packages/joblib/externals/loky/backend
copying build/lib/joblib/externals/loky/backend/__init__.py -> /home/travis/miniconda/envs/testenv/lib/python3.6/site-packages/joblib/externals/loky/backend
copying build/lib/joblib/externals/loky/backend/_posix_reduction.py -> /home/travis/miniconda/envs/testenv/lib/python3.6/site-packages/joblib/externals/loky/backend
copying build/lib/joblib/externals/loky/backend/_posix_wait.py -> /home/travis/miniconda/envs/testenv/lib/python3.6/site-packages/joblib/externals/loky/backend
copying build/lib/joblib/externals/loky/backend/_win_reduction.py -> /home/travis/miniconda/envs/testenv/lib/python3.6/site-packages/joblib/externals/loky/backend
copying build/lib/joblib/externals/loky/backend/_win_wait.py -> /home/travis/miniconda/envs/testenv/lib/python3.6/site-packages/joblib/externals/loky/backend
copying build/lib/joblib/externals/loky/backend/compat.py -> /home/travis/miniconda/envs/testenv/lib/python3.6/site-packages/joblib/externals/loky/backend
copying build/lib/joblib/externals/loky/backend/compat_posix.py -> /home/travis/miniconda/envs/testenv/lib/python3.6/site-packages/joblib/externals/loky/backend
copying build/lib/joblib/externals/loky/backend/compat_win32.py -> /home/travis/miniconda/envs/testenv/lib/python3.6/site-packages/joblib/externals/loky/backend
copying build/lib/joblib/externals/loky/backend/context.py -> /home/travis/miniconda/envs/testenv/lib/python3.6/site-packages/joblib/externals/loky/backend
copying build/lib/joblib/externals/loky/backend/fork_exec.py -> /home/travis/miniconda/envs/testenv/lib/python3.6/site-packages/joblib/externals/loky/backend
copying build/lib/joblib/externals/loky/backend/managers.py -> /home/travis/miniconda/envs/testenv/lib/python3.6/site-packages/joblib/externals/loky/backend
copying build/lib/joblib/externals/loky/backend/popen_loky_posix.py -> /home/travis/miniconda/envs/testenv/lib/python3.6/site-packages/joblib/externals/loky/backend
copying build/lib/joblib/externals/loky/backend/popen_loky_win32.py -> /home/travis/miniconda/envs/testenv/lib/python3.6/site-packages/joblib/externals/loky/backend
copying build/lib/joblib/externals/loky/backend/process.py -> /home/travis/miniconda/envs/testenv/lib/python3.6/site-packages/joblib/externals/loky/backend
copying build/lib/joblib/externals/loky/backend/queues.py -> /home/travis/miniconda/envs/testenv/lib/python3.6/site-packages/joblib/externals/loky/backend
copying build/lib/joblib/externals/loky/backend/reduction.py -> /home/travis/miniconda/envs/testenv/lib/python3.6/site-packages/joblib/externals/loky/backend
copying build/lib/joblib/externals/loky/backend/semaphore_tracker.py -> /home/travis/miniconda/envs/testenv/lib/python3.6/site-packages/joblib/externals/loky/backend
copying build/lib/joblib/externals/loky/backend/semlock.py -> /home/travis/miniconda/envs/testenv/lib/python3.6/site-packages/joblib/externals/loky/backend
copying build/lib/joblib/externals/loky/backend/spawn.py -> /home/travis/miniconda/envs/testenv/lib/python3.6/site-packages/joblib/externals/loky/backend
copying build/lib/joblib/externals/loky/backend/synchronize.py -> /home/travis/miniconda/envs/testenv/lib/python3.6/site-packages/joblib/externals/loky/backend
copying build/lib/joblib/externals/loky/backend/utils.py -> /home/travis/miniconda/envs/testenv/lib/python3.6/site-packages/joblib/externals/loky/backend
byte-compiling /home/travis/miniconda/envs/testenv/lib/python3.6/site-packages/joblib/_compat.py to _compat.cpython-36.pyc
byte-compiling /home/travis/miniconda/envs/testenv/lib/python3.6/site-packages/joblib/_memmapping_reducer.py to _memmapping_reducer.cpython-36.pyc
byte-compiling /home/travis/miniconda/envs/testenv/lib/python3.6/site-packages/joblib/_memory_helpers.py to _memory_helpers.cpython-36.pyc
byte-compiling /home/travis/miniconda/envs/testenv/lib/python3.6/site-packages/joblib/_multiprocessing_helpers.py to _multiprocessing_helpers.cpython-36.pyc
byte-compiling /home/travis/miniconda/envs/testenv/lib/python3.6/site-packages/joblib/_parallel_backends.py to _parallel_backends.cpython-36.pyc
byte-compiling /home/travis/miniconda/envs/testenv/lib/python3.6/site-packages/joblib/_store_backends.py to _store_backends.cpython-36.pyc
byte-compiling /home/travis/miniconda/envs/testenv/lib/python3.6/site-packages/joblib/backports.py to backports.cpython-36.pyc
byte-compiling /home/travis/miniconda/envs/testenv/lib/python3.6/site-packages/joblib/disk.py to disk.cpython-36.pyc
byte-compiling /home/travis/miniconda/envs/testenv/lib/python3.6/site-packages/joblib/executor.py to executor.cpython-36.pyc
byte-compiling /home/travis/miniconda/envs/testenv/lib/python3.6/site-packages/joblib/format_stack.py to format_stack.cpython-36.pyc
byte-compiling /home/travis/miniconda/envs/testenv/lib/python3.6/site-packages/joblib/func_inspect.py to func_inspect.cpython-36.pyc
byte-compiling /home/travis/miniconda/envs/testenv/lib/python3.6/site-packages/joblib/hashing.py to hashing.cpython-36.pyc
byte-compiling /home/travis/miniconda/envs/testenv/lib/python3.6/site-packages/joblib/logger.py to logger.cpython-36.pyc
byte-compiling /home/travis/miniconda/envs/testenv/lib/python3.6/site-packages/joblib/my_exceptions.py to my_exceptions.cpython-36.pyc
byte-compiling /home/travis/miniconda/envs/testenv/lib/python3.6/site-packages/joblib/numpy_pickle.py to numpy_pickle.cpython-36.pyc
byte-compiling /home/travis/miniconda/envs/testenv/lib/python3.6/site-packages/joblib/numpy_pickle_compat.py to numpy_pickle_compat.cpython-36.pyc
byte-compiling /home/travis/miniconda/envs/testenv/lib/python3.6/site-packages/joblib/numpy_pickle_utils.py to numpy_pickle_utils.cpython-36.pyc
byte-compiling /home/travis/miniconda/envs/testenv/lib/python3.6/site-packages/joblib/parallel.py to parallel.cpython-36.pyc
byte-compiling /home/travis/miniconda/envs/testenv/lib/python3.6/site-packages/joblib/pool.py to pool.cpython-36.pyc
byte-compiling /home/travis/miniconda/envs/testenv/lib/python3.6/site-packages/joblib/testing.py to testing.cpython-36.pyc
byte-compiling /home/travis/miniconda/envs/testenv/lib/python3.6/site-packages/joblib/__init__.py to __init__.cpython-36.pyc
byte-compiling /home/travis/miniconda/envs/testenv/lib/python3.6/site-packages/joblib/memory.py to memory.cpython-36.pyc
byte-compiling /home/travis/miniconda/envs/testenv/lib/python3.6/site-packages/joblib/shelf.py to shelf.cpython-36.pyc
byte-compiling /home/travis/miniconda/envs/testenv/lib/python3.6/site-packages/joblib/test/__init__.py to __init__.cpython-36.pyc
byte-compiling /home/travis/miniconda/envs/testenv/lib/python3.6/site-packages/joblib/test/common.py to common.cpython-36.pyc
byte-compiling /home/travis/miniconda/envs/testenv/lib/python3.6/site-packages/joblib/test/test_backports.py to test_backports.cpython-36.pyc
byte-compiling /home/travis/miniconda/envs/testenv/lib/python3.6/site-packages/joblib/test/test_disk.py to test_disk.cpython-36.pyc
byte-compiling /home/travis/miniconda/envs/testenv/lib/python3.6/site-packages/joblib/test/test_format_stack.py to test_format_stack.cpython-36.pyc
byte-compiling /home/travis/miniconda/envs/testenv/lib/python3.6/site-packages/joblib/test/test_func_inspect.py to test_func_inspect.cpython-36.pyc
byte-compiling /home/travis/miniconda/envs/testenv/lib/python3.6/site-packages/joblib/test/test_func_inspect_special_encoding.py to test_func_inspect_special_encoding.cpython-36.pyc
byte-compiling /home/travis/miniconda/envs/testenv/lib/python3.6/site-packages/joblib/test/test_hashing.py to test_hashing.cpython-36.pyc
byte-compiling /home/travis/miniconda/envs/testenv/lib/python3.6/site-packages/joblib/test/test_logger.py to test_logger.cpython-36.pyc
byte-compiling /home/travis/miniconda/envs/testenv/lib/python3.6/site-packages/joblib/test/test_memmapping.py to test_memmapping.cpython-36.pyc
byte-compiling /home/travis/miniconda/envs/testenv/lib/python3.6/site-packages/joblib/test/test_memory.py to test_memory.cpython-36.pyc
byte-compiling /home/travis/miniconda/envs/testenv/lib/python3.6/site-packages/joblib/test/test_my_exceptions.py to test_my_exceptions.cpython-36.pyc
byte-compiling /home/travis/miniconda/envs/testenv/lib/python3.6/site-packages/joblib/test/test_numpy_pickle.py to test_numpy_pickle.cpython-36.pyc
byte-compiling /home/travis/miniconda/envs/testenv/lib/python3.6/site-packages/joblib/test/test_numpy_pickle_compat.py to test_numpy_pickle_compat.cpython-36.pyc
byte-compiling /home/travis/miniconda/envs/testenv/lib/python3.6/site-packages/joblib/test/test_numpy_pickle_utils.py to test_numpy_pickle_utils.cpython-36.pyc
byte-compiling /home/travis/miniconda/envs/testenv/lib/python3.6/site-packages/joblib/test/test_parallel.py to test_parallel.cpython-36.pyc
byte-compiling /home/travis/miniconda/envs/testenv/lib/python3.6/site-packages/joblib/test/test_testing.py to test_testing.cpython-36.pyc
byte-compiling /home/travis/miniconda/envs/testenv/lib/python3.6/site-packages/joblib/test/test_shelf.py to test_shelf.cpython-36.pyc
byte-compiling /home/travis/miniconda/envs/testenv/lib/python3.6/site-packages/joblib/test/data/__init__.py to __init__.cpython-36.pyc
byte-compiling /home/travis/miniconda/envs/testenv/lib/python3.6/site-packages/joblib/test/data/create_numpy_pickle.py to create_numpy_pickle.cpython-36.pyc
byte-compiling /home/travis/miniconda/envs/testenv/lib/python3.6/site-packages/joblib/externals/__init__.py to __init__.cpython-36.pyc
byte-compiling /home/travis/miniconda/envs/testenv/lib/python3.6/site-packages/joblib/externals/cloudpickle/__init__.py to __init__.cpython-36.pyc
byte-compiling /home/travis/miniconda/envs/testenv/lib/python3.6/site-packages/joblib/externals/cloudpickle/cloudpickle.py to cloudpickle.cpython-36.pyc
byte-compiling /home/travis/miniconda/envs/testenv/lib/python3.6/site-packages/joblib/externals/loky/__init__.py to __init__.cpython-36.pyc
byte-compiling /home/travis/miniconda/envs/testenv/lib/python3.6/site-packages/joblib/externals/loky/_base.py to _base.cpython-36.pyc
byte-compiling /home/travis/miniconda/envs/testenv/lib/python3.6/site-packages/joblib/externals/loky/process_executor.py to process_executor.cpython-36.pyc
byte-compiling /home/travis/miniconda/envs/testenv/lib/python3.6/site-packages/joblib/externals/loky/reusable_executor.py to reusable_executor.cpython-36.pyc
byte-compiling /home/travis/miniconda/envs/testenv/lib/python3.6/site-packages/joblib/externals/loky/backend/__init__.py to __init__.cpython-36.pyc
byte-compiling /home/travis/miniconda/envs/testenv/lib/python3.6/site-packages/joblib/externals/loky/backend/_posix_reduction.py to _posix_reduction.cpython-36.pyc
byte-compiling /home/travis/miniconda/envs/testenv/lib/python3.6/site-packages/joblib/externals/loky/backend/_posix_wait.py to _posix_wait.cpython-36.pyc
byte-compiling /home/travis/miniconda/envs/testenv/lib/python3.6/site-packages/joblib/externals/loky/backend/_win_reduction.py to _win_reduction.cpython-36.pyc
byte-compiling /home/travis/miniconda/envs/testenv/lib/python3.6/site-packages/joblib/externals/loky/backend/_win_wait.py to _win_wait.cpython-36.pyc
byte-compiling /home/travis/miniconda/envs/testenv/lib/python3.6/site-packages/joblib/externals/loky/backend/compat.py to compat.cpython-36.pyc
byte-compiling /home/travis/miniconda/envs/testenv/lib/python3.6/site-packages/joblib/externals/loky/backend/compat_posix.py to compat_posix.cpython-36.pyc
byte-compiling /home/travis/miniconda/envs/testenv/lib/python3.6/site-packages/joblib/externals/loky/backend/compat_win32.py to compat_win32.cpython-36.pyc
byte-compiling /home/travis/miniconda/envs/testenv/lib/python3.6/site-packages/joblib/externals/loky/backend/context.py to context.cpython-36.pyc
byte-compiling /home/travis/miniconda/envs/testenv/lib/python3.6/site-packages/joblib/externals/loky/backend/fork_exec.py to fork_exec.cpython-36.pyc
byte-compiling /home/travis/miniconda/envs/testenv/lib/python3.6/site-packages/joblib/externals/loky/backend/managers.py to managers.cpython-36.pyc
byte-compiling /home/travis/miniconda/envs/testenv/lib/python3.6/site-packages/joblib/externals/loky/backend/popen_loky_posix.py to popen_loky_posix.cpython-36.pyc
byte-compiling /home/travis/miniconda/envs/testenv/lib/python3.6/site-packages/joblib/externals/loky/backend/popen_loky_win32.py to popen_loky_win32.cpython-36.pyc
byte-compiling /home/travis/miniconda/envs/testenv/lib/python3.6/site-packages/joblib/externals/loky/backend/process.py to process.cpython-36.pyc
byte-compiling /home/travis/miniconda/envs/testenv/lib/python3.6/site-packages/joblib/externals/loky/backend/queues.py to queues.cpython-36.pyc
byte-compiling /home/travis/miniconda/envs/testenv/lib/python3.6/site-packages/joblib/externals/loky/backend/reduction.py to reduction.cpython-36.pyc
byte-compiling /home/travis/miniconda/envs/testenv/lib/python3.6/site-packages/joblib/externals/loky/backend/semaphore_tracker.py to semaphore_tracker.cpython-36.pyc
byte-compiling /home/travis/miniconda/envs/testenv/lib/python3.6/site-packages/joblib/externals/loky/backend/semlock.py to semlock.cpython-36.pyc
byte-compiling /home/travis/miniconda/envs/testenv/lib/python3.6/site-packages/joblib/externals/loky/backend/spawn.py to spawn.cpython-36.pyc
byte-compiling /home/travis/miniconda/envs/testenv/lib/python3.6/site-packages/joblib/externals/loky/backend/synchronize.py to synchronize.cpython-36.pyc
byte-compiling /home/travis/miniconda/envs/testenv/lib/python3.6/site-packages/joblib/externals/loky/backend/utils.py to utils.cpython-36.pyc
running install_egg_info
Writing /home/travis/miniconda/envs/testenv/lib/python3.6/site-packages/joblib-0.11.1.dev0-py3.6.egg-info

travis_time:end:028e597e:start=1517083630429515213,finish=1517083747658387533,duration=117228872320[0Ktravis_fold:end:install[0Ktravis_time:start:033d847a[0K$ source continuous_integration/travis/test_script.sh
pytest joblib --timeout 15 -vl
[1m============================= test session starts ==============================[0m
platform linux -- Python 3.6.4, pytest-3.3.2, py-1.5.2, pluggy-0.6.0 -- /home/travis/miniconda/envs/testenv/bin/python
cachedir: .cache
rootdir: /home/travis/build/joblib/joblib, inifile: setup.cfg
plugins: timeout-1.2.1, cov-2.5.1
timeout: 15.0s method: signal
[1mcollecting 0 items                                                             [0m[1mcollecting 1 item                                                              [0m[1mcollecting 1 item                                                              [0m[1mcollecting 1 item                                                              [0m[1mcollecting 1 item                                                              [0m[1mcollecting 1 item                                                              [0m[1mcollecting 1 item                                                              [0m[1mcollecting 1 item                                                              [0m[1mcollecting 1 item                                                              [0m[1mcollecting 1 item                                                              [0m[1mcollecting 1 item                                                              [0m[1mcollecting 1 item                                                              [0m[1mcollecting 1 item                                                              [0m[1mcollecting 1 item                                                              [0m[1mcollecting 1 item                                                              [0m[1mcollecting 1 item                                                              [0m[1mcollecting 1 item                                                              [0m[1mcollecting 1 item                                                              [0m[1mcollecting 1 item                                                              [0m[1mcollecting 1 item                                                              [0m[1mcollecting 3 items                                                             [0m[1mcollecting 3 items                                                             [0m[1mcollecting 5 items                                                             [0m[1mcollecting 5 items                                                             [0m[1mcollecting 5 items                                                             [0m[1mcollecting 5 items                                                             [0m[1mcollecting 5 items                                                             [0m[1mcollecting 10 items                                                            [0m[1mcollecting 10 items                                                            [0m[1mcollecting 19 items                                                            [0m[1mcollecting 19 items                                                            [0m[1mcollecting 23 items                                                            [0m[1mcollecting 23 items                                                            [0m[1mcollecting 57 items                                                            [0m[1mcollecting 57 items                                                            [0m[1mcollecting 57 items                                                            [0m[1mcollecting 57 items                                                            [0m[1mcollecting 570 items                                                           [0m[1mcollecting 570 items                                                           [0m[1mcollecting 571 items                                                           [0m[1mcollecting 571 items                                                           [0m[1mcollecting 595 items                                                           [0m[1mcollecting 595 items                                                           [0m[1mcollecting 640 items                                                           [0m[1mcollecting 640 items                                                           [0m[1mcollecting 643 items                                                           [0m[1mcollecting 643 items                                                           [0m[1mcollecting 756 items                                                           [0m[1mcollecting 756 items                                                           [0m[1mcollecting 757 items                                                           [0m[1mcollecting 757 items                                                           [0m[1mcollecting 759 items                                                           [0m[1mcollecting 759 items                                                           [0m[1mcollecting 1024 items                                                          [0m[1mcollecting 1024 items                                                          [0m[1mcollecting 1042 items                                                          [0m[1mcollecting 1042 items                                                          [0m[1mcollecting 1047 items                                                          [0m[1mcollecting 1047 items                                                          [0m[1mcollecting 1048 items                                                          [0m[1mcollected 1048 items                                                           [0m

joblib/__init__.py::joblib [32mPASSED[0m[36m                                        [  0%][0m
joblib/parallel.py::joblib.parallel.Parallel [32mPASSED[0m[36m                      [  0%][0m
joblib/parallel.py::joblib.parallel.parallel_backend [32mPASSED[0m[36m              [  0%][0m
joblib/shelf.py::joblib.shelf.shelve [32mPASSED[0m[36m                              [  0%][0m
joblib/shelf.py::joblib.shelf.shelve_mmap [31mFAILED[0m[36m                         [  0%][0m
joblib/test/test_backports.py::test_memmap [32mPASSED[0m[36m                        [  0%][0m
joblib/test/test_backports.py::test_concurrency_safe_rename[None-None] [32mPASSED[0m[36m [  0%][0m
joblib/test/test_backports.py::test_concurrency_safe_rename[None-dst content] [32mPASSED[0m[36m [  0%][0m
joblib/test/test_backports.py::test_concurrency_safe_rename[threading-None] [32mPASSED[0m[36m [  0%][0m
joblib/test/test_backports.py::test_concurrency_safe_rename[threading-dst content] [32mPASSED[0m[36m [  0%][0m
joblib/test/test_disk.py::test_disk_used [32mPASSED[0m[36m                          [  1%][0m
joblib/test/test_disk.py::test_memstr_to_bytes[80G-85899345920] [32mPASSED[0m[36m   [  1%][0m
joblib/test/test_disk.py::test_memstr_to_bytes[1.4M-1468006] [32mPASSED[0m[36m      [  1%][0m
joblib/test/test_disk.py::test_memstr_to_bytes[120M-125829120] [32mPASSED[0m[36m    [  1%][0m
joblib/test/test_disk.py::test_memstr_to_bytes[53K-54272] [32mPASSED[0m[36m         [  1%][0m
joblib/test/test_disk.py::test_memstr_to_bytes_exception[fooG-ValueError-Invalid literal for size.*fooG.*] [32mPASSED[0m[36m [  1%][0m
joblib/test/test_disk.py::test_memstr_to_bytes_exception[1.4N-ValueError-Invalid literal for size.*1.4N.*] [32mPASSED[0m[36m [  1%][0m
joblib/test/test_disk.py::test_mkdirp [32mPASSED[0m[36m                             [  1%][0m
joblib/test/test_disk.py::test_rm_subdirs [32mPASSED[0m[36m                         [  1%][0m
joblib/test/test_format_stack.py::test_safe_repr [32mPASSED[0m[36m                  [  1%][0m
joblib/test/test_format_stack.py::test_format_records [32mPASSED[0m[36m             [  2%][0m
joblib/test/test_format_stack.py::test_format_records_file_with_less_lines_than_context [32mPASSED[0m[36m [  2%][0m
joblib/test/test_format_stack.py::test_format_exc_with_compiled_code [32mPASSED[0m[36m [  2%][0m
joblib/test/test_func_inspect.py::test_filter_args[func0-args0-filtered_args0] [32mPASSED[0m[36m [  2%][0m
joblib/test/test_func_inspect.py::test_filter_args[func1-args1-filtered_args1] [32mPASSED[0m[36m [  2%][0m
joblib/test/test_func_inspect.py::test_filter_args[func2-args2-filtered_args2] [32mPASSED[0m[36m [  2%][0m
joblib/test/test_func_inspect.py::test_filter_args[func3-args3-filtered_args3] [32mPASSED[0m[36m [  2%][0m
joblib/test/test_func_inspect.py::test_filter_args[func4-args4-filtered_args4] [32mPASSED[0m[36m [  2%][0m
joblib/test/test_func_inspect.py::test_filter_args[func5-args5-filtered_args5] [32mPASSED[0m[36m [  2%][0m
joblib/test/test_func_inspect.py::test_filter_args[func6-args6-filtered_args6] [32mPASSED[0m[36m [  2%][0m
joblib/test/test_func_inspect.py::test_filter_args[func7-args7-filtered_args7] [32mPASSED[0m[36m [  2%][0m
joblib/test/test_func_inspect.py::test_filter_args[func8-args8-filtered_args8] [32mPASSED[0m[36m [  3%][0m
joblib/test/test_func_inspect.py::test_filter_args_method [32mPASSED[0m[36m         [  3%][0m
joblib/test/test_func_inspect.py::test_filter_varargs[func0-args0-filtered_args0] [32mPASSED[0m[36m [  3%][0m
joblib/test/test_func_inspect.py::test_filter_varargs[func1-args1-filtered_args1] [32mPASSED[0m[36m [  3%][0m
joblib/test/test_func_inspect.py::test_filter_varargs[func2-args2-filtered_args2] [32mPASSED[0m[36m [  3%][0m
joblib/test/test_func_inspect.py::test_filter_varargs[func3-args3-filtered_args3] [32mPASSED[0m[36m [  3%][0m
joblib/test/test_func_inspect.py::test_filter_kwargs[func0-args0-filtered_args0] [32mPASSED[0m[36m [  3%][0m
joblib/test/test_func_inspect.py::test_filter_kwargs[func1-args1-filtered_args1] [32mPASSED[0m[36m [  3%][0m
joblib/test/test_func_inspect.py::test_filter_args_2 [32mPASSED[0m[36m              [  3%][0m
joblib/test/test_func_inspect.py::test_func_name[func0-f] [32mPASSED[0m[36m         [  3%][0m
joblib/test/test_func_inspect.py::test_func_name[func1-g] [32mPASSED[0m[36m         [  4%][0m
joblib/test/test_func_inspect.py::test_func_name[func2-cached_func] [32mPASSED[0m[36m [  4%][0m
joblib/test/test_func_inspect.py::test_func_name_on_inner_func [32mPASSED[0m[36m    [  4%][0m
joblib/test/test_func_inspect.py::test_func_inspect_errors [32mPASSED[0m[36m        [  4%][0m
joblib/test/test_func_inspect.py::test_filter_args_python_3 [32mPASSED[0m[36m       [  4%][0m
joblib/test/test_func_inspect.py::test_bound_methods [32mPASSED[0m[36m              [  4%][0m
joblib/test/test_func_inspect.py::test_filter_args_error_msg[ValueError-ignore_lst must be a list of parameters to ignore-func0-args0] [32mPASSED[0m[36m [  4%][0m
joblib/test/test_func_inspect.py::test_filter_args_error_msg[ValueError-Ignore list: argument \\'(.*)\\' is not defined-func1-args1] [32mPASSED[0m[36m [  4%][0m
joblib/test/test_func_inspect.py::test_filter_args_error_msg[ValueError-Wrong number of arguments-func2-args2] [32mPASSED[0m[36m [  4%][0m
joblib/test/test_func_inspect.py::test_clean_win_chars [32mPASSED[0m[36m            [  4%][0m
joblib/test/test_func_inspect.py::test_format_signature[func0-args0-kwargs0-g([0, 1, 2, 3, 4])] [32mPASSED[0m[36m [  4%][0m
joblib/test/test_func_inspect.py::test_format_signature[func1-args1-kwargs1-k(1, 2, (3, 4), y=True)] [32mPASSED[0m[36m [  5%][0m
joblib/test/test_func_inspect.py::test_format_signature_long_arguments [32mPASSED[0m[36m [  5%][0m
joblib/test/test_func_inspect.py::test_format_signature_numpy [32mPASSED[0m[36m     [  5%][0m
joblib/test/test_func_inspect.py::test_special_source_encoding [32mPASSED[0m[36m    [  5%][0m
joblib/test/test_func_inspect.py::test_func_code_consistency [32mPASSED[0m[36m      [  5%][0m
joblib/test/test_hashing.py::test_trivial_hash[1-1] [32mPASSED[0m[36m               [  5%][0m
joblib/test/test_hashing.py::test_trivial_hash[1-2] [32mPASSED[0m[36m               [  5%][0m
joblib/test/test_hashing.py::test_trivial_hash[1-1.0] [32mPASSED[0m[36m             [  5%][0m
joblib/test/test_hashing.py::test_trivial_hash[1-2.0] [32mPASSED[0m[36m             [  5%][0m
joblib/test/test_hashing.py::test_trivial_hash[1-obj14] [32mPASSED[0m[36m           [  5%][0m
joblib/test/test_hashing.py::test_trivial_hash[1-obj15] [32mPASSED[0m[36m           [  6%][0m
joblib/test/test_hashing.py::test_trivial_hash[1-a] [32mPASSED[0m[36m               [  6%][0m
joblib/test/test_hashing.py::test_trivial_hash[1-b] [32mPASSED[0m[36m               [  6%][0m
joblib/test/test_hashing.py::test_trivial_hash[1-obj18] [32mPASSED[0m[36m           [  6%][0m
joblib/test/test_hashing.py::test_trivial_hash[1-obj19] [32mPASSED[0m[36m           [  6%][0m
joblib/test/test_hashing.py::test_trivial_hash[1-obj110] [32mPASSED[0m[36m          [  6%][0m
joblib/test/test_hashing.py::test_trivial_hash[1-obj111] [32mPASSED[0m[36m          [  6%][0m
joblib/test/test_hashing.py::test_trivial_hash[1-obj112] [32mPASSED[0m[36m          [  6%][0m
joblib/test/test_hashing.py::test_trivial_hash[1-obj113] [32mPASSED[0m[36m          [  6%][0m
joblib/test/test_hashing.py::test_trivial_hash[1-obj114] [32mPASSED[0m[36m          [  6%][0m
joblib/test/test_hashing.py::test_trivial_hash[1-None] [32mPASSED[0m[36m            [  6%][0m
joblib/test/test_hashing.py::test_trivial_hash[1-obj116] [32mPASSED[0m[36m          [  7%][0m
joblib/test/test_hashing.py::test_trivial_hash[1-obj117] [32mPASSED[0m[36m          [  7%][0m
joblib/test/test_hashing.py::test_trivial_hash[1-obj118] [32mPASSED[0m[36m          [  7%][0m
joblib/test/test_hashing.py::test_trivial_hash[1-obj119] [32mPASSED[0m[36m          [  7%][0m
joblib/test/test_hashing.py::test_trivial_hash[1-obj120] [32mPASSED[0m[36m          [  7%][0m
joblib/test/test_hashing.py::test_trivial_hash[1-obj121] [32mPASSED[0m[36m          [  7%][0m
joblib/test/test_hashing.py::test_trivial_hash[2-1] [32mPASSED[0m[36m               [  7%][0m
joblib/test/test_hashing.py::test_trivial_hash[2-2] [32mPASSED[0m[36m               [  7%][0m
joblib/test/test_hashing.py::test_trivial_hash[2-1.0] [32mPASSED[0m[36m             [  7%][0m
joblib/test/test_hashing.py::test_trivial_hash[2-2.0] [32mPASSED[0m[36m             [  7%][0m
joblib/test/test_hashing.py::test_trivial_hash[2-obj14] [32mPASSED[0m[36m           [  8%][0m
joblib/test/test_hashing.py::test_trivial_hash[2-obj15] [32mPASSED[0m[36m           [  8%][0m
joblib/test/test_hashing.py::test_trivial_hash[2-a] [32mPASSED[0m[36m               [  8%][0m
joblib/test/test_hashing.py::test_trivial_hash[2-b] [32mPASSED[0m[36m               [  8%][0m
joblib/test/test_hashing.py::test_trivial_hash[2-obj18] [32mPASSED[0m[36m           [  8%][0m
joblib/test/test_hashing.py::test_trivial_hash[2-obj19] [32mPASSED[0m[36m           [  8%][0m
joblib/test/test_hashing.py::test_trivial_hash[2-obj110] [32mPASSED[0m[36m          [  8%][0m
joblib/test/test_hashing.py::test_trivial_hash[2-obj111] [32mPASSED[0m[36m          [  8%][0m
joblib/test/test_hashing.py::test_trivial_hash[2-obj112] [32mPASSED[0m[36m          [  8%][0m
joblib/test/test_hashing.py::test_trivial_hash[2-obj113] [32mPASSED[0m[36m          [  8%][0m
joblib/test/test_hashing.py::test_trivial_hash[2-obj114] [32mPASSED[0m[36m          [  8%][0m
joblib/test/test_hashing.py::test_trivial_hash[2-None] [32mPASSED[0m[36m            [  9%][0m
joblib/test/test_hashing.py::test_trivial_hash[2-obj116] [32mPASSED[0m[36m          [  9%][0m
joblib/test/test_hashing.py::test_trivial_hash[2-obj117] [32mPASSED[0m[36m          [  9%][0m
joblib/test/test_hashing.py::test_trivial_hash[2-obj118] [32mPASSED[0m[36m          [  9%][0m
joblib/test/test_hashing.py::test_trivial_hash[2-obj119] [32mPASSED[0m[36m          [  9%][0m
joblib/test/test_hashing.py::test_trivial_hash[2-obj120] [32mPASSED[0m[36m          [  9%][0m
joblib/test/test_hashing.py::test_trivial_hash[2-obj121] [32mPASSED[0m[36m          [  9%][0m
joblib/test/test_hashing.py::test_trivial_hash[1.0-1] [32mPASSED[0m[36m             [  9%][0m
joblib/test/test_hashing.py::test_trivial_hash[1.0-2] [32mPASSED[0m[36m             [  9%][0m
joblib/test/test_hashing.py::test_trivial_hash[1.0-1.0] [32mPASSED[0m[36m           [  9%][0m
joblib/test/test_hashing.py::test_trivial_hash[1.0-2.0] [32mPASSED[0m[36m           [ 10%][0m
joblib/test/test_hashing.py::test_trivial_hash[1.0-obj14] [32mPASSED[0m[36m         [ 10%][0m
joblib/test/test_hashing.py::test_trivial_hash[1.0-obj15] [32mPASSED[0m[36m         [ 10%][0m
joblib/test/test_hashing.py::test_trivial_hash[1.0-a] [32mPASSED[0m[36m             [ 10%][0m
joblib/test/test_hashing.py::test_trivial_hash[1.0-b] [32mPASSED[0m[36m             [ 10%][0m
joblib/test/test_hashing.py::test_trivial_hash[1.0-obj18] [32mPASSED[0m[36m         [ 10%][0m
joblib/test/test_hashing.py::test_trivial_hash[1.0-obj19] [32mPASSED[0m[36m         [ 10%][0m
joblib/test/test_hashing.py::test_trivial_hash[1.0-obj110] [32mPASSED[0m[36m        [ 10%][0m
joblib/test/test_hashing.py::test_trivial_hash[1.0-obj111] [32mPASSED[0m[36m        [ 10%][0m
joblib/test/test_hashing.py::test_trivial_hash[1.0-obj112] [32mPASSED[0m[36m        [ 10%][0m
joblib/test/test_hashing.py::test_trivial_hash[1.0-obj113] [32mPASSED[0m[36m        [ 10%][0m
joblib/test/test_hashing.py::test_trivial_hash[1.0-obj114] [32mPASSED[0m[36m        [ 11%][0m
joblib/test/test_hashing.py::test_trivial_hash[1.0-None] [32mPASSED[0m[36m          [ 11%][0m
joblib/test/test_hashing.py::test_trivial_hash[1.0-obj116] [32mPASSED[0m[36m        [ 11%][0m
joblib/test/test_hashing.py::test_trivial_hash[1.0-obj117] [32mPASSED[0m[36m        [ 11%][0m
joblib/test/test_hashing.py::test_trivial_hash[1.0-obj118] [32mPASSED[0m[36m        [ 11%][0m
joblib/test/test_hashing.py::test_trivial_hash[1.0-obj119] [32mPASSED[0m[36m        [ 11%][0m
joblib/test/test_hashing.py::test_trivial_hash[1.0-obj120] [32mPASSED[0m[36m        [ 11%][0m
joblib/test/test_hashing.py::test_trivial_hash[1.0-obj121] [32mPASSED[0m[36m        [ 11%][0m
joblib/test/test_hashing.py::test_trivial_hash[2.0-1] [32mPASSED[0m[36m             [ 11%][0m
joblib/test/test_hashing.py::test_trivial_hash[2.0-2] [32mPASSED[0m[36m             [ 11%][0m
joblib/test/test_hashing.py::test_trivial_hash[2.0-1.0] [32mPASSED[0m[36m           [ 12%][0m
joblib/test/test_hashing.py::test_trivial_hash[2.0-2.0] [32mPASSED[0m[36m           [ 12%][0m
joblib/test/test_hashing.py::test_trivial_hash[2.0-obj14] [32mPASSED[0m[36m         [ 12%][0m
joblib/test/test_hashing.py::test_trivial_hash[2.0-obj15] [32mPASSED[0m[36m         [ 12%][0m
joblib/test/test_hashing.py::test_trivial_hash[2.0-a] [32mPASSED[0m[36m             [ 12%][0m
joblib/test/test_hashing.py::test_trivial_hash[2.0-b] [32mPASSED[0m[36m             [ 12%][0m
joblib/test/test_hashing.py::test_trivial_hash[2.0-obj18] [32mPASSED[0m[36m         [ 12%][0m
joblib/test/test_hashing.py::test_trivial_hash[2.0-obj19] [32mPASSED[0m[36m         [ 12%][0m
joblib/test/test_hashing.py::test_trivial_hash[2.0-obj110] [32mPASSED[0m[36m        [ 12%][0m
joblib/test/test_hashing.py::test_trivial_hash[2.0-obj111] [32mPASSED[0m[36m        [ 12%][0m
joblib/test/test_hashing.py::test_trivial_hash[2.0-obj112] [32mPASSED[0m[36m        [ 12%][0m
joblib/test/test_hashing.py::test_trivial_hash[2.0-obj113] [32mPASSED[0m[36m        [ 13%][0m
joblib/test/test_hashing.py::test_trivial_hash[2.0-obj114] [32mPASSED[0m[36m        [ 13%][0m
joblib/test/test_hashing.py::test_trivial_hash[2.0-None] [32mPASSED[0m[36m          [ 13%][0m
joblib/test/test_hashing.py::test_trivial_hash[2.0-obj116] [32mPASSED[0m[36m        [ 13%][0m
joblib/test/test_hashing.py::test_trivial_hash[2.0-obj117] [32mPASSED[0m[36m        [ 13%][0m
joblib/test/test_hashing.py::test_trivial_hash[2.0-obj118] [32mPASSED[0m[36m        [ 13%][0m
joblib/test/test_hashing.py::test_trivial_hash[2.0-obj119] [32mPASSED[0m[36m        [ 13%][0m
joblib/test/test_hashing.py::test_trivial_hash[2.0-obj120] [32mPASSED[0m[36m        [ 13%][0m
joblib/test/test_hashing.py::test_trivial_hash[2.0-obj121] [32mPASSED[0m[36m        [ 13%][0m
joblib/test/test_hashing.py::test_trivial_hash[obj24-1] [32mPASSED[0m[36m           [ 13%][0m
joblib/test/test_hashing.py::test_trivial_hash[obj24-2] [32mPASSED[0m[36m           [ 14%][0m
joblib/test/test_hashing.py::test_trivial_hash[obj24-1.0] [32mPASSED[0m[36m         [ 14%][0m
joblib/test/test_hashing.py::test_trivial_hash[obj24-2.0] [32mPASSED[0m[36m         [ 14%][0m
joblib/test/test_hashing.py::test_trivial_hash[obj24-obj14] [32mPASSED[0m[36m       [ 14%][0m
joblib/test/test_hashing.py::test_trivial_hash[obj24-obj15] [32mPASSED[0m[36m       [ 14%][0m
joblib/test/test_hashing.py::test_trivial_hash[obj24-a] [32mPASSED[0m[36m           [ 14%][0m
joblib/test/test_hashing.py::test_trivial_hash[obj24-b] [32mPASSED[0m[36m           [ 14%][0m
joblib/test/test_hashing.py::test_trivial_hash[obj24-obj18] [32mPASSED[0m[36m       [ 14%][0m
joblib/test/test_hashing.py::test_trivial_hash[obj24-obj19] [32mPASSED[0m[36m       [ 14%][0m
joblib/test/test_hashing.py::test_trivial_hash[obj24-obj110] [32mPASSED[0m[36m      [ 14%][0m
joblib/test/test_hashing.py::test_trivial_hash[obj24-obj111] [32mPASSED[0m[36m      [ 14%][0m
joblib/test/test_hashing.py::test_trivial_hash[obj24-obj112] [32mPASSED[0m[36m      [ 15%][0m
joblib/test/test_hashing.py::test_trivial_hash[obj24-obj113] [32mPASSED[0m[36m      [ 15%][0m
joblib/test/test_hashing.py::test_trivial_hash[obj24-obj114] [32mPASSED[0m[36m      [ 15%][0m
joblib/test/test_hashing.py::test_trivial_hash[obj24-None] [32mPASSED[0m[36m        [ 15%][0m
joblib/test/test_hashing.py::test_trivial_hash[obj24-obj116] [32mPASSED[0m[36m      [ 15%][0m
joblib/test/test_hashing.py::test_trivial_hash[obj24-obj117] [32mPASSED[0m[36m      [ 15%][0m
joblib/test/test_hashing.py::test_trivial_hash[obj24-obj118] [32mPASSED[0m[36m      [ 15%][0m
joblib/test/test_hashing.py::test_trivial_hash[obj24-obj119] [32mPASSED[0m[36m      [ 15%][0m
joblib/test/test_hashing.py::test_trivial_hash[obj24-obj120] [32mPASSED[0m[36m      [ 15%][0m
joblib/test/test_hashing.py::test_trivial_hash[obj24-obj121] [32mPASSED[0m[36m      [ 15%][0m
joblib/test/test_hashing.py::test_trivial_hash[obj25-1] [32mPASSED[0m[36m           [ 16%][0m
joblib/test/test_hashing.py::test_trivial_hash[obj25-2] [32mPASSED[0m[36m           [ 16%][0m
joblib/test/test_hashing.py::test_trivial_hash[obj25-1.0] [32mPASSED[0m[36m         [ 16%][0m
joblib/test/test_hashing.py::test_trivial_hash[obj25-2.0] [32mPASSED[0m[36m         [ 16%][0m
joblib/test/test_hashing.py::test_trivial_hash[obj25-obj14] [32mPASSED[0m[36m       [ 16%][0m
joblib/test/test_hashing.py::test_trivial_hash[obj25-obj15] [32mPASSED[0m[36m       [ 16%][0m
joblib/test/test_hashing.py::test_trivial_hash[obj25-a] [32mPASSED[0m[36m           [ 16%][0m
joblib/test/test_hashing.py::test_trivial_hash[obj25-b] [32mPASSED[0m[36m           [ 16%][0m
joblib/test/test_hashing.py::test_trivial_hash[obj25-obj18] [32mPASSED[0m[36m       [ 16%][0m
joblib/test/test_hashing.py::test_trivial_hash[obj25-obj19] [32mPASSED[0m[36m       [ 16%][0m
joblib/test/test_hashing.py::test_trivial_hash[obj25-obj110] [32mPASSED[0m[36m      [ 16%][0m
joblib/test/test_hashing.py::test_trivial_hash[obj25-obj111] [32mPASSED[0m[36m      [ 17%][0m
joblib/test/test_hashing.py::test_trivial_hash[obj25-obj112] [32mPASSED[0m[36m      [ 17%][0m
joblib/test/test_hashing.py::test_trivial_hash[obj25-obj113] [32mPASSED[0m[36m      [ 17%][0m
joblib/test/test_hashing.py::test_trivial_hash[obj25-obj114] [32mPASSED[0m[36m      [ 17%][0m
joblib/test/test_hashing.py::test_trivial_hash[obj25-None] [32mPASSED[0m[36m        [ 17%][0m
joblib/test/test_hashing.py::test_trivial_hash[obj25-obj116] [32mPASSED[0m[36m      [ 17%][0m
joblib/test/test_hashing.py::test_trivial_hash[obj25-obj117] [32mPASSED[0m[36m      [ 17%][0m
joblib/test/test_hashing.py::test_trivial_hash[obj25-obj118] [32mPASSED[0m[36m      [ 17%][0m
joblib/test/test_hashing.py::test_trivial_hash[obj25-obj119] [32mPASSED[0m[36m      [ 17%][0m
joblib/test/test_hashing.py::test_trivial_hash[obj25-obj120] [32mPASSED[0m[36m      [ 17%][0m
joblib/test/test_hashing.py::test_trivial_hash[obj25-obj121] [32mPASSED[0m[36m      [ 18%][0m
joblib/test/test_hashing.py::test_trivial_hash[a-1] [32mPASSED[0m[36m               [ 18%][0m
joblib/test/test_hashing.py::test_trivial_hash[a-2] [32mPASSED[0m[36m               [ 18%][0m
joblib/test/test_hashing.py::test_trivial_hash[a-1.0] [32mPASSED[0m[36m             [ 18%][0m
joblib/test/test_hashing.py::test_trivial_hash[a-2.0] [32mPASSED[0m[36m             [ 18%][0m
joblib/test/test_hashing.py::test_trivial_hash[a-obj14] [32mPASSED[0m[36m           [ 18%][0m
joblib/test/test_hashing.py::test_trivial_hash[a-obj15] [32mPASSED[0m[36m           [ 18%][0m
joblib/test/test_hashing.py::test_trivial_hash[a-a] [32mPASSED[0m[36m               [ 18%][0m
joblib/test/test_hashing.py::test_trivial_hash[a-b] [32mPASSED[0m[36m               [ 18%][0m
joblib/test/test_hashing.py::test_trivial_hash[a-obj18] [32mPASSED[0m[36m           [ 18%][0m
joblib/test/test_hashing.py::test_trivial_hash[a-obj19] [32mPASSED[0m[36m           [ 18%][0m
joblib/test/test_hashing.py::test_trivial_hash[a-obj110] [32mPASSED[0m[36m          [ 19%][0m
joblib/test/test_hashing.py::test_trivial_hash[a-obj111] [32mPASSED[0m[36m          [ 19%][0m
joblib/test/test_hashing.py::test_trivial_hash[a-obj112] [32mPASSED[0m[36m          [ 19%][0m
joblib/test/test_hashing.py::test_trivial_hash[a-obj113] [32mPASSED[0m[36m          [ 19%][0m
joblib/test/test_hashing.py::test_trivial_hash[a-obj114] [32mPASSED[0m[36m          [ 19%][0m
joblib/test/test_hashing.py::test_trivial_hash[a-None] [32mPASSED[0m[36m            [ 19%][0m
joblib/test/test_hashing.py::test_trivial_hash[a-obj116] [32mPASSED[0m[36m          [ 19%][0m
joblib/test/test_hashing.py::test_trivial_hash[a-obj117] [32mPASSED[0m[36m          [ 19%][0m
joblib/test/test_hashing.py::test_trivial_hash[a-obj118] [32mPASSED[0m[36m          [ 19%][0m
joblib/test/test_hashing.py::test_trivial_hash[a-obj119] [32mPASSED[0m[36m          [ 19%][0m
joblib/test/test_hashing.py::test_trivial_hash[a-obj120] [32mPASSED[0m[36m          [ 20%][0m
joblib/test/test_hashing.py::test_trivial_hash[a-obj121] [32mPASSED[0m[36m          [ 20%][0m
joblib/test/test_hashing.py::test_trivial_hash[b-1] [32mPASSED[0m[36m               [ 20%][0m
joblib/test/test_hashing.py::test_trivial_hash[b-2] [32mPASSED[0m[36m               [ 20%][0m
joblib/test/test_hashing.py::test_trivial_hash[b-1.0] [32mPASSED[0m[36m             [ 20%][0m
joblib/test/test_hashing.py::test_trivial_hash[b-2.0] [32mPASSED[0m[36m             [ 20%][0m
joblib/test/test_hashing.py::test_trivial_hash[b-obj14] [32mPASSED[0m[36m           [ 20%][0m
joblib/test/test_hashing.py::test_trivial_hash[b-obj15] [32mPASSED[0m[36m           [ 20%][0m
joblib/test/test_hashing.py::test_trivial_hash[b-a] [32mPASSED[0m[36m               [ 20%][0m
joblib/test/test_hashing.py::test_trivial_hash[b-b] [32mPASSED[0m[36m               [ 20%][0m
joblib/test/test_hashing.py::test_trivial_hash[b-obj18] [32mPASSED[0m[36m           [ 20%][0m
joblib/test/test_hashing.py::test_trivial_hash[b-obj19] [32mPASSED[0m[36m           [ 21%][0m
joblib/test/test_hashing.py::test_trivial_hash[b-obj110] [32mPASSED[0m[36m          [ 21%][0m
joblib/test/test_hashing.py::test_trivial_hash[b-obj111] [32mPASSED[0m[36m          [ 21%][0m
joblib/test/test_hashing.py::test_trivial_hash[b-obj112] [32mPASSED[0m[36m          [ 21%][0m
joblib/test/test_hashing.py::test_trivial_hash[b-obj113] [32mPASSED[0m[36m          [ 21%][0m
joblib/test/test_hashing.py::test_trivial_hash[b-obj114] [32mPASSED[0m[36m          [ 21%][0m
joblib/test/test_hashing.py::test_trivial_hash[b-None] [32mPASSED[0m[36m            [ 21%][0m
joblib/test/test_hashing.py::test_trivial_hash[b-obj116] [32mPASSED[0m[36m          [ 21%][0m
joblib/test/test_hashing.py::test_trivial_hash[b-obj117] [32mPASSED[0m[36m          [ 21%][0m
joblib/test/test_hashing.py::test_trivial_hash[b-obj118] [32mPASSED[0m[36m          [ 21%][0m
joblib/test/test_hashing.py::test_trivial_hash[b-obj119] [32mPASSED[0m[36m          [ 22%][0m
joblib/test/test_hashing.py::test_trivial_hash[b-obj120] [32mPASSED[0m[36m          [ 22%][0m
joblib/test/test_hashing.py::test_trivial_hash[b-obj121] [32mPASSED[0m[36m          [ 22%][0m
joblib/test/test_hashing.py::test_trivial_hash[obj28-1] [32mPASSED[0m[36m           [ 22%][0m
joblib/test/test_hashing.py::test_trivial_hash[obj28-2] [32mPASSED[0m[36m           [ 22%][0m
joblib/test/test_hashing.py::test_trivial_hash[obj28-1.0] [32mPASSED[0m[36m         [ 22%][0m
joblib/test/test_hashing.py::test_trivial_hash[obj28-2.0] [32mPASSED[0m[36m         [ 22%][0m
joblib/test/test_hashing.py::test_trivial_hash[obj28-obj14] [32mPASSED[0m[36m       [ 22%][0m
joblib/test/test_hashing.py::test_trivial_hash[obj28-obj15] [32mPASSED[0m[36m       [ 22%][0m
joblib/test/test_hashing.py::test_trivial_hash[obj28-a] [32mPASSED[0m[36m           [ 22%][0m
joblib/test/test_hashing.py::test_trivial_hash[obj28-b] [32mPASSED[0m[36m           [ 22%][0m
joblib/test/test_hashing.py::test_trivial_hash[obj28-obj18] [32mPASSED[0m[36m       [ 23%][0m
joblib/test/test_hashing.py::test_trivial_hash[obj28-obj19] [32mPASSED[0m[36m       [ 23%][0m
joblib/test/test_hashing.py::test_trivial_hash[obj28-obj110] [32mPASSED[0m[36m      [ 23%][0m
joblib/test/test_hashing.py::test_trivial_hash[obj28-obj111] [32mPASSED[0m[36m      [ 23%][0m
joblib/test/test_hashing.py::test_trivial_hash[obj28-obj112] [32mPASSED[0m[36m      [ 23%][0m
joblib/test/test_hashing.py::test_trivial_hash[obj28-obj113] [32mPASSED[0m[36m      [ 23%][0m
joblib/test/test_hashing.py::test_trivial_hash[obj28-obj114] [32mPASSED[0m[36m      [ 23%][0m
joblib/test/test_hashing.py::test_trivial_hash[obj28-None] [32mPASSED[0m[36m        [ 23%][0m
joblib/test/test_hashing.py::test_trivial_hash[obj28-obj116] [32mPASSED[0m[36m      [ 23%][0m
joblib/test/test_hashing.py::test_trivial_hash[obj28-obj117] [32mPASSED[0m[36m      [ 23%][0m
joblib/test/test_hashing.py::test_trivial_hash[obj28-obj118] [32mPASSED[0m[36m      [ 24%][0m
joblib/test/test_hashing.py::test_trivial_hash[obj28-obj119] [32mPASSED[0m[36m      [ 24%][0m
joblib/test/test_hashing.py::test_trivial_hash[obj28-obj120] [32mPASSED[0m[36m      [ 24%][0m
joblib/test/test_hashing.py::test_trivial_hash[obj28-obj121] [32mPASSED[0m[36m      [ 24%][0m
joblib/test/test_hashing.py::test_trivial_hash[obj29-1] [32mPASSED[0m[36m           [ 24%][0m
joblib/test/test_hashing.py::test_trivial_hash[obj29-2] [32mPASSED[0m[36m           [ 24%][0m
joblib/test/test_hashing.py::test_trivial_hash[obj29-1.0] [32mPASSED[0m[36m         [ 24%][0m
joblib/test/test_hashing.py::test_trivial_hash[obj29-2.0] [32mPASSED[0m[36m         [ 24%][0m
joblib/test/test_hashing.py::test_trivial_hash[obj29-obj14] [32mPASSED[0m[36m       [ 24%][0m
joblib/test/test_hashing.py::test_trivial_hash[obj29-obj15] [32mPASSED[0m[36m       [ 24%][0m
joblib/test/test_hashing.py::test_trivial_hash[obj29-a] [32mPASSED[0m[36m           [ 25%][0m
joblib/test/test_hashing.py::test_trivial_hash[obj29-b] [32mPASSED[0m[36m           [ 25%][0m
joblib/test/test_hashing.py::test_trivial_hash[obj29-obj18] [32mPASSED[0m[36m       [ 25%][0m
joblib/test/test_hashing.py::test_trivial_hash[obj29-obj19] [32mPASSED[0m[36m       [ 25%][0m
joblib/test/test_hashing.py::test_trivial_hash[obj29-obj110] [32mPASSED[0m[36m      [ 25%][0m
joblib/test/test_hashing.py::test_trivial_hash[obj29-obj111] [32mPASSED[0m[36m      [ 25%][0m
joblib/test/test_hashing.py::test_trivial_hash[obj29-obj112] [32mPASSED[0m[36m      [ 25%][0m
joblib/test/test_hashing.py::test_trivial_hash[obj29-obj113] [32mPASSED[0m[36m      [ 25%][0m
joblib/test/test_hashing.py::test_trivial_hash[obj29-obj114] [32mPASSED[0m[36m      [ 25%][0m
joblib/test/test_hashing.py::test_trivial_hash[obj29-None] [32mPASSED[0m[36m        [ 25%][0m
joblib/test/test_hashing.py::test_trivial_hash[obj29-obj116] [32mPASSED[0m[36m      [ 25%][0m
joblib/test/test_hashing.py::test_trivial_hash[obj29-obj117] [32mPASSED[0m[36m      [ 26%][0m
joblib/test/test_hashing.py::test_trivial_hash[obj29-obj118] [32mPASSED[0m[36m      [ 26%][0m
joblib/test/test_hashing.py::test_trivial_hash[obj29-obj119] [32mPASSED[0m[36m      [ 26%][0m
joblib/test/test_hashing.py::test_trivial_hash[obj29-obj120] [32mPASSED[0m[36m      [ 26%][0m
joblib/test/test_hashing.py::test_trivial_hash[obj29-obj121] [32mPASSED[0m[36m      [ 26%][0m
joblib/test/test_hashing.py::test_trivial_hash[obj210-1] [32mPASSED[0m[36m          [ 26%][0m
joblib/test/test_hashing.py::test_trivial_hash[obj210-2] [32mPASSED[0m[36m          [ 26%][0m
joblib/test/test_hashing.py::test_trivial_hash[obj210-1.0] [32mPASSED[0m[36m        [ 26%][0m
joblib/test/test_hashing.py::test_trivial_hash[obj210-2.0] [32mPASSED[0m[36m        [ 26%][0m
joblib/test/test_hashing.py::test_trivial_hash[obj210-obj14] [32mPASSED[0m[36m      [ 26%][0m
joblib/test/test_hashing.py::test_trivial_hash[obj210-obj15] [32mPASSED[0m[36m      [ 27%][0m
joblib/test/test_hashing.py::test_trivial_hash[obj210-a] [32mPASSED[0m[36m          [ 27%][0m
joblib/test/test_hashing.py::test_trivial_hash[obj210-b] [32mPASSED[0m[36m          [ 27%][0m
joblib/test/test_hashing.py::test_trivial_hash[obj210-obj18] [32mPASSED[0m[36m      [ 27%][0m
joblib/test/test_hashing.py::test_trivial_hash[obj210-obj19] [32mPASSED[0m[36m      [ 27%][0m
joblib/test/test_hashing.py::test_trivial_hash[obj210-obj110] [32mPASSED[0m[36m     [ 27%][0m
joblib/test/test_hashing.py::test_trivial_hash[obj210-obj111] [32mPASSED[0m[36m     [ 27%][0m
joblib/test/test_hashing.py::test_trivial_hash[obj210-obj112] [32mPASSED[0m[36m     [ 27%][0m
joblib/test/test_hashing.py::test_trivial_hash[obj210-obj113] [32mPASSED[0m[36m     [ 27%][0m
joblib/test/test_hashing.py::test_trivial_hash[obj210-obj114] [32mPASSED[0m[36m     [ 27%][0m
joblib/test/test_hashing.py::test_trivial_hash[obj210-None] [32mPASSED[0m[36m       [ 27%][0m
joblib/test/test_hashing.py::test_trivial_hash[obj210-obj116] [32mPASSED[0m[36m     [ 28%][0m
joblib/test/test_hashing.py::test_trivial_hash[obj210-obj117] [32mPASSED[0m[36m     [ 28%][0m
joblib/test/test_hashing.py::test_trivial_hash[obj210-obj118] [32mPASSED[0m[36m     [ 28%][0m
joblib/test/test_hashing.py::test_trivial_hash[obj210-obj119] [32mPASSED[0m[36m     [ 28%][0m
joblib/test/test_hashing.py::test_trivial_hash[obj210-obj120] [32mPASSED[0m[36m     [ 28%][0m
joblib/test/test_hashing.py::test_trivial_hash[obj210-obj121] [32mPASSED[0m[36m     [ 28%][0m
joblib/test/test_hashing.py::test_trivial_hash[obj211-1] [32mPASSED[0m[36m          [ 28%][0m
joblib/test/test_hashing.py::test_trivial_hash[obj211-2] [32mPASSED[0m[36m          [ 28%][0m
joblib/test/test_hashing.py::test_trivial_hash[obj211-1.0] [32mPASSED[0m[36m        [ 28%][0m
joblib/test/test_hashing.py::test_trivial_hash[obj211-2.0] [32mPASSED[0m[36m        [ 28%][0m
joblib/test/test_hashing.py::test_trivial_hash[obj211-obj14] [32mPASSED[0m[36m      [ 29%][0m
joblib/test/test_hashing.py::test_trivial_hash[obj211-obj15] [32mPASSED[0m[36m      [ 29%][0m
joblib/test/test_hashing.py::test_trivial_hash[obj211-a] [32mPASSED[0m[36m          [ 29%][0m
joblib/test/test_hashing.py::test_trivial_hash[obj211-b] [32mPASSED[0m[36m          [ 29%][0m
joblib/test/test_hashing.py::test_trivial_hash[obj211-obj18] [32mPASSED[0m[36m      [ 29%][0m
joblib/test/test_hashing.py::test_trivial_hash[obj211-obj19] [32mPASSED[0m[36m      [ 29%][0m
joblib/test/test_hashing.py::test_trivial_hash[obj211-obj110] [32mPASSED[0m[36m     [ 29%][0m
joblib/test/test_hashing.py::test_trivial_hash[obj211-obj111] [32mPASSED[0m[36m     [ 29%][0m
joblib/test/test_hashing.py::test_trivial_hash[obj211-obj112] [32mPASSED[0m[36m     [ 29%][0m
joblib/test/test_hashing.py::test_trivial_hash[obj211-obj113] [32mPASSED[0m[36m     [ 29%][0m
joblib/test/test_hashing.py::test_trivial_hash[obj211-obj114] [32mPASSED[0m[36m     [ 29%][0m
joblib/test/test_hashing.py::test_trivial_hash[obj211-None] [32mPASSED[0m[36m       [ 30%][0m
joblib/test/test_hashing.py::test_trivial_hash[obj211-obj116] [32mPASSED[0m[36m     [ 30%][0m
joblib/test/test_hashing.py::test_trivial_hash[obj211-obj117] [32mPASSED[0m[36m     [ 30%][0m
joblib/test/test_hashing.py::test_trivial_hash[obj211-obj118] [32mPASSED[0m[36m     [ 30%][0m
joblib/test/test_hashing.py::test_trivial_hash[obj211-obj119] [32mPASSED[0m[36m     [ 30%][0m
joblib/test/test_hashing.py::test_trivial_hash[obj211-obj120] [32mPASSED[0m[36m     [ 30%][0m
joblib/test/test_hashing.py::test_trivial_hash[obj211-obj121] [32mPASSED[0m[36m     [ 30%][0m
joblib/test/test_hashing.py::test_trivial_hash[obj212-1] [32mPASSED[0m[36m          [ 30%][0m
joblib/test/test_hashing.py::test_trivial_hash[obj212-2] [32mPASSED[0m[36m          [ 30%][0m
joblib/test/test_hashing.py::test_trivial_hash[obj212-1.0] [32mPASSED[0m[36m        [ 30%][0m
joblib/test/test_hashing.py::test_trivial_hash[obj212-2.0] [32mPASSED[0m[36m        [ 31%][0m
joblib/test/test_hashing.py::test_trivial_hash[obj212-obj14] [32mPASSED[0m[36m      [ 31%][0m
joblib/test/test_hashing.py::test_trivial_hash[obj212-obj15] [32mPASSED[0m[36m      [ 31%][0m
joblib/test/test_hashing.py::test_trivial_hash[obj212-a] [32mPASSED[0m[36m          [ 31%][0m
joblib/test/test_hashing.py::test_trivial_hash[obj212-b] [32mPASSED[0m[36m          [ 31%][0m
joblib/test/test_hashing.py::test_trivial_hash[obj212-obj18] [32mPASSED[0m[36m      [ 31%][0m
joblib/test/test_hashing.py::test_trivial_hash[obj212-obj19] [32mPASSED[0m[36m      [ 31%][0m
joblib/test/test_hashing.py::test_trivial_hash[obj212-obj110] [32mPASSED[0m[36m     [ 31%][0m
joblib/test/test_hashing.py::test_trivial_hash[obj212-obj111] [32mPASSED[0m[36m     [ 31%][0m
joblib/test/test_hashing.py::test_trivial_hash[obj212-obj112] [32mPASSED[0m[36m     [ 31%][0m
joblib/test/test_hashing.py::test_trivial_hash[obj212-obj113] [32mPASSED[0m[36m     [ 31%][0m
joblib/test/test_hashing.py::test_trivial_hash[obj212-obj114] [32mPASSED[0m[36m     [ 32%][0m
joblib/test/test_hashing.py::test_trivial_hash[obj212-None] [32mPASSED[0m[36m       [ 32%][0m
joblib/test/test_hashing.py::test_trivial_hash[obj212-obj116] [32mPASSED[0m[36m     [ 32%][0m
joblib/test/test_hashing.py::test_trivial_hash[obj212-obj117] [32mPASSED[0m[36m     [ 32%][0m
joblib/test/test_hashing.py::test_trivial_hash[obj212-obj118] [32mPASSED[0m[36m     [ 32%][0m
joblib/test/test_hashing.py::test_trivial_hash[obj212-obj119] [32mPASSED[0m[36m     [ 32%][0m
joblib/test/test_hashing.py::test_trivial_hash[obj212-obj120] [32mPASSED[0m[36m     [ 32%][0m
joblib/test/test_hashing.py::test_trivial_hash[obj212-obj121] [32mPASSED[0m[36m     [ 32%][0m
joblib/test/test_hashing.py::test_trivial_hash[obj213-1] [32mPASSED[0m[36m          [ 32%][0m
joblib/test/test_hashing.py::test_trivial_hash[obj213-2] [32mPASSED[0m[36m          [ 32%][0m
joblib/test/test_hashing.py::test_trivial_hash[obj213-1.0] [32mPASSED[0m[36m        [ 33%][0m
joblib/test/test_hashing.py::test_trivial_hash[obj213-2.0] [32mPASSED[0m[36m        [ 33%][0m
joblib/test/test_hashing.py::test_trivial_hash[obj213-obj14] [32mPASSED[0m[36m      [ 33%][0m
joblib/test/test_hashing.py::test_trivial_hash[obj213-obj15] [32mPASSED[0m[36m      [ 33%][0m
joblib/test/test_hashing.py::test_trivial_hash[obj213-a] [32mPASSED[0m[36m          [ 33%][0m
joblib/test/test_hashing.py::test_trivial_hash[obj213-b] [32mPASSED[0m[36m          [ 33%][0m
joblib/test/test_hashing.py::test_trivial_hash[obj213-obj18] [32mPASSED[0m[36m      [ 33%][0m
joblib/test/test_hashing.py::test_trivial_hash[obj213-obj19] [32mPASSED[0m[36m      [ 33%][0m
joblib/test/test_hashing.py::test_trivial_hash[obj213-obj110] [32mPASSED[0m[36m     [ 33%][0m
joblib/test/test_hashing.py::test_trivial_hash[obj213-obj111] [32mPASSED[0m[36m     [ 33%][0m
joblib/test/test_hashing.py::test_trivial_hash[obj213-obj112] [32mPASSED[0m[36m     [ 33%][0m
joblib/test/test_hashing.py::test_trivial_hash[obj213-obj113] [32mPASSED[0m[36m     [ 34%][0m
joblib/test/test_hashing.py::test_trivial_hash[obj213-obj114] [32mPASSED[0m[36m     [ 34%][0m
joblib/test/test_hashing.py::test_trivial_hash[obj213-None] [32mPASSED[0m[36m       [ 34%][0m
joblib/test/test_hashing.py::test_trivial_hash[obj213-obj116] [32mPASSED[0m[36m     [ 34%][0m
joblib/test/test_hashing.py::test_trivial_hash[obj213-obj117] [32mPASSED[0m[36m     [ 34%][0m
joblib/test/test_hashing.py::test_trivial_hash[obj213-obj118] [32mPASSED[0m[36m     [ 34%][0m
joblib/test/test_hashing.py::test_trivial_hash[obj213-obj119] [32mPASSED[0m[36m     [ 34%][0m
joblib/test/test_hashing.py::test_trivial_hash[obj213-obj120] [32mPASSED[0m[36m     [ 34%][0m
joblib/test/test_hashing.py::test_trivial_hash[obj213-obj121] [32mPASSED[0m[36m     [ 34%][0m
joblib/test/test_hashing.py::test_trivial_hash[obj214-1] [32mPASSED[0m[36m          [ 34%][0m
joblib/test/test_hashing.py::test_trivial_hash[obj214-2] [32mPASSED[0m[36m          [ 35%][0m
joblib/test/test_hashing.py::test_trivial_hash[obj214-1.0] [32mPASSED[0m[36m        [ 35%][0m
joblib/test/test_hashing.py::test_trivial_hash[obj214-2.0] [32mPASSED[0m[36m        [ 35%][0m
joblib/test/test_hashing.py::test_trivial_hash[obj214-obj14] [32mPASSED[0m[36m      [ 35%][0m
joblib/test/test_hashing.py::test_trivial_hash[obj214-obj15] [32mPASSED[0m[36m      [ 35%][0m
joblib/test/test_hashing.py::test_trivial_hash[obj214-a] [32mPASSED[0m[36m          [ 35%][0m
joblib/test/test_hashing.py::test_trivial_hash[obj214-b] [32mPASSED[0m[36m          [ 35%][0m
joblib/test/test_hashing.py::test_trivial_hash[obj214-obj18] [32mPASSED[0m[36m      [ 35%][0m
joblib/test/test_hashing.py::test_trivial_hash[obj214-obj19] [32mPASSED[0m[36m      [ 35%][0m
joblib/test/test_hashing.py::test_trivial_hash[obj214-obj110] [32mPASSED[0m[36m     [ 35%][0m
joblib/test/test_hashing.py::test_trivial_hash[obj214-obj111] [32mPASSED[0m[36m     [ 35%][0m
joblib/test/test_hashing.py::test_trivial_hash[obj214-obj112] [32mPASSED[0m[36m     [ 36%][0m
joblib/test/test_hashing.py::test_trivial_hash[obj214-obj113] [32mPASSED[0m[36m     [ 36%][0m
joblib/test/test_hashing.py::test_trivial_hash[obj214-obj114] [32mPASSED[0m[36m     [ 36%][0m
joblib/test/test_hashing.py::test_trivial_hash[obj214-None] [32mPASSED[0m[36m       [ 36%][0m
joblib/test/test_hashing.py::test_trivial_hash[obj214-obj116] [32mPASSED[0m[36m     [ 36%][0m
joblib/test/test_hashing.py::test_trivial_hash[obj214-obj117] [32mPASSED[0m[36m     [ 36%][0m
joblib/test/test_hashing.py::test_trivial_hash[obj214-obj118] [32mPASSED[0m[36m     [ 36%][0m
joblib/test/test_hashing.py::test_trivial_hash[obj214-obj119] [32mPASSED[0m[36m     [ 36%][0m
joblib/test/test_hashing.py::test_trivial_hash[obj214-obj120] [32mPASSED[0m[36m     [ 36%][0m
joblib/test/test_hashing.py::test_trivial_hash[obj214-obj121] [32mPASSED[0m[36m     [ 36%][0m
joblib/test/test_hashing.py::test_trivial_hash[None-1] [32mPASSED[0m[36m            [ 37%][0m
joblib/test/test_hashing.py::test_trivial_hash[None-2] [32mPASSED[0m[36m            [ 37%][0m
joblib/test/test_hashing.py::test_trivial_hash[None-1.0] [32mPASSED[0m[36m          [ 37%][0m
joblib/test/test_hashing.py::test_trivial_hash[None-2.0] [32mPASSED[0m[36m          [ 37%][0m
joblib/test/test_hashing.py::test_trivial_hash[None-obj14] [32mPASSED[0m[36m        [ 37%][0m
joblib/test/test_hashing.py::test_trivial_hash[None-obj15] [32mPASSED[0m[36m        [ 37%][0m
joblib/test/test_hashing.py::test_trivial_hash[None-a] [32mPASSED[0m[36m            [ 37%][0m
joblib/test/test_hashing.py::test_trivial_hash[None-b] [32mPASSED[0m[36m            [ 37%][0m
joblib/test/test_hashing.py::test_trivial_hash[None-obj18] [32mPASSED[0m[36m        [ 37%][0m
joblib/test/test_hashing.py::test_trivial_hash[None-obj19] [32mPASSED[0m[36m        [ 37%][0m
joblib/test/test_hashing.py::test_trivial_hash[None-obj110] [32mPASSED[0m[36m       [ 37%][0m
joblib/test/test_hashing.py::test_trivial_hash[None-obj111] [32mPASSED[0m[36m       [ 38%][0m
joblib/test/test_hashing.py::test_trivial_hash[None-obj112] [32mPASSED[0m[36m       [ 38%][0m
joblib/test/test_hashing.py::test_trivial_hash[None-obj113] [32mPASSED[0m[36m       [ 38%][0m
joblib/test/test_hashing.py::test_trivial_hash[None-obj114] [32mPASSED[0m[36m       [ 38%][0m
joblib/test/test_hashing.py::test_trivial_hash[None-None] [32mPASSED[0m[36m         [ 38%][0m
joblib/test/test_hashing.py::test_trivial_hash[None-obj116] [32mPASSED[0m[36m       [ 38%][0m
joblib/test/test_hashing.py::test_trivial_hash[None-obj117] [32mPASSED[0m[36m       [ 38%][0m
joblib/test/test_hashing.py::test_trivial_hash[None-obj118] [32mPASSED[0m[36m       [ 38%][0m
joblib/test/test_hashing.py::test_trivial_hash[None-obj119] [32mPASSED[0m[36m       [ 38%][0m
joblib/test/test_hashing.py::test_trivial_hash[None-obj120] [32mPASSED[0m[36m       [ 38%][0m
joblib/test/test_hashing.py::test_trivial_hash[None-obj121] [32mPASSED[0m[36m       [ 39%][0m
joblib/test/test_hashing.py::test_trivial_hash[obj216-1] [32mPASSED[0m[36m          [ 39%][0m
joblib/test/test_hashing.py::test_trivial_hash[obj216-2] [32mPASSED[0m[36m          [ 39%][0m
joblib/test/test_hashing.py::test_trivial_hash[obj216-1.0] [32mPASSED[0m[36m        [ 39%][0m
joblib/test/test_hashing.py::test_trivial_hash[obj216-2.0] [32mPASSED[0m[36m        [ 39%][0m
joblib/test/test_hashing.py::test_trivial_hash[obj216-obj14] [32mPASSED[0m[36m      [ 39%][0m
joblib/test/test_hashing.py::test_trivial_hash[obj216-obj15] [32mPASSED[0m[36m      [ 39%][0m
joblib/test/test_hashing.py::test_trivial_hash[obj216-a] [32mPASSED[0m[36m          [ 39%][0m
joblib/test/test_hashing.py::test_trivial_hash[obj216-b] [32mPASSED[0m[36m          [ 39%][0m
joblib/test/test_hashing.py::test_trivial_hash[obj216-obj18] [32mPASSED[0m[36m      [ 39%][0m
joblib/test/test_hashing.py::test_trivial_hash[obj216-obj19] [32mPASSED[0m[36m      [ 39%][0m
joblib/test/test_hashing.py::test_trivial_hash[obj216-obj110] [32mPASSED[0m[36m     [ 40%][0m
joblib/test/test_hashing.py::test_trivial_hash[obj216-obj111] [32mPASSED[0m[36m     [ 40%][0m
joblib/test/test_hashing.py::test_trivial_hash[obj216-obj112] [32mPASSED[0m[36m     [ 40%][0m
joblib/test/test_hashing.py::test_trivial_hash[obj216-obj113] [32mPASSED[0m[36m     [ 40%][0m
joblib/test/test_hashing.py::test_trivial_hash[obj216-obj114] [32mPASSED[0m[36m     [ 40%][0m
joblib/test/test_hashing.py::test_trivial_hash[obj216-None] [32mPASSED[0m[36m       [ 40%][0m
joblib/test/test_hashing.py::test_trivial_hash[obj216-obj116] [32mPASSED[0m[36m     [ 40%][0m
joblib/test/test_hashing.py::test_trivial_hash[obj216-obj117] [32mPASSED[0m[36m     [ 40%][0m
joblib/test/test_hashing.py::test_trivial_hash[obj216-obj118] [32mPASSED[0m[36m     [ 40%][0m
joblib/test/test_hashing.py::test_trivial_hash[obj216-obj119] [32mPASSED[0m[36m     [ 40%][0m
joblib/test/test_hashing.py::test_trivial_hash[obj216-obj120] [32mPASSED[0m[36m     [ 41%][0m
joblib/test/test_hashing.py::test_trivial_hash[obj216-obj121] [32mPASSED[0m[36m     [ 41%][0m
joblib/test/test_hashing.py::test_trivial_hash[obj217-1] [32mPASSED[0m[36m          [ 41%][0m
joblib/test/test_hashing.py::test_trivial_hash[obj217-2] [32mPASSED[0m[36m          [ 41%][0m
joblib/test/test_hashing.py::test_trivial_hash[obj217-1.0] [32mPASSED[0m[36m        [ 41%][0m
joblib/test/test_hashing.py::test_trivial_hash[obj217-2.0] [32mPASSED[0m[36m        [ 41%][0m
joblib/test/test_hashing.py::test_trivial_hash[obj217-obj14] [32mPASSED[0m[36m      [ 41%][0m
joblib/test/test_hashing.py::test_trivial_hash[obj217-obj15] [32mPASSED[0m[36m      [ 41%][0m
joblib/test/test_hashing.py::test_trivial_hash[obj217-a] [32mPASSED[0m[36m          [ 41%][0m
joblib/test/test_hashing.py::test_trivial_hash[obj217-b] [32mPASSED[0m[36m          [ 41%][0m
joblib/test/test_hashing.py::test_trivial_hash[obj217-obj18] [32mPASSED[0m[36m      [ 41%][0m
joblib/test/test_hashing.py::test_trivial_hash[obj217-obj19] [32mPASSED[0m[36m      [ 42%][0m
joblib/test/test_hashing.py::test_trivial_hash[obj217-obj110] [32mPASSED[0m[36m     [ 42%][0m
joblib/test/test_hashing.py::test_trivial_hash[obj217-obj111] [32mPASSED[0m[36m     [ 42%][0m
joblib/test/test_hashing.py::test_trivial_hash[obj217-obj112] [32mPASSED[0m[36m     [ 42%][0m
joblib/test/test_hashing.py::test_trivial_hash[obj217-obj113] [32mPASSED[0m[36m     [ 42%][0m
joblib/test/test_hashing.py::test_trivial_hash[obj217-obj114] [32mPASSED[0m[36m     [ 42%][0m
joblib/test/test_hashing.py::test_trivial_hash[obj217-None] [32mPASSED[0m[36m       [ 42%][0m
joblib/test/test_hashing.py::test_trivial_hash[obj217-obj116] [32mPASSED[0m[36m     [ 42%][0m
joblib/test/test_hashing.py::test_trivial_hash[obj217-obj117] [32mPASSED[0m[36m     [ 42%][0m
joblib/test/test_hashing.py::test_trivial_hash[obj217-obj118] [32mPASSED[0m[36m     [ 42%][0m
joblib/test/test_hashing.py::test_trivial_hash[obj217-obj119] [32mPASSED[0m[36m     [ 43%][0m
joblib/test/test_hashing.py::test_trivial_hash[obj217-obj120] [32mPASSED[0m[36m     [ 43%][0m
joblib/test/test_hashing.py::test_trivial_hash[obj217-obj121] [32mPASSED[0m[36m     [ 43%][0m
joblib/test/test_hashing.py::test_trivial_hash[obj218-1] [32mPASSED[0m[36m          [ 43%][0m
joblib/test/test_hashing.py::test_trivial_hash[obj218-2] [32mPASSED[0m[36m          [ 43%][0m
joblib/test/test_hashing.py::test_trivial_hash[obj218-1.0] [32mPASSED[0m[36m        [ 43%][0m
joblib/test/test_hashing.py::test_trivial_hash[obj218-2.0] [32mPASSED[0m[36m        [ 43%][0m
joblib/test/test_hashing.py::test_trivial_hash[obj218-obj14] [32mPASSED[0m[36m      [ 43%][0m
joblib/test/test_hashing.py::test_trivial_hash[obj218-obj15] [32mPASSED[0m[36m      [ 43%][0m
joblib/test/test_hashing.py::test_trivial_hash[obj218-a] [32mPASSED[0m[36m          [ 43%][0m
joblib/test/test_hashing.py::test_trivial_hash[obj218-b] [32mPASSED[0m[36m          [ 43%][0m
joblib/test/test_hashing.py::test_trivial_hash[obj218-obj18] [32mPASSED[0m[36m      [ 44%][0m
joblib/test/test_hashing.py::test_trivial_hash[obj218-obj19] [32mPASSED[0m[36m      [ 44%][0m
joblib/test/test_hashing.py::test_trivial_hash[obj218-obj110] [32mPASSED[0m[36m     [ 44%][0m
joblib/test/test_hashing.py::test_trivial_hash[obj218-obj111] [32mPASSED[0m[36m     [ 44%][0m
joblib/test/test_hashing.py::test_trivial_hash[obj218-obj112] [32mPASSED[0m[36m     [ 44%][0m
joblib/test/test_hashing.py::test_trivial_hash[obj218-obj113] [32mPASSED[0m[36m     [ 44%][0m
joblib/test/test_hashing.py::test_trivial_hash[obj218-obj114] [32mPASSED[0m[36m     [ 44%][0m
joblib/test/test_hashing.py::test_trivial_hash[obj218-None] [32mPASSED[0m[36m       [ 44%][0m
joblib/test/test_hashing.py::test_trivial_hash[obj218-obj116] [32mPASSED[0m[36m     [ 44%][0m
joblib/test/test_hashing.py::test_trivial_hash[obj218-obj117] [32mPASSED[0m[36m     [ 44%][0m
joblib/test/test_hashing.py::test_trivial_hash[obj218-obj118] [32mPASSED[0m[36m     [ 45%][0m
joblib/test/test_hashing.py::test_trivial_hash[obj218-obj119] [32mPASSED[0m[36m     [ 45%][0m
joblib/test/test_hashing.py::test_trivial_hash[obj218-obj120] [32mPASSED[0m[36m     [ 45%][0m
joblib/test/test_hashing.py::test_trivial_hash[obj218-obj121] [32mPASSED[0m[36m     [ 45%][0m
joblib/test/test_hashing.py::test_trivial_hash[obj219-1] [32mPASSED[0m[36m          [ 45%][0m
joblib/test/test_hashing.py::test_trivial_hash[obj219-2] [32mPASSED[0m[36m          [ 45%][0m
joblib/test/test_hashing.py::test_trivial_hash[obj219-1.0] [32mPASSED[0m[36m        [ 45%][0m
joblib/test/test_hashing.py::test_trivial_hash[obj219-2.0] [32mPASSED[0m[36m        [ 45%][0m
joblib/test/test_hashing.py::test_trivial_hash[obj219-obj14] [32mPASSED[0m[36m      [ 45%][0m
joblib/test/test_hashing.py::test_trivial_hash[obj219-obj15] [32mPASSED[0m[36m      [ 45%][0m
joblib/test/test_hashing.py::test_trivial_hash[obj219-a] [32mPASSED[0m[36m          [ 45%][0m
joblib/test/test_hashing.py::test_trivial_hash[obj219-b] [32mPASSED[0m[36m          [ 46%][0m
joblib/test/test_hashing.py::test_trivial_hash[obj219-obj18] [32mPASSED[0m[36m      [ 46%][0m
joblib/test/test_hashing.py::test_trivial_hash[obj219-obj19] [32mPASSED[0m[36m      [ 46%][0m
joblib/test/test_hashing.py::test_trivial_hash[obj219-obj110] [32mPASSED[0m[36m     [ 46%][0m
joblib/test/test_hashing.py::test_trivial_hash[obj219-obj111] [32mPASSED[0m[36m     [ 46%][0m
joblib/test/test_hashing.py::test_trivial_hash[obj219-obj112] [32mPASSED[0m[36m     [ 46%][0m
joblib/test/test_hashing.py::test_trivial_hash[obj219-obj113] [32mPASSED[0m[36m     [ 46%][0m
joblib/test/test_hashing.py::test_trivial_hash[obj219-obj114] [32mPASSED[0m[36m     [ 46%][0m
joblib/test/test_hashing.py::test_trivial_hash[obj219-None] [32mPASSED[0m[36m       [ 46%][0m
joblib/test/test_hashing.py::test_trivial_hash[obj219-obj116] [32mPASSED[0m[36m     [ 46%][0m
joblib/test/test_hashing.py::test_trivial_hash[obj219-obj117] [32mPASSED[0m[36m     [ 47%][0m
joblib/test/test_hashing.py::test_trivial_hash[obj219-obj118] [32mPASSED[0m[36m     [ 47%][0m
joblib/test/test_hashing.py::test_trivial_hash[obj219-obj119] [32mPASSED[0m[36m     [ 47%][0m
joblib/test/test_hashing.py::test_trivial_hash[obj219-obj120] [32mPASSED[0m[36m     [ 47%][0m
joblib/test/test_hashing.py::test_trivial_hash[obj219-obj121] [32mPASSED[0m[36m     [ 47%][0m
joblib/test/test_hashing.py::test_trivial_hash[obj220-1] [32mPASSED[0m[36m          [ 47%][0m
joblib/test/test_hashing.py::test_trivial_hash[obj220-2] [32mPASSED[0m[36m          [ 47%][0m
joblib/test/test_hashing.py::test_trivial_hash[obj220-1.0] [32mPASSED[0m[36m        [ 47%][0m
joblib/test/test_hashing.py::test_trivial_hash[obj220-2.0] [32mPASSED[0m[36m        [ 47%][0m
joblib/test/test_hashing.py::test_trivial_hash[obj220-obj14] [32mPASSED[0m[36m      [ 47%][0m
joblib/test/test_hashing.py::test_trivial_hash[obj220-obj15] [32mPASSED[0m[36m      [ 47%][0m
joblib/test/test_hashing.py::test_trivial_hash[obj220-a] [32mPASSED[0m[36m          [ 48%][0m
joblib/test/test_hashing.py::test_trivial_hash[obj220-b] [32mPASSED[0m[36m          [ 48%][0m
joblib/test/test_hashing.py::test_trivial_hash[obj220-obj18] [32mPASSED[0m[36m      [ 48%][0m
joblib/test/test_hashing.py::test_trivial_hash[obj220-obj19] [32mPASSED[0m[36m      [ 48%][0m
joblib/test/test_hashing.py::test_trivial_hash[obj220-obj110] [32mPASSED[0m[36m     [ 48%][0m
joblib/test/test_hashing.py::test_trivial_hash[obj220-obj111] [32mPASSED[0m[36m     [ 48%][0m
joblib/test/test_hashing.py::test_trivial_hash[obj220-obj112] [32mPASSED[0m[36m     [ 48%][0m
joblib/test/test_hashing.py::test_trivial_hash[obj220-obj113] [32mPASSED[0m[36m     [ 48%][0m
joblib/test/test_hashing.py::test_trivial_hash[obj220-obj114] [32mPASSED[0m[36m     [ 48%][0m
joblib/test/test_hashing.py::test_trivial_hash[obj220-None] [32mPASSED[0m[36m       [ 48%][0m
joblib/test/test_hashing.py::test_trivial_hash[obj220-obj116] [32mPASSED[0m[36m     [ 49%][0m
joblib/test/test_hashing.py::test_trivial_hash[obj220-obj117] [32mPASSED[0m[36m     [ 49%][0m
joblib/test/test_hashing.py::test_trivial_hash[obj220-obj118] [32mPASSED[0m[36m     [ 49%][0m
joblib/test/test_hashing.py::test_trivial_hash[obj220-obj119] [32mPASSED[0m[36m     [ 49%][0m
joblib/test/test_hashing.py::test_trivial_hash[obj220-obj120] [32mPASSED[0m[36m     [ 49%][0m
joblib/test/test_hashing.py::test_trivial_hash[obj220-obj121] [32mPASSED[0m[36m     [ 49%][0m
joblib/test/test_hashing.py::test_trivial_hash[obj221-1] [32mPASSED[0m[36m          [ 49%][0m
joblib/test/test_hashing.py::test_trivial_hash[obj221-2] [32mPASSED[0m[36m          [ 49%][0m
joblib/test/test_hashing.py::test_trivial_hash[obj221-1.0] [32mPASSED[0m[36m        [ 49%][0m
joblib/test/test_hashing.py::test_trivial_hash[obj221-2.0] [32mPASSED[0m[36m        [ 49%][0m
joblib/test/test_hashing.py::test_trivial_hash[obj221-obj14] [32mPASSED[0m[36m      [ 50%][0m
joblib/test/test_hashing.py::test_trivial_hash[obj221-obj15] [32mPASSED[0m[36m      [ 50%][0m
joblib/test/test_hashing.py::test_trivial_hash[obj221-a] [32mPASSED[0m[36m          [ 50%][0m
joblib/test/test_hashing.py::test_trivial_hash[obj221-b] [32mPASSED[0m[36m          [ 50%][0m
joblib/test/test_hashing.py::test_trivial_hash[obj221-obj18] [32mPASSED[0m[36m      [ 50%][0m
joblib/test/test_hashing.py::test_trivial_hash[obj221-obj19] [32mPASSED[0m[36m      [ 50%][0m
joblib/test/test_hashing.py::test_trivial_hash[obj221-obj110] [32mPASSED[0m[36m     [ 50%][0m
joblib/test/test_hashing.py::test_trivial_hash[obj221-obj111] [32mPASSED[0m[36m     [ 50%][0m
joblib/test/test_hashing.py::test_trivial_hash[obj221-obj112] [32mPASSED[0m[36m     [ 50%][0m
joblib/test/test_hashing.py::test_trivial_hash[obj221-obj113] [32mPASSED[0m[36m     [ 50%][0m
joblib/test/test_hashing.py::test_trivial_hash[obj221-obj114] [32mPASSED[0m[36m     [ 50%][0m
joblib/test/test_hashing.py::test_trivial_hash[obj221-None] [32mPASSED[0m[36m       [ 51%][0m
joblib/test/test_hashing.py::test_trivial_hash[obj221-obj116] [32mPASSED[0m[36m     [ 51%][0m
joblib/test/test_hashing.py::test_trivial_hash[obj221-obj117] [32mPASSED[0m[36m     [ 51%][0m
joblib/test/test_hashing.py::test_trivial_hash[obj221-obj118] [32mPASSED[0m[36m     [ 51%][0m
joblib/test/test_hashing.py::test_trivial_hash[obj221-obj119] [32mPASSED[0m[36m     [ 51%][0m
joblib/test/test_hashing.py::test_trivial_hash[obj221-obj120] [32mPASSED[0m[36m     [ 51%][0m
joblib/test/test_hashing.py::test_trivial_hash[obj221-obj121] [32mPASSED[0m[36m     [ 51%][0m
joblib/test/test_hashing.py::test_hash_methods [32mPASSED[0m[36m                    [ 51%][0m
joblib/test/test_hashing.py::test_hash_numpy_arrays [32mPASSED[0m[36m               [ 51%][0m
joblib/test/test_hashing.py::test_hash_numpy_dict_of_arrays [32mPASSED[0m[36m       [ 51%][0m
joblib/test/test_hashing.py::test_numpy_datetime_array[datetime64[s]] [32mPASSED[0m[36m [ 52%][0m
joblib/test/test_hashing.py::test_numpy_datetime_array[timedelta64[D]] [32mPASSED[0m[36m [ 52%][0m
joblib/test/test_hashing.py::test_hash_numpy_noncontiguous [32mPASSED[0m[36m        [ 52%][0m
joblib/test/test_hashing.py::test_hash_memmap[True] [32mPASSED[0m[36m               [ 52%][0m
joblib/test/test_hashing.py::test_hash_memmap[False] [32mPASSED[0m[36m              [ 52%][0m
joblib/test/test_hashing.py::test_hash_numpy_performance [32mPASSED[0m[36m          [ 52%][0m
joblib/test/test_hashing.py::test_bound_methods_hash [32mPASSED[0m[36m              [ 52%][0m
joblib/test/test_hashing.py::test_bound_cached_methods_hash [32mPASSED[0m[36m       [ 52%][0m
joblib/test/test_hashing.py::test_hash_object_dtype [32mPASSED[0m[36m               [ 52%][0m
joblib/test/test_hashing.py::test_numpy_scalar [32mPASSED[0m[36m                    [ 52%][0m
joblib/test/test_hashing.py::test_dict_hash [32mPASSED[0m[36m                       [ 52%][0m
joblib/test/test_hashing.py::test_set_hash [32mPASSED[0m[36m                        [ 53%][0m
joblib/test/test_hashing.py::test_set_decimal_hash [32mPASSED[0m[36m                [ 53%][0m
joblib/test/test_hashing.py::test_string [32mPASSED[0m[36m                          [ 53%][0m
joblib/test/test_hashing.py::test_dtype [32mPASSED[0m[36m                           [ 53%][0m
joblib/test/test_hashing.py::test_hashes_stay_the_same[This is a string to hash-expected0] [32mPASSED[0m[36m [ 53%][0m
joblib/test/test_hashing.py::test_hashes_stay_the_same[C'est l\xe9t\xe9-expected1] [32mPASSED[0m[36m [ 53%][0m
joblib/test/test_hashing.py::test_hashes_stay_the_same[to_hash2-expected2] [32mPASSED[0m[36m [ 53%][0m
joblib/test/test_hashing.py::test_hashes_stay_the_same[to_hash3-expected3] [32mPASSED[0m[36m [ 53%][0m
joblib/test/test_hashing.py::test_hashes_stay_the_same[to_hash4-expected4] [32mPASSED[0m[36m [ 53%][0m
joblib/test/test_hashing.py::test_hashes_stay_the_same[to_hash5-expected5] [32mPASSED[0m[36m [ 53%][0m
joblib/test/test_hashing.py::test_hashes_are_different_between_c_and_fortran_contiguous_arrays [32mPASSED[0m[36m [ 54%][0m
joblib/test/test_hashing.py::test_0d_array [32mPASSED[0m[36m                        [ 54%][0m
joblib/test/test_hashing.py::test_0d_and_1d_array_hashing_is_different [32mPASSED[0m[36m [ 54%][0m
joblib/test/test_hashing.py::test_hashes_stay_the_same_with_numpy_objects [32mPASSED[0m[36m [ 54%][0m
joblib/test/test_hashing.py::test_hashing_pickling_error [32mPASSED[0m[36m          [ 54%][0m
joblib/test/test_logger.py::test_print_time [32mPASSED[0m[36m                       [ 54%][0m
joblib/test/test_memmapping.py::test_memmap_based_array_reducing [33mSKIPPED[0m[36m [ 54%][0m
joblib/test/test_memmapping.py::test_high_dimension_memmap_array_reducing [33mSKIPPED[0m[36m [ 54%][0m
joblib/test/test_memmapping.py::test__strided_from_memmap [32mPASSED[0m[36m         [ 54%][0m
joblib/test/test_memmapping.py::test_pool_with_memmap[multiprocessing] [33mSKIPPED[0m[36m [ 54%][0m
joblib/test/test_memmapping.py::test_pool_with_memmap[loky] [33mSKIPPED[0m[36m      [ 54%][0m
joblib/test/test_memmapping.py::test_pool_with_memmap_array_view[multiprocessing] [33mSKIPPED[0m[36m [ 55%][0m
joblib/test/test_memmapping.py::test_pool_with_memmap_array_view[loky] [33mSKIPPED[0m[36m [ 55%][0m
joblib/test/test_memmapping.py::test_memmapping_pool_for_large_arrays[multiprocessing] [33mSKIPPED[0m[36m [ 55%][0m
joblib/test/test_memmapping.py::test_memmapping_pool_for_large_arrays[loky] [33mSKIPPED[0m[36m [ 55%][0m
joblib/test/test_memmapping.py::test_memmapping_pool_for_large_arrays_disabled[multiprocessing] [33mSKIPPED[0m[36m [ 55%][0m
joblib/test/test_memmapping.py::test_memmapping_pool_for_large_arrays_disabled[loky] [33mSKIPPED[0m[36m [ 55%][0m
joblib/test/test_memmapping.py::test_memmapping_on_large_enough_dev_shm[multiprocessing] [33mSKIPPED[0m[36m [ 55%][0m
joblib/test/test_memmapping.py::test_memmapping_on_large_enough_dev_shm[loky] [33mSKIPPED[0m[36m [ 55%][0m
joblib/test/test_memmapping.py::test_memmapping_on_too_small_dev_shm[multiprocessing] [33mSKIPPED[0m[36m [ 55%][0m
joblib/test/test_memmapping.py::test_memmapping_on_too_small_dev_shm[loky] [33mSKIPPED[0m[36m [ 55%][0m
joblib/test/test_memmapping.py::test_memmapping_pool_for_large_arrays_in_return[multiprocessing] [33mSKIPPED[0m[36m [ 56%][0m
joblib/test/test_memmapping.py::test_memmapping_pool_for_large_arrays_in_return[loky] [33mSKIPPED[0m[36m [ 56%][0m
joblib/test/test_memmapping.py::test_workaround_against_bad_memmap_with_copied_buffers[multiprocessing] [33mSKIPPED[0m[36m [ 56%][0m
joblib/test/test_memmapping.py::test_workaround_against_bad_memmap_with_copied_buffers[loky] [33mSKIPPED[0m[36m [ 56%][0m
joblib/test/test_memmapping.py::test_pool_memmap_with_big_offset[multiprocessing] [33mSKIPPED[0m[36m [ 56%][0m
joblib/test/test_memmapping.py::test_pool_memmap_with_big_offset[loky] [33mSKIPPED[0m[36m [ 56%][0m
joblib/test/test_memmapping.py::test_pool_get_temp_dir [32mPASSED[0m[36m            [ 56%][0m
joblib/test/test_memmapping.py::test_numpy_arrays_use_different_memory[r+] [32mPASSED[0m[36m [ 56%][0m
joblib/test/test_memmapping.py::test_numpy_arrays_use_different_memory[w+] [32mPASSED[0m[36m [ 56%][0m
joblib/test/test_memory.py::test_memory_integration [32mPASSED[0m[36m               [ 56%][0m
joblib/test/test_memory.py::test_no_memory [32mPASSED[0m[36m                        [ 56%][0m
joblib/test/test_memory.py::test_memory_kwarg [32mPASSED[0m[36m                     [ 57%][0m
joblib/test/test_memory.py::test_memory_lambda [32mPASSED[0m[36m                    [ 57%][0m
joblib/test/test_memory.py::test_memory_name_collision [32mPASSED[0m[36m            [ 57%][0m
joblib/test/test_memory.py::test_memory_warning_lambda_collisions [32mPASSED[0m[36m [ 57%][0m
joblib/test/test_memory.py::test_memory_warning_collision_detection [32mPASSED[0m[36m [ 57%][0m
joblib/test/test_memory.py::test_memory_partial [32mPASSED[0m[36m                   [ 57%][0m
joblib/test/test_memory.py::test_memory_eval [32mPASSED[0m[36m                      [ 57%][0m
joblib/test/test_memory.py::test_argument_change [32mPASSED[0m[36m                  [ 57%][0m
joblib/test/test_memory.py::test_memory_numpy[None] [32mPASSED[0m[36m               [ 57%][0m
joblib/test/test_memory.py::test_memory_numpy[r] [32mPASSED[0m[36m                  [ 57%][0m
joblib/test/test_memory.py::test_memory_numpy_check_mmap_mode [32mPASSED[0m[36m     [ 58%][0m
joblib/test/test_memory.py::test_memory_exception [32mPASSED[0m[36m                 [ 58%][0m
joblib/test/test_memory.py::test_memory_ignore [32mPASSED[0m[36m                    [ 58%][0m
joblib/test/test_memory.py::test_partial_decoration[ignore0-100-r] [32mPASSED[0m[36m [ 58%][0m
joblib/test/test_memory.py::test_partial_decoration[ignore1-10-None] [32mPASSED[0m[36m [ 58%][0m
joblib/test/test_memory.py::test_func_dir [32mPASSED[0m[36m                         [ 58%][0m
joblib/test/test_memory.py::test_persistence [32mPASSED[0m[36m                      [ 58%][0m
joblib/test/test_memory.py::test_call_and_shelve [32mPASSED[0m[36m                  [ 58%][0m
joblib/test/test_memory.py::test_memorized_pickling [32mPASSED[0m[36m               [ 58%][0m
joblib/test/test_memory.py::test_memorized_repr [32mPASSED[0m[36m                   [ 58%][0m
joblib/test/test_memory.py::test_memory_file_modification [32mPASSED[0m[36m         [ 58%][0m
joblib/test/test_memory.py::test_memory_in_memory_function_code_change [32mPASSED[0m[36m [ 59%][0m
joblib/test/test_memory.py::test_clear_memory_with_none_location [32mPASSED[0m[36m  [ 59%][0m
joblib/test/test_memory.py::test_memory_func_with_kwonly_args [32mPASSED[0m[36m     [ 59%][0m
joblib/test/test_memory.py::test_memory_func_with_signature [32mPASSED[0m[36m       [ 59%][0m
joblib/test/test_memory.py::test__get_items [32mPASSED[0m[36m                       [ 59%][0m
joblib/test/test_memory.py::test__get_items_to_delete [32mPASSED[0m[36m             [ 59%][0m
joblib/test/test_memory.py::test_memory_reduce_size [32mPASSED[0m[36m               [ 59%][0m
joblib/test/test_memory.py::test_memory_clear [32mPASSED[0m[36m                     [ 59%][0m
joblib/test/test_memory.py::test_cached_function_race_condition_when_persisting_output [33mSKIPPED[0m[36m [ 59%][0m
joblib/test/test_memory.py::test_cached_function_race_condition_when_persisting_output_2 [33mSKIPPED[0m[36m [ 59%][0m
joblib/test/test_memory.py::test_concurrency_safe_write[multiprocessing] [33mSKIPPED[0m[36m [ 60%][0m
joblib/test/test_memory.py::test_concurrency_safe_write[loky] [33mSKIPPED[0m[36m    [ 60%][0m
joblib/test/test_memory.py::test_concurrency_safe_write[threading] [33mSKIPPED[0m[36m [ 60%][0m
joblib/test/test_memory.py::test_memory_recomputes_after_an_error_why_loading_results [32mPASSED[0m[36m [ 60%][0m
joblib/test/test_memory.py::test_cachedir_deprecation_warning [32mPASSED[0m[36m     [ 60%][0m
joblib/test/test_memory.py::test_register_invalid_store_backends_key[None] [32mPASSED[0m[36m [ 60%][0m
joblib/test/test_memory.py::test_register_invalid_store_backends_key[invalid_prefix1] [32mPASSED[0m[36m [ 60%][0m
joblib/test/test_memory.py::test_register_invalid_store_backends_key[invalid_prefix2] [32mPASSED[0m[36m [ 60%][0m
joblib/test/test_memory.py::test_register_invalid_store_backends_object [32mPASSED[0m[36m [ 60%][0m
joblib/test/test_memory.py::test_memory_default_store_backend [32mPASSED[0m[36m     [ 60%][0m
joblib/test/test_memory.py::test_instanciate_incomplete_store_backend [32mPASSED[0m[36m [ 60%][0m
joblib/test/test_memory.py::test_dummy_store_backend [32mPASSED[0m[36m              [ 61%][0m
joblib/test/test_my_exceptions.py::test_inheritance [32mPASSED[0m[36m               [ 61%][0m
joblib/test/test_my_exceptions.py::test_inheritance_special_cases [32mPASSED[0m[36m [ 61%][0m
joblib/test/test_my_exceptions.py::test__mk_exception [32mPASSED[0m[36m             [ 61%][0m
joblib/test/test_numpy_pickle.py::test_standard_types[None-0] [32mPASSED[0m[36m     [ 61%][0m
joblib/test/test_numpy_pickle.py::test_standard_types[None-1] [32mPASSED[0m[36m     [ 61%][0m
joblib/test/test_numpy_pickle.py::test_standard_types[type-0] [32mPASSED[0m[36m     [ 61%][0m
joblib/test/test_numpy_pickle.py::test_standard_types[type-1] [32mPASSED[0m[36m     [ 61%][0m
joblib/test/test_numpy_pickle.py::test_standard_types[True-0] [32mPASSED[0m[36m     [ 61%][0m
joblib/test/test_numpy_pickle.py::test_standard_types[True-1] [32mPASSED[0m[36m     [ 61%][0m
joblib/test/test_numpy_pickle.py::test_standard_types[10-0] [32mPASSED[0m[36m       [ 62%][0m
joblib/test/test_numpy_pickle.py::test_standard_types[10-1] [32mPASSED[0m[36m       [ 62%][0m
joblib/test/test_numpy_pickle.py::test_standard_types[1.0-0] [32mPASSED[0m[36m      [ 62%][0m
joblib/test/test_numpy_pickle.py::test_standard_types[1.0-1] [32mPASSED[0m[36m      [ 62%][0m
joblib/test/test_numpy_pickle.py::test_standard_types[member5-0] [32mPASSED[0m[36m  [ 62%][0m
joblib/test/test_numpy_pickle.py::test_standard_types[member5-1] [32mPASSED[0m[36m  [ 62%][0m
joblib/test/test_numpy_pickle.py::test_standard_types[11-0] [32mPASSED[0m[36m       [ 62%][0m
joblib/test/test_numpy_pickle.py::test_standard_types[11-1] [32mPASSED[0m[36m       [ 62%][0m
joblib/test/test_numpy_pickle.py::test_standard_types[member7-0] [32mPASSED[0m[36m  [ 62%][0m
joblib/test/test_numpy_pickle.py::test_standard_types[member7-1] [32mPASSED[0m[36m  [ 62%][0m
joblib/test/test_numpy_pickle.py::test_standard_types[member8-0] [32mPASSED[0m[36m  [ 62%][0m
joblib/test/test_numpy_pickle.py::test_standard_types[member8-1] [32mPASSED[0m[36m  [ 63%][0m
joblib/test/test_numpy_pickle.py::test_standard_types[member9-0] [32mPASSED[0m[36m  [ 63%][0m
joblib/test/test_numpy_pickle.py::test_standard_types[member9-1] [32mPASSED[0m[36m  [ 63%][0m
joblib/test/test_numpy_pickle.py::test_standard_types[member10-0] [32mPASSED[0m[36m [ 63%][0m
joblib/test/test_numpy_pickle.py::test_standard_types[member10-1] [32mPASSED[0m[36m [ 63%][0m
joblib/test/test_numpy_pickle.py::test_standard_types[member11-0] [32mPASSED[0m[36m [ 63%][0m
joblib/test/test_numpy_pickle.py::test_standard_types[member11-1] [32mPASSED[0m[36m [ 63%][0m
joblib/test/test_numpy_pickle.py::test_standard_types[_class-0] [32mPASSED[0m[36m   [ 63%][0m
joblib/test/test_numpy_pickle.py::test_standard_types[_class-1] [32mPASSED[0m[36m   [ 63%][0m
joblib/test/test_numpy_pickle.py::test_standard_types[_newclass-0] [32mPASSED[0m[36m [ 63%][0m
joblib/test/test_numpy_pickle.py::test_standard_types[_newclass-1] [32mPASSED[0m[36m [ 64%][0m
joblib/test/test_numpy_pickle.py::test_standard_types[member14-0] [32mPASSED[0m[36m [ 64%][0m
joblib/test/test_numpy_pickle.py::test_standard_types[member14-1] [32mPASSED[0m[36m [ 64%][0m
joblib/test/test_numpy_pickle.py::test_standard_types[member15-0] [32mPASSED[0m[36m [ 64%][0m
joblib/test/test_numpy_pickle.py::test_standard_types[member15-1] [32mPASSED[0m[36m [ 64%][0m
joblib/test/test_numpy_pickle.py::test_value_error [32mPASSED[0m[36m                [ 64%][0m
joblib/test/test_numpy_pickle.py::test_compress_level_error[-1] [32mPASSED[0m[36m   [ 64%][0m
joblib/test/test_numpy_pickle.py::test_compress_level_error[10] [32mPASSED[0m[36m   [ 64%][0m
joblib/test/test_numpy_pickle.py::test_compress_level_error[wrong] [32mPASSED[0m[36m [ 64%][0m
joblib/test/test_numpy_pickle.py::test_numpy_persistence[False] [32mPASSED[0m[36m   [ 64%][0m
joblib/test/test_numpy_pickle.py::test_numpy_persistence[True] [32mPASSED[0m[36m    [ 64%][0m
joblib/test/test_numpy_pickle.py::test_numpy_persistence[0] [32mPASSED[0m[36m       [ 65%][0m
joblib/test/test_numpy_pickle.py::test_numpy_persistence[3] [32mPASSED[0m[36m       [ 65%][0m
joblib/test/test_numpy_pickle.py::test_numpy_persistence_bufferred_array_compression [32mPASSED[0m[36m [ 65%][0m
joblib/test/test_numpy_pickle.py::test_memmap_persistence [32mPASSED[0m[36m         [ 65%][0m
joblib/test/test_numpy_pickle.py::test_memmap_persistence_mixed_dtypes [32mPASSED[0m[36m [ 65%][0m
joblib/test/test_numpy_pickle.py::test_masked_array_persistence [32mPASSED[0m[36m   [ 65%][0m
joblib/test/test_numpy_pickle.py::test_compress_mmap_mode_warning [32mPASSED[0m[36m [ 65%][0m
joblib/test/test_numpy_pickle.py::test_cache_size_warning[None] [32mPASSED[0m[36m   [ 65%][0m
joblib/test/test_numpy_pickle.py::test_cache_size_warning[0] [32mPASSED[0m[36m      [ 65%][0m
joblib/test/test_numpy_pickle.py::test_cache_size_warning[10] [32mPASSED[0m[36m     [ 65%][0m
joblib/test/test_numpy_pickle.py::test_memory_usage[True] [32mPASSED[0m[36m         [ 66%][0m
joblib/test/test_numpy_pickle.py::test_memory_usage[False] [32mPASSED[0m[36m        [ 66%][0m
joblib/test/test_numpy_pickle.py::test_compressed_pickle_dump_and_load [32mPASSED[0m[36m [ 66%][0m
joblib/test/test_numpy_pickle.py::test_joblib_pickle_across_python_versions [32mPASSED[0m[36m [ 66%][0m
joblib/test/test_numpy_pickle.py::test_compress_tuple_argument[compress_tuple0] [32mPASSED[0m[36m [ 66%][0m
joblib/test/test_numpy_pickle.py::test_compress_tuple_argument[compress_tuple1] [32mPASSED[0m[36m [ 66%][0m
joblib/test/test_numpy_pickle.py::test_compress_tuple_argument_exception[compress_tuple0-Compress argument tuple should contain exactly 2 elements] [32mPASSED[0m[36m [ 66%][0m
joblib/test/test_numpy_pickle.py::test_compress_tuple_argument_exception[compress_tuple1-Non valid compression method given: "wrong"] [32mPASSED[0m[36m [ 66%][0m
joblib/test/test_numpy_pickle.py::test_compress_tuple_argument_exception[compress_tuple2-Non valid compress level given: "wrong"] [32mPASSED[0m[36m [ 66%][0m
joblib/test/test_numpy_pickle.py::test_joblib_compression_formats[zlib-1] [32mPASSED[0m[36m [ 66%][0m
joblib/test/test_numpy_pickle.py::test_joblib_compression_formats[zlib-3] [32mPASSED[0m[36m [ 66%][0m
joblib/test/test_numpy_pickle.py::test_joblib_compression_formats[zlib-6] [32mPASSED[0m[36m [ 67%][0m
joblib/test/test_numpy_pickle.py::test_joblib_compression_formats[bz2-1] [32mPASSED[0m[36m [ 67%][0m
joblib/test/test_numpy_pickle.py::test_joblib_compression_formats[bz2-3] [32mPASSED[0m[36m [ 67%][0m
joblib/test/test_numpy_pickle.py::test_joblib_compression_formats[bz2-6] [32mPASSED[0m[36m [ 67%][0m
joblib/test/test_numpy_pickle.py::test_joblib_compression_formats[lzma-1] [32mPASSED[0m[36m [ 67%][0m
joblib/test/test_numpy_pickle.py::test_joblib_compression_formats[lzma-3] [32mPASSED[0m[36m [ 67%][0m
joblib/test/test_numpy_pickle.py::test_joblib_compression_formats[lzma-6] [32mPASSED[0m[36m [ 67%][0m
joblib/test/test_numpy_pickle.py::test_joblib_compression_formats[xz-1] [32mPASSED[0m[36m [ 67%][0m
joblib/test/test_numpy_pickle.py::test_joblib_compression_formats[xz-3] [32mPASSED[0m[36m [ 67%][0m
joblib/test/test_numpy_pickle.py::test_joblib_compression_formats[xz-6] [32mPASSED[0m[36m [ 67%][0m
joblib/test/test_numpy_pickle.py::test_joblib_compression_formats[gzip-1] [32mPASSED[0m[36m [ 68%][0m
joblib/test/test_numpy_pickle.py::test_joblib_compression_formats[gzip-3] [32mPASSED[0m[36m [ 68%][0m
joblib/test/test_numpy_pickle.py::test_joblib_compression_formats[gzip-6] [32mPASSED[0m[36m [ 68%][0m
joblib/test/test_numpy_pickle.py::test_load_externally_decompressed_files[.z-decompress0] [32mPASSED[0m[36m [ 68%][0m
joblib/test/test_numpy_pickle.py::test_load_externally_decompressed_files[.gz-decompress1] [32mPASSED[0m[36m [ 68%][0m
joblib/test/test_numpy_pickle.py::test_compression_using_file_extension[.z-zlib] [32mPASSED[0m[36m [ 68%][0m
joblib/test/test_numpy_pickle.py::test_compression_using_file_extension[.gz-gzip] [32mPASSED[0m[36m [ 68%][0m
joblib/test/test_numpy_pickle.py::test_compression_using_file_extension[.bz2-bz2] [32mPASSED[0m[36m [ 68%][0m
joblib/test/test_numpy_pickle.py::test_compression_using_file_extension[.lzma-lzma] [32mPASSED[0m[36m [ 68%][0m
joblib/test/test_numpy_pickle.py::test_compression_using_file_extension[.xz-xz] [32mPASSED[0m[36m [ 68%][0m
joblib/test/test_numpy_pickle.py::test_compression_using_file_extension[.pkl-not-compressed] [32mPASSED[0m[36m [ 68%][0m
joblib/test/test_numpy_pickle.py::test_compression_using_file_extension[-not-compressed] [32mPASSED[0m[36m [ 69%][0m
joblib/test/test_numpy_pickle.py::test_file_handle_persistence [32mPASSED[0m[36m    [ 69%][0m
joblib/test/test_numpy_pickle.py::test_in_memory_persistence [32mPASSED[0m[36m      [ 69%][0m
joblib/test/test_numpy_pickle.py::test_file_handle_persistence_mmap [32mPASSED[0m[36m [ 69%][0m
joblib/test/test_numpy_pickle.py::test_file_handle_persistence_compressed_mmap [32mPASSED[0m[36m [ 69%][0m
joblib/test/test_numpy_pickle.py::test_file_handle_persistence_in_memory_mmap [32mPASSED[0m[36m [ 69%][0m
joblib/test/test_numpy_pickle.py::test_binary_zlibfile[1-a little data as bytes.] [32mPASSED[0m[36m [ 69%][0m
joblib/test/test_numpy_pickle.py::test_binary_zlibfile[1-a large data as bytes.] [32mPASSED[0m[36m [ 69%][0m
joblib/test/test_numpy_pickle.py::test_binary_zlibfile[3-a little data as bytes.] [32mPASSED[0m[36m [ 69%][0m
joblib/test/test_numpy_pickle.py::test_binary_zlibfile[3-a large data as bytes.] [32mPASSED[0m[36m [ 69%][0m
joblib/test/test_numpy_pickle.py::test_binary_zlibfile[9-a little data as bytes.] [32mPASSED[0m[36m [ 70%][0m
joblib/test/test_numpy_pickle.py::test_binary_zlibfile[9-a large data as bytes.] [32mPASSED[0m[36m [ 70%][0m
joblib/test/test_numpy_pickle.py::test_binary_zlibfile_bad_compression_levels[-1] [32mPASSED[0m[36m [ 70%][0m
joblib/test/test_numpy_pickle.py::test_binary_zlibfile_bad_compression_levels[10] [32mPASSED[0m[36m [ 70%][0m
joblib/test/test_numpy_pickle.py::test_binary_zlibfile_bad_compression_levels[15] [32mPASSED[0m[36m [ 70%][0m
joblib/test/test_numpy_pickle.py::test_binary_zlibfile_bad_compression_levels[a] [32mPASSED[0m[36m [ 70%][0m
joblib/test/test_numpy_pickle.py::test_binary_zlibfile_bad_compression_levels[bad_value4] [32mPASSED[0m[36m [ 70%][0m
joblib/test/test_numpy_pickle.py::test_binary_zlibfile_bad_compression_levels[bad_value5] [32mPASSED[0m[36m [ 70%][0m
joblib/test/test_numpy_pickle.py::test_binary_zlibfile_invalid_modes[a] [32mPASSED[0m[36m [ 70%][0m
joblib/test/test_numpy_pickle.py::test_binary_zlibfile_invalid_modes[x] [32mPASSED[0m[36m [ 70%][0m
joblib/test/test_numpy_pickle.py::test_binary_zlibfile_invalid_modes[r] [32mPASSED[0m[36m [ 70%][0m
joblib/test/test_numpy_pickle.py::test_binary_zlibfile_invalid_modes[w] [32mPASSED[0m[36m [ 71%][0m
joblib/test/test_numpy_pickle.py::test_binary_zlibfile_invalid_modes[1] [32mPASSED[0m[36m [ 71%][0m
joblib/test/test_numpy_pickle.py::test_binary_zlibfile_invalid_modes[2] [32mPASSED[0m[36m [ 71%][0m
joblib/test/test_numpy_pickle.py::test_binary_zlibfile_invalid_filename_type[1] [32mPASSED[0m[36m [ 71%][0m
joblib/test/test_numpy_pickle.py::test_binary_zlibfile_invalid_filename_type[bad_file1] [32mPASSED[0m[36m [ 71%][0m
joblib/test/test_numpy_pickle.py::test_binary_zlibfile_invalid_filename_type[bad_file2] [32mPASSED[0m[36m [ 71%][0m
joblib/test/test_numpy_pickle.py::test_numpy_subclass [32mPASSED[0m[36m             [ 71%][0m
joblib/test/test_numpy_pickle.py::test_pathlib [32mPASSED[0m[36m                    [ 71%][0m
joblib/test/test_numpy_pickle.py::test_non_contiguous_array_pickling [32mPASSED[0m[36m [ 71%][0m
joblib/test/test_numpy_pickle.py::test_pickle_highest_protocol [32mPASSED[0m[36m    [ 71%][0m
joblib/test/test_numpy_pickle.py::test_pickle_in_socket [32mPASSED[0m[36m           [ 72%][0m
joblib/test/test_numpy_pickle.py::test_load_memmap_with_big_offset [32mPASSED[0m[36m [ 72%][0m
joblib/test/test_numpy_pickle_compat.py::test_z_file [32mPASSED[0m[36m              [ 72%][0m
joblib/test/test_numpy_pickle_utils.py::test_binary_zlib_file[test0] [32mPASSED[0m[36m [ 72%][0m
joblib/test/test_numpy_pickle_utils.py::test_binary_zlib_file[test1] [32mPASSED[0m[36m [ 72%][0m
joblib/test/test_parallel.py::test_cpu_count [32mPASSED[0m[36m                      [ 72%][0m
joblib/test/test_parallel.py::test_effective_n_jobs [32mPASSED[0m[36m               [ 72%][0m
joblib/test/test_parallel.py::test_simple_parallel[2-1-None] [32mPASSED[0m[36m      [ 72%][0m
joblib/test/test_parallel.py::test_simple_parallel[2-1-loky] [32mPASSED[0m[36m      [ 72%][0m
joblib/test/test_parallel.py::test_simple_parallel[2-1-multiprocessing] [32mPASSED[0m[36m [ 72%][0m
joblib/test/test_parallel.py::test_simple_parallel[2-1-sequential] [32mPASSED[0m[36m [ 72%][0m
joblib/test/test_parallel.py::test_simple_parallel[2-1-threading] [32mPASSED[0m[36m [ 73%][0m
joblib/test/test_parallel.py::test_simple_parallel[2-1-backend5] [32mPASSED[0m[36m  [ 73%][0m
joblib/test/test_parallel.py::test_simple_parallel[2-1-backend6] [32mPASSED[0m[36m  [ 73%][0m
joblib/test/test_parallel.py::test_simple_parallel[2-1-backend7] [32mPASSED[0m[36m  [ 73%][0m
joblib/test/test_parallel.py::test_simple_parallel[2-1-backend8] [32mPASSED[0m[36m  [ 73%][0m
joblib/test/test_parallel.py::test_simple_parallel[2-2-None] [32mPASSED[0m[36m      [ 73%][0m
joblib/test/test_parallel.py::test_simple_parallel[2-2-loky] [32mPASSED[0m[36m      [ 73%][0m
joblib/test/test_parallel.py::test_simple_parallel[2-2-multiprocessing] [32mPASSED[0m[36m [ 73%][0m
joblib/test/test_parallel.py::test_simple_parallel[2-2-sequential] [32mPASSED[0m[36m [ 73%][0m
joblib/test/test_parallel.py::test_simple_parallel[2-2-threading] [32mPASSED[0m[36m [ 73%][0m
joblib/test/test_parallel.py::test_simple_parallel[2-2-backend5] [32mPASSED[0m[36m  [ 74%][0m
joblib/test/test_parallel.py::test_simple_parallel[2-2-backend6] [32mPASSED[0m[36m  [ 74%][0m
joblib/test/test_parallel.py::test_simple_parallel[2-2-backend7] [32mPASSED[0m[36m  [ 74%][0m
joblib/test/test_parallel.py::test_simple_parallel[2-2-backend8] [32mPASSED[0m[36m  [ 74%][0m
joblib/test/test_parallel.py::test_simple_parallel[2--1-None] [32mPASSED[0m[36m     [ 74%][0m
joblib/test/test_parallel.py::test_simple_parallel[2--1-loky] [32mPASSED[0m[36m     [ 74%][0m
joblib/test/test_parallel.py::test_simple_parallel[2--1-multiprocessing] [32mPASSED[0m[36m [ 74%][0m
joblib/test/test_parallel.py::test_simple_parallel[2--1-sequential] [32mPASSED[0m[36m [ 74%][0m
joblib/test/test_parallel.py::test_simple_parallel[2--1-threading] [32mPASSED[0m[36m [ 74%][0m
joblib/test/test_parallel.py::test_simple_parallel[2--1-backend5] [32mPASSED[0m[36m [ 74%][0m
joblib/test/test_parallel.py::test_simple_parallel[2--1-backend6] [32mPASSED[0m[36m [ 75%][0m
joblib/test/test_parallel.py::test_simple_parallel[2--1-backend7] [32mPASSED[0m[36m [ 75%][0m
joblib/test/test_parallel.py::test_simple_parallel[2--1-backend8] [32mPASSED[0m[36m [ 75%][0m
joblib/test/test_parallel.py::test_simple_parallel[2--2-None] [32mPASSED[0m[36m     [ 75%][0m
joblib/test/test_parallel.py::test_simple_parallel[2--2-loky] [32mPASSED[0m[36m     [ 75%][0m
joblib/test/test_parallel.py::test_simple_parallel[2--2-multiprocessing] [32mPASSED[0m[36m [ 75%][0m
joblib/test/test_parallel.py::test_simple_parallel[2--2-sequential] [32mPASSED[0m[36m [ 75%][0m
joblib/test/test_parallel.py::test_simple_parallel[2--2-threading] [32mPASSED[0m[36m [ 75%][0m
joblib/test/test_parallel.py::test_simple_parallel[2--2-backend5] [32mPASSED[0m[36m [ 75%][0m
joblib/test/test_parallel.py::test_simple_parallel[2--2-backend6] [32mPASSED[0m[36m [ 75%][0m
joblib/test/test_parallel.py::test_simple_parallel[2--2-backend7] [32mPASSED[0m[36m [ 75%][0m
joblib/test/test_parallel.py::test_simple_parallel[2--2-backend8] [32mPASSED[0m[36m [ 76%][0m
joblib/test/test_parallel.py::test_simple_parallel[11-1-None] [32mPASSED[0m[36m     [ 76%][0m
joblib/test/test_parallel.py::test_simple_parallel[11-1-loky] [32mPASSED[0m[36m     [ 76%][0m
joblib/test/test_parallel.py::test_simple_parallel[11-1-multiprocessing] [32mPASSED[0m[36m [ 76%][0m
joblib/test/test_parallel.py::test_simple_parallel[11-1-sequential] [32mPASSED[0m[36m [ 76%][0m
joblib/test/test_parallel.py::test_simple_parallel[11-1-threading] [32mPASSED[0m[36m [ 76%][0m
joblib/test/test_parallel.py::test_simple_parallel[11-1-backend5] [32mPASSED[0m[36m [ 76%][0m
joblib/test/test_parallel.py::test_simple_parallel[11-1-backend6] [32mPASSED[0m[36m [ 76%][0m
joblib/test/test_parallel.py::test_simple_parallel[11-1-backend7] [32mPASSED[0m[36m [ 76%][0m
joblib/test/test_parallel.py::test_simple_parallel[11-1-backend8] [32mPASSED[0m[36m [ 76%][0m
joblib/test/test_parallel.py::test_simple_parallel[11-2-None] [32mPASSED[0m[36m     [ 77%][0m
joblib/test/test_parallel.py::test_simple_parallel[11-2-loky] [32mPASSED[0m[36m     [ 77%][0m
joblib/test/test_parallel.py::test_simple_parallel[11-2-multiprocessing] [32mPASSED[0m[36m [ 77%][0m
joblib/test/test_parallel.py::test_simple_parallel[11-2-sequential] [32mPASSED[0m[36m [ 77%][0m
joblib/test/test_parallel.py::test_simple_parallel[11-2-threading] [32mPASSED[0m[36m [ 77%][0m
joblib/test/test_parallel.py::test_simple_parallel[11-2-backend5] [32mPASSED[0m[36m [ 77%][0m
joblib/test/test_parallel.py::test_simple_parallel[11-2-backend6] [32mPASSED[0m[36m [ 77%][0m
joblib/test/test_parallel.py::test_simple_parallel[11-2-backend7] [32mPASSED[0m[36m [ 77%][0m
joblib/test/test_parallel.py::test_simple_parallel[11-2-backend8] [32mPASSED[0m[36m [ 77%][0m
joblib/test/test_parallel.py::test_simple_parallel[11--1-None] [32mPASSED[0m[36m    [ 77%][0m
joblib/test/test_parallel.py::test_simple_parallel[11--1-loky] [32mPASSED[0m[36m    [ 77%][0m
joblib/test/test_parallel.py::test_simple_parallel[11--1-multiprocessing] [32mPASSED[0m[36m [ 78%][0m
joblib/test/test_parallel.py::test_simple_parallel[11--1-sequential] [32mPASSED[0m[36m [ 78%][0m
joblib/test/test_parallel.py::test_simple_parallel[11--1-threading] [32mPASSED[0m[36m [ 78%][0m
joblib/test/test_parallel.py::test_simple_parallel[11--1-backend5] [32mPASSED[0m[36m [ 78%][0m
joblib/test/test_parallel.py::test_simple_parallel[11--1-backend6] [32mPASSED[0m[36m [ 78%][0m
joblib/test/test_parallel.py::test_simple_parallel[11--1-backend7] [32mPASSED[0m[36m [ 78%][0m
joblib/test/test_parallel.py::test_simple_parallel[11--1-backend8] [32mPASSED[0m[36m [ 78%][0m
joblib/test/test_parallel.py::test_simple_parallel[11--2-None] [32mPASSED[0m[36m    [ 78%][0m
joblib/test/test_parallel.py::test_simple_parallel[11--2-loky] [32mPASSED[0m[36m    [ 78%][0m
joblib/test/test_parallel.py::test_simple_parallel[11--2-multiprocessing] [32mPASSED[0m[36m [ 78%][0m
joblib/test/test_parallel.py::test_simple_parallel[11--2-sequential] [32mPASSED[0m[36m [ 79%][0m
joblib/test/test_parallel.py::test_simple_parallel[11--2-threading] [32mPASSED[0m[36m [ 79%][0m
joblib/test/test_parallel.py::test_simple_parallel[11--2-backend5] [32mPASSED[0m[36m [ 79%][0m
joblib/test/test_parallel.py::test_simple_parallel[11--2-backend6] [32mPASSED[0m[36m [ 79%][0m
joblib/test/test_parallel.py::test_simple_parallel[11--2-backend7] [32mPASSED[0m[36m [ 79%][0m
joblib/test/test_parallel.py::test_simple_parallel[11--2-backend8] [32mPASSED[0m[36m [ 79%][0m
joblib/test/test_parallel.py::test_simple_parallel[100-1-None] [32mPASSED[0m[36m    [ 79%][0m
joblib/test/test_parallel.py::test_simple_parallel[100-1-loky] [32mPASSED[0m[36m    [ 79%][0m
joblib/test/test_parallel.py::test_simple_parallel[100-1-multiprocessing] [32mPASSED[0m[36m [ 79%][0m
joblib/test/test_parallel.py::test_simple_parallel[100-1-sequential] [32mPASSED[0m[36m [ 79%][0m
joblib/test/test_parallel.py::test_simple_parallel[100-1-threading] [32mPASSED[0m[36m [ 79%][0m
joblib/test/test_parallel.py::test_simple_parallel[100-1-backend5] [32mPASSED[0m[36m [ 80%][0m
joblib/test/test_parallel.py::test_simple_parallel[100-1-backend6] [32mPASSED[0m[36m [ 80%][0m
joblib/test/test_parallel.py::test_simple_parallel[100-1-backend7] [32mPASSED[0m[36m [ 80%][0m
joblib/test/test_parallel.py::test_simple_parallel[100-1-backend8] [32mPASSED[0m[36m [ 80%][0m
joblib/test/test_parallel.py::test_simple_parallel[100-2-None] [32mPASSED[0m[36m    [ 80%][0m
joblib/test/test_parallel.py::test_simple_parallel[100-2-loky] [32mPASSED[0m[36m    [ 80%][0m
joblib/test/test_parallel.py::test_simple_parallel[100-2-multiprocessing] [32mPASSED[0m[36m [ 80%][0m
joblib/test/test_parallel.py::test_simple_parallel[100-2-sequential] [32mPASSED[0m[36m [ 80%][0m
joblib/test/test_parallel.py::test_simple_parallel[100-2-threading] [32mPASSED[0m[36m [ 80%][0m
joblib/test/test_parallel.py::test_simple_parallel[100-2-backend5] [32mPASSED[0m[36m [ 80%][0m
joblib/test/test_parallel.py::test_simple_parallel[100-2-backend6] [32mPASSED[0m[36m [ 81%][0m
joblib/test/test_parallel.py::test_simple_parallel[100-2-backend7] [32mPASSED[0m[36m [ 81%][0m
joblib/test/test_parallel.py::test_simple_parallel[100-2-backend8] [32mPASSED[0m[36m [ 81%][0m
joblib/test/test_parallel.py::test_simple_parallel[100--1-None] [32mPASSED[0m[36m   [ 81%][0m
joblib/test/test_parallel.py::test_simple_parallel[100--1-loky] [32mPASSED[0m[36m   [ 81%][0m
joblib/test/test_parallel.py::test_simple_parallel[100--1-multiprocessing] [32mPASSED[0m[36m [ 81%][0m
joblib/test/test_parallel.py::test_simple_parallel[100--1-sequential] [32mPASSED[0m[36m [ 81%][0m
joblib/test/test_parallel.py::test_simple_parallel[100--1-threading] [32mPASSED[0m[36m [ 81%][0m
joblib/test/test_parallel.py::test_simple_parallel[100--1-backend5] [32mPASSED[0m[36m [ 81%][0m
joblib/test/test_parallel.py::test_simple_parallel[100--1-backend6] [32mPASSED[0m[36m [ 81%][0m
joblib/test/test_parallel.py::test_simple_parallel[100--1-backend7] [32mPASSED[0m[36m [ 81%][0m
joblib/test/test_parallel.py::test_simple_parallel[100--1-backend8] [32mPASSED[0m[36m [ 82%][0m
joblib/test/test_parallel.py::test_simple_parallel[100--2-None] [32mPASSED[0m[36m   [ 82%][0m
joblib/test/test_parallel.py::test_simple_parallel[100--2-loky] [32mPASSED[0m[36m   [ 82%][0m
joblib/test/test_parallel.py::test_simple_parallel[100--2-multiprocessing] [32mPASSED[0m[36m [ 82%][0m
joblib/test/test_parallel.py::test_simple_parallel[100--2-sequential] [32mPASSED[0m[36m [ 82%][0m
joblib/test/test_parallel.py::test_simple_parallel[100--2-threading] [32mPASSED[0m[36m [ 82%][0m
joblib/test/test_parallel.py::test_simple_parallel[100--2-backend5] [32mPASSED[0m[36m [ 82%][0m
joblib/test/test_parallel.py::test_simple_parallel[100--2-backend6] [32mPASSED[0m[36m [ 82%][0m
joblib/test/test_parallel.py::test_simple_parallel[100--2-backend7] [32mPASSED[0m[36m [ 82%][0m
joblib/test/test_parallel.py::test_simple_parallel[100--2-backend8] [32mPASSED[0m[36m [ 82%][0m
joblib/test/test_parallel.py::test_main_thread_renamed_no_warning[None] [32mPASSED[0m[36m [ 83%][0m
joblib/test/test_parallel.py::test_main_thread_renamed_no_warning[loky] [32mPASSED[0m[36m [ 83%][0m
joblib/test/test_parallel.py::test_main_thread_renamed_no_warning[multiprocessing] [32mPASSED[0m[36m [ 83%][0m
joblib/test/test_parallel.py::test_main_thread_renamed_no_warning[sequential] [32mPASSED[0m[36m [ 83%][0m
joblib/test/test_parallel.py::test_main_thread_renamed_no_warning[threading] [32mPASSED[0m[36m [ 83%][0m
joblib/test/test_parallel.py::test_main_thread_renamed_no_warning[backend5] [32mPASSED[0m[36m [ 83%][0m
joblib/test/test_parallel.py::test_main_thread_renamed_no_warning[backend6] [32mPASSED[0m[36m [ 83%][0m
joblib/test/test_parallel.py::test_main_thread_renamed_no_warning[backend7] [32mPASSED[0m[36m [ 83%][0m
joblib/test/test_parallel.py::test_main_thread_renamed_no_warning[backend8] [32mPASSED[0m[36m [ 83%][0m
joblib/test/test_parallel.py::test_nested_parallel_warnings[loky-multiprocessing-True] [33mSKIPPED[0m[36m [ 83%][0m
joblib/test/test_parallel.py::test_nested_parallel_warnings[loky-loky-False] [33mSKIPPED[0m[36m [ 83%][0m
joblib/test/test_parallel.py::test_nested_parallel_warnings[multiprocessing-multiprocessing-True] [33mSKIPPED[0m[36m [ 84%][0m
joblib/test/test_parallel.py::test_nested_parallel_warnings[multiprocessing-loky-True] [33mSKIPPED[0m[36m [ 84%][0m
joblib/test/test_parallel.py::test_nested_parallel_warnings[threading-multiprocessing-True] [33mSKIPPED[0m[36m [ 84%][0m
joblib/test/test_parallel.py::test_nested_parallel_warnings[threading-loky-True] [33mSKIPPED[0m[36m [ 84%][0m
joblib/test/test_parallel.py::test_nested_loop[multiprocessing-multiprocessing] [32mPASSED[0m[36m [ 84%][0m
joblib/test/test_parallel.py::test_nested_loop[multiprocessing-threading] [32mPASSED[0m[36m [ 84%][0m
joblib/test/test_parallel.py::test_nested_loop[multiprocessing-sequential] [32mPASSED[0m[36m [ 84%][0m
joblib/test/test_parallel.py::test_nested_loop[multiprocessing-loky] [32mPASSED[0m[36m [ 84%][0m
joblib/test/test_parallel.py::test_nested_loop[threading-multiprocessing] [32mPASSED[0m[36m [ 84%][0m
joblib/test/test_parallel.py::test_nested_loop[threading-threading] [32mPASSED[0m[36m [ 84%][0m
joblib/test/test_parallel.py::test_nested_loop[threading-sequential] [32mPASSED[0m[36m [ 85%][0m
joblib/test/test_parallel.py::test_nested_loop[threading-loky] [32mPASSED[0m[36m    [ 85%][0m
joblib/test/test_parallel.py::test_nested_loop[sequential-multiprocessing] [32mPASSED[0m[36m [ 85%][0m
joblib/test/test_parallel.py::test_nested_loop[sequential-threading] [32mPASSED[0m[36m [ 85%][0m
joblib/test/test_parallel.py::test_nested_loop[sequential-sequential] [32mPASSED[0m[36m [ 85%][0m
joblib/test/test_parallel.py::test_nested_loop[sequential-loky] [32mPASSED[0m[36m   [ 85%][0m
joblib/test/test_parallel.py::test_nested_loop[loky-multiprocessing] [32mPASSED[0m[36m [ 85%][0m
joblib/test/test_parallel.py::test_nested_loop[loky-threading] [32mPASSED[0m[36m    [ 85%][0m
joblib/test/test_parallel.py::test_nested_loop[loky-sequential] [32mPASSED[0m[36m   [ 85%][0m
joblib/test/test_parallel.py::test_nested_loop[loky-loky] [32mPASSED[0m[36m         [ 85%][0m
joblib/test/test_parallel.py::test_mutate_input_with_threads [32mPASSED[0m[36m      [ 85%][0m
joblib/test/test_parallel.py::test_parallel_kwargs[1] [32mPASSED[0m[36m             [ 86%][0m
joblib/test/test_parallel.py::test_parallel_kwargs[2] [32mPASSED[0m[36m             [ 86%][0m
joblib/test/test_parallel.py::test_parallel_kwargs[3] [32mPASSED[0m[36m             [ 86%][0m
joblib/test/test_parallel.py::test_parallel_as_context_manager[multiprocessing] [32mPASSED[0m[36m [ 86%][0m
joblib/test/test_parallel.py::test_parallel_as_context_manager[loky] [32mPASSED[0m[36m [ 86%][0m
joblib/test/test_parallel.py::test_parallel_as_context_manager[threading] [32mPASSED[0m[36m [ 86%][0m
joblib/test/test_parallel.py::test_parallel_pickling [33mSKIPPED[0m[36m             [ 86%][0m
joblib/test/test_parallel.py::test_parallel_timeout_success[multiprocessing] [32mPASSED[0m[36m [ 86%][0m
joblib/test/test_parallel.py::test_parallel_timeout_success[loky] [32mPASSED[0m[36m [ 86%][0m
joblib/test/test_parallel.py::test_parallel_timeout_success[threading] [32mPASSED[0m[36m [ 86%][0m
joblib/test/test_parallel.py::test_parallel_timeout_fail[multiprocessing] [33mSKIPPED[0m[36m [ 87%][0m
joblib/test/test_parallel.py::test_parallel_timeout_fail[loky] [33mSKIPPED[0m[36m   [ 87%][0m
joblib/test/test_parallel.py::test_parallel_timeout_fail[threading] [33mSKIPPED[0m[36m [ 87%][0m
joblib/test/test_parallel.py::test_error_capture[multiprocessing] [33mSKIPPED[0m[36m [ 87%][0m
joblib/test/test_parallel.py::test_error_capture[loky] [33mSKIPPED[0m[36m           [ 87%][0m
joblib/test/test_parallel.py::test_dispatch_one_job[1-expected_queue0-multiprocessing] [32mPASSED[0m[36m [ 87%][0m
joblib/test/test_parallel.py::test_dispatch_one_job[1-expected_queue0-threading] [32mPASSED[0m[36m [ 87%][0m
joblib/test/test_parallel.py::test_dispatch_one_job[1-expected_queue0-sequential] [32mPASSED[0m[36m [ 87%][0m
joblib/test/test_parallel.py::test_dispatch_one_job[1-expected_queue0-loky] [32mPASSED[0m[36m [ 87%][0m
joblib/test/test_parallel.py::test_dispatch_one_job[4-expected_queue1-multiprocessing] [32mPASSED[0m[36m [ 87%][0m
joblib/test/test_parallel.py::test_dispatch_one_job[4-expected_queue1-threading] [32mPASSED[0m[36m [ 87%][0m
joblib/test/test_parallel.py::test_dispatch_one_job[4-expected_queue1-sequential] [32mPASSED[0m[36m [ 88%][0m
joblib/test/test_parallel.py::test_dispatch_one_job[4-expected_queue1-loky] [32mPASSED[0m[36m [ 88%][0m
joblib/test/test_parallel.py::test_dispatch_multiprocessing[multiprocessing] [33mSKIPPED[0m[36m [ 88%][0m
joblib/test/test_parallel.py::test_dispatch_multiprocessing[loky] [33mSKIPPED[0m[36m [ 88%][0m
joblib/test/test_parallel.py::test_dispatch_multiprocessing[threading] [33mSKIPPED[0m[36m [ 88%][0m
joblib/test/test_parallel.py::test_batching_auto_threading [32mPASSED[0m[36m        [ 88%][0m
joblib/test/test_parallel.py::test_batching_auto_subprocesses[multiprocessing] [33mSKIPPED[0m[36m [ 88%][0m
joblib/test/test_parallel.py::test_batching_auto_subprocesses[loky] [33mSKIPPED[0m[36m [ 88%][0m
joblib/test/test_parallel.py::test_exception_dispatch [32mPASSED[0m[36m             [ 88%][0m
joblib/test/test_parallel.py::test_nested_exception_dispatch [32mPASSED[0m[36m      [ 88%][0m
joblib/test/test_parallel.py::test_multiple_spawning [33mSKIPPED[0m[36m             [ 89%][0m
joblib/test/test_parallel.py::test_invalid_backend [32mPASSED[0m[36m                [ 89%][0m
joblib/test/test_parallel.py::test_invalid_njobs[None] [32mPASSED[0m[36m            [ 89%][0m
joblib/test/test_parallel.py::test_invalid_njobs[loky] [32mPASSED[0m[36m            [ 89%][0m
joblib/test/test_parallel.py::test_invalid_njobs[multiprocessing] [32mPASSED[0m[36m [ 89%][0m
joblib/test/test_parallel.py::test_invalid_njobs[sequential] [32mPASSED[0m[36m      [ 89%][0m
joblib/test/test_parallel.py::test_invalid_njobs[threading] [32mPASSED[0m[36m       [ 89%][0m
joblib/test/test_parallel.py::test_invalid_njobs[backend5] [32mPASSED[0m[36m        [ 89%][0m
joblib/test/test_parallel.py::test_invalid_njobs[backend6] [32mPASSED[0m[36m        [ 89%][0m
joblib/test/test_parallel.py::test_invalid_njobs[backend7] [32mPASSED[0m[36m        [ 89%][0m
joblib/test/test_parallel.py::test_invalid_njobs[backend8] [32mPASSED[0m[36m        [ 89%][0m
joblib/test/test_parallel.py::test_register_parallel_backend [32mPASSED[0m[36m      [ 90%][0m
joblib/test/test_parallel.py::test_overwrite_default_backend [32mPASSED[0m[36m      [ 90%][0m
joblib/test/test_parallel.py::test_backend_context_manager[multiprocessing] [33mSKIPPED[0m[36m [ 90%][0m
joblib/test/test_parallel.py::test_backend_context_manager[loky] [33mSKIPPED[0m[36m [ 90%][0m
joblib/test/test_parallel.py::test_backend_context_manager[threading] [33mSKIPPED[0m[36m [ 90%][0m
joblib/test/test_parallel.py::test_backend_context_manager[test_backend_0] [33mSKIPPED[0m[36m [ 90%][0m
joblib/test/test_parallel.py::test_backend_context_manager[test_backend_1] [33mSKIPPED[0m[36m [ 90%][0m
joblib/test/test_parallel.py::test_backend_context_manager[test_backend_2] [33mSKIPPED[0m[36m [ 90%][0m
joblib/test/test_parallel.py::test_parameterized_backend_context_manager [32mPASSED[0m[36m [ 90%][0m
joblib/test/test_parallel.py::test_direct_parameterized_backend_context_manager [32mPASSED[0m[36m [ 90%][0m
joblib/test/test_parallel.py::test_nested_backend_context_manager [33mSKIPPED[0m[36m [ 91%][0m
joblib/test/test_parallel.py::test_retrieval_context [33mSKIPPED[0m[36m             [ 91%][0m
joblib/test/test_parallel.py::test_joblib_exception [32mPASSED[0m[36m               [ 91%][0m
joblib/test/test_parallel.py::test_safe_function [32mPASSED[0m[36m                  [ 91%][0m
joblib/test/test_parallel.py::test_invalid_batch_size[0] [32mPASSED[0m[36m          [ 91%][0m
joblib/test/test_parallel.py::test_invalid_batch_size[-1] [32mPASSED[0m[36m         [ 91%][0m
joblib/test/test_parallel.py::test_invalid_batch_size[1.42] [32mPASSED[0m[36m       [ 91%][0m
joblib/test/test_parallel.py::test_dispatch_race_condition[2-2-all-auto] [32mPASSED[0m[36m [ 91%][0m
joblib/test/test_parallel.py::test_dispatch_race_condition[2-2-n_jobs-auto] [32mPASSED[0m[36m [ 91%][0m
joblib/test/test_parallel.py::test_dispatch_race_condition[10-2-n_jobs-auto0] [32mPASSED[0m[36m [ 91%][0m
joblib/test/test_parallel.py::test_dispatch_race_condition[517-2-n_jobs-auto] [32mPASSED[0m[36m [ 91%][0m
joblib/test/test_parallel.py::test_dispatch_race_condition[10-2-n_jobs-auto1] [32mPASSED[0m[36m [ 92%][0m
joblib/test/test_parallel.py::test_dispatch_race_condition[10-4-n_jobs-auto] [32mPASSED[0m[36m [ 92%][0m
joblib/test/test_parallel.py::test_dispatch_race_condition[200-12-n_jobs-auto] [32mPASSED[0m[36m [ 92%][0m
joblib/test/test_parallel.py::test_dispatch_race_condition[25-12-2 * n_jobs-1] [32mPASSED[0m[36m [ 92%][0m
joblib/test/test_parallel.py::test_dispatch_race_condition[250-12-all-1] [32mPASSED[0m[36m [ 92%][0m
joblib/test/test_parallel.py::test_dispatch_race_condition[250-12-2 * n_jobs-7] [32mPASSED[0m[36m [ 92%][0m
joblib/test/test_parallel.py::test_dispatch_race_condition[200-12-2 * n_jobs-auto] [32mPASSED[0m[36m [ 92%][0m
joblib/test/test_parallel.py::test_default_mp_context [33mSKIPPED[0m[36m            [ 92%][0m
joblib/test/test_parallel.py::test_no_blas_crash_or_freeze_with_subprocesses[multiprocessing] [33mSKIPPED[0m[36m [ 92%][0m
joblib/test/test_parallel.py::test_no_blas_crash_or_freeze_with_subprocesses[loky] [33mSKIPPED[0m[36m [ 92%][0m
joblib/test/test_parallel.py::test_parallel_with_interactively_defined_functions[multiprocessing] [33mSKIPPED[0m[36m [ 93%][0m
joblib/test/test_parallel.py::test_parallel_with_interactively_defined_functions[loky] [33mSKIPPED[0m[36m [ 93%][0m
joblib/test/test_parallel.py::test_parallel_with_interactively_defined_functions_default_backend [33mSKIPPED[0m[36m [ 93%][0m
joblib/test/test_parallel.py::test_parallel_with_exhausted_iterator [32mPASSED[0m[36m [ 93%][0m
joblib/test/test_parallel.py::test_auto_memmap_on_arrays_from_generator[multiprocessing] [33mSKIPPED[0m[36m [ 93%][0m
joblib/test/test_parallel.py::test_auto_memmap_on_arrays_from_generator[loky] [33mSKIPPED[0m[36m [ 93%][0m
joblib/test/test_parallel.py::test_memmap_with_big_offset [33mSKIPPED[0m[36m        [ 93%][0m
joblib/test/test_parallel.py::test_warning_about_timeout_not_supported_by_backend [32mPASSED[0m[36m [ 93%][0m
joblib/test/test_parallel.py::test_abort_backend[1-None] [32mPASSED[0m[36m          [ 93%][0m
joblib/test/test_parallel.py::test_abort_backend[1-loky] [32mPASSED[0m[36m          [ 93%][0m
joblib/test/test_parallel.py::test_abort_backend[1-multiprocessing] [32mPASSED[0m[36m [ 93%][0m
joblib/test/test_parallel.py::test_abort_backend[1-sequential] [32mPASSED[0m[36m    [ 94%][0m
joblib/test/test_parallel.py::test_abort_backend[1-threading] [32mPASSED[0m[36m     [ 94%][0m
joblib/test/test_parallel.py::test_abort_backend[1-backend5] [32mPASSED[0m[36m      [ 94%][0m
joblib/test/test_parallel.py::test_abort_backend[1-backend6] [32mPASSED[0m[36m      [ 94%][0m
joblib/test/test_parallel.py::test_abort_backend[1-backend7] [32mPASSED[0m[36m      [ 94%][0m
joblib/test/test_parallel.py::test_abort_backend[1-backend8] [32mPASSED[0m[36m      [ 94%][0m
joblib/test/test_parallel.py::test_abort_backend[2-None] [32mPASSED[0m[36m          [ 94%][0m
joblib/test/test_parallel.py::test_abort_backend[2-loky] [32mPASSED[0m[36m          [ 94%][0m
joblib/test/test_parallel.py::test_abort_backend[2-multiprocessing] [32mPASSED[0m[36m [ 94%][0m
joblib/test/test_parallel.py::test_abort_backend[2-sequential] [32mPASSED[0m[36m    [ 94%][0m
joblib/test/test_parallel.py::test_abort_backend[2-threading] [32mPASSED[0m[36m     [ 95%][0m
joblib/test/test_parallel.py::test_abort_backend[2-backend5] [32mPASSED[0m[36m      [ 95%][0m
joblib/test/test_parallel.py::test_abort_backend[2-backend6] [32mPASSED[0m[36m      [ 95%][0m
joblib/test/test_parallel.py::test_abort_backend[2-backend7] [32mPASSED[0m[36m      [ 95%][0m
joblib/test/test_parallel.py::test_abort_backend[2-backend8] [32mPASSED[0m[36m      [ 95%][0m
joblib/test/test_parallel.py::test_abort_backend[-2-None] [32mPASSED[0m[36m         [ 95%][0m
joblib/test/test_parallel.py::test_abort_backend[-2-loky] [32mPASSED[0m[36m         [ 95%][0m
joblib/test/test_parallel.py::test_abort_backend[-2-multiprocessing] [32mPASSED[0m[36m [ 95%][0m
joblib/test/test_parallel.py::test_abort_backend[-2-sequential] [32mPASSED[0m[36m   [ 95%][0m
joblib/test/test_parallel.py::test_abort_backend[-2-threading] [32mPASSED[0m[36m    [ 95%][0m
joblib/test/test_parallel.py::test_abort_backend[-2-backend5] [32mPASSED[0m[36m     [ 95%][0m
joblib/test/test_parallel.py::test_abort_backend[-2-backend6] [32mPASSED[0m[36m     [ 96%][0m
joblib/test/test_parallel.py::test_abort_backend[-2-backend7] [32mPASSED[0m[36m     [ 96%][0m
joblib/test/test_parallel.py::test_abort_backend[-2-backend8] [32mPASSED[0m[36m     [ 96%][0m
joblib/test/test_parallel.py::test_abort_backend[-1-None] [32mPASSED[0m[36m         [ 96%][0m
joblib/test/test_parallel.py::test_abort_backend[-1-loky] [32mPASSED[0m[36m         [ 96%][0m
joblib/test/test_parallel.py::test_abort_backend[-1-multiprocessing] [32mPASSED[0m[36m [ 96%][0m
joblib/test/test_parallel.py::test_abort_backend[-1-sequential] [32mPASSED[0m[36m   [ 96%][0m
joblib/test/test_parallel.py::test_abort_backend[-1-threading] [32mPASSED[0m[36m    [ 96%][0m
joblib/test/test_parallel.py::test_abort_backend[-1-backend5] [32mPASSED[0m[36m     [ 96%][0m
joblib/test/test_parallel.py::test_abort_backend[-1-backend6] [32mPASSED[0m[36m     [ 96%][0m
joblib/test/test_parallel.py::test_abort_backend[-1-backend7] [32mPASSED[0m[36m     [ 97%][0m
joblib/test/test_parallel.py::test_abort_backend[-1-backend8] [32mPASSED[0m[36m     [ 97%][0m
joblib/test/test_parallel.py::test_memmapping_leaks[multiprocessing] [33mSKIPPED[0m[36m [ 97%][0m
joblib/test/test_parallel.py::test_memmapping_leaks[loky] [33mSKIPPED[0m[36m        [ 97%][0m
joblib/test/test_parallel.py::test_lambda_expression [32mPASSED[0m[36m              [ 97%][0m
joblib/test/test_parallel.py::test_delayed_check_pickle_deprecated [32mPASSED[0m[36m [ 97%][0m
joblib/test/test_parallel.py::test_backend_batch_statistics_reset[multiprocessing] [33mSKIPPED[0m[36m [ 97%][0m
joblib/test/test_parallel.py::test_backend_batch_statistics_reset[loky] [33mSKIPPED[0m[36m [ 97%][0m
joblib/test/test_shelf.py::test_shelve_with_standard_data[42] [32mPASSED[0m[36m     [ 97%][0m
joblib/test/test_shelf.py::test_shelve_with_standard_data[2018.01] [32mPASSED[0m[36m [ 97%][0m
joblib/test/test_shelf.py::test_shelve_with_standard_data[some data] [32mPASSED[0m[36m [ 97%][0m
joblib/test/test_shelf.py::test_shelve_with_standard_data[data3] [32mPASSED[0m[36m  [ 98%][0m
joblib/test/test_shelf.py::test_shelve_with_standard_data[data4] [32mPASSED[0m[36m  [ 98%][0m
joblib/test/test_shelf.py::test_shelve_mmap_with_standard_data[42] [32mPASSED[0m[36m [ 98%][0m
joblib/test/test_shelf.py::test_shelve_mmap_with_standard_data[2018.01] [32mPASSED[0m[36m [ 98%][0m
joblib/test/test_shelf.py::test_shelve_mmap_with_standard_data[some data] [32mPASSED[0m[36m [ 98%][0m
joblib/test/test_shelf.py::test_shelve_mmap_with_standard_data[data3] [32mPASSED[0m[36m [ 98%][0m
joblib/test/test_shelf.py::test_shelve_mmap_with_standard_data[data4] [32mPASSED[0m[36m [ 98%][0m
joblib/test/test_shelf.py::test_shelve_with_numpy [32mPASSED[0m[36m                 [ 98%][0m
joblib/test/test_shelf.py::test_shelve_mmap [32mPASSED[0m[36m                       [ 98%][0m
joblib/test/test_shelf.py::test_shelved_data_directory[42] [32mPASSED[0m[36m        [ 98%][0m
joblib/test/test_shelf.py::test_shelved_data_directory[2018.01] [32mPASSED[0m[36m   [ 99%][0m
joblib/test/test_shelf.py::test_shelved_data_directory[some data] [32mPASSED[0m[36m [ 99%][0m
joblib/test/test_shelf.py::test_shelved_data_directory[data3] [32mPASSED[0m[36m     [ 99%][0m
joblib/test/test_shelf.py::test_shelved_data_directory[data4] [32mPASSED[0m[36m     [ 99%][0m
joblib/test/test_shelf.py::test_shelved_array_directory [32mPASSED[0m[36m           [ 99%][0m
joblib/test/test_testing.py::test_check_subprocess_call [32mPASSED[0m[36m           [ 99%][0m
joblib/test/test_testing.py::test_check_subprocess_call_non_matching_regex [32mPASSED[0m[36m [ 99%][0m
joblib/test/test_testing.py::test_check_subprocess_call_wrong_command [32mPASSED[0m[36m [ 99%][0m
joblib/test/test_testing.py::test_check_subprocess_call_non_zero_return_code [32mPASSED[0m[36m [ 99%][0m
joblib/test/test_testing.py::test_check_subprocess_call_timeout [32mPASSED[0m[36m   [ 99%][0m
joblib/test/data/create_numpy_pickle.py::joblib.test.data.create_numpy_pickle.get_joblib_version [32mPASSED[0m[36m [100%][0m

----------- coverage: platform linux, python 3.6.4-final-0 -----------
Name                                                Stmts   Miss  Cover   Missing
---------------------------------------------------------------------------------
joblib/__init__.py                                     15      0   100%
joblib/_compat.py                                      11      1    91%   11
joblib/_memmapping_reducer.py                         151     86    43%   26, 36-37, 69, 122-130, 141, 149, 171-194, 201-210, 239-243, 246-305, 318-378
joblib/_memory_helpers.py                              65     63     3%   5-105
joblib/_multiprocessing_helpers.py                     21     14    33%   15-18, 23-28, 33-37
joblib/_parallel_backends.py                          228    111    51%   19-27, 78, 102, 109, 166-168, 172-175, 179, 183, 188-190, 218-261, 265-277, 284-285, 311-313, 321-323, 349-376, 384-401, 405-409, 423-425, 435-453, 457-461, 467-470, 473-480, 485-489, 519
joblib/_store_backends.py                             189     18    90%   191, 210, 220-221, 235-236, 240-241, 284, 287-292, 363-368, 376-380
joblib/backports.py                                    48     34    29%   25, 27-30, 37-76, 80-81
joblib/disk.py                                         60     12    80%   35, 93-97, 108, 117-124
joblib/executor.py                                     29     18    38%   25-41, 49-50, 54-56, 59-60, 63-64
joblib/format_stack.py                                209     59    72%   34-35, 48, 53, 61, 65-68, 131-133, 161-166, 186-190, 200, 207-216, 238-239, 276-280, 293-296, 317, 339-340, 358-361, 371-401
joblib/func_inspect.py                                175     26    85%   55-61, 86, 115-119, 126-127, 135, 142, 151-152, 156-157, 160-161, 175-177, 292, 296
joblib/hashing.py                                     114     14    88%   24, 91, 117-128, 181, 262
joblib/logger.py                                       76     12    84%   29, 42, 53, 81, 86, 98, 103, 119, 125, 142-143, 150
joblib/memory.py                                      341     19    94%   58, 139, 159-160, 165, 243, 284, 327, 403, 550, 579-581, 632, 644-645, 655, 719, 920, 935
joblib/my_exceptions.py                                48      3    94%   32, 99-100
joblib/numpy_pickle.py                                197     12    94%   13-14, 102, 117, 233-234, 316-317, 333, 347, 466, 526
joblib/numpy_pickle_compat.py                         100     11    89%   23, 88-90, 132-134, 163-164, 180, 190
joblib/numpy_pickle_utils.py                          313     32    90%   20-21, 28-29, 33-34, 38-39, 48-49, 85, 132, 144, 202, 212, 346, 395, 415, 421, 496, 558-566, 572, 642-643, 645-646
joblib/parallel.py                                    283     52    82%   116-117, 139-141, 144-145, 157, 169-178, 196, 227, 504, 515-516, 574, 589, 613-615, 670-672, 704-705, 714, 718-755, 759, 777-785
joblib/pool.py                                        116     83    28%   42-43, 75-87, 91-99, 120-127, 130-131, 135-137, 140, 143-177, 199-207, 210-216, 296-313, 316-329
joblib/shelf.py                                        39      0   100%
joblib/test/__init__.py                                 2      0   100%
joblib/test/common.py                                  52     19    63%   23-29, 48-55, 72, 79-86
joblib/test/test_backports.py                          24      0   100%
joblib/test/test_disk.py                               35      0   100%
joblib/test/test_format_stack.py                       64      0   100%
joblib/test/test_func_inspect.py                      113     10    91%   22, 26, 30, 34, 38, 42, 55, 63, 150, 154
joblib/test/test_func_inspect_special_encoding.py       2      1    50%   9
joblib/test/test_hashing.py                           179      3    98%   63, 211, 452
joblib/test/test_logger.py                             18      1    94%   37
joblib/test/test_memmapping.py                        297    208    30%   40-41, 53-56, 63-138, 144-183, 212-257, 266-296, 307-345, 355-372, 382-420, 429-449, 458-475, 480-481, 494-510, 514, 526-536, 547
joblib/test/test_memory.py                            538     44    92%   366, 551, 745-746, 750-751, 759-771, 782-795, 799-800, 804-806, 810-822, 830-836, 911, 915, 919, 923, 927, 931, 935
joblib/test/test_my_exceptions.py                      28      3    89%   9, 19-20
joblib/test/test_numpy_pickle.py                      522     28    95%   49, 61, 73, 78, 87, 92, 97, 393-395, 440-451, 527-531, 604-607, 838-839, 885
joblib/test/test_numpy_pickle_compat.py                10      0   100%
joblib/test/test_numpy_pickle_utils.py                  5      0   100%
joblib/test/test_parallel.py                          488    209    57%   30, 41-43, 47-48, 73, 79, 94, 105-106, 121, 172-182, 196-214, 262, 267, 272, 280-285, 299-300, 309-377, 419-441, 457-463, 483-489, 498-499, 507-509, 512-514, 551-568, 580-596, 604, 653-664, 669-689, 740-756, 763-784, 811-812, 840-842, 853-856, 867-875, 879, 885-893, 932-951, 994-1017
joblib/test/test_shelf.py                              79      0   100%
joblib/test/test_testing.py                            29      0   100%
joblib/testing.py                                      40      5    88%   30-35, 74
---------------------------------------------------------------------------------
TOTAL                                                5353   1211    77%


=================================== FAILURES ===================================
[31m[1m______________________ [doctest] joblib.shelf.shelve_mmap ______________________[0m
196                 [1., 1., 1., 1., 1., 1., 1., 1., 1., 1.],
197                 [1., 1., 1., 1., 1., 1., 1., 1., 1., 1.]])
198 
199         Only the 'threading' backend of Parallel can be used with shelve:
200 
201         >>> import numpy as np
202         >>> from joblib import shelve, Parallel, delayed
203         >>> def f(future):
204         ...     return np.mean(future.result())
205         >>> array = np.random.random((10, 10)
UNEXPECTED EXCEPTION: SyntaxError('unexpected EOF while parsing', ('<doctest joblib.shelf.shelve_mmap[10]>', 1, 34, 'array = np.random.random((10, 10)\n'))
Traceback (most recent call last):

  File "/home/travis/miniconda/envs/testenv/lib/python3.6/doctest.py", line 1330, in __run
    compileflags, 1), test.globs)

  File "<doctest joblib.shelf.shelve_mmap[10]>", line 1

    array = np.random.random((10, 10)

                                    ^

SyntaxError: unexpected EOF while parsing

[1m[31m/home/travis/build/joblib/joblib/joblib/shelf.py[0m:205: UnexpectedException
[31m[1m============== 1 failed, 983 passed, 64 skipped in 11.54 seconds ===============[0m
Exception ignored in: <bound method JoblibShelf.__del__ of JoblibShelf(location=/tmp/joblib-shelf-2739)>
Traceback (most recent call last):
  File "/home/travis/build/joblib/joblib/joblib/shelf.py", line 78, in __del__
TypeError: 'NoneType' object is not callable
make: *** [test] Error 1
