Using worker: worker-linux-docker-cd754434.prod.travis-ci.org:travis-linux-15

travis_fold:start:system_info
[0K[33;1mBuild system information[0m
Build language: java
Build group: stable
Build dist: precise
[34m[1mBuild image provisioning date and time[0m
Thu Feb  5 15:09:33 UTC 2015
[34m[1mOperating System Details[0m
Distributor ID: Ubuntu
Description:    Ubuntu 12.04.5 LTS
Release:    12.04
Codename:   precise
[34m[1mLinux Version[0m
3.13.0-29-generic
[34m[1mCookbooks Version[0m
a68419e https://github.com/travis-ci/travis-cookbooks/tree/a68419e
[34m[1mGCC version[0m
gcc (Ubuntu/Linaro 4.6.3-1ubuntu5) 4.6.3
Copyright (C) 2011 Free Software Foundation, Inc.
This is free software; see the source for copying conditions.  There is NO
warranty; not even for MERCHANTABILITY or FITNESS FOR A PARTICULAR PURPOSE.

[34m[1mLLVM version[0m
clang version 3.4 (tags/RELEASE_34/final)
Target: x86_64-unknown-linux-gnu
Thread model: posix
[34m[1mPre-installed Ruby versions[0m
ruby-1.9.3-p551
[34m[1mPre-installed Node.js versions[0m
v0.10.36
[34m[1mPre-installed Go versions[0m
1.4.1
[34m[1mRedis version[0m
redis-server 2.8.19
[34m[1mriak version[0m
2.0.2
[34m[1mMongoDB version[0m
MongoDB 2.4.12
[34m[1mCouchDB version[0m
couchdb 1.6.1
[34m[1mNeo4j version[0m
1.9.4
[34m[1mRabbitMQ Version[0m
3.4.3
[34m[1mElasticSearch version[0m
1.4.0
[34m[1mInstalled Sphinx versions[0m
2.0.10
2.1.9
2.2.6
[34m[1mDefault Sphinx version[0m
2.2.6
[34m[1mInstalled Firefox version[0m
firefox 31.0esr
[34m[1mPhantomJS version[0m
1.9.8
[34m[1mant -version[0m
Apache Ant(TM) version 1.8.2 compiled on December 3 2011
[34m[1mmvn -version[0m
Apache Maven 3.2.5 (12a6b3acb947671f09b81f49094c53f426d8cea1; 2014-12-14T17:29:23+00:00)
Maven home: /usr/local/maven
Java version: 1.7.0_76, vendor: Oracle Corporation
Java home: /usr/lib/jvm/java-7-oracle/jre
Default locale: en_US, platform encoding: ANSI_X3.4-1968
OS name: "linux", version: "3.13.0-29-generic", arch: "amd64", family: "unix"
travis_fold:end:system_info
[0K
travis_fold:start:fix.CVE-2015-7547
[0K$ export DEBIAN_FRONTEND=noninteractive
W: Size of file /var/lib/apt/lists/us.archive.ubuntu.com_ubuntu_dists_precise-backports_multiverse_source_Sources.gz is not what the server reported 5886 5888
W: Size of file /var/lib/apt/lists/ppa.launchpad.net_ubuntugis_ppa_ubuntu_dists_precise_main_binary-amd64_Packages.gz is not what the server reported 36669 36677
W: Size of file /var/lib/apt/lists/ppa.launchpad.net_ubuntugis_ppa_ubuntu_dists_precise_main_binary-i386_Packages.gz is not what the server reported 36729 36733
Reading package lists...
Building dependency tree...
Reading state information...
The following extra packages will be installed:
  libc-bin libc-dev-bin libc6-dev
Suggested packages:
  glibc-doc
The following packages will be upgraded:
  libc-bin libc-dev-bin libc6 libc6-dev
4 upgraded, 0 newly installed, 0 to remove and 232 not upgraded.
Need to get 8,844 kB of archives.
After this operation, 9,216 B disk space will be freed.
Get:1 http://us.archive.ubuntu.com/ubuntu/ precise-updates/main libc6-dev amd64 2.15-0ubuntu10.13 [2,943 kB]
Get:2 http://us.archive.ubuntu.com/ubuntu/ precise-updates/main libc-dev-bin amd64 2.15-0ubuntu10.13 [84.7 kB]
Get:3 http://us.archive.ubuntu.com/ubuntu/ precise-updates/main libc-bin amd64 2.15-0ubuntu10.13 [1,179 kB]
Get:4 http://us.archive.ubuntu.com/ubuntu/ precise-updates/main libc6 amd64 2.15-0ubuntu10.13 [4,637 kB]
Fetched 8,844 kB in 0s (26.9 MB/s)
Preconfiguring packages ...
(Reading database ... 
(Reading database ... 5%
(Reading database ... 10%
(Reading database ... 15%
(Reading database ... 20%
(Reading database ... 25%
(Reading database ... 30%
(Reading database ... 35%
(Reading database ... 40%
(Reading database ... 45%
(Reading database ... 50%
(Reading database ... 55%
(Reading database ... 60%
(Reading database ... 65%
(Reading database ... 70%
(Reading database ... 75%
(Reading database ... 80%
(Reading database ... 85%
(Reading database ... 90%
(Reading database ... 95%
(Reading database ... 100%
(Reading database ... 72019 files and directories currently installed.)
Preparing to replace libc6-dev 2.15-0ubuntu10.10 (using .../libc6-dev_2.15-0ubuntu10.13_amd64.deb) ...
Unpacking replacement libc6-dev ...
Preparing to replace libc-dev-bin 2.15-0ubuntu10.10 (using .../libc-dev-bin_2.15-0ubuntu10.13_amd64.deb) ...
Unpacking replacement libc-dev-bin ...
Preparing to replace libc-bin 2.15-0ubuntu10.10 (using .../libc-bin_2.15-0ubuntu10.13_amd64.deb) ...
Unpacking replacement libc-bin ...
Processing triggers for man-db ...
Setting up libc-bin (2.15-0ubuntu10.13) ...
(Reading database ... 
(Reading database ... 5%
(Reading database ... 10%
(Reading database ... 15%
(Reading database ... 20%
(Reading database ... 25%
(Reading database ... 30%
(Reading database ... 35%
(Reading database ... 40%
(Reading database ... 45%
(Reading database ... 50%
(Reading database ... 55%
(Reading database ... 60%
(Reading database ... 65%
(Reading database ... 70%
(Reading database ... 75%
(Reading database ... 80%
(Reading database ... 85%
(Reading database ... 90%
(Reading database ... 95%
(Reading database ... 100%
(Reading database ... 72019 files and directories currently installed.)
Preparing to replace libc6 2.15-0ubuntu10.10 (using .../libc6_2.15-0ubuntu10.13_amd64.deb) ...
Unpacking replacement libc6 ...
Setting up libc6 (2.15-0ubuntu10.13) ...
Setting up libc-dev-bin (2.15-0ubuntu10.13) ...
Setting up libc6-dev (2.15-0ubuntu10.13) ...
Processing triggers for libc-bin ...
ldconfig deferred processing now taking place
travis_fold:end:fix.CVE-2015-7547
[0Ktravis_fold:start:git.checkout
[0Ktravis_time:start:0060b24c
[0K$ git clone --depth=50 --branch=master https://github.com/stagemonitor/stagemonitor.git stagemonitor/stagemonitor
Cloning into 'stagemonitor/stagemonitor'...
remote: Counting objects: 2023, done.[K
remote: Compressing objects:   0% (1/1230)   [K
remote: Compressing objects:   1% (13/1230)   [K
remote: Compressing objects:   2% (25/1230)   [K
remote: Compressing objects:   3% (37/1230)   [K
remote: Compressing objects:   4% (50/1230)   [K
remote: Compressing objects:   5% (62/1230)   [K
remote: Compressing objects:   6% (74/1230)   [K
remote: Compressing objects:   7% (87/1230)   [K
remote: Compressing objects:   8% (99/1230)   [K
remote: Compressing objects:   9% (111/1230)   [K
remote: Compressing objects:  10% (123/1230)   [K
remote: Compressing objects:  11% (136/1230)   [K
remote: Compressing objects:  12% (148/1230)   [K
remote: Compressing objects:  13% (160/1230)   [K
remote: Compressing objects:  14% (173/1230)   [K
remote: Compressing objects:  15% (185/1230)   [K
remote: Compressing objects:  16% (197/1230)   [K
remote: Compressing objects:  17% (210/1230)   [K
remote: Compressing objects:  18% (222/1230)   [K
remote: Compressing objects:  19% (234/1230)   [K
remote: Compressing objects:  20% (246/1230)   [K
remote: Compressing objects:  21% (259/1230)   [K
remote: Compressing objects:  22% (271/1230)   [K
remote: Compressing objects:  23% (283/1230)   [K
remote: Compressing objects:  24% (296/1230)   [K
remote: Compressing objects:  25% (308/1230)   [K
remote: Compressing objects:  26% (320/1230)   [K
remote: Compressing objects:  27% (333/1230)   [K
remote: Compressing objects:  28% (345/1230)   [K
remote: Compressing objects:  29% (357/1230)   [K
remote: Compressing objects:  30% (369/1230)   [K
remote: Compressing objects:  31% (382/1230)   [K
remote: Compressing objects:  32% (394/1230)   [K
remote: Compressing objects:  33% (406/1230)   [K
remote: Compressing objects:  34% (419/1230)   [K
remote: Compressing objects:  35% (431/1230)   [K
remote: Compressing objects:  36% (443/1230)   [K
remote: Compressing objects:  37% (456/1230)   [K
remote: Compressing objects:  38% (468/1230)   [K
remote: Compressing objects:  39% (480/1230)   [K
remote: Compressing objects:  40% (492/1230)   [K
remote: Compressing objects:  41% (505/1230)   [K
remote: Compressing objects:  42% (517/1230)   [K
remote: Compressing objects:  43% (529/1230)   [K
remote: Compressing objects:  44% (542/1230)   [K
remote: Compressing objects:  45% (554/1230)   [K
remote: Compressing objects:  46% (566/1230)   [K
remote: Compressing objects:  47% (579/1230)   [K
remote: Compressing objects:  48% (591/1230)   [K
remote: Compressing objects:  49% (603/1230)   [K
remote: Compressing objects:  50% (615/1230)   [K
remote: Compressing objects:  51% (628/1230)   [K
remote: Compressing objects:  52% (640/1230)   [K
remote: Compressing objects:  53% (652/1230)   [K
remote: Compressing objects:  54% (665/1230)   [K
remote: Compressing objects:  55% (677/1230)   [K
remote: Compressing objects:  56% (689/1230)   [K
remote: Compressing objects:  57% (702/1230)   [K
remote: Compressing objects:  58% (714/1230)   [K
remote: Compressing objects:  59% (726/1230)   [K
remote: Compressing objects:  60% (738/1230)   [K
remote: Compressing objects:  61% (751/1230)   [K
remote: Compressing objects:  62% (763/1230)   [K
remote: Compressing objects:  63% (775/1230)   [K
remote: Compressing objects:  64% (788/1230)   [K
remote: Compressing objects:  65% (800/1230)   [K
remote: Compressing objects:  66% (812/1230)   [K
remote: Compressing objects:  67% (825/1230)   [K
remote: Compressing objects:  68% (837/1230)   [K
remote: Compressing objects:  69% (849/1230)   [K
remote: Compressing objects:  70% (861/1230)   [K
remote: Compressing objects:  71% (874/1230)   [K
remote: Compressing objects:  72% (886/1230)   [K
remote: Compressing objects:  73% (898/1230)   [K
remote: Compressing objects:  74% (911/1230)   [K
remote: Compressing objects:  75% (923/1230)   [K
remote: Compressing objects:  76% (935/1230)   [K
remote: Compressing objects:  77% (948/1230)   [K
remote: Compressing objects:  78% (960/1230)   [K
remote: Compressing objects:  79% (972/1230)   [K
remote: Compressing objects:  80% (984/1230)   [K
remote: Compressing objects:  81% (997/1230)   [K
remote: Compressing objects:  82% (1009/1230)   [K
remote: Compressing objects:  83% (1021/1230)   [K
remote: Compressing objects:  84% (1034/1230)   [K
remote: Compressing objects:  85% (1046/1230)   [K
remote: Compressing objects:  86% (1058/1230)   [K
remote: Compressing objects:  87% (1071/1230)   [K
remote: Compressing objects:  88% (1083/1230)   [K
remote: Compressing objects:  89% (1095/1230)   [K
remote: Compressing objects:  90% (1107/1230)   [K
remote: Compressing objects:  91% (1120/1230)   [K
remote: Compressing objects:  92% (1132/1230)   [K
remote: Compressing objects:  93% (1144/1230)   [K
remote: Compressing objects:  94% (1157/1230)   [K
remote: Compressing objects:  95% (1169/1230)   [K
remote: Compressing objects:  96% (1181/1230)   [K
remote: Compressing objects:  97% (1194/1230)   [K
remote: Compressing objects:  98% (1206/1230)   [K
remote: Compressing objects:  99% (1218/1230)   [K
remote: Compressing objects: 100% (1230/1230)   [K
remote: Compressing objects: 100% (1230/1230), done.[K
Receiving objects:   0% (1/2023)   
Receiving objects:   1% (21/2023)   
Receiving objects:   2% (41/2023)   
Receiving objects:   3% (61/2023)   
Receiving objects:   4% (81/2023)   
Receiving objects:   5% (102/2023)   
Receiving objects:   6% (122/2023)   
Receiving objects:   7% (142/2023)   
Receiving objects:   8% (162/2023)   
Receiving objects:   9% (183/2023)   
Receiving objects:  10% (203/2023)   
Receiving objects:  11% (223/2023)   
Receiving objects:  12% (243/2023)   
Receiving objects:  13% (263/2023)   
Receiving objects:  14% (284/2023)   
Receiving objects:  15% (304/2023)   
Receiving objects:  16% (324/2023)   
Receiving objects:  17% (344/2023)   
Receiving objects:  18% (365/2023)   
Receiving objects:  19% (385/2023)   
Receiving objects:  20% (405/2023)   
Receiving objects:  21% (425/2023)   
Receiving objects:  22% (446/2023)   
Receiving objects:  23% (466/2023)   
Receiving objects:  24% (486/2023)   
Receiving objects:  25% (506/2023)   
Receiving objects:  26% (526/2023)   
Receiving objects:  27% (547/2023)   
Receiving objects:  28% (567/2023)   
Receiving objects:  29% (587/2023)   
Receiving objects:  30% (607/2023)   
Receiving objects:  31% (628/2023)   
Receiving objects:  32% (648/2023)   
Receiving objects:  33% (668/2023)   
Receiving objects:  34% (688/2023)   
Receiving objects:  35% (709/2023)   
Receiving objects:  36% (729/2023)   
Receiving objects:  37% (749/2023)   
Receiving objects:  38% (769/2023)   
Receiving objects:  39% (789/2023)   
Receiving objects:  40% (810/2023)   
Receiving objects:  41% (830/2023)   
Receiving objects:  42% (850/2023)   
Receiving objects:  43% (870/2023)   
Receiving objects:  44% (891/2023)   
Receiving objects:  45% (911/2023)   
Receiving objects:  46% (931/2023)   
Receiving objects:  47% (951/2023)   
Receiving objects:  48% (972/2023)   
Receiving objects:  49% (992/2023)   
Receiving objects:  50% (1012/2023)   
Receiving objects:  51% (1032/2023)   
Receiving objects:  52% (1052/2023)   
Receiving objects:  53% (1073/2023)   
Receiving objects:  54% (1093/2023)   
Receiving objects:  55% (1113/2023)   
Receiving objects:  56% (1133/2023)   
Receiving objects:  57% (1154/2023)   
Receiving objects:  58% (1174/2023)   
Receiving objects:  59% (1194/2023)   
Receiving objects:  60% (1214/2023)   
Receiving objects:  61% (1235/2023)   
Receiving objects:  62% (1255/2023)   
Receiving objects:  63% (1275/2023)   
Receiving objects:  64% (1295/2023)   
Receiving objects:  65% (1315/2023)   
Receiving objects:  66% (1336/2023)   
Receiving objects:  67% (1356/2023)   
Receiving objects:  68% (1376/2023)   
Receiving objects:  69% (1396/2023)   
Receiving objects:  70% (1417/2023)   
Receiving objects:  71% (1437/2023)   
Receiving objects:  72% (1457/2023)   
Receiving objects:  73% (1477/2023)   
Receiving objects:  74% (1498/2023)   
Receiving objects:  75% (1518/2023)   
Receiving objects:  76% (1538/2023)   
Receiving objects:  77% (1558/2023)   
Receiving objects:  78% (1578/2023)   
Receiving objects:  79% (1599/2023)   
Receiving objects:  80% (1619/2023)   
Receiving objects:  81% (1639/2023)   
Receiving objects:  82% (1659/2023)   
Receiving objects:  83% (1680/2023)   
Receiving objects:  84% (1700/2023)   
Receiving objects:  85% (1720/2023)   
Receiving objects:  86% (1740/2023)   
Receiving objects:  87% (1761/2023)   
Receiving objects:  88% (1781/2023)   
Receiving objects:  89% (1801/2023)   
Receiving objects:  90% (1821/2023)   
Receiving objects:  91% (1841/2023)   
Receiving objects:  92% (1862/2023)   
Receiving objects:  93% (1882/2023)   
Receiving objects:  94% (1902/2023)   
remote: Total 2023 (delta 586), reused 1564 (delta 358), pack-reused 0[K
Receiving objects:  95% (1922/2023)   
Receiving objects:  96% (1943/2023)   
Receiving objects:  97% (1963/2023)   
Receiving objects:  98% (1983/2023)   
Receiving objects:  99% (2003/2023)   
Receiving objects: 100% (2023/2023)   
Receiving objects: 100% (2023/2023), 2.13 MiB | 0 bytes/s, done.
Resolving deltas:   0% (0/586)   
Resolving deltas:   4% (28/586)   
Resolving deltas:   5% (34/586)   
Resolving deltas:   6% (41/586)   
Resolving deltas:   7% (43/586)   
Resolving deltas:   8% (51/586)   
Resolving deltas:   9% (54/586)   
Resolving deltas:  10% (60/586)   
Resolving deltas:  11% (65/586)   
Resolving deltas:  12% (71/586)   
Resolving deltas:  13% (77/586)   
Resolving deltas:  15% (88/586)   
Resolving deltas:  16% (94/586)   
Resolving deltas:  20% (119/586)   
Resolving deltas:  22% (132/586)   
Resolving deltas:  23% (136/586)   
Resolving deltas:  24% (141/586)   
Resolving deltas:  25% (147/586)   
Resolving deltas:  27% (160/586)   
Resolving deltas:  28% (169/586)   
Resolving deltas:  29% (170/586)   
Resolving deltas:  30% (178/586)   
Resolving deltas:  31% (182/586)   
Resolving deltas:  32% (188/586)   
Resolving deltas:  33% (194/586)   
Resolving deltas:  34% (200/586)   
Resolving deltas:  35% (208/586)   
Resolving deltas:  37% (218/586)   
Resolving deltas:  40% (239/586)   
Resolving deltas:  41% (241/586)   
Resolving deltas:  42% (248/586)   
Resolving deltas:  43% (252/586)   
Resolving deltas:  44% (258/586)   
Resolving deltas:  45% (269/586)   
Resolving deltas:  46% (270/586)   
Resolving deltas:  47% (276/586)   
Resolving deltas:  48% (282/586)   
Resolving deltas:  49% (288/586)   
Resolving deltas:  50% (295/586)   
Resolving deltas:  51% (299/586)   
Resolving deltas:  52% (308/586)   
Resolving deltas:  53% (312/586)   
Resolving deltas:  54% (317/586)   
Resolving deltas:  56% (331/586)   
Resolving deltas:  57% (335/586)   
Resolving deltas:  58% (342/586)   
Resolving deltas:  59% (346/586)   
Resolving deltas:  62% (366/586)   
Resolving deltas:  64% (378/586)   
Resolving deltas:  65% (381/586)   
Resolving deltas:  66% (388/586)   
Resolving deltas:  67% (397/586)   
Resolving deltas:  68% (400/586)   
Resolving deltas:  69% (406/586)   
Resolving deltas:  70% (411/586)   
Resolving deltas:  72% (424/586)   
Resolving deltas:  73% (428/586)   
Resolving deltas:  74% (435/586)   
Resolving deltas:  75% (445/586)   
Resolving deltas:  76% (448/586)   
Resolving deltas:  77% (454/586)   
Resolving deltas:  78% (459/586)   
Resolving deltas:  79% (464/586)   
Resolving deltas:  80% (473/586)   
Resolving deltas:  81% (478/586)   
Resolving deltas:  82% (482/586)   
Resolving deltas:  83% (489/586)   
Resolving deltas:  84% (493/586)   
Resolving deltas:  85% (501/586)   
Resolving deltas:  86% (507/586)   
Resolving deltas:  87% (510/586)   
Resolving deltas:  88% (519/586)   
Resolving deltas:  89% (522/586)   
Resolving deltas:  90% (529/586)   
Resolving deltas:  91% (534/586)   
Resolving deltas:  98% (579/586)   
Resolving deltas:  99% (581/586)   
Resolving deltas: 100% (586/586)   
Resolving deltas: 100% (586/586), done.
Checking connectivity... done.

travis_time:end:0060b24c:start=1457291613847083603,finish=1457291614627362229,duration=780278626
[0K$ cd stagemonitor/stagemonitor
$ git checkout -qf dd35dd06eca19f3368f0c8a3a3c4c5b5cd271164
travis_fold:end:git.checkout
[0K
[33;1mThis job is running on container-based infrastructure, which does not allow use of 'sudo', setuid and setguid executables.[0m
[33;1mIf you require sudo, add 'sudo: required' to your .travis.yml[0m
[33;1mSee https://docs.travis-ci.com/user/workers/container-based-infrastructure/ for details.[0m

[33;1mSetting environment variables from .travis.yml[0m
$ export GH_TOKEN=[secure]
$ export COVERITY_SCAN_TOKEN=[secure]
$ export TERM=dumb

$ jdk_switcher use oraclejdk8
Switching to Oracle JDK8 (java-8-oracle), JAVA_HOME will be set to /usr/lib/jvm/java-8-oracle
$ export TERM=dumb
travis_fold:start:cache.1
[0KSetting up build cache
$ export CASHER_DIR=$HOME/.casher
travis_time:start:11b1665c
[0K$ Installing caching utilities

travis_time:end:11b1665c:start=1457291617595136468,finish=1457291617714688322,duration=119551854
[0Ktravis_time:start:00581469
[0K
travis_time:end:00581469:start=1457291617719479171,finish=1457291617723234884,duration=3755713
[0Ktravis_time:start:088b844e
[0K[32;1mattempting to download cache archive[0m
[32;1mfetching master/cache--jdk-oraclejdk8.tgz[0m
[32;1mfound cache[0m

travis_time:end:088b844e:start=1457291617728118254,finish=1457291620449444368,duration=2721326114
[0Ktravis_time:start:06e4b09a
[0K
travis_time:end:06e4b09a:start=1457291620454190142,finish=1457291620458262337,duration=4072195
[0Ktravis_time:start:03c98904
[0K[32;1madding /home/travis/.m2 to cache[0m
[32;1madding /home/travis/.gradle to cache[0m

travis_time:end:03c98904:start=1457291620462819927,finish=1457291625062299565,duration=4599479638
[0Ktravis_fold:end:cache.1
[0K$ java -Xmx32m -version
java version "1.8.0_31"
Java(TM) SE Runtime Environment (build 1.8.0_31-b13)
Java HotSpot(TM) 64-Bit Server VM (build 25.31-b07, mixed mode)
$ javac -J-Xmx32m -version
javac 1.8.0_31
travis_fold:start:install
[0Ktravis_time:start:03628677
[0K$ ./gradlew assemble --stacktrace
Incremental java compilation is an incubating feature.
:compileJava UP-TO-DATE
:processResources UP-TO-DATE
:classes UP-TO-DATE
:jar
:assemble
:stagemonitor-javaagent:compileJava
:stagemonitor-javaagent:compileJava - is not incremental (e.g. outputs have changed, no previous execution, etc.).
warning: [options] bootstrap class path not set in conjunction with -source 1.6
1 warning
:stagemonitor-javaagent:processResources UP-TO-DATE
:stagemonitor-javaagent:classes
:stagemonitor-javaagent:jar
:stagemonitor-core:compileJava
:stagemonitor-core:compileJava - is not incremental (e.g. outputs have changed, no previous execution, etc.).
warning: [options] bootstrap class path not set in conjunction with -source 1.6
Note: /home/travis/build/stagemonitor/stagemonitor/stagemonitor-core/src/main/java/org/stagemonitor/core/Stagemonitor.java uses or overrides a deprecated API.
Note: Recompile with -Xlint:deprecation for details.
Note: Some input files use unchecked or unsafe operations.
Note: Recompile with -Xlint:unchecked for details.
1 warning
:stagemonitor-core:processResources
:stagemonitor-core:classes
:stagemonitor-core:jar
:stagemonitor-requestmonitor:compileJava
:stagemonitor-requestmonitor:compileJava - is not incremental (e.g. outputs have changed, no previous execution, etc.).
warning: [options] bootstrap class path not set in conjunction with -source 1.6
Note: /home/travis/build/stagemonitor/stagemonitor/stagemonitor-requestmonitor/src/main/java/org/stagemonitor/requestmonitor/RequestMonitor.java uses unchecked or unsafe operations.
Note: Recompile with -Xlint:unchecked for details.
1 warning
:stagemonitor-requestmonitor:processResources
:stagemonitor-requestmonitor:classes
:stagemonitor-requestmonitor:jar
:stagemonitor-alerting:compileJava
:stagemonitor-alerting:compileJava - is not incremental (e.g. outputs have changed, no previous execution, etc.).
warning: [options] bootstrap class path not set in conjunction with -source 1.6
1 warning
:stagemonitor-alerting:processResources
:stagemonitor-alerting:classes
:stagemonitor-alerting:jar
:stagemonitor-javaagent:javadoc
:stagemonitor-core:javadoc/home/travis/build/stagemonitor/stagemonitor/stagemonitor-core/src/main/java/org/stagemonitor/core/metrics/MonitorGauges.java:24: warning - @{@link is an unknown tag.
/home/travis/build/stagemonitor/stagemonitor/stagemonitor-core/src/main/java/org/stagemonitor/core/metrics/RegexMetricFilter.java:17: warning - @return tag has no arguments.
/home/travis/build/stagemonitor/stagemonitor/stagemonitor-core/src/main/java/org/stagemonitor/core/metrics/RegexMetricFilter.java:27: warning - @return tag has no arguments.
/home/travis/build/stagemonitor/stagemonitor/stagemonitor-core/src/main/java/org/stagemonitor/core/util/MBeanUtils.java:73: warning - @param argument "name" is not a parameter name.
/home/travis/build/stagemonitor/stagemonitor/stagemonitor-core/src/main/java/org/stagemonitor/core/util/MBeanUtils.java:73: warning - @param argument "query" is not a parameter name.

5 warnings
:stagemonitor-requestmonitor:javadoc/home/travis/build/stagemonitor/stagemonitor/stagemonitor-requestmonitor/src/main/java/org/stagemonitor/requestmonitor/MonitoredRequest.java:27: warning - Tag @link: reference not found: javax.servlet.http.HttpServletRequest#getParameterMap()
/home/travis/build/stagemonitor/stagemonitor/stagemonitor-requestmonitor/src/main/java/org/stagemonitor/requestmonitor/MonitoredRequest.java:27: warning - Tag @link: reference not found: javax.servlet.http.HttpServletRequest#getParameterMap()

2 warnings
:stagemonitor-alerting:javadoc/home/travis/build/stagemonitor/stagemonitor/stagemonitor-alerting/src/main/java/org/stagemonitor/alerting/check/Threshold.java:109: warning - @return tag has no arguments.

1 warning
:stagemonitor-alerting:javadocJar
:stagemonitor-alerting:shadowJar
:stagemonitor-alerting:sourcesJar
:stagemonitor-alerting:signArchives SKIPPED
:stagemonitor-alerting:assemble
:stagemonitor-ehcache:compileJava
:stagemonitor-ehcache:compileJava - is not incremental (e.g. outputs have changed, no previous execution, etc.).
warning: [options] bootstrap class path not set in conjunction with -source 1.6
1 warning
:stagemonitor-ehcache:processResources
:stagemonitor-ehcache:classes
:stagemonitor-ehcache:jar
:stagemonitor-jdbc:compileJava
:stagemonitor-jdbc:compileJava - is not incremental (e.g. outputs have changed, no previous execution, etc.).
warning: [options] bootstrap class path not set in conjunction with -source 1.6
Note: /home/travis/build/stagemonitor/stagemonitor/stagemonitor-jdbc/src/main/java/org/stagemonitor/jdbc/ConnectionMonitoringInstrumenter.java uses unchecked or unsafe operations.
Note: Recompile with -Xlint:unchecked for details.
1 warning
:stagemonitor-jdbc:processResources
:stagemonitor-jdbc:classes
:stagemonitor-jdbc:jar
:stagemonitor-jvm:compileJava
:stagemonitor-jvm:compileJava - is not incremental (e.g. outputs have changed, no previous execution, etc.).
warning: [options] bootstrap class path not set in conjunction with -source 1.6
1 warning
:stagemonitor-jvm:processResources
:stagemonitor-jvm:classes
:stagemonitor-jvm:jar
:stagemonitor-logging:compileJava
:stagemonitor-logging:compileJava - is not incremental (e.g. outputs have changed, no previous execution, etc.).
warning: [options] bootstrap class path not set in conjunction with -source 1.6
1 warning
:stagemonitor-logging:processResources
:stagemonitor-logging:classes
:stagemonitor-logging:jar
:stagemonitor-web:compileJava
:stagemonitor-web:compileJava - is not incremental (e.g. outputs have changed, no previous execution, etc.).
warning: [options] bootstrap class path not set in conjunction with -source 1.6
Note: /home/travis/build/stagemonitor/stagemonitor/stagemonitor-web/src/main/java/org/stagemonitor/web/monitor/filter/HttpServletResponseBufferWrapper.java uses or overrides a deprecated API.
Note: Recompile with -Xlint:deprecation for details.
1 warning
:stagemonitor-web:processResources
:stagemonitor-web:classes
:stagemonitor-web:jar
:stagemonitor-benchmark:stagemonitor-byte-buddy-agent:compileJava
:stagemonitor-benchmark:stagemonitor-byte-buddy-agent:compileJava - is not incremental (e.g. outputs have changed, no previous execution, etc.).
warning: [options] bootstrap class path not set in conjunction with -source 1.6
1 warning
:stagemonitor-benchmark:stagemonitor-byte-buddy-agent:processResources UP-TO-DATE
:stagemonitor-benchmark:stagemonitor-byte-buddy-agent:classes
:stagemonitor-benchmark:stagemonitor-byte-buddy-agent:jar
:stagemonitor-benchmark:compileJava UP-TO-DATE
:stagemonitor-benchmark:processResources UP-TO-DATE
:stagemonitor-benchmark:classes UP-TO-DATE
:stagemonitor-benchmark:jar
:stagemonitor-benchmark:assemble
:stagemonitor-core:javadocJar
:stagemonitor-core:shadowJar
:stagemonitor-core:sourcesJar
:stagemonitor-core:signArchives SKIPPED
:stagemonitor-core:assemble
:stagemonitor-ehcache:javadoc
:stagemonitor-ehcache:javadocJar
:stagemonitor-ehcache:shadowJar
:stagemonitor-ehcache:sourcesJar
:stagemonitor-ehcache:signArchives SKIPPED
:stagemonitor-ehcache:assemble
:stagemonitor-javaagent:javadocJar
:stagemonitor-javaagent:shadowJar
:stagemonitor-javaagent:sourcesJar
:stagemonitor-javaagent:signArchives SKIPPED
:stagemonitor-javaagent:assemble
:stagemonitor-jdbc:javadoc
:stagemonitor-jdbc:javadocJar
:stagemonitor-jdbc:shadowJar
:stagemonitor-jdbc:sourcesJar
:stagemonitor-jdbc:signArchives SKIPPED
:stagemonitor-jdbc:assemble
:stagemonitor-jvm:javadoc
:stagemonitor-jvm:javadocJar
:stagemonitor-jvm:shadowJar
:stagemonitor-jvm:sourcesJar
:stagemonitor-jvm:signArchives SKIPPED
:stagemonitor-jvm:assemble
:stagemonitor-logging:javadoc
:stagemonitor-logging:javadocJar
:stagemonitor-logging:shadowJar
:stagemonitor-logging:sourcesJar
:stagemonitor-logging:signArchives SKIPPED
:stagemonitor-logging:assemble
:stagemonitor-os:compileJava
:stagemonitor-os:compileJava - is not incremental (e.g. outputs have changed, no previous execution, etc.).
warning: [options] bootstrap class path not set in conjunction with -source 1.6
1 warning
:stagemonitor-os:processResources
:stagemonitor-os:classes
:stagemonitor-os:jar
:stagemonitor-os:startScripts
:stagemonitor-os:distTar
:stagemonitor-os:distZip
:stagemonitor-os:javadoc/home/travis/build/stagemonitor/stagemonitor/stagemonitor-os/src/main/java/org/stagemonitor/os/metrics/AbstractSigarMetricSet.java:39: warning - Tag @link: reference not found: T
/home/travis/build/stagemonitor/stagemonitor/stagemonitor-os/src/main/java/org/stagemonitor/os/metrics/AbstractSigarMetricSet.java:39: warning - Tag @link: reference not found: T
/home/travis/build/stagemonitor/stagemonitor/stagemonitor-os/src/main/java/org/stagemonitor/os/metrics/AbstractSigarMetricSet.java:39: warning - Tag @link: reference not found: T
/home/travis/build/stagemonitor/stagemonitor/stagemonitor-os/src/main/java/org/stagemonitor/os/SigarNativeBindingLoader.java:80: warning - Tag @see cannot be used in inline documentation.  It can only be used in the following types of documentation: overview, package, class/interface, constructor, field, method.
/home/travis/build/stagemonitor/stagemonitor/stagemonitor-os/src/main/java/org/stagemonitor/os/metrics/AbstractSigarMetricSet.java:39: warning - Tag @link: reference not found: T

5 warnings
:stagemonitor-os:javadocJar
:stagemonitor-os:shadowJar
:stagemonitor-os:sourcesJar
:stagemonitor-os:signArchives SKIPPED
:stagemonitor-os:assemble
:stagemonitor-requestmonitor:javadocJar
:stagemonitor-requestmonitor:shadowJar
:stagemonitor-requestmonitor:sourcesJar
:stagemonitor-requestmonitor:signArchives SKIPPED
:stagemonitor-requestmonitor:assemble
:stagemonitor-web:javadoc/home/travis/build/stagemonitor/stagemonitor/stagemonitor-web/src/main/java/org/stagemonitor/web/monitor/widget/RequestTraceServlet.java:50: warning - Tag @link: reference not found: OldRequestTraceRemover

1 warning
:stagemonitor-web:javadocJar
:stagemonitor-web:shadowJar
:stagemonitor-web:sourcesJar
:stagemonitor-web:signArchives SKIPPED
:stagemonitor-web:assemble
:stagemonitor-benchmark:stagemonitor-byte-buddy-agent:assemble

BUILD SUCCESSFUL

Total time: 1 mins 41.46 secs

travis_time:end:03628677:start=1457291626716022383,finish=1457291728607660390,duration=101891638007
[0Ktravis_fold:end:install
[0Kcoverity_scan:start
$ export PROJECT_NAME=stagemonitor/stagemonitor
coverity_scan:end
travis_time:start:34ae73ac
[0K$ ./gradlew test
Incremental java compilation is an incubating feature.
:compileJava UP-TO-DATE
:processResources UP-TO-DATE
:classes UP-TO-DATE
:instrument SKIPPED
:copyCoberturaDatafile SKIPPED
:compileTestJava UP-TO-DATE
:processTestResources UP-TO-DATE
:testClasses UP-TO-DATE
:stagemonitor-javaagent:compileJava UP-TO-DATE
:stagemonitor-javaagent:processResources UP-TO-DATE
:stagemonitor-javaagent:classes UP-TO-DATE
:stagemonitor-javaagent:jar
:stagemonitor-core:compileJava
None of the classes needs to compiled! Analysis took 0.346 secs. 
:stagemonitor-core:processResources UP-TO-DATE
:stagemonitor-core:classes
:stagemonitor-core:jar
:stagemonitor-requestmonitor:compileJava
None of the classes needs to compiled! Analysis took 1.249 secs. 
:stagemonitor-requestmonitor:processResources UP-TO-DATE
:stagemonitor-requestmonitor:classes
:stagemonitor-requestmonitor:jar
:stagemonitor-alerting:compileJava
None of the classes needs to compiled! Analysis took 0.8 secs. 
:stagemonitor-alerting:processResources UP-TO-DATE
:stagemonitor-alerting:classes
:stagemonitor-alerting:instrument SKIPPED
:stagemonitor-alerting:copyCoberturaDatafile SKIPPED
:stagemonitor-core:compileTestJava
:stagemonitor-core:compileTestJava - is not incremental (e.g. outputs have changed, no previous execution, etc.).
Note: Some input files use unchecked or unsafe operations.
Note: Recompile with -Xlint:unchecked for details.
:stagemonitor-core:processTestResources
:stagemonitor-core:testClasses
:stagemonitor-alerting:compileTestJava
:stagemonitor-alerting:compileTestJava - is not incremental (e.g. outputs have changed, no previous execution, etc.).
:stagemonitor-alerting:processTestResources
:stagemonitor-alerting:testClasses
:stagemonitor-alerting:test
19:16:27.347 [Thread-6] INFO org.stagemonitor.core.CorePlugin - 
####################################################
## Aggregated report for this measurement session ##
####################################################

19:16:27.352 [Thread-6] INFO metrics - Metrics ========================================================================

-- Gauges ----------------------------------------------------------------------
name   | value
online | 1.0



:stagemonitor-core:instrument SKIPPED
:stagemonitor-core:copyCoberturaDatafile SKIPPED
:stagemonitor-core:test
19:16:40.531 [Thread-7] INFO org.stagemonitor.core.CorePlugin - 
####################################################
## Aggregated report for this measurement session ##
####################################################

19:16:40.556 [Thread-7] INFO metrics - Metrics ========================================================================

-- Gauges ----------------------------------------------------------------------
name   | value
online | 1.0



19:16:40.568 [Thread-7] INFO org.stagemonitor.core.CorePlugin - 
####################################################
## Aggregated report for this measurement session ##
####################################################

19:16:40.569 [Thread-7] INFO metrics - Metrics ========================================================================

-- Gauges ----------------------------------------------------------------------
name   | value
online | 1.0



:stagemonitor-ehcache:compileJava
None of the classes needs to compiled! Analysis took 0.019 secs. 
:stagemonitor-ehcache:processResources UP-TO-DATE
:stagemonitor-ehcache:classes
:stagemonitor-ehcache:instrument SKIPPED
:stagemonitor-ehcache:copyCoberturaDatafile SKIPPED
:stagemonitor-ehcache:compileTestJava
:stagemonitor-ehcache:compileTestJava - is not incremental (e.g. outputs have changed, no previous execution, etc.).
Note: /home/travis/build/stagemonitor/stagemonitor/stagemonitor-ehcache/src/test/java/org/stagemonitor/ehcache/StagemonitorCacheUsageListenerTest.java uses or overrides a deprecated API.
Note: Recompile with -Xlint:deprecation for details.
:stagemonitor-ehcache:processTestResources UP-TO-DATE
:stagemonitor-ehcache:testClasses
:stagemonitor-ehcache:test
:stagemonitor-javaagent:instrument SKIPPED
:stagemonitor-javaagent:copyCoberturaDatafile SKIPPED
:stagemonitor-javaagent:compileTestJava UP-TO-DATE
:stagemonitor-javaagent:processTestResources UP-TO-DATE
:stagemonitor-javaagent:testClasses UP-TO-DATE
:stagemonitor-javaagent:test UP-TO-DATE
:stagemonitor-jdbc:compileJava
None of the classes needs to compiled! Analysis took 0.12 secs. 
:stagemonitor-jdbc:processResources UP-TO-DATE
:stagemonitor-jdbc:classes
:stagemonitor-jdbc:instrument SKIPPED
:stagemonitor-jdbc:copyCoberturaDatafile SKIPPED
:stagemonitor-jdbc:compileTestJava
:stagemonitor-jdbc:compileTestJava - is not incremental (e.g. outputs have changed, no previous execution, etc.).
:stagemonitor-jdbc:processTestResources
:stagemonitor-jdbc:testClasses
:stagemonitor-jdbc:test
19:16:47.470 [async-request-reporter] WARN org.stagemonitor.requestmonitor.RequestMonitor - null (this exception is ignored)
java.lang.NullPointerException: null
    at org.stagemonitor.requestmonitor.reporter.ElasticsearchRequestTraceReporter.doReport(ElasticsearchRequestTraceReporter.java:37)
    at org.stagemonitor.requestmonitor.reporter.AbstractInterceptedRequestTraceReporter.reportRequestTrace(AbstractInterceptedRequestTraceReporter.java:71)
    at org.stagemonitor.requestmonitor.RequestMonitor$1.run(RequestMonitor.java:313)
    at java.util.concurrent.Executors$RunnableAdapter.call(Executors.java:511)
    at java.util.concurrent.FutureTask.run(FutureTask.java:266)
    at java.util.concurrent.ThreadPoolExecutor.runWorker(ThreadPoolExecutor.java:1142)
    at java.util.concurrent.ThreadPoolExecutor$Worker.run(ThreadPoolExecutor.java:617)
    at java.lang.Thread.run(Thread.java:745)
19:16:47.474 [pool-4-thread-1] WARN org.stagemonitor.core.Stagemonitor - Measurement Session is not initialized: [application=null] [instance=null] [host=testing-worker-linux-docker-cd754434-3366-linux-15]
19:16:47.480 [pool-4-thread-1] WARN org.stagemonitor.core.Stagemonitor - make sure the properties 'stagemonitor.instanceName' and 'stagemonitor.applicationName' are set and stagemonitor.properties is available in the classpath
:stagemonitor-jvm:compileJava
None of the classes needs to compiled! Analysis took 0.014 secs. 
:stagemonitor-jvm:processResources UP-TO-DATE
:stagemonitor-jvm:classes
:stagemonitor-jvm:instrument SKIPPED
:stagemonitor-jvm:copyCoberturaDatafile SKIPPED
:stagemonitor-jvm:compileTestJava UP-TO-DATE
:stagemonitor-jvm:processTestResources UP-TO-DATE
:stagemonitor-jvm:testClasses UP-TO-DATE
:stagemonitor-jvm:test UP-TO-DATE
:stagemonitor-logging:compileJava
None of the classes needs to compiled! Analysis took 0.144 secs. 
:stagemonitor-logging:processResources UP-TO-DATE
:stagemonitor-logging:classes
:stagemonitor-logging:instrument SKIPPED
:stagemonitor-logging:copyCoberturaDatafile SKIPPED
:stagemonitor-logging:compileTestJava
:stagemonitor-logging:compileTestJava - is not incremental (e.g. outputs have changed, no previous execution, etc.).
:stagemonitor-logging:processTestResources
:stagemonitor-logging:testClasses
:stagemonitor-logging:test
19:16:50.163 [pool-1-thread-1] WARN org.stagemonitor.core.Stagemonitor - Measurement Session is not initialized: [application=null] [instance=null] [host=testing-worker-linux-docker-cd754434-3366-linux-15]
19:16:50.178 [pool-1-thread-1] WARN org.stagemonitor.core.Stagemonitor - make sure the properties 'stagemonitor.instanceName' and 'stagemonitor.applicationName' are set and stagemonitor.properties is available in the classpath
19:16:50.181 [pool-2-thread-1] WARN org.stagemonitor.core.Stagemonitor - Measurement Session is not initialized: [application=null] [instance=null] [host=testing-worker-linux-docker-cd754434-3366-linux-15]
19:16:50.189 [pool-2-thread-1] WARN org.stagemonitor.core.Stagemonitor - make sure the properties 'stagemonitor.instanceName' and 'stagemonitor.applicationName' are set and stagemonitor.properties is available in the classpath
:stagemonitor-os:compileJava
Full recompilation is required because 'stagemonitor-core-0.21.0-SNAPSHOT.jar' was changed. Analysis took 0.132 secs.
warning: [options] bootstrap class path not set in conjunction with -source 1.6
1 warning
:stagemonitor-os:processResources UP-TO-DATE
:stagemonitor-os:classes
:stagemonitor-os:instrument SKIPPED
:stagemonitor-os:copyCoberturaDatafile SKIPPED
:stagemonitor-os:compileTestJava
:stagemonitor-os:compileTestJava - is not incremental (e.g. outputs have changed, no previous execution, etc.).
:stagemonitor-os:processTestResources UP-TO-DATE
:stagemonitor-os:testClasses
:stagemonitor-os:test
:stagemonitor-requestmonitor:instrument SKIPPED
:stagemonitor-requestmonitor:copyCoberturaDatafile SKIPPED
:stagemonitor-requestmonitor:compileTestJava
:stagemonitor-requestmonitor:compileTestJava - is not incremental (e.g. outputs have changed, no previous execution, etc.).
Note: /home/travis/build/stagemonitor/stagemonitor/stagemonitor-requestmonitor/src/test/java/org/stagemonitor/requestmonitor/prof/elasticsearch/ElasticsearchSearchQueryInstrumenterTest.java uses or overrides a deprecated API.
Note: Recompile with -Xlint:deprecation for details.
Note: /home/travis/build/stagemonitor/stagemonitor/stagemonitor-requestmonitor/src/test/java/org/stagemonitor/requestmonitor/MonitorRequestsInstrumenterTest.java uses unchecked or unsafe operations.
Note: Recompile with -Xlint:unchecked for details.
:stagemonitor-requestmonitor:processTestResources
:stagemonitor-requestmonitor:testClasses
:stagemonitor-requestmonitor:test

org.stagemonitor.requestmonitor.ejb.RemoteEjbMonitorInstrumenterTest > testMonitorRemoteCalls FAILED
    java.lang.IndexOutOfBoundsException: Index: 0, Size: 0
        at java.util.LinkedList.checkElementIndex(LinkedList.java:555)
        at java.util.LinkedList.get(LinkedList.java:476)
        at org.stagemonitor.requestmonitor.ejb.RemoteEjbMonitorInstrumenterTest.testMonitorRemoteCalls(RemoteEjbMonitorInstrumenterTest.java:44)

46 tests completed, 1 failed, 4 skipped
:stagemonitor-requestmonitor:test FAILED
:stagemonitor-alerting:generateCoberturaReport SKIPPED
:stagemonitor-alerting:performCoverageCheck SKIPPED
:stagemonitor-core:generateCoberturaReport SKIPPED
:stagemonitor-core:performCoverageCheck SKIPPED
:stagemonitor-ehcache:generateCoberturaReport SKIPPED
:stagemonitor-ehcache:performCoverageCheck SKIPPED
:stagemonitor-javaagent:generateCoberturaReport SKIPPED
:stagemonitor-javaagent:performCoverageCheck SKIPPED
:stagemonitor-jdbc:generateCoberturaReport SKIPPED
:stagemonitor-jdbc:performCoverageCheck SKIPPED
:stagemonitor-jvm:generateCoberturaReport SKIPPED
:stagemonitor-jvm:performCoverageCheck SKIPPED
:stagemonitor-logging:generateCoberturaReport SKIPPED
:stagemonitor-logging:performCoverageCheck SKIPPED
:stagemonitor-os:generateCoberturaReport SKIPPED
:stagemonitor-os:performCoverageCheck SKIPPED
:stagemonitor-requestmonitor:generateCoberturaReport SKIPPED
:stagemonitor-requestmonitor:performCoverageCheck SKIPPED

FAILURE: Build failed with an exception.

* What went wrong:
Execution failed for task ':stagemonitor-requestmonitor:test'.
> There were failing tests. See the report at: file:///home/travis/build/stagemonitor/stagemonitor/stagemonitor-requestmonitor/build/reports/tests/index.html

* Try:
Run with --stacktrace option to get the stack trace. Run with --info or --debug option to get more log output.

BUILD FAILED

Total time: 1 mins 39.322 secs

travis_time:end:34ae73ac:start=1457291728638338348,finish=1457291828442104191,duration=99803765843
[0K
[31;1mThe command "./gradlew test" exited with 1.[0m
travis_fold:start:cache.2
[0Kstore build cache
travis_time:start:39034cb8
[0K
travis_time:end:39034cb8:start=1457291828447258894,finish=1457291828451255211,duration=3996317
[0Ktravis_time:start:0a17a9f8
[0K[32;1mchange detected:
/home/travis/.gradle/caches/2.5/classAnalysis/cache.properties.lock
/home/travis/.gradle/caches/2.5/jarSnapshots/cache.properties.lock
/home/travis/.gradle/caches/2.5/jarSnapshots/jarSnapshots.bin
/home/travis/.gradle/caches/2.5/plugin-resolution/cache.properties.lock
/home/travis/.gradle/caches/modules-2/modules-2.lock

[0m
[32;1mchanges detected, packing new archive[0m
.
.
[32;1muploading archive[0m

travis_time:end:0a17a9f8:start=1457291828455888091,finish=1457291849445558661,duration=20989670570
[0Ktravis_fold:end:cache.2
[0K
Done. Your build exited with 1.