Using worker: worker-linux-docker-39d7b1c1.prod.travis-ci.org:travis-linux-15

travis_fold:start:system_info[0K[33;1mBuild system information[0m
Build language: java
Build group: stable
Build dist: precise
Build id: 153491210
Job id: 153491211
travis-build version: 6c895ddbe
[34m[1mBuild image provisioning date and time[0m
Thu Feb  5 15:09:33 UTC 2015
[34m[1mOperating System Details[0m
Distributor ID:	Ubuntu
Description:	Ubuntu 12.04.5 LTS
Release:	12.04
Codename:	precise
[34m[1mLinux Version[0m
3.13.0-29-generic
[34m[1mCookbooks Version[0m
a68419e https://github.com/travis-ci/travis-cookbooks/tree/a68419e
[34m[1mGCC version[0m
gcc (Ubuntu/Linaro 4.6.3-1ubuntu5) 4.6.3
Copyright (C) 2011 Free Software Foundation, Inc.
This is free software; see the source for copying conditions.  There is NO
warranty; not even for MERCHANTABILITY or FITNESS FOR A PARTICULAR PURPOSE.

[34m[1mLLVM version[0m
clang version 3.4 (tags/RELEASE_34/final)
Target: x86_64-unknown-linux-gnu
Thread model: posix
[34m[1mPre-installed Ruby versions[0m
ruby-1.9.3-p551
[34m[1mPre-installed Node.js versions[0m
v0.10.36
[34m[1mPre-installed Go versions[0m
1.4.1
[34m[1mRedis version[0m
redis-server 2.8.19
[34m[1mriak version[0m
2.0.2
[34m[1mMongoDB version[0m
MongoDB 2.4.12
[34m[1mCouchDB version[0m
couchdb 1.6.1
[34m[1mNeo4j version[0m
1.9.4
[34m[1mRabbitMQ Version[0m
3.4.3
[34m[1mElasticSearch version[0m
1.4.0
[34m[1mInstalled Sphinx versions[0m
2.0.10
2.1.9
2.2.6
[34m[1mDefault Sphinx version[0m
2.2.6
[34m[1mInstalled Firefox version[0m
firefox 31.0esr
[34m[1mPhantomJS version[0m
1.9.8
[34m[1mant -version[0m
Apache Ant(TM) version 1.8.2 compiled on December 3 2011
[34m[1mmvn -version[0m
Apache Maven 3.2.5 (12a6b3acb947671f09b81f49094c53f426d8cea1; 2014-12-14T17:29:23+00:00)
Maven home: /usr/local/maven
Java version: 1.7.0_76, vendor: Oracle Corporation
Java home: /usr/lib/jvm/java-7-oracle/jre
Default locale: en_US, platform encoding: ANSI_X3.4-1968
OS name: "linux", version: "3.13.0-29-generic", arch: "amd64", family: "unix"
travis_fold:end:system_info[0K
travis_fold:start:fix.CVE-2015-7547[0K$ export DEBIAN_FRONTEND=noninteractive
W: Size of file /var/lib/apt/lists/us.archive.ubuntu.com_ubuntu_dists_precise-backports_multiverse_source_Sources.gz is not what the server reported 5886 5888
W: Size of file /var/lib/apt/lists/ppa.launchpad.net_ubuntugis_ppa_ubuntu_dists_precise_main_binary-amd64_Packages.gz is not what the server reported 33653 36677
W: Size of file /var/lib/apt/lists/ppa.launchpad.net_ubuntugis_ppa_ubuntu_dists_precise_main_binary-i386_Packages.gz is not what the server reported 33699 36733
Reading package lists...
Building dependency tree...
Reading state information...
The following extra packages will be installed:
  libc-bin libc-dev-bin libc6-dev
Suggested packages:
  glibc-doc
The following packages will be upgraded:
  libc-bin libc-dev-bin libc6 libc6-dev
4 upgraded, 0 newly installed, 0 to remove and 256 not upgraded.
Need to get 8,840 kB of archives.
After this operation, 14.3 kB disk space will be freed.
Get:1 http://us.archive.ubuntu.com/ubuntu/ precise-updates/main libc6-dev amd64 2.15-0ubuntu10.15 [2,943 kB]
Get:2 http://us.archive.ubuntu.com/ubuntu/ precise-updates/main libc-dev-bin amd64 2.15-0ubuntu10.15 [84.7 kB]
Get:3 http://us.archive.ubuntu.com/ubuntu/ precise-updates/main libc-bin amd64 2.15-0ubuntu10.15 [1,177 kB]
Get:4 http://us.archive.ubuntu.com/ubuntu/ precise-updates/main libc6 amd64 2.15-0ubuntu10.15 [4,636 kB]
Fetched 8,840 kB in 0s (31.1 MB/s)
Preconfiguring packages ...
(Reading database ... (Reading database ... 5%(Reading database ... 10%(Reading database ... 15%(Reading database ... 20%(Reading database ... 25%(Reading database ... 30%(Reading database ... 35%(Reading database ... 40%(Reading database ... 45%(Reading database ... 50%(Reading database ... 55%(Reading database ... 60%(Reading database ... 65%(Reading database ... 70%(Reading database ... 75%(Reading database ... 80%(Reading database ... 85%(Reading database ... 90%(Reading database ... 95%(Reading database ... 100%(Reading database ... 72019 files and directories currently installed.)
Preparing to replace libc6-dev 2.15-0ubuntu10.10 (using .../libc6-dev_2.15-0ubuntu10.15_amd64.deb) ...
Unpacking replacement libc6-dev ...
Preparing to replace libc-dev-bin 2.15-0ubuntu10.10 (using .../libc-dev-bin_2.15-0ubuntu10.15_amd64.deb) ...
Unpacking replacement libc-dev-bin ...
Preparing to replace libc-bin 2.15-0ubuntu10.10 (using .../libc-bin_2.15-0ubuntu10.15_amd64.deb) ...
Unpacking replacement libc-bin ...
Processing triggers for man-db ...
Setting up libc-bin (2.15-0ubuntu10.15) ...
(Reading database ... (Reading database ... 5%(Reading database ... 10%(Reading database ... 15%(Reading database ... 20%(Reading database ... 25%(Reading database ... 30%(Reading database ... 35%(Reading database ... 40%(Reading database ... 45%(Reading database ... 50%(Reading database ... 55%(Reading database ... 60%(Reading database ... 65%(Reading database ... 70%(Reading database ... 75%(Reading database ... 80%(Reading database ... 85%(Reading database ... 90%(Reading database ... 95%(Reading database ... 100%(Reading database ... 72018 files and directories currently installed.)
Preparing to replace libc6 2.15-0ubuntu10.10 (using .../libc6_2.15-0ubuntu10.15_amd64.deb) ...
Unpacking replacement libc6 ...
Setting up libc6 (2.15-0ubuntu10.15) ...
Setting up libc-dev-bin (2.15-0ubuntu10.15) ...
Setting up libc6-dev (2.15-0ubuntu10.15) ...
Processing triggers for libc-bin ...
ldconfig deferred processing now taking place
travis_fold:end:fix.CVE-2015-7547[0Ktravis_fold:start:git.checkout[0Ktravis_time:start:2ddf8171[0K$ git clone --depth=50 --branch=master https://github.com/TNG/JGiven.git TNG/JGiven
Cloning into 'TNG/JGiven'...
remote: Counting objects: 1780, done.[K
remote: Compressing objects:   0% (1/968)   [Kremote: Compressing objects:   1% (10/968)   [Kremote: Compressing objects:   2% (20/968)   [Kremote: Compressing objects:   3% (30/968)   [Kremote: Compressing objects:   4% (39/968)   [Kremote: Compressing objects:   5% (49/968)   [Kremote: Compressing objects:   6% (59/968)   [Kremote: Compressing objects:   7% (68/968)   [Kremote: Compressing objects:   8% (78/968)   [Kremote: Compressing objects:   9% (88/968)   [Kremote: Compressing objects:  10% (97/968)   [Kremote: Compressing objects:  11% (107/968)   [Kremote: Compressing objects:  12% (117/968)   [Kremote: Compressing objects:  13% (126/968)   [Kremote: Compressing objects:  14% (136/968)   [Kremote: Compressing objects:  15% (146/968)   [Kremote: Compressing objects:  16% (155/968)   [Kremote: Compressing objects:  17% (165/968)   [Kremote: Compressing objects:  18% (175/968)   [Kremote: Compressing objects:  19% (184/968)   [Kremote: Compressing objects:  20% (194/968)   [Kremote: Compressing objects:  21% (204/968)   [Kremote: Compressing objects:  22% (213/968)   [Kremote: Compressing objects:  23% (223/968)   [Kremote: Compressing objects:  24% (233/968)   [Kremote: Compressing objects:  25% (242/968)   [Kremote: Compressing objects:  26% (252/968)   [Kremote: Compressing objects:  27% (262/968)   [Kremote: Compressing objects:  28% (272/968)   [Kremote: Compressing objects:  29% (281/968)   [Kremote: Compressing objects:  30% (291/968)   [Kremote: Compressing objects:  31% (301/968)   [Kremote: Compressing objects:  32% (310/968)   [Kremote: Compressing objects:  33% (320/968)   [Kremote: Compressing objects:  34% (330/968)   [Kremote: Compressing objects:  35% (339/968)   [Kremote: Compressing objects:  36% (349/968)   [Kremote: Compressing objects:  37% (359/968)   [Kremote: Compressing objects:  38% (368/968)   [Kremote: Compressing objects:  39% (378/968)   [Kremote: Compressing objects:  40% (388/968)   [Kremote: Compressing objects:  41% (397/968)   [Kremote: Compressing objects:  42% (407/968)   [Kremote: Compressing objects:  43% (417/968)   [Kremote: Compressing objects:  44% (426/968)   [Kremote: Compressing objects:  45% (436/968)   [Kremote: Compressing objects:  46% (446/968)   [Kremote: Compressing objects:  47% (455/968)   [Kremote: Compressing objects:  48% (465/968)   [Kremote: Compressing objects:  49% (475/968)   [Kremote: Compressing objects:  50% (484/968)   [Kremote: Compressing objects:  51% (494/968)   [Kremote: Compressing objects:  52% (504/968)   [Kremote: Compressing objects:  53% (514/968)   [Kremote: Compressing objects:  54% (523/968)   [Kremote: Compressing objects:  55% (533/968)   [Kremote: Compressing objects:  56% (543/968)   [Kremote: Compressing objects:  57% (552/968)   [Kremote: Compressing objects:  58% (562/968)   [Kremote: Compressing objects:  59% (572/968)   [Kremote: Compressing objects:  60% (581/968)   [Kremote: Compressing objects:  61% (591/968)   [Kremote: Compressing objects:  62% (601/968)   [Kremote: Compressing objects:  63% (610/968)   [Kremote: Compressing objects:  64% (620/968)   [Kremote: Compressing objects:  65% (630/968)   [Kremote: Compressing objects:  66% (639/968)   [Kremote: Compressing objects:  67% (649/968)   [Kremote: Compressing objects:  68% (659/968)   [Kremote: Compressing objects:  69% (668/968)   [Kremote: Compressing objects:  70% (678/968)   [Kremote: Compressing objects:  71% (688/968)   [Kremote: Compressing objects:  72% (697/968)   [Kremote: Compressing objects:  73% (707/968)   [Kremote: Compressing objects:  74% (717/968)   [Kremote: Compressing objects:  75% (726/968)   [Kremote: Compressing objects:  76% (736/968)   [Kremote: Compressing objects:  77% (746/968)   [Kremote: Compressing objects:  78% (756/968)   [Kremote: Compressing objects:  79% (765/968)   [Kremote: Compressing objects:  80% (775/968)   [Kremote: Compressing objects:  81% (785/968)   [Kremote: Compressing objects:  82% (794/968)   [Kremote: Compressing objects:  83% (804/968)   [Kremote: Compressing objects:  84% (814/968)   [Kremote: Compressing objects:  85% (823/968)   [Kremote: Compressing objects:  86% (833/968)   [Kremote: Compressing objects:  87% (843/968)   [Kremote: Compressing objects:  88% (852/968)   [Kremote: Compressing objects:  89% (862/968)   [Kremote: Compressing objects:  90% (872/968)   [Kremote: Compressing objects:  91% (881/968)   [Kremote: Compressing objects:  92% (891/968)   [Kremote: Compressing objects:  93% (901/968)   [Kremote: Compressing objects:  94% (910/968)   [Kremote: Compressing objects:  95% (920/968)   [Kremote: Compressing objects:  96% (930/968)   [Kremote: Compressing objects:  97% (939/968)   [Kremote: Compressing objects:  98% (949/968)   [Kremote: Compressing objects:  99% (959/968)   [Kremote: Compressing objects: 100% (968/968)   [Kremote: Compressing objects: 100% (968/968), done.[K
Receiving objects:   0% (1/1780)   Receiving objects:   1% (18/1780)   Receiving objects:   2% (36/1780)   Receiving objects:   3% (54/1780)   Receiving objects:   4% (72/1780)   Receiving objects:   5% (89/1780)   Receiving objects:   6% (107/1780)   Receiving objects:   7% (125/1780)   Receiving objects:   8% (143/1780)   Receiving objects:   9% (161/1780)   Receiving objects:  10% (178/1780)   Receiving objects:  11% (196/1780)   Receiving objects:  12% (214/1780)   Receiving objects:  13% (232/1780)   Receiving objects:  14% (250/1780)   Receiving objects:  15% (267/1780)   Receiving objects:  16% (285/1780)   Receiving objects:  17% (303/1780)   Receiving objects:  18% (321/1780)   Receiving objects:  19% (339/1780)   Receiving objects:  20% (356/1780)   Receiving objects:  21% (374/1780)   Receiving objects:  22% (392/1780)   Receiving objects:  23% (410/1780)   Receiving objects:  24% (428/1780)   Receiving objects:  25% (445/1780)   Receiving objects:  26% (463/1780)   Receiving objects:  27% (481/1780)   Receiving objects:  28% (499/1780)   Receiving objects:  29% (517/1780)   Receiving objects:  30% (534/1780)   Receiving objects:  31% (552/1780)   Receiving objects:  32% (570/1780)   Receiving objects:  33% (588/1780)   Receiving objects:  34% (606/1780)   Receiving objects:  35% (623/1780)   Receiving objects:  36% (641/1780)   Receiving objects:  37% (659/1780)   Receiving objects:  38% (677/1780)   Receiving objects:  39% (695/1780)   Receiving objects:  40% (712/1780)   Receiving objects:  41% (730/1780)   Receiving objects:  42% (748/1780)   Receiving objects:  43% (766/1780)   Receiving objects:  44% (784/1780)   Receiving objects:  45% (801/1780)   Receiving objects:  46% (819/1780)   Receiving objects:  47% (837/1780)   Receiving objects:  48% (855/1780)   Receiving objects:  49% (873/1780)   Receiving objects:  50% (890/1780)   Receiving objects:  51% (908/1780)   remote: Total 1780 (delta 566), reused 1337 (delta 390), pack-reused 0[K
Receiving objects:  52% (926/1780)   Receiving objects:  53% (944/1780)   Receiving objects:  54% (962/1780)   Receiving objects:  55% (979/1780)   Receiving objects:  56% (997/1780)   Receiving objects:  57% (1015/1780)   Receiving objects:  58% (1033/1780)   Receiving objects:  59% (1051/1780)   Receiving objects:  60% (1068/1780)   Receiving objects:  61% (1086/1780)   Receiving objects:  62% (1104/1780)   Receiving objects:  63% (1122/1780)   Receiving objects:  64% (1140/1780)   Receiving objects:  65% (1157/1780)   Receiving objects:  66% (1175/1780)   Receiving objects:  67% (1193/1780)   Receiving objects:  68% (1211/1780)   Receiving objects:  69% (1229/1780)   Receiving objects:  70% (1246/1780)   Receiving objects:  71% (1264/1780)   Receiving objects:  72% (1282/1780)   Receiving objects:  73% (1300/1780)   Receiving objects:  74% (1318/1780)   Receiving objects:  75% (1335/1780)   Receiving objects:  76% (1353/1780)   Receiving objects:  77% (1371/1780)   Receiving objects:  78% (1389/1780)   Receiving objects:  79% (1407/1780)   Receiving objects:  80% (1424/1780)   Receiving objects:  81% (1442/1780)   Receiving objects:  82% (1460/1780)   Receiving objects:  83% (1478/1780)   Receiving objects:  84% (1496/1780)   Receiving objects:  85% (1513/1780)   Receiving objects:  86% (1531/1780)   Receiving objects:  87% (1549/1780)   Receiving objects:  88% (1567/1780)   Receiving objects:  89% (1585/1780)   Receiving objects:  90% (1602/1780)   Receiving objects:  91% (1620/1780)   Receiving objects:  92% (1638/1780)   Receiving objects:  93% (1656/1780)   Receiving objects:  94% (1674/1780)   Receiving objects:  95% (1691/1780)   Receiving objects:  96% (1709/1780)   Receiving objects:  97% (1727/1780)   Receiving objects:  98% (1745/1780)   Receiving objects:  99% (1763/1780)   Receiving objects: 100% (1780/1780)   Receiving objects: 100% (1780/1780), 450.86 KiB | 0 bytes/s, done.
Resolving deltas:   0% (0/566)   Resolving deltas:  12% (71/566)   Resolving deltas:  13% (74/566)   Resolving deltas:  15% (87/566)   Resolving deltas:  20% (116/566)   Resolving deltas:  22% (125/566)   Resolving deltas:  23% (131/566)   Resolving deltas:  24% (136/566)   Resolving deltas:  25% (142/566)   Resolving deltas:  26% (149/566)   Resolving deltas:  27% (154/566)   Resolving deltas:  30% (173/566)   Resolving deltas:  32% (183/566)   Resolving deltas:  33% (187/566)   Resolving deltas:  34% (196/566)   Resolving deltas:  35% (200/566)   Resolving deltas:  36% (204/566)   Resolving deltas:  37% (211/566)   Resolving deltas:  39% (225/566)   Resolving deltas:  40% (228/566)   Resolving deltas:  42% (238/566)   Resolving deltas:  43% (245/566)   Resolving deltas:  44% (250/566)   Resolving deltas:  45% (255/566)   Resolving deltas:  47% (268/566)   Resolving deltas:  48% (274/566)   Resolving deltas:  49% (279/566)   Resolving deltas:  50% (285/566)   Resolving deltas:  51% (289/566)   Resolving deltas:  52% (297/566)   Resolving deltas:  53% (304/566)   Resolving deltas:  55% (312/566)   Resolving deltas:  56% (319/566)   Resolving deltas:  57% (323/566)   Resolving deltas:  58% (332/566)   Resolving deltas:  59% (335/566)   Resolving deltas:  61% (350/566)   Resolving deltas:  62% (352/566)   Resolving deltas:  63% (357/566)   Resolving deltas:  64% (365/566)   Resolving deltas:  65% (368/566)   Resolving deltas:  67% (384/566)   Resolving deltas:  68% (385/566)   Resolving deltas:  69% (394/566)   Resolving deltas:  70% (397/566)   Resolving deltas:  71% (402/566)   Resolving deltas:  72% (408/566)   Resolving deltas:  73% (415/566)   Resolving deltas:  74% (423/566)   Resolving deltas:  75% (427/566)   Resolving deltas:  76% (431/566)   Resolving deltas:  77% (437/566)   Resolving deltas:  78% (442/566)   Resolving deltas:  79% (451/566)   Resolving deltas:  80% (456/566)   Resolving deltas:  81% (462/566)   Resolving deltas:  82% (468/566)   Resolving deltas:  83% (470/566)   Resolving deltas:  84% (476/566)   Resolving deltas:  85% (483/566)   Resolving deltas:  86% (489/566)   Resolving deltas:  91% (517/566)   Resolving deltas:  93% (527/566)   Resolving deltas:  94% (534/566)   Resolving deltas:  95% (543/566)   Resolving deltas:  96% (545/566)   Resolving deltas:  97% (553/566)   Resolving deltas:  98% (555/566)   Resolving deltas: 100% (566/566)   Resolving deltas: 100% (566/566), done.
Checking connectivity... done.

travis_time:end:2ddf8171:start=1471593191599006761,finish=1471593192054256565,duration=455249804[0K$ cd TNG/JGiven
$ git checkout -qf ba413b1c2d758a5f92b0f9dd0aa91dbe62c4801e
travis_fold:end:git.checkout[0K
[33;1mThis job is running on container-based infrastructure, which does not allow use of 'sudo', setuid and setguid executables.[0m
[33;1mIf you require sudo, add 'sudo: required' to your .travis.yml[0m
[33;1mSee https://docs.travis-ci.com/user/workers/container-based-infrastructure/ for details.[0m

[33;1mSetting environment variables from .travis.yml[0m
$ export SONATYPE_PASSWORD=[secure]
$ export SONATYPE_USERNAME=[secure]

$ jdk_switcher use oraclejdk8
Switching to Oracle JDK8 (java-8-oracle), JAVA_HOME will be set to /usr/lib/jvm/java-8-oracle
$ export TERM=dumb
travis_fold:start:cache.1[0KSetting up build cache
$ export CASHER_DIR=$HOME/.casher
travis_time:start:19709dca[0K$ Installing caching utilities

travis_time:end:19709dca:start=1471593193883673635,finish=1471593193926865325,duration=43191690[0Ktravis_time:start:342685c5[0K
travis_time:end:342685c5:start=1471593193931494983,finish=1471593193934661628,duration=3166645[0Ktravis_time:start:25c72228[0K[32;1mattempting to download cache archive[0m
[32;1mfetching master/cache-linux-precise-e3b0c44298fc1c149afbf4c8996fb92427ae41e4649b934ca495991b7852b855--jdk-oraclejdk8.tgz[0m
[32;1mfound cache[0m

travis_time:end:25c72228:start=1471593193938340782,finish=1471593195679704042,duration=1741363260[0Ktravis_time:start:28814e74[0K
travis_time:end:28814e74:start=1471593195683586575,finish=1471593195686922315,duration=3335740[0Ktravis_time:start:04164810[0K[32;1madding /home/travis/.gradle to cache[0m

travis_time:end:04164810:start=1471593195690776536,finish=1471593197270119882,duration=1579343346[0Ktravis_fold:end:cache.1[0K$ java -Xmx32m -version
java version "1.8.0_31"
Java(TM) SE Runtime Environment (build 1.8.0_31-b13)
Java HotSpot(TM) 64-Bit Server VM (build 25.31-b07, mixed mode)
$ javac -J-Xmx32m -version
javac 1.8.0_31
travis_fold:start:before_install[0Ktravis_time:start:02ecd707[0K$ npm install -g bower
-[0G\[0G/home/travis/.nvm/v0.10.36/bin/bower -> /home/travis/.nvm/v0.10.36/lib/node_modules/bower/bin/bower
bower@1.7.9 /home/travis/.nvm/v0.10.36/lib/node_modules/bower
[2K
travis_time:end:02ecd707:start=1471593197736315447,finish=1471593203182568660,duration=5446253213[0Ktravis_fold:end:before_install[0Ktravis_fold:start:install[0Ktravis_time:start:02d12a07[0K$ ./gradlew classes
:jgiven-core:compileJavawarning: [options] bootstrap class path not set in conjunction with -source 1.6
Note: Some input files use or override a deprecated API.
Note: Recompile with -Xlint:deprecation for details.
Note: Some input files use unchecked or unsafe operations.
Note: Recompile with -Xlint:unchecked for details.
1 warning

:jgiven-core:processResources
:jgiven-core:classes
:jgiven-examples:compileJavawarning: [options] bootstrap class path not set in conjunction with -source 1.6
1 warning

:jgiven-examples:processResources UP-TO-DATE
:jgiven-examples:classes
:jgiven-core:jar
:jgiven-html5-report:compileJavawarning: [options] bootstrap class path not set in conjunction with -source 1.6
1 warning

:jgiven-html5-report:processResources UP-TO-DATE
:jgiven-html5-report:classes
:jgiven-html5-report:deleteCssFiles UP-TO-DATE
:jgiven-html5-report:copyAppFiles
:jgiven-html5-report:bowerUpdate
bower jquery#2.1.4          not-cached https://github.com/jquery/jquery-dist.git#2.1.4
bower jquery#2.1.4             resolve https://github.com/jquery/jquery-dist.git#2.1.4
bower angular#1.4.8         not-cached https://github.com/angular/bower-angular.git#1.4.8
bower angular#1.4.8            resolve https://github.com/angular/bower-angular.git#1.4.8
bower angular-sanitize#1.4.8       not-cached https://github.com/angular/bower-angular-sanitize.git#1.4.8
bower angular-sanitize#1.4.8          resolve https://github.com/angular/bower-angular-sanitize.git#1.4.8
bower lodash#2.4.1                 not-cached https://github.com/lodash/lodash.git#2.4.1
bower lodash#2.4.1                    resolve https://github.com/lodash/lodash.git#2.4.1
bower fontawesome#4.2.0            not-cached https://github.com/FortAwesome/Font-Awesome.git#4.2.0
bower fontawesome#4.2.0               resolve https://github.com/FortAwesome/Font-Awesome.git#4.2.0
bower angular-foundation#0.6.0     not-cached https://github.com/pineconellc/angular-foundation-bower.git#0.6.0
bower angular-foundation#0.6.0        resolve https://github.com/pineconellc/angular-foundation-bower.git#0.6.0
bower foundation#5.5.2             not-cached https://github.com/zurb/bower-foundation.git#5.5.2
bower foundation#5.5.2                resolve https://github.com/zurb/bower-foundation.git#5.5.2
bower angular-chart.js#0.7.2       not-cached https://github.com/jtblin/angular-chart.js.git#0.7.2
bower angular-chart.js#0.7.2          resolve https://github.com/jtblin/angular-chart.js.git#0.7.2
bower angular-local-storage#0.1.5  not-cached https://github.com/grevory/angular-local-storage.git#0.1.5
bower angular-local-storage#0.1.5     resolve https://github.com/grevory/angular-local-storage.git#0.1.5
bower angular-mocks#1.4.8          not-cached https://github.com/angular/bower-angular-mocks.git#1.4.8
bower angular-mocks#1.4.8             resolve https://github.com/angular/bower-angular-mocks.git#1.4.8
bower pako#0.2.8                   not-cached https://github.com/nodeca/pako.git#0.2.8
bower pako#0.2.8                      resolve https://github.com/nodeca/pako.git#0.2.8
bower angular-bindonce#0.3.3       not-cached https://github.com/Pasvaz/bindonce.git#0.3.3
bower angular-bindonce#0.3.3          resolve https://github.com/Pasvaz/bindonce.git#0.3.3
bower fontawesome#4.2.0              checkout v4.2.0
bower angular#1.4.8                  checkout v1.4.8
bower foundation#5.5.2               checkout 5.5.2
bower angular-foundation#0.6.0       checkout v0.6.0
bower lodash#2.4.1                   checkout 2.4.1
bower angular-sanitize#1.4.8         checkout v1.4.8
bower jquery#2.1.4                   checkout 2.1.4
bower pako#0.2.8                     checkout 0.2.8
bower angular-mocks#1.4.8            checkout v1.4.8
bower angular-local-storage#0.1.5    checkout 0.1.5
bower angular-chart.js#0.7.2         checkout 0.7.2
bower angular-bindonce#0.3.3         checkout 0.3.3
bower fontawesome#4.2.0          invalid-meta The "main" field cannot contain globs (example: "*.js")
bower angular#1.4.8                  resolved https://github.com/angular/bower-angular.git#1.4.8
bower fontawesome#4.2.0              resolved https://github.com/FortAwesome/Font-Awesome.git#4.2.0
bower angular-foundation#0.6.0       resolved https://github.com/pineconellc/angular-foundation-bower.git#0.6.0
bower foundation#5.5.2               resolved https://github.com/zurb/bower-foundation.git#5.5.2
bower angular-sanitize#1.4.8         resolved https://github.com/angular/bower-angular-sanitize.git#1.4.8
bower modernizr#>= 2.7.2           not-cached https://github.com/Modernizr/Modernizr.git#>= 2.7.2
bower modernizr#>= 2.7.2              resolve https://github.com/Modernizr/Modernizr.git#>= 2.7.2
bower fastclick#>=0.6.11           not-cached https://github.com/ftlabs/fastclick.git#>=0.6.11
bower fastclick#>=0.6.11              resolve https://github.com/ftlabs/fastclick.git#>=0.6.11
bower jquery.cookie#~1.4.0         not-cached https://github.com/carhartl/jquery-cookie.git#~1.4.0
bower jquery.cookie#~1.4.0            resolve https://github.com/carhartl/jquery-cookie.git#~1.4.0
bower jquery-placeholder#~2.0.7    not-cached https://github.com/mathiasbynens/jquery-placeholder.git#~2.0.7
bower jquery-placeholder#~2.0.7       resolve https://github.com/mathiasbynens/jquery-placeholder.git#~2.0.7
bower lodash#2.4.1                   resolved https://github.com/lodash/lodash.git#2.4.1
bower jquery#2.1.4                   resolved https://github.com/jquery/jquery-dist.git#2.1.4
bower modernizr#>= 2.7.2             checkout v3.3.1
bower fastclick#>=0.6.11             checkout v1.0.6
bower angular-mocks#1.4.8            resolved https://github.com/angular/bower-angular-mocks.git#1.4.8
bower angular-bindonce#0.3.3         resolved https://github.com/Pasvaz/bindonce.git#0.3.3
bower jquery-placeholder#~2.0.7      checkout v2.0.9
bower jquery.cookie#~1.4.0           checkout v1.4.1
bower pako#0.2.8                     resolved https://github.com/nodeca/pako.git#0.2.8
bower angular-local-storage#0.1.5    resolved https://github.com/grevory/angular-local-storage.git#0.1.5
bower angular-chart.js#0.7.2         resolved https://github.com/jtblin/angular-chart.js.git#0.7.2
bower Chart.js#~1.0.1              not-cached https://github.com/nnnick/Chart.js.git#~1.0.1
bower Chart.js#~1.0.1                 resolve https://github.com/nnnick/Chart.js.git#~1.0.1
bower Chart.js#~1.0.1                checkout v1.0.2
bower modernizr#>= 2.7.2             resolved https://github.com/Modernizr/Modernizr.git#3.3.1
bower fastclick#>=0.6.11             resolved https://github.com/ftlabs/fastclick.git#1.0.6
bower jquery-placeholder#~2.0.7      mismatch Version declared in the json (2.0.8) is different than the resolved one (2.0.9)
bower jquery-placeholder#~2.0.7      resolved https://github.com/mathiasbynens/jquery-placeholder.git#2.0.9
bower jquery.cookie#~1.4.0           resolved https://github.com/carhartl/jquery-cookie.git#1.4.1
bower Chart.js#~1.0.1            invalid-meta The "name" is recommended to be lowercase, can contain digits, dots, dashes
bower Chart.js#~1.0.1                resolved https://github.com/nnnick/Chart.js.git#1.0.2
bower angular#1.4.8                   install angular#1.4.8
bower fontawesome#4.2.0               install fontawesome#4.2.0
bower angular-foundation#0.6.0        install angular-foundation#0.6.0
bower foundation#5.5.2                install foundation#5.5.2
bower angular-sanitize#1.4.8          install angular-sanitize#1.4.8
bower lodash#2.4.1                    install lodash#2.4.1
bower jquery#2.1.4                    install jquery#2.1.4
bower angular-mocks#1.4.8             install angular-mocks#1.4.8
bower angular-bindonce#0.3.3          install angular-bindonce#0.3.3
bower pako#0.2.8                      install pako#0.2.8
bower angular-local-storage#0.1.5     install angular-local-storage#0.1.5
bower angular-chart.js#0.7.2          install angular-chart.js#0.7.2
bower modernizr#>= 2.7.2              install modernizr#3.3.1
bower fastclick#>=0.6.11              install fastclick#1.0.6
bower jquery-placeholder#~2.0.7       install jquery-placeholder#2.0.9
bower jquery.cookie#~1.4.0            install jquery.cookie#1.4.1
bower Chart.js#~1.0.1                 install Chart.js#1.0.2

angular#1.4.8 build/bower_components/angular

fontawesome#4.2.0 build/bower_components/fontawesome

angular-foundation#0.6.0 build/bower_components/angular-foundation
â””â”€â”€ angular#1.4.8

foundation#5.5.2 build/bower_components/foundation
â”œâ”€â”€ fastclick#1.0.6
â”œâ”€â”€ jquery#2.1.4
â”œâ”€â”€ jquery-placeholder#2.0.9
â”œâ”€â”€ jquery.cookie#1.4.1
â””â”€â”€ modernizr#3.3.1

angular-sanitize#1.4.8 build/bower_components/angular-sanitize
â””â”€â”€ angular#1.4.8

lodash#2.4.1 build/bower_components/lodash

jquery#2.1.4 build/bower_components/jquery

angular-mocks#1.4.8 build/bower_components/angular-mocks
â””â”€â”€ angular#1.4.8

angular-bindonce#0.3.3 build/bower_components/angular-bindonce

pako#0.2.8 build/bower_components/pako

angular-local-storage#0.1.5 build/bower_components/angular-local-storage

angular-chart.js#0.7.2 build/bower_components/angular-chart.js
â”œâ”€â”€ Chart.js#1.0.2
â””â”€â”€ angular#1.4.8

modernizr#3.3.1 build/bower_components/modernizr

fastclick#1.0.6 build/bower_components/fastclick

jquery-placeholder#2.0.9 build/bower_components/jquery-placeholder
â””â”€â”€ jquery#2.1.4

jquery.cookie#1.4.1 build/bower_components/jquery.cookie
â””â”€â”€ jquery#2.1.4

Chart.js#1.0.2 build/bower_components/Chart.js
:jgiven-html5-report:copyCssFiles
:jgiven-html5-report:copyFontFiles
:jgiven-html5-report:copyImageFiles UP-TO-DATE
:jgiven-html5-report:copyJsFiles
:jgiven-html5-report:zipAppDir
:jgiven-html5-report:jar
:jgiven-junit:compileJavawarning: [options] bootstrap class path not set in conjunction with -source 1.6
Note: Some input files use or override a deprecated API.
Note: Recompile with -Xlint:deprecation for details.
1 warning

:jgiven-junit:processResources UP-TO-DATE
:jgiven-junit:classes
:jgiven-junit:jar
:jgiven-java8-tests:compileJava UP-TO-DATE
:jgiven-java8-tests:processResources UP-TO-DATE
:jgiven-java8-tests:classes UP-TO-DATE
:jgiven-maven-plugin:compileJavawarning: [options] bootstrap class path not set in conjunction with -source 1.6
1 warning

:jgiven-maven-plugin:processResources UP-TO-DATE
:jgiven-maven-plugin:classes
:jgiven-spring:compileJavawarning: [options] bootstrap class path not set in conjunction with -source 1.6
1 warning

:jgiven-spring:processResources
:jgiven-spring:classes
:jgiven-testng:compileJavawarning: [options] bootstrap class path not set in conjunction with -source 1.6
1 warning

:jgiven-testng:processResources UP-TO-DATE
:jgiven-testng:classes
:jgiven-testng:jar
:jgiven-tests:compileJavawarning: [options] bootstrap class path not set in conjunction with -source 1.7
Note: /home/travis/build/TNG/JGiven/jgiven-tests/src/main/java/com/tngtech/jgiven/tests/TestScenarios.java uses or overrides a deprecated API.
Note: Recompile with -Xlint:deprecation for details.
1 warning

:jgiven-tests:processResources UP-TO-DATE
:jgiven-tests:classes

BUILD SUCCESSFUL

Total time: 44.035 secs

travis_time:end:02d12a07:start=1471593203186649867,finish=1471593247648205981,duration=44461556114[0Ktravis_fold:end:install[0Ktravis_time:start:2a84fc94[0K$ ./gradlew test -DjunitVersion=4.9
:jgiven-core:compileJava UP-TO-DATE
:jgiven-core:processResources UP-TO-DATE
:jgiven-core:classes UP-TO-DATE
:jgiven-core:compileTestJavawarning: [options] bootstrap class path not set in conjunction with -source 1.6
Note: /home/travis/build/TNG/JGiven/jgiven-core/src/test/java/com/tngtech/jgiven/impl/StandaloneScenarioExecutorTest.java uses or overrides a deprecated API.
Note: Recompile with -Xlint:deprecation for details.
Note: Some input files use unchecked or unsafe operations.
Note: Recompile with -Xlint:unchecked for details.

:jgiven-core:processTestResources
:jgiven-core:testClasses
:jgiven-core:test

com.tngtech.jgiven.ScenarioRuleTest > whenExceptionThrownInStepThenAfterMethodsAreExecuted STANDARD_ERROR
    [Test worker] WARN com.tngtech.jgiven.impl.intercept.StepMethodInterceptor - The step method an_exception_is_thrown of class WhenTestStep does not follow the fluent interface convention of returning the receiver object. Please change the return type to the SELF type parameter.

com.tngtech.jgiven.impl.ScenarioModelBuilderTest > error_message_is_correctly_stored STANDARD_ERROR
    [Test worker] WARN com.tngtech.jgiven.impl.intercept.StepMethodInterceptor - The step method a_failing_test of class FailingTestStage does not follow the fluent interface convention of returning the receiver object. Please change the return type to the SELF type parameter.

com.tngtech.jgiven.impl.StandaloneScenarioExecutorTest > DoNotIntercept_methods_are_executed_even_if_previous_steps_fail STANDARD_ERROR
    [Test worker] WARN com.tngtech.jgiven.impl.intercept.StepMethodInterceptor - The step method a_failing_step of class DoNotInterceptClass does not follow the fluent interface convention of returning the receiver object. Please change the return type to the SELF type parameter.

com.tngtech.jgiven.impl.StandaloneScenarioExecutorTest > methods_annotated_with_Pending_must_follow_fluent_interface_convention_or_return_null STANDARD_ERROR
    [Test worker] WARN com.tngtech.jgiven.impl.intercept.StepMethodInterceptor - The step method something_pending_with_wrong_signature of class PendingTestStep does not follow the fluent interface convention of returning the receiver object. Please change the return type to the SELF type parameter.

com.tngtech.jgiven.impl.StandaloneScenarioExecutorTest > methods_annotated_with_NotImplemented_must_follow_fluent_interface_convention_or_return_null STANDARD_ERROR
    [Test worker] WARN com.tngtech.jgiven.impl.intercept.StepMethodInterceptor - The step method something_not_implemented_yet_with_wrong_signature of class NotImplementedYetTestStep does not follow the fluent interface convention of returning the receiver object. Please change the return type to the SELF type parameter.

com.tngtech.jgiven.impl.util.ReflectionUtilTest > makeAccessible_does_not_throw_execptions STANDARD_ERROR
    [Test worker] WARN com.tngtech.jgiven.impl.util.ReflectionUtil - Could not make null accessible, trying to access it nevertheless and hoping for the best.

com.tngtech.jgiven.report.ReportGeneratorArgumentTest > testArgumentParsing STANDARD_ERROR
    DEPRECATION WARNING: --dir is deprecated, please use --sourceDir instead
    DEPRECATION WARNING: --todir is deprecated, please use--targetDir instead
:jgiven-core:jar
:jgiven-examples:compileJava UP-TO-DATE
:jgiven-examples:processResources UP-TO-DATE
:jgiven-examples:classes UP-TO-DATE
:jgiven-html5-report:compileJavawarning: [options] bootstrap class path not set in conjunction with -source 1.6
1 warning

:jgiven-html5-report:processResources UP-TO-DATE
:jgiven-html5-report:classes
:jgiven-html5-report:deleteCssFiles
:jgiven-html5-report:copyAppFiles
:jgiven-html5-report:bowerUpdate UP-TO-DATE
:jgiven-html5-report:copyCssFiles
:jgiven-html5-report:copyFontFiles UP-TO-DATE
:jgiven-html5-report:copyImageFiles UP-TO-DATE
:jgiven-html5-report:copyJsFiles UP-TO-DATE
:jgiven-html5-report:zipAppDir UP-TO-DATE
:jgiven-html5-report:jar
:jgiven-junit:compileJavawarning: [options] bootstrap class path not set in conjunction with -source 1.6
Note: Some input files use or override a deprecated API.
Note: Recompile with -Xlint:deprecation for details.
1 warning

:jgiven-junit:processResources UP-TO-DATE
:jgiven-junit:classes
:jgiven-junit:jar
:jgiven-spring:compileJavawarning: [options] bootstrap class path not set in conjunction with -source 1.6
1 warning

:jgiven-spring:processResources UP-TO-DATE
:jgiven-spring:classes
:jgiven-spring:jar
:jgiven-testng:compileJavawarning: [options] bootstrap class path not set in conjunction with -source 1.6
1 warning

:jgiven-testng:processResources UP-TO-DATE
:jgiven-testng:classes
:jgiven-testng:jar
:jgiven-tests:compileJavawarning: [options] bootstrap class path not set in conjunction with -source 1.7
Note: /home/travis/build/TNG/JGiven/jgiven-tests/src/main/java/com/tngtech/jgiven/tests/TestScenarios.java uses or overrides a deprecated API.
Note: Recompile with -Xlint:deprecation for details.
1 warning

:jgiven-tests:processResources UP-TO-DATE
:jgiven-tests:classes
:jgiven-tests:jar
:jgiven-examples:compileTestJavawarning: [options] bootstrap class path not set in conjunction with -source 1.6
Note: /home/travis/build/TNG/JGiven/jgiven-examples/src/test/java/com/tngtech/jgiven/examples/pancakes/test/SpringPanCakeScenarioTest.java uses or overrides a deprecated API.
Note: Recompile with -Xlint:deprecation for details.
Note: /home/travis/build/TNG/JGiven/jgiven-examples/src/test/java/com/tngtech/jgiven/examples/datatable/DataTableExamples.java uses unchecked or unsafe operations.
Note: Recompile with -Xlint:unchecked for details.

:jgiven-examples:processTestResources UP-TO-DATE
:jgiven-examples:testClasses
:jgiven-examples:test

com.tngtech.jgiven.examples.coffeemachine.ServeCoffeeTest > a_scenario_with_a_failing_test_case_for_demonstration_purposes[1: false] FAILED
    org.junit.ComparisonFailure at ServeCoffeeTest.java:169

com.tngtech.jgiven.examples.coffeemachine.ServeCoffeeTest > shouldFailWithUnexpectedRuntimeException FAILED
    org.junit.runners.model.TestTimedOutException at ServeCoffeeTest.java:186

com.tngtech.jgiven.examples.coffeemachine.ServeCoffeeTest > a_failing_scenario_for_demonstration_purposes STANDARD_ERROR
    [Test worker] WARN com.tngtech.jgiven.impl.intercept.StepMethodInterceptor - The step method steps_following_a_failed_step_should_be_skipped of class ThenCoffee does not follow the fluent interface convention of returning the receiver object. Please change the return type to the SELF type parameter.

com.tngtech.jgiven.examples.coffeemachine.ServeCoffeeTest > a_failing_scenario_for_demonstration_purposes FAILED
    org.junit.ComparisonFailure at ServeCoffeeTest.java:150

com.tngtech.jgiven.examples.nested.NestedStepsTest > a_scenario_with_a_failing_nested_step_on_purpose FAILED
    org.junit.ComparisonFailure at NestedStepsTest.java:31

com.tngtech.jgiven.examples.parameters.ParametrizedScenariosTest > a_scenario_with_many_cases[5: some grouping value 0, value 5] STANDARD_ERROR
    [Test worker] WARN com.tngtech.jgiven.impl.intercept.StepMethodInterceptor - The step method another_value of class TestSteps does not follow the fluent interface convention of returning the receiver object. Please change the return type to the SELF type parameter.

com.tngtech.jgiven.examples.parameters.ParametrizedScenariosTest > a_scenario_with_many_cases[5: some grouping value 0, value 5] FAILED
    java.lang.AssertionError at ParametrizedScenariosTest.java:83

com.tngtech.jgiven.examples.parameters.ParametrizedScenariosTest > a_scenario_with_many_cases[15: some grouping value 1, value 5] STANDARD_ERROR
    [Test worker] WARN com.tngtech.jgiven.impl.intercept.StepMethodInterceptor - The step method another_value of class TestSteps does not follow the fluent interface convention of returning the receiver object. Please change the return type to the SELF type parameter.

com.tngtech.jgiven.examples.parameters.ParametrizedScenariosTest > a_scenario_with_many_cases[15: some grouping value 1, value 5] FAILED
    java.lang.AssertionError at ParametrizedScenariosTest.java:83

com.tngtech.jgiven.examples.parameters.ParametrizedScenariosTest > a_scenario_with_many_cases[25: some grouping value 2, value 5] STANDARD_ERROR
    [Test worker] WARN com.tngtech.jgiven.impl.intercept.StepMethodInterceptor - The step method another_value of class TestSteps does not follow the fluent interface convention of returning the receiver object. Please change the return type to the SELF type parameter.

com.tngtech.jgiven.examples.parameters.ParametrizedScenariosTest > a_scenario_with_many_cases[25: some grouping value 2, value 5] FAILED
    java.lang.AssertionError at ParametrizedScenariosTest.java:83

com.tngtech.jgiven.examples.parameters.ParametrizedScenariosTest > a_scenario_with_many_cases[35: some grouping value 3, value 5] STANDARD_ERROR
    [Test worker] WARN com.tngtech.jgiven.impl.intercept.StepMethodInterceptor - The step method another_value of class TestSteps does not follow the fluent interface convention of returning the receiver object. Please change the return type to the SELF type parameter.

com.tngtech.jgiven.examples.parameters.ParametrizedScenariosTest > a_scenario_with_many_cases[35: some grouping value 3, value 5] FAILED
    java.lang.AssertionError at ParametrizedScenariosTest.java:83

com.tngtech.jgiven.examples.parameters.ParametrizedScenariosTest > a_scenario_with_many_cases[45: some grouping value 4, value 5] STANDARD_ERROR
    [Test worker] WARN com.tngtech.jgiven.impl.intercept.StepMethodInterceptor - The step method another_value of class TestSteps does not follow the fluent interface convention of returning the receiver object. Please change the return type to the SELF type parameter.

com.tngtech.jgiven.examples.parameters.ParametrizedScenariosTest > a_scenario_with_many_cases[45: some grouping value 4, value 5] FAILED
    java.lang.AssertionError at ParametrizedScenariosTest.java:83

com.tngtech.jgiven.examples.parameters.ParametrizedScenariosTest > a_scenario_with_many_cases[55: some grouping value 5, value 5] STANDARD_ERROR
    [Test worker] WARN com.tngtech.jgiven.impl.intercept.StepMethodInterceptor - The step method another_value of class TestSteps does not follow the fluent interface convention of returning the receiver object. Please change the return type to the SELF type parameter.

com.tngtech.jgiven.examples.parameters.ParametrizedScenariosTest > a_scenario_with_many_cases[55: some grouping value 5, value 5] FAILED
    java.lang.AssertionError at ParametrizedScenariosTest.java:83

com.tngtech.jgiven.examples.parameters.ParametrizedScenariosTest > a_scenario_with_many_cases[65: some grouping value 6, value 5] STANDARD_ERROR
    [Test worker] WARN com.tngtech.jgiven.impl.intercept.StepMethodInterceptor - The step method another_value of class TestSteps does not follow the fluent interface convention of returning the receiver object. Please change the return type to the SELF type parameter.

com.tngtech.jgiven.examples.parameters.ParametrizedScenariosTest > a_scenario_with_many_cases[65: some grouping value 6, value 5] FAILED
    java.lang.AssertionError at ParametrizedScenariosTest.java:83

com.tngtech.jgiven.examples.parameters.ParametrizedScenariosTest > a_scenario_with_many_cases[75: some grouping value 7, value 5] STANDARD_ERROR
    [Test worker] WARN com.tngtech.jgiven.impl.intercept.StepMethodInterceptor - The step method another_value of class TestSteps does not follow the fluent interface convention of returning the receiver object. Please change the return type to the SELF type parameter.

com.tngtech.jgiven.examples.parameters.ParametrizedScenariosTest > a_scenario_with_many_cases[75: some grouping value 7, value 5] FAILED
    java.lang.AssertionError at ParametrizedScenariosTest.java:83

com.tngtech.jgiven.examples.parameters.ParametrizedScenariosTest > a_scenario_with_many_cases[85: some grouping value 8, value 5] STANDARD_ERROR
    [Test worker] WARN com.tngtech.jgiven.impl.intercept.StepMethodInterceptor - The step method another_value of class TestSteps does not follow the fluent interface convention of returning the receiver object. Please change the return type to the SELF type parameter.

com.tngtech.jgiven.examples.parameters.ParametrizedScenariosTest > a_scenario_with_many_cases[85: some grouping value 8, value 5] FAILED
    java.lang.AssertionError at ParametrizedScenariosTest.java:83

com.tngtech.jgiven.examples.parameters.ParametrizedScenariosTest > a_scenario_with_many_cases[95: some grouping value 9, value 5] STANDARD_ERROR
    [Test worker] WARN com.tngtech.jgiven.impl.intercept.StepMethodInterceptor - The step method another_value of class TestSteps does not follow the fluent interface convention of returning the receiver object. Please change the return type to the SELF type parameter.

com.tngtech.jgiven.examples.parameters.ParametrizedScenariosTest > a_scenario_with_many_cases[95: some grouping value 9, value 5] FAILED
    java.lang.AssertionError at ParametrizedScenariosTest.java:83

179 tests completed, 14 failed, 4 skipped
There were failing tests. See the report at: file:///home/travis/build/TNG/JGiven/jgiven-examples/build/reports/tests/index.html
:jgiven-examples:jgivenHtml5Report[main] INFO com.tngtech.jgiven.report.json.ReportModelReader - Removing empty scenarios...
[main] INFO com.tngtech.jgiven.report.json.ReportModelReader - Removing empty scenarios...
[main] INFO com.tngtech.jgiven.report.json.ReportModelReader - Removing empty scenarios...
[main] INFO com.tngtech.jgiven.report.json.ReportModelReader - Removing empty scenarios...
[main] INFO com.tngtech.jgiven.report.json.ReportModelReader - Removing empty scenarios...
[main] INFO com.tngtech.jgiven.report.json.ReportModelReader - Removing empty scenarios...
[main] INFO com.tngtech.jgiven.report.json.ReportModelReader - Removing empty scenarios...
[main] INFO com.tngtech.jgiven.report.json.ReportModelReader - Removing empty scenarios...
[main] INFO com.tngtech.jgiven.report.json.ReportModelReader - Removing empty scenarios...
[main] INFO com.tngtech.jgiven.report.json.ReportModelReader - Removing empty scenarios...
[main] INFO com.tngtech.jgiven.report.json.ReportModelReader - Removing empty scenarios...
[main] INFO com.tngtech.jgiven.report.json.ReportModelReader - Removing empty scenarios...
[main] INFO com.tngtech.jgiven.report.json.ReportModelReader - Removing empty scenarios...
[main] INFO com.tngtech.jgiven.report.json.ReportModelReader - Removing empty scenarios...
[main] INFO com.tngtech.jgiven.report.json.ReportModelReader - Removing empty scenarios...
[main] INFO com.tngtech.jgiven.report.json.ReportModelReader - Removing empty scenarios...
[main] INFO com.tngtech.jgiven.report.json.ReportModelReader - Removing empty scenarios...
[main] INFO com.tngtech.jgiven.report.json.ReportModelReader - Removing empty scenarios...
[main] INFO com.tngtech.jgiven.report.json.ReportModelReader - Removing empty scenarios...
[main] INFO com.tngtech.jgiven.report.json.ReportModelReader - Removing empty scenarios...
[main] INFO com.tngtech.jgiven.report.html5.Html5ReportGenerator - Generating HTML5 report to /home/travis/build/TNG/JGiven/jgiven-examples/build/reports/jgiven/html5/index.html
[main] INFO com.tngtech.jgiven.report.html5.Html5AttachmentGenerator - Attachment written to build/reports/jgiven/html5/data/attachments/com/tngtech/jgiven/examples/attachments/AttachmentsExample/attachment.txt
[main] INFO com.tngtech.jgiven.report.html5.Html5AttachmentGenerator - Attachment written to build/reports/jgiven/html5/data/attachments/com/tngtech/jgiven/examples/attachments/AttachmentsExample/oval-circle.png
[main] INFO com.tngtech.jgiven.report.html5.Html5AttachmentGenerator - Attachment written to build/reports/jgiven/html5/data/attachments/com/tngtech/jgiven/examples/attachments/AttachmentsExample/attachment2.txt
[main] INFO com.tngtech.jgiven.report.html5.Html5AttachmentGenerator - Attachment written to build/reports/jgiven/html5/data/attachments/com/tngtech/jgiven/examples/attachments/AttachmentsExample/attachment3.txt
[main] INFO com.tngtech.jgiven.report.html5.Html5AttachmentGenerator - Attachment written to build/reports/jgiven/html5/data/attachments/com/tngtech/jgiven/examples/attachments/AttachmentsExample/attachment4.txt
[main] INFO com.tngtech.jgiven.report.html5.Html5AttachmentGenerator - Attachment written to build/reports/jgiven/html5/data/attachments/com/tngtech/jgiven/examples/attachments/AttachmentsExample/oval-circle2.png
[main] INFO com.tngtech.jgiven.report.html5.Html5AttachmentGenerator - Attachment written to build/reports/jgiven/html5/data/attachments/com/tngtech/jgiven/examples/attachments/AttachmentsExample/oval-circle3.png
[main] INFO com.tngtech.jgiven.report.html5.Html5AttachmentGenerator - Attachment written to build/reports/jgiven/html5/data/attachments/com/tngtech/jgiven/examples/attachments/AttachmentsExample/large-oval-circle.png
[main] INFO com.tngtech.jgiven.report.html5.Html5AttachmentGenerator - Attachment written to build/reports/jgiven/html5/data/attachments/com/tngtech/jgiven/examples/attachments/AttachmentsExample/attachment5.txt
[main] INFO com.tngtech.jgiven.report.html5.Html5AttachmentGenerator - Attachment written to build/reports/jgiven/html5/data/attachments/com/tngtech/jgiven/examples/attachments/AttachmentsExample/attachment6.txt
[main] INFO com.tngtech.jgiven.report.html5.Html5ReportGenerator - Written 168 scenarios to data0.js
[main] INFO com.tngtech.jgiven.report.html5.Html5ReportGenerator - Written 10 scenarios to data1.js
[main] INFO com.tngtech.jgiven.report.html5.Html5ReportGenerator - Cannot read build/resources/test/jgiven/custom.css, skipping

:jgiven-html5-report:compileTestJavawarning: [options] bootstrap class path not set in conjunction with -source 1.6

:jgiven-html5-report:processTestResources UP-TO-DATE
:jgiven-html5-report:testClasses
:jgiven-html5-report:test
:jgiven-html5-report:npmInstallnpm WARN package.json jgiven-html5-report@0.7.4 No repository field.
npm WARN deprecated tough-cookie@2.2.2: ReDoS vulnerability parsing Set-Cookie https://nodesecurity.io/advisories/130
npm WARN optional dep failed, continuing fsevents@1.0.14
npm WARN engine cryptiles@2.0.5: wanted: {"node":">=0.10.40"} (current: {"node":"0.10.36","npm":"1.4.28"})
npm WARN engine boom@2.10.1: wanted: {"node":">=0.10.40"} (current: {"node":"0.10.36","npm":"1.4.28"})
npm WARN engine hoek@2.16.3: wanted: {"node":">=0.10.40"} (current: {"node":"0.10.36","npm":"1.4.28"})
npm WARN deprecated tough-cookie@0.12.1: ReDoS vulnerability parsing Set-Cookie https://nodesecurity.io/advisories/130


> phantomjs@1.9.20 install /home/travis/build/TNG/JGiven/jgiven-html5-report/node_modules/phantomjs
> node install.js

Considering PhantomJS found at /usr/local/phantomjs/bin/phantomjs
Found PhantomJS at /usr/local/phantomjs/bin/phantomjs ...verifying
Writing location.js file
PhantomJS is already installed on PATH at /usr/local/phantomjs/bin/phantomjs
npm WARN deprecated graceful-fs@2.0.3: graceful-fs v3.0.0 and before will fail on node releases >= v7.0. Please update to graceful-fs@^4.0.0 as soon as possible. Use 'npm ls graceful-fs' to find it in the tree.
npm WARN deprecated npmconf@2.1.2: this package has been reintegrated into npm and is now out of date with respect to npm
npm WARN engine punycode@2.0.0: wanted: {"node":">=6"} (current: {"node":"0.10.36","npm":"1.4.28"})
npm WARN deprecated minimatch@1.0.0: Please update to minimatch 3.0.2 or higher to avoid a RegExp DoS issue
karma-jasmine@0.3.8 node_modules/karma-jasmine

jasmine-core@2.3.4 node_modules/jasmine-core

karma-chrome-launcher@0.2.3 node_modules/karma-chrome-launcher
â”œâ”€â”€ fs-access@1.0.0 (null-check@1.0.0)
â””â”€â”€ which@1.2.10 (isexe@1.1.2)

phantomjs@1.9.20 node_modules/phantomjs
â”œâ”€â”€ progress@1.1.8
â”œâ”€â”€ kew@0.7.0
â”œâ”€â”€ request-progress@2.0.1 (throttleit@1.0.0)
â”œâ”€â”€ hasha@2.2.0 (is-stream@1.1.0, pinkie-promise@2.0.1)
â”œâ”€â”€ which@1.2.10 (isexe@1.1.2)
â”œâ”€â”€ extract-zip@1.5.0 (debug@0.7.4, mkdirp@0.5.0, yauzl@2.4.1, concat-stream@1.5.0)
â”œâ”€â”€ fs-extra@0.26.7 (path-is-absolute@1.0.0, klaw@1.3.0, jsonfile@2.3.1, graceful-fs@4.1.5, rimraf@2.5.4)
â””â”€â”€ request@2.67.0 (is-typedarray@1.0.0, oauth-sign@0.8.2, aws-sign2@0.6.0, forever-agent@0.6.1, tunnel-agent@0.4.3, caseless@0.11.0, stringstream@0.0.5, isstream@0.1.2, json-stringify-safe@5.0.1, extend@3.0.0, node-uuid@1.4.7, combined-stream@1.0.5, qs@5.2.1, tough-cookie@2.2.2, mime-types@2.1.11, form-data@1.0.0-rc4, bl@1.0.3, har-validator@2.0.6, http-signature@1.1.1, hawk@3.1.3)

karma-phantomjs-launcher@0.2.3 node_modules/karma-phantomjs-launcher
â””â”€â”€ lodash@3.10.1

karma@0.13.22 node_modules/karma
â”œâ”€â”€ isbinaryfile@3.0.1
â”œâ”€â”€ batch@0.5.3
â”œâ”€â”€ rimraf@2.5.4
â”œâ”€â”€ di@0.0.1
â”œâ”€â”€ graceful-fs@4.1.5
â”œâ”€â”€ mime@1.3.4
â”œâ”€â”€ colors@1.1.2
â”œâ”€â”€ http-proxy@1.14.0 (eventemitter3@1.2.0, requires-port@1.0.0)
â”œâ”€â”€ minimatch@3.0.3 (brace-expansion@1.1.6)
â”œâ”€â”€ glob@7.0.5 (path-is-absolute@1.0.0, inherits@2.0.1, fs.realpath@1.0.0, once@1.3.3, inflight@1.0.5)
â”œâ”€â”€ dom-serialize@2.2.1 (custom-event@1.0.0, void-elements@2.0.1, extend@3.0.0, ent@2.2.0)
â”œâ”€â”€ optimist@0.6.1 (wordwrap@0.0.3, minimist@0.0.10)
â”œâ”€â”€ connect@3.4.1 (utils-merge@1.0.0, parseurl@1.3.1, finalhandler@0.4.1, debug@2.2.0)
â”œâ”€â”€ useragent@2.1.9 (lru-cache@2.2.4)
â”œâ”€â”€ expand-braces@0.1.2 (array-unique@0.2.1, array-slice@0.2.3, braces@0.1.5)
â”œâ”€â”€ body-parser@1.15.2 (bytes@2.4.0, content-type@1.0.2, depd@1.1.0, on-finished@2.3.0, raw-body@2.1.7, qs@6.2.0, http-errors@1.5.0, debug@2.2.0, type-is@1.6.13, iconv-lite@0.4.13)
â”œâ”€â”€ bluebird@2.10.2
â”œâ”€â”€ chokidar@1.6.0 (path-is-absolute@1.0.0, glob-parent@2.0.0, async-each@1.0.0, inherits@2.0.1, is-binary-path@1.0.1, is-glob@2.0.1, readdirp@2.1.0, anymatch@1.3.0)
â”œâ”€â”€ source-map@0.5.6
â”œâ”€â”€ log4js@0.6.38 (readable-stream@1.0.34, semver@4.3.6)
â”œâ”€â”€ socket.io@1.4.8 (has-binary@0.1.7, debug@2.2.0, socket.io-parser@2.2.6, engine.io@1.6.11, socket.io-adapter@0.4.0, socket.io-client@1.4.8)
â”œâ”€â”€ lodash@3.10.1
â””â”€â”€ core-js@2.4.1

bower@1.3.12 node_modules/bower
â”œâ”€â”€ is-root@1.0.0
â”œâ”€â”€ abbrev@1.0.9
â”œâ”€â”€ junk@1.0.3
â”œâ”€â”€ stringify-object@1.0.1
â”œâ”€â”€ which@1.0.9
â”œâ”€â”€ chmodr@0.1.0
â”œâ”€â”€ osenv@0.1.0
â”œâ”€â”€ archy@0.0.2
â”œâ”€â”€ opn@1.0.2
â”œâ”€â”€ rimraf@2.2.8
â”œâ”€â”€ bower-logger@0.2.2
â”œâ”€â”€ bower-endpoint-parser@0.2.2
â”œâ”€â”€ lockfile@1.0.1
â”œâ”€â”€ lru-cache@2.5.2
â”œâ”€â”€ nopt@3.0.6
â”œâ”€â”€ retry@0.6.0
â”œâ”€â”€ tmp@0.0.23
â”œâ”€â”€ q@1.0.1
â”œâ”€â”€ request-progress@0.3.0 (throttleit@0.0.2)
â”œâ”€â”€ chalk@0.5.0 (ansi-styles@1.1.0, escape-string-regexp@1.0.5, supports-color@0.2.0, strip-ansi@0.3.0, has-ansi@0.1.0)
â”œâ”€â”€ shell-quote@1.4.3 (array-filter@0.0.1, array-map@0.0.0, array-reduce@0.0.0, jsonify@0.0.0)
â”œâ”€â”€ semver@2.3.2
â”œâ”€â”€ bower-json@0.4.0 (intersect@0.0.3, deep-extend@0.2.11, graceful-fs@2.0.3)
â”œâ”€â”€ fstream-ignore@1.0.5 (inherits@2.0.1, minimatch@3.0.3)
â”œâ”€â”€ mkdirp@0.5.0 (minimist@0.0.8)
â”œâ”€â”€ promptly@0.2.0 (read@1.0.7)
â”œâ”€â”€ p-throttler@0.1.0 (q@0.9.7)
â”œâ”€â”€ fstream@1.0.10 (inherits@2.0.1, graceful-fs@4.1.5)
â”œâ”€â”€ bower-config@0.5.2 (osenv@0.0.3, graceful-fs@2.0.3, optimist@0.6.1)
â”œâ”€â”€ decompress-zip@0.0.8 (nopt@2.2.1, mkpath@0.1.0, touch@0.0.2, readable-stream@1.1.14, binary@0.3.0)
â”œâ”€â”€ tar-fs@0.5.2 (pump@0.3.5, tar-stream@0.4.7)
â”œâ”€â”€ request@2.42.0 (caseless@0.6.0, aws-sign2@0.5.0, forever-agent@0.5.2, tunnel-agent@0.4.3, stringstream@0.0.5, oauth-sign@0.4.0, json-stringify-safe@5.0.1, qs@1.2.2, node-uuid@1.4.7, mime-types@1.0.2, form-data@0.1.4, tough-cookie@2.3.1, http-signature@0.10.1, bl@0.9.5, hawk@1.1.1)
â”œâ”€â”€ glob@4.0.6 (inherits@2.0.1, once@1.3.3, minimatch@1.0.0)
â”œâ”€â”€ update-notifier@0.2.0 (semver-diff@0.1.0, string-length@0.1.2, latest-version@0.2.0, configstore@0.3.2)
â”œâ”€â”€ graceful-fs@3.0.9
â”œâ”€â”€ bower-registry-client@0.2.4 (graceful-fs@2.0.3, request-replay@0.2.0, lru-cache@2.3.1, async@0.2.10, mkdirp@0.3.5, request@2.51.0)
â”œâ”€â”€ cardinal@0.4.0 (redeyed@0.4.4)
â”œâ”€â”€ mout@0.9.1
â”œâ”€â”€ handlebars@2.0.0 (optimist@0.3.7, uglify-js@2.3.6)
â”œâ”€â”€ inquirer@0.7.1 (mute-stream@0.0.4, through@2.3.8, figures@1.7.0, readline2@0.1.1, lodash@2.4.2, cli-color@0.3.3, rx@2.5.3)
â””â”€â”€ insight@0.4.3 (object-assign@1.0.0, async@0.9.2, chalk@0.5.1, lodash.debounce@2.4.1, os-name@1.0.3, tough-cookie@0.12.1, configstore@0.3.2, inquirer@0.6.0)
:jgiven-html5-report:npmTest

> jgiven-html5-report@0.7.4 test /home/travis/build/TNG/JGiven/jgiven-html5-report
> karma start --debug --single-run --browsers PhantomJS

[32m19 08 2016 07:55:23.489:INFO [karma]: [39mKarma v0.13.22 server started at http://localhost:9876/
[32m19 08 2016 07:55:23.495:INFO [launcher]: [39mStarting browser PhantomJS
[32m19 08 2016 07:55:23.739:INFO [PhantomJS 1.9.8 (Linux 0.0.0)]: [39mConnected on socket /#2j4fkub3xEioP69pAAAA with id 47627224
PhantomJS 1.9.8 (Linux 0.0.0): Executed 0 of 8 SUCCESS (0 secs / 0 secs)
[1A[2KPhantomJS 1.9.8 (Linux 0.0.0): Executed 1 of 8 SUCCESS (0 secs / 0.013 secs)
[1A[2KPhantomJS 1.9.8 (Linux 0.0.0): Executed 2 of 8 SUCCESS (0 secs / 0.016 secs)
[1A[2KPhantomJS 1.9.8 (Linux 0.0.0): Executed 3 of 8 SUCCESS (0 secs / 0.018 secs)
[1A[2KPhantomJS 1.9.8 (Linux 0.0.0): Executed 4 of 8 SUCCESS (0 secs / 0.019 secs)
[1A[2KPhantomJS 1.9.8 (Linux 0.0.0): Executed 5 of 8 SUCCESS (0 secs / 0.019 secs)
[1A[2KPhantomJS 1.9.8 (Linux 0.0.0): Executed 6 of 8 SUCCESS (0 secs / 0.019 secs)
[1A[2KPhantomJS 1.9.8 (Linux 0.0.0): Executed 7 of 8 SUCCESS (0 secs / 0.019 secs)
[1A[2KPhantomJS 1.9.8 (Linux 0.0.0): Executed 8 of 8 SUCCESS (0 secs / 0.02 secs)
[1A[2KPhantomJS 1.9.8 (Linux 0.0.0): Executed 8 of 8 SUCCESS (0.039 secs / 0.02 secs)
:jgiven-java8-tests:compileJava UP-TO-DATE
:jgiven-java8-tests:processResources UP-TO-DATE
:jgiven-java8-tests:classes UP-TO-DATE
:jgiven-java8-tests:compileTestJavawarning: Supported source version 'RELEASE_6' from annotation processor 'net.java.quickcheck.srcgenerator.SamplesProcessor' less than -source '1.8'
warning: Supported source version 'RELEASE_6' from annotation processor 'net.java.quickcheck.srcgenerator.IterableProcessor' less than -source '1.8'
2 warnings

:jgiven-java8-tests:processTestResources UP-TO-DATE
:jgiven-java8-tests:testClasses
:jgiven-java8-tests:test
:jgiven-java8-tests:jgivenHtml5Report[main] INFO com.tngtech.jgiven.report.json.ReportModelReader - Removing empty scenarios...
[main] INFO com.tngtech.jgiven.report.html5.Html5ReportGenerator - Generating HTML5 report to /home/travis/build/TNG/JGiven/jgiven-java8-tests/build/reports/jgiven/html5/index.html
[main] INFO com.tngtech.jgiven.report.html5.Html5ReportGenerator - Written 1 scenarios to data0.js
[main] INFO com.tngtech.jgiven.report.html5.Html5ReportGenerator - Cannot read build/resources/test/jgiven/custom.css, skipping

:jgiven-junit:compileTestJavawarning: [options] bootstrap class path not set in conjunction with -source 1.6
Note: Some input files use or override a deprecated API.
Note: Recompile with -Xlint:deprecation for details.

:jgiven-junit:processTestResources
:jgiven-junit:testClasses
:jgiven-junit:test

com.tngtech.jgiven.junit.ScenarioExecutionTest > After_methods_are_called_even_if_step_fails STANDARD_ERROR
    [Test worker] WARN com.tngtech.jgiven.impl.intercept.StepMethodInterceptor - The step method someFailingStep of class BeforeAfterTestStage does not follow the fluent interface convention of returning the receiver object. Please change the return type to the SELF type parameter.

com.tngtech.jgiven.junit.ScenarioExecutionTest > exception_in_after_method_is_propagated STANDARD_ERROR
    [Test worker] ERROR com.tngtech.jgiven.impl.StandaloneScenarioExecutor - AfterScenario
    java.lang.IllegalStateException: AfterScenario
    	at com.tngtech.jgiven.junit.ScenarioExecutionTest$TestStageWithExceptionInAfterScenario.throwException(ScenarioExecutionTest.java:132)
    	at com.tngtech.jgiven.junit.ScenarioExecutionTest$TestStageWithExceptionInAfterScenario$$EnhancerByCGLIB$$4cea5b3d.CGLIB$throwException$0(<generated>)
    	at com.tngtech.jgiven.junit.ScenarioExecutionTest$TestStageWithExceptionInAfterScenario$$EnhancerByCGLIB$$4cea5b3d$$FastClassByCGLIB$$ef1ff632.invoke(<generated>)
    	at net.sf.cglib.proxy.MethodProxy.invokeSuper(MethodProxy.java:228)
    	at com.tngtech.jgiven.impl.intercept.StandaloneStepMethodInterceptor$1.proceed(StandaloneStepMethodInterceptor.java:26)
    	at com.tngtech.jgiven.impl.intercept.StepMethodInterceptor.doIntercept(StepMethodInterceptor.java:61)
    	at com.tngtech.jgiven.impl.intercept.StandaloneStepMethodInterceptor.intercept(StandaloneStepMethodInterceptor.java:30)
    	at com.tngtech.jgiven.junit.ScenarioExecutionTest$TestStageWithExceptionInAfterScenario$$EnhancerByCGLIB$$4cea5b3d.throwException(<generated>)
    	at sun.reflect.NativeMethodAccessorImpl.invoke0(Native Method)
    	at sun.reflect.NativeMethodAccessorImpl.invoke(NativeMethodAccessorImpl.java:62)
    	at sun.reflect.DelegatingMethodAccessorImpl.invoke(DelegatingMethodAccessorImpl.java:43)
    	at java.lang.reflect.Method.invoke(Method.java:483)
    	at com.tngtech.jgiven.impl.util.ReflectionUtil.invokeMethod(ReflectionUtil.java:175)
    	at com.tngtech.jgiven.impl.StandaloneScenarioExecutor$1.act(StandaloneScenarioExecutor.java:328)
    	at com.tngtech.jgiven.impl.util.ReflectionUtil$2.act(ReflectionUtil.java:54)
    	at com.tngtech.jgiven.impl.util.ReflectionUtil.forEachSuperClass(ReflectionUtil.java:67)
    	at com.tngtech.jgiven.impl.util.ReflectionUtil.forEachSuperClass(ReflectionUtil.java:70)
    	at com.tngtech.jgiven.impl.util.ReflectionUtil.forEachMethod(ReflectionUtil.java:49)
    	at com.tngtech.jgiven.impl.StandaloneScenarioExecutor.executeAnnotatedMethods(StandaloneScenarioExecutor.java:325)
    	at com.tngtech.jgiven.impl.StandaloneScenarioExecutor.callFinishLifeCycleMethods(StandaloneScenarioExecutor.java:418)
    	at com.tngtech.jgiven.impl.StandaloneScenarioExecutor.finished(StandaloneScenarioExecutor.java:396)
    	at com.tngtech.jgiven.junit.ScenarioExecutionTest.exception_in_after_method_is_propagated(ScenarioExecutionTest.java:126)
    	at sun.reflect.NativeMethodAccessorImpl.invoke0(Native Method)
    	at sun.reflect.NativeMethodAccessorImpl.invoke(NativeMethodAccessorImpl.java:62)
    	at sun.reflect.DelegatingMethodAccessorImpl.invoke(DelegatingMethodAccessorImpl.java:43)
    	at java.lang.reflect.Method.invoke(Method.java:483)
    	at org.junit.runners.model.FrameworkMethod$1.runReflectiveCall(FrameworkMethod.java:50)
    	at org.junit.internal.runners.model.ReflectiveCallable.run(ReflectiveCallable.java:12)
    	at org.junit.runners.model.FrameworkMethod.invokeExplosively(FrameworkMethod.java:47)
    	at org.junit.internal.runners.statements.InvokeMethod.evaluate(InvokeMethod.java:17)
    	at org.junit.internal.runners.statements.ExpectException.evaluate(ExpectException.java:19)
    	at com.tngtech.jgiven.junit.ScenarioExecutionRule$1.evaluate(ScenarioExecutionRule.java:74)
    	at org.junit.runners.ParentRunner.runLeaf(ParentRunner.java:325)
    	at org.junit.runners.BlockJUnit4ClassRunner.runChild(BlockJUnit4ClassRunner.java:78)
    	at org.junit.runners.BlockJUnit4ClassRunner.runChild(BlockJUnit4ClassRunner.java:57)
    	at org.junit.runners.ParentRunner$3.run(ParentRunner.java:290)
    	at org.junit.runners.ParentRunner$1.schedule(ParentRunner.java:71)
    	at org.junit.runners.ParentRunner.runChildren(ParentRunner.java:288)
    	at org.junit.runners.ParentRunner.access$000(ParentRunner.java:58)
    	at org.junit.runners.ParentRunner$2.evaluate(ParentRunner.java:268)
    	at com.tngtech.java.junit.dataprovider.DataProviderRunner$1.evaluate(DataProviderRunner.java:170)
    	at org.junit.rules.TestWatcher$1.evaluate(TestWatcher.java:55)
    	at org.junit.rules.RunRules.evaluate(RunRules.java:20)
    	at org.junit.runners.ParentRunner.run(ParentRunner.java:363)
    	at org.gradle.api.internal.tasks.testing.junit.JUnitTestClassExecuter.runTestClass(JUnitTestClassExecuter.java:86)
    	at org.gradle.api.internal.tasks.testing.junit.JUnitTestClassExecuter.execute(JUnitTestClassExecuter.java:49)
    	at org.gradle.api.internal.tasks.testing.junit.JUnitTestClassProcessor.processTestClass(JUnitTestClassProcessor.java:64)
    	at org.gradle.api.internal.tasks.testing.SuiteTestClassProcessor.processTestClass(SuiteTestClassProcessor.java:50)
    	at sun.reflect.NativeMethodAccessorImpl.invoke0(Native Method)
    	at sun.reflect.NativeMethodAccessorImpl.invoke(NativeMethodAccessorImpl.java:62)
    	at sun.reflect.DelegatingMethodAccessorImpl.invoke(DelegatingMethodAccessorImpl.java:43)
    	at java.lang.reflect.Method.invoke(Method.java:483)
    	at org.gradle.messaging.dispatch.ReflectionDispatch.dispatch(ReflectionDispatch.java:35)
    	at org.gradle.messaging.dispatch.ReflectionDispatch.dispatch(ReflectionDispatch.java:24)
    	at org.gradle.messaging.dispatch.ContextClassLoaderDispatch.dispatch(ContextClassLoaderDispatch.java:32)
    	at org.gradle.messaging.dispatch.ProxyDispatchAdapter$DispatchingInvocationHandler.invoke(ProxyDispatchAdapter.java:93)
    	at com.sun.proxy.$Proxy2.processTestClass(Unknown Source)
    	at org.gradle.api.internal.tasks.testing.worker.TestWorker.processTestClass(TestWorker.java:106)
    	at sun.reflect.NativeMethodAccessorImpl.invoke0(Native Method)
    	at sun.reflect.NativeMethodAccessorImpl.invoke(NativeMethodAccessorImpl.java:62)
    	at sun.reflect.DelegatingMethodAccessorImpl.invoke(DelegatingMethodAccessorImpl.java:43)
    	at java.lang.reflect.Method.invoke(Method.java:483)
    	at org.gradle.messaging.dispatch.ReflectionDispatch.dispatch(ReflectionDispatch.java:35)
    	at org.gradle.messaging.dispatch.ReflectionDispatch.dispatch(ReflectionDispatch.java:24)
    	at org.gradle.messaging.remote.internal.hub.MessageHub$Handler.run(MessageHub.java:360)
    	at org.gradle.internal.concurrent.ExecutorPolicy$CatchAndRecordFailures.onExecute(ExecutorPolicy.java:54)
    	at org.gradle.internal.concurrent.StoppableExecutorImpl$1.run(StoppableExecutorImpl.java:40)
    	at java.util.concurrent.ThreadPoolExecutor.runWorker(ThreadPoolExecutor.java:1142)
    	at java.util.concurrent.ThreadPoolExecutor$Worker.run(ThreadPoolExecutor.java:617)
    	at java.lang.Thread.run(Thread.java:745)

com.tngtech.jgiven.junit.ScenarioExecutionTest > AfterStage_methods_of_the_last_stage_are_executed STANDARD_ERROR
    [Test worker] ERROR com.tngtech.jgiven.impl.StandaloneScenarioExecutor - null
    com.tngtech.jgiven.junit.ScenarioExecutionTest$SomeExceptionInAfterStage
    	at com.tngtech.jgiven.junit.ScenarioExecutionTest$AssertionInAfterStage.after(ScenarioExecutionTest.java:177)
    	at com.tngtech.jgiven.junit.ScenarioExecutionTest$AssertionInAfterStage$$EnhancerByCGLIB$$22a3e3e2.CGLIB$after$1(<generated>)
    	at com.tngtech.jgiven.junit.ScenarioExecutionTest$AssertionInAfterStage$$EnhancerByCGLIB$$22a3e3e2$$FastClassByCGLIB$$72a06437.invoke(<generated>)
    	at net.sf.cglib.proxy.MethodProxy.invokeSuper(MethodProxy.java:228)
    	at com.tngtech.jgiven.impl.intercept.StandaloneStepMethodInterceptor$1.proceed(StandaloneStepMethodInterceptor.java:26)
    	at com.tngtech.jgiven.impl.intercept.StepMethodInterceptor.doIntercept(StepMethodInterceptor.java:61)
    	at com.tngtech.jgiven.impl.intercept.StandaloneStepMethodInterceptor.intercept(StandaloneStepMethodInterceptor.java:30)
    	at com.tngtech.jgiven.junit.ScenarioExecutionTest$AssertionInAfterStage$$EnhancerByCGLIB$$22a3e3e2.after(<generated>)
    	at sun.reflect.NativeMethodAccessorImpl.invoke0(Native Method)
    	at sun.reflect.NativeMethodAccessorImpl.invoke(NativeMethodAccessorImpl.java:62)
    	at sun.reflect.DelegatingMethodAccessorImpl.invoke(DelegatingMethodAccessorImpl.java:43)
    	at java.lang.reflect.Method.invoke(Method.java:483)
    	at com.tngtech.jgiven.impl.util.ReflectionUtil.invokeMethod(ReflectionUtil.java:175)
    	at com.tngtech.jgiven.impl.StandaloneScenarioExecutor$1.act(StandaloneScenarioExecutor.java:328)
    	at com.tngtech.jgiven.impl.util.ReflectionUtil$2.act(ReflectionUtil.java:54)
    	at com.tngtech.jgiven.impl.util.ReflectionUtil.forEachSuperClass(ReflectionUtil.java:67)
    	at com.tngtech.jgiven.impl.util.ReflectionUtil.forEachSuperClass(ReflectionUtil.java:70)
    	at com.tngtech.jgiven.impl.util.ReflectionUtil.forEachMethod(ReflectionUtil.java:49)
    	at com.tngtech.jgiven.impl.StandaloneScenarioExecutor.executeAnnotatedMethods(StandaloneScenarioExecutor.java:325)
    	at com.tngtech.jgiven.impl.StandaloneScenarioExecutor.executeAfterStageMethods(StandaloneScenarioExecutor.java:282)
    	at com.tngtech.jgiven.impl.StandaloneScenarioExecutor.callFinishLifeCycleMethods(StandaloneScenarioExecutor.java:408)
    	at com.tngtech.jgiven.impl.StandaloneScenarioExecutor.finished(StandaloneScenarioExecutor.java:396)
    	at com.tngtech.jgiven.impl.ScenarioBase.finished(ScenarioBase.java:57)
    	at com.tngtech.jgiven.junit.ScenarioExecutionTest.AfterStage_methods_of_the_last_stage_are_executed(ScenarioExecutionTest.java:191)
    	at sun.reflect.NativeMethodAccessorImpl.invoke0(Native Method)
    	at sun.reflect.NativeMethodAccessorImpl.invoke(NativeMethodAccessorImpl.java:62)
    	at sun.reflect.DelegatingMethodAccessorImpl.invoke(DelegatingMethodAccessorImpl.java:43)
    	at java.lang.reflect.Method.invoke(Method.java:483)
    	at org.junit.runners.model.FrameworkMethod$1.runReflectiveCall(FrameworkMethod.java:50)
    	at org.junit.internal.runners.model.ReflectiveCallable.run(ReflectiveCallable.java:12)
    	at org.junit.runners.model.FrameworkMethod.invokeExplosively(FrameworkMethod.java:47)
    	at org.junit.internal.runners.statements.InvokeMethod.evaluate(InvokeMethod.java:17)
    	at org.junit.internal.runners.statements.ExpectException.evaluate(ExpectException.java:19)
    	at com.tngtech.jgiven.junit.ScenarioExecutionRule$1.evaluate(ScenarioExecutionRule.java:74)
    	at org.junit.runners.ParentRunner.runLeaf(ParentRunner.java:325)
    	at org.junit.runners.BlockJUnit4ClassRunner.runChild(BlockJUnit4ClassRunner.java:78)
    	at org.junit.runners.BlockJUnit4ClassRunner.runChild(BlockJUnit4ClassRunner.java:57)
    	at org.junit.runners.ParentRunner$3.run(ParentRunner.java:290)
    	at org.junit.runners.ParentRunner$1.schedule(ParentRunner.java:71)
    	at org.junit.runners.ParentRunner.runChildren(ParentRunner.java:288)
    	at org.junit.runners.ParentRunner.access$000(ParentRunner.java:58)
    	at org.junit.runners.ParentRunner$2.evaluate(ParentRunner.java:268)
    	at com.tngtech.java.junit.dataprovider.DataProviderRunner$1.evaluate(DataProviderRunner.java:170)
    	at org.junit.rules.TestWatcher$1.evaluate(TestWatcher.java:55)
    	at org.junit.rules.RunRules.evaluate(RunRules.java:20)
    	at org.junit.runners.ParentRunner.run(ParentRunner.java:363)
    	at org.gradle.api.internal.tasks.testing.junit.JUnitTestClassExecuter.runTestClass(JUnitTestClassExecuter.java:86)
    	at org.gradle.api.internal.tasks.testing.junit.JUnitTestClassExecuter.execute(JUnitTestClassExecuter.java:49)
    	at org.gradle.api.internal.tasks.testing.junit.JUnitTestClassProcessor.processTestClass(JUnitTestClassProcessor.java:64)
    	at org.gradle.api.internal.tasks.testing.SuiteTestClassProcessor.processTestClass(SuiteTestClassProcessor.java:50)
    	at sun.reflect.NativeMethodAccessorImpl.invoke0(Native Method)
    	at sun.reflect.NativeMethodAccessorImpl.invoke(NativeMethodAccessorImpl.java:62)
    	at sun.reflect.DelegatingMethodAccessorImpl.invoke(DelegatingMethodAccessorImpl.java:43)
    	at java.lang.reflect.Method.invoke(Method.java:483)
    	at org.gradle.messaging.dispatch.ReflectionDispatch.dispatch(ReflectionDispatch.java:35)
    	at org.gradle.messaging.dispatch.ReflectionDispatch.dispatch(ReflectionDispatch.java:24)
    	at org.gradle.messaging.dispatch.ContextClassLoaderDispatch.dispatch(ContextClassLoaderDispatch.java:32)
    	at org.gradle.messaging.dispatch.ProxyDispatchAdapter$DispatchingInvocationHandler.invoke(ProxyDispatchAdapter.java:93)
    	at com.sun.proxy.$Proxy2.processTestClass(Unknown Source)
    	at org.gradle.api.internal.tasks.testing.worker.TestWorker.processTestClass(TestWorker.java:106)
    	at sun.reflect.NativeMethodAccessorImpl.invoke0(Native Method)
    	at sun.reflect.NativeMethodAccessorImpl.invoke(NativeMethodAccessorImpl.java:62)
    	at sun.reflect.DelegatingMethodAccessorImpl.invoke(DelegatingMethodAccessorImpl.java:43)
    	at java.lang.reflect.Method.invoke(Method.java:483)
    	at org.gradle.messaging.dispatch.ReflectionDispatch.dispatch(ReflectionDispatch.java:35)
    	at org.gradle.messaging.dispatch.ReflectionDispatch.dispatch(ReflectionDispatch.java:24)
    	at org.gradle.messaging.remote.internal.hub.MessageHub$Handler.run(MessageHub.java:360)
    	at org.gradle.internal.concurrent.ExecutorPolicy$CatchAndRecordFailures.onExecute(ExecutorPolicy.java:54)
    	at org.gradle.internal.concurrent.StoppableExecutorImpl$1.run(StoppableExecutorImpl.java:40)
    	at java.util.concurrent.ThreadPoolExecutor.runWorker(ThreadPoolExecutor.java:1142)
    	at java.util.concurrent.ThreadPoolExecutor$Worker.run(ThreadPoolExecutor.java:617)
    	at java.lang.Thread.run(Thread.java:745)

com.tngtech.jgiven.junit.ScenarioExecutionTest > exception_in_after_rule_method_is_propagated STANDARD_ERROR
    [Test worker] ERROR com.tngtech.jgiven.impl.StandaloneScenarioExecutor - AfterRule
    java.lang.IllegalStateException: AfterRule
    	at com.tngtech.jgiven.junit.ScenarioExecutionTest$RuleThatThrowsExceptionInAfter.after(ScenarioExecutionTest.java:167)
    	at sun.reflect.NativeMethodAccessorImpl.invoke0(Native Method)
    	at sun.reflect.NativeMethodAccessorImpl.invoke(NativeMethodAccessorImpl.java:62)
    	at sun.reflect.DelegatingMethodAccessorImpl.invoke(DelegatingMethodAccessorImpl.java:43)
    	at java.lang.reflect.Method.invoke(Method.java:483)
    	at com.tngtech.jgiven.impl.util.ReflectionUtil.invokeMethod(ReflectionUtil.java:175)
    	at com.tngtech.jgiven.impl.StandaloneScenarioExecutor.invokeRuleMethod(StandaloneScenarioExecutor.java:351)
    	at com.tngtech.jgiven.impl.StandaloneScenarioExecutor.callFinishLifeCycleMethods(StandaloneScenarioExecutor.java:429)
    	at com.tngtech.jgiven.impl.StandaloneScenarioExecutor.finished(StandaloneScenarioExecutor.java:396)
    	at com.tngtech.jgiven.junit.ScenarioExecutionTest.exception_in_after_rule_method_is_propagated(ScenarioExecutionTest.java:157)
    	at sun.reflect.NativeMethodAccessorImpl.invoke0(Native Method)
    	at sun.reflect.NativeMethodAccessorImpl.invoke(NativeMethodAccessorImpl.java:62)
    	at sun.reflect.DelegatingMethodAccessorImpl.invoke(DelegatingMethodAccessorImpl.java:43)
    	at java.lang.reflect.Method.invoke(Method.java:483)
    	at org.junit.runners.model.FrameworkMethod$1.runReflectiveCall(FrameworkMethod.java:50)
    	at org.junit.internal.runners.model.ReflectiveCallable.run(ReflectiveCallable.java:12)
    	at org.junit.runners.model.FrameworkMethod.invokeExplosively(FrameworkMethod.java:47)
    	at org.junit.internal.runners.statements.InvokeMethod.evaluate(InvokeMethod.java:17)
    	at org.junit.internal.runners.statements.ExpectException.evaluate(ExpectException.java:19)
    	at com.tngtech.jgiven.junit.ScenarioExecutionRule$1.evaluate(ScenarioExecutionRule.java:74)
    	at org.junit.runners.ParentRunner.runLeaf(ParentRunner.java:325)
    	at org.junit.runners.BlockJUnit4ClassRunner.runChild(BlockJUnit4ClassRunner.java:78)
    	at org.junit.runners.BlockJUnit4ClassRunner.runChild(BlockJUnit4ClassRunner.java:57)
    	at org.junit.runners.ParentRunner$3.run(ParentRunner.java:290)
    	at org.junit.runners.ParentRunner$1.schedule(ParentRunner.java:71)
    	at org.junit.runners.ParentRunner.runChildren(ParentRunner.java:288)
    	at org.junit.runners.ParentRunner.access$000(ParentRunner.java:58)
    	at org.junit.runners.ParentRunner$2.evaluate(ParentRunner.java:268)
    	at com.tngtech.java.junit.dataprovider.DataProviderRunner$1.evaluate(DataProviderRunner.java:170)
    	at org.junit.rules.TestWatcher$1.evaluate(TestWatcher.java:55)
    	at org.junit.rules.RunRules.evaluate(RunRules.java:20)
    	at org.junit.runners.ParentRunner.run(ParentRunner.java:363)
    	at org.gradle.api.internal.tasks.testing.junit.JUnitTestClassExecuter.runTestClass(JUnitTestClassExecuter.java:86)
    	at org.gradle.api.internal.tasks.testing.junit.JUnitTestClassExecuter.execute(JUnitTestClassExecuter.java:49)
    	at org.gradle.api.internal.tasks.testing.junit.JUnitTestClassProcessor.processTestClass(JUnitTestClassProcessor.java:64)
    	at org.gradle.api.internal.tasks.testing.SuiteTestClassProcessor.processTestClass(SuiteTestClassProcessor.java:50)
    	at sun.reflect.NativeMethodAccessorImpl.invoke0(Native Method)
    	at sun.reflect.NativeMethodAccessorImpl.invoke(NativeMethodAccessorImpl.java:62)
    	at sun.reflect.DelegatingMethodAccessorImpl.invoke(DelegatingMethodAccessorImpl.java:43)
    	at java.lang.reflect.Method.invoke(Method.java:483)
    	at org.gradle.messaging.dispatch.ReflectionDispatch.dispatch(ReflectionDispatch.java:35)
    	at org.gradle.messaging.dispatch.ReflectionDispatch.dispatch(ReflectionDispatch.java:24)
    	at org.gradle.messaging.dispatch.ContextClassLoaderDispatch.dispatch(ContextClassLoaderDispatch.java:32)
    	at org.gradle.messaging.dispatch.ProxyDispatchAdapter$DispatchingInvocationHandler.invoke(ProxyDispatchAdapter.java:93)
    	at com.sun.proxy.$Proxy2.processTestClass(Unknown Source)
    	at org.gradle.api.internal.tasks.testing.worker.TestWorker.processTestClass(TestWorker.java:106)
    	at sun.reflect.NativeMethodAccessorImpl.invoke0(Native Method)
    	at sun.reflect.NativeMethodAccessorImpl.invoke(NativeMethodAccessorImpl.java:62)
    	at sun.reflect.DelegatingMethodAccessorImpl.invoke(DelegatingMethodAccessorImpl.java:43)
    	at java.lang.reflect.Method.invoke(Method.java:483)
    	at org.gradle.messaging.dispatch.ReflectionDispatch.dispatch(ReflectionDispatch.java:35)
    	at org.gradle.messaging.dispatch.ReflectionDispatch.dispatch(ReflectionDispatch.java:24)
    	at org.gradle.messaging.remote.internal.hub.MessageHub$Handler.run(MessageHub.java:360)
    	at org.gradle.internal.concurrent.ExecutorPolicy$CatchAndRecordFailures.onExecute(ExecutorPolicy.java:54)
    	at org.gradle.internal.concurrent.StoppableExecutorImpl$1.run(StoppableExecutorImpl.java:40)
    	at java.util.concurrent.ThreadPoolExecutor.runWorker(ThreadPoolExecutor.java:1142)
    	at java.util.concurrent.ThreadPoolExecutor$Worker.run(ThreadPoolExecutor.java:617)
    	at java.lang.Thread.run(Thread.java:745)

com.tngtech.jgiven.junit.ScenarioExecutionTest > NotImplementedYet_annotation_works_on_test_methods STANDARD_ERROR
    [Test worker] WARN com.tngtech.jgiven.impl.intercept.StepMethodInterceptor - The step method an_exception_is_thrown of class TestStage does not follow the fluent interface convention of returning the receiver object. Please change the return type to the SELF type parameter.

com.tngtech.jgiven.junit.StepsAreReportedTest > if_some_steps_are_pending_then_scenario_status_is_partially STANDARD_ERROR
    [Test worker] WARN com.tngtech.jgiven.impl.intercept.StepMethodInterceptor - The step method some_pending_step of class TestSteps does not follow the fluent interface convention of returning the receiver object. Please change the return type to the SELF type parameter.

com.tngtech.jgiven.junit.StepsAreReportedTest > if_some_steps_are_not_implemented_then_scenario_status_is_partially STANDARD_ERROR
    [Test worker] WARN com.tngtech.jgiven.impl.intercept.StepMethodInterceptor - The step method some_not_implemented_step of class TestSteps does not follow the fluent interface convention of returning the receiver object. Please change the return type to the SELF type parameter.

com.tngtech.jgiven.junit.StepsAreReportedTest > steps_annotated_with_Pending_are_recognized STANDARD_ERROR
    [Test worker] WARN com.tngtech.jgiven.impl.intercept.StepMethodInterceptor - The step method some_pending_step of class TestSteps does not follow the fluent interface convention of returning the receiver object. Please change the return type to the SELF type parameter.

com.tngtech.jgiven.junit.StepsAreReportedTest > steps_annotated_with_NotImplementedYet_are_recognized STANDARD_ERROR
    [Test worker] WARN com.tngtech.jgiven.impl.intercept.StepMethodInterceptor - The step method some_not_implemented_step of class TestSteps does not follow the fluent interface convention of returning the receiver object. Please change the return type to the SELF type parameter.
:jgiven-junit:jgivenHtml5Report[main] INFO com.tngtech.jgiven.report.json.ReportModelReader - Removing empty scenarios...
[main] INFO com.tngtech.jgiven.report.json.ReportModelReader - Removing empty scenarios...
[main] INFO com.tngtech.jgiven.report.json.ReportModelReader - Removing empty scenarios...
[main] INFO com.tngtech.jgiven.report.json.ReportModelReader - Removing empty scenarios...
[main] INFO com.tngtech.jgiven.report.json.ReportModelReader - Removing empty scenarios...
[main] INFO com.tngtech.jgiven.report.json.ReportModelReader - Removing empty scenarios...
[main] INFO com.tngtech.jgiven.report.json.ReportModelReader - Removing empty scenarios...
[main] INFO com.tngtech.jgiven.report.json.ReportModelReader - Removing empty scenarios...
[main] INFO com.tngtech.jgiven.report.json.ReportModelReader - Removing empty scenarios...
[main] INFO com.tngtech.jgiven.report.json.ReportModelReader - Removing empty scenarios...
[main] INFO com.tngtech.jgiven.report.json.ReportModelReader - Removing empty scenarios...
[main] INFO com.tngtech.jgiven.report.json.ReportModelReader - Removing empty scenarios...
[main] INFO com.tngtech.jgiven.report.json.ReportModelReader - Removing empty scenarios...
[main] INFO com.tngtech.jgiven.report.json.ReportModelReader - Removing empty scenarios...
[main] INFO com.tngtech.jgiven.report.json.ReportModelReader - Removing empty scenarios...
[main] INFO com.tngtech.jgiven.report.json.ReportModelReader - Removing empty scenarios...
[main] INFO com.tngtech.jgiven.report.json.ReportModelReader - Removing empty scenarios...
[main] INFO com.tngtech.jgiven.report.json.ReportModelReader - Removing empty scenarios...
[main] INFO com.tngtech.jgiven.report.json.ReportModelReader - Removing empty scenarios...
[main] INFO com.tngtech.jgiven.report.json.ReportModelReader - Removing empty scenarios...
[main] INFO com.tngtech.jgiven.report.html5.Html5ReportGenerator - Generating HTML5 report to /home/travis/build/TNG/JGiven/jgiven-junit/build/reports/jgiven/html5/index.html
[main] INFO com.tngtech.jgiven.report.html5.Html5AttachmentGenerator - Attachment written to build/reports/jgiven/html5/data/attachments/com/tngtech/jgiven/junit/ScenarioExecutionTest/attachment.txt
[main] INFO com.tngtech.jgiven.report.html5.Html5ReportGenerator - Written 86 scenarios to data0.js
[main] INFO com.tngtech.jgiven.report.html5.Html5ReportGenerator - Cannot read build/resources/test/jgiven/custom.css, skipping

:jgiven-maven-plugin:compileJavawarning: [options] bootstrap class path not set in conjunction with -source 1.6
1 warning

:jgiven-maven-plugin:processResources UP-TO-DATE
:jgiven-maven-plugin:classes
:jgiven-maven-plugin:compileTestJava UP-TO-DATE
:jgiven-maven-plugin:processTestResources UP-TO-DATE
:jgiven-maven-plugin:testClasses UP-TO-DATE
:jgiven-maven-plugin:test UP-TO-DATE
:jgiven-spring:compileTestJavawarning: [options] bootstrap class path not set in conjunction with -source 1.6

:jgiven-spring:processTestResources
:jgiven-spring:testClasses
:jgiven-spring:test

com.tngtech.jgiven.integration.spring.test.SpringOrderTest > _2 STANDARD_ERROR
    [Test worker] WARN com.tngtech.jgiven.impl.intercept.StepMethodInterceptor - The step method testAssertionFailed of class TestStage does not follow the fluent interface convention of returning the receiver object. Please change the return type to the SELF type parameter.

com.tngtech.jgiven.integration.spring.test.XmlConfiguredSpringScenarioTestTest > spring_can_inject_beans_into_stages STANDARD_ERROR
    [Test worker] ERROR org.springframework.test.context.TestContextManager - Caught exception while allowing TestExecutionListener [org.springframework.test.context.support.DependencyInjectionTestExecutionListener@17863ce1] to prepare test instance [com.tngtech.jgiven.integration.spring.test.XmlConfiguredSpringScenarioTestTest@40f9b453]
    org.springframework.beans.factory.NoUniqueBeanDefinitionException: No qualifying bean of type [com.tngtech.jgiven.integration.spring.SpringScenarioExecutor] is defined: expected single matching bean but found 2: com.tngtech.jgiven.integration.spring.SpringScenarioExecutor#0,springScenarioExecutor
    	at org.springframework.beans.factory.support.DefaultListableBeanFactory.getBean(DefaultListableBeanFactory.java:289)
    	at com.tngtech.jgiven.integration.spring.SpringScenarioTest.setBeanFactory(SpringScenarioTest.java:31)
    	at org.springframework.beans.factory.support.AbstractAutowireCapableBeanFactory.invokeAwareMethods(AbstractAutowireCapableBeanFactory.java:1502)
    	at org.springframework.beans.factory.support.AbstractAutowireCapableBeanFactory.initializeBean(AbstractAutowireCapableBeanFactory.java:1470)
    	at org.springframework.beans.factory.support.AbstractAutowireCapableBeanFactory.initializeBean(AbstractAutowireCapableBeanFactory.java:388)
    	at org.springframework.test.context.support.DependencyInjectionTestExecutionListener.injectDependencies(DependencyInjectionTestExecutionListener.java:111)
    	at org.springframework.test.context.support.DependencyInjectionTestExecutionListener.prepareTestInstance(DependencyInjectionTestExecutionListener.java:75)
    	at org.springframework.test.context.TestContextManager.prepareTestInstance(TestContextManager.java:312)
    	at org.springframework.test.context.junit4.SpringJUnit4ClassRunner.createTest(SpringJUnit4ClassRunner.java:211)
    	at org.springframework.test.context.junit4.SpringJUnit4ClassRunner$1.runReflectiveCall(SpringJUnit4ClassRunner.java:288)
    	at org.junit.internal.runners.model.ReflectiveCallable.run(ReflectiveCallable.java:12)
    	at org.springframework.test.context.junit4.SpringJUnit4ClassRunner.methodBlock(SpringJUnit4ClassRunner.java:284)
    	at org.springframework.test.context.junit4.SpringJUnit4ClassRunner.runChild(SpringJUnit4ClassRunner.java:231)
    	at org.springframework.test.context.junit4.SpringJUnit4ClassRunner.runChild(SpringJUnit4ClassRunner.java:88)
    	at org.junit.runners.ParentRunner$3.run(ParentRunner.java:290)
    	at org.junit.runners.ParentRunner$1.schedule(ParentRunner.java:71)
    	at org.junit.runners.ParentRunner.runChildren(ParentRunner.java:288)
    	at org.junit.runners.ParentRunner.access$000(ParentRunner.java:58)
    	at org.junit.runners.ParentRunner$2.evaluate(ParentRunner.java:268)
    	at org.springframework.test.context.junit4.statements.RunBeforeTestClassCallbacks.evaluate(RunBeforeTestClassCallbacks.java:61)
    	at org.springframework.test.context.junit4.statements.RunAfterTestClassCallbacks.evaluate(RunAfterTestClassCallbacks.java:71)
    	at org.junit.rules.TestWatcher$1.evaluate(TestWatcher.java:55)
    	at org.junit.rules.RunRules.evaluate(RunRules.java:20)
    	at org.junit.runners.ParentRunner.run(ParentRunner.java:363)
    	at org.springframework.test.context.junit4.SpringJUnit4ClassRunner.run(SpringJUnit4ClassRunner.java:174)
    	at org.gradle.api.internal.tasks.testing.junit.JUnitTestClassExecuter.runTestClass(JUnitTestClassExecuter.java:86)
    	at org.gradle.api.internal.tasks.testing.junit.JUnitTestClassExecuter.execute(JUnitTestClassExecuter.java:49)
    	at org.gradle.api.internal.tasks.testing.junit.JUnitTestClassProcessor.processTestClass(JUnitTestClassProcessor.java:64)
    	at org.gradle.api.internal.tasks.testing.SuiteTestClassProcessor.processTestClass(SuiteTestClassProcessor.java:50)
    	at sun.reflect.NativeMethodAccessorImpl.invoke0(Native Method)
    	at sun.reflect.NativeMethodAccessorImpl.invoke(NativeMethodAccessorImpl.java:62)
    	at sun.reflect.DelegatingMethodAccessorImpl.invoke(DelegatingMethodAccessorImpl.java:43)
    	at java.lang.reflect.Method.invoke(Method.java:483)
    	at org.gradle.messaging.dispatch.ReflectionDispatch.dispatch(ReflectionDispatch.java:35)
    	at org.gradle.messaging.dispatch.ReflectionDispatch.dispatch(ReflectionDispatch.java:24)
    	at org.gradle.messaging.dispatch.ContextClassLoaderDispatch.dispatch(ContextClassLoaderDispatch.java:32)
    	at org.gradle.messaging.dispatch.ProxyDispatchAdapter$DispatchingInvocationHandler.invoke(ProxyDispatchAdapter.java:93)
    	at com.sun.proxy.$Proxy2.processTestClass(Unknown Source)
    	at org.gradle.api.internal.tasks.testing.worker.TestWorker.processTestClass(TestWorker.java:106)
    	at sun.reflect.NativeMethodAccessorImpl.invoke0(Native Method)
    	at sun.reflect.NativeMethodAccessorImpl.invoke(NativeMethodAccessorImpl.java:62)
    	at sun.reflect.DelegatingMethodAccessorImpl.invoke(DelegatingMethodAccessorImpl.java:43)
    	at java.lang.reflect.Method.invoke(Method.java:483)
    	at org.gradle.messaging.dispatch.ReflectionDispatch.dispatch(ReflectionDispatch.java:35)
    	at org.gradle.messaging.dispatch.ReflectionDispatch.dispatch(ReflectionDispatch.java:24)
    	at org.gradle.messaging.remote.internal.hub.MessageHub$Handler.run(MessageHub.java:360)
    	at org.gradle.internal.concurrent.ExecutorPolicy$CatchAndRecordFailures.onExecute(ExecutorPolicy.java:54)
    	at org.gradle.internal.concurrent.StoppableExecutorImpl$1.run(StoppableExecutorImpl.java:40)
    	at java.util.concurrent.ThreadPoolExecutor.runWorker(ThreadPoolExecutor.java:1142)
    	at java.util.concurrent.ThreadPoolExecutor$Worker.run(ThreadPoolExecutor.java:617)
    	at java.lang.Thread.run(Thread.java:745)

com.tngtech.jgiven.integration.spring.test.XmlConfiguredSpringScenarioTestTest > spring_can_inject_beans_into_stages FAILED
    org.springframework.beans.factory.NoUniqueBeanDefinitionException

6 tests completed, 1 failed
:jgiven-spring:test FAILED

FAILURE: Build failed with an exception.

* What went wrong:
Execution failed for task ':jgiven-spring:test'.
> There were failing tests. See the report at: file:///home/travis/build/TNG/JGiven/jgiven-spring/build/reports/tests/index.html

* Try:
Run with --stacktrace option to get the stack trace. Run with --info or --debug option to get more log output.

BUILD FAILED

Total time: 1 mins 35.691 secs

travis_time:end:2a84fc94:start=1471593247652278573,finish=1471593343755818178,duration=96103539605[0K
[31;1mThe command "./gradlew test -DjunitVersion=4.9" exited with 1.[0m
travis_time:start:0a2d27dc[0K$ ./gradlew test -DjunitVersion=4.10
:jgiven-core:compileJava UP-TO-DATE
:jgiven-core:processResources UP-TO-DATE
:jgiven-core:classes UP-TO-DATE
:jgiven-core:compileTestJava UP-TO-DATE
:jgiven-core:processTestResources UP-TO-DATE
:jgiven-core:testClasses UP-TO-DATE
:jgiven-core:test UP-TO-DATE
:jgiven-core:jar
:jgiven-examples:compileJava UP-TO-DATE
:jgiven-examples:processResources UP-TO-DATE
:jgiven-examples:classes UP-TO-DATE
:jgiven-html5-report:compileJavawarning: [options] bootstrap class path not set in conjunction with -source 1.6
1 warning

:jgiven-html5-report:processResources UP-TO-DATE
:jgiven-html5-report:classes
:jgiven-html5-report:deleteCssFiles
:jgiven-html5-report:copyAppFiles
:jgiven-html5-report:bowerUpdate UP-TO-DATE
:jgiven-html5-report:copyCssFiles
:jgiven-html5-report:copyFontFiles UP-TO-DATE
:jgiven-html5-report:copyImageFiles UP-TO-DATE
:jgiven-html5-report:copyJsFiles UP-TO-DATE
:jgiven-html5-report:zipAppDir UP-TO-DATE
:jgiven-html5-report:jar
:jgiven-junit:compileJavawarning: [options] bootstrap class path not set in conjunction with -source 1.6
Note: Some input files use or override a deprecated API.
Note: Recompile with -Xlint:deprecation for details.
1 warning

:jgiven-junit:processResources UP-TO-DATE
:jgiven-junit:classes
:jgiven-junit:jar
:jgiven-spring:compileJavawarning: [options] bootstrap class path not set in conjunction with -source 1.6
1 warning

:jgiven-spring:processResources UP-TO-DATE
:jgiven-spring:classes
:jgiven-spring:jar
:jgiven-testng:compileJavawarning: [options] bootstrap class path not set in conjunction with -source 1.6
1 warning

:jgiven-testng:processResources UP-TO-DATE
:jgiven-testng:classes
:jgiven-testng:jar
:jgiven-tests:compileJavawarning: [options] bootstrap class path not set in conjunction with -source 1.7
Note: /home/travis/build/TNG/JGiven/jgiven-tests/src/main/java/com/tngtech/jgiven/tests/TestScenarios.java uses or overrides a deprecated API.
Note: Recompile with -Xlint:deprecation for details.
1 warning

:jgiven-tests:processResources UP-TO-DATE
:jgiven-tests:classes
:jgiven-tests:jar
:jgiven-examples:compileTestJavawarning: [options] bootstrap class path not set in conjunction with -source 1.6
Note: /home/travis/build/TNG/JGiven/jgiven-examples/src/test/java/com/tngtech/jgiven/examples/pancakes/test/SpringPanCakeScenarioTest.java uses or overrides a deprecated API.
Note: Recompile with -Xlint:deprecation for details.
Note: /home/travis/build/TNG/JGiven/jgiven-examples/src/test/java/com/tngtech/jgiven/examples/datatable/DataTableExamples.java uses unchecked or unsafe operations.
Note: Recompile with -Xlint:unchecked for details.

:jgiven-examples:processTestResources UP-TO-DATE
:jgiven-examples:testClasses
:jgiven-examples:test

com.tngtech.jgiven.examples.coffeemachine.ServeCoffeeTest > a_scenario_with_a_failing_test_case_for_demonstration_purposes[1: false] FAILED
    org.junit.ComparisonFailure at ServeCoffeeTest.java:169

com.tngtech.jgiven.examples.coffeemachine.ServeCoffeeTest > shouldFailWithUnexpectedRuntimeException FAILED
    org.junit.runners.model.TestTimedOutException at ServeCoffeeTest.java:186

com.tngtech.jgiven.examples.coffeemachine.ServeCoffeeTest > a_failing_scenario_for_demonstration_purposes STANDARD_ERROR
    [Test worker] WARN com.tngtech.jgiven.impl.intercept.StepMethodInterceptor - The step method steps_following_a_failed_step_should_be_skipped of class ThenCoffee does not follow the fluent interface convention of returning the receiver object. Please change the return type to the SELF type parameter.

com.tngtech.jgiven.examples.coffeemachine.ServeCoffeeTest > a_failing_scenario_for_demonstration_purposes FAILED
    org.junit.ComparisonFailure at ServeCoffeeTest.java:150

com.tngtech.jgiven.examples.nested.NestedStepsTest > a_scenario_with_a_failing_nested_step_on_purpose FAILED
    org.junit.ComparisonFailure at NestedStepsTest.java:31

com.tngtech.jgiven.examples.parameters.ParametrizedScenariosTest > a_scenario_with_many_cases[5: some grouping value 0, value 5] STANDARD_ERROR
    [Test worker] WARN com.tngtech.jgiven.impl.intercept.StepMethodInterceptor - The step method another_value of class TestSteps does not follow the fluent interface convention of returning the receiver object. Please change the return type to the SELF type parameter.

com.tngtech.jgiven.examples.parameters.ParametrizedScenariosTest > a_scenario_with_many_cases[5: some grouping value 0, value 5] FAILED
    java.lang.AssertionError at ParametrizedScenariosTest.java:83

com.tngtech.jgiven.examples.parameters.ParametrizedScenariosTest > a_scenario_with_many_cases[15: some grouping value 1, value 5] STANDARD_ERROR
    [Test worker] WARN com.tngtech.jgiven.impl.intercept.StepMethodInterceptor - The step method another_value of class TestSteps does not follow the fluent interface convention of returning the receiver object. Please change the return type to the SELF type parameter.

com.tngtech.jgiven.examples.parameters.ParametrizedScenariosTest > a_scenario_with_many_cases[15: some grouping value 1, value 5] FAILED
    java.lang.AssertionError at ParametrizedScenariosTest.java:83

com.tngtech.jgiven.examples.parameters.ParametrizedScenariosTest > a_scenario_with_many_cases[25: some grouping value 2, value 5] STANDARD_ERROR
    [Test worker] WARN com.tngtech.jgiven.impl.intercept.StepMethodInterceptor - The step method another_value of class TestSteps does not follow the fluent interface convention of returning the receiver object. Please change the return type to the SELF type parameter.

com.tngtech.jgiven.examples.parameters.ParametrizedScenariosTest > a_scenario_with_many_cases[25: some grouping value 2, value 5] FAILED
    java.lang.AssertionError at ParametrizedScenariosTest.java:83

com.tngtech.jgiven.examples.parameters.ParametrizedScenariosTest > a_scenario_with_many_cases[35: some grouping value 3, value 5] STANDARD_ERROR
    [Test worker] WARN com.tngtech.jgiven.impl.intercept.StepMethodInterceptor - The step method another_value of class TestSteps does not follow the fluent interface convention of returning the receiver object. Please change the return type to the SELF type parameter.

com.tngtech.jgiven.examples.parameters.ParametrizedScenariosTest > a_scenario_with_many_cases[35: some grouping value 3, value 5] FAILED
    java.lang.AssertionError at ParametrizedScenariosTest.java:83

com.tngtech.jgiven.examples.parameters.ParametrizedScenariosTest > a_scenario_with_many_cases[45: some grouping value 4, value 5] STANDARD_ERROR
    [Test worker] WARN com.tngtech.jgiven.impl.intercept.StepMethodInterceptor - The step method another_value of class TestSteps does not follow the fluent interface convention of returning the receiver object. Please change the return type to the SELF type parameter.

com.tngtech.jgiven.examples.parameters.ParametrizedScenariosTest > a_scenario_with_many_cases[45: some grouping value 4, value 5] FAILED
    java.lang.AssertionError at ParametrizedScenariosTest.java:83

com.tngtech.jgiven.examples.parameters.ParametrizedScenariosTest > a_scenario_with_many_cases[55: some grouping value 5, value 5] STANDARD_ERROR
    [Test worker] WARN com.tngtech.jgiven.impl.intercept.StepMethodInterceptor - The step method another_value of class TestSteps does not follow the fluent interface convention of returning the receiver object. Please change the return type to the SELF type parameter.

com.tngtech.jgiven.examples.parameters.ParametrizedScenariosTest > a_scenario_with_many_cases[55: some grouping value 5, value 5] FAILED
    java.lang.AssertionError at ParametrizedScenariosTest.java:83

com.tngtech.jgiven.examples.parameters.ParametrizedScenariosTest > a_scenario_with_many_cases[65: some grouping value 6, value 5] STANDARD_ERROR
    [Test worker] WARN com.tngtech.jgiven.impl.intercept.StepMethodInterceptor - The step method another_value of class TestSteps does not follow the fluent interface convention of returning the receiver object. Please change the return type to the SELF type parameter.

com.tngtech.jgiven.examples.parameters.ParametrizedScenariosTest > a_scenario_with_many_cases[65: some grouping value 6, value 5] FAILED
    java.lang.AssertionError at ParametrizedScenariosTest.java:83

com.tngtech.jgiven.examples.parameters.ParametrizedScenariosTest > a_scenario_with_many_cases[75: some grouping value 7, value 5] STANDARD_ERROR
    [Test worker] WARN com.tngtech.jgiven.impl.intercept.StepMethodInterceptor - The step method another_value of class TestSteps does not follow the fluent interface convention of returning the receiver object. Please change the return type to the SELF type parameter.

com.tngtech.jgiven.examples.parameters.ParametrizedScenariosTest > a_scenario_with_many_cases[75: some grouping value 7, value 5] FAILED
    java.lang.AssertionError at ParametrizedScenariosTest.java:83

com.tngtech.jgiven.examples.parameters.ParametrizedScenariosTest > a_scenario_with_many_cases[85: some grouping value 8, value 5] STANDARD_ERROR
    [Test worker] WARN com.tngtech.jgiven.impl.intercept.StepMethodInterceptor - The step method another_value of class TestSteps does not follow the fluent interface convention of returning the receiver object. Please change the return type to the SELF type parameter.

com.tngtech.jgiven.examples.parameters.ParametrizedScenariosTest > a_scenario_with_many_cases[85: some grouping value 8, value 5] FAILED
    java.lang.AssertionError at ParametrizedScenariosTest.java:83

com.tngtech.jgiven.examples.parameters.ParametrizedScenariosTest > a_scenario_with_many_cases[95: some grouping value 9, value 5] STANDARD_ERROR
    [Test worker] WARN com.tngtech.jgiven.impl.intercept.StepMethodInterceptor - The step method another_value of class TestSteps does not follow the fluent interface convention of returning the receiver object. Please change the return type to the SELF type parameter.

com.tngtech.jgiven.examples.parameters.ParametrizedScenariosTest > a_scenario_with_many_cases[95: some grouping value 9, value 5] FAILED
    java.lang.AssertionError at ParametrizedScenariosTest.java:83

179 tests completed, 14 failed, 4 skipped
There were failing tests. See the report at: file:///home/travis/build/TNG/JGiven/jgiven-examples/build/reports/tests/index.html
:jgiven-examples:jgivenHtml5Report[main] INFO com.tngtech.jgiven.report.json.ReportModelReader - Removing empty scenarios...
[main] INFO com.tngtech.jgiven.report.json.ReportModelReader - Removing empty scenarios...
[main] INFO com.tngtech.jgiven.report.json.ReportModelReader - Removing empty scenarios...
[main] INFO com.tngtech.jgiven.report.json.ReportModelReader - Removing empty scenarios...
[main] INFO com.tngtech.jgiven.report.json.ReportModelReader - Removing empty scenarios...
[main] INFO com.tngtech.jgiven.report.json.ReportModelReader - Removing empty scenarios...
[main] INFO com.tngtech.jgiven.report.json.ReportModelReader - Removing empty scenarios...
[main] INFO com.tngtech.jgiven.report.json.ReportModelReader - Removing empty scenarios...
[main] INFO com.tngtech.jgiven.report.json.ReportModelReader - Removing empty scenarios...
[main] INFO com.tngtech.jgiven.report.json.ReportModelReader - Removing empty scenarios...
[main] INFO com.tngtech.jgiven.report.json.ReportModelReader - Removing empty scenarios...
[main] INFO com.tngtech.jgiven.report.json.ReportModelReader - Removing empty scenarios...
[main] INFO com.tngtech.jgiven.report.json.ReportModelReader - Removing empty scenarios...
[main] INFO com.tngtech.jgiven.report.json.ReportModelReader - Removing empty scenarios...
[main] INFO com.tngtech.jgiven.report.json.ReportModelReader - Removing empty scenarios...
[main] INFO com.tngtech.jgiven.report.json.ReportModelReader - Removing empty scenarios...
[main] INFO com.tngtech.jgiven.report.json.ReportModelReader - Removing empty scenarios...
[main] INFO com.tngtech.jgiven.report.json.ReportModelReader - Removing empty scenarios...
[main] INFO com.tngtech.jgiven.report.json.ReportModelReader - Removing empty scenarios...
[main] INFO com.tngtech.jgiven.report.json.ReportModelReader - Removing empty scenarios...
[main] INFO com.tngtech.jgiven.report.html5.Html5ReportGenerator - Generating HTML5 report to /home/travis/build/TNG/JGiven/jgiven-examples/build/reports/jgiven/html5/index.html
[main] INFO com.tngtech.jgiven.report.html5.Html5AttachmentGenerator - Attachment written to build/reports/jgiven/html5/data/attachments/com/tngtech/jgiven/examples/attachments/AttachmentsExample/attachment.txt
[main] INFO com.tngtech.jgiven.report.html5.Html5AttachmentGenerator - Attachment written to build/reports/jgiven/html5/data/attachments/com/tngtech/jgiven/examples/attachments/AttachmentsExample/oval-circle.png
[main] INFO com.tngtech.jgiven.report.html5.Html5AttachmentGenerator - Attachment written to build/reports/jgiven/html5/data/attachments/com/tngtech/jgiven/examples/attachments/AttachmentsExample/attachment2.txt
[main] INFO com.tngtech.jgiven.report.html5.Html5AttachmentGenerator - Attachment written to build/reports/jgiven/html5/data/attachments/com/tngtech/jgiven/examples/attachments/AttachmentsExample/attachment3.txt
[main] INFO com.tngtech.jgiven.report.html5.Html5AttachmentGenerator - Attachment written to build/reports/jgiven/html5/data/attachments/com/tngtech/jgiven/examples/attachments/AttachmentsExample/attachment4.txt
[main] INFO com.tngtech.jgiven.report.html5.Html5AttachmentGenerator - Attachment written to build/reports/jgiven/html5/data/attachments/com/tngtech/jgiven/examples/attachments/AttachmentsExample/oval-circle2.png
[main] INFO com.tngtech.jgiven.report.html5.Html5AttachmentGenerator - Attachment written to build/reports/jgiven/html5/data/attachments/com/tngtech/jgiven/examples/attachments/AttachmentsExample/oval-circle3.png
[main] INFO com.tngtech.jgiven.report.html5.Html5AttachmentGenerator - Attachment written to build/reports/jgiven/html5/data/attachments/com/tngtech/jgiven/examples/attachments/AttachmentsExample/large-oval-circle.png
[main] INFO com.tngtech.jgiven.report.html5.Html5AttachmentGenerator - Attachment written to build/reports/jgiven/html5/data/attachments/com/tngtech/jgiven/examples/attachments/AttachmentsExample/attachment5.txt
[main] INFO com.tngtech.jgiven.report.html5.Html5AttachmentGenerator - Attachment written to build/reports/jgiven/html5/data/attachments/com/tngtech/jgiven/examples/attachments/AttachmentsExample/attachment6.txt
[main] INFO com.tngtech.jgiven.report.html5.Html5ReportGenerator - Written 168 scenarios to data0.js
[main] INFO com.tngtech.jgiven.report.html5.Html5ReportGenerator - Written 10 scenarios to data1.js
[main] INFO com.tngtech.jgiven.report.html5.Html5ReportGenerator - Cannot read build/resources/test/jgiven/custom.css, skipping

:jgiven-html5-report:compileTestJavawarning: [options] bootstrap class path not set in conjunction with -source 1.6

:jgiven-html5-report:processTestResources UP-TO-DATE
:jgiven-html5-report:testClasses
:jgiven-html5-report:test
:jgiven-html5-report:npmInstallnpm WARN package.json jgiven-html5-report@0.7.4 No repository field.

:jgiven-html5-report:npmTest

> jgiven-html5-report@0.7.4 test /home/travis/build/TNG/JGiven/jgiven-html5-report
> karma start --debug --single-run --browsers PhantomJS

[32m19 08 2016 07:56:30.496:INFO [karma]: [39mKarma v0.13.22 server started at http://localhost:9876/
[32m19 08 2016 07:56:30.502:INFO [launcher]: [39mStarting browser PhantomJS
[32m19 08 2016 07:56:30.739:INFO [PhantomJS 1.9.8 (Linux 0.0.0)]: [39mConnected on socket /#JInWmzht0F5hP5A-AAAA with id 43540630
PhantomJS 1.9.8 (Linux 0.0.0): Executed 0 of 8 SUCCESS (0 secs / 0 secs)
[1A[2KPhantomJS 1.9.8 (Linux 0.0.0): Executed 1 of 8 SUCCESS (0 secs / 0.016 secs)
[1A[2KPhantomJS 1.9.8 (Linux 0.0.0): Executed 2 of 8 SUCCESS (0 secs / 0.019 secs)
[1A[2KPhantomJS 1.9.8 (Linux 0.0.0): Executed 3 of 8 SUCCESS (0 secs / 0.021 secs)
[1A[2KPhantomJS 1.9.8 (Linux 0.0.0): Executed 4 of 8 SUCCESS (0 secs / 0.021 secs)
[1A[2KPhantomJS 1.9.8 (Linux 0.0.0): Executed 5 of 8 SUCCESS (0 secs / 0.021 secs)
[1A[2KPhantomJS 1.9.8 (Linux 0.0.0): Executed 6 of 8 SUCCESS (0 secs / 0.021 secs)
[1A[2KPhantomJS 1.9.8 (Linux 0.0.0): Executed 7 of 8 SUCCESS (0 secs / 0.021 secs)
[1A[2KPhantomJS 1.9.8 (Linux 0.0.0): Executed 8 of 8 SUCCESS (0 secs / 0.022 secs)
[1A[2KPhantomJS 1.9.8 (Linux 0.0.0): Executed 8 of 8 SUCCESS (0.041 secs / 0.022 secs)
:jgiven-java8-tests:compileJava UP-TO-DATE
:jgiven-java8-tests:processResources UP-TO-DATE
:jgiven-java8-tests:classes UP-TO-DATE
:jgiven-java8-tests:compileTestJavawarning: Supported source version 'RELEASE_6' from annotation processor 'net.java.quickcheck.srcgenerator.SamplesProcessor' less than -source '1.8'
warning: Supported source version 'RELEASE_6' from annotation processor 'net.java.quickcheck.srcgenerator.IterableProcessor' less than -source '1.8'
2 warnings

:jgiven-java8-tests:processTestResources UP-TO-DATE
:jgiven-java8-tests:testClasses
:jgiven-java8-tests:test
:jgiven-java8-tests:jgivenHtml5Report[main] INFO com.tngtech.jgiven.report.json.ReportModelReader - Removing empty scenarios...
[main] INFO com.tngtech.jgiven.report.html5.Html5ReportGenerator - Generating HTML5 report to /home/travis/build/TNG/JGiven/jgiven-java8-tests/build/reports/jgiven/html5/index.html
[main] INFO com.tngtech.jgiven.report.html5.Html5ReportGenerator - Written 1 scenarios to data0.js
[main] INFO com.tngtech.jgiven.report.html5.Html5ReportGenerator - Cannot read build/resources/test/jgiven/custom.css, skipping

:jgiven-junit:compileTestJavawarning: [options] bootstrap class path not set in conjunction with -source 1.6
Note: Some input files use or override a deprecated API.
Note: Recompile with -Xlint:deprecation for details.

:jgiven-junit:processTestResources UP-TO-DATE
:jgiven-junit:testClasses
:jgiven-junit:test

com.tngtech.jgiven.junit.StepsAreReportedTest > if_some_steps_are_pending_then_scenario_status_is_partially STANDARD_ERROR
    [Test worker] WARN com.tngtech.jgiven.impl.intercept.StepMethodInterceptor - The step method some_pending_step of class TestSteps does not follow the fluent interface convention of returning the receiver object. Please change the return type to the SELF type parameter.

com.tngtech.jgiven.junit.StepsAreReportedTest > if_some_steps_are_not_implemented_then_scenario_status_is_partially STANDARD_ERROR
    [Test worker] WARN com.tngtech.jgiven.impl.intercept.StepMethodInterceptor - The step method some_not_implemented_step of class TestSteps does not follow the fluent interface convention of returning the receiver object. Please change the return type to the SELF type parameter.

com.tngtech.jgiven.junit.StepsAreReportedTest > steps_annotated_with_Pending_are_recognized STANDARD_ERROR
    [Test worker] WARN com.tngtech.jgiven.impl.intercept.StepMethodInterceptor - The step method some_pending_step of class TestSteps does not follow the fluent interface convention of returning the receiver object. Please change the return type to the SELF type parameter.

com.tngtech.jgiven.junit.StepsAreReportedTest > steps_annotated_with_NotImplementedYet_are_recognized STANDARD_ERROR
    [Test worker] WARN com.tngtech.jgiven.impl.intercept.StepMethodInterceptor - The step method some_not_implemented_step of class TestSteps does not follow the fluent interface convention of returning the receiver object. Please change the return type to the SELF type parameter.

com.tngtech.jgiven.junit.ScenarioExecutionTest > After_methods_are_called_even_if_step_fails STANDARD_ERROR
    [Test worker] WARN com.tngtech.jgiven.impl.intercept.StepMethodInterceptor - The step method someFailingStep of class BeforeAfterTestStage does not follow the fluent interface convention of returning the receiver object. Please change the return type to the SELF type parameter.

com.tngtech.jgiven.junit.ScenarioExecutionTest > exception_in_after_method_is_propagated STANDARD_ERROR
    [Test worker] ERROR com.tngtech.jgiven.impl.StandaloneScenarioExecutor - AfterScenario
    java.lang.IllegalStateException: AfterScenario
    	at com.tngtech.jgiven.junit.ScenarioExecutionTest$TestStageWithExceptionInAfterScenario.throwException(ScenarioExecutionTest.java:132)
    	at com.tngtech.jgiven.junit.ScenarioExecutionTest$TestStageWithExceptionInAfterScenario$$EnhancerByCGLIB$$88f920b7.CGLIB$throwException$0(<generated>)
    	at com.tngtech.jgiven.junit.ScenarioExecutionTest$TestStageWithExceptionInAfterScenario$$EnhancerByCGLIB$$88f920b7$$FastClassByCGLIB$$ab77ceef.invoke(<generated>)
    	at net.sf.cglib.proxy.MethodProxy.invokeSuper(MethodProxy.java:228)
    	at com.tngtech.jgiven.impl.intercept.StandaloneStepMethodInterceptor$1.proceed(StandaloneStepMethodInterceptor.java:26)
    	at com.tngtech.jgiven.impl.intercept.StepMethodInterceptor.doIntercept(StepMethodInterceptor.java:61)
    	at com.tngtech.jgiven.impl.intercept.StandaloneStepMethodInterceptor.intercept(StandaloneStepMethodInterceptor.java:30)
    	at com.tngtech.jgiven.junit.ScenarioExecutionTest$TestStageWithExceptionInAfterScenario$$EnhancerByCGLIB$$88f920b7.throwException(<generated>)
    	at sun.reflect.NativeMethodAccessorImpl.invoke0(Native Method)
    	at sun.reflect.NativeMethodAccessorImpl.invoke(NativeMethodAccessorImpl.java:62)
    	at sun.reflect.DelegatingMethodAccessorImpl.invoke(DelegatingMethodAccessorImpl.java:43)
    	at java.lang.reflect.Method.invoke(Method.java:483)
    	at com.tngtech.jgiven.impl.util.ReflectionUtil.invokeMethod(ReflectionUtil.java:175)
    	at com.tngtech.jgiven.impl.StandaloneScenarioExecutor$1.act(StandaloneScenarioExecutor.java:328)
    	at com.tngtech.jgiven.impl.util.ReflectionUtil$2.act(ReflectionUtil.java:54)
    	at com.tngtech.jgiven.impl.util.ReflectionUtil.forEachSuperClass(ReflectionUtil.java:67)
    	at com.tngtech.jgiven.impl.util.ReflectionUtil.forEachSuperClass(ReflectionUtil.java:70)
    	at com.tngtech.jgiven.impl.util.ReflectionUtil.forEachMethod(ReflectionUtil.java:49)
    	at com.tngtech.jgiven.impl.StandaloneScenarioExecutor.executeAnnotatedMethods(StandaloneScenarioExecutor.java:325)
    	at com.tngtech.jgiven.impl.StandaloneScenarioExecutor.callFinishLifeCycleMethods(StandaloneScenarioExecutor.java:418)
    	at com.tngtech.jgiven.impl.StandaloneScenarioExecutor.finished(StandaloneScenarioExecutor.java:396)
    	at com.tngtech.jgiven.junit.ScenarioExecutionTest.exception_in_after_method_is_propagated(ScenarioExecutionTest.java:126)
    	at sun.reflect.NativeMethodAccessorImpl.invoke0(Native Method)
    	at sun.reflect.NativeMethodAccessorImpl.invoke(NativeMethodAccessorImpl.java:62)
    	at sun.reflect.DelegatingMethodAccessorImpl.invoke(DelegatingMethodAccessorImpl.java:43)
    	at java.lang.reflect.Method.invoke(Method.java:483)
    	at org.junit.runners.model.FrameworkMethod$1.runReflectiveCall(FrameworkMethod.java:50)
    	at org.junit.internal.runners.model.ReflectiveCallable.run(ReflectiveCallable.java:12)
    	at org.junit.runners.model.FrameworkMethod.invokeExplosively(FrameworkMethod.java:47)
    	at org.junit.internal.runners.statements.InvokeMethod.evaluate(InvokeMethod.java:17)
    	at org.junit.internal.runners.statements.ExpectException.evaluate(ExpectException.java:19)
    	at com.tngtech.jgiven.junit.ScenarioExecutionRule$1.evaluate(ScenarioExecutionRule.java:74)
    	at org.junit.runners.ParentRunner.runLeaf(ParentRunner.java:325)
    	at org.junit.runners.BlockJUnit4ClassRunner.runChild(BlockJUnit4ClassRunner.java:78)
    	at org.junit.runners.BlockJUnit4ClassRunner.runChild(BlockJUnit4ClassRunner.java:57)
    	at org.junit.runners.ParentRunner$3.run(ParentRunner.java:290)
    	at org.junit.runners.ParentRunner$1.schedule(ParentRunner.java:71)
    	at org.junit.runners.ParentRunner.runChildren(ParentRunner.java:288)
    	at org.junit.runners.ParentRunner.access$000(ParentRunner.java:58)
    	at org.junit.runners.ParentRunner$2.evaluate(ParentRunner.java:268)
    	at com.tngtech.java.junit.dataprovider.DataProviderRunner$1.evaluate(DataProviderRunner.java:170)
    	at org.junit.rules.TestWatcher$1.evaluate(TestWatcher.java:55)
    	at org.junit.rules.RunRules.evaluate(RunRules.java:20)
    	at org.junit.runners.ParentRunner.run(ParentRunner.java:363)
    	at org.gradle.api.internal.tasks.testing.junit.JUnitTestClassExecuter.runTestClass(JUnitTestClassExecuter.java:86)
    	at org.gradle.api.internal.tasks.testing.junit.JUnitTestClassExecuter.execute(JUnitTestClassExecuter.java:49)
    	at org.gradle.api.internal.tasks.testing.junit.JUnitTestClassProcessor.processTestClass(JUnitTestClassProcessor.java:64)
    	at org.gradle.api.internal.tasks.testing.SuiteTestClassProcessor.processTestClass(SuiteTestClassProcessor.java:50)
    	at sun.reflect.NativeMethodAccessorImpl.invoke0(Native Method)
    	at sun.reflect.NativeMethodAccessorImpl.invoke(NativeMethodAccessorImpl.java:62)
    	at sun.reflect.DelegatingMethodAccessorImpl.invoke(DelegatingMethodAccessorImpl.java:43)
    	at java.lang.reflect.Method.invoke(Method.java:483)
    	at org.gradle.messaging.dispatch.ReflectionDispatch.dispatch(ReflectionDispatch.java:35)
    	at org.gradle.messaging.dispatch.ReflectionDispatch.dispatch(ReflectionDispatch.java:24)
    	at org.gradle.messaging.dispatch.ContextClassLoaderDispatch.dispatch(ContextClassLoaderDispatch.java:32)
    	at org.gradle.messaging.dispatch.ProxyDispatchAdapter$DispatchingInvocationHandler.invoke(ProxyDispatchAdapter.java:93)
    	at com.sun.proxy.$Proxy2.processTestClass(Unknown Source)
    	at org.gradle.api.internal.tasks.testing.worker.TestWorker.processTestClass(TestWorker.java:106)
    	at sun.reflect.NativeMethodAccessorImpl.invoke0(Native Method)
    	at sun.reflect.NativeMethodAccessorImpl.invoke(NativeMethodAccessorImpl.java:62)
    	at sun.reflect.DelegatingMethodAccessorImpl.invoke(DelegatingMethodAccessorImpl.java:43)
    	at java.lang.reflect.Method.invoke(Method.java:483)
    	at org.gradle.messaging.dispatch.ReflectionDispatch.dispatch(ReflectionDispatch.java:35)
    	at org.gradle.messaging.dispatch.ReflectionDispatch.dispatch(ReflectionDispatch.java:24)
    	at org.gradle.messaging.remote.internal.hub.MessageHub$Handler.run(MessageHub.java:360)
    	at org.gradle.internal.concurrent.ExecutorPolicy$CatchAndRecordFailures.onExecute(ExecutorPolicy.java:54)
    	at org.gradle.internal.concurrent.StoppableExecutorImpl$1.run(StoppableExecutorImpl.java:40)
    	at java.util.concurrent.ThreadPoolExecutor.runWorker(ThreadPoolExecutor.java:1142)
    	at java.util.concurrent.ThreadPoolExecutor$Worker.run(ThreadPoolExecutor.java:617)
    	at java.lang.Thread.run(Thread.java:745)

com.tngtech.jgiven.junit.ScenarioExecutionTest > AfterStage_methods_of_the_last_stage_are_executed STANDARD_ERROR
    [Test worker] ERROR com.tngtech.jgiven.impl.StandaloneScenarioExecutor - null
    com.tngtech.jgiven.junit.ScenarioExecutionTest$SomeExceptionInAfterStage
    	at com.tngtech.jgiven.junit.ScenarioExecutionTest$AssertionInAfterStage.after(ScenarioExecutionTest.java:177)
    	at com.tngtech.jgiven.junit.ScenarioExecutionTest$AssertionInAfterStage$$EnhancerByCGLIB$$5eb2a95c.CGLIB$after$1(<generated>)
    	at com.tngtech.jgiven.junit.ScenarioExecutionTest$AssertionInAfterStage$$EnhancerByCGLIB$$5eb2a95c$$FastClassByCGLIB$$35c6b950.invoke(<generated>)
    	at net.sf.cglib.proxy.MethodProxy.invokeSuper(MethodProxy.java:228)
    	at com.tngtech.jgiven.impl.intercept.StandaloneStepMethodInterceptor$1.proceed(StandaloneStepMethodInterceptor.java:26)
    	at com.tngtech.jgiven.impl.intercept.StepMethodInterceptor.doIntercept(StepMethodInterceptor.java:61)
    	at com.tngtech.jgiven.impl.intercept.StandaloneStepMethodInterceptor.intercept(StandaloneStepMethodInterceptor.java:30)
    	at com.tngtech.jgiven.junit.ScenarioExecutionTest$AssertionInAfterStage$$EnhancerByCGLIB$$5eb2a95c.after(<generated>)
    	at sun.reflect.NativeMethodAccessorImpl.invoke0(Native Method)
    	at sun.reflect.NativeMethodAccessorImpl.invoke(NativeMethodAccessorImpl.java:62)
    	at sun.reflect.DelegatingMethodAccessorImpl.invoke(DelegatingMethodAccessorImpl.java:43)
    	at java.lang.reflect.Method.invoke(Method.java:483)
    	at com.tngtech.jgiven.impl.util.ReflectionUtil.invokeMethod(ReflectionUtil.java:175)
    	at com.tngtech.jgiven.impl.StandaloneScenarioExecutor$1.act(StandaloneScenarioExecutor.java:328)
    	at com.tngtech.jgiven.impl.util.ReflectionUtil$2.act(ReflectionUtil.java:54)
    	at com.tngtech.jgiven.impl.util.ReflectionUtil.forEachSuperClass(ReflectionUtil.java:67)
    	at com.tngtech.jgiven.impl.util.ReflectionUtil.forEachSuperClass(ReflectionUtil.java:70)
    	at com.tngtech.jgiven.impl.util.ReflectionUtil.forEachMethod(ReflectionUtil.java:49)
    	at com.tngtech.jgiven.impl.StandaloneScenarioExecutor.executeAnnotatedMethods(StandaloneScenarioExecutor.java:325)
    	at com.tngtech.jgiven.impl.StandaloneScenarioExecutor.executeAfterStageMethods(StandaloneScenarioExecutor.java:282)
    	at com.tngtech.jgiven.impl.StandaloneScenarioExecutor.callFinishLifeCycleMethods(StandaloneScenarioExecutor.java:408)
    	at com.tngtech.jgiven.impl.StandaloneScenarioExecutor.finished(StandaloneScenarioExecutor.java:396)
    	at com.tngtech.jgiven.impl.ScenarioBase.finished(ScenarioBase.java:57)
    	at com.tngtech.jgiven.junit.ScenarioExecutionTest.AfterStage_methods_of_the_last_stage_are_executed(ScenarioExecutionTest.java:191)
    	at sun.reflect.NativeMethodAccessorImpl.invoke0(Native Method)
    	at sun.reflect.NativeMethodAccessorImpl.invoke(NativeMethodAccessorImpl.java:62)
    	at sun.reflect.DelegatingMethodAccessorImpl.invoke(DelegatingMethodAccessorImpl.java:43)
    	at java.lang.reflect.Method.invoke(Method.java:483)
    	at org.junit.runners.model.FrameworkMethod$1.runReflectiveCall(FrameworkMethod.java:50)
    	at org.junit.internal.runners.model.ReflectiveCallable.run(ReflectiveCallable.java:12)
    	at org.junit.runners.model.FrameworkMethod.invokeExplosively(FrameworkMethod.java:47)
    	at org.junit.internal.runners.statements.InvokeMethod.evaluate(InvokeMethod.java:17)
    	at org.junit.internal.runners.statements.ExpectException.evaluate(ExpectException.java:19)
    	at com.tngtech.jgiven.junit.ScenarioExecutionRule$1.evaluate(ScenarioExecutionRule.java:74)
    	at org.junit.runners.ParentRunner.runLeaf(ParentRunner.java:325)
    	at org.junit.runners.BlockJUnit4ClassRunner.runChild(BlockJUnit4ClassRunner.java:78)
    	at org.junit.runners.BlockJUnit4ClassRunner.runChild(BlockJUnit4ClassRunner.java:57)
    	at org.junit.runners.ParentRunner$3.run(ParentRunner.java:290)
    	at org.junit.runners.ParentRunner$1.schedule(ParentRunner.java:71)
    	at org.junit.runners.ParentRunner.runChildren(ParentRunner.java:288)
    	at org.junit.runners.ParentRunner.access$000(ParentRunner.java:58)
    	at org.junit.runners.ParentRunner$2.evaluate(ParentRunner.java:268)
    	at com.tngtech.java.junit.dataprovider.DataProviderRunner$1.evaluate(DataProviderRunner.java:170)
    	at org.junit.rules.TestWatcher$1.evaluate(TestWatcher.java:55)
    	at org.junit.rules.RunRules.evaluate(RunRules.java:20)
    	at org.junit.runners.ParentRunner.run(ParentRunner.java:363)
    	at org.gradle.api.internal.tasks.testing.junit.JUnitTestClassExecuter.runTestClass(JUnitTestClassExecuter.java:86)
    	at org.gradle.api.internal.tasks.testing.junit.JUnitTestClassExecuter.execute(JUnitTestClassExecuter.java:49)
    	at org.gradle.api.internal.tasks.testing.junit.JUnitTestClassProcessor.processTestClass(JUnitTestClassProcessor.java:64)
    	at org.gradle.api.internal.tasks.testing.SuiteTestClassProcessor.processTestClass(SuiteTestClassProcessor.java:50)
    	at sun.reflect.NativeMethodAccessorImpl.invoke0(Native Method)
    	at sun.reflect.NativeMethodAccessorImpl.invoke(NativeMethodAccessorImpl.java:62)
    	at sun.reflect.DelegatingMethodAccessorImpl.invoke(DelegatingMethodAccessorImpl.java:43)
    	at java.lang.reflect.Method.invoke(Method.java:483)
    	at org.gradle.messaging.dispatch.ReflectionDispatch.dispatch(ReflectionDispatch.java:35)
    	at org.gradle.messaging.dispatch.ReflectionDispatch.dispatch(ReflectionDispatch.java:24)
    	at org.gradle.messaging.dispatch.ContextClassLoaderDispatch.dispatch(ContextClassLoaderDispatch.java:32)
    	at org.gradle.messaging.dispatch.ProxyDispatchAdapter$DispatchingInvocationHandler.invoke(ProxyDispatchAdapter.java:93)
    	at com.sun.proxy.$Proxy2.processTestClass(Unknown Source)
    	at org.gradle.api.internal.tasks.testing.worker.TestWorker.processTestClass(TestWorker.java:106)
    	at sun.reflect.NativeMethodAccessorImpl.invoke0(Native Method)
    	at sun.reflect.NativeMethodAccessorImpl.invoke(NativeMethodAccessorImpl.java:62)
    	at sun.reflect.DelegatingMethodAccessorImpl.invoke(DelegatingMethodAccessorImpl.java:43)
    	at java.lang.reflect.Method.invoke(Method.java:483)
    	at org.gradle.messaging.dispatch.ReflectionDispatch.dispatch(ReflectionDispatch.java:35)
    	at org.gradle.messaging.dispatch.ReflectionDispatch.dispatch(ReflectionDispatch.java:24)
    	at org.gradle.messaging.remote.internal.hub.MessageHub$Handler.run(MessageHub.java:360)
    	at org.gradle.internal.concurrent.ExecutorPolicy$CatchAndRecordFailures.onExecute(ExecutorPolicy.java:54)
    	at org.gradle.internal.concurrent.StoppableExecutorImpl$1.run(StoppableExecutorImpl.java:40)
    	at java.util.concurrent.ThreadPoolExecutor.runWorker(ThreadPoolExecutor.java:1142)
    	at java.util.concurrent.ThreadPoolExecutor$Worker.run(ThreadPoolExecutor.java:617)
    	at java.lang.Thread.run(Thread.java:745)

com.tngtech.jgiven.junit.ScenarioExecutionTest > exception_in_after_rule_method_is_propagated STANDARD_ERROR
    [Test worker] ERROR com.tngtech.jgiven.impl.StandaloneScenarioExecutor - AfterRule
    java.lang.IllegalStateException: AfterRule
    	at com.tngtech.jgiven.junit.ScenarioExecutionTest$RuleThatThrowsExceptionInAfter.after(ScenarioExecutionTest.java:167)
    	at sun.reflect.NativeMethodAccessorImpl.invoke0(Native Method)
    	at sun.reflect.NativeMethodAccessorImpl.invoke(NativeMethodAccessorImpl.java:62)
    	at sun.reflect.DelegatingMethodAccessorImpl.invoke(DelegatingMethodAccessorImpl.java:43)
    	at java.lang.reflect.Method.invoke(Method.java:483)
    	at com.tngtech.jgiven.impl.util.ReflectionUtil.invokeMethod(ReflectionUtil.java:175)
    	at com.tngtech.jgiven.impl.StandaloneScenarioExecutor.invokeRuleMethod(StandaloneScenarioExecutor.java:351)
    	at com.tngtech.jgiven.impl.StandaloneScenarioExecutor.callFinishLifeCycleMethods(StandaloneScenarioExecutor.java:429)
    	at com.tngtech.jgiven.impl.StandaloneScenarioExecutor.finished(StandaloneScenarioExecutor.java:396)
    	at com.tngtech.jgiven.junit.ScenarioExecutionTest.exception_in_after_rule_method_is_propagated(ScenarioExecutionTest.java:157)
    	at sun.reflect.NativeMethodAccessorImpl.invoke0(Native Method)
    	at sun.reflect.NativeMethodAccessorImpl.invoke(NativeMethodAccessorImpl.java:62)
    	at sun.reflect.DelegatingMethodAccessorImpl.invoke(DelegatingMethodAccessorImpl.java:43)
    	at java.lang.reflect.Method.invoke(Method.java:483)
    	at org.junit.runners.model.FrameworkMethod$1.runReflectiveCall(FrameworkMethod.java:50)
    	at org.junit.internal.runners.model.ReflectiveCallable.run(ReflectiveCallable.java:12)
    	at org.junit.runners.model.FrameworkMethod.invokeExplosively(FrameworkMethod.java:47)
    	at org.junit.internal.runners.statements.InvokeMethod.evaluate(InvokeMethod.java:17)
    	at org.junit.internal.runners.statements.ExpectException.evaluate(ExpectException.java:19)
    	at com.tngtech.jgiven.junit.ScenarioExecutionRule$1.evaluate(ScenarioExecutionRule.java:74)
    	at org.junit.runners.ParentRunner.runLeaf(ParentRunner.java:325)
    	at org.junit.runners.BlockJUnit4ClassRunner.runChild(BlockJUnit4ClassRunner.java:78)
    	at org.junit.runners.BlockJUnit4ClassRunner.runChild(BlockJUnit4ClassRunner.java:57)
    	at org.junit.runners.ParentRunner$3.run(ParentRunner.java:290)
    	at org.junit.runners.ParentRunner$1.schedule(ParentRunner.java:71)
    	at org.junit.runners.ParentRunner.runChildren(ParentRunner.java:288)
    	at org.junit.runners.ParentRunner.access$000(ParentRunner.java:58)
    	at org.junit.runners.ParentRunner$2.evaluate(ParentRunner.java:268)
    	at com.tngtech.java.junit.dataprovider.DataProviderRunner$1.evaluate(DataProviderRunner.java:170)
    	at org.junit.rules.TestWatcher$1.evaluate(TestWatcher.java:55)
    	at org.junit.rules.RunRules.evaluate(RunRules.java:20)
    	at org.junit.runners.ParentRunner.run(ParentRunner.java:363)
    	at org.gradle.api.internal.tasks.testing.junit.JUnitTestClassExecuter.runTestClass(JUnitTestClassExecuter.java:86)
    	at org.gradle.api.internal.tasks.testing.junit.JUnitTestClassExecuter.execute(JUnitTestClassExecuter.java:49)
    	at org.gradle.api.internal.tasks.testing.junit.JUnitTestClassProcessor.processTestClass(JUnitTestClassProcessor.java:64)
    	at org.gradle.api.internal.tasks.testing.SuiteTestClassProcessor.processTestClass(SuiteTestClassProcessor.java:50)
    	at sun.reflect.NativeMethodAccessorImpl.invoke0(Native Method)
    	at sun.reflect.NativeMethodAccessorImpl.invoke(NativeMethodAccessorImpl.java:62)
    	at sun.reflect.DelegatingMethodAccessorImpl.invoke(DelegatingMethodAccessorImpl.java:43)
    	at java.lang.reflect.Method.invoke(Method.java:483)
    	at org.gradle.messaging.dispatch.ReflectionDispatch.dispatch(ReflectionDispatch.java:35)
    	at org.gradle.messaging.dispatch.ReflectionDispatch.dispatch(ReflectionDispatch.java:24)
    	at org.gradle.messaging.dispatch.ContextClassLoaderDispatch.dispatch(ContextClassLoaderDispatch.java:32)
    	at org.gradle.messaging.dispatch.ProxyDispatchAdapter$DispatchingInvocationHandler.invoke(ProxyDispatchAdapter.java:93)
    	at com.sun.proxy.$Proxy2.processTestClass(Unknown Source)
    	at org.gradle.api.internal.tasks.testing.worker.TestWorker.processTestClass(TestWorker.java:106)
    	at sun.reflect.NativeMethodAccessorImpl.invoke0(Native Method)
    	at sun.reflect.NativeMethodAccessorImpl.invoke(NativeMethodAccessorImpl.java:62)
    	at sun.reflect.DelegatingMethodAccessorImpl.invoke(DelegatingMethodAccessorImpl.java:43)
    	at java.lang.reflect.Method.invoke(Method.java:483)
    	at org.gradle.messaging.dispatch.ReflectionDispatch.dispatch(ReflectionDispatch.java:35)
    	at org.gradle.messaging.dispatch.ReflectionDispatch.dispatch(ReflectionDispatch.java:24)
    	at org.gradle.messaging.remote.internal.hub.MessageHub$Handler.run(MessageHub.java:360)
    	at org.gradle.internal.concurrent.ExecutorPolicy$CatchAndRecordFailures.onExecute(ExecutorPolicy.java:54)
    	at org.gradle.internal.concurrent.StoppableExecutorImpl$1.run(StoppableExecutorImpl.java:40)
    	at java.util.concurrent.ThreadPoolExecutor.runWorker(ThreadPoolExecutor.java:1142)
    	at java.util.concurrent.ThreadPoolExecutor$Worker.run(ThreadPoolExecutor.java:617)
    	at java.lang.Thread.run(Thread.java:745)

com.tngtech.jgiven.junit.ScenarioExecutionTest > NotImplementedYet_annotation_works_on_test_methods STANDARD_ERROR
    [Test worker] WARN com.tngtech.jgiven.impl.intercept.StepMethodInterceptor - The step method an_exception_is_thrown of class TestStage does not follow the fluent interface convention of returning the receiver object. Please change the return type to the SELF type parameter.
:jgiven-junit:jgivenHtml5Report[main] INFO com.tngtech.jgiven.report.json.ReportModelReader - Removing empty scenarios...
[main] INFO com.tngtech.jgiven.report.json.ReportModelReader - Removing empty scenarios...
[main] INFO com.tngtech.jgiven.report.json.ReportModelReader - Removing empty scenarios...
[main] INFO com.tngtech.jgiven.report.json.ReportModelReader - Removing empty scenarios...
[main] INFO com.tngtech.jgiven.report.json.ReportModelReader - Removing empty scenarios...
[main] INFO com.tngtech.jgiven.report.json.ReportModelReader - Removing empty scenarios...
[main] INFO com.tngtech.jgiven.report.json.ReportModelReader - Removing empty scenarios...
[main] INFO com.tngtech.jgiven.report.json.ReportModelReader - Removing empty scenarios...
[main] INFO com.tngtech.jgiven.report.json.ReportModelReader - Removing empty scenarios...
[main] INFO com.tngtech.jgiven.report.json.ReportModelReader - Removing empty scenarios...
[main] INFO com.tngtech.jgiven.report.json.ReportModelReader - Removing empty scenarios...
[main] INFO com.tngtech.jgiven.report.json.ReportModelReader - Removing empty scenarios...
[main] INFO com.tngtech.jgiven.report.json.ReportModelReader - Removing empty scenarios...
[main] INFO com.tngtech.jgiven.report.json.ReportModelReader - Removing empty scenarios...
[main] INFO com.tngtech.jgiven.report.json.ReportModelReader - Removing empty scenarios...
[main] INFO com.tngtech.jgiven.report.json.ReportModelReader - Removing empty scenarios...
[main] INFO com.tngtech.jgiven.report.json.ReportModelReader - Removing empty scenarios...
[main] INFO com.tngtech.jgiven.report.json.ReportModelReader - Removing empty scenarios...
[main] INFO com.tngtech.jgiven.report.json.ReportModelReader - Removing empty scenarios...
[main] INFO com.tngtech.jgiven.report.json.ReportModelReader - Removing empty scenarios...
[main] INFO com.tngtech.jgiven.report.html5.Html5ReportGenerator - Generating HTML5 report to /home/travis/build/TNG/JGiven/jgiven-junit/build/reports/jgiven/html5/index.html
[main] INFO com.tngtech.jgiven.report.html5.Html5AttachmentGenerator - Attachment written to build/reports/jgiven/html5/data/attachments/com/tngtech/jgiven/junit/ScenarioExecutionTest/attachment.txt
[main] INFO com.tngtech.jgiven.report.html5.Html5ReportGenerator - Written 86 scenarios to data0.js
[main] INFO com.tngtech.jgiven.report.html5.Html5ReportGenerator - Cannot read build/resources/test/jgiven/custom.css, skipping

:jgiven-maven-plugin:compileJavawarning: [options] bootstrap class path not set in conjunction with -source 1.6
1 warning

:jgiven-maven-plugin:processResources UP-TO-DATE
:jgiven-maven-plugin:classes
:jgiven-maven-plugin:compileTestJava UP-TO-DATE
:jgiven-maven-plugin:processTestResources UP-TO-DATE
:jgiven-maven-plugin:testClasses UP-TO-DATE
:jgiven-maven-plugin:test UP-TO-DATE
:jgiven-spring:compileTestJavawarning: [options] bootstrap class path not set in conjunction with -source 1.6

:jgiven-spring:processTestResources UP-TO-DATE
:jgiven-spring:testClasses
:jgiven-spring:test

com.tngtech.jgiven.integration.spring.test.SpringOrderTest > _2 STANDARD_ERROR
    [Test worker] WARN com.tngtech.jgiven.impl.intercept.StepMethodInterceptor - The step method testAssertionFailed of class TestStage does not follow the fluent interface convention of returning the receiver object. Please change the return type to the SELF type parameter.

com.tngtech.jgiven.integration.spring.test.XmlConfiguredSpringScenarioTestTest > spring_can_inject_beans_into_stages STANDARD_ERROR
    [Test worker] ERROR org.springframework.test.context.TestContextManager - Caught exception while allowing TestExecutionListener [org.springframework.test.context.support.DependencyInjectionTestExecutionListener@262067e7] to prepare test instance [com.tngtech.jgiven.integration.spring.test.XmlConfiguredSpringScenarioTestTest@70d6ccc5]
    org.springframework.beans.factory.NoUniqueBeanDefinitionException: No qualifying bean of type [com.tngtech.jgiven.integration.spring.SpringScenarioExecutor] is defined: expected single matching bean but found 2: com.tngtech.jgiven.integration.spring.SpringScenarioExecutor#0,springScenarioExecutor
    	at org.springframework.beans.factory.support.DefaultListableBeanFactory.getBean(DefaultListableBeanFactory.java:289)
    	at com.tngtech.jgiven.integration.spring.SpringScenarioTest.setBeanFactory(SpringScenarioTest.java:31)
    	at org.springframework.beans.factory.support.AbstractAutowireCapableBeanFactory.invokeAwareMethods(AbstractAutowireCapableBeanFactory.java:1502)
    	at org.springframework.beans.factory.support.AbstractAutowireCapableBeanFactory.initializeBean(AbstractAutowireCapableBeanFactory.java:1470)
    	at org.springframework.beans.factory.support.AbstractAutowireCapableBeanFactory.initializeBean(AbstractAutowireCapableBeanFactory.java:388)
    	at org.springframework.test.context.support.DependencyInjectionTestExecutionListener.injectDependencies(DependencyInjectionTestExecutionListener.java:111)
    	at org.springframework.test.context.support.DependencyInjectionTestExecutionListener.prepareTestInstance(DependencyInjectionTestExecutionListener.java:75)
    	at org.springframework.test.context.TestContextManager.prepareTestInstance(TestContextManager.java:312)
    	at org.springframework.test.context.junit4.SpringJUnit4ClassRunner.createTest(SpringJUnit4ClassRunner.java:211)
    	at org.springframework.test.context.junit4.SpringJUnit4ClassRunner$1.runReflectiveCall(SpringJUnit4ClassRunner.java:288)
    	at org.junit.internal.runners.model.ReflectiveCallable.run(ReflectiveCallable.java:12)
    	at org.springframework.test.context.junit4.SpringJUnit4ClassRunner.methodBlock(SpringJUnit4ClassRunner.java:284)
    	at org.springframework.test.context.junit4.SpringJUnit4ClassRunner.runChild(SpringJUnit4ClassRunner.java:231)
    	at org.springframework.test.context.junit4.SpringJUnit4ClassRunner.runChild(SpringJUnit4ClassRunner.java:88)
    	at org.junit.runners.ParentRunner$3.run(ParentRunner.java:290)
    	at org.junit.runners.ParentRunner$1.schedule(ParentRunner.java:71)
    	at org.junit.runners.ParentRunner.runChildren(ParentRunner.java:288)
    	at org.junit.runners.ParentRunner.access$000(ParentRunner.java:58)
    	at org.junit.runners.ParentRunner$2.evaluate(ParentRunner.java:268)
    	at org.springframework.test.context.junit4.statements.RunBeforeTestClassCallbacks.evaluate(RunBeforeTestClassCallbacks.java:61)
    	at org.springframework.test.context.junit4.statements.RunAfterTestClassCallbacks.evaluate(RunAfterTestClassCallbacks.java:71)
    	at org.junit.rules.TestWatcher$1.evaluate(TestWatcher.java:55)
    	at org.junit.rules.RunRules.evaluate(RunRules.java:20)
    	at org.junit.runners.ParentRunner.run(ParentRunner.java:363)
    	at org.springframework.test.context.junit4.SpringJUnit4ClassRunner.run(SpringJUnit4ClassRunner.java:174)
    	at org.gradle.api.internal.tasks.testing.junit.JUnitTestClassExecuter.runTestClass(JUnitTestClassExecuter.java:86)
    	at org.gradle.api.internal.tasks.testing.junit.JUnitTestClassExecuter.execute(JUnitTestClassExecuter.java:49)
    	at org.gradle.api.internal.tasks.testing.junit.JUnitTestClassProcessor.processTestClass(JUnitTestClassProcessor.java:64)
    	at org.gradle.api.internal.tasks.testing.SuiteTestClassProcessor.processTestClass(SuiteTestClassProcessor.java:50)
    	at sun.reflect.NativeMethodAccessorImpl.invoke0(Native Method)
    	at sun.reflect.NativeMethodAccessorImpl.invoke(NativeMethodAccessorImpl.java:62)
    	at sun.reflect.DelegatingMethodAccessorImpl.invoke(DelegatingMethodAccessorImpl.java:43)
    	at java.lang.reflect.Method.invoke(Method.java:483)
    	at org.gradle.messaging.dispatch.ReflectionDispatch.dispatch(ReflectionDispatch.java:35)
    	at org.gradle.messaging.dispatch.ReflectionDispatch.dispatch(ReflectionDispatch.java:24)
    	at org.gradle.messaging.dispatch.ContextClassLoaderDispatch.dispatch(ContextClassLoaderDispatch.java:32)
    	at org.gradle.messaging.dispatch.ProxyDispatchAdapter$DispatchingInvocationHandler.invoke(ProxyDispatchAdapter.java:93)
    	at com.sun.proxy.$Proxy2.processTestClass(Unknown Source)
    	at org.gradle.api.internal.tasks.testing.worker.TestWorker.processTestClass(TestWorker.java:106)
    	at sun.reflect.NativeMethodAccessorImpl.invoke0(Native Method)
    	at sun.reflect.NativeMethodAccessorImpl.invoke(NativeMethodAccessorImpl.java:62)
    	at sun.reflect.DelegatingMethodAccessorImpl.invoke(DelegatingMethodAccessorImpl.java:43)
    	at java.lang.reflect.Method.invoke(Method.java:483)
    	at org.gradle.messaging.dispatch.ReflectionDispatch.dispatch(ReflectionDispatch.java:35)
    	at org.gradle.messaging.dispatch.ReflectionDispatch.dispatch(ReflectionDispatch.java:24)
    	at org.gradle.messaging.remote.internal.hub.MessageHub$Handler.run(MessageHub.java:360)
    	at org.gradle.internal.concurrent.ExecutorPolicy$CatchAndRecordFailures.onExecute(ExecutorPolicy.java:54)
    	at org.gradle.internal.concurrent.StoppableExecutorImpl$1.run(StoppableExecutorImpl.java:40)
    	at java.util.concurrent.ThreadPoolExecutor.runWorker(ThreadPoolExecutor.java:1142)
    	at java.util.concurrent.ThreadPoolExecutor$Worker.run(ThreadPoolExecutor.java:617)
    	at java.lang.Thread.run(Thread.java:745)

com.tngtech.jgiven.integration.spring.test.XmlConfiguredSpringScenarioTestTest > spring_can_inject_beans_into_stages FAILED
    org.springframework.beans.factory.NoUniqueBeanDefinitionException

6 tests completed, 1 failed
:jgiven-spring:test FAILED

FAILURE: Build failed with an exception.

* What went wrong:
Execution failed for task ':jgiven-spring:test'.
> There were failing tests. See the report at: file:///home/travis/build/TNG/JGiven/jgiven-spring/build/reports/tests/index.html

* Try:
Run with --stacktrace option to get the stack trace. Run with --info or --debug option to get more log output.

BUILD FAILED

Total time: 1 mins 13.459 secs

travis_time:end:0a2d27dc:start=1471593343759871697,finish=1471593417632474513,duration=73872602816[0K
[31;1mThe command "./gradlew test -DjunitVersion=4.10" exited with 1.[0m
travis_time:start:00466906[0K$ ./gradlew test -DjunitVersion=4.11
:jgiven-core:compileJava UP-TO-DATE
:jgiven-core:processResources UP-TO-DATE
:jgiven-core:classes UP-TO-DATE
:jgiven-core:compileTestJava UP-TO-DATE
:jgiven-core:processTestResources UP-TO-DATE
:jgiven-core:testClasses UP-TO-DATE
:jgiven-core:test UP-TO-DATE
:jgiven-core:jar
:jgiven-examples:compileJava UP-TO-DATE
:jgiven-examples:processResources UP-TO-DATE
:jgiven-examples:classes UP-TO-DATE
:jgiven-html5-report:compileJavawarning: [options] bootstrap class path not set in conjunction with -source 1.6
1 warning

:jgiven-html5-report:processResources UP-TO-DATE
:jgiven-html5-report:classes
:jgiven-html5-report:deleteCssFiles
:jgiven-html5-report:copyAppFiles
:jgiven-html5-report:bowerUpdate UP-TO-DATE
:jgiven-html5-report:copyCssFiles
:jgiven-html5-report:copyFontFiles UP-TO-DATE
:jgiven-html5-report:copyImageFiles UP-TO-DATE
:jgiven-html5-report:copyJsFiles UP-TO-DATE
:jgiven-html5-report:zipAppDir UP-TO-DATE
:jgiven-html5-report:jar
:jgiven-junit:compileJavawarning: [options] bootstrap class path not set in conjunction with -source 1.6
Note: Some input files use or override a deprecated API.
Note: Recompile with -Xlint:deprecation for details.
1 warning

:jgiven-junit:processResources UP-TO-DATE
:jgiven-junit:classes
:jgiven-junit:jar
:jgiven-spring:compileJavawarning: [options] bootstrap class path not set in conjunction with -source 1.6
1 warning

:jgiven-spring:processResources UP-TO-DATE
:jgiven-spring:classes
:jgiven-spring:jar
:jgiven-testng:compileJavawarning: [options] bootstrap class path not set in conjunction with -source 1.6
1 warning

:jgiven-testng:processResources UP-TO-DATE
:jgiven-testng:classes
:jgiven-testng:jar
:jgiven-tests:compileJavawarning: [options] bootstrap class path not set in conjunction with -source 1.7
Note: /home/travis/build/TNG/JGiven/jgiven-tests/src/main/java/com/tngtech/jgiven/tests/TestScenarios.java uses or overrides a deprecated API.
Note: Recompile with -Xlint:deprecation for details.
1 warning

:jgiven-tests:processResources UP-TO-DATE
:jgiven-tests:classes
:jgiven-tests:jar
:jgiven-examples:compileTestJavawarning: [options] bootstrap class path not set in conjunction with -source 1.6
Note: /home/travis/build/TNG/JGiven/jgiven-examples/src/test/java/com/tngtech/jgiven/examples/pancakes/test/SpringPanCakeScenarioTest.java uses or overrides a deprecated API.
Note: Recompile with -Xlint:deprecation for details.
Note: /home/travis/build/TNG/JGiven/jgiven-examples/src/test/java/com/tngtech/jgiven/examples/datatable/DataTableExamples.java uses unchecked or unsafe operations.
Note: Recompile with -Xlint:unchecked for details.

:jgiven-examples:processTestResources UP-TO-DATE
:jgiven-examples:testClasses
:jgiven-examples:test

com.tngtech.jgiven.examples.coffeemachine.ServeCoffeeTest > a_scenario_with_a_failing_test_case_for_demonstration_purposes[1: false] FAILED
    org.junit.ComparisonFailure at ServeCoffeeTest.java:169

com.tngtech.jgiven.examples.coffeemachine.ServeCoffeeTest > shouldFailWithUnexpectedRuntimeException FAILED
    org.junit.runners.model.TestTimedOutException at ServeCoffeeTest.java:186

com.tngtech.jgiven.examples.coffeemachine.ServeCoffeeTest > a_failing_scenario_for_demonstration_purposes STANDARD_ERROR
    [Time-limited test] ERROR com.tngtech.jgiven.impl.StandaloneScenarioExecutor - sleep interrupted
    [Test worker] WARN com.tngtech.jgiven.impl.intercept.StepMethodInterceptor - The step method steps_following_a_failed_step_should_be_skipped of class ThenCoffee does not follow the fluent interface convention of returning the receiver object. Please change the return type to the SELF type parameter.
    java.lang.InterruptedException: sleep interrupted
    	at java.lang.Thread.sleep(Native Method)
    	at com.tngtech.jgiven.examples.coffeemachine.ServeCoffeeTest$1.apply(ServeCoffeeTest.java:191)
    	at com.tngtech.jgiven.examples.coffeemachine.ServeCoffeeTest$1.apply(ServeCoffeeTest.java:187)
    	at com.tngtech.jgiven.base.StageBase.$(StageBase.java:43)
    	at com.tngtech.jgiven.examples.coffeemachine.steps.ThenCoffee$$EnhancerByCGLIB$$33eb2053.CGLIB$$$18(<generated>)
    	at com.tngtech.jgiven.examples.coffeemachine.steps.ThenCoffee$$EnhancerByCGLIB$$33eb2053$$FastClassByCGLIB$$4033789a.invoke(<generated>)
    	at net.sf.cglib.proxy.MethodProxy.invokeSuper(MethodProxy.java:228)
    	at com.tngtech.jgiven.impl.intercept.StandaloneStepMethodInterceptor$1.proceed(StandaloneStepMethodInterceptor.java:26)
    	at com.tngtech.jgiven.impl.intercept.StepMethodInterceptor.intercept(StepMethodInterceptor.java:107)
    	at com.tngtech.jgiven.impl.intercept.StepMethodInterceptor.doIntercept(StepMethodInterceptor.java:74)
    	at com.tngtech.jgiven.impl.intercept.StandaloneStepMethodInterceptor.intercept(StandaloneStepMethodInterceptor.java:30)
    	at com.tngtech.jgiven.examples.coffeemachine.steps.ThenCoffee$$EnhancerByCGLIB$$33eb2053.$(<generated>)
    	at com.tngtech.jgiven.examples.coffeemachine.ServeCoffeeTest.shouldFailWithUnexpectedRuntimeException(ServeCoffeeTest.java:186)
    	at sun.reflect.NativeMethodAccessorImpl.invoke0(Native Method)
    	at sun.reflect.NativeMethodAccessorImpl.invoke(NativeMethodAccessorImpl.java:62)
    	at sun.reflect.DelegatingMethodAccessorImpl.invoke(DelegatingMethodAccessorImpl.java:43)
    	at java.lang.reflect.Method.invoke(Method.java:483)
    	at org.junit.runners.model.FrameworkMethod$1.runReflectiveCall(FrameworkMethod.java:50)
    	at org.junit.internal.runners.model.ReflectiveCallable.run(ReflectiveCallable.java:12)
    	at org.junit.runners.model.FrameworkMethod.invokeExplosively(FrameworkMethod.java:47)
    	at org.junit.internal.runners.statements.InvokeMethod.evaluate(InvokeMethod.java:17)
    	at org.junit.internal.runners.statements.FailOnTimeout$CallableStatement.call(FailOnTimeout.java:298)
    	at org.junit.internal.runners.statements.FailOnTimeout$CallableStatement.call(FailOnTimeout.java:292)
    	at java.util.concurrent.FutureTask.run(FutureTask.java:266)
    	at java.lang.Thread.run(Thread.java:745)

com.tngtech.jgiven.examples.coffeemachine.ServeCoffeeTest > a_failing_scenario_for_demonstration_purposes FAILED
    org.junit.ComparisonFailure at ServeCoffeeTest.java:150

com.tngtech.jgiven.examples.nested.NestedStepsTest > a_scenario_with_a_failing_nested_step_on_purpose FAILED
    org.junit.ComparisonFailure at NestedStepsTest.java:31

com.tngtech.jgiven.examples.parameters.ParametrizedScenariosTest > a_scenario_with_many_cases[5: some grouping value 0, value 5] STANDARD_ERROR
    [Test worker] WARN com.tngtech.jgiven.impl.intercept.StepMethodInterceptor - The step method another_value of class TestSteps does not follow the fluent interface convention of returning the receiver object. Please change the return type to the SELF type parameter.

com.tngtech.jgiven.examples.parameters.ParametrizedScenariosTest > a_scenario_with_many_cases[5: some grouping value 0, value 5] FAILED
    java.lang.AssertionError at ParametrizedScenariosTest.java:83

com.tngtech.jgiven.examples.parameters.ParametrizedScenariosTest > a_scenario_with_many_cases[15: some grouping value 1, value 5] STANDARD_ERROR
    [Test worker] WARN com.tngtech.jgiven.impl.intercept.StepMethodInterceptor - The step method another_value of class TestSteps does not follow the fluent interface convention of returning the receiver object. Please change the return type to the SELF type parameter.

com.tngtech.jgiven.examples.parameters.ParametrizedScenariosTest > a_scenario_with_many_cases[15: some grouping value 1, value 5] FAILED
    java.lang.AssertionError at ParametrizedScenariosTest.java:83

com.tngtech.jgiven.examples.parameters.ParametrizedScenariosTest > a_scenario_with_many_cases[25: some grouping value 2, value 5] STANDARD_ERROR
    [Test worker] WARN com.tngtech.jgiven.impl.intercept.StepMethodInterceptor - The step method another_value of class TestSteps does not follow the fluent interface convention of returning the receiver object. Please change the return type to the SELF type parameter.

com.tngtech.jgiven.examples.parameters.ParametrizedScenariosTest > a_scenario_with_many_cases[25: some grouping value 2, value 5] FAILED
    java.lang.AssertionError at ParametrizedScenariosTest.java:83

com.tngtech.jgiven.examples.parameters.ParametrizedScenariosTest > a_scenario_with_many_cases[35: some grouping value 3, value 5] STANDARD_ERROR
    [Test worker] WARN com.tngtech.jgiven.impl.intercept.StepMethodInterceptor - The step method another_value of class TestSteps does not follow the fluent interface convention of returning the receiver object. Please change the return type to the SELF type parameter.

com.tngtech.jgiven.examples.parameters.ParametrizedScenariosTest > a_scenario_with_many_cases[35: some grouping value 3, value 5] FAILED
    java.lang.AssertionError at ParametrizedScenariosTest.java:83

com.tngtech.jgiven.examples.parameters.ParametrizedScenariosTest > a_scenario_with_many_cases[45: some grouping value 4, value 5] STANDARD_ERROR
    [Test worker] WARN com.tngtech.jgiven.impl.intercept.StepMethodInterceptor - The step method another_value of class TestSteps does not follow the fluent interface convention of returning the receiver object. Please change the return type to the SELF type parameter.

com.tngtech.jgiven.examples.parameters.ParametrizedScenariosTest > a_scenario_with_many_cases[45: some grouping value 4, value 5] FAILED
    java.lang.AssertionError at ParametrizedScenariosTest.java:83

com.tngtech.jgiven.examples.parameters.ParametrizedScenariosTest > a_scenario_with_many_cases[55: some grouping value 5, value 5] STANDARD_ERROR
    [Test worker] WARN com.tngtech.jgiven.impl.intercept.StepMethodInterceptor - The step method another_value of class TestSteps does not follow the fluent interface convention of returning the receiver object. Please change the return type to the SELF type parameter.

com.tngtech.jgiven.examples.parameters.ParametrizedScenariosTest > a_scenario_with_many_cases[55: some grouping value 5, value 5] FAILED
    java.lang.AssertionError at ParametrizedScenariosTest.java:83

com.tngtech.jgiven.examples.parameters.ParametrizedScenariosTest > a_scenario_with_many_cases[65: some grouping value 6, value 5] STANDARD_ERROR
    [Test worker] WARN com.tngtech.jgiven.impl.intercept.StepMethodInterceptor - The step method another_value of class TestSteps does not follow the fluent interface convention of returning the receiver object. Please change the return type to the SELF type parameter.

com.tngtech.jgiven.examples.parameters.ParametrizedScenariosTest > a_scenario_with_many_cases[65: some grouping value 6, value 5] FAILED
    java.lang.AssertionError at ParametrizedScenariosTest.java:83

com.tngtech.jgiven.examples.parameters.ParametrizedScenariosTest > a_scenario_with_many_cases[75: some grouping value 7, value 5] STANDARD_ERROR
    [Test worker] WARN com.tngtech.jgiven.impl.intercept.StepMethodInterceptor - The step method another_value of class TestSteps does not follow the fluent interface convention of returning the receiver object. Please change the return type to the SELF type parameter.

com.tngtech.jgiven.examples.parameters.ParametrizedScenariosTest > a_scenario_with_many_cases[75: some grouping value 7, value 5] FAILED
    java.lang.AssertionError at ParametrizedScenariosTest.java:83

com.tngtech.jgiven.examples.parameters.ParametrizedScenariosTest > a_scenario_with_many_cases[85: some grouping value 8, value 5] STANDARD_ERROR
    [Test worker] WARN com.tngtech.jgiven.impl.intercept.StepMethodInterceptor - The step method another_value of class TestSteps does not follow the fluent interface convention of returning the receiver object. Please change the return type to the SELF type parameter.

com.tngtech.jgiven.examples.parameters.ParametrizedScenariosTest > a_scenario_with_many_cases[85: some grouping value 8, value 5] FAILED
    java.lang.AssertionError at ParametrizedScenariosTest.java:83

com.tngtech.jgiven.examples.parameters.ParametrizedScenariosTest > a_scenario_with_many_cases[95: some grouping value 9, value 5] STANDARD_ERROR
    [Test worker] WARN com.tngtech.jgiven.impl.intercept.StepMethodInterceptor - The step method another_value of class TestSteps does not follow the fluent interface convention of returning the receiver object. Please change the return type to the SELF type parameter.

com.tngtech.jgiven.examples.parameters.ParametrizedScenariosTest > a_scenario_with_many_cases[95: some grouping value 9, value 5] FAILED
    java.lang.AssertionError at ParametrizedScenariosTest.java:83

179 tests completed, 14 failed, 4 skipped
There were failing tests. See the report at: file:///home/travis/build/TNG/JGiven/jgiven-examples/build/reports/tests/index.html
:jgiven-examples:jgivenHtml5Report[main] INFO com.tngtech.jgiven.report.json.ReportModelReader - Removing empty scenarios...
[main] INFO com.tngtech.jgiven.report.json.ReportModelReader - Removing empty scenarios...
[main] INFO com.tngtech.jgiven.report.json.ReportModelReader - Removing empty scenarios...
[main] INFO com.tngtech.jgiven.report.json.ReportModelReader - Removing empty scenarios...
[main] INFO com.tngtech.jgiven.report.json.ReportModelReader - Removing empty scenarios...
[main] INFO com.tngtech.jgiven.report.json.ReportModelReader - Removing empty scenarios...
[main] INFO com.tngtech.jgiven.report.json.ReportModelReader - Removing empty scenarios...
[main] INFO com.tngtech.jgiven.report.json.ReportModelReader - Removing empty scenarios...
[main] INFO com.tngtech.jgiven.report.json.ReportModelReader - Removing empty scenarios...
[main] INFO com.tngtech.jgiven.report.json.ReportModelReader - Removing empty scenarios...
[main] INFO com.tngtech.jgiven.report.json.ReportModelReader - Removing empty scenarios...
[main] INFO com.tngtech.jgiven.report.json.ReportModelReader - Removing empty scenarios...
[main] INFO com.tngtech.jgiven.report.json.ReportModelReader - Removing empty scenarios...
[main] INFO com.tngtech.jgiven.report.json.ReportModelReader - Removing empty scenarios...
[main] INFO com.tngtech.jgiven.report.json.ReportModelReader - Removing empty scenarios...
[main] INFO com.tngtech.jgiven.report.json.ReportModelReader - Removing empty scenarios...
[main] INFO com.tngtech.jgiven.report.json.ReportModelReader - Removing empty scenarios...
[main] INFO com.tngtech.jgiven.report.json.ReportModelReader - Removing empty scenarios...
[main] INFO com.tngtech.jgiven.report.json.ReportModelReader - Removing empty scenarios...
[main] INFO com.tngtech.jgiven.report.json.ReportModelReader - Removing empty scenarios...
[main] INFO com.tngtech.jgiven.report.html5.Html5ReportGenerator - Generating HTML5 report to /home/travis/build/TNG/JGiven/jgiven-examples/build/reports/jgiven/html5/index.html
[main] INFO com.tngtech.jgiven.report.html5.Html5AttachmentGenerator - Attachment written to build/reports/jgiven/html5/data/attachments/com/tngtech/jgiven/examples/attachments/AttachmentsExample/attachment.txt
[main] INFO com.tngtech.jgiven.report.html5.Html5AttachmentGenerator - Attachment written to build/reports/jgiven/html5/data/attachments/com/tngtech/jgiven/examples/attachments/AttachmentsExample/oval-circle.png
[main] INFO com.tngtech.jgiven.report.html5.Html5AttachmentGenerator - Attachment written to build/reports/jgiven/html5/data/attachments/com/tngtech/jgiven/examples/attachments/AttachmentsExample/attachment2.txt
[main] INFO com.tngtech.jgiven.report.html5.Html5AttachmentGenerator - Attachment written to build/reports/jgiven/html5/data/attachments/com/tngtech/jgiven/examples/attachments/AttachmentsExample/attachment3.txt
[main] INFO com.tngtech.jgiven.report.html5.Html5AttachmentGenerator - Attachment written to build/reports/jgiven/html5/data/attachments/com/tngtech/jgiven/examples/attachments/AttachmentsExample/attachment4.txt
[main] INFO com.tngtech.jgiven.report.html5.Html5AttachmentGenerator - Attachment written to build/reports/jgiven/html5/data/attachments/com/tngtech/jgiven/examples/attachments/AttachmentsExample/oval-circle2.png
[main] INFO com.tngtech.jgiven.report.html5.Html5AttachmentGenerator - Attachment written to build/reports/jgiven/html5/data/attachments/com/tngtech/jgiven/examples/attachments/AttachmentsExample/oval-circle3.png
[main] INFO com.tngtech.jgiven.report.html5.Html5AttachmentGenerator - Attachment written to build/reports/jgiven/html5/data/attachments/com/tngtech/jgiven/examples/attachments/AttachmentsExample/large-oval-circle.png
[main] INFO com.tngtech.jgiven.report.html5.Html5AttachmentGenerator - Attachment written to build/reports/jgiven/html5/data/attachments/com/tngtech/jgiven/examples/attachments/AttachmentsExample/attachment5.txt
[main] INFO com.tngtech.jgiven.report.html5.Html5AttachmentGenerator - Attachment written to build/reports/jgiven/html5/data/attachments/com/tngtech/jgiven/examples/attachments/AttachmentsExample/attachment6.txt
[main] INFO com.tngtech.jgiven.report.html5.Html5ReportGenerator - Written 168 scenarios to data0.js
[main] INFO com.tngtech.jgiven.report.html5.Html5ReportGenerator - Written 10 scenarios to data1.js
[main] INFO com.tngtech.jgiven.report.html5.Html5ReportGenerator - Cannot read build/resources/test/jgiven/custom.css, skipping

:jgiven-html5-report:compileTestJavawarning: [options] bootstrap class path not set in conjunction with -source 1.6

:jgiven-html5-report:processTestResources UP-TO-DATE
:jgiven-html5-report:testClasses
:jgiven-html5-report:test
:jgiven-html5-report:npmInstallnpm WARN package.json jgiven-html5-report@0.7.4 No repository field.

:jgiven-html5-report:npmTest

> jgiven-html5-report@0.7.4 test /home/travis/build/TNG/JGiven/jgiven-html5-report
> karma start --debug --single-run --browsers PhantomJS

[32m19 08 2016 07:58:01.965:INFO [karma]: [39mKarma v0.13.22 server started at http://localhost:9876/
[32m19 08 2016 07:58:01.971:INFO [launcher]: [39mStarting browser PhantomJS
[32m19 08 2016 07:58:02.252:INFO [PhantomJS 1.9.8 (Linux 0.0.0)]: [39mConnected on socket /#xT474zFeq_5FwFJ2AAAA with id 41317376
PhantomJS 1.9.8 (Linux 0.0.0): Executed 0 of 8 SUCCESS (0 secs / 0 secs)
[1A[2KPhantomJS 1.9.8 (Linux 0.0.0): Executed 1 of 8 SUCCESS (0 secs / 0.02 secs)
[1A[2KPhantomJS 1.9.8 (Linux 0.0.0): Executed 2 of 8 SUCCESS (0 secs / 0.025 secs)
[1A[2KPhantomJS 1.9.8 (Linux 0.0.0): Executed 3 of 8 SUCCESS (0 secs / 0.03 secs)
[1A[2KPhantomJS 1.9.8 (Linux 0.0.0): Executed 4 of 8 SUCCESS (0 secs / 0.031 secs)
[1A[2KPhantomJS 1.9.8 (Linux 0.0.0): Executed 5 of 8 SUCCESS (0 secs / 0.031 secs)
[1A[2KPhantomJS 1.9.8 (Linux 0.0.0): Executed 6 of 8 SUCCESS (0 secs / 0.031 secs)
[1A[2KPhantomJS 1.9.8 (Linux 0.0.0): Executed 7 of 8 SUCCESS (0 secs / 0.031 secs)
[1A[2KPhantomJS 1.9.8 (Linux 0.0.0): Executed 8 of 8 SUCCESS (0 secs / 0.031 secs)
[1A[2KPhantomJS 1.9.8 (Linux 0.0.0): Executed 8 of 8 SUCCESS (0.041 secs / 0.031 secs)
:jgiven-java8-tests:compileJava UP-TO-DATE
:jgiven-java8-tests:processResources UP-TO-DATE
:jgiven-java8-tests:classes UP-TO-DATE
:jgiven-java8-tests:compileTestJavawarning: Supported source version 'RELEASE_6' from annotation processor 'net.java.quickcheck.srcgenerator.SamplesProcessor' less than -source '1.8'
warning: Supported source version 'RELEASE_6' from annotation processor 'net.java.quickcheck.srcgenerator.IterableProcessor' less than -source '1.8'
2 warnings

:jgiven-java8-tests:processTestResources UP-TO-DATE
:jgiven-java8-tests:testClasses
:jgiven-java8-tests:test
:jgiven-java8-tests:jgivenHtml5Report[main] INFO com.tngtech.jgiven.report.json.ReportModelReader - Removing empty scenarios...
[main] INFO com.tngtech.jgiven.report.html5.Html5ReportGenerator - Generating HTML5 report to /home/travis/build/TNG/JGiven/jgiven-java8-tests/build/reports/jgiven/html5/index.html
[main] INFO com.tngtech.jgiven.report.html5.Html5ReportGenerator - Written 1 scenarios to data0.js
[main] INFO com.tngtech.jgiven.report.html5.Html5ReportGenerator - Cannot read build/resources/test/jgiven/custom.css, skipping

:jgiven-junit:compileTestJavawarning: [options] bootstrap class path not set in conjunction with -source 1.6
Note: Some input files use or override a deprecated API.
Note: Recompile with -Xlint:deprecation for details.

:jgiven-junit:processTestResources UP-TO-DATE
:jgiven-junit:testClasses
:jgiven-junit:test

com.tngtech.jgiven.junit.StepsAreReportedTest > if_some_steps_are_pending_then_scenario_status_is_partially STANDARD_ERROR
    [Test worker] WARN com.tngtech.jgiven.impl.intercept.StepMethodInterceptor - The step method some_pending_step of class TestSteps does not follow the fluent interface convention of returning the receiver object. Please change the return type to the SELF type parameter.

com.tngtech.jgiven.junit.StepsAreReportedTest > if_some_steps_are_not_implemented_then_scenario_status_is_partially STANDARD_ERROR
    [Test worker] WARN com.tngtech.jgiven.impl.intercept.StepMethodInterceptor - The step method some_not_implemented_step of class TestSteps does not follow the fluent interface convention of returning the receiver object. Please change the return type to the SELF type parameter.

com.tngtech.jgiven.junit.StepsAreReportedTest > steps_annotated_with_Pending_are_recognized STANDARD_ERROR
    [Test worker] WARN com.tngtech.jgiven.impl.intercept.StepMethodInterceptor - The step method some_pending_step of class TestSteps does not follow the fluent interface convention of returning the receiver object. Please change the return type to the SELF type parameter.

com.tngtech.jgiven.junit.StepsAreReportedTest > steps_annotated_with_NotImplementedYet_are_recognized STANDARD_ERROR
    [Test worker] WARN com.tngtech.jgiven.impl.intercept.StepMethodInterceptor - The step method some_not_implemented_step of class TestSteps does not follow the fluent interface convention of returning the receiver object. Please change the return type to the SELF type parameter.

com.tngtech.jgiven.junit.ScenarioExecutionTest > After_methods_are_called_even_if_step_fails STANDARD_ERROR
    [Test worker] WARN com.tngtech.jgiven.impl.intercept.StepMethodInterceptor - The step method someFailingStep of class BeforeAfterTestStage does not follow the fluent interface convention of returning the receiver object. Please change the return type to the SELF type parameter.

com.tngtech.jgiven.junit.ScenarioExecutionTest > exception_in_after_method_is_propagated STANDARD_ERROR
    [Test worker] ERROR com.tngtech.jgiven.impl.StandaloneScenarioExecutor - AfterScenario
    java.lang.IllegalStateException: AfterScenario
    	at com.tngtech.jgiven.junit.ScenarioExecutionTest$TestStageWithExceptionInAfterScenario.throwException(ScenarioExecutionTest.java:132)
    	at com.tngtech.jgiven.junit.ScenarioExecutionTest$TestStageWithExceptionInAfterScenario$$EnhancerByCGLIB$$6c65a25b.CGLIB$throwException$0(<generated>)
    	at com.tngtech.jgiven.junit.ScenarioExecutionTest$TestStageWithExceptionInAfterScenario$$EnhancerByCGLIB$$6c65a25b$$FastClassByCGLIB$$6c55ccf3.invoke(<generated>)
    	at net.sf.cglib.proxy.MethodProxy.invokeSuper(MethodProxy.java:228)
    	at com.tngtech.jgiven.impl.intercept.StandaloneStepMethodInterceptor$1.proceed(StandaloneStepMethodInterceptor.java:26)
    	at com.tngtech.jgiven.impl.intercept.StepMethodInterceptor.doIntercept(StepMethodInterceptor.java:61)
    	at com.tngtech.jgiven.impl.intercept.StandaloneStepMethodInterceptor.intercept(StandaloneStepMethodInterceptor.java:30)
    	at com.tngtech.jgiven.junit.ScenarioExecutionTest$TestStageWithExceptionInAfterScenario$$EnhancerByCGLIB$$6c65a25b.throwException(<generated>)
    	at sun.reflect.NativeMethodAccessorImpl.invoke0(Native Method)
    	at sun.reflect.NativeMethodAccessorImpl.invoke(NativeMethodAccessorImpl.java:62)
    	at sun.reflect.DelegatingMethodAccessorImpl.invoke(DelegatingMethodAccessorImpl.java:43)
    	at java.lang.reflect.Method.invoke(Method.java:483)
    	at com.tngtech.jgiven.impl.util.ReflectionUtil.invokeMethod(ReflectionUtil.java:175)
    	at com.tngtech.jgiven.impl.StandaloneScenarioExecutor$1.act(StandaloneScenarioExecutor.java:328)
    	at com.tngtech.jgiven.impl.util.ReflectionUtil$2.act(ReflectionUtil.java:54)
    	at com.tngtech.jgiven.impl.util.ReflectionUtil.forEachSuperClass(ReflectionUtil.java:67)
    	at com.tngtech.jgiven.impl.util.ReflectionUtil.forEachSuperClass(ReflectionUtil.java:70)
    	at com.tngtech.jgiven.impl.util.ReflectionUtil.forEachMethod(ReflectionUtil.java:49)
    	at com.tngtech.jgiven.impl.StandaloneScenarioExecutor.executeAnnotatedMethods(StandaloneScenarioExecutor.java:325)
    	at com.tngtech.jgiven.impl.StandaloneScenarioExecutor.callFinishLifeCycleMethods(StandaloneScenarioExecutor.java:418)
    	at com.tngtech.jgiven.impl.StandaloneScenarioExecutor.finished(StandaloneScenarioExecutor.java:396)
    	at com.tngtech.jgiven.junit.ScenarioExecutionTest.exception_in_after_method_is_propagated(ScenarioExecutionTest.java:126)
    	at sun.reflect.NativeMethodAccessorImpl.invoke0(Native Method)
    	at sun.reflect.NativeMethodAccessorImpl.invoke(NativeMethodAccessorImpl.java:62)
    	at sun.reflect.DelegatingMethodAccessorImpl.invoke(DelegatingMethodAccessorImpl.java:43)
    	at java.lang.reflect.Method.invoke(Method.java:483)
    	at org.junit.runners.model.FrameworkMethod$1.runReflectiveCall(FrameworkMethod.java:50)
    	at org.junit.internal.runners.model.ReflectiveCallable.run(ReflectiveCallable.java:12)
    	at org.junit.runners.model.FrameworkMethod.invokeExplosively(FrameworkMethod.java:47)
    	at org.junit.internal.runners.statements.InvokeMethod.evaluate(InvokeMethod.java:17)
    	at org.junit.internal.runners.statements.ExpectException.evaluate(ExpectException.java:19)
    	at com.tngtech.jgiven.junit.ScenarioExecutionRule$1.evaluate(ScenarioExecutionRule.java:74)
    	at org.junit.runners.ParentRunner.runLeaf(ParentRunner.java:325)
    	at org.junit.runners.BlockJUnit4ClassRunner.runChild(BlockJUnit4ClassRunner.java:78)
    	at org.junit.runners.BlockJUnit4ClassRunner.runChild(BlockJUnit4ClassRunner.java:57)
    	at org.junit.runners.ParentRunner$3.run(ParentRunner.java:290)
    	at org.junit.runners.ParentRunner$1.schedule(ParentRunner.java:71)
    	at org.junit.runners.ParentRunner.runChildren(ParentRunner.java:288)
    	at org.junit.runners.ParentRunner.access$000(ParentRunner.java:58)
    	at org.junit.runners.ParentRunner$2.evaluate(ParentRunner.java:268)
    	at com.tngtech.java.junit.dataprovider.DataProviderRunner$1.evaluate(DataProviderRunner.java:170)
    	at org.junit.rules.TestWatcher$1.evaluate(TestWatcher.java:55)
    	at org.junit.rules.RunRules.evaluate(RunRules.java:20)
    	at org.junit.runners.ParentRunner.run(ParentRunner.java:363)
    	at org.gradle.api.internal.tasks.testing.junit.JUnitTestClassExecuter.runTestClass(JUnitTestClassExecuter.java:86)
    	at org.gradle.api.internal.tasks.testing.junit.JUnitTestClassExecuter.execute(JUnitTestClassExecuter.java:49)
    	at org.gradle.api.internal.tasks.testing.junit.JUnitTestClassProcessor.processTestClass(JUnitTestClassProcessor.java:64)
    	at org.gradle.api.internal.tasks.testing.SuiteTestClassProcessor.processTestClass(SuiteTestClassProcessor.java:50)
    	at sun.reflect.NativeMethodAccessorImpl.invoke0(Native Method)
    	at sun.reflect.NativeMethodAccessorImpl.invoke(NativeMethodAccessorImpl.java:62)
    	at sun.reflect.DelegatingMethodAccessorImpl.invoke(DelegatingMethodAccessorImpl.java:43)
    	at java.lang.reflect.Method.invoke(Method.java:483)
    	at org.gradle.messaging.dispatch.ReflectionDispatch.dispatch(ReflectionDispatch.java:35)
    	at org.gradle.messaging.dispatch.ReflectionDispatch.dispatch(ReflectionDispatch.java:24)
    	at org.gradle.messaging.dispatch.ContextClassLoaderDispatch.dispatch(ContextClassLoaderDispatch.java:32)
    	at org.gradle.messaging.dispatch.ProxyDispatchAdapter$DispatchingInvocationHandler.invoke(ProxyDispatchAdapter.java:93)
    	at com.sun.proxy.$Proxy2.processTestClass(Unknown Source)
    	at org.gradle.api.internal.tasks.testing.worker.TestWorker.processTestClass(TestWorker.java:106)
    	at sun.reflect.NativeMethodAccessorImpl.invoke0(Native Method)
    	at sun.reflect.NativeMethodAccessorImpl.invoke(NativeMethodAccessorImpl.java:62)
    	at sun.reflect.DelegatingMethodAccessorImpl.invoke(DelegatingMethodAccessorImpl.java:43)
    	at java.lang.reflect.Method.invoke(Method.java:483)
    	at org.gradle.messaging.dispatch.ReflectionDispatch.dispatch(ReflectionDispatch.java:35)
    	at org.gradle.messaging.dispatch.ReflectionDispatch.dispatch(ReflectionDispatch.java:24)
    	at org.gradle.messaging.remote.internal.hub.MessageHub$Handler.run(MessageHub.java:360)
    	at org.gradle.internal.concurrent.ExecutorPolicy$CatchAndRecordFailures.onExecute(ExecutorPolicy.java:54)
    	at org.gradle.internal.concurrent.StoppableExecutorImpl$1.run(StoppableExecutorImpl.java:40)
    	at java.util.concurrent.ThreadPoolExecutor.runWorker(ThreadPoolExecutor.java:1142)
    	at java.util.concurrent.ThreadPoolExecutor$Worker.run(ThreadPoolExecutor.java:617)
    	at java.lang.Thread.run(Thread.java:745)

com.tngtech.jgiven.junit.ScenarioExecutionTest > AfterStage_methods_of_the_last_stage_are_executed STANDARD_ERROR
    [Test worker] ERROR com.tngtech.jgiven.impl.StandaloneScenarioExecutor - null
    com.tngtech.jgiven.junit.ScenarioExecutionTest$SomeExceptionInAfterStage
    	at com.tngtech.jgiven.junit.ScenarioExecutionTest$AssertionInAfterStage.after(ScenarioExecutionTest.java:177)
    	at com.tngtech.jgiven.junit.ScenarioExecutionTest$AssertionInAfterStage$$EnhancerByCGLIB$$421f2b00.CGLIB$after$1(<generated>)
    	at com.tngtech.jgiven.junit.ScenarioExecutionTest$AssertionInAfterStage$$EnhancerByCGLIB$$421f2b00$$FastClassByCGLIB$$f33249ed.invoke(<generated>)
    	at net.sf.cglib.proxy.MethodProxy.invokeSuper(MethodProxy.java:228)
    	at com.tngtech.jgiven.impl.intercept.StandaloneStepMethodInterceptor$1.proceed(StandaloneStepMethodInterceptor.java:26)
    	at com.tngtech.jgiven.impl.intercept.StepMethodInterceptor.doIntercept(StepMethodInterceptor.java:61)
    	at com.tngtech.jgiven.impl.intercept.StandaloneStepMethodInterceptor.intercept(StandaloneStepMethodInterceptor.java:30)
    	at com.tngtech.jgiven.junit.ScenarioExecutionTest$AssertionInAfterStage$$EnhancerByCGLIB$$421f2b00.after(<generated>)
    	at sun.reflect.NativeMethodAccessorImpl.invoke0(Native Method)
    	at sun.reflect.NativeMethodAccessorImpl.invoke(NativeMethodAccessorImpl.java:62)
    	at sun.reflect.DelegatingMethodAccessorImpl.invoke(DelegatingMethodAccessorImpl.java:43)
    	at java.lang.reflect.Method.invoke(Method.java:483)
    	at com.tngtech.jgiven.impl.util.ReflectionUtil.invokeMethod(ReflectionUtil.java:175)
    	at com.tngtech.jgiven.impl.StandaloneScenarioExecutor$1.act(StandaloneScenarioExecutor.java:328)
    	at com.tngtech.jgiven.impl.util.ReflectionUtil$2.act(ReflectionUtil.java:54)
    	at com.tngtech.jgiven.impl.util.ReflectionUtil.forEachSuperClass(ReflectionUtil.java:67)
    	at com.tngtech.jgiven.impl.util.ReflectionUtil.forEachSuperClass(ReflectionUtil.java:70)
    	at com.tngtech.jgiven.impl.util.ReflectionUtil.forEachMethod(ReflectionUtil.java:49)
    	at com.tngtech.jgiven.impl.StandaloneScenarioExecutor.executeAnnotatedMethods(StandaloneScenarioExecutor.java:325)
    	at com.tngtech.jgiven.impl.StandaloneScenarioExecutor.executeAfterStageMethods(StandaloneScenarioExecutor.java:282)
    	at com.tngtech.jgiven.impl.StandaloneScenarioExecutor.callFinishLifeCycleMethods(StandaloneScenarioExecutor.java:408)
    	at com.tngtech.jgiven.impl.StandaloneScenarioExecutor.finished(StandaloneScenarioExecutor.java:396)
    	at com.tngtech.jgiven.impl.ScenarioBase.finished(ScenarioBase.java:57)
    	at com.tngtech.jgiven.junit.ScenarioExecutionTest.AfterStage_methods_of_the_last_stage_are_executed(ScenarioExecutionTest.java:191)
    	at sun.reflect.NativeMethodAccessorImpl.invoke0(Native Method)
    	at sun.reflect.NativeMethodAccessorImpl.invoke(NativeMethodAccessorImpl.java:62)
    	at sun.reflect.DelegatingMethodAccessorImpl.invoke(DelegatingMethodAccessorImpl.java:43)
    	at java.lang.reflect.Method.invoke(Method.java:483)
    	at org.junit.runners.model.FrameworkMethod$1.runReflectiveCall(FrameworkMethod.java:50)
    	at org.junit.internal.runners.model.ReflectiveCallable.run(ReflectiveCallable.java:12)
    	at org.junit.runners.model.FrameworkMethod.invokeExplosively(FrameworkMethod.java:47)
    	at org.junit.internal.runners.statements.InvokeMethod.evaluate(InvokeMethod.java:17)
    	at org.junit.internal.runners.statements.ExpectException.evaluate(ExpectException.java:19)
    	at com.tngtech.jgiven.junit.ScenarioExecutionRule$1.evaluate(ScenarioExecutionRule.java:74)
    	at org.junit.runners.ParentRunner.runLeaf(ParentRunner.java:325)
    	at org.junit.runners.BlockJUnit4ClassRunner.runChild(BlockJUnit4ClassRunner.java:78)
    	at org.junit.runners.BlockJUnit4ClassRunner.runChild(BlockJUnit4ClassRunner.java:57)
    	at org.junit.runners.ParentRunner$3.run(ParentRunner.java:290)
    	at org.junit.runners.ParentRunner$1.schedule(ParentRunner.java:71)
    	at org.junit.runners.ParentRunner.runChildren(ParentRunner.java:288)
    	at org.junit.runners.ParentRunner.access$000(ParentRunner.java:58)
    	at org.junit.runners.ParentRunner$2.evaluate(ParentRunner.java:268)
    	at com.tngtech.java.junit.dataprovider.DataProviderRunner$1.evaluate(DataProviderRunner.java:170)
    	at org.junit.rules.TestWatcher$1.evaluate(TestWatcher.java:55)
    	at org.junit.rules.RunRules.evaluate(RunRules.java:20)
    	at org.junit.runners.ParentRunner.run(ParentRunner.java:363)
    	at org.gradle.api.internal.tasks.testing.junit.JUnitTestClassExecuter.runTestClass(JUnitTestClassExecuter.java:86)
    	at org.gradle.api.internal.tasks.testing.junit.JUnitTestClassExecuter.execute(JUnitTestClassExecuter.java:49)
    	at org.gradle.api.internal.tasks.testing.junit.JUnitTestClassProcessor.processTestClass(JUnitTestClassProcessor.java:64)
    	at org.gradle.api.internal.tasks.testing.SuiteTestClassProcessor.processTestClass(SuiteTestClassProcessor.java:50)
    	at sun.reflect.NativeMethodAccessorImpl.invoke0(Native Method)
    	at sun.reflect.NativeMethodAccessorImpl.invoke(NativeMethodAccessorImpl.java:62)
    	at sun.reflect.DelegatingMethodAccessorImpl.invoke(DelegatingMethodAccessorImpl.java:43)
    	at java.lang.reflect.Method.invoke(Method.java:483)
    	at org.gradle.messaging.dispatch.ReflectionDispatch.dispatch(ReflectionDispatch.java:35)
    	at org.gradle.messaging.dispatch.ReflectionDispatch.dispatch(ReflectionDispatch.java:24)
    	at org.gradle.messaging.dispatch.ContextClassLoaderDispatch.dispatch(ContextClassLoaderDispatch.java:32)
    	at org.gradle.messaging.dispatch.ProxyDispatchAdapter$DispatchingInvocationHandler.invoke(ProxyDispatchAdapter.java:93)
    	at com.sun.proxy.$Proxy2.processTestClass(Unknown Source)
    	at org.gradle.api.internal.tasks.testing.worker.TestWorker.processTestClass(TestWorker.java:106)
    	at sun.reflect.NativeMethodAccessorImpl.invoke0(Native Method)
    	at sun.reflect.NativeMethodAccessorImpl.invoke(NativeMethodAccessorImpl.java:62)
    	at sun.reflect.DelegatingMethodAccessorImpl.invoke(DelegatingMethodAccessorImpl.java:43)
    	at java.lang.reflect.Method.invoke(Method.java:483)
    	at org.gradle.messaging.dispatch.ReflectionDispatch.dispatch(ReflectionDispatch.java:35)
    	at org.gradle.messaging.dispatch.ReflectionDispatch.dispatch(ReflectionDispatch.java:24)
    	at org.gradle.messaging.remote.internal.hub.MessageHub$Handler.run(MessageHub.java:360)
    	at org.gradle.internal.concurrent.ExecutorPolicy$CatchAndRecordFailures.onExecute(ExecutorPolicy.java:54)
    	at org.gradle.internal.concurrent.StoppableExecutorImpl$1.run(StoppableExecutorImpl.java:40)
    	at java.util.concurrent.ThreadPoolExecutor.runWorker(ThreadPoolExecutor.java:1142)
    	at java.util.concurrent.ThreadPoolExecutor$Worker.run(ThreadPoolExecutor.java:617)
    	at java.lang.Thread.run(Thread.java:745)

com.tngtech.jgiven.junit.ScenarioExecutionTest > exception_in_after_rule_method_is_propagated STANDARD_ERROR
    [Test worker] ERROR com.tngtech.jgiven.impl.StandaloneScenarioExecutor - AfterRule
    java.lang.IllegalStateException: AfterRule
    	at com.tngtech.jgiven.junit.ScenarioExecutionTest$RuleThatThrowsExceptionInAfter.after(ScenarioExecutionTest.java:167)
    	at sun.reflect.NativeMethodAccessorImpl.invoke0(Native Method)
    	at sun.reflect.NativeMethodAccessorImpl.invoke(NativeMethodAccessorImpl.java:62)
    	at sun.reflect.DelegatingMethodAccessorImpl.invoke(DelegatingMethodAccessorImpl.java:43)
    	at java.lang.reflect.Method.invoke(Method.java:483)
    	at com.tngtech.jgiven.impl.util.ReflectionUtil.invokeMethod(ReflectionUtil.java:175)
    	at com.tngtech.jgiven.impl.StandaloneScenarioExecutor.invokeRuleMethod(StandaloneScenarioExecutor.java:351)
    	at com.tngtech.jgiven.impl.StandaloneScenarioExecutor.callFinishLifeCycleMethods(StandaloneScenarioExecutor.java:429)
    	at com.tngtech.jgiven.impl.StandaloneScenarioExecutor.finished(StandaloneScenarioExecutor.java:396)
    	at com.tngtech.jgiven.junit.ScenarioExecutionTest.exception_in_after_rule_method_is_propagated(ScenarioExecutionTest.java:157)
    	at sun.reflect.NativeMethodAccessorImpl.invoke0(Native Method)
    	at sun.reflect.NativeMethodAccessorImpl.invoke(NativeMethodAccessorImpl.java:62)
    	at sun.reflect.DelegatingMethodAccessorImpl.invoke(DelegatingMethodAccessorImpl.java:43)
    	at java.lang.reflect.Method.invoke(Method.java:483)
    	at org.junit.runners.model.FrameworkMethod$1.runReflectiveCall(FrameworkMethod.java:50)
    	at org.junit.internal.runners.model.ReflectiveCallable.run(ReflectiveCallable.java:12)
    	at org.junit.runners.model.FrameworkMethod.invokeExplosively(FrameworkMethod.java:47)
    	at org.junit.internal.runners.statements.InvokeMethod.evaluate(InvokeMethod.java:17)
    	at org.junit.internal.runners.statements.ExpectException.evaluate(ExpectException.java:19)
    	at com.tngtech.jgiven.junit.ScenarioExecutionRule$1.evaluate(ScenarioExecutionRule.java:74)
    	at org.junit.runners.ParentRunner.runLeaf(ParentRunner.java:325)
    	at org.junit.runners.BlockJUnit4ClassRunner.runChild(BlockJUnit4ClassRunner.java:78)
    	at org.junit.runners.BlockJUnit4ClassRunner.runChild(BlockJUnit4ClassRunner.java:57)
    	at org.junit.runners.ParentRunner$3.run(ParentRunner.java:290)
    	at org.junit.runners.ParentRunner$1.schedule(ParentRunner.java:71)
    	at org.junit.runners.ParentRunner.runChildren(ParentRunner.java:288)
    	at org.junit.runners.ParentRunner.access$000(ParentRunner.java:58)
    	at org.junit.runners.ParentRunner$2.evaluate(ParentRunner.java:268)
    	at com.tngtech.java.junit.dataprovider.DataProviderRunner$1.evaluate(DataProviderRunner.java:170)
    	at org.junit.rules.TestWatcher$1.evaluate(TestWatcher.java:55)
    	at org.junit.rules.RunRules.evaluate(RunRules.java:20)
    	at org.junit.runners.ParentRunner.run(ParentRunner.java:363)
    	at org.gradle.api.internal.tasks.testing.junit.JUnitTestClassExecuter.runTestClass(JUnitTestClassExecuter.java:86)
    	at org.gradle.api.internal.tasks.testing.junit.JUnitTestClassExecuter.execute(JUnitTestClassExecuter.java:49)
    	at org.gradle.api.internal.tasks.testing.junit.JUnitTestClassProcessor.processTestClass(JUnitTestClassProcessor.java:64)
    	at org.gradle.api.internal.tasks.testing.SuiteTestClassProcessor.processTestClass(SuiteTestClassProcessor.java:50)
    	at sun.reflect.NativeMethodAccessorImpl.invoke0(Native Method)
    	at sun.reflect.NativeMethodAccessorImpl.invoke(NativeMethodAccessorImpl.java:62)
    	at sun.reflect.DelegatingMethodAccessorImpl.invoke(DelegatingMethodAccessorImpl.java:43)
    	at java.lang.reflect.Method.invoke(Method.java:483)
    	at org.gradle.messaging.dispatch.ReflectionDispatch.dispatch(ReflectionDispatch.java:35)
    	at org.gradle.messaging.dispatch.ReflectionDispatch.dispatch(ReflectionDispatch.java:24)
    	at org.gradle.messaging.dispatch.ContextClassLoaderDispatch.dispatch(ContextClassLoaderDispatch.java:32)
    	at org.gradle.messaging.dispatch.ProxyDispatchAdapter$DispatchingInvocationHandler.invoke(ProxyDispatchAdapter.java:93)
    	at com.sun.proxy.$Proxy2.processTestClass(Unknown Source)
    	at org.gradle.api.internal.tasks.testing.worker.TestWorker.processTestClass(TestWorker.java:106)
    	at sun.reflect.NativeMethodAccessorImpl.invoke0(Native Method)
    	at sun.reflect.NativeMethodAccessorImpl.invoke(NativeMethodAccessorImpl.java:62)
    	at sun.reflect.DelegatingMethodAccessorImpl.invoke(DelegatingMethodAccessorImpl.java:43)
    	at java.lang.reflect.Method.invoke(Method.java:483)
    	at org.gradle.messaging.dispatch.ReflectionDispatch.dispatch(ReflectionDispatch.java:35)
    	at org.gradle.messaging.dispatch.ReflectionDispatch.dispatch(ReflectionDispatch.java:24)
    	at org.gradle.messaging.remote.internal.hub.MessageHub$Handler.run(MessageHub.java:360)
    	at org.gradle.internal.concurrent.ExecutorPolicy$CatchAndRecordFailures.onExecute(ExecutorPolicy.java:54)
    	at org.gradle.internal.concurrent.StoppableExecutorImpl$1.run(StoppableExecutorImpl.java:40)
    	at java.util.concurrent.ThreadPoolExecutor.runWorker(ThreadPoolExecutor.java:1142)
    	at java.util.concurrent.ThreadPoolExecutor$Worker.run(ThreadPoolExecutor.java:617)
    	at java.lang.Thread.run(Thread.java:745)

com.tngtech.jgiven.junit.ScenarioExecutionTest > NotImplementedYet_annotation_works_on_test_methods STANDARD_ERROR
    [Test worker] WARN com.tngtech.jgiven.impl.intercept.StepMethodInterceptor - The step method an_exception_is_thrown of class TestStage does not follow the fluent interface convention of returning the receiver object. Please change the return type to the SELF type parameter.
:jgiven-junit:jgivenHtml5Report[main] INFO com.tngtech.jgiven.report.json.ReportModelReader - Removing empty scenarios...
[main] INFO com.tngtech.jgiven.report.json.ReportModelReader - Removing empty scenarios...
[main] INFO com.tngtech.jgiven.report.json.ReportModelReader - Removing empty scenarios...
[main] INFO com.tngtech.jgiven.report.json.ReportModelReader - Removing empty scenarios...
[main] INFO com.tngtech.jgiven.report.json.ReportModelReader - Removing empty scenarios...
[main] INFO com.tngtech.jgiven.report.json.ReportModelReader - Removing empty scenarios...
[main] INFO com.tngtech.jgiven.report.json.ReportModelReader - Removing empty scenarios...
[main] INFO com.tngtech.jgiven.report.json.ReportModelReader - Removing empty scenarios...
[main] INFO com.tngtech.jgiven.report.json.ReportModelReader - Removing empty scenarios...
[main] INFO com.tngtech.jgiven.report.json.ReportModelReader - Removing empty scenarios...
[main] INFO com.tngtech.jgiven.report.json.ReportModelReader - Removing empty scenarios...
[main] INFO com.tngtech.jgiven.report.json.ReportModelReader - Removing empty scenarios...
[main] INFO com.tngtech.jgiven.report.json.ReportModelReader - Removing empty scenarios...
[main] INFO com.tngtech.jgiven.report.json.ReportModelReader - Removing empty scenarios...
[main] INFO com.tngtech.jgiven.report.json.ReportModelReader - Removing empty scenarios...
[main] INFO com.tngtech.jgiven.report.json.ReportModelReader - Removing empty scenarios...
[main] INFO com.tngtech.jgiven.report.json.ReportModelReader - Removing empty scenarios...
[main] INFO com.tngtech.jgiven.report.json.ReportModelReader - Removing empty scenarios...
[main] INFO com.tngtech.jgiven.report.json.ReportModelReader - Removing empty scenarios...
[main] INFO com.tngtech.jgiven.report.json.ReportModelReader - Removing empty scenarios...
[main] INFO com.tngtech.jgiven.report.html5.Html5ReportGenerator - Generating HTML5 report to /home/travis/build/TNG/JGiven/jgiven-junit/build/reports/jgiven/html5/index.html
[main] INFO com.tngtech.jgiven.report.html5.Html5AttachmentGenerator - Attachment written to build/reports/jgiven/html5/data/attachments/com/tngtech/jgiven/junit/ScenarioExecutionTest/attachment.txt
[main] INFO com.tngtech.jgiven.report.html5.Html5ReportGenerator - Written 86 scenarios to data0.js
[main] INFO com.tngtech.jgiven.report.html5.Html5ReportGenerator - Cannot read build/resources/test/jgiven/custom.css, skipping

:jgiven-maven-plugin:compileJavawarning: [options] bootstrap class path not set in conjunction with -source 1.6
1 warning

:jgiven-maven-plugin:processResources UP-TO-DATE
:jgiven-maven-plugin:classes
:jgiven-maven-plugin:compileTestJava UP-TO-DATE
:jgiven-maven-plugin:processTestResources UP-TO-DATE
:jgiven-maven-plugin:testClasses UP-TO-DATE
:jgiven-maven-plugin:test UP-TO-DATE
:jgiven-spring:compileTestJavawarning: [options] bootstrap class path not set in conjunction with -source 1.6

:jgiven-spring:processTestResources UP-TO-DATE
:jgiven-spring:testClasses
:jgiven-spring:test

com.tngtech.jgiven.integration.spring.test.SpringOrderTest > _2 STANDARD_ERROR
    [Test worker] WARN com.tngtech.jgiven.impl.intercept.StepMethodInterceptor - The step method testAssertionFailed of class TestStage does not follow the fluent interface convention of returning the receiver object. Please change the return type to the SELF type parameter.

com.tngtech.jgiven.integration.spring.test.XmlConfiguredSpringScenarioTestTest > spring_can_inject_beans_into_stages STANDARD_ERROR
    [Test worker] ERROR org.springframework.test.context.TestContextManager - Caught exception while allowing TestExecutionListener [org.springframework.test.context.support.DependencyInjectionTestExecutionListener@ef31d01] to prepare test instance [com.tngtech.jgiven.integration.spring.test.XmlConfiguredSpringScenarioTestTest@e5de2df]
    org.springframework.beans.factory.NoUniqueBeanDefinitionException: No qualifying bean of type [com.tngtech.jgiven.integration.spring.SpringScenarioExecutor] is defined: expected single matching bean but found 2: com.tngtech.jgiven.integration.spring.SpringScenarioExecutor#0,springScenarioExecutor
    	at org.springframework.beans.factory.support.DefaultListableBeanFactory.getBean(DefaultListableBeanFactory.java:289)
    	at com.tngtech.jgiven.integration.spring.SpringScenarioTest.setBeanFactory(SpringScenarioTest.java:31)
    	at org.springframework.beans.factory.support.AbstractAutowireCapableBeanFactory.invokeAwareMethods(AbstractAutowireCapableBeanFactory.java:1502)
    	at org.springframework.beans.factory.support.AbstractAutowireCapableBeanFactory.initializeBean(AbstractAutowireCapableBeanFactory.java:1470)
    	at org.springframework.beans.factory.support.AbstractAutowireCapableBeanFactory.initializeBean(AbstractAutowireCapableBeanFactory.java:388)
    	at org.springframework.test.context.support.DependencyInjectionTestExecutionListener.injectDependencies(DependencyInjectionTestExecutionListener.java:111)
    	at org.springframework.test.context.support.DependencyInjectionTestExecutionListener.prepareTestInstance(DependencyInjectionTestExecutionListener.java:75)
    	at org.springframework.test.context.TestContextManager.prepareTestInstance(TestContextManager.java:312)
    	at org.springframework.test.context.junit4.SpringJUnit4ClassRunner.createTest(SpringJUnit4ClassRunner.java:211)
    	at org.springframework.test.context.junit4.SpringJUnit4ClassRunner$1.runReflectiveCall(SpringJUnit4ClassRunner.java:288)
    	at org.junit.internal.runners.model.ReflectiveCallable.run(ReflectiveCallable.java:12)
    	at org.springframework.test.context.junit4.SpringJUnit4ClassRunner.methodBlock(SpringJUnit4ClassRunner.java:284)
    	at org.springframework.test.context.junit4.SpringJUnit4ClassRunner.runChild(SpringJUnit4ClassRunner.java:231)
    	at org.springframework.test.context.junit4.SpringJUnit4ClassRunner.runChild(SpringJUnit4ClassRunner.java:88)
    	at org.junit.runners.ParentRunner$3.run(ParentRunner.java:290)
    	at org.junit.runners.ParentRunner$1.schedule(ParentRunner.java:71)
    	at org.junit.runners.ParentRunner.runChildren(ParentRunner.java:288)
    	at org.junit.runners.ParentRunner.access$000(ParentRunner.java:58)
    	at org.junit.runners.ParentRunner$2.evaluate(ParentRunner.java:268)
    	at org.springframework.test.context.junit4.statements.RunBeforeTestClassCallbacks.evaluate(RunBeforeTestClassCallbacks.java:61)
    	at org.springframework.test.context.junit4.statements.RunAfterTestClassCallbacks.evaluate(RunAfterTestClassCallbacks.java:71)
    	at org.junit.rules.TestWatcher$1.evaluate(TestWatcher.java:55)
    	at org.junit.rules.RunRules.evaluate(RunRules.java:20)
    	at org.junit.runners.ParentRunner.run(ParentRunner.java:363)
    	at org.springframework.test.context.junit4.SpringJUnit4ClassRunner.run(SpringJUnit4ClassRunner.java:174)
    	at org.gradle.api.internal.tasks.testing.junit.JUnitTestClassExecuter.runTestClass(JUnitTestClassExecuter.java:86)
    	at org.gradle.api.internal.tasks.testing.junit.JUnitTestClassExecuter.execute(JUnitTestClassExecuter.java:49)
    	at org.gradle.api.internal.tasks.testing.junit.JUnitTestClassProcessor.processTestClass(JUnitTestClassProcessor.java:64)
    	at org.gradle.api.internal.tasks.testing.SuiteTestClassProcessor.processTestClass(SuiteTestClassProcessor.java:50)
    	at sun.reflect.NativeMethodAccessorImpl.invoke0(Native Method)
    	at sun.reflect.NativeMethodAccessorImpl.invoke(NativeMethodAccessorImpl.java:62)
    	at sun.reflect.DelegatingMethodAccessorImpl.invoke(DelegatingMethodAccessorImpl.java:43)
    	at java.lang.reflect.Method.invoke(Method.java:483)
    	at org.gradle.messaging.dispatch.ReflectionDispatch.dispatch(ReflectionDispatch.java:35)
    	at org.gradle.messaging.dispatch.ReflectionDispatch.dispatch(ReflectionDispatch.java:24)
    	at org.gradle.messaging.dispatch.ContextClassLoaderDispatch.dispatch(ContextClassLoaderDispatch.java:32)
    	at org.gradle.messaging.dispatch.ProxyDispatchAdapter$DispatchingInvocationHandler.invoke(ProxyDispatchAdapter.java:93)
    	at com.sun.proxy.$Proxy2.processTestClass(Unknown Source)
    	at org.gradle.api.internal.tasks.testing.worker.TestWorker.processTestClass(TestWorker.java:106)
    	at sun.reflect.NativeMethodAccessorImpl.invoke0(Native Method)
    	at sun.reflect.NativeMethodAccessorImpl.invoke(NativeMethodAccessorImpl.java:62)
    	at sun.reflect.DelegatingMethodAccessorImpl.invoke(DelegatingMethodAccessorImpl.java:43)
    	at java.lang.reflect.Method.invoke(Method.java:483)
    	at org.gradle.messaging.dispatch.ReflectionDispatch.dispatch(ReflectionDispatch.java:35)
    	at org.gradle.messaging.dispatch.ReflectionDispatch.dispatch(ReflectionDispatch.java:24)
    	at org.gradle.messaging.remote.internal.hub.MessageHub$Handler.run(MessageHub.java:360)
    	at org.gradle.internal.concurrent.ExecutorPolicy$CatchAndRecordFailures.onExecute(ExecutorPolicy.java:54)
    	at org.gradle.internal.concurrent.StoppableExecutorImpl$1.run(StoppableExecutorImpl.java:40)
    	at java.util.concurrent.ThreadPoolExecutor.runWorker(ThreadPoolExecutor.java:1142)
    	at java.util.concurrent.ThreadPoolExecutor$Worker.run(ThreadPoolExecutor.java:617)
    	at java.lang.Thread.run(Thread.java:745)

com.tngtech.jgiven.integration.spring.test.XmlConfiguredSpringScenarioTestTest > spring_can_inject_beans_into_stages FAILED
    org.springframework.beans.factory.NoUniqueBeanDefinitionException

6 tests completed, 1 failed
:jgiven-spring:test FAILED

FAILURE: Build failed with an exception.

* What went wrong:
Execution failed for task ':jgiven-spring:test'.
> There were failing tests. See the report at: file:///home/travis/build/TNG/JGiven/jgiven-spring/build/reports/tests/index.html

* Try:
Run with --stacktrace option to get the stack trace. Run with --info or --debug option to get more log output.

BUILD FAILED

Total time: 1 mins 35.697 secs

travis_time:end:00466906:start=1471593417637355658,finish=1471593513815800598,duration=96178444940[0K
[31;1mThe command "./gradlew test -DjunitVersion=4.11" exited with 1.[0m
travis_time:start:3c60d342[0K$ ./gradlew test -DjunitVersion=4.12
:jgiven-core:compileJava UP-TO-DATE
:jgiven-core:processResources UP-TO-DATE
:jgiven-core:classes UP-TO-DATE
:jgiven-core:compileTestJava UP-TO-DATE
:jgiven-core:processTestResources UP-TO-DATE
:jgiven-core:testClasses UP-TO-DATE
:jgiven-core:test UP-TO-DATE
:jgiven-core:jar
:jgiven-examples:compileJava UP-TO-DATE
:jgiven-examples:processResources UP-TO-DATE
:jgiven-examples:classes UP-TO-DATE
:jgiven-html5-report:compileJavawarning: [options] bootstrap class path not set in conjunction with -source 1.6
1 warning

:jgiven-html5-report:processResources UP-TO-DATE
:jgiven-html5-report:classes
:jgiven-html5-report:deleteCssFiles
:jgiven-html5-report:copyAppFiles
:jgiven-html5-report:bowerUpdate UP-TO-DATE
:jgiven-html5-report:copyCssFiles
:jgiven-html5-report:copyFontFiles UP-TO-DATE
:jgiven-html5-report:copyImageFiles UP-TO-DATE
:jgiven-html5-report:copyJsFiles UP-TO-DATE
:jgiven-html5-report:zipAppDir UP-TO-DATE
:jgiven-html5-report:jar
:jgiven-junit:compileJavawarning: [options] bootstrap class path not set in conjunction with -source 1.6
Note: Some input files use or override a deprecated API.
Note: Recompile with -Xlint:deprecation for details.
1 warning

:jgiven-junit:processResources UP-TO-DATE
:jgiven-junit:classes
:jgiven-junit:jar
:jgiven-spring:compileJavawarning: [options] bootstrap class path not set in conjunction with -source 1.6
1 warning

:jgiven-spring:processResources UP-TO-DATE
:jgiven-spring:classes
:jgiven-spring:jar
:jgiven-testng:compileJavawarning: [options] bootstrap class path not set in conjunction with -source 1.6
1 warning

:jgiven-testng:processResources UP-TO-DATE
:jgiven-testng:classes
:jgiven-testng:jar
:jgiven-tests:compileJavawarning: [options] bootstrap class path not set in conjunction with -source 1.7
Note: /home/travis/build/TNG/JGiven/jgiven-tests/src/main/java/com/tngtech/jgiven/tests/TestScenarios.java uses or overrides a deprecated API.
Note: Recompile with -Xlint:deprecation for details.
1 warning

:jgiven-tests:processResources UP-TO-DATE
:jgiven-tests:classes
:jgiven-tests:jar
:jgiven-examples:compileTestJavawarning: [options] bootstrap class path not set in conjunction with -source 1.6
Note: /home/travis/build/TNG/JGiven/jgiven-examples/src/test/java/com/tngtech/jgiven/examples/pancakes/test/SpringPanCakeScenarioTest.java uses or overrides a deprecated API.
Note: Recompile with -Xlint:deprecation for details.
Note: /home/travis/build/TNG/JGiven/jgiven-examples/src/test/java/com/tngtech/jgiven/examples/datatable/DataTableExamples.java uses unchecked or unsafe operations.
Note: Recompile with -Xlint:unchecked for details.

:jgiven-examples:processTestResources UP-TO-DATE
:jgiven-examples:testClasses
:jgiven-examples:test

com.tngtech.jgiven.examples.coffeemachine.ServeCoffeeTest > a_scenario_with_a_failing_test_case_for_demonstration_purposes[1: false] FAILED
    org.junit.ComparisonFailure at ServeCoffeeTest.java:169

com.tngtech.jgiven.examples.coffeemachine.ServeCoffeeTest > shouldFailWithUnexpectedRuntimeException FAILED
    org.junit.runners.model.TestTimedOutException at ServeCoffeeTest.java:186

com.tngtech.jgiven.examples.coffeemachine.ServeCoffeeTest > a_failing_scenario_for_demonstration_purposes STANDARD_ERROR
    [Test worker] WARN com.tngtech.jgiven.impl.intercept.StepMethodInterceptor - The step method steps_following_a_failed_step_should_be_skipped of class ThenCoffee does not follow the fluent interface convention of returning the receiver object. Please change the return type to the SELF type parameter.

com.tngtech.jgiven.examples.coffeemachine.ServeCoffeeTest > a_failing_scenario_for_demonstration_purposes FAILED
    org.junit.ComparisonFailure at ServeCoffeeTest.java:150

com.tngtech.jgiven.examples.nested.NestedStepsTest > a_scenario_with_a_failing_nested_step_on_purpose FAILED
    org.junit.ComparisonFailure at NestedStepsTest.java:31

com.tngtech.jgiven.examples.parameters.ParametrizedScenariosTest > a_scenario_with_many_cases[5: some grouping value 0, value 5] STANDARD_ERROR
    [Test worker] WARN com.tngtech.jgiven.impl.intercept.StepMethodInterceptor - The step method another_value of class TestSteps does not follow the fluent interface convention of returning the receiver object. Please change the return type to the SELF type parameter.

com.tngtech.jgiven.examples.parameters.ParametrizedScenariosTest > a_scenario_with_many_cases[5: some grouping value 0, value 5] FAILED
    java.lang.AssertionError at ParametrizedScenariosTest.java:83

com.tngtech.jgiven.examples.parameters.ParametrizedScenariosTest > a_scenario_with_many_cases[15: some grouping value 1, value 5] STANDARD_ERROR
    [Test worker] WARN com.tngtech.jgiven.impl.intercept.StepMethodInterceptor - The step method another_value of class TestSteps does not follow the fluent interface convention of returning the receiver object. Please change the return type to the SELF type parameter.

com.tngtech.jgiven.examples.parameters.ParametrizedScenariosTest > a_scenario_with_many_cases[15: some grouping value 1, value 5] FAILED
    java.lang.AssertionError at ParametrizedScenariosTest.java:83

com.tngtech.jgiven.examples.parameters.ParametrizedScenariosTest > a_scenario_with_many_cases[25: some grouping value 2, value 5] STANDARD_ERROR
    [Test worker] WARN com.tngtech.jgiven.impl.intercept.StepMethodInterceptor - The step method another_value of class TestSteps does not follow the fluent interface convention of returning the receiver object. Please change the return type to the SELF type parameter.

com.tngtech.jgiven.examples.parameters.ParametrizedScenariosTest > a_scenario_with_many_cases[25: some grouping value 2, value 5] FAILED
    java.lang.AssertionError at ParametrizedScenariosTest.java:83

com.tngtech.jgiven.examples.parameters.ParametrizedScenariosTest > a_scenario_with_many_cases[35: some grouping value 3, value 5] STANDARD_ERROR
    [Test worker] WARN com.tngtech.jgiven.impl.intercept.StepMethodInterceptor - The step method another_value of class TestSteps does not follow the fluent interface convention of returning the receiver object. Please change the return type to the SELF type parameter.

com.tngtech.jgiven.examples.parameters.ParametrizedScenariosTest > a_scenario_with_many_cases[35: some grouping value 3, value 5] FAILED
    java.lang.AssertionError at ParametrizedScenariosTest.java:83

com.tngtech.jgiven.examples.parameters.ParametrizedScenariosTest > a_scenario_with_many_cases[45: some grouping value 4, value 5] STANDARD_ERROR
    [Test worker] WARN com.tngtech.jgiven.impl.intercept.StepMethodInterceptor - The step method another_value of class TestSteps does not follow the fluent interface convention of returning the receiver object. Please change the return type to the SELF type parameter.

com.tngtech.jgiven.examples.parameters.ParametrizedScenariosTest > a_scenario_with_many_cases[45: some grouping value 4, value 5] FAILED
    java.lang.AssertionError at ParametrizedScenariosTest.java:83

com.tngtech.jgiven.examples.parameters.ParametrizedScenariosTest > a_scenario_with_many_cases[55: some grouping value 5, value 5] STANDARD_ERROR
    [Test worker] WARN com.tngtech.jgiven.impl.intercept.StepMethodInterceptor - The step method another_value of class TestSteps does not follow the fluent interface convention of returning the receiver object. Please change the return type to the SELF type parameter.

com.tngtech.jgiven.examples.parameters.ParametrizedScenariosTest > a_scenario_with_many_cases[55: some grouping value 5, value 5] FAILED
    java.lang.AssertionError at ParametrizedScenariosTest.java:83

com.tngtech.jgiven.examples.parameters.ParametrizedScenariosTest > a_scenario_with_many_cases[65: some grouping value 6, value 5] STANDARD_ERROR
    [Test worker] WARN com.tngtech.jgiven.impl.intercept.StepMethodInterceptor - The step method another_value of class TestSteps does not follow the fluent interface convention of returning the receiver object. Please change the return type to the SELF type parameter.

com.tngtech.jgiven.examples.parameters.ParametrizedScenariosTest > a_scenario_with_many_cases[65: some grouping value 6, value 5] FAILED
    java.lang.AssertionError at ParametrizedScenariosTest.java:83

com.tngtech.jgiven.examples.parameters.ParametrizedScenariosTest > a_scenario_with_many_cases[75: some grouping value 7, value 5] STANDARD_ERROR
    [Test worker] WARN com.tngtech.jgiven.impl.intercept.StepMethodInterceptor - The step method another_value of class TestSteps does not follow the fluent interface convention of returning the receiver object. Please change the return type to the SELF type parameter.

com.tngtech.jgiven.examples.parameters.ParametrizedScenariosTest > a_scenario_with_many_cases[75: some grouping value 7, value 5] FAILED
    java.lang.AssertionError at ParametrizedScenariosTest.java:83

com.tngtech.jgiven.examples.parameters.ParametrizedScenariosTest > a_scenario_with_many_cases[85: some grouping value 8, value 5] STANDARD_ERROR
    [Test worker] WARN com.tngtech.jgiven.impl.intercept.StepMethodInterceptor - The step method another_value of class TestSteps does not follow the fluent interface convention of returning the receiver object. Please change the return type to the SELF type parameter.

com.tngtech.jgiven.examples.parameters.ParametrizedScenariosTest > a_scenario_with_many_cases[85: some grouping value 8, value 5] FAILED
    java.lang.AssertionError at ParametrizedScenariosTest.java:83

com.tngtech.jgiven.examples.parameters.ParametrizedScenariosTest > a_scenario_with_many_cases[95: some grouping value 9, value 5] STANDARD_ERROR
    [Test worker] WARN com.tngtech.jgiven.impl.intercept.StepMethodInterceptor - The step method another_value of class TestSteps does not follow the fluent interface convention of returning the receiver object. Please change the return type to the SELF type parameter.

com.tngtech.jgiven.examples.parameters.ParametrizedScenariosTest > a_scenario_with_many_cases[95: some grouping value 9, value 5] FAILED
    java.lang.AssertionError at ParametrizedScenariosTest.java:83

179 tests completed, 14 failed, 4 skipped
There were failing tests. See the report at: file:///home/travis/build/TNG/JGiven/jgiven-examples/build/reports/tests/index.html
:jgiven-examples:jgivenHtml5Report[main] INFO com.tngtech.jgiven.report.json.ReportModelReader - Removing empty scenarios...
[main] INFO com.tngtech.jgiven.report.json.ReportModelReader - Removing empty scenarios...
[main] INFO com.tngtech.jgiven.report.json.ReportModelReader - Removing empty scenarios...
[main] INFO com.tngtech.jgiven.report.json.ReportModelReader - Removing empty scenarios...
[main] INFO com.tngtech.jgiven.report.json.ReportModelReader - Removing empty scenarios...
[main] INFO com.tngtech.jgiven.report.json.ReportModelReader - Removing empty scenarios...
[main] INFO com.tngtech.jgiven.report.json.ReportModelReader - Removing empty scenarios...
[main] INFO com.tngtech.jgiven.report.json.ReportModelReader - Removing empty scenarios...
[main] INFO com.tngtech.jgiven.report.json.ReportModelReader - Removing empty scenarios...
[main] INFO com.tngtech.jgiven.report.json.ReportModelReader - Removing empty scenarios...
[main] INFO com.tngtech.jgiven.report.json.ReportModelReader - Removing empty scenarios...
[main] INFO com.tngtech.jgiven.report.json.ReportModelReader - Removing empty scenarios...
[main] INFO com.tngtech.jgiven.report.json.ReportModelReader - Removing empty scenarios...
[main] INFO com.tngtech.jgiven.report.json.ReportModelReader - Removing empty scenarios...
[main] INFO com.tngtech.jgiven.report.json.ReportModelReader - Removing empty scenarios...
[main] INFO com.tngtech.jgiven.report.json.ReportModelReader - Removing empty scenarios...
[main] INFO com.tngtech.jgiven.report.json.ReportModelReader - Removing empty scenarios...
[main] INFO com.tngtech.jgiven.report.json.ReportModelReader - Removing empty scenarios...
[main] INFO com.tngtech.jgiven.report.json.ReportModelReader - Removing empty scenarios...
[main] INFO com.tngtech.jgiven.report.json.ReportModelReader - Removing empty scenarios...
[main] INFO com.tngtech.jgiven.report.html5.Html5ReportGenerator - Generating HTML5 report to /home/travis/build/TNG/JGiven/jgiven-examples/build/reports/jgiven/html5/index.html
[main] INFO com.tngtech.jgiven.report.html5.Html5AttachmentGenerator - Attachment written to build/reports/jgiven/html5/data/attachments/com/tngtech/jgiven/examples/attachments/AttachmentsExample/attachment.txt
[main] INFO com.tngtech.jgiven.report.html5.Html5AttachmentGenerator - Attachment written to build/reports/jgiven/html5/data/attachments/com/tngtech/jgiven/examples/attachments/AttachmentsExample/oval-circle.png
[main] INFO com.tngtech.jgiven.report.html5.Html5AttachmentGenerator - Attachment written to build/reports/jgiven/html5/data/attachments/com/tngtech/jgiven/examples/attachments/AttachmentsExample/attachment2.txt
[main] INFO com.tngtech.jgiven.report.html5.Html5AttachmentGenerator - Attachment written to build/reports/jgiven/html5/data/attachments/com/tngtech/jgiven/examples/attachments/AttachmentsExample/attachment3.txt
[main] INFO com.tngtech.jgiven.report.html5.Html5AttachmentGenerator - Attachment written to build/reports/jgiven/html5/data/attachments/com/tngtech/jgiven/examples/attachments/AttachmentsExample/attachment4.txt
[main] INFO com.tngtech.jgiven.report.html5.Html5AttachmentGenerator - Attachment written to build/reports/jgiven/html5/data/attachments/com/tngtech/jgiven/examples/attachments/AttachmentsExample/oval-circle2.png
[main] INFO com.tngtech.jgiven.report.html5.Html5AttachmentGenerator - Attachment written to build/reports/jgiven/html5/data/attachments/com/tngtech/jgiven/examples/attachments/AttachmentsExample/oval-circle3.png
[main] INFO com.tngtech.jgiven.report.html5.Html5AttachmentGenerator - Attachment written to build/reports/jgiven/html5/data/attachments/com/tngtech/jgiven/examples/attachments/AttachmentsExample/large-oval-circle.png
[main] INFO com.tngtech.jgiven.report.html5.Html5AttachmentGenerator - Attachment written to build/reports/jgiven/html5/data/attachments/com/tngtech/jgiven/examples/attachments/AttachmentsExample/attachment5.txt
[main] INFO com.tngtech.jgiven.report.html5.Html5AttachmentGenerator - Attachment written to build/reports/jgiven/html5/data/attachments/com/tngtech/jgiven/examples/attachments/AttachmentsExample/attachment6.txt
[main] INFO com.tngtech.jgiven.report.html5.Html5ReportGenerator - Written 168 scenarios to data0.js
[main] INFO com.tngtech.jgiven.report.html5.Html5ReportGenerator - Written 10 scenarios to data1.js
[main] INFO com.tngtech.jgiven.report.html5.Html5ReportGenerator - Cannot read build/resources/test/jgiven/custom.css, skipping

:jgiven-html5-report:compileTestJavawarning: [options] bootstrap class path not set in conjunction with -source 1.6

:jgiven-html5-report:processTestResources UP-TO-DATE
:jgiven-html5-report:testClasses
:jgiven-html5-report:test
:jgiven-html5-report:npmInstallnpm WARN package.json jgiven-html5-report@0.7.4 No repository field.

:jgiven-html5-report:npmTest

> jgiven-html5-report@0.7.4 test /home/travis/build/TNG/JGiven/jgiven-html5-report
> karma start --debug --single-run --browsers PhantomJS

[32m19 08 2016 07:59:33.220:INFO [karma]: [39mKarma v0.13.22 server started at http://localhost:9876/
[32m19 08 2016 07:59:33.229:INFO [launcher]: [39mStarting browser PhantomJS
[32m19 08 2016 07:59:33.518:INFO [PhantomJS 1.9.8 (Linux 0.0.0)]: [39mConnected on socket /#RLY5iZZFFife-0J3AAAA with id 28246021
PhantomJS 1.9.8 (Linux 0.0.0): Executed 0 of 8 SUCCESS (0 secs / 0 secs)
[1A[2KPhantomJS 1.9.8 (Linux 0.0.0): Executed 1 of 8 SUCCESS (0 secs / 0.014 secs)
[1A[2KPhantomJS 1.9.8 (Linux 0.0.0): Executed 2 of 8 SUCCESS (0 secs / 0.017 secs)
[1A[2KPhantomJS 1.9.8 (Linux 0.0.0): Executed 3 of 8 SUCCESS (0 secs / 0.019 secs)
[1A[2KPhantomJS 1.9.8 (Linux 0.0.0): Executed 4 of 8 SUCCESS (0 secs / 0.02 secs)
[1A[2KPhantomJS 1.9.8 (Linux 0.0.0): Executed 5 of 8 SUCCESS (0 secs / 0.02 secs)
[1A[2KPhantomJS 1.9.8 (Linux 0.0.0): Executed 6 of 8 SUCCESS (0 secs / 0.02 secs)
[1A[2KPhantomJS 1.9.8 (Linux 0.0.0): Executed 7 of 8 SUCCESS (0 secs / 0.02 secs)
[1A[2KPhantomJS 1.9.8 (Linux 0.0.0): Executed 8 of 8 SUCCESS (0 secs / 0.02 secs)
[1A[2KPhantomJS 1.9.8 (Linux 0.0.0): Executed 8 of 8 SUCCESS (0.041 secs / 0.02 secs)
:jgiven-java8-tests:compileJava UP-TO-DATE
:jgiven-java8-tests:processResources UP-TO-DATE
:jgiven-java8-tests:classes UP-TO-DATE
:jgiven-java8-tests:compileTestJavawarning: Supported source version 'RELEASE_6' from annotation processor 'net.java.quickcheck.srcgenerator.SamplesProcessor' less than -source '1.8'
warning: Supported source version 'RELEASE_6' from annotation processor 'net.java.quickcheck.srcgenerator.IterableProcessor' less than -source '1.8'
2 warnings

:jgiven-java8-tests:processTestResources UP-TO-DATE
:jgiven-java8-tests:testClasses
:jgiven-java8-tests:test
:jgiven-java8-tests:jgivenHtml5Report[main] INFO com.tngtech.jgiven.report.json.ReportModelReader - Removing empty scenarios...
[main] INFO com.tngtech.jgiven.report.html5.Html5ReportGenerator - Generating HTML5 report to /home/travis/build/TNG/JGiven/jgiven-java8-tests/build/reports/jgiven/html5/index.html
[main] INFO com.tngtech.jgiven.report.html5.Html5ReportGenerator - Written 1 scenarios to data0.js
[main] INFO com.tngtech.jgiven.report.html5.Html5ReportGenerator - Cannot read build/resources/test/jgiven/custom.css, skipping

:jgiven-junit:compileTestJavawarning: [options] bootstrap class path not set in conjunction with -source 1.6
Note: Some input files use or override a deprecated API.
Note: Recompile with -Xlint:deprecation for details.

:jgiven-junit:processTestResources UP-TO-DATE
:jgiven-junit:testClasses
:jgiven-junit:test

com.tngtech.jgiven.junit.StepsAreReportedTest > if_some_steps_are_pending_then_scenario_status_is_partially STANDARD_ERROR
    [Test worker] WARN com.tngtech.jgiven.impl.intercept.StepMethodInterceptor - The step method some_pending_step of class TestSteps does not follow the fluent interface convention of returning the receiver object. Please change the return type to the SELF type parameter.

com.tngtech.jgiven.junit.StepsAreReportedTest > if_some_steps_are_not_implemented_then_scenario_status_is_partially STANDARD_ERROR
    [Test worker] WARN com.tngtech.jgiven.impl.intercept.StepMethodInterceptor - The step method some_not_implemented_step of class TestSteps does not follow the fluent interface convention of returning the receiver object. Please change the return type to the SELF type parameter.

com.tngtech.jgiven.junit.StepsAreReportedTest > steps_annotated_with_Pending_are_recognized STANDARD_ERROR
    [Test worker] WARN com.tngtech.jgiven.impl.intercept.StepMethodInterceptor - The step method some_pending_step of class TestSteps does not follow the fluent interface convention of returning the receiver object. Please change the return type to the SELF type parameter.

com.tngtech.jgiven.junit.StepsAreReportedTest > steps_annotated_with_NotImplementedYet_are_recognized STANDARD_ERROR
    [Test worker] WARN com.tngtech.jgiven.impl.intercept.StepMethodInterceptor - The step method some_not_implemented_step of class TestSteps does not follow the fluent interface convention of returning the receiver object. Please change the return type to the SELF type parameter.

com.tngtech.jgiven.junit.ScenarioExecutionTest > After_methods_are_called_even_if_step_fails STANDARD_ERROR
    [Test worker] WARN com.tngtech.jgiven.impl.intercept.StepMethodInterceptor - The step method someFailingStep of class BeforeAfterTestStage does not follow the fluent interface convention of returning the receiver object. Please change the return type to the SELF type parameter.

com.tngtech.jgiven.junit.ScenarioExecutionTest > exception_in_after_method_is_propagated STANDARD_ERROR
    [Test worker] ERROR com.tngtech.jgiven.impl.StandaloneScenarioExecutor - AfterScenario
    java.lang.IllegalStateException: AfterScenario
    	at com.tngtech.jgiven.junit.ScenarioExecutionTest$TestStageWithExceptionInAfterScenario.throwException(ScenarioExecutionTest.java:132)
    	at com.tngtech.jgiven.junit.ScenarioExecutionTest$TestStageWithExceptionInAfterScenario$$EnhancerByCGLIB$$6c65a25b.CGLIB$throwException$0(<generated>)
    	at com.tngtech.jgiven.junit.ScenarioExecutionTest$TestStageWithExceptionInAfterScenario$$EnhancerByCGLIB$$6c65a25b$$FastClassByCGLIB$$6c55ccf3.invoke(<generated>)
    	at net.sf.cglib.proxy.MethodProxy.invokeSuper(MethodProxy.java:228)
    	at com.tngtech.jgiven.impl.intercept.StandaloneStepMethodInterceptor$1.proceed(StandaloneStepMethodInterceptor.java:26)
    	at com.tngtech.jgiven.impl.intercept.StepMethodInterceptor.doIntercept(StepMethodInterceptor.java:61)
    	at com.tngtech.jgiven.impl.intercept.StandaloneStepMethodInterceptor.intercept(StandaloneStepMethodInterceptor.java:30)
    	at com.tngtech.jgiven.junit.ScenarioExecutionTest$TestStageWithExceptionInAfterScenario$$EnhancerByCGLIB$$6c65a25b.throwException(<generated>)
    	at sun.reflect.NativeMethodAccessorImpl.invoke0(Native Method)
    	at sun.reflect.NativeMethodAccessorImpl.invoke(NativeMethodAccessorImpl.java:62)
    	at sun.reflect.DelegatingMethodAccessorImpl.invoke(DelegatingMethodAccessorImpl.java:43)
    	at java.lang.reflect.Method.invoke(Method.java:483)
    	at com.tngtech.jgiven.impl.util.ReflectionUtil.invokeMethod(ReflectionUtil.java:175)
    	at com.tngtech.jgiven.impl.StandaloneScenarioExecutor$1.act(StandaloneScenarioExecutor.java:328)
    	at com.tngtech.jgiven.impl.util.ReflectionUtil$2.act(ReflectionUtil.java:54)
    	at com.tngtech.jgiven.impl.util.ReflectionUtil.forEachSuperClass(ReflectionUtil.java:67)
    	at com.tngtech.jgiven.impl.util.ReflectionUtil.forEachSuperClass(ReflectionUtil.java:70)
    	at com.tngtech.jgiven.impl.util.ReflectionUtil.forEachMethod(ReflectionUtil.java:49)
    	at com.tngtech.jgiven.impl.StandaloneScenarioExecutor.executeAnnotatedMethods(StandaloneScenarioExecutor.java:325)
    	at com.tngtech.jgiven.impl.StandaloneScenarioExecutor.callFinishLifeCycleMethods(StandaloneScenarioExecutor.java:418)
    	at com.tngtech.jgiven.impl.StandaloneScenarioExecutor.finished(StandaloneScenarioExecutor.java:396)
    	at com.tngtech.jgiven.junit.ScenarioExecutionTest.exception_in_after_method_is_propagated(ScenarioExecutionTest.java:126)
    	at sun.reflect.NativeMethodAccessorImpl.invoke0(Native Method)
    	at sun.reflect.NativeMethodAccessorImpl.invoke(NativeMethodAccessorImpl.java:62)
    	at sun.reflect.DelegatingMethodAccessorImpl.invoke(DelegatingMethodAccessorImpl.java:43)
    	at java.lang.reflect.Method.invoke(Method.java:483)
    	at org.junit.runners.model.FrameworkMethod$1.runReflectiveCall(FrameworkMethod.java:50)
    	at org.junit.internal.runners.model.ReflectiveCallable.run(ReflectiveCallable.java:12)
    	at org.junit.runners.model.FrameworkMethod.invokeExplosively(FrameworkMethod.java:47)
    	at org.junit.internal.runners.statements.InvokeMethod.evaluate(InvokeMethod.java:17)
    	at org.junit.internal.runners.statements.ExpectException.evaluate(ExpectException.java:19)
    	at com.tngtech.jgiven.junit.ScenarioExecutionRule$1.evaluate(ScenarioExecutionRule.java:74)
    	at org.junit.runners.ParentRunner.runLeaf(ParentRunner.java:325)
    	at org.junit.runners.BlockJUnit4ClassRunner.runChild(BlockJUnit4ClassRunner.java:78)
    	at org.junit.runners.BlockJUnit4ClassRunner.runChild(BlockJUnit4ClassRunner.java:57)
    	at org.junit.runners.ParentRunner$3.run(ParentRunner.java:290)
    	at org.junit.runners.ParentRunner$1.schedule(ParentRunner.java:71)
    	at org.junit.runners.ParentRunner.runChildren(ParentRunner.java:288)
    	at org.junit.runners.ParentRunner.access$000(ParentRunner.java:58)
    	at org.junit.runners.ParentRunner$2.evaluate(ParentRunner.java:268)
    	at com.tngtech.java.junit.dataprovider.DataProviderRunner$1.evaluate(DataProviderRunner.java:170)
    	at org.junit.rules.TestWatcher$1.evaluate(TestWatcher.java:55)
    	at org.junit.rules.RunRules.evaluate(RunRules.java:20)
    	at org.junit.runners.ParentRunner.run(ParentRunner.java:363)
    	at org.gradle.api.internal.tasks.testing.junit.JUnitTestClassExecuter.runTestClass(JUnitTestClassExecuter.java:86)
    	at org.gradle.api.internal.tasks.testing.junit.JUnitTestClassExecuter.execute(JUnitTestClassExecuter.java:49)
    	at org.gradle.api.internal.tasks.testing.junit.JUnitTestClassProcessor.processTestClass(JUnitTestClassProcessor.java:64)
    	at org.gradle.api.internal.tasks.testing.SuiteTestClassProcessor.processTestClass(SuiteTestClassProcessor.java:50)
    	at sun.reflect.NativeMethodAccessorImpl.invoke0(Native Method)
    	at sun.reflect.NativeMethodAccessorImpl.invoke(NativeMethodAccessorImpl.java:62)
    	at sun.reflect.DelegatingMethodAccessorImpl.invoke(DelegatingMethodAccessorImpl.java:43)
    	at java.lang.reflect.Method.invoke(Method.java:483)
    	at org.gradle.messaging.dispatch.ReflectionDispatch.dispatch(ReflectionDispatch.java:35)
    	at org.gradle.messaging.dispatch.ReflectionDispatch.dispatch(ReflectionDispatch.java:24)
    	at org.gradle.messaging.dispatch.ContextClassLoaderDispatch.dispatch(ContextClassLoaderDispatch.java:32)
    	at org.gradle.messaging.dispatch.ProxyDispatchAdapter$DispatchingInvocationHandler.invoke(ProxyDispatchAdapter.java:93)
    	at com.sun.proxy.$Proxy2.processTestClass(Unknown Source)
    	at org.gradle.api.internal.tasks.testing.worker.TestWorker.processTestClass(TestWorker.java:106)
    	at sun.reflect.NativeMethodAccessorImpl.invoke0(Native Method)
    	at sun.reflect.NativeMethodAccessorImpl.invoke(NativeMethodAccessorImpl.java:62)
    	at sun.reflect.DelegatingMethodAccessorImpl.invoke(DelegatingMethodAccessorImpl.java:43)
    	at java.lang.reflect.Method.invoke(Method.java:483)
    	at org.gradle.messaging.dispatch.ReflectionDispatch.dispatch(ReflectionDispatch.java:35)
    	at org.gradle.messaging.dispatch.ReflectionDispatch.dispatch(ReflectionDispatch.java:24)
    	at org.gradle.messaging.remote.internal.hub.MessageHub$Handler.run(MessageHub.java:360)
    	at org.gradle.internal.concurrent.ExecutorPolicy$CatchAndRecordFailures.onExecute(ExecutorPolicy.java:54)
    	at org.gradle.internal.concurrent.StoppableExecutorImpl$1.run(StoppableExecutorImpl.java:40)
    	at java.util.concurrent.ThreadPoolExecutor.runWorker(ThreadPoolExecutor.java:1142)
    	at java.util.concurrent.ThreadPoolExecutor$Worker.run(ThreadPoolExecutor.java:617)
    	at java.lang.Thread.run(Thread.java:745)

com.tngtech.jgiven.junit.ScenarioExecutionTest > AfterStage_methods_of_the_last_stage_are_executed STANDARD_ERROR
    [Test worker] ERROR com.tngtech.jgiven.impl.StandaloneScenarioExecutor - null
    com.tngtech.jgiven.junit.ScenarioExecutionTest$SomeExceptionInAfterStage
    	at com.tngtech.jgiven.junit.ScenarioExecutionTest$AssertionInAfterStage.after(ScenarioExecutionTest.java:177)
    	at com.tngtech.jgiven.junit.ScenarioExecutionTest$AssertionInAfterStage$$EnhancerByCGLIB$$421f2b00.CGLIB$after$1(<generated>)
    	at com.tngtech.jgiven.junit.ScenarioExecutionTest$AssertionInAfterStage$$EnhancerByCGLIB$$421f2b00$$FastClassByCGLIB$$f33249ed.invoke(<generated>)
    	at net.sf.cglib.proxy.MethodProxy.invokeSuper(MethodProxy.java:228)
    	at com.tngtech.jgiven.impl.intercept.StandaloneStepMethodInterceptor$1.proceed(StandaloneStepMethodInterceptor.java:26)
    	at com.tngtech.jgiven.impl.intercept.StepMethodInterceptor.doIntercept(StepMethodInterceptor.java:61)
    	at com.tngtech.jgiven.impl.intercept.StandaloneStepMethodInterceptor.intercept(StandaloneStepMethodInterceptor.java:30)
    	at com.tngtech.jgiven.junit.ScenarioExecutionTest$AssertionInAfterStage$$EnhancerByCGLIB$$421f2b00.after(<generated>)
    	at sun.reflect.NativeMethodAccessorImpl.invoke0(Native Method)
    	at sun.reflect.NativeMethodAccessorImpl.invoke(NativeMethodAccessorImpl.java:62)
    	at sun.reflect.DelegatingMethodAccessorImpl.invoke(DelegatingMethodAccessorImpl.java:43)
    	at java.lang.reflect.Method.invoke(Method.java:483)
    	at com.tngtech.jgiven.impl.util.ReflectionUtil.invokeMethod(ReflectionUtil.java:175)
    	at com.tngtech.jgiven.impl.StandaloneScenarioExecutor$1.act(StandaloneScenarioExecutor.java:328)
    	at com.tngtech.jgiven.impl.util.ReflectionUtil$2.act(ReflectionUtil.java:54)
    	at com.tngtech.jgiven.impl.util.ReflectionUtil.forEachSuperClass(ReflectionUtil.java:67)
    	at com.tngtech.jgiven.impl.util.ReflectionUtil.forEachSuperClass(ReflectionUtil.java:70)
    	at com.tngtech.jgiven.impl.util.ReflectionUtil.forEachMethod(ReflectionUtil.java:49)
    	at com.tngtech.jgiven.impl.StandaloneScenarioExecutor.executeAnnotatedMethods(StandaloneScenarioExecutor.java:325)
    	at com.tngtech.jgiven.impl.StandaloneScenarioExecutor.executeAfterStageMethods(StandaloneScenarioExecutor.java:282)
    	at com.tngtech.jgiven.impl.StandaloneScenarioExecutor.callFinishLifeCycleMethods(StandaloneScenarioExecutor.java:408)
    	at com.tngtech.jgiven.impl.StandaloneScenarioExecutor.finished(StandaloneScenarioExecutor.java:396)
    	at com.tngtech.jgiven.impl.ScenarioBase.finished(ScenarioBase.java:57)
    	at com.tngtech.jgiven.junit.ScenarioExecutionTest.AfterStage_methods_of_the_last_stage_are_executed(ScenarioExecutionTest.java:191)
    	at sun.reflect.NativeMethodAccessorImpl.invoke0(Native Method)
    	at sun.reflect.NativeMethodAccessorImpl.invoke(NativeMethodAccessorImpl.java:62)
    	at sun.reflect.DelegatingMethodAccessorImpl.invoke(DelegatingMethodAccessorImpl.java:43)
    	at java.lang.reflect.Method.invoke(Method.java:483)
    	at org.junit.runners.model.FrameworkMethod$1.runReflectiveCall(FrameworkMethod.java:50)
    	at org.junit.internal.runners.model.ReflectiveCallable.run(ReflectiveCallable.java:12)
    	at org.junit.runners.model.FrameworkMethod.invokeExplosively(FrameworkMethod.java:47)
    	at org.junit.internal.runners.statements.InvokeMethod.evaluate(InvokeMethod.java:17)
    	at org.junit.internal.runners.statements.ExpectException.evaluate(ExpectException.java:19)
    	at com.tngtech.jgiven.junit.ScenarioExecutionRule$1.evaluate(ScenarioExecutionRule.java:74)
    	at org.junit.runners.ParentRunner.runLeaf(ParentRunner.java:325)
    	at org.junit.runners.BlockJUnit4ClassRunner.runChild(BlockJUnit4ClassRunner.java:78)
    	at org.junit.runners.BlockJUnit4ClassRunner.runChild(BlockJUnit4ClassRunner.java:57)
    	at org.junit.runners.ParentRunner$3.run(ParentRunner.java:290)
    	at org.junit.runners.ParentRunner$1.schedule(ParentRunner.java:71)
    	at org.junit.runners.ParentRunner.runChildren(ParentRunner.java:288)
    	at org.junit.runners.ParentRunner.access$000(ParentRunner.java:58)
    	at org.junit.runners.ParentRunner$2.evaluate(ParentRunner.java:268)
    	at com.tngtech.java.junit.dataprovider.DataProviderRunner$1.evaluate(DataProviderRunner.java:170)
    	at org.junit.rules.TestWatcher$1.evaluate(TestWatcher.java:55)
    	at org.junit.rules.RunRules.evaluate(RunRules.java:20)
    	at org.junit.runners.ParentRunner.run(ParentRunner.java:363)
    	at org.gradle.api.internal.tasks.testing.junit.JUnitTestClassExecuter.runTestClass(JUnitTestClassExecuter.java:86)
    	at org.gradle.api.internal.tasks.testing.junit.JUnitTestClassExecuter.execute(JUnitTestClassExecuter.java:49)
    	at org.gradle.api.internal.tasks.testing.junit.JUnitTestClassProcessor.processTestClass(JUnitTestClassProcessor.java:64)
    	at org.gradle.api.internal.tasks.testing.SuiteTestClassProcessor.processTestClass(SuiteTestClassProcessor.java:50)
    	at sun.reflect.NativeMethodAccessorImpl.invoke0(Native Method)
    	at sun.reflect.NativeMethodAccessorImpl.invoke(NativeMethodAccessorImpl.java:62)
    	at sun.reflect.DelegatingMethodAccessorImpl.invoke(DelegatingMethodAccessorImpl.java:43)
    	at java.lang.reflect.Method.invoke(Method.java:483)
    	at org.gradle.messaging.dispatch.ReflectionDispatch.dispatch(ReflectionDispatch.java:35)
    	at org.gradle.messaging.dispatch.ReflectionDispatch.dispatch(ReflectionDispatch.java:24)
    	at org.gradle.messaging.dispatch.ContextClassLoaderDispatch.dispatch(ContextClassLoaderDispatch.java:32)
    	at org.gradle.messaging.dispatch.ProxyDispatchAdapter$DispatchingInvocationHandler.invoke(ProxyDispatchAdapter.java:93)
    	at com.sun.proxy.$Proxy2.processTestClass(Unknown Source)
    	at org.gradle.api.internal.tasks.testing.worker.TestWorker.processTestClass(TestWorker.java:106)
    	at sun.reflect.NativeMethodAccessorImpl.invoke0(Native Method)
    	at sun.reflect.NativeMethodAccessorImpl.invoke(NativeMethodAccessorImpl.java:62)
    	at sun.reflect.DelegatingMethodAccessorImpl.invoke(DelegatingMethodAccessorImpl.java:43)
    	at java.lang.reflect.Method.invoke(Method.java:483)
    	at org.gradle.messaging.dispatch.ReflectionDispatch.dispatch(ReflectionDispatch.java:35)
    	at org.gradle.messaging.dispatch.ReflectionDispatch.dispatch(ReflectionDispatch.java:24)
    	at org.gradle.messaging.remote.internal.hub.MessageHub$Handler.run(MessageHub.java:360)
    	at org.gradle.internal.concurrent.ExecutorPolicy$CatchAndRecordFailures.onExecute(ExecutorPolicy.java:54)
    	at org.gradle.internal.concurrent.StoppableExecutorImpl$1.run(StoppableExecutorImpl.java:40)
    	at java.util.concurrent.ThreadPoolExecutor.runWorker(ThreadPoolExecutor.java:1142)
    	at java.util.concurrent.ThreadPoolExecutor$Worker.run(ThreadPoolExecutor.java:617)
    	at java.lang.Thread.run(Thread.java:745)

com.tngtech.jgiven.junit.ScenarioExecutionTest > exception_in_after_rule_method_is_propagated STANDARD_ERROR
    [Test worker] ERROR com.tngtech.jgiven.impl.StandaloneScenarioExecutor - AfterRule
    java.lang.IllegalStateException: AfterRule
    	at com.tngtech.jgiven.junit.ScenarioExecutionTest$RuleThatThrowsExceptionInAfter.after(ScenarioExecutionTest.java:167)
    	at sun.reflect.NativeMethodAccessorImpl.invoke0(Native Method)
    	at sun.reflect.NativeMethodAccessorImpl.invoke(NativeMethodAccessorImpl.java:62)
    	at sun.reflect.DelegatingMethodAccessorImpl.invoke(DelegatingMethodAccessorImpl.java:43)
    	at java.lang.reflect.Method.invoke(Method.java:483)
    	at com.tngtech.jgiven.impl.util.ReflectionUtil.invokeMethod(ReflectionUtil.java:175)
    	at com.tngtech.jgiven.impl.StandaloneScenarioExecutor.invokeRuleMethod(StandaloneScenarioExecutor.java:351)
    	at com.tngtech.jgiven.impl.StandaloneScenarioExecutor.callFinishLifeCycleMethods(StandaloneScenarioExecutor.java:429)
    	at com.tngtech.jgiven.impl.StandaloneScenarioExecutor.finished(StandaloneScenarioExecutor.java:396)
    	at com.tngtech.jgiven.junit.ScenarioExecutionTest.exception_in_after_rule_method_is_propagated(ScenarioExecutionTest.java:157)
    	at sun.reflect.NativeMethodAccessorImpl.invoke0(Native Method)
    	at sun.reflect.NativeMethodAccessorImpl.invoke(NativeMethodAccessorImpl.java:62)
    	at sun.reflect.DelegatingMethodAccessorImpl.invoke(DelegatingMethodAccessorImpl.java:43)
    	at java.lang.reflect.Method.invoke(Method.java:483)
    	at org.junit.runners.model.FrameworkMethod$1.runReflectiveCall(FrameworkMethod.java:50)
    	at org.junit.internal.runners.model.ReflectiveCallable.run(ReflectiveCallable.java:12)
    	at org.junit.runners.model.FrameworkMethod.invokeExplosively(FrameworkMethod.java:47)
    	at org.junit.internal.runners.statements.InvokeMethod.evaluate(InvokeMethod.java:17)
    	at org.junit.internal.runners.statements.ExpectException.evaluate(ExpectException.java:19)
    	at com.tngtech.jgiven.junit.ScenarioExecutionRule$1.evaluate(ScenarioExecutionRule.java:74)
    	at org.junit.runners.ParentRunner.runLeaf(ParentRunner.java:325)
    	at org.junit.runners.BlockJUnit4ClassRunner.runChild(BlockJUnit4ClassRunner.java:78)
    	at org.junit.runners.BlockJUnit4ClassRunner.runChild(BlockJUnit4ClassRunner.java:57)
    	at org.junit.runners.ParentRunner$3.run(ParentRunner.java:290)
    	at org.junit.runners.ParentRunner$1.schedule(ParentRunner.java:71)
    	at org.junit.runners.ParentRunner.runChildren(ParentRunner.java:288)
    	at org.junit.runners.ParentRunner.access$000(ParentRunner.java:58)
    	at org.junit.runners.ParentRunner$2.evaluate(ParentRunner.java:268)
    	at com.tngtech.java.junit.dataprovider.DataProviderRunner$1.evaluate(DataProviderRunner.java:170)
    	at org.junit.rules.TestWatcher$1.evaluate(TestWatcher.java:55)
    	at org.junit.rules.RunRules.evaluate(RunRules.java:20)
    	at org.junit.runners.ParentRunner.run(ParentRunner.java:363)
    	at org.gradle.api.internal.tasks.testing.junit.JUnitTestClassExecuter.runTestClass(JUnitTestClassExecuter.java:86)
    	at org.gradle.api.internal.tasks.testing.junit.JUnitTestClassExecuter.execute(JUnitTestClassExecuter.java:49)
    	at org.gradle.api.internal.tasks.testing.junit.JUnitTestClassProcessor.processTestClass(JUnitTestClassProcessor.java:64)
    	at org.gradle.api.internal.tasks.testing.SuiteTestClassProcessor.processTestClass(SuiteTestClassProcessor.java:50)
    	at sun.reflect.NativeMethodAccessorImpl.invoke0(Native Method)
    	at sun.reflect.NativeMethodAccessorImpl.invoke(NativeMethodAccessorImpl.java:62)
    	at sun.reflect.DelegatingMethodAccessorImpl.invoke(DelegatingMethodAccessorImpl.java:43)
    	at java.lang.reflect.Method.invoke(Method.java:483)
    	at org.gradle.messaging.dispatch.ReflectionDispatch.dispatch(ReflectionDispatch.java:35)
    	at org.gradle.messaging.dispatch.ReflectionDispatch.dispatch(ReflectionDispatch.java:24)
    	at org.gradle.messaging.dispatch.ContextClassLoaderDispatch.dispatch(ContextClassLoaderDispatch.java:32)
    	at org.gradle.messaging.dispatch.ProxyDispatchAdapter$DispatchingInvocationHandler.invoke(ProxyDispatchAdapter.java:93)
    	at com.sun.proxy.$Proxy2.processTestClass(Unknown Source)
    	at org.gradle.api.internal.tasks.testing.worker.TestWorker.processTestClass(TestWorker.java:106)
    	at sun.reflect.NativeMethodAccessorImpl.invoke0(Native Method)
    	at sun.reflect.NativeMethodAccessorImpl.invoke(NativeMethodAccessorImpl.java:62)
    	at sun.reflect.DelegatingMethodAccessorImpl.invoke(DelegatingMethodAccessorImpl.java:43)
    	at java.lang.reflect.Method.invoke(Method.java:483)
    	at org.gradle.messaging.dispatch.ReflectionDispatch.dispatch(ReflectionDispatch.java:35)
    	at org.gradle.messaging.dispatch.ReflectionDispatch.dispatch(ReflectionDispatch.java:24)
    	at org.gradle.messaging.remote.internal.hub.MessageHub$Handler.run(MessageHub.java:360)
    	at org.gradle.internal.concurrent.ExecutorPolicy$CatchAndRecordFailures.onExecute(ExecutorPolicy.java:54)
    	at org.gradle.internal.concurrent.StoppableExecutorImpl$1.run(StoppableExecutorImpl.java:40)
    	at java.util.concurrent.ThreadPoolExecutor.runWorker(ThreadPoolExecutor.java:1142)
    	at java.util.concurrent.ThreadPoolExecutor$Worker.run(ThreadPoolExecutor.java:617)
    	at java.lang.Thread.run(Thread.java:745)

com.tngtech.jgiven.junit.ScenarioExecutionTest > NotImplementedYet_annotation_works_on_test_methods STANDARD_ERROR
    [Test worker] WARN com.tngtech.jgiven.impl.intercept.StepMethodInterceptor - The step method an_exception_is_thrown of class TestStage does not follow the fluent interface convention of returning the receiver object. Please change the return type to the SELF type parameter.
:jgiven-junit:jgivenHtml5Report[main] INFO com.tngtech.jgiven.report.json.ReportModelReader - Removing empty scenarios...
[main] INFO com.tngtech.jgiven.report.json.ReportModelReader - Removing empty scenarios...
[main] INFO com.tngtech.jgiven.report.json.ReportModelReader - Removing empty scenarios...
[main] INFO com.tngtech.jgiven.report.json.ReportModelReader - Removing empty scenarios...
[main] INFO com.tngtech.jgiven.report.json.ReportModelReader - Removing empty scenarios...
[main] INFO com.tngtech.jgiven.report.json.ReportModelReader - Removing empty scenarios...
[main] INFO com.tngtech.jgiven.report.json.ReportModelReader - Removing empty scenarios...
[main] INFO com.tngtech.jgiven.report.json.ReportModelReader - Removing empty scenarios...
[main] INFO com.tngtech.jgiven.report.json.ReportModelReader - Removing empty scenarios...
[main] INFO com.tngtech.jgiven.report.json.ReportModelReader - Removing empty scenarios...
[main] INFO com.tngtech.jgiven.report.json.ReportModelReader - Removing empty scenarios...
[main] INFO com.tngtech.jgiven.report.json.ReportModelReader - Removing empty scenarios...
[main] INFO com.tngtech.jgiven.report.json.ReportModelReader - Removing empty scenarios...
[main] INFO com.tngtech.jgiven.report.json.ReportModelReader - Removing empty scenarios...
[main] INFO com.tngtech.jgiven.report.json.ReportModelReader - Removing empty scenarios...
[main] INFO com.tngtech.jgiven.report.json.ReportModelReader - Removing empty scenarios...
[main] INFO com.tngtech.jgiven.report.json.ReportModelReader - Removing empty scenarios...
[main] INFO com.tngtech.jgiven.report.json.ReportModelReader - Removing empty scenarios...
[main] INFO com.tngtech.jgiven.report.json.ReportModelReader - Removing empty scenarios...
[main] INFO com.tngtech.jgiven.report.json.ReportModelReader - Removing empty scenarios...
[main] INFO com.tngtech.jgiven.report.html5.Html5ReportGenerator - Generating HTML5 report to /home/travis/build/TNG/JGiven/jgiven-junit/build/reports/jgiven/html5/index.html
[main] INFO com.tngtech.jgiven.report.html5.Html5AttachmentGenerator - Attachment written to build/reports/jgiven/html5/data/attachments/com/tngtech/jgiven/junit/ScenarioExecutionTest/attachment.txt
[main] INFO com.tngtech.jgiven.report.html5.Html5ReportGenerator - Written 86 scenarios to data0.js
[main] INFO com.tngtech.jgiven.report.html5.Html5ReportGenerator - Cannot read build/resources/test/jgiven/custom.css, skipping

:jgiven-maven-plugin:compileJavawarning: [options] bootstrap class path not set in conjunction with -source 1.6
1 warning

:jgiven-maven-plugin:processResources UP-TO-DATE
:jgiven-maven-plugin:classes
:jgiven-maven-plugin:compileTestJava UP-TO-DATE
:jgiven-maven-plugin:processTestResources UP-TO-DATE
:jgiven-maven-plugin:testClasses UP-TO-DATE
:jgiven-maven-plugin:test UP-TO-DATE
:jgiven-spring:compileTestJavawarning: [options] bootstrap class path not set in conjunction with -source 1.6

:jgiven-spring:processTestResources UP-TO-DATE
:jgiven-spring:testClasses
:jgiven-spring:test

com.tngtech.jgiven.integration.spring.test.SpringOrderTest > _2 STANDARD_ERROR
    [Test worker] WARN com.tngtech.jgiven.impl.intercept.StepMethodInterceptor - The step method testAssertionFailed of class TestStage does not follow the fluent interface convention of returning the receiver object. Please change the return type to the SELF type parameter.

com.tngtech.jgiven.integration.spring.test.XmlConfiguredSpringScenarioTestTest > spring_can_inject_beans_into_stages STANDARD_ERROR
    [Test worker] ERROR org.springframework.test.context.TestContextManager - Caught exception while allowing TestExecutionListener [org.springframework.test.context.support.DependencyInjectionTestExecutionListener@262067e7] to prepare test instance [com.tngtech.jgiven.integration.spring.test.XmlConfiguredSpringScenarioTestTest@70d6ccc5]
    org.springframework.beans.factory.NoUniqueBeanDefinitionException: No qualifying bean of type [com.tngtech.jgiven.integration.spring.SpringScenarioExecutor] is defined: expected single matching bean but found 2: com.tngtech.jgiven.integration.spring.SpringScenarioExecutor#0,springScenarioExecutor
    	at org.springframework.beans.factory.support.DefaultListableBeanFactory.getBean(DefaultListableBeanFactory.java:289)
    	at com.tngtech.jgiven.integration.spring.SpringScenarioTest.setBeanFactory(SpringScenarioTest.java:31)
    	at org.springframework.beans.factory.support.AbstractAutowireCapableBeanFactory.invokeAwareMethods(AbstractAutowireCapableBeanFactory.java:1502)
    	at org.springframework.beans.factory.support.AbstractAutowireCapableBeanFactory.initializeBean(AbstractAutowireCapableBeanFactory.java:1470)
    	at org.springframework.beans.factory.support.AbstractAutowireCapableBeanFactory.initializeBean(AbstractAutowireCapableBeanFactory.java:388)
    	at org.springframework.test.context.support.DependencyInjectionTestExecutionListener.injectDependencies(DependencyInjectionTestExecutionListener.java:111)
    	at org.springframework.test.context.support.DependencyInjectionTestExecutionListener.prepareTestInstance(DependencyInjectionTestExecutionListener.java:75)
    	at org.springframework.test.context.TestContextManager.prepareTestInstance(TestContextManager.java:312)
    	at org.springframework.test.context.junit4.SpringJUnit4ClassRunner.createTest(SpringJUnit4ClassRunner.java:211)
    	at org.springframework.test.context.junit4.SpringJUnit4ClassRunner$1.runReflectiveCall(SpringJUnit4ClassRunner.java:288)
    	at org.junit.internal.runners.model.ReflectiveCallable.run(ReflectiveCallable.java:12)
    	at org.springframework.test.context.junit4.SpringJUnit4ClassRunner.methodBlock(SpringJUnit4ClassRunner.java:284)
    	at org.springframework.test.context.junit4.SpringJUnit4ClassRunner.runChild(SpringJUnit4ClassRunner.java:231)
    	at org.springframework.test.context.junit4.SpringJUnit4ClassRunner.runChild(SpringJUnit4ClassRunner.java:88)
    	at org.junit.runners.ParentRunner$3.run(ParentRunner.java:290)
    	at org.junit.runners.ParentRunner$1.schedule(ParentRunner.java:71)
    	at org.junit.runners.ParentRunner.runChildren(ParentRunner.java:288)
    	at org.junit.runners.ParentRunner.access$000(ParentRunner.java:58)
    	at org.junit.runners.ParentRunner$2.evaluate(ParentRunner.java:268)
    	at org.springframework.test.context.junit4.statements.RunBeforeTestClassCallbacks.evaluate(RunBeforeTestClassCallbacks.java:61)
    	at org.springframework.test.context.junit4.statements.RunAfterTestClassCallbacks.evaluate(RunAfterTestClassCallbacks.java:71)
    	at org.junit.rules.TestWatcher$1.evaluate(TestWatcher.java:55)
    	at org.junit.rules.RunRules.evaluate(RunRules.java:20)
    	at org.junit.runners.ParentRunner.run(ParentRunner.java:363)
    	at org.springframework.test.context.junit4.SpringJUnit4ClassRunner.run(SpringJUnit4ClassRunner.java:174)
    	at org.gradle.api.internal.tasks.testing.junit.JUnitTestClassExecuter.runTestClass(JUnitTestClassExecuter.java:86)
    	at org.gradle.api.internal.tasks.testing.junit.JUnitTestClassExecuter.execute(JUnitTestClassExecuter.java:49)
    	at org.gradle.api.internal.tasks.testing.junit.JUnitTestClassProcessor.processTestClass(JUnitTestClassProcessor.java:64)
    	at org.gradle.api.internal.tasks.testing.SuiteTestClassProcessor.processTestClass(SuiteTestClassProcessor.java:50)
    	at sun.reflect.NativeMethodAccessorImpl.invoke0(Native Method)
    	at sun.reflect.NativeMethodAccessorImpl.invoke(NativeMethodAccessorImpl.java:62)
    	at sun.reflect.DelegatingMethodAccessorImpl.invoke(DelegatingMethodAccessorImpl.java:43)
    	at java.lang.reflect.Method.invoke(Method.java:483)
    	at org.gradle.messaging.dispatch.ReflectionDispatch.dispatch(ReflectionDispatch.java:35)
    	at org.gradle.messaging.dispatch.ReflectionDispatch.dispatch(ReflectionDispatch.java:24)
    	at org.gradle.messaging.dispatch.ContextClassLoaderDispatch.dispatch(ContextClassLoaderDispatch.java:32)
    	at org.gradle.messaging.dispatch.ProxyDispatchAdapter$DispatchingInvocationHandler.invoke(ProxyDispatchAdapter.java:93)
    	at com.sun.proxy.$Proxy2.processTestClass(Unknown Source)
    	at org.gradle.api.internal.tasks.testing.worker.TestWorker.processTestClass(TestWorker.java:106)
    	at sun.reflect.NativeMethodAccessorImpl.invoke0(Native Method)
    	at sun.reflect.NativeMethodAccessorImpl.invoke(NativeMethodAccessorImpl.java:62)
    	at sun.reflect.DelegatingMethodAccessorImpl.invoke(DelegatingMethodAccessorImpl.java:43)
    	at java.lang.reflect.Method.invoke(Method.java:483)
    	at org.gradle.messaging.dispatch.ReflectionDispatch.dispatch(ReflectionDispatch.java:35)
    	at org.gradle.messaging.dispatch.ReflectionDispatch.dispatch(ReflectionDispatch.java:24)
    	at org.gradle.messaging.remote.internal.hub.MessageHub$Handler.run(MessageHub.java:360)
    	at org.gradle.internal.concurrent.ExecutorPolicy$CatchAndRecordFailures.onExecute(ExecutorPolicy.java:54)
    	at org.gradle.internal.concurrent.StoppableExecutorImpl$1.run(StoppableExecutorImpl.java:40)
    	at java.util.concurrent.ThreadPoolExecutor.runWorker(ThreadPoolExecutor.java:1142)
    	at java.util.concurrent.ThreadPoolExecutor$Worker.run(ThreadPoolExecutor.java:617)
    	at java.lang.Thread.run(Thread.java:745)

com.tngtech.jgiven.integration.spring.test.XmlConfiguredSpringScenarioTestTest > spring_can_inject_beans_into_stages FAILED
    org.springframework.beans.factory.NoUniqueBeanDefinitionException

6 tests completed, 1 failed
:jgiven-spring:test FAILED

FAILURE: Build failed with an exception.

* What went wrong:
Execution failed for task ':jgiven-spring:test'.
> There were failing tests. See the report at: file:///home/travis/build/TNG/JGiven/jgiven-spring/build/reports/tests/index.html

* Try:
Run with --stacktrace option to get the stack trace. Run with --info or --debug option to get more log output.

BUILD FAILED

Total time: 1 mins 23.712 secs

travis_time:end:3c60d342:start=1471593513821798347,finish=1471593597974287325,duration=84152488978[0K
[31;1mThe command "./gradlew test -DjunitVersion=4.12" exited with 1.[0m
travis_fold:start:cache.2[0Kstore build cache
travis_time:start:0fdd4072[0K
travis_time:end:0fdd4072:start=1471593597978525597,finish=1471593597981895029,duration=3369432[0Ktravis_time:start:0106fc24[0K[32;1mchange detected (content changed, file is created, or file is deleted):
/home/travis/.gradle/caches/modules-2/modules-2.lock

[0m
[32;1mchanges detected, packing new archive[0m
.
[32;1muploading archive[0m

travis_time:end:0106fc24:start=1471593597985752200,finish=1471593606686064895,duration=8700312695[0Ktravis_fold:end:cache.2[0K
Done. Your build exited with 1.
