travis_fold:start:worker_info
[0K[33;1mWorker information[0m
hostname: i-0f93926-precise-production-2-worker-org-docker.travisci.net:0a3396aa-0129-47d3-bd8c-1d56c274b26b
version: v2.5.0 https://github.com/travis-ci/worker/tree/da3a43228dffc0fcca5a46569ca786b22991979f
instance: 8a999cb:travis:java
startup: 627.91259ms
travis_fold:end:worker_info
[0Ktravis_fold:start:system_info
[0K[33;1mBuild system information[0m
Build language: java
Build group: stable
Build dist: precise
Build id: 254312311
Job id: 254312312
travis-build version: a27820a42
[34m[1mBuild image provisioning date and time[0m
Thu Feb  5 15:09:33 UTC 2015
[34m[1mOperating System Details[0m
Distributor ID: Ubuntu
Description:    Ubuntu 12.04.5 LTS
Release:    12.04
Codename:   precise
[34m[1mLinux Version[0m
3.13.0-29-generic
[34m[1mCookbooks Version[0m
a68419e https://github.com/travis-ci/travis-cookbooks/tree/a68419e
[34m[1mGCC version[0m
gcc (Ubuntu/Linaro 4.6.3-1ubuntu5) 4.6.3
Copyright (C) 2011 Free Software Foundation, Inc.
This is free software; see the source for copying conditions.  There is NO
warranty; not even for MERCHANTABILITY or FITNESS FOR A PARTICULAR PURPOSE.

[34m[1mLLVM version[0m
clang version 3.4 (tags/RELEASE_34/final)
Target: x86_64-unknown-linux-gnu
Thread model: posix
[34m[1mPre-installed Ruby versions[0m
ruby-1.9.3-p551
[34m[1mPre-installed Node.js versions[0m
v0.10.36
[34m[1mPre-installed Go versions[0m
1.4.1
[34m[1mRedis version[0m
redis-server 2.8.19
[34m[1mriak version[0m
2.0.2
[34m[1mMongoDB version[0m
MongoDB 2.4.12
[34m[1mCouchDB version[0m
couchdb 1.6.1
[34m[1mNeo4j version[0m
1.9.4
[34m[1mRabbitMQ Version[0m
3.4.3
[34m[1mElasticSearch version[0m
1.4.0
[34m[1mInstalled Sphinx versions[0m
2.0.10
2.1.9
2.2.6
[34m[1mDefault Sphinx version[0m
2.2.6
[34m[1mInstalled Firefox version[0m
firefox 31.0esr
[34m[1mPhantomJS version[0m
1.9.8
[34m[1mant -version[0m
Apache Ant(TM) version 1.8.2 compiled on December 3 2011
[34m[1mmvn -version[0m
Apache Maven 3.2.5 (12a6b3acb947671f09b81f49094c53f426d8cea1; 2014-12-14T17:29:23+00:00)
Maven home: /usr/local/maven
Java version: 1.7.0_76, vendor: Oracle Corporation
Java home: /usr/lib/jvm/java-7-oracle/jre
Default locale: en_US, platform encoding: ANSI_X3.4-1968
OS name: "linux", version: "3.13.0-29-generic", arch: "amd64", family: "unix"
travis_fold:end:system_info
[0K
travis_fold:start:fix.CVE-2015-7547
[0K$ export DEBIAN_FRONTEND=noninteractive
Reading package lists...
Building dependency tree...
Reading state information...
The following extra packages will be installed:
  libc-bin libc-dev-bin libc6-dev
Suggested packages:
  glibc-doc
The following packages will be upgraded:
  libc-bin libc-dev-bin libc6 libc6-dev
4 upgraded, 0 newly installed, 0 to remove and 278 not upgraded.
Need to get 8,856 kB of archives.
After this operation, 13.3 kB of additional disk space will be used.
Get:1 http://us.archive.ubuntu.com/ubuntu/ precise-updates/main libc6-dev amd64 2.15-0ubuntu10.18 [2,948 kB]
Get:2 http://us.archive.ubuntu.com/ubuntu/ precise-updates/main libc-dev-bin amd64 2.15-0ubuntu10.18 [84.5 kB]
Get:3 http://us.archive.ubuntu.com/ubuntu/ precise-updates/main libc-bin amd64 2.15-0ubuntu10.18 [1,178 kB]
Get:4 http://us.archive.ubuntu.com/ubuntu/ precise-updates/main libc6 amd64 2.15-0ubuntu10.18 [4,646 kB]
Fetched 8,856 kB in 0s (33.9 MB/s)
Preconfiguring packages ...
(Reading database ... 
(Reading database ... 5%
(Reading database ... 10%
(Reading database ... 15%
(Reading database ... 20%
(Reading database ... 25%
(Reading database ... 30%
(Reading database ... 35%
(Reading database ... 40%
(Reading database ... 45%
(Reading database ... 50%
(Reading database ... 55%
(Reading database ... 60%
(Reading database ... 65%
(Reading database ... 70%
(Reading database ... 75%
(Reading database ... 80%
(Reading database ... 85%
(Reading database ... 90%
(Reading database ... 95%
(Reading database ... 100%
(Reading database ... 72019 files and directories currently installed.)
Preparing to replace libc6-dev 2.15-0ubuntu10.10 (using .../libc6-dev_2.15-0ubuntu10.18_amd64.deb) ...
Unpacking replacement libc6-dev ...
Preparing to replace libc-dev-bin 2.15-0ubuntu10.10 (using .../libc-dev-bin_2.15-0ubuntu10.18_amd64.deb) ...
Unpacking replacement libc-dev-bin ...
Preparing to replace libc-bin 2.15-0ubuntu10.10 (using .../libc-bin_2.15-0ubuntu10.18_amd64.deb) ...
Unpacking replacement libc-bin ...
Processing triggers for man-db ...
Setting up libc-bin (2.15-0ubuntu10.18) ...
(Reading database ... 
(Reading database ... 5%
(Reading database ... 10%
(Reading database ... 15%
(Reading database ... 20%
(Reading database ... 25%
(Reading database ... 30%
(Reading database ... 35%
(Reading database ... 40%
(Reading database ... 45%
(Reading database ... 50%
(Reading database ... 55%
(Reading database ... 60%
(Reading database ... 65%
(Reading database ... 70%
(Reading database ... 75%
(Reading database ... 80%
(Reading database ... 85%
(Reading database ... 90%
(Reading database ... 95%
(Reading database ... 100%
(Reading database ... 72018 files and directories currently installed.)
Preparing to replace libc6 2.15-0ubuntu10.10 (using .../libc6_2.15-0ubuntu10.18_amd64.deb) ...
Unpacking replacement libc6 ...
Setting up libc6 (2.15-0ubuntu10.18) ...
Setting up libc-dev-bin (2.15-0ubuntu10.18) ...
Setting up libc6-dev (2.15-0ubuntu10.18) ...
Processing triggers for libc-bin ...
ldconfig deferred processing now taking place
travis_fold:end:fix.CVE-2015-7547
[0Ktravis_fold:start:update_libssl1.0.0
[0K$ sudo apt-get install libssl1.0.0

Reading package lists... 0%

Reading package lists... 0%

Reading package lists... 1%

Reading package lists... 10%

Reading package lists... 10%

Reading package lists... 11%

Reading package lists... 11%

Reading package lists... 46%

Reading package lists... 46%

Reading package lists... 47%

Reading package lists... 47%

Reading package lists... 47%

Reading package lists... 58%

Reading package lists... 58%

Reading package lists... 58%

Reading package lists... 58%

Reading package lists... 94%

Reading package lists... 94%

Reading package lists... 95%

Reading package lists... 95%

Reading package lists... 95%

Reading package lists... 95%

Reading package lists... 95%

Reading package lists... 95%

Reading package lists... 95%

Reading package lists... 95%

Reading package lists... 95%

Reading package lists... 95%

Reading package lists... 95%

Reading package lists... 95%

Reading package lists... 95%

Reading package lists... 95%

Reading package lists... 95%

Reading package lists... 95%

Reading package lists... 95%

Reading package lists... 95%

Reading package lists... 95%

Reading package lists... 95%

Reading package lists... 95%

Reading package lists... 95%

Reading package lists... 95%

Reading package lists... 95%

Reading package lists... 95%

Reading package lists... 95%

Reading package lists... 95%

Reading package lists... 95%

Reading package lists... 95%

Reading package lists... 95%

Reading package lists... 95%

Reading package lists... 95%

Reading package lists... 95%

Reading package lists... 95%

Reading package lists... 95%

Reading package lists... 95%

Reading package lists... 95%

Reading package lists... 95%

Reading package lists... 95%

Reading package lists... 95%

Reading package lists... 95%

Reading package lists... 95%

Reading package lists... 95%

Reading package lists... 95%

Reading package lists... 95%

Reading package lists... 95%

Reading package lists... 95%

Reading package lists... 95%

Reading package lists... 95%

Reading package lists... 95%

Reading package lists... 95%

Reading package lists... 95%

Reading package lists... 95%

Reading package lists... 95%

Reading package lists... 95%

Reading package lists... 95%

Reading package lists... 95%

Reading package lists... 95%

Reading package lists... 95%

Reading package lists... 96%

Reading package lists... 96%

Reading package lists... 96%

Reading package lists... 96%

Reading package lists... 97%

Reading package lists... 97%

Reading package lists... 98%

Reading package lists... 98%

Reading package lists... 98%

Reading package lists... 98%

Reading package lists... 98%

Reading package lists... 98%

Reading package lists... 98%

Reading package lists... 98%

Reading package lists... 98%

Reading package lists... 98%

Reading package lists... 98%

Reading package lists... 98%

Reading package lists... 98%

Reading package lists... 98%

Reading package lists... 98%

Reading package lists... 98%

Reading package lists... 98%

Reading package lists... 98%

Reading package lists... Done


Building dependency tree... 0%

Building dependency tree... 0%

Building dependency tree... 50%

Building dependency tree... 50%

Building dependency tree       


Reading state information... 0%

Reading state information... 0%

Reading state information... Done

The following extra packages will be installed:
  libssl-dev
The following packages will be upgraded:
  libssl-dev libssl1.0.0
2 upgraded, 0 newly installed, 0 to remove and 276 not upgraded.
Need to get 2,634 kB of archives.
After this operation, 29.7 kB of additional disk space will be used.


0% [Working]
            
Get:1 http://us.archive.ubuntu.com/ubuntu/ precise-updates/main libssl-dev amd64 1.0.1-4ubuntu5.39 [1,580 kB]

            
1% [1 libssl-dev 14.1 kB/1,580 kB 1%]
                                     
60% [Working]
             
Get:2 http://us.archive.ubuntu.com/ubuntu/ precise-updates/main libssl1.0.0 amd64 1.0.1-4ubuntu5.39 [1,054 kB]

             
62% [2 libssl1.0.0 57.7 kB/1,054 kB 5%]
                                       
100% [Working]
              
Fetched 2,634 kB in 0s (18.4 MB/s)
Preconfiguring packages ...
(Reading database ... 
(Reading database ... 5%
(Reading database ... 10%
(Reading database ... 15%
(Reading database ... 20%
(Reading database ... 25%
(Reading database ... 30%
(Reading database ... 35%
(Reading database ... 40%
(Reading database ... 45%
(Reading database ... 50%
(Reading database ... 55%
(Reading database ... 60%
(Reading database ... 65%
(Reading database ... 70%
(Reading database ... 75%
(Reading database ... 80%
(Reading database ... 85%
(Reading database ... 90%
(Reading database ... 95%
(Reading database ... 100%
(Reading database ... 72018 files and directories currently installed.)
Preparing to replace libssl-dev 1.0.1-4ubuntu5.21 (using .../libssl-dev_1.0.1-4ubuntu5.39_amd64.deb) ...
Unpacking replacement libssl-dev ...
Preparing to replace libssl1.0.0 1.0.1-4ubuntu5.21 (using .../libssl1.0.0_1.0.1-4ubuntu5.39_amd64.deb) ...
Unpacking replacement libssl1.0.0 ...
Setting up libssl1.0.0 (1.0.1-4ubuntu5.39) ...
Setting up libssl-dev (1.0.1-4ubuntu5.39) ...
Processing triggers for libc-bin ...
ldconfig deferred processing now taking place
travis_fold:end:update_libssl1.0.0
[0K$ jdk_switcher use oraclejdk8
Switching to Oracle JDK8 (java-8-oracle), JAVA_HOME will be set to /usr/lib/jvm/java-8-oracle
travis_fold:start:git.checkout
[0Ktravis_time:start:1508e449
[0K$ git clone --depth=50 https://github.com/stagemonitor/stagemonitor.git stagemonitor/stagemonitor
Cloning into 'stagemonitor/stagemonitor'...
remote: Counting objects: 2304, done.[K
remote: Compressing objects:   0% (1/1383)   [K
remote: Compressing objects:   1% (14/1383)   [K
remote: Compressing objects:   2% (28/1383)   [K
remote: Compressing objects:   3% (42/1383)   [K
remote: Compressing objects:   4% (56/1383)   [K
remote: Compressing objects:   5% (70/1383)   [K
remote: Compressing objects:   6% (83/1383)   [K
remote: Compressing objects:   7% (97/1383)   [K
remote: Compressing objects:   8% (111/1383)   [K
remote: Compressing objects:   9% (125/1383)   [K
remote: Compressing objects:  10% (139/1383)   [K
remote: Compressing objects:  11% (153/1383)   [K
remote: Compressing objects:  12% (166/1383)   [K
remote: Compressing objects:  13% (180/1383)   [K
remote: Compressing objects:  14% (194/1383)   [K
remote: Compressing objects:  15% (208/1383)   [K
remote: Compressing objects:  16% (222/1383)   [K
remote: Compressing objects:  17% (236/1383)   [K
remote: Compressing objects:  18% (249/1383)   [K
remote: Compressing objects:  19% (263/1383)   [K
remote: Compressing objects:  20% (277/1383)   [K
remote: Compressing objects:  21% (291/1383)   [K
remote: Compressing objects:  22% (305/1383)   [K
remote: Compressing objects:  23% (319/1383)   [K
remote: Compressing objects:  24% (332/1383)   [K
remote: Compressing objects:  25% (346/1383)   [K
remote: Compressing objects:  26% (360/1383)   [K
remote: Compressing objects:  27% (374/1383)   [K
remote: Compressing objects:  28% (388/1383)   [K
remote: Compressing objects:  29% (402/1383)   [K
remote: Compressing objects:  30% (415/1383)   [K
remote: Compressing objects:  31% (429/1383)   [K
remote: Compressing objects:  32% (443/1383)   [K
remote: Compressing objects:  33% (457/1383)   [K
remote: Compressing objects:  34% (471/1383)   [K
remote: Compressing objects:  35% (485/1383)   [K
remote: Compressing objects:  36% (498/1383)   [K
remote: Compressing objects:  37% (512/1383)   [K
remote: Compressing objects:  38% (526/1383)   [K
remote: Compressing objects:  39% (540/1383)   [K
remote: Compressing objects:  40% (554/1383)   [K
remote: Compressing objects:  41% (568/1383)   [K
remote: Compressing objects:  42% (581/1383)   [K
remote: Compressing objects:  43% (595/1383)   [K
remote: Compressing objects:  44% (609/1383)   [K
remote: Compressing objects:  45% (623/1383)   [K
remote: Compressing objects:  46% (637/1383)   [K
remote: Compressing objects:  47% (651/1383)   [K
remote: Compressing objects:  48% (664/1383)   [K
remote: Compressing objects:  49% (678/1383)   [K
remote: Compressing objects:  50% (692/1383)   [K
remote: Compressing objects:  51% (706/1383)   [K
remote: Compressing objects:  52% (720/1383)   [K
remote: Compressing objects:  53% (733/1383)   [K
remote: Compressing objects:  54% (747/1383)   [K
remote: Compressing objects:  55% (761/1383)   [K
remote: Compressing objects:  56% (775/1383)   [K
remote: Compressing objects:  57% (789/1383)   [K
remote: Compressing objects:  58% (803/1383)   [K
remote: Compressing objects:  59% (816/1383)   [K
remote: Compressing objects:  60% (830/1383)   [K
remote: Compressing objects:  61% (844/1383)   [K
remote: Compressing objects:  62% (858/1383)   [K
remote: Compressing objects:  63% (872/1383)   [K
remote: Compressing objects:  64% (886/1383)   [K
remote: Compressing objects:  65% (899/1383)   [K
remote: Compressing objects:  66% (913/1383)   [K
remote: Compressing objects:  67% (927/1383)   [K
remote: Compressing objects:  68% (941/1383)   [K
remote: Compressing objects:  69% (955/1383)   [K
remote: Compressing objects:  70% (969/1383)   [K
remote: Compressing objects:  71% (982/1383)   [K
remote: Compressing objects:  72% (996/1383)   [K
remote: Compressing objects:  73% (1010/1383)   [K
remote: Compressing objects:  74% (1024/1383)   [K
remote: Compressing objects:  75% (1038/1383)   [K
remote: Compressing objects:  76% (1052/1383)   [K
remote: Compressing objects:  77% (1065/1383)   [K
remote: Compressing objects:  78% (1079/1383)   [K
remote: Compressing objects:  79% (1093/1383)   [K
remote: Compressing objects:  80% (1107/1383)   [K
remote: Compressing objects:  81% (1121/1383)   [K
remote: Compressing objects:  82% (1135/1383)   [K
remote: Compressing objects:  83% (1148/1383)   [K
remote: Compressing objects:  84% (1162/1383)   [K
remote: Compressing objects:  85% (1176/1383)   [K
remote: Compressing objects:  86% (1190/1383)   [K
remote: Compressing objects:  87% (1204/1383)   [K
remote: Compressing objects:  88% (1218/1383)   [K
remote: Compressing objects:  89% (1231/1383)   [K
remote: Compressing objects:  90% (1245/1383)   [K
remote: Compressing objects:  91% (1259/1383)   [K
remote: Compressing objects:  92% (1273/1383)   [K
remote: Compressing objects:  93% (1287/1383)   [K
remote: Compressing objects:  94% (1301/1383)   [K
remote: Compressing objects:  95% (1314/1383)   [K
remote: Compressing objects:  96% (1328/1383)   [K
remote: Compressing objects:  97% (1342/1383)   [K
remote: Compressing objects:  98% (1356/1383)   [K
remote: Compressing objects:  99% (1370/1383)   [K
remote: Compressing objects: 100% (1383/1383)   [K
remote: Compressing objects: 100% (1383/1383), done.[K
Receiving objects:   0% (1/2304)   
Receiving objects:   1% (24/2304)   
Receiving objects:   2% (47/2304)   
Receiving objects:   3% (70/2304)   
Receiving objects:   4% (93/2304)   
Receiving objects:   5% (116/2304)   
Receiving objects:   6% (139/2304)   
Receiving objects:   7% (162/2304)   
Receiving objects:   8% (185/2304)   
Receiving objects:   9% (208/2304)   
Receiving objects:  10% (231/2304)   
Receiving objects:  11% (254/2304)   
Receiving objects:  12% (277/2304)   
Receiving objects:  13% (300/2304)   
Receiving objects:  14% (323/2304)   
Receiving objects:  15% (346/2304)   
Receiving objects:  16% (369/2304)   
Receiving objects:  17% (392/2304)   
Receiving objects:  18% (415/2304)   
Receiving objects:  19% (438/2304)   
Receiving objects:  20% (461/2304)   
Receiving objects:  21% (484/2304)   
Receiving objects:  22% (507/2304)   
Receiving objects:  23% (530/2304)   
Receiving objects:  24% (553/2304)   
Receiving objects:  25% (576/2304)   
Receiving objects:  26% (600/2304)   
Receiving objects:  27% (623/2304)   
Receiving objects:  28% (646/2304)   
Receiving objects:  29% (669/2304)   
Receiving objects:  30% (692/2304)   
Receiving objects:  31% (715/2304)   
Receiving objects:  32% (738/2304)   
Receiving objects:  33% (761/2304)   
Receiving objects:  34% (784/2304)   
Receiving objects:  35% (807/2304)   
Receiving objects:  36% (830/2304)   
Receiving objects:  37% (853/2304)   
Receiving objects:  38% (876/2304)   
Receiving objects:  39% (899/2304)   
Receiving objects:  40% (922/2304)   
Receiving objects:  41% (945/2304)   
Receiving objects:  42% (968/2304)   
Receiving objects:  43% (991/2304)   
Receiving objects:  44% (1014/2304)   
Receiving objects:  45% (1037/2304)   
Receiving objects:  46% (1060/2304)   
Receiving objects:  47% (1083/2304)   
Receiving objects:  48% (1106/2304)   
Receiving objects:  49% (1129/2304)   
Receiving objects:  50% (1152/2304)   
Receiving objects:  51% (1176/2304)   
Receiving objects:  52% (1199/2304)   
Receiving objects:  53% (1222/2304)   
Receiving objects:  54% (1245/2304)   
Receiving objects:  55% (1268/2304)   
Receiving objects:  56% (1291/2304)   
Receiving objects:  57% (1314/2304)   
Receiving objects:  58% (1337/2304)   
Receiving objects:  59% (1360/2304)   
Receiving objects:  60% (1383/2304)   
Receiving objects:  61% (1406/2304)   
Receiving objects:  62% (1429/2304)   
Receiving objects:  63% (1452/2304)   
Receiving objects:  64% (1475/2304)   
Receiving objects:  65% (1498/2304)   
Receiving objects:  66% (1521/2304)   
Receiving objects:  67% (1544/2304)   
Receiving objects:  68% (1567/2304)   
Receiving objects:  69% (1590/2304)   
Receiving objects:  70% (1613/2304)   
Receiving objects:  71% (1636/2304)   
Receiving objects:  72% (1659/2304)   
Receiving objects:  73% (1682/2304)   
Receiving objects:  74% (1705/2304)   
Receiving objects:  75% (1728/2304)   
Receiving objects:  76% (1752/2304)   
Receiving objects:  77% (1775/2304)   
Receiving objects:  78% (1798/2304)   
Receiving objects:  79% (1821/2304)   
Receiving objects:  80% (1844/2304)   
Receiving objects:  81% (1867/2304)   
Receiving objects:  82% (1890/2304)   
Receiving objects:  83% (1913/2304)   
Receiving objects:  84% (1936/2304)   
Receiving objects:  85% (1959/2304)   
Receiving objects:  86% (1982/2304)   
Receiving objects:  87% (2005/2304)   
Receiving objects:  88% (2028/2304)   
Receiving objects:  89% (2051/2304)   
Receiving objects:  90% (2074/2304)   
Receiving objects:  91% (2097/2304)   
Receiving objects:  92% (2120/2304)   
Receiving objects:  93% (2143/2304)   
Receiving objects:  94% (2166/2304)   
Receiving objects:  95% (2189/2304)   
Receiving objects:  96% (2212/2304)   
Receiving objects:  97% (2235/2304)   
Receiving objects:  98% (2258/2304)   
Receiving objects:  99% (2281/2304)   
remote: Total 2304 (delta 638), reused 1728 (delta 457), pack-reused 0[K
Receiving objects: 100% (2304/2304)   
Receiving objects: 100% (2304/2304), 3.69 MiB | 0 bytes/s, done.
Resolving deltas:   0% (0/638)   
Resolving deltas:   1% (8/638)   
Resolving deltas:   2% (15/638)   
Resolving deltas:   5% (33/638)   
Resolving deltas:   6% (39/638)   
Resolving deltas:   7% (45/638)   
Resolving deltas:   9% (63/638)   
Resolving deltas:  10% (67/638)   
Resolving deltas:  11% (72/638)   
Resolving deltas:  21% (136/638)   
Resolving deltas:  22% (145/638)   
Resolving deltas:  23% (147/638)   
Resolving deltas:  24% (159/638)   
Resolving deltas:  25% (160/638)   
Resolving deltas:  26% (169/638)   
Resolving deltas:  27% (173/638)   
Resolving deltas:  28% (179/638)   
Resolving deltas:  29% (188/638)   
Resolving deltas:  30% (197/638)   
Resolving deltas:  31% (198/638)   
Resolving deltas:  32% (205/638)   
Resolving deltas:  33% (215/638)   
Resolving deltas:  34% (217/638)   
Resolving deltas:  35% (224/638)   
Resolving deltas:  36% (231/638)   
Resolving deltas:  39% (255/638)   
Resolving deltas:  40% (257/638)   
Resolving deltas:  41% (263/638)   
Resolving deltas:  42% (269/638)   
Resolving deltas:  43% (275/638)   
Resolving deltas:  44% (281/638)   
Resolving deltas:  45% (289/638)   
Resolving deltas:  46% (294/638)   
Resolving deltas:  47% (300/638)   
Resolving deltas:  48% (307/638)   
Resolving deltas:  49% (313/638)   
Resolving deltas:  50% (319/638)   
Resolving deltas:  51% (327/638)   
Resolving deltas:  52% (333/638)   
Resolving deltas:  53% (341/638)   
Resolving deltas:  54% (345/638)   
Resolving deltas:  55% (351/638)   
Resolving deltas:  56% (358/638)   
Resolving deltas:  57% (364/638)   
Resolving deltas:  58% (372/638)   
Resolving deltas:  59% (377/638)   
Resolving deltas:  60% (383/638)   
Resolving deltas:  61% (391/638)   
Resolving deltas:  62% (399/638)   
Resolving deltas:  63% (405/638)   
Resolving deltas:  64% (410/638)   
Resolving deltas:  65% (415/638)   
Resolving deltas:  66% (423/638)   
Resolving deltas:  67% (428/638)   
Resolving deltas:  68% (435/638)   
Resolving deltas:  69% (441/638)   
Resolving deltas:  70% (447/638)   
Resolving deltas:  71% (454/638)   
Resolving deltas:  72% (460/638)   
Resolving deltas:  73% (468/638)   
Resolving deltas:  74% (476/638)   
Resolving deltas:  75% (479/638)   
Resolving deltas:  76% (485/638)   
Resolving deltas:  77% (493/638)   
Resolving deltas:  78% (501/638)   
Resolving deltas:  79% (506/638)   
Resolving deltas:  80% (516/638)   
Resolving deltas:  82% (525/638)   
Resolving deltas:  84% (539/638)   
Resolving deltas:  85% (544/638)   
Resolving deltas:  86% (552/638)   
Resolving deltas:  87% (556/638)   
Resolving deltas:  88% (563/638)   
Resolving deltas:  89% (568/638)   
Resolving deltas:  90% (575/638)   
Resolving deltas:  91% (581/638)   
Resolving deltas:  92% (587/638)   
Resolving deltas:  93% (594/638)   
Resolving deltas:  94% (604/638)   
Resolving deltas:  95% (607/638)   
Resolving deltas:  96% (613/638)   
Resolving deltas:  97% (622/638)   
Resolving deltas:  98% (626/638)   
Resolving deltas:  99% (633/638)   
Resolving deltas: 100% (638/638)   
Resolving deltas: 100% (638/638), done.
Checking connectivity... done.

travis_time:end:1508e449:start=1500268286504964372,finish=1500268287323810783,duration=818846411
[0K$ cd stagemonitor/stagemonitor
travis_time:start:1359e8aa
[0K$ git fetch origin +refs/pull/284/merge:
remote: Counting objects: 40, done.[K
remote: Compressing objects:   4% (1/21)   [K
remote: Compressing objects:   9% (2/21)   [K
remote: Compressing objects:  14% (3/21)   [K
remote: Compressing objects:  19% (4/21)   [K
remote: Compressing objects:  23% (5/21)   [K
remote: Compressing objects:  28% (6/21)   [K
remote: Compressing objects:  33% (7/21)   [K
remote: Compressing objects:  38% (8/21)   [K
remote: Compressing objects:  42% (9/21)   [K
remote: Compressing objects:  47% (10/21)   [K
remote: Compressing objects:  52% (11/21)   [K
remote: Compressing objects:  57% (12/21)   [K
remote: Compressing objects:  61% (13/21)   [K
remote: Compressing objects:  66% (14/21)   [K
remote: Compressing objects:  71% (15/21)   [K
remote: Compressing objects:  76% (16/21)   [K
remote: Compressing objects:  80% (17/21)   [K
remote: Compressing objects:  85% (18/21)   [K
remote: Compressing objects:  90% (19/21)   [K
remote: Compressing objects:  95% (20/21)   [K
remote: Compressing objects: 100% (21/21)   [K
remote: Compressing objects: 100% (21/21), done.[K
remote: Total 40 (delta 19), reused 27 (delta 13), pack-reused 0[K
Unpacking objects:   2% (1/40)   
Unpacking objects:   5% (2/40)   
Unpacking objects:   7% (3/40)   
Unpacking objects:  10% (4/40)   
Unpacking objects:  12% (5/40)   
Unpacking objects:  15% (6/40)   
Unpacking objects:  17% (7/40)   
Unpacking objects:  20% (8/40)   
Unpacking objects:  22% (9/40)   
Unpacking objects:  25% (10/40)   
Unpacking objects:  27% (11/40)   
Unpacking objects:  30% (12/40)   
Unpacking objects:  32% (13/40)   
Unpacking objects:  35% (14/40)   
Unpacking objects:  37% (15/40)   
Unpacking objects:  40% (16/40)   
Unpacking objects:  42% (17/40)   
Unpacking objects:  45% (18/40)   
Unpacking objects:  47% (19/40)   
Unpacking objects:  50% (20/40)   
Unpacking objects:  52% (21/40)   
Unpacking objects:  55% (22/40)   
Unpacking objects:  57% (23/40)   
Unpacking objects:  60% (24/40)   
Unpacking objects:  62% (25/40)   
Unpacking objects:  65% (26/40)   
Unpacking objects:  67% (27/40)   
Unpacking objects:  70% (28/40)   
Unpacking objects:  72% (29/40)   
Unpacking objects:  75% (30/40)   
Unpacking objects:  77% (31/40)   
Unpacking objects:  80% (32/40)   
Unpacking objects:  82% (33/40)   
Unpacking objects:  85% (34/40)   
Unpacking objects:  87% (35/40)   
Unpacking objects:  90% (36/40)   
Unpacking objects:  92% (37/40)   
Unpacking objects:  95% (38/40)   
Unpacking objects:  97% (39/40)   
Unpacking objects: 100% (40/40)   
Unpacking objects: 100% (40/40), done.
From https://github.com/stagemonitor/stagemonitor
 * branch            refs/pull/284/merge -> FETCH_HEAD

travis_time:end:1359e8aa:start=1500268287329580026,finish=1500268287620753185,duration=291173159
[0K$ git checkout -qf FETCH_HEAD
travis_fold:end:git.checkout
[0Ktravis_fold:start:apt
[0K[33;1mInstalling APT Packages (BETA)[0m
$ export DEBIAN_FRONTEND=noninteractive
travis_time:start:04a71350
[0K$ sudo -E apt-get -yq update &>> ~/apt-get-update.log

travis_time:end:04a71350:start=1500268287711326172,finish=1500268292245250354,duration=4533924182
[0Ktravis_time:start:15c2b6da
[0K$ sudo -E apt-get -yq --no-install-suggests --no-install-recommends --force-yes install oracle-java8-installer
Reading package lists...
Building dependency tree...
Reading state information...
Suggested packages:
  binfmt-support visualvm ttf-baekmuk ttf-unfonts ttf-unfonts-core
  ttf-kochi-gothic ttf-sazanami-gothic ttf-kochi-mincho ttf-sazanami-mincho
  ttf-arphic-uming
Recommended packages:
  oracle-java8-set-default
The following packages will be upgraded:
  oracle-java8-installer
1 upgraded, 0 newly installed, 0 to remove and 275 not upgraded.
Need to get 32.8 kB of archives.
After this operation, 103 kB disk space will be freed.
Get:1 http://ppa.launchpad.net/webupd8team/java/ubuntu/ precise/main oracle-java8-installer all 8u131-1~webupd8~2 [32.8 kB]
Fetched 32.8 kB in 0s (107 kB/s)
Preconfiguring packages ...
(Reading database ... 
(Reading database ... 5%
(Reading database ... 10%
(Reading database ... 15%
(Reading database ... 20%
(Reading database ... 25%
(Reading database ... 30%
(Reading database ... 35%
(Reading database ... 40%
(Reading database ... 45%
(Reading database ... 50%
(Reading database ... 55%
(Reading database ... 60%
(Reading database ... 65%
(Reading database ... 70%
(Reading database ... 75%
(Reading database ... 80%
(Reading database ... 85%
(Reading database ... 90%
(Reading database ... 95%
(Reading database ... 100%
(Reading database ... 72018 files and directories currently installed.)
Preparing to replace oracle-java8-installer 8u31+8u33arm-1~webupd8~1 (using .../oracle-java8-installer_8u131-1~webupd8~2_all.deb) ...
oracle-license-v1-1 license has already been accepted
Unpacking replacement oracle-java8-installer ...
Processing triggers for shared-mime-info ...
Processing triggers for hicolor-icon-theme ...
Setting up oracle-java8-installer (8u131-1~webupd8~2) ...
No /var/cache/oracle-jdk8-installer/wgetrc file found.
Creating /var/cache/oracle-jdk8-installer/wgetrc and
using default oracle-java8-installer wgetrc settings for it.
Downloading Oracle Java 8...
--2017-07-17 05:11:38--  http://download.oracle.com/otn-pub/java/jdk/8u131-b11/d54c1d3a095b4ff2b6607d096fa80163/jdk-8u131-linux-x64.tar.gz
Resolving download.oracle.com (download.oracle.com)... 23.215.130.114, 23.215.130.99
Connecting to download.oracle.com (download.oracle.com)|23.215.130.114|:80... connected.
HTTP request sent, awaiting response... 302 Moved Temporarily
Location: https://edelivery.oracle.com/otn-pub/java/jdk/8u131-b11/d54c1d3a095b4ff2b6607d096fa80163/jdk-8u131-linux-x64.tar.gz [following]
--2017-07-17 05:11:38--  https://edelivery.oracle.com/otn-pub/java/jdk/8u131-b11/d54c1d3a095b4ff2b6607d096fa80163/jdk-8u131-linux-x64.tar.gz
Resolving edelivery.oracle.com (edelivery.oracle.com)... 23.49.182.138, 2600:1408:20:38b::2d3e, 2600:1408:20:398::2d3e
Connecting to edelivery.oracle.com (edelivery.oracle.com)|23.49.182.138|:443... connected.
HTTP request sent, awaiting response... 302 Moved Temporarily
Location: http://download.oracle.com/otn-pub/java/jdk/8u131-b11/d54c1d3a095b4ff2b6607d096fa80163/jdk-8u131-linux-x64.tar.gz?AuthParam=1500268417_84d43969f9d9c9207786f60dd835d3b7 [following]
--2017-07-17 05:11:38--  http://download.oracle.com/otn-pub/java/jdk/8u131-b11/d54c1d3a095b4ff2b6607d096fa80163/jdk-8u131-linux-x64.tar.gz?AuthParam=1500268417_84d43969f9d9c9207786f60dd835d3b7
Connecting to download.oracle.com (download.oracle.com)|23.215.130.114|:80... connected.
HTTP request sent, awaiting response... 200 OK
Length: 185540433 (177M) [application/x-gzip]
Saving to: `jdk-8u131-linux-x64.tar.gz'

     0K ........ ........ ........ ........ ........ ........  1% 44.8M 4s
  3072K ........ ........ ........ ........ ........ ........  3% 84.5M 3s
  6144K ........ ........ ........ ........ ........ ........  5% 57.5M 3s
  9216K ........ ........ ........ ........ ........ ........  6% 78.6M 3s
 12288K ........ ........ ........ ........ ........ ........  8% 61.1M 3s
 15360K ........ ........ ........ ........ ........ ........ 10% 81.5M 2s
 18432K ........ ........ ........ ........ ........ ........ 11% 59.6M 2s
 21504K ........ ........ ........ ........ ........ ........ 13% 81.3M 2s
 24576K ........ ........ ........ ........ ........ ........ 15% 61.9M 2s
 27648K ........ ........ ........ ........ ........ ........ 16% 81.8M 2s
 30720K ........ ........ ........ ........ ........ ........ 18% 4.90M 5s
 33792K ........ ........ ........ ........ ........ ........ 20% 56.8M 4s
 36864K ........ ........ ........ ........ ........ ........ 22% 72.2M 4s
 39936K ........ ........ ........ ........ ........ ........ 23% 73.8M 4s
 43008K ........ ........ ........ ........ ........ ........ 25% 62.2M 4s
 46080K ........ ........ ........ ........ ........ ........ 27% 78.0M 3s
 49152K ........ ........ ........ ........ ........ ........ 28% 64.3M 3s
 52224K ........ ........ ........ ........ ........ ........ 30% 76.7M 3s
 55296K ........ ........ ........ ........ ........ ........ 32% 62.5M 3s
 58368K ........ ........ ........ ........ ........ ........ 33% 74.8M 3s
 61440K ........ ........ ........ ........ ........ ........ 35% 58.6M 3s
 64512K ........ ........ ........ ........ ........ ........ 37% 74.4M 3s
 67584K ........ ........ ........ ........ ........ ........ 38% 59.2M 3s
 70656K ........ ........ ........ ........ ........ ........ 40% 23.3M 3s
 73728K ........ ........ ........ ........ ........ ........ 42% 58.9M 2s
 76800K ........ ........ ........ ........ ........ ........ 44% 82.5M 2s
 79872K ........ ........ ........ ........ ........ ........ 45% 14.8M 2s
 82944K ........ ........ ........ ........ ........ ........ 47% 87.9M 2s
 86016K ........ ........ ........ ........ ........ ........ 49% 60.3M 2s
 89088K ........ ........ ........ ........ ........ ........ 50% 85.2M 2s
 92160K ........ ........ ........ ........ ........ ........ 52% 77.7M 2s
 95232K ........ ........ ........ ........ ........ ........ 54% 72.4M 2s
 98304K ........ ........ ........ ........ ........ ........ 55% 63.0M 2s
101376K ........ ........ ........ ........ ........ ........ 57% 82.9M 2s
104448K ........ ........ ........ ........ ........ ........ 59% 78.1M 2s
107520K ........ ........ ........ ........ ........ ........ 61% 19.3M 2s
110592K ........ ........ ........ ........ ........ ........ 62% 65.7M 2s
113664K ........ ........ ........ ........ ........ ........ 64% 81.0M 1s
116736K ........ ........ ........ ........ ........ ........ 66% 55.6M 1s
119808K ........ ........ ........ ........ ........ ........ 67% 75.9M 1s
122880K ........ ........ ........ ........ ........ ........ 69% 60.6M 1s
125952K ........ ........ ........ ........ ........ ........ 71% 83.1M 1s
129024K ........ ........ ........ ........ ........ ........ 72% 64.0M 1s
132096K ........ ........ ........ ........ ........ ........ 74% 84.7M 1s
135168K ........ ........ ........ ........ ........ ........ 76% 50.3M 1s
138240K ........ ........ ........ ........ ........ ........ 77% 77.9M 1s
141312K ........ ........ ........ ........ ........ ........ 79% 64.2M 1s
144384K ........ ........ ........ ........ ........ ........ 81% 80.4M 1s
147456K ........ ........ ........ ........ ........ ........ 83% 58.4M 1s
150528K ........ ........ ........ ........ ........ ........ 84% 84.6M 1s
153600K ........ ........ ........ ........ ........ ........ 86% 61.3M 0s
156672K ........ ........ ........ ........ ........ ........ 88% 85.0M 0s
159744K ........ ........ ........ ........ ........ ........ 89% 44.3M 0s
162816K ........ ........ ........ ........ ........ ........ 91% 83.3M 0s
165888K ........ ........ ........ ........ ........ ........ 93% 59.4M 0s
168960K ........ ........ ........ ........ ........ ........ 94% 85.8M 0s
172032K ........ ........ ........ ........ ........ ........ 96% 58.8M 0s
175104K ........ ........ ........ ........ ........ ........ 98% 85.9M 0s
178176K ........ ........ ........ ........ ........ ....... 100% 60.5M=3.5s

2017-07-17 05:11:42 (50.3 MB/s) - `jdk-8u131-linux-x64.tar.gz' saved [185540433/185540433]

Download done.
Removing outdated cached downloads...
Oracle JRE 8 browser plugin installed
Oracle JDK 8 installed

#####Important########
To set Oracle JDK8 as default, install the "oracle-java8-set-default" package.
E.g.: sudo apt install oracle-java8-set-default
On Ubuntu systems, oracle-java8-set-default is most probably installed
automatically with this package.
######################


travis_time:end:15c2b6da:start=1500268292249828307,finish=1500268309410536296,duration=17160707989
[0Ktravis_fold:end:apt
[0K
[33;1mSetting environment variables from .travis.yml[0m
$ export TERM=dumb

$ export TERM=dumb
travis_fold:start:cache.1
[0KSetting up build cache
$ export CASHER_DIR=$HOME/.casher
travis_time:start:0425584c
[0K$ Installing caching utilities

travis_time:end:0425584c:start=1500268313011754139,finish=1500268313049806973,duration=38052834
[0Ktravis_time:start:13f63f30
[0K
travis_time:end:13f63f30:start=1500268313055875081,finish=1500268313060111586,duration=4236505
[0Ktravis_time:start:287a55a8
[0K[32;1mattempting to download cache archive[0m
[32;1mfetching PR.284/cache-linux-precise-3517298fec68fa461026b229805df3fc0c5454187740fecd9f4d9993c2e9a038--jdk-oraclejdk8.tgz[0m
[32;1mfetching PR.284/cache--jdk-oraclejdk8.tgz[0m
[32;1mfetching master/cache-linux-precise-3517298fec68fa461026b229805df3fc0c5454187740fecd9f4d9993c2e9a038--jdk-oraclejdk8.tgz[0m
[32;1mfound cache[0m

travis_time:end:287a55a8:start=1500268313064857400,finish=1500268335460574685,duration=22395717285
[0Ktravis_time:start:1d504cf7
[0K
travis_time:end:1d504cf7:start=1500268335465419672,finish=1500268335469436215,duration=4016543
[0Ktravis_time:start:0a462c94
[0K[32;1madding /home/travis/.m2 to cache[0m
[32;1madding /home/travis/.gradle to cache[0m
[32;1mcreating directory /home/travis/.gradle[0m

travis_time:end:0a462c94:start=1500268335474032694,finish=1500268348424279895,duration=12950247201
[0Ktravis_fold:end:cache.1
[0K$ java -Xmx32m -version
java version "1.8.0_131"
Java(TM) SE Runtime Environment (build 1.8.0_131-b11)
Java HotSpot(TM) 64-Bit Server VM (build 25.131-b11, mixed mode)
$ javac -J-Xmx32m -version
javac 1.8.0_131
travis_fold:start:install
[0Ktravis_time:start:2a6e3400
[0K$ ./gradlew assemble --stacktrace
Starting a Gradle Daemon, 1 incompatible and 1 stopped Daemons could not be reused, use --status for details
The Task.leftShift(Closure) method has been deprecated and is scheduled to be removed in Gradle 5.0. Please use Task.doLast(Action) instead.
    at org.gradle.api.internal.AbstractTask.leftShift(AbstractTask.java:579)
    at org.gradle.api.Task$leftShift.call(Unknown Source)
    at org.codehaus.groovy.runtime.callsite.CallSiteArray.defaultCall(CallSiteArray.java:48)
    at org.codehaus.groovy.runtime.callsite.AbstractCallSite.call(AbstractCallSite.java:113)
    at org.codehaus.groovy.runtime.callsite.AbstractCallSite.call(AbstractCallSite.java:125)
    at net.researchgate.release.ReleasePlugin.apply(ReleasePlugin.groovy:61)
    at net.researchgate.release.ReleasePlugin.apply(ReleasePlugin.groovy)
    at org.gradle.api.internal.plugins.ImperativeOnlyPluginTarget.applyImperative(ImperativeOnlyPluginTarget.java:41)
    at org.gradle.api.internal.plugins.RuleBasedPluginTarget.applyImperative(RuleBasedPluginTarget.java:49)
    at org.gradle.api.internal.plugins.DefaultPluginManager.addPlugin(DefaultPluginManager.java:165)
    at org.gradle.api.internal.plugins.DefaultPluginManager.access$200(DefaultPluginManager.java:47)
    at org.gradle.api.internal.plugins.DefaultPluginManager$AddPluginBuildOperation.run(DefaultPluginManager.java:252)
    at org.gradle.internal.progress.DefaultBuildOperationExecutor$RunnableBuildOperationWorker.execute(DefaultBuildOperationExecutor.java:317)
    at org.gradle.internal.progress.DefaultBuildOperationExecutor$RunnableBuildOperationWorker.execute(DefaultBuildOperationExecutor.java:309)
    at org.gradle.internal.progress.DefaultBuildOperationExecutor.execute(DefaultBuildOperationExecutor.java:185)
    at org.gradle.internal.progress.DefaultBuildOperationExecutor.run(DefaultBuildOperationExecutor.java:95)
    at org.gradle.api.internal.plugins.DefaultPluginManager.doApply(DefaultPluginManager.java:144)
    at org.gradle.api.internal.plugins.DefaultPluginManager.apply(DefaultPluginManager.java:125)
    at org.gradle.plugin.use.internal.DefaultPluginRequestApplicator$5.run(DefaultPluginRequestApplicator.java:172)
    at org.gradle.plugin.use.internal.DefaultPluginRequestApplicator.applyPlugin(DefaultPluginRequestApplicator.java:210)
    at org.gradle.plugin.use.internal.DefaultPluginRequestApplicator.applyPlugins(DefaultPluginRequestApplicator.java:169)
    at org.gradle.configuration.DefaultScriptPluginFactory$ScriptPluginImpl.apply(DefaultScriptPluginFactory.java:167)
    at org.gradle.configuration.BuildOperationScriptPlugin$1.run(BuildOperationScriptPlugin.java:61)
    at org.gradle.internal.progress.DefaultBuildOperationExecutor$RunnableBuildOperationWorker.execute(DefaultBuildOperationExecutor.java:317)
    at org.gradle.internal.progress.DefaultBuildOperationExecutor$RunnableBuildOperationWorker.execute(DefaultBuildOperationExecutor.java:309)
    at org.gradle.internal.progress.DefaultBuildOperationExecutor.execute(DefaultBuildOperationExecutor.java:185)
    at org.gradle.internal.progress.DefaultBuildOperationExecutor.run(DefaultBuildOperationExecutor.java:95)
    at org.gradle.configuration.BuildOperationScriptPlugin.apply(BuildOperationScriptPlugin.java:58)
    at org.gradle.configuration.project.BuildScriptProcessor.execute(BuildScriptProcessor.java:39)
    at org.gradle.configuration.project.BuildScriptProcessor.execute(BuildScriptProcessor.java:26)
    at org.gradle.configuration.project.ConfigureActionsProjectEvaluator.evaluate(ConfigureActionsProjectEvaluator.java:34)
    at org.gradle.configuration.project.LifecycleProjectEvaluator.doConfigure(LifecycleProjectEvaluator.java:63)
    at org.gradle.configuration.project.LifecycleProjectEvaluator.access$100(LifecycleProjectEvaluator.java:33)
    at org.gradle.configuration.project.LifecycleProjectEvaluator$ConfigureProject.run(LifecycleProjectEvaluator.java:103)
    at org.gradle.internal.progress.DefaultBuildOperationExecutor$RunnableBuildOperationWorker.execute(DefaultBuildOperationExecutor.java:317)
    at org.gradle.internal.progress.DefaultBuildOperationExecutor$RunnableBuildOperationWorker.execute(DefaultBuildOperationExecutor.java:309)
    at org.gradle.internal.progress.DefaultBuildOperationExecutor.execute(DefaultBuildOperationExecutor.java:185)
    at org.gradle.internal.progress.DefaultBuildOperationExecutor.run(DefaultBuildOperationExecutor.java:95)
    at org.gradle.configuration.project.LifecycleProjectEvaluator.evaluate(LifecycleProjectEvaluator.java:49)
    at org.gradle.api.internal.project.DefaultProject.evaluate(DefaultProject.java:654)
    at org.gradle.api.internal.project.DefaultProject.evaluate(DefaultProject.java:132)
    at org.gradle.execution.TaskPathProjectEvaluator.configure(TaskPathProjectEvaluator.java:35)
    at org.gradle.execution.TaskPathProjectEvaluator.configureHierarchy(TaskPathProjectEvaluator.java:60)
    at org.gradle.configuration.DefaultBuildConfigurer.configure(DefaultBuildConfigurer.java:38)
    at org.gradle.initialization.DefaultGradleLauncher$ConfigureBuild.run(DefaultGradleLauncher.java:195)
    at org.gradle.internal.progress.DefaultBuildOperationExecutor$RunnableBuildOperationWorker.execute(DefaultBuildOperationExecutor.java:317)
    at org.gradle.internal.progress.DefaultBuildOperationExecutor$RunnableBuildOperationWorker.execute(DefaultBuildOperationExecutor.java:309)
    at org.gradle.internal.progress.DefaultBuildOperationExecutor.execute(DefaultBuildOperationExecutor.java:185)
    at org.gradle.internal.progress.DefaultBuildOperationExecutor.run(DefaultBuildOperationExecutor.java:95)
    at org.gradle.initialization.DefaultGradleLauncher.doBuildStages(DefaultGradleLauncher.java:157)
    at org.gradle.initialization.DefaultGradleLauncher.access$200(DefaultGradleLauncher.java:44)
    at org.gradle.initialization.DefaultGradleLauncher$1.run(DefaultGradleLauncher.java:122)
    at org.gradle.internal.work.DefaultWorkerLeaseService$2.execute(DefaultWorkerLeaseService.java:124)
    at org.gradle.initialization.DefaultGradleLauncher.doBuild(DefaultGradleLauncher.java:116)
    at org.gradle.initialization.DefaultGradleLauncher.run(DefaultGradleLauncher.java:99)
    at org.gradle.launcher.exec.GradleBuildController.run(GradleBuildController.java:66)
    at org.gradle.tooling.internal.provider.ExecuteBuildActionRunner.run(ExecuteBuildActionRunner.java:28)
    at org.gradle.launcher.exec.ChainingBuildActionRunner.run(ChainingBuildActionRunner.java:35)
    at org.gradle.tooling.internal.provider.ValidatingBuildActionRunner.run(ValidatingBuildActionRunner.java:32)
    at org.gradle.launcher.exec.RunAsBuildOperationBuildActionRunner$1.run(RunAsBuildOperationBuildActionRunner.java:43)
    at org.gradle.internal.progress.DefaultBuildOperationExecutor$RunnableBuildOperationWorker.execute(DefaultBuildOperationExecutor.java:317)
    at org.gradle.internal.progress.DefaultBuildOperationExecutor$RunnableBuildOperationWorker.execute(DefaultBuildOperationExecutor.java:309)
    at org.gradle.internal.progress.DefaultBuildOperationExecutor.execute(DefaultBuildOperationExecutor.java:185)
    at org.gradle.internal.progress.DefaultBuildOperationExecutor.run(DefaultBuildOperationExecutor.java:95)
    at org.gradle.launcher.exec.RunAsBuildOperationBuildActionRunner.run(RunAsBuildOperationBuildActionRunner.java:40)
    at org.gradle.tooling.internal.provider.SubscribableBuildActionRunner.run(SubscribableBuildActionRunner.java:51)
    at org.gradle.launcher.exec.InProcessBuildActionExecuter.execute(InProcessBuildActionExecuter.java:44)
    at org.gradle.launcher.exec.InProcessBuildActionExecuter.execute(InProcessBuildActionExecuter.java:28)
    at org.gradle.tooling.internal.provider.ContinuousBuildActionExecuter.execute(ContinuousBuildActionExecuter.java:75)
    at org.gradle.tooling.internal.provider.ContinuousBuildActionExecuter.execute(ContinuousBuildActionExecuter.java:49)
    at org.gradle.tooling.internal.provider.ServicesSetupBuildActionExecuter.execute(ServicesSetupBuildActionExecuter.java:51)
    at org.gradle.tooling.internal.provider.ServicesSetupBuildActionExecuter.execute(ServicesSetupBuildActionExecuter.java:32)
    at org.gradle.tooling.internal.provider.GradleThreadBuildActionExecuter.execute(GradleThreadBuildActionExecuter.java:36)
    at org.gradle.tooling.internal.provider.GradleThreadBuildActionExecuter.execute(GradleThreadBuildActionExecuter.java:25)
    at org.gradle.tooling.internal.provider.StartParamsValidatingActionExecuter.execute(StartParamsValidatingActionExecuter.java:64)
    at org.gradle.tooling.internal.provider.StartParamsValidatingActionExecuter.execute(StartParamsValidatingActionExecuter.java:29)
    at org.gradle.tooling.internal.provider.SessionFailureReportingActionExecuter.execute(SessionFailureReportingActionExecuter.java:55)
    at org.gradle.tooling.internal.provider.SessionFailureReportingActionExecuter.execute(SessionFailureReportingActionExecuter.java:42)
    at org.gradle.tooling.internal.provider.SetupLoggingActionExecuter.execute(SetupLoggingActionExecuter.java:50)
    at org.gradle.tooling.internal.provider.SetupLoggingActionExecuter.execute(SetupLoggingActionExecuter.java:30)
    at org.gradle.launcher.daemon.server.exec.ExecuteBuild.doBuild(ExecuteBuild.java:67)
    at org.gradle.launcher.daemon.server.exec.BuildCommandOnly.execute(BuildCommandOnly.java:36)
    at org.gradle.launcher.daemon.server.api.DaemonCommandExecution.proceed(DaemonCommandExecution.java:120)
    at org.gradle.launcher.daemon.server.exec.WatchForDisconnection.execute(WatchForDisconnection.java:37)
    at org.gradle.launcher.daemon.server.api.DaemonCommandExecution.proceed(DaemonCommandExecution.java:120)
    at org.gradle.launcher.daemon.server.exec.ResetDeprecationLogger.execute(ResetDeprecationLogger.java:26)
    at org.gradle.launcher.daemon.server.api.DaemonCommandExecution.proceed(DaemonCommandExecution.java:120)
    at org.gradle.launcher.daemon.server.exec.RequestStopIfSingleUsedDaemon.execute(RequestStopIfSingleUsedDaemon.java:34)
    at org.gradle.launcher.daemon.server.api.DaemonCommandExecution.proceed(DaemonCommandExecution.java:120)
    at org.gradle.launcher.daemon.server.exec.ForwardClientInput$2.call(ForwardClientInput.java:74)
    at org.gradle.launcher.daemon.server.exec.ForwardClientInput$2.call(ForwardClientInput.java:72)
    at org.gradle.util.Swapper.swap(Swapper.java:38)
    at org.gradle.launcher.daemon.server.exec.ForwardClientInput.execute(ForwardClientInput.java:72)
    at org.gradle.launcher.daemon.server.api.DaemonCommandExecution.proceed(DaemonCommandExecution.java:120)
    at org.gradle.launcher.daemon.server.exec.LogAndCheckHealth.execute(LogAndCheckHealth.java:55)
    at org.gradle.launcher.daemon.server.api.DaemonCommandExecution.proceed(DaemonCommandExecution.java:120)
    at org.gradle.launcher.daemon.server.exec.LogToClient.doBuild(LogToClient.java:62)
    at org.gradle.launcher.daemon.server.exec.BuildCommandOnly.execute(BuildCommandOnly.java:36)
    at org.gradle.launcher.daemon.server.api.DaemonCommandExecution.proceed(DaemonCommandExecution.java:120)
    at org.gradle.launcher.daemon.server.exec.EstablishBuildEnvironment.doBuild(EstablishBuildEnvironment.java:72)
    at org.gradle.launcher.daemon.server.exec.BuildCommandOnly.execute(BuildCommandOnly.java:36)
    at org.gradle.launcher.daemon.server.api.DaemonCommandExecution.proceed(DaemonCommandExecution.java:120)
    at org.gradle.launcher.daemon.server.exec.StartBuildOrRespondWithBusy$1.run(StartBuildOrRespondWithBusy.java:50)
    at org.gradle.launcher.daemon.server.DaemonStateCoordinator$1.run(DaemonStateCoordinator.java:297)
    at org.gradle.internal.concurrent.ExecutorPolicy$CatchAndRecordFailures.onExecute(ExecutorPolicy.java:63)
    at org.gradle.internal.concurrent.StoppableExecutorImpl$1.run(StoppableExecutorImpl.java:46)
    at java.util.concurrent.ThreadPoolExecutor.runWorker(ThreadPoolExecutor.java:1142)
    at java.util.concurrent.ThreadPoolExecutor$Worker.run(ThreadPoolExecutor.java:617)
    at org.gradle.internal.concurrent.ThreadFactoryImpl$ManagedThreadRunnable.run(ThreadFactoryImpl.java:55)
    at java.lang.Thread.run(Thread.java:748)
Gradle now uses separate output directories for each JVM language, but this build assumes a single directory for all classes from a source set. This behaviour has been deprecated and is scheduled to be removed in Gradle 5.0
    at org.gradle.api.internal.tasks.DefaultSourceSetOutput.getClassesDir(DefaultSourceSetOutput.java:79)
    at org.gradle.api.internal.tasks.DefaultSourceSetOutput_Decorated.getClassesDir(Unknown Source)
    at sun.reflect.NativeMethodAccessorImpl.invoke0(Native Method)
    at sun.reflect.NativeMethodAccessorImpl.invoke(NativeMethodAccessorImpl.java:62)
    at sun.reflect.DelegatingMethodAccessorImpl.invoke(DelegatingMethodAccessorImpl.java:43)
    at java.lang.reflect.Method.invoke(Method.java:498)
    at org.codehaus.groovy.reflection.CachedMethod.invoke(CachedMethod.java:93)
    at org.codehaus.groovy.runtime.metaclass.MultipleSetterProperty.getProperty(MultipleSetterProperty.java:49)
    at org.gradle.internal.metaobject.BeanDynamicObject$MetaClassAdapter.getProperty(BeanDynamicObject.java:228)
    at org.gradle.internal.metaobject.BeanDynamicObject.tryGetProperty(BeanDynamicObject.java:171)
    at org.gradle.internal.metaobject.CompositeDynamicObject.tryGetProperty(CompositeDynamicObject.java:55)
    at org.gradle.internal.metaobject.AbstractDynamicObject.getProperty(AbstractDynamicObject.java:59)
    at org.gradle.api.internal.tasks.DefaultSourceSetOutput_Decorated.getProperty(Unknown Source)
    at org.codehaus.groovy.runtime.callsite.PogoGetPropertySite.getProperty(PogoGetPropertySite.java:50)
    at org.codehaus.groovy.runtime.callsite.AbstractCallSite.callGetProperty(AbstractCallSite.java:296)
    at net.saliman.gradle.plugin.cobertura.CoberturaExtension.initJava(CoberturaExtension.groovy:496)
    at sun.reflect.NativeMethodAccessorImpl.invoke0(Native Method)
    at sun.reflect.NativeMethodAccessorImpl.invoke(NativeMethodAccessorImpl.java:62)
    at sun.reflect.DelegatingMethodAccessorImpl.invoke(DelegatingMethodAccessorImpl.java:43)
    at java.lang.reflect.Method.invoke(Method.java:498)
    at org.codehaus.groovy.runtime.callsite.PogoMetaMethodSite$PogoCachedMethodSiteNoUnwrapNoCoerce.invoke(PogoMetaMethodSite.java:210)
    at org.codehaus.groovy.runtime.callsite.PogoMetaMethodSite.callCurrent(PogoMetaMethodSite.java:59)
    at org.codehaus.groovy.runtime.callsite.CallSiteArray.defaultCallCurrent(CallSiteArray.java:52)
    at org.codehaus.groovy.runtime.callsite.AbstractCallSite.callCurrent(AbstractCallSite.java:154)
    at org.codehaus.groovy.runtime.callsite.AbstractCallSite.callCurrent(AbstractCallSite.java:166)
    at net.saliman.gradle.plugin.cobertura.CoberturaExtension.<init>(CoberturaExtension.groovy:221)
    at net.saliman.gradle.plugin.cobertura.CoberturaExtension_Decorated.<init>(Unknown Source)
    at sun.reflect.NativeConstructorAccessorImpl.newInstance0(Native Method)
    at sun.reflect.NativeConstructorAccessorImpl.newInstance(NativeConstructorAccessorImpl.java:62)
    at sun.reflect.DelegatingConstructorAccessorImpl.newInstance(DelegatingConstructorAccessorImpl.java:45)
    at java.lang.reflect.Constructor.newInstance(Constructor.java:423)
    at org.gradle.internal.reflect.DirectInstantiator.newInstance(DirectInstantiator.java:50)
    at org.gradle.api.internal.ClassGeneratorBackedInstantiator.newInstance(ClassGeneratorBackedInstantiator.java:36)
    at org.gradle.api.internal.plugins.DefaultConvention.instantiate(DefaultConvention.java:236)
    at org.gradle.api.internal.plugins.DefaultConvention.create(DefaultConvention.java:138)
    at sun.reflect.NativeMethodAccessorImpl.invoke0(Native Method)
    at sun.reflect.NativeMethodAccessorImpl.invoke(NativeMethodAccessorImpl.java:62)
    at sun.reflect.DelegatingMethodAccessorImpl.invoke(DelegatingMethodAccessorImpl.java:43)
    at java.lang.reflect.Method.invoke(Method.java:498)
    at org.codehaus.groovy.runtime.callsite.PojoMetaMethodSite$PojoCachedMethodSite.invoke(PojoMetaMethodSite.java:192)
    at org.codehaus.groovy.runtime.callsite.PojoMetaMethodSite.call(PojoMetaMethodSite.java:56)
    at org.codehaus.groovy.runtime.callsite.CallSiteArray.defaultCall(CallSiteArray.java:48)
    at org.codehaus.groovy.runtime.callsite.AbstractCallSite.call(AbstractCallSite.java:113)
    at org.codehaus.groovy.runtime.callsite.AbstractCallSite.call(AbstractCallSite.java:141)
    at net.saliman.gradle.plugin.cobertura.CoberturaPlugin.apply(CoberturaPlugin.groovy:77)
    at net.saliman.gradle.plugin.cobertura.CoberturaPlugin.apply(CoberturaPlugin.groovy)
    at org.gradle.api.internal.plugins.ImperativeOnlyPluginTarget.applyImperative(ImperativeOnlyPluginTarget.java:41)
    at org.gradle.api.internal.plugins.RuleBasedPluginTarget.applyImperative(RuleBasedPluginTarget.java:49)
    at org.gradle.api.internal.plugins.DefaultPluginManager.addPlugin(DefaultPluginManager.java:165)
    at org.gradle.api.internal.plugins.DefaultPluginManager.access$200(DefaultPluginManager.java:47)
    at org.gradle.api.internal.plugins.DefaultPluginManager$AddPluginBuildOperation.run(DefaultPluginManager.java:252)
    at org.gradle.internal.progress.DefaultBuildOperationExecutor$RunnableBuildOperationWorker.execute(DefaultBuildOperationExecutor.java:317)
    at org.gradle.internal.progress.DefaultBuildOperationExecutor$RunnableBuildOperationWorker.execute(DefaultBuildOperationExecutor.java:309)
    at org.gradle.internal.progress.DefaultBuildOperationExecutor.execute(DefaultBuildOperationExecutor.java:185)
    at org.gradle.internal.progress.DefaultBuildOperationExecutor.run(DefaultBuildOperationExecutor.java:95)
    at org.gradle.api.internal.plugins.DefaultPluginManager.doApply(DefaultPluginManager.java:144)
    at org.gradle.api.internal.plugins.DefaultPluginManager.apply(DefaultPluginManager.java:125)
    at org.gradle.api.internal.plugins.DefaultObjectConfigurationAction.applyType(DefaultObjectConfigurationAction.java:113)
    at org.gradle.api.internal.plugins.DefaultObjectConfigurationAction.access$200(DefaultObjectConfigurationAction.java:36)
    at org.gradle.api.internal.plugins.DefaultObjectConfigurationAction$3.run(DefaultObjectConfigurationAction.java:80)
    at org.gradle.api.internal.plugins.DefaultObjectConfigurationAction.execute(DefaultObjectConfigurationAction.java:136)
    at org.gradle.api.internal.project.AbstractPluginAware.apply(AbstractPluginAware.java:46)
    at org.gradle.api.internal.project.ProjectScript.apply(ProjectScript.java:34)
    at org.gradle.api.Script$apply$0.callCurrent(Unknown Source)
    at org.codehaus.groovy.runtime.callsite.CallSiteArray.defaultCallCurrent(CallSiteArray.java:52)
    at org.codehaus.groovy.runtime.callsite.AbstractCallSite.callCurrent(AbstractCallSite.java:154)
    at org.codehaus.groovy.runtime.callsite.AbstractCallSite.callCurrent(AbstractCallSite.java:166)
    at build_aj0lh5f4taymcq9y2gzzzst3t.run(/home/travis/build/stagemonitor/stagemonitor/build.gradle:48)
    at org.gradle.groovy.scripts.internal.DefaultScriptRunnerFactory$ScriptRunnerImpl.run(DefaultScriptRunnerFactory.java:90)
    at org.gradle.configuration.DefaultScriptPluginFactory$ScriptPluginImpl$2.run(DefaultScriptPluginFactory.java:187)
    at org.gradle.configuration.ProjectScriptTarget.addConfiguration(ProjectScriptTarget.java:77)
    at org.gradle.configuration.DefaultScriptPluginFactory$ScriptPluginImpl.apply(DefaultScriptPluginFactory.java:192)
    at org.gradle.configuration.BuildOperationScriptPlugin$1.run(BuildOperationScriptPlugin.java:61)
    at org.gradle.internal.progress.DefaultBuildOperationExecutor$RunnableBuildOperationWorker.execute(DefaultBuildOperationExecutor.java:317)
    at org.gradle.internal.progress.DefaultBuildOperationExecutor$RunnableBuildOperationWorker.execute(DefaultBuildOperationExecutor.java:309)
    at org.gradle.internal.progress.DefaultBuildOperationExecutor.execute(DefaultBuildOperationExecutor.java:185)
    at org.gradle.internal.progress.DefaultBuildOperationExecutor.run(DefaultBuildOperationExecutor.java:95)
    at org.gradle.configuration.BuildOperationScriptPlugin.apply(BuildOperationScriptPlugin.java:58)
    at org.gradle.configuration.project.BuildScriptProcessor.execute(BuildScriptProcessor.java:39)
    at org.gradle.configuration.project.BuildScriptProcessor.execute(BuildScriptProcessor.java:26)
    at org.gradle.configuration.project.ConfigureActionsProjectEvaluator.evaluate(ConfigureActionsProjectEvaluator.java:34)
    at org.gradle.configuration.project.LifecycleProjectEvaluator.doConfigure(LifecycleProjectEvaluator.java:63)
    at org.gradle.configuration.project.LifecycleProjectEvaluator.access$100(LifecycleProjectEvaluator.java:33)
    at org.gradle.configuration.project.LifecycleProjectEvaluator$ConfigureProject.run(LifecycleProjectEvaluator.java:103)
    at org.gradle.internal.progress.DefaultBuildOperationExecutor$RunnableBuildOperationWorker.execute(DefaultBuildOperationExecutor.java:317)
    at org.gradle.internal.progress.DefaultBuildOperationExecutor$RunnableBuildOperationWorker.execute(DefaultBuildOperationExecutor.java:309)
    at org.gradle.internal.progress.DefaultBuildOperationExecutor.execute(DefaultBuildOperationExecutor.java:185)
    at org.gradle.internal.progress.DefaultBuildOperationExecutor.run(DefaultBuildOperationExecutor.java:95)
    at org.gradle.configuration.project.LifecycleProjectEvaluator.evaluate(LifecycleProjectEvaluator.java:49)
    at org.gradle.api.internal.project.DefaultProject.evaluate(DefaultProject.java:654)
    at org.gradle.api.internal.project.DefaultProject.evaluate(DefaultProject.java:132)
    at org.gradle.execution.TaskPathProjectEvaluator.configure(TaskPathProjectEvaluator.java:35)
    at org.gradle.execution.TaskPathProjectEvaluator.configureHierarchy(TaskPathProjectEvaluator.java:60)
    at org.gradle.configuration.DefaultBuildConfigurer.configure(DefaultBuildConfigurer.java:38)
    at org.gradle.initialization.DefaultGradleLauncher$ConfigureBuild.run(DefaultGradleLauncher.java:195)
    at org.gradle.internal.progress.DefaultBuildOperationExecutor$RunnableBuildOperationWorker.execute(DefaultBuildOperationExecutor.java:317)
    at org.gradle.internal.progress.DefaultBuildOperationExecutor$RunnableBuildOperationWorker.execute(DefaultBuildOperationExecutor.java:309)
    at org.gradle.internal.progress.DefaultBuildOperationExecutor.execute(DefaultBuildOperationExecutor.java:185)
    at org.gradle.internal.progress.DefaultBuildOperationExecutor.run(DefaultBuildOperationExecutor.java:95)
    at org.gradle.initialization.DefaultGradleLauncher.doBuildStages(DefaultGradleLauncher.java:157)
    at org.gradle.initialization.DefaultGradleLauncher.access$200(DefaultGradleLauncher.java:44)
    at org.gradle.initialization.DefaultGradleLauncher$1.run(DefaultGradleLauncher.java:122)
    at org.gradle.internal.work.DefaultWorkerLeaseService$2.execute(DefaultWorkerLeaseService.java:124)
    at org.gradle.initialization.DefaultGradleLauncher.doBuild(DefaultGradleLauncher.java:116)
    at org.gradle.initialization.DefaultGradleLauncher.run(DefaultGradleLauncher.java:99)
    at org.gradle.launcher.exec.GradleBuildController.run(GradleBuildController.java:66)
    at org.gradle.tooling.internal.provider.ExecuteBuildActionRunner.run(ExecuteBuildActionRunner.java:28)
    at org.gradle.launcher.exec.ChainingBuildActionRunner.run(ChainingBuildActionRunner.java:35)
    at org.gradle.tooling.internal.provider.ValidatingBuildActionRunner.run(ValidatingBuildActionRunner.java:32)
    at org.gradle.launcher.exec.RunAsBuildOperationBuildActionRunner$1.run(RunAsBuildOperationBuildActionRunner.java:43)
    at org.gradle.internal.progress.DefaultBuildOperationExecutor$RunnableBuildOperationWorker.execute(DefaultBuildOperationExecutor.java:317)
    at org.gradle.internal.progress.DefaultBuildOperationExecutor$RunnableBuildOperationWorker.execute(DefaultBuildOperationExecutor.java:309)
    at org.gradle.internal.progress.DefaultBuildOperationExecutor.execute(DefaultBuildOperationExecutor.java:185)
    at org.gradle.internal.progress.DefaultBuildOperationExecutor.run(DefaultBuildOperationExecutor.java:95)
    at org.gradle.launcher.exec.RunAsBuildOperationBuildActionRunner.run(RunAsBuildOperationBuildActionRunner.java:40)
    at org.gradle.tooling.internal.provider.SubscribableBuildActionRunner.run(SubscribableBuildActionRunner.java:51)
    at org.gradle.launcher.exec.InProcessBuildActionExecuter.execute(InProcessBuildActionExecuter.java:44)
    at org.gradle.launcher.exec.InProcessBuildActionExecuter.execute(InProcessBuildActionExecuter.java:28)
    at org.gradle.tooling.internal.provider.ContinuousBuildActionExecuter.execute(ContinuousBuildActionExecuter.java:75)
    at org.gradle.tooling.internal.provider.ContinuousBuildActionExecuter.execute(ContinuousBuildActionExecuter.java:49)
    at org.gradle.tooling.internal.provider.ServicesSetupBuildActionExecuter.execute(ServicesSetupBuildActionExecuter.java:51)
    at org.gradle.tooling.internal.provider.ServicesSetupBuildActionExecuter.execute(ServicesSetupBuildActionExecuter.java:32)
    at org.gradle.tooling.internal.provider.GradleThreadBuildActionExecuter.execute(GradleThreadBuildActionExecuter.java:36)
    at org.gradle.tooling.internal.provider.GradleThreadBuildActionExecuter.execute(GradleThreadBuildActionExecuter.java:25)
    at org.gradle.tooling.internal.provider.StartParamsValidatingActionExecuter.execute(StartParamsValidatingActionExecuter.java:64)
    at org.gradle.tooling.internal.provider.StartParamsValidatingActionExecuter.execute(StartParamsValidatingActionExecuter.java:29)
    at org.gradle.tooling.internal.provider.SessionFailureReportingActionExecuter.execute(SessionFailureReportingActionExecuter.java:55)
    at org.gradle.tooling.internal.provider.SessionFailureReportingActionExecuter.execute(SessionFailureReportingActionExecuter.java:42)
    at org.gradle.tooling.internal.provider.SetupLoggingActionExecuter.execute(SetupLoggingActionExecuter.java:50)
    at org.gradle.tooling.internal.provider.SetupLoggingActionExecuter.execute(SetupLoggingActionExecuter.java:30)
    at org.gradle.launcher.daemon.server.exec.ExecuteBuild.doBuild(ExecuteBuild.java:67)
    at org.gradle.launcher.daemon.server.exec.BuildCommandOnly.execute(BuildCommandOnly.java:36)
    at org.gradle.launcher.daemon.server.api.DaemonCommandExecution.proceed(DaemonCommandExecution.java:120)
    at org.gradle.launcher.daemon.server.exec.WatchForDisconnection.execute(WatchForDisconnection.java:37)
    at org.gradle.launcher.daemon.server.api.DaemonCommandExecution.proceed(DaemonCommandExecution.java:120)
    at org.gradle.launcher.daemon.server.exec.ResetDeprecationLogger.execute(ResetDeprecationLogger.java:26)
    at org.gradle.launcher.daemon.server.api.DaemonCommandExecution.proceed(DaemonCommandExecution.java:120)
    at org.gradle.launcher.daemon.server.exec.RequestStopIfSingleUsedDaemon.execute(RequestStopIfSingleUsedDaemon.java:34)
    at org.gradle.launcher.daemon.server.api.DaemonCommandExecution.proceed(DaemonCommandExecution.java:120)
    at org.gradle.launcher.daemon.server.exec.ForwardClientInput$2.call(ForwardClientInput.java:74)
    at org.gradle.launcher.daemon.server.exec.ForwardClientInput$2.call(ForwardClientInput.java:72)
    at org.gradle.util.Swapper.swap(Swapper.java:38)
    at org.gradle.launcher.daemon.server.exec.ForwardClientInput.execute(ForwardClientInput.java:72)
    at org.gradle.launcher.daemon.server.api.DaemonCommandExecution.proceed(DaemonCommandExecution.java:120)
    at org.gradle.launcher.daemon.server.exec.LogAndCheckHealth.execute(LogAndCheckHealth.java:55)
    at org.gradle.launcher.daemon.server.api.DaemonCommandExecution.proceed(DaemonCommandExecution.java:120)
    at org.gradle.launcher.daemon.server.exec.LogToClient.doBuild(LogToClient.java:62)
    at org.gradle.launcher.daemon.server.exec.BuildCommandOnly.execute(BuildCommandOnly.java:36)
    at org.gradle.launcher.daemon.server.api.DaemonCommandExecution.proceed(DaemonCommandExecution.java:120)
    at org.gradle.launcher.daemon.server.exec.EstablishBuildEnvironment.doBuild(EstablishBuildEnvironment.java:72)
    at org.gradle.launcher.daemon.server.exec.BuildCommandOnly.execute(BuildCommandOnly.java:36)
    at org.gradle.launcher.daemon.server.api.DaemonCommandExecution.proceed(DaemonCommandExecution.java:120)
    at org.gradle.launcher.daemon.server.exec.StartBuildOrRespondWithBusy$1.run(StartBuildOrRespondWithBusy.java:50)
    at org.gradle.launcher.daemon.server.DaemonStateCoordinator$1.run(DaemonStateCoordinator.java:297)
    at org.gradle.internal.concurrent.ExecutorPolicy$CatchAndRecordFailures.onExecute(ExecutorPolicy.java:63)
    at org.gradle.internal.concurrent.StoppableExecutorImpl$1.run(StoppableExecutorImpl.java:46)
    at java.util.concurrent.ThreadPoolExecutor.runWorker(ThreadPoolExecutor.java:1142)
    at java.util.concurrent.ThreadPoolExecutor$Worker.run(ThreadPoolExecutor.java:617)
    at org.gradle.internal.concurrent.ThreadFactoryImpl$ManagedThreadRunnable.run(ThreadFactoryImpl.java:55)
    at java.lang.Thread.run(Thread.java:748)
:compileJava NO-SOURCE
:processResources NO-SOURCE
:classes UP-TO-DATE
:jar
:assemble
:stagemonitor-configuration:compileJavawarning: [options] bootstrap class path not set in conjunction with -source 1.6
Note: /home/travis/build/stagemonitor/stagemonitor/stagemonitor-configuration/src/main/java/org/stagemonitor/configuration/ConfigurationRegistry.java uses unchecked or unsafe operations.
Note: Recompile with -Xlint:unchecked for details.
1 warning

:stagemonitor-configuration:processResources NO-SOURCE
:stagemonitor-configuration:classes
:stagemonitor-configuration:osgiClasses
:stagemonitor-configuration:jar
:stagemonitor-dispatcher:compileJavawarning: [options] bootstrap class path not set in conjunction with -source 1.6
1 warning

:stagemonitor-dispatcher:processResources NO-SOURCE
:stagemonitor-dispatcher:classes
:stagemonitor-dispatcher:osgiClasses
:stagemonitor-dispatcher:jar
:stagemonitor-core:compileJavawarning: [options] bootstrap class path not set in conjunction with -source 1.6
/home/travis/build/stagemonitor/stagemonitor/stagemonitor-core/src/main/java/org/stagemonitor/core/instrument/CallerUtil.java:7: warning: JavaLangAccess is internal proprietary API and may be removed in a future release
import sun.misc.JavaLangAccess;
               ^
/home/travis/build/stagemonitor/stagemonitor/stagemonitor-core/src/main/java/org/stagemonitor/core/instrument/CallerUtil.java:8: warning: SharedSecrets is internal proprietary API and may be removed in a future release
import sun.misc.SharedSecrets;
               ^
/home/travis/build/stagemonitor/stagemonitor/stagemonitor-core/src/main/java/org/stagemonitor/core/instrument/CallerUtil.java:16: warning: SharedSecrets is internal proprietary API and may be removed in a future release
            javaLangAccessObject = SharedSecrets.getJavaLangAccess();
                                   ^
/home/travis/build/stagemonitor/stagemonitor/stagemonitor-core/src/main/java/org/stagemonitor/core/instrument/CallerUtil.java:42: warning: JavaLangAccess is internal proprietary API and may be removed in a future release
        final JavaLangAccess javaLangAccess = (JavaLangAccess) javaLangAccessObject;
              ^
/home/travis/build/stagemonitor/stagemonitor/stagemonitor-core/src/main/java/org/stagemonitor/core/instrument/CallerUtil.java:42: warning: JavaLangAccess is internal proprietary API and may be removed in a future release
        final JavaLangAccess javaLangAccess = (JavaLangAccess) javaLangAccessObject;
                                               ^
Note: Some input files use or override a deprecated API.
Note: Recompile with -Xlint:deprecation for details.
Note: Some input files use unchecked or unsafe operations.
Note: Recompile with -Xlint:unchecked for details.
6 warnings

:stagemonitor-core:processResources
:stagemonitor-core:classes
:stagemonitor-core:osgiClasses
:stagemonitor-core:jar
:stagemonitor-tracing:compileJavawarning: [options] bootstrap class path not set in conjunction with -source 1.6
Note: Some input files use or override a deprecated API.
Note: Recompile with -Xlint:deprecation for details.
Note: Some input files use unchecked or unsafe operations.
Note: Recompile with -Xlint:unchecked for details.
1 warning

:stagemonitor-tracing:processResources
:stagemonitor-tracing:classes
:stagemonitor-tracing:osgiClasses
:stagemonitor-tracing:jar
:stagemonitor-alerting:compileJavawarning: [options] bootstrap class path not set in conjunction with -source 1.6
Note: /home/travis/build/stagemonitor/stagemonitor/stagemonitor-alerting/src/main/java/org/stagemonitor/alerting/AlertingPlugin.java uses or overrides a deprecated API.
Note: Recompile with -Xlint:deprecation for details.
Note: /home/travis/build/stagemonitor/stagemonitor/stagemonitor-alerting/src/main/java/org/stagemonitor/alerting/ThresholdMonitoringReporter.java uses unchecked or unsafe operations.
Note: Recompile with -Xlint:unchecked for details.
1 warning

:stagemonitor-alerting:processResources
:stagemonitor-alerting:classes
:stagemonitor-alerting:osgiClasses
:stagemonitor-alerting:jar
:stagemonitor-configuration:javadoc
:stagemonitor-dispatcher:javadoc
:stagemonitor-core:javadoc/home/travis/build/stagemonitor/stagemonitor/stagemonitor-core/src/main/java/org/stagemonitor/core/instrument/AutoEvictingCachingBinaryLocator.java:18: warning - Tag @link: reference not found: net.bytebuddy.agent.builder.AgentBuilder.TypeLocator
/home/travis/build/stagemonitor/stagemonitor/stagemonitor-core/src/main/java/org/stagemonitor/core/instrument/StagemonitorByteBuddyTransformer.java:181: warning - @return tag cannot be used in method with void return type.
/home/travis/build/stagemonitor/stagemonitor/stagemonitor-core/src/main/java/org/stagemonitor/core/metrics/metrics2/MetricName.java:80: warning - Tag @link: can't find tag(String, Object) in org.stagemonitor.core.metrics.metrics2.MetricName.Builder
/home/travis/build/stagemonitor/stagemonitor/stagemonitor-core/src/main/java/org/stagemonitor/core/metrics/metrics2/MetricName.java:194: warning - Tag @link: can't find MetricNameTemplate(MetricName, String...) in org.stagemonitor.core.metrics.metrics2.MetricName.MetricNameTemplate
/home/travis/build/stagemonitor/stagemonitor/stagemonitor-core/src/main/java/org/stagemonitor/core/metrics/metrics2/MetricName.java:216: warning - Tag @link: can't find MetricNameTemplate(MetricName, String) in org.stagemonitor.core.metrics.metrics2.MetricName.MetricNameTemplate
/home/travis/build/stagemonitor/stagemonitor/stagemonitor-core/src/main/java/org/stagemonitor/core/metrics/MetricNameFilter.java:18: warning - @return tag has no arguments.
/home/travis/build/stagemonitor/stagemonitor/stagemonitor-core/src/main/java/org/stagemonitor/core/metrics/MetricNameFilter.java:27: warning - @return tag has no arguments.
/home/travis/build/stagemonitor/stagemonitor/stagemonitor-core/src/main/java/org/stagemonitor/core/metrics/MetricNameFilter.java:37: warning - @return tag has no arguments.
/home/travis/build/stagemonitor/stagemonitor/stagemonitor-core/src/main/java/org/stagemonitor/core/metrics/MonitorGauges.java:24: warning - @{@link is an unknown tag.
/home/travis/build/stagemonitor/stagemonitor/stagemonitor-core/src/main/java/org/stagemonitor/core/util/JsonUtils.java:113: warning - Tag @link: reference not found: AfterburnerModuleRegisterer
/home/travis/build/stagemonitor/stagemonitor/stagemonitor-core/src/main/java/org/stagemonitor/core/util/MBeanUtils.java:73: warning - @param argument "name" is not a parameter name.
/home/travis/build/stagemonitor/stagemonitor/stagemonitor-core/src/main/java/org/stagemonitor/core/util/MBeanUtils.java:73: warning - @param argument "query" is not a parameter name.
/home/travis/build/stagemonitor/stagemonitor/stagemonitor-core/src/main/java/org/stagemonitor/core/StagemonitorPlugin.java:45: warning - Tag @link: reference not found: org.stagemonitor.web.servlet.filter.HttpRequestMonitorFilter#destroy()
/home/travis/build/stagemonitor/stagemonitor/stagemonitor-core/src/main/java/org/stagemonitor/core/Stagemonitor.java:249: warning - Tag @see: can't find getPathsOfWidgetTabPlugins() in org.stagemonitor.core.StagemonitorPlugin
/home/travis/build/stagemonitor/stagemonitor/stagemonitor-core/src/main/java/org/stagemonitor/core/Stagemonitor.java:256: warning - Tag @see: can't find getPathsOfWidgetMetricTabPlugins() in org.stagemonitor.core.StagemonitorPlugin
/home/travis/build/stagemonitor/stagemonitor/stagemonitor-core/src/main/java/org/stagemonitor/core/StagemonitorConfigurationSourceInitializer.java:33: warning - @param argument "configInitializedArguments@throws" is not a parameter name.
/home/travis/build/stagemonitor/stagemonitor/stagemonitor-core/src/main/java/org/stagemonitor/core/StagemonitorPlugin.java:45: warning - Tag @link: reference not found: org.stagemonitor.web.servlet.filter.HttpRequestMonitorFilter#destroy()
/home/travis/build/stagemonitor/stagemonitor/stagemonitor-core/src/main/java/org/stagemonitor/core/instrument/AutoEvictingCachingBinaryLocator.java:18: warning - Tag @link: reference not found: net.bytebuddy.agent.builder.AgentBuilder.TypeLocator
/home/travis/build/stagemonitor/stagemonitor/stagemonitor-core/src/main/java/org/stagemonitor/core/instrument/AutoEvictingCachingBinaryLocator.java:18: warning - Tag @link: reference not found: net.bytebuddy.agent.builder.AgentBuilder.TypeLocator

19 warnings
:stagemonitor-tracing:javadoc/home/travis/build/stagemonitor/stagemonitor/stagemonitor-tracing/src/main/java/org/stagemonitor/tracing/wrapper/SpanEventListener.java:39: warning - Tag @link: reference not found: Tracer.SpanBuilder#start()
/home/travis/build/stagemonitor/stagemonitor/stagemonitor-tracing/src/main/java/org/stagemonitor/tracing/wrapper/SpanEventListener.java:39: warning - Tag @link: reference not found: Tracer.SpanBuilder#start()
/home/travis/build/stagemonitor/stagemonitor/stagemonitor-tracing/src/main/java/org/stagemonitor/tracing/profiler/Profiler.java:62: warning - @return tag has no arguments.
/home/travis/build/stagemonitor/stagemonitor/stagemonitor-tracing/src/main/java/org/stagemonitor/tracing/wrapper/SpanEventListener.java:72: warning - Tag @link: reference not found: Tracer.SpanBuilder#withTag(String, Number)
/home/travis/build/stagemonitor/stagemonitor/stagemonitor-tracing/src/main/java/org/stagemonitor/tracing/wrapper/SpanEventListener.java:50: warning - Tag @link: reference not found: Tracer.SpanBuilder#withTag(String, String)
/home/travis/build/stagemonitor/stagemonitor/stagemonitor-tracing/src/main/java/org/stagemonitor/tracing/wrapper/SpanEventListener.java:72: warning - Tag @link: reference not found: Tracer.SpanBuilder#withTag(String, Number)
/home/travis/build/stagemonitor/stagemonitor/stagemonitor-tracing/src/main/java/org/stagemonitor/tracing/wrapper/SpanEventListener.java:50: warning - Tag @link: reference not found: Tracer.SpanBuilder#withTag(String, String)
/home/travis/build/stagemonitor/stagemonitor/stagemonitor-tracing/src/main/java/org/stagemonitor/tracing/wrapper/SpanEventListener.java:50: warning - Tag @link: reference not found: Tracer.SpanBuilder#withTag(String, String)
/home/travis/build/stagemonitor/stagemonitor/stagemonitor-tracing/src/main/java/org/stagemonitor/tracing/wrapper/SpanEventListener.java:50: warning - Tag @link: reference not found: Tracer.SpanBuilder#withTag(String, String)
/home/travis/build/stagemonitor/stagemonitor/stagemonitor-tracing/src/main/java/org/stagemonitor/tracing/wrapper/SpanEventListener.java:39: warning - Tag @link: reference not found: Tracer.SpanBuilder#start()
/home/travis/build/stagemonitor/stagemonitor/stagemonitor-tracing/src/main/java/org/stagemonitor/tracing/wrapper/SpanEventListener.java:39: warning - Tag @link: reference not found: Tracer.SpanBuilder#start()
/home/travis/build/stagemonitor/stagemonitor/stagemonitor-tracing/src/main/java/org/stagemonitor/tracing/wrapper/SpanEventListener.java:61: warning - Tag @link: reference not found: Tracer.SpanBuilder#withTag(String, boolean)
/home/travis/build/stagemonitor/stagemonitor/stagemonitor-tracing/src/main/java/org/stagemonitor/tracing/wrapper/SpanEventListener.java:72: warning - Tag @link: reference not found: Tracer.SpanBuilder#withTag(String, Number)
/home/travis/build/stagemonitor/stagemonitor/stagemonitor-tracing/src/main/java/org/stagemonitor/tracing/wrapper/SpanEventListener.java:50: warning - Tag @link: reference not found: Tracer.SpanBuilder#withTag(String, String)
/home/travis/build/stagemonitor/stagemonitor/stagemonitor-tracing/src/main/java/org/stagemonitor/tracing/wrapper/SpanEventListener.java:39: warning - Tag @link: reference not found: Tracer.SpanBuilder#start()
/home/travis/build/stagemonitor/stagemonitor/stagemonitor-tracing/src/main/java/org/stagemonitor/tracing/wrapper/SpanEventListener.java:39: warning - Tag @link: reference not found: Tracer.SpanBuilder#start()
/home/travis/build/stagemonitor/stagemonitor/stagemonitor-tracing/src/main/java/org/stagemonitor/tracing/wrapper/SpanEventListener.java:50: warning - Tag @link: reference not found: Tracer.SpanBuilder#withTag(String, String)
/home/travis/build/stagemonitor/stagemonitor/stagemonitor-tracing/src/main/java/org/stagemonitor/tracing/wrapper/SpanEventListener.java:61: warning - Tag @link: reference not found: Tracer.SpanBuilder#withTag(String, boolean)
/home/travis/build/stagemonitor/stagemonitor/stagemonitor-tracing/src/main/java/org/stagemonitor/tracing/wrapper/SpanEventListener.java:72: warning - Tag @link: reference not found: Tracer.SpanBuilder#withTag(String, Number)
/home/travis/build/stagemonitor/stagemonitor/stagemonitor-tracing/src/main/java/org/stagemonitor/tracing/wrapper/SpanEventListener.java:39: warning - Tag @link: reference not found: Tracer.SpanBuilder#start()
/home/travis/build/stagemonitor/stagemonitor/stagemonitor-tracing/src/main/java/org/stagemonitor/tracing/wrapper/SpanEventListener.java:39: warning - Tag @link: reference not found: Tracer.SpanBuilder#start()
/home/travis/build/stagemonitor/stagemonitor/stagemonitor-tracing/src/main/java/org/stagemonitor/tracing/wrapper/SpanEventListener.java:61: warning - Tag @link: reference not found: Tracer.SpanBuilder#withTag(String, boolean)
/home/travis/build/stagemonitor/stagemonitor/stagemonitor-tracing/src/main/java/org/stagemonitor/tracing/wrapper/SpanEventListener.java:72: warning - Tag @link: reference not found: Tracer.SpanBuilder#withTag(String, Number)
/home/travis/build/stagemonitor/stagemonitor/stagemonitor-tracing/src/main/java/org/stagemonitor/tracing/wrapper/SpanEventListener.java:50: warning - Tag @link: reference not found: Tracer.SpanBuilder#withTag(String, String)
/home/travis/build/stagemonitor/stagemonitor/stagemonitor-tracing/src/main/java/org/stagemonitor/tracing/wrapper/SpanEventListener.java:39: warning - Tag @link: reference not found: Tracer.SpanBuilder#start()
/home/travis/build/stagemonitor/stagemonitor/stagemonitor-tracing/src/main/java/org/stagemonitor/tracing/wrapper/SpanEventListener.java:39: warning - Tag @link: reference not found: Tracer.SpanBuilder#start()
/home/travis/build/stagemonitor/stagemonitor/stagemonitor-tracing/src/main/java/org/stagemonitor/tracing/wrapper/SpanEventListener.java:50: warning - Tag @link: reference not found: Tracer.SpanBuilder#withTag(String, String)
/home/travis/build/stagemonitor/stagemonitor/stagemonitor-tracing/src/main/java/org/stagemonitor/tracing/wrapper/SpanEventListener.java:61: warning - Tag @link: reference not found: Tracer.SpanBuilder#withTag(String, boolean)
/home/travis/build/stagemonitor/stagemonitor/stagemonitor-tracing/src/main/java/org/stagemonitor/tracing/wrapper/SpanEventListener.java:72: warning - Tag @link: reference not found: Tracer.SpanBuilder#withTag(String, Number)
/home/travis/build/stagemonitor/stagemonitor/stagemonitor-tracing/src/main/java/org/stagemonitor/tracing/wrapper/SpanWrappingTracer.java:23: warning - Tag @link: reference not found: SpanBuilder
/home/travis/build/stagemonitor/stagemonitor/stagemonitor-tracing/src/main/java/org/stagemonitor/tracing/MonitoredRequest.java:18: warning - Tag @link: reference not found: javax.servlet.http.HttpServletRequest#getParameterMap()
/home/travis/build/stagemonitor/stagemonitor/stagemonitor-tracing/src/main/java/org/stagemonitor/tracing/wrapper/SpanEventListener.java:39: warning - Tag @link: reference not found: Tracer.SpanBuilder#start()
/home/travis/build/stagemonitor/stagemonitor/stagemonitor-tracing/src/main/java/org/stagemonitor/tracing/wrapper/SpanEventListener.java:39: warning - Tag @link: reference not found: Tracer.SpanBuilder#start()
/home/travis/build/stagemonitor/stagemonitor/stagemonitor-tracing/src/main/java/org/stagemonitor/tracing/MonitoredRequest.java:18: warning - Tag @link: reference not found: javax.servlet.http.HttpServletRequest#getParameterMap()
/home/travis/build/stagemonitor/stagemonitor/stagemonitor-tracing/src/main/java/org/stagemonitor/tracing/MonitoredRequest.java:18: warning - Tag @link: reference not found: javax.servlet.http.HttpServletRequest#getParameterMap()
/home/travis/build/stagemonitor/stagemonitor/stagemonitor-tracing/src/main/java/org/stagemonitor/tracing/MonitoredRequest.java:18: warning - Tag @link: reference not found: javax.servlet.http.HttpServletRequest#getParameterMap()
/home/travis/build/stagemonitor/stagemonitor/stagemonitor-tracing/src/main/java/org/stagemonitor/tracing/MonitoredRequest.java:26: warning - @return tag cannot be used in method with void return type.
/home/travis/build/stagemonitor/stagemonitor/stagemonitor-tracing/src/main/java/org/stagemonitor/tracing/wrapper/SpanEventListener.java:61: warning - Tag @link: reference not found: Tracer.SpanBuilder#withTag(String, boolean)
/home/travis/build/stagemonitor/stagemonitor/stagemonitor-tracing/src/main/java/org/stagemonitor/tracing/wrapper/SpanEventListener.java:72: warning - Tag @link: reference not found: Tracer.SpanBuilder#withTag(String, Number)
/home/travis/build/stagemonitor/stagemonitor/stagemonitor-tracing/src/main/java/org/stagemonitor/tracing/wrapper/SpanEventListener.java:50: warning - Tag @link: reference not found: Tracer.SpanBuilder#withTag(String, String)
/home/travis/build/stagemonitor/stagemonitor/stagemonitor-tracing/src/main/java/org/stagemonitor/tracing/wrapper/SpanEventListener.java:39: warning - Tag @link: reference not found: Tracer.SpanBuilder#start()
/home/travis/build/stagemonitor/stagemonitor/stagemonitor-tracing/src/main/java/org/stagemonitor/tracing/wrapper/SpanEventListener.java:39: warning - Tag @link: reference not found: Tracer.SpanBuilder#start()
/home/travis/build/stagemonitor/stagemonitor/stagemonitor-tracing/src/main/java/org/stagemonitor/tracing/wrapper/SpanEventListener.java:50: warning - Tag @link: reference not found: Tracer.SpanBuilder#withTag(String, String)
/home/travis/build/stagemonitor/stagemonitor/stagemonitor-tracing/src/main/java/org/stagemonitor/tracing/wrapper/SpanEventListener.java:72: warning - Tag @link: reference not found: Tracer.SpanBuilder#withTag(String, Number)
/home/travis/build/stagemonitor/stagemonitor/stagemonitor-tracing/src/main/java/org/stagemonitor/tracing/wrapper/SpanEventListener.java:61: warning - Tag @link: reference not found: Tracer.SpanBuilder#withTag(String, boolean)
/home/travis/build/stagemonitor/stagemonitor/stagemonitor-tracing/src/main/java/org/stagemonitor/tracing/wrapper/SpanEventListener.java:39: warning - Tag @link: reference not found: Tracer.SpanBuilder#start()
/home/travis/build/stagemonitor/stagemonitor/stagemonitor-tracing/src/main/java/org/stagemonitor/tracing/wrapper/SpanEventListener.java:39: warning - Tag @link: reference not found: Tracer.SpanBuilder#start()
/home/travis/build/stagemonitor/stagemonitor/stagemonitor-tracing/src/main/java/org/stagemonitor/tracing/wrapper/SpanEventListener.java:39: warning - Tag @link: reference not found: Tracer.SpanBuilder#start()
/home/travis/build/stagemonitor/stagemonitor/stagemonitor-tracing/src/main/java/org/stagemonitor/tracing/wrapper/SpanEventListener.java:39: warning - Tag @link: reference not found: Tracer.SpanBuilder#start()
/home/travis/build/stagemonitor/stagemonitor/stagemonitor-tracing/src/main/java/org/stagemonitor/tracing/wrapper/SpanEventListener.java:39: warning - Tag @link: reference not found: Tracer.SpanBuilder#start()
/home/travis/build/stagemonitor/stagemonitor/stagemonitor-tracing/src/main/java/org/stagemonitor/tracing/wrapper/SpanEventListener.java:39: warning - Tag @link: reference not found: Tracer.SpanBuilder#start()
/home/travis/build/stagemonitor/stagemonitor/stagemonitor-tracing/src/main/java/org/stagemonitor/tracing/wrapper/SpanEventListener.java:50: warning - Tag @link: reference not found: Tracer.SpanBuilder#withTag(String, String)
/home/travis/build/stagemonitor/stagemonitor/stagemonitor-tracing/src/main/java/org/stagemonitor/tracing/wrapper/SpanEventListener.java:61: warning - Tag @link: reference not found: Tracer.SpanBuilder#withTag(String, boolean)
/home/travis/build/stagemonitor/stagemonitor/stagemonitor-tracing/src/main/java/org/stagemonitor/tracing/wrapper/SpanEventListener.java:72: warning - Tag @link: reference not found: Tracer.SpanBuilder#withTag(String, Number)
/home/travis/build/stagemonitor/stagemonitor/stagemonitor-tracing/src/main/java/org/stagemonitor/tracing/wrapper/SpanEventListener.java:39: warning - Tag @link: reference not found: Tracer.SpanBuilder#start()

55 warnings
:stagemonitor-alerting:javadoc/home/travis/build/stagemonitor/stagemonitor/stagemonitor-alerting/src/main/java/org/stagemonitor/alerting/check/Threshold.java:112: warning - @return tag has no arguments.

1 warning
:stagemonitor-alerting:javadocJar
:stagemonitor-alerting:sourcesJar
:stagemonitor-alerting:signArchives SKIPPED
:stagemonitor-alerting:assemble
:stagemonitor-ehcache:compileJavawarning: [options] bootstrap class path not set in conjunction with -source 1.6
Note: /home/travis/build/stagemonitor/stagemonitor/stagemonitor-ehcache/src/main/java/org/stagemonitor/ehcache/EhCachePlugin.java uses or overrides a deprecated API.
Note: Recompile with -Xlint:deprecation for details.
1 warning

:stagemonitor-ehcache:processResources
:stagemonitor-ehcache:classes
:stagemonitor-ehcache:osgiClasses
:stagemonitor-ehcache:jar
:stagemonitor-jdbc:compileJavawarning: [options] bootstrap class path not set in conjunction with -source 1.6
Note: /home/travis/build/stagemonitor/stagemonitor/stagemonitor-jdbc/src/main/java/org/stagemonitor/jdbc/StagemonitorJdbcEventListener.java uses unchecked or unsafe operations.
Note: Recompile with -Xlint:unchecked for details.
1 warning

:stagemonitor-jdbc:processResources
:stagemonitor-jdbc:classes
:stagemonitor-jdbc:osgiClasses
:stagemonitor-jdbc:jar
:stagemonitor-jvm:compileJavawarning: [options] bootstrap class path not set in conjunction with -source 1.6
1 warning

:stagemonitor-jvm:processResources
:stagemonitor-jvm:classes
:stagemonitor-jvm:osgiClasses
:stagemonitor-jvm:jar
:stagemonitor-logging:compileJavawarning: [options] bootstrap class path not set in conjunction with -source 1.6
1 warning

:stagemonitor-logging:processResources
:stagemonitor-logging:classes
:stagemonitor-logging:osgiClasses
:stagemonitor-logging:jar
:stagemonitor-web-servlet:compileJavawarning: [options] bootstrap class path not set in conjunction with -source 1.6
Note: Some input files use or override a deprecated API.
Note: Recompile with -Xlint:deprecation for details.
1 warning

:stagemonitor-web-servlet:processResources
:stagemonitor-web-servlet:classes
:stagemonitor-web-servlet:osgiClasses
:stagemonitor-web-servlet:jar
:stagemonitor-benchmark:compileJava NO-SOURCE
:stagemonitor-benchmark:processResources NO-SOURCE
:stagemonitor-benchmark:classes UP-TO-DATE
:stagemonitor-benchmark:jar
:stagemonitor-benchmark:assemble
:stagemonitor-configuration:javadocJar
:stagemonitor-configuration:sourcesJar
:stagemonitor-configuration:signArchives SKIPPED
:stagemonitor-configuration:assemble
:stagemonitor-core:javadocJar
:stagemonitor-core:sourcesJar
:stagemonitor-core:signArchives SKIPPED
:stagemonitor-core:assemble
:stagemonitor-dispatcher:javadocJar
:stagemonitor-dispatcher:sourcesJar
:stagemonitor-dispatcher:signArchives SKIPPED
:stagemonitor-dispatcher:assemble
:stagemonitor-ehcache:javadoc
:stagemonitor-ehcache:javadocJar
:stagemonitor-ehcache:sourcesJar
:stagemonitor-ehcache:signArchives SKIPPED
:stagemonitor-ehcache:assemble
:stagemonitor-tracing-elasticsearch:compileJavawarning: [options] bootstrap class path not set in conjunction with -source 1.6
1 warning

:stagemonitor-tracing-elasticsearch:processResources
:stagemonitor-tracing-elasticsearch:classes
:stagemonitor-tracing-elasticsearch:osgiClasses
:stagemonitor-tracing-elasticsearch:jar
:stagemonitor-eum-server:compileJavawarning: [options] bootstrap class path not set in conjunction with -source 1.6
1 warning

:stagemonitor-eum-server:processResources
:stagemonitor-eum-server:classes
:stagemonitor-eum-server:bootWar
:stagemonitor-tracing-elasticsearch:javadoc
:stagemonitor-jdbc:javadoc
:stagemonitor-jvm:javadoc
:stagemonitor-web-servlet:javadoc
:stagemonitor-eum-server:javadoc
:stagemonitor-eum-server:javadocJar
:stagemonitor-eum-server:sourcesJar
:stagemonitor-eum-server:signArchives SKIPPED
:stagemonitor-eum-server:assemble
:stagemonitor-os:compileJavawarning: [options] bootstrap class path not set in conjunction with -source 1.6
1 warning

:stagemonitor-os:processResources
:stagemonitor-os:classes
:stagemonitor-os:osgiClasses
:stagemonitor-os:jar
:stagemonitor-grafana-elasticsearch:compileJava NO-SOURCE
:stagemonitor-grafana-elasticsearch:processResources NO-SOURCE
:stagemonitor-grafana-elasticsearch:classes UP-TO-DATE
:stagemonitor-grafana-elasticsearch:jar
:stagemonitor-grafana-elasticsearch:assemble
:stagemonitor-jdbc:javadocJar
:stagemonitor-jdbc:sourcesJar
:stagemonitor-jdbc:signArchives SKIPPED
:stagemonitor-jdbc:assemble
:stagemonitor-jvm:javadocJar
:stagemonitor-jvm:sourcesJar
:stagemonitor-jvm:signArchives SKIPPED
:stagemonitor-jvm:assemble
:stagemonitor-logging:javadoc
:stagemonitor-logging:javadocJar
:stagemonitor-logging:sourcesJar
:stagemonitor-logging:signArchives SKIPPED
:stagemonitor-logging:assemble
:stagemonitor-os:startScripts
:stagemonitor-os:distTar
:stagemonitor-os:distZip
:stagemonitor-os:javadoc/home/travis/build/stagemonitor/stagemonitor/stagemonitor-os/src/main/java/org/stagemonitor/os/metrics/AbstractSigarMetricSet.java:39: warning - Tag @link: reference not found: T
/home/travis/build/stagemonitor/stagemonitor/stagemonitor-os/src/main/java/org/stagemonitor/os/metrics/AbstractSigarMetricSet.java:39: warning - Tag @link: reference not found: T
/home/travis/build/stagemonitor/stagemonitor/stagemonitor-os/src/main/java/org/stagemonitor/os/metrics/AbstractSigarMetricSet.java:39: warning - Tag @link: reference not found: T
/home/travis/build/stagemonitor/stagemonitor/stagemonitor-os/src/main/java/org/stagemonitor/os/SigarNativeBindingLoader.java:80: warning - Tag @see cannot be used in inline documentation.  It can only be used in the following types of documentation: overview, package, class/interface, constructor, field, method.
/home/travis/build/stagemonitor/stagemonitor/stagemonitor-os/src/main/java/org/stagemonitor/os/metrics/AbstractSigarMetricSet.java:39: warning - Tag @link: reference not found: T

5 warnings
:stagemonitor-os:javadocJar
:stagemonitor-os:sourcesJar
:stagemonitor-os:signArchives SKIPPED
:stagemonitor-os:assemble
:stagemonitor-tracing:javadocJar
:stagemonitor-tracing:sourcesJar
:stagemonitor-tracing:signArchives SKIPPED
:stagemonitor-tracing:assemble
:stagemonitor-tracing-elasticsearch:javadocJar
:stagemonitor-tracing-elasticsearch:sourcesJar
:stagemonitor-tracing-elasticsearch:signArchives SKIPPED
:stagemonitor-tracing-elasticsearch:assemble
:stagemonitor-tracing-zipkin:compileJavawarning: [options] bootstrap class path not set in conjunction with -source 1.6
Note: /home/travis/build/stagemonitor/stagemonitor/stagemonitor-tracing-zipkin/src/main/java/org/stagemonitor/zipkin/ZipkinPlugin.java uses or overrides a deprecated API.
Note: Recompile with -Xlint:deprecation for details.
1 warning

:stagemonitor-tracing-zipkin:processResources
:stagemonitor-tracing-zipkin:classes
:stagemonitor-tracing-zipkin:jar
:stagemonitor-tracing-zipkin:assemble
:stagemonitor-web-servlet:javadocJar
:stagemonitor-web-servlet:sourcesJar
:stagemonitor-web-servlet:signArchives SKIPPED
:stagemonitor-web-servlet:assemble

BUILD SUCCESSFUL in 1m 25s
97 actionable tasks: 97 executed

travis_time:end:2a6e3400:start=1500268348692195753,finish=1500268434508195228,duration=85815999475
[0Ktravis_fold:end:install
[0Ktravis_time:start:1a33d3c0
[0K$ ./gradlew test
The Task.leftShift(Closure) method has been deprecated and is scheduled to be removed in Gradle 5.0. Please use Task.doLast(Action) instead.
Gradle now uses separate output directories for each JVM language, but this build assumes a single directory for all classes from a source set. This behaviour has been deprecated and is scheduled to be removed in Gradle 5.0
    at build_aj0lh5f4taymcq9y2gzzzst3t.run(/home/travis/build/stagemonitor/stagemonitor/build.gradle:48)
:compileJava NO-SOURCE
:processResources NO-SOURCE
:classes UP-TO-DATE
:instrument SKIPPED
:copyCoberturaDatafile SKIPPED
:compileTestJava NO-SOURCE
:processTestResources NO-SOURCE
:testClasses UP-TO-DATE
:stagemonitor-configuration:compileJava UP-TO-DATE
:stagemonitor-configuration:processResources NO-SOURCE
:stagemonitor-configuration:classes UP-TO-DATE
:stagemonitor-configuration:osgiClasses UP-TO-DATE
:stagemonitor-configuration:jar UP-TO-DATE
:stagemonitor-dispatcher:compileJava UP-TO-DATE
:stagemonitor-dispatcher:processResources NO-SOURCE
:stagemonitor-dispatcher:classes UP-TO-DATE
:stagemonitor-dispatcher:osgiClasses UP-TO-DATE
:stagemonitor-dispatcher:jar UP-TO-DATE
:stagemonitor-core:compileJava UP-TO-DATE
:stagemonitor-core:processResources UP-TO-DATE
:stagemonitor-core:classes UP-TO-DATE
:stagemonitor-core:osgiClasses UP-TO-DATE
:stagemonitor-core:jar UP-TO-DATE
:stagemonitor-tracing:compileJava UP-TO-DATE
:stagemonitor-tracing:processResources UP-TO-DATE
:stagemonitor-tracing:classes UP-TO-DATE
:stagemonitor-tracing:osgiClasses UP-TO-DATE
:stagemonitor-tracing:jar UP-TO-DATE
:stagemonitor-alerting:compileJava UP-TO-DATE
:stagemonitor-alerting:processResources UP-TO-DATE
:stagemonitor-alerting:classes UP-TO-DATE
:stagemonitor-alerting:instrument SKIPPED
:stagemonitor-alerting:copyCoberturaDatafile SKIPPED
:stagemonitor-core:compileTestJavaNote: Some input files use or override a deprecated API.
Note: Recompile with -Xlint:deprecation for details.
Note: /home/travis/build/stagemonitor/stagemonitor/stagemonitor-core/src/test/java/org/stagemonitor/core/metrics/metrics2/Metric2RegistryTest.java uses unchecked or unsafe operations.
Note: Recompile with -Xlint:unchecked for details.

:stagemonitor-core:processTestResources
:stagemonitor-core:testClasses
:stagemonitor-alerting:compileTestJavaNote: Some input files use or override a deprecated API.
Note: Recompile with -Xlint:deprecation for details.

:stagemonitor-alerting:processTestResources
:stagemonitor-alerting:testClasses
:stagemonitor-alerting:test

org.stagemonitor.alerting.alerter.ElasticsearchAlerterTest > testAlert FAILED
    java.lang.AssertionError: expected:<1> but was:<0>
        at org.junit.Assert.fail(Assert.java:88)
        at org.junit.Assert.failNotEquals(Assert.java:834)
        at org.junit.Assert.assertEquals(Assert.java:645)
        at org.junit.Assert.assertEquals(Assert.java:631)
        at org.stagemonitor.alerting.alerter.ElasticsearchAlerterTest.testAlert(ElasticsearchAlerterTest.java:33)

org.stagemonitor.alerting.alerter.HttpAlerterTest > testAlert FAILED
    java.lang.AssertionError: expected:<1> but was:<0>
        at org.junit.Assert.fail(Assert.java:88)
        at org.junit.Assert.failNotEquals(Assert.java:834)
        at org.junit.Assert.assertEquals(Assert.java:645)
        at org.junit.Assert.assertEquals(Assert.java:631)
        at org.stagemonitor.alerting.alerter.HttpAlerterTest.testAlert(HttpAlerterTest.java:34)

org.stagemonitor.alerting.incident.IncidentRepositoryTest > testSaveAndGet[0: class org.stagemonitor.alerting.incident.ElasticsearchIncidentRepository] FAILED
    java.lang.NullPointerException
        at java.lang.String.replace(String.java:2239)
        at org.stagemonitor.core.util.HttpClient.removeUserInfo(HttpClient.java:192)
        at org.stagemonitor.core.util.HttpClient.send(HttpClient.java:73)
        at org.stagemonitor.core.util.HttpClient.sendAsJson(HttpClient.java:50)
        at org.stagemonitor.core.elasticsearch.ElasticsearchClient.sendAsJson(ElasticsearchClient.java:110)
        at org.stagemonitor.alerting.incident.ElasticsearchIncidentRepository.updateIncident(ElasticsearchIncidentRepository.java:41)
        at org.stagemonitor.alerting.incident.ElasticsearchIncidentRepository.createIncident(ElasticsearchIncidentRepository.java:36)
        at org.stagemonitor.alerting.incident.IncidentRepositoryTest.testSaveAndGet(IncidentRepositoryTest.java:49)

org.stagemonitor.alerting.incident.IncidentRepositoryTest > testWrongVersion[0: class org.stagemonitor.alerting.incident.ElasticsearchIncidentRepository] FAILED
    java.lang.NullPointerException
        at java.lang.String.replace(String.java:2239)
        at org.stagemonitor.core.util.HttpClient.removeUserInfo(HttpClient.java:192)
        at org.stagemonitor.core.util.HttpClient.send(HttpClient.java:73)
        at org.stagemonitor.core.util.HttpClient.sendAsJson(HttpClient.java:50)
        at org.stagemonitor.core.elasticsearch.ElasticsearchClient.sendAsJson(ElasticsearchClient.java:110)
        at org.stagemonitor.alerting.incident.ElasticsearchIncidentRepository.updateIncident(ElasticsearchIncidentRepository.java:41)
        at org.stagemonitor.alerting.incident.ElasticsearchIncidentRepository.createIncident(ElasticsearchIncidentRepository.java:36)
        at org.stagemonitor.alerting.incident.IncidentRepositoryTest.testWrongVersion(IncidentRepositoryTest.java:69)

org.stagemonitor.alerting.incident.IncidentRepositoryTest > testDeleteWrongVersion[0: class org.stagemonitor.alerting.incident.ElasticsearchIncidentRepository] FAILED
    java.lang.NullPointerException
        at java.lang.String.replace(String.java:2239)
        at org.stagemonitor.core.util.HttpClient.removeUserInfo(HttpClient.java:192)
        at org.stagemonitor.core.util.HttpClient.send(HttpClient.java:73)
        at org.stagemonitor.core.util.HttpClient.sendAsJson(HttpClient.java:50)
        at org.stagemonitor.core.elasticsearch.ElasticsearchClient.sendAsJson(ElasticsearchClient.java:110)
        at org.stagemonitor.alerting.incident.ElasticsearchIncidentRepository.updateIncident(ElasticsearchIncidentRepository.java:41)
        at org.stagemonitor.alerting.incident.ElasticsearchIncidentRepository.createIncident(ElasticsearchIncidentRepository.java:36)
        at org.stagemonitor.alerting.incident.IncidentRepositoryTest.testDeleteWrongVersion(IncidentRepositoryTest.java:84)

org.stagemonitor.alerting.incident.IncidentRepositoryTest > testAlreadyCreated[0: class org.stagemonitor.alerting.incident.ElasticsearchIncidentRepository] FAILED
    java.lang.NullPointerException
        at java.lang.String.replace(String.java:2239)
        at org.stagemonitor.core.util.HttpClient.removeUserInfo(HttpClient.java:192)
        at org.stagemonitor.core.util.HttpClient.send(HttpClient.java:73)
        at org.stagemonitor.core.util.HttpClient.sendAsJson(HttpClient.java:50)
        at org.stagemonitor.core.elasticsearch.ElasticsearchClient.sendAsJson(ElasticsearchClient.java:110)
        at org.stagemonitor.alerting.incident.ElasticsearchIncidentRepository.updateIncident(ElasticsearchIncidentRepository.java:41)
        at org.stagemonitor.alerting.incident.ElasticsearchIncidentRepository.createIncident(ElasticsearchIncidentRepository.java:36)
        at org.stagemonitor.alerting.incident.IncidentRepositoryTest.testAlreadyCreated(IncidentRepositoryTest.java:63)

org.stagemonitor.alerting.incident.IncidentRepositoryTest > testDelete[0: class org.stagemonitor.alerting.incident.ElasticsearchIncidentRepository] FAILED
    java.lang.NullPointerException
        at java.lang.String.replace(String.java:2239)
        at org.stagemonitor.core.util.HttpClient.removeUserInfo(HttpClient.java:192)
        at org.stagemonitor.core.util.HttpClient.send(HttpClient.java:73)
        at org.stagemonitor.core.util.HttpClient.sendAsJson(HttpClient.java:50)
        at org.stagemonitor.core.elasticsearch.ElasticsearchClient.sendAsJson(ElasticsearchClient.java:110)
        at org.stagemonitor.alerting.incident.ElasticsearchIncidentRepository.updateIncident(ElasticsearchIncidentRepository.java:41)
        at org.stagemonitor.alerting.incident.ElasticsearchIncidentRepository.createIncident(ElasticsearchIncidentRepository.java:36)
        at org.stagemonitor.alerting.incident.IncidentRepositoryTest.testDelete(IncidentRepositoryTest.java:76)

47 tests completed, 7 failed
:stagemonitor-alerting:test FAILED
:stagemonitor-alerting:generateCoberturaReport SKIPPED
:stagemonitor-alerting:performCoverageCheck SKIPPED

FAILURE: Build failed with an exception.

* What went wrong:
Execution failed for task ':stagemonitor-alerting:test'.
> There were failing tests. See the report at: file:///home/travis/build/stagemonitor/stagemonitor/stagemonitor-alerting/build/reports/tests/test/index.html

* Try:
Run with --stacktrace option to get the stack trace. Run with --info or --debug option to get more log output.

BUILD FAILED in 25s
21 actionable tasks: 5 executed, 16 up-to-date

travis_time:end:1a33d3c0:start=1500268434513785064,finish=1500268460693761998,duration=26179976934
[0K
[31;1mThe command "./gradlew test" exited with 1.[0m
travis_fold:start:cache.2
[0Kstore build cache
travis_time:start:17e7ec51
[0K
travis_time:end:17e7ec51:start=1500268460700092783,finish=1500268460704436533,duration=4343750
[0Ktravis_time:start:0b66247e
[0K[32;1mchange detected (content changed, file is created, or file is deleted):
/home/travis/.gradle/caches/4.0.1/fileHashes/fileHashes.bin
/home/travis/.gradle/caches/4.0.1/fileHashes/fileHashes.lock
/home/travis/.gradle/caches/4.0.1/plugin-resolution/plugin-resolution.lock
/home/travis/.gradle/caches/modules-2/modules-2.lock
/home/travis/.gradle/daemon/4.0.1/daemon-2648.out.log
/home/travis/.gradle/daemon/4.0.1/registry.bin
/home/travis/.gradle/daemon/4.0.1/registry.bin.lock

[0m
[32;1mchanges detected, packing new archive[0m
.
.
.
.
.
[32;1muploading archive[0m

travis_time:end:0b66247e:start=1500268460709700851,finish=1500268517977992074,duration=57268291223
[0Ktravis_fold:end:cache.2
[0Ktravis_fold:start:after_failure
[0Ktravis_time:start:109d8a73
[0K$ cat /home/travis/build/stagemonitor/stagemonitor/stagemonitor-*/hs_err_*.log
cat: /home/travis/build/stagemonitor/stagemonitor/stagemonitor-*/hs_err_*.log: No such file or directory

travis_time:end:109d8a73:start=1500268517985172559,finish=1500268517994007095,duration=8834536
[0Ktravis_fold:end:after_failure
[0K
Done. Your build exited with 1.