Using worker: worker-linux-docker-9afd8eb5.prod.travis-ci.org:travis-linux-7

travis_fold:start:system_info
[0K[33;1mBuild system information[0m
Build language: java
[34m[1mBuild image provisioning date and time[0m
Fri Dec 12 23:29:11 UTC 2014
[34m[1mlsb_release -a[0m
Distributor ID: Ubuntu
Description:    Ubuntu 12.04.5 LTS
Release:    12.04
Codename:   precise
[34m[1mCookbooks Version[0m
540230e https://github.com/travis-ci/travis-cookbooks/tree/540230e
[34m[1mGCC version[0m
gcc (Ubuntu/Linaro 4.6.3-1ubuntu5) 4.6.3
Copyright (C) 2011 Free Software Foundation, Inc.
This is free software; see the source for copying conditions.  There is NO
warranty; not even for MERCHANTABILITY or FITNESS FOR A PARTICULAR PURPOSE.

[34m[1mLLVM version[0m
clang version 3.4 (tags/RELEASE_34/final)
Target: x86_64-unknown-linux-gnu
Thread model: posix
[34m[1mPre-installed Ruby versions[0m
ruby-1.9.3-p551
[34m[1mPre-installed Node.js versions[0m
v0.10.33
[34m[1mPre-installed Go versions[0m
go1.4
[34m[1mRedis version[0m
redis-server 2.8.18
[34m[1mriak version[0m
1.4.12
[34m[1mMongoDB version[0m
MongoDB 2.4.12
[34m[1mCouchDB version[0m
couchdb 1.6.1
[34m[1mNeo4j version[0m
1.9.4
[34m[1mCassandra version[0m
2.0.9
[34m[1mRabbitMQ Version[0m
3.4.2
[34m[1mElasticSearch version[0m
1.4.0
[34m[1mInstalled Sphinx versions[0m
2.0.10
2.1.9
2.2.4
[34m[1mDefault Sphinx version[0m
2.1.9
[34m[1mInstalled Firefox version[0m
firefox 31.0esr
[34m[1mPhantomJS version[0m
1.9.8
[34m[1mant -version[0m
Apache Ant(TM) version 1.8.2 compiled on December 3 2011
[34m[1mmvn -version[0m
Apache Maven 3.2.3 (33f8c3e1027c3ddde99d3cdebad2656a31e8fdf4; 2014-08-11T20:58:10+00:00)
Maven home: /usr/local/maven
Java version: 1.7.0_72, vendor: Oracle Corporation
Java home: /usr/lib/jvm/java-7-oracle/jre
Default locale: en_US, platform encoding: ANSI_X3.4-1968
OS name: "linux", version: "3.13.0-29-generic", arch: "amd64", family: "unix"
[34m[1mgradle -version[0m

------------------------------------------------------------
Gradle 2.2.1
------------------------------------------------------------

Build time:   2014-11-24 09:45:35 UTC
Build number: none
Revision:     6fcb59c06f43a4e6b1bcb401f7686a8601a1fb4a

Groovy:       2.3.6
Ant:          Apache Ant(TM) version 1.9.3 compiled on December 23 2013
JVM:          1.7.0_72 (Oracle Corporation 24.72-b04)
OS:           Linux 3.13.0-29-generic amd64

[34m[1mlein1 version[0m
Using JLine for console I/O; install rlwrap for optimum experience.
Leiningen 1.7.1 on Java 1.7.0_72 Java HotSpot(TM) 64-Bit Server VM
[34m[1mlein2 version[0m
Leiningen 2.5.0 on Java 1.7.0_72 Java HotSpot(TM) 64-Bit Server VM
[34m[1mlein version[0m
Leiningen 2.5.0 on Java 1.7.0_72 Java HotSpot(TM) 64-Bit Server VM
travis_fold:end:system_info
[0K
travis_fold:start:git.checkout
[0Ktravis_time:start:0081d8e5
[0K$ git clone --depth=50 --branch=capsule-maven git://github.com/puniverse/capsule.git puniverse/capsule
Cloning into 'puniverse/capsule'...
remote: Counting objects: 490, done.[K
remote: Compressing objects:   0% (1/257)   [K
remote: Compressing objects:   1% (3/257)   [K
remote: Compressing objects:   2% (6/257)   [K
remote: Compressing objects:   3% (8/257)   [K
remote: Compressing objects:   4% (11/257)   [K
remote: Compressing objects:   5% (13/257)   [K
remote: Compressing objects:   6% (16/257)   [K
remote: Compressing objects:   7% (18/257)   [K
remote: Compressing objects:   8% (21/257)   [K
remote: Compressing objects:   9% (24/257)   [K
remote: Compressing objects:  10% (26/257)   [K
remote: Compressing objects:  11% (29/257)   [K
remote: Compressing objects:  12% (31/257)   [K
remote: Compressing objects:  13% (34/257)   [K
remote: Compressing objects:  14% (36/257)   [K
remote: Compressing objects:  15% (39/257)   [K
remote: Compressing objects:  16% (42/257)   [K
remote: Compressing objects:  17% (44/257)   [K
remote: Compressing objects:  18% (47/257)   [K
remote: Compressing objects:  19% (49/257)   [K
remote: Compressing objects:  20% (52/257)   [K
remote: Compressing objects:  21% (54/257)   [K
remote: Compressing objects:  22% (57/257)   [K
remote: Compressing objects:  23% (60/257)   [K
remote: Compressing objects:  24% (62/257)   [K
remote: Compressing objects:  25% (65/257)   [K
remote: Compressing objects:  26% (67/257)   [K
remote: Compressing objects:  27% (70/257)   [K
remote: Compressing objects:  28% (72/257)   [K
remote: Compressing objects:  29% (75/257)   [K
remote: Compressing objects:  30% (78/257)   [K
remote: Compressing objects:  31% (80/257)   [K
remote: Compressing objects:  32% (83/257)   [K
remote: Compressing objects:  33% (85/257)   [K
remote: Compressing objects:  34% (88/257)   [K
remote: Compressing objects:  35% (90/257)   [K
remote: Compressing objects:  36% (93/257)   [K
remote: Compressing objects:  37% (96/257)   [K
remote: Compressing objects:  38% (98/257)   [K
remote: Compressing objects:  39% (101/257)   [K
remote: Compressing objects:  40% (103/257)   [K
remote: Compressing objects:  41% (106/257)   [K
remote: Compressing objects:  42% (108/257)   [K
remote: Compressing objects:  43% (111/257)   [K
remote: Compressing objects:  44% (114/257)   [K
remote: Compressing objects:  45% (116/257)   [K
remote: Compressing objects:  46% (119/257)   [K
remote: Compressing objects:  47% (121/257)   [K
remote: Compressing objects:  48% (124/257)   [K
remote: Compressing objects:  49% (126/257)   [K
remote: Compressing objects:  50% (129/257)   [K
remote: Compressing objects:  51% (132/257)   [K
remote: Compressing objects:  52% (134/257)   [K
remote: Compressing objects:  53% (137/257)   [K
remote: Compressing objects:  54% (139/257)   [K
remote: Compressing objects:  55% (142/257)   [K
remote: Compressing objects:  56% (144/257)   [K
remote: Compressing objects:  57% (147/257)   [K
remote: Compressing objects:  58% (150/257)   [K
remote: Compressing objects:  59% (152/257)   [K
remote: Compressing objects:  60% (155/257)   [K
remote: Compressing objects:  61% (157/257)   [K
remote: Compressing objects:  62% (160/257)   [K
remote: Compressing objects:  63% (162/257)   [K
remote: Compressing objects:  64% (165/257)   [K
remote: Compressing objects:  65% (168/257)   [K
remote: Compressing objects:  66% (170/257)   [K
remote: Compressing objects:  67% (173/257)   [K
remote: Compressing objects:  68% (175/257)   [K
remote: Compressing objects:  69% (178/257)   [K
remote: Compressing objects:  70% (180/257)   [K
remote: Compressing objects:  71% (183/257)   [K
remote: Compressing objects:  72% (186/257)   [K
remote: Compressing objects:  73% (188/257)   [K
remote: Compressing objects:  74% (191/257)   [K
remote: Compressing objects:  75% (193/257)   [K
remote: Compressing objects:  76% (196/257)   [K
remote: Compressing objects:  77% (198/257)   [K
remote: Compressing objects:  78% (201/257)   [K
remote: Compressing objects:  79% (204/257)   [K
remote: Compressing objects:  80% (206/257)   [K
remote: Compressing objects:  81% (209/257)   [K
remote: Compressing objects:  82% (211/257)   [K
remote: Compressing objects:  83% (214/257)   [K
remote: Compressing objects:  84% (216/257)   [K
remote: Compressing objects:  85% (219/257)   [K
remote: Compressing objects:  86% (222/257)   [K
remote: Compressing objects:  87% (224/257)   [K
remote: Compressing objects:  88% (227/257)   [K
remote: Compressing objects:  89% (229/257)   [K
remote: Compressing objects:  90% (232/257)   [K
remote: Compressing objects:  91% (234/257)   [K
remote: Compressing objects:  92% (237/257)   [K
remote: Compressing objects:  93% (240/257)   [K
remote: Compressing objects:  94% (242/257)   [K
remote: Compressing objects:  95% (245/257)   [K
remote: Compressing objects:  96% (247/257)   [K
remote: Compressing objects:  97% (250/257)   [K
remote: Compressing objects:  98% (252/257)   [K
remote: Compressing objects:  99% (255/257)   [K
remote: Compressing objects: 100% (257/257)   [K
remote: Compressing objects: 100% (257/257), done.[K
Receiving objects:   0% (1/490)   
Receiving objects:   1% (5/490)   
Receiving objects:   2% (10/490)   
Receiving objects:   3% (15/490)   
Receiving objects:   4% (20/490)   
Receiving objects:   5% (25/490)   
Receiving objects:   6% (30/490)   
Receiving objects:   7% (35/490)   
Receiving objects:   8% (40/490)   
Receiving objects:   9% (45/490)   
Receiving objects:  10% (49/490)   
Receiving objects:  11% (54/490)   
Receiving objects:  12% (59/490)   
Receiving objects:  13% (64/490)   
Receiving objects:  14% (69/490)   
Receiving objects:  15% (74/490)   
Receiving objects:  16% (79/490)   
Receiving objects:  17% (84/490)   
Receiving objects:  18% (89/490)   
Receiving objects:  19% (94/490)   
Receiving objects:  20% (98/490)   
Receiving objects:  21% (103/490)   
Receiving objects:  22% (108/490)   
Receiving objects:  23% (113/490)   
Receiving objects:  24% (118/490)   
Receiving objects:  25% (123/490)   
Receiving objects:  26% (128/490)   
Receiving objects:  27% (133/490)   
Receiving objects:  28% (138/490)   
Receiving objects:  29% (143/490)   
Receiving objects:  30% (147/490)   
Receiving objects:  31% (152/490)   
Receiving objects:  32% (157/490)   
Receiving objects:  33% (162/490)   
Receiving objects:  34% (167/490)   
Receiving objects:  35% (172/490)   
Receiving objects:  36% (177/490)   
Receiving objects:  37% (182/490)   
Receiving objects:  38% (187/490)   
Receiving objects:  39% (192/490)   
Receiving objects:  40% (196/490)   
Receiving objects:  41% (201/490)   
Receiving objects:  42% (206/490)   
Receiving objects:  43% (211/490)   
Receiving objects:  44% (216/490)   
Receiving objects:  45% (221/490)   
Receiving objects:  46% (226/490)   
Receiving objects:  47% (231/490)   
Receiving objects:  48% (236/490)   
Receiving objects:  49% (241/490)   
Receiving objects:  50% (245/490)   
Receiving objects:  51% (250/490)   
Receiving objects:  52% (255/490)   
Receiving objects:  53% (260/490)   
Receiving objects:  54% (265/490)   
Receiving objects:  55% (270/490)   
Receiving objects:  56% (275/490)   
Receiving objects:  57% (280/490)   
Receiving objects:  58% (285/490)   
Receiving objects:  59% (290/490)   
Receiving objects:  60% (294/490)   
Receiving objects:  61% (299/490)   
Receiving objects:  62% (304/490)   
Receiving objects:  63% (309/490)   
Receiving objects:  64% (314/490)   
Receiving objects:  65% (319/490)   
Receiving objects:  66% (324/490)   
Receiving objects:  67% (329/490)   
Receiving objects:  68% (334/490)   
Receiving objects:  69% (339/490)   
Receiving objects:  70% (343/490)   
Receiving objects:  71% (348/490)   
Receiving objects:  72% (353/490)   
Receiving objects:  73% (358/490)   
Receiving objects:  74% (363/490)   
Receiving objects:  75% (368/490)   
Receiving objects:  76% (373/490)   
Receiving objects:  77% (378/490)   
Receiving objects:  78% (383/490)   
Receiving objects:  79% (388/490)   
Receiving objects:  80% (392/490)   
Receiving objects:  81% (397/490)   
Receiving objects:  82% (402/490)   
Receiving objects:  83% (407/490)   
Receiving objects:  84% (412/490)   
remote: Total 490 (delta 133), reused 425 (delta 104)[K
Receiving objects:  85% (417/490)   
Receiving objects:  86% (422/490)   
Receiving objects:  87% (427/490)   
Receiving objects:  88% (432/490)   
Receiving objects:  89% (437/490)   
Receiving objects:  90% (441/490)   
Receiving objects:  91% (446/490)   
Receiving objects:  92% (451/490)   
Receiving objects:  93% (456/490)   
Receiving objects:  94% (461/490)   
Receiving objects:  95% (466/490)   
Receiving objects:  96% (471/490)   
Receiving objects:  97% (476/490)   
Receiving objects:  98% (481/490)   
Receiving objects:  99% (486/490)   
Receiving objects: 100% (490/490)   
Receiving objects: 100% (490/490), 217.94 KiB | 0 bytes/s, done.
Resolving deltas:   0% (0/133)   
Resolving deltas:  14% (19/133)   
Resolving deltas:  15% (20/133)   
Resolving deltas:  23% (31/133)   
Resolving deltas:  24% (33/133)   
Resolving deltas:  28% (38/133)   
Resolving deltas:  29% (39/133)   
Resolving deltas:  32% (43/133)   
Resolving deltas:  34% (46/133)   
Resolving deltas:  35% (47/133)   
Resolving deltas:  36% (48/133)   
Resolving deltas:  50% (67/133)   
Resolving deltas:  56% (75/133)   
Resolving deltas:  57% (76/133)   
Resolving deltas:  58% (78/133)   
Resolving deltas:  59% (79/133)   
Resolving deltas:  60% (80/133)   
Resolving deltas:  61% (82/133)   
Resolving deltas:  66% (88/133)   
Resolving deltas:  87% (117/133)   
Resolving deltas: 100% (133/133)   
Resolving deltas: 100% (133/133), done.
Checking connectivity... done.
travis_time:end:0081d8e5:start=1422976209535151535,finish=1422976209738081866,duration=202930331
[0K$ cd puniverse/capsule
$ git checkout -qf 26dd5c12cddf668a3c314e6c93cf8d5089632113
travis_fold:end:git.checkout
[0K
[33;1mThis job is running on container-based infrastructure, which does not allow use of 'sudo', setuid and setguid executables.[0m
[33;1mSee http://docs.travis-ci.com/user/workers/container-based-infrastructure/ for details.[0m

[33;1mSetting environment variables from .travis.yml[0m
$ export TERM=dumb
$ export GH_OAUTH_TOKEN=[secure]

$ jdk_switcher use oraclejdk7
Switching to Oracle JDK7 (java-7-oracle), JAVA_HOME will be set to /usr/lib/jvm/java-7-oracle
$ export TERM=dumb
$ java -version
java version "1.7.0_72"
Java(TM) SE Runtime Environment (build 1.7.0_72-b14)
Java HotSpot(TM) 64-Bit Server VM (build 24.72-b04, mixed mode)
$ javac -version
javac 1.7.0_72
travis_fold:start:install
[0Ktravis_time:start:21607680
[0K$ gradle -q assemble
sonatype username or password not set
sonatype username or password not set
sonatype username or password not set
Note: /home/travis/build/puniverse/capsule/capsule/src/main/java/Capsule.java uses unchecked or unsafe operations.
Note: Recompile with -Xlint:unchecked for details.
Download https://repo1.maven.org/maven2/org/codehaus/javancss/javancss/33.54/javancss-33.54.pom
Download https://repo1.maven.org/maven2/javancss/ccl/29.50/ccl-29.50.pom
Download https://repo1.maven.org/maven2/javancss/jhbasic/29.50/jhbasic-29.50.pom
Download https://repo1.maven.org/maven2/org/codehaus/javancss/javancss/33.54/javancss-33.54.jar
Download https://repo1.maven.org/maven2/javancss/ccl/29.50/ccl-29.50.jar
Download https://repo1.maven.org/maven2/javancss/jhbasic/29.50/jhbasic-29.50.jar
[ant:javancss] Generating report
[ant:javancss] Nr.   Classes Functions      NCSS  Javadocs Package
[ant:javancss]   1         1       326      2490        91 .
[ant:javancss]     --------- --------- --------- ---------
[ant:javancss]             1       326      2490        91 Total
[ant:javancss] 
[ant:javancss]  Packages   Classes Functions      NCSS  Javadocs | per
[ant:javancss] -------------------------------------------------------------
[ant:javancss]      1.00      1.00    326.00   2490.00     91.00 | Project
[ant:javancss]                1.00    326.00   2490.00     91.00 | Package
[ant:javancss]                        326.00   2490.00     91.00 | Class
[ant:javancss]                                    7.64      0.28 | Function
/home/travis/build/puniverse/capsule/capsule-util/src/main/java/co/paralleluniverse/common/FlexibleClassLoader.java:79: warning: CompoundEnumeration is internal proprietary API and may be removed in a future release
        return new sun.misc.CompoundEnumeration<URL>(tmp);
                           ^
Note: /home/travis/build/puniverse/capsule/capsule-util/src/main/java/co/paralleluniverse/capsule/CapsuleLauncher.java uses unchecked or unsafe operations.
Note: Recompile with -Xlint:unchecked for details.
1 warning
[ant:javancss] Generating report
[ant:javancss] Nr.   Classes Functions      NCSS  Javadocs Package
[ant:javancss]   1         5        44       324        18 co.paralleluniverse.capsule.container
[ant:javancss]     --------- --------- --------- ---------
[ant:javancss]             5        44       324        18 Total
[ant:javancss] 
[ant:javancss]  Packages   Classes Functions      NCSS  Javadocs | per
[ant:javancss] -------------------------------------------------------------
[ant:javancss]      1.00      5.00     44.00    324.00     18.00 | Project
[ant:javancss]                5.00     44.00    324.00     18.00 | Package
[ant:javancss]                          8.80     64.80      3.60 | Class
[ant:javancss]                                    7.36      0.41 | Function
[ant:javancss] Generating report
[ant:javancss] Nr.   Classes Functions      NCSS  Javadocs Package
[ant:javancss]   1         4       108       589        73 co.paralleluniverse.capsule
[ant:javancss]   2         7        50       391         8 co.paralleluniverse.common
[ant:javancss]   3         2         9        50         0 co.paralleluniverse.filesystem
[ant:javancss]   4         1         0         3         0 co.paralleluniverse.filesystem.jimfs
[ant:javancss]     --------- --------- --------- ---------
[ant:javancss]            14       167      1033        81 Total
[ant:javancss] 
[ant:javancss]  Packages   Classes Functions      NCSS  Javadocs | per
[ant:javancss] -------------------------------------------------------------
[ant:javancss]      4.00     14.00    167.00   1033.00     81.00 | Project
[ant:javancss]                3.50     41.75    258.25     20.25 | Package
[ant:javancss]                         11.93     73.79      5.79 | Class
[ant:javancss]                                    6.19      0.49 | Function
travis_time:end:21607680:start=1422976213000723133,finish=1422976247754557055,duration=34753833922
[0Ktravis_fold:end:install
[0Ktravis_time:start:0a13aaea
[0K$ gradle -i check
Starting Build
Settings evaluated using settings file '/home/travis/build/puniverse/capsule/settings.gradle'.
Projects loaded. Root project using build file '/home/travis/build/puniverse/capsule/build.gradle'.
Included projects: [root project 'capsule', project ':capsule', project ':capsule-container', project ':capsule-util']
Evaluating root project 'capsule' using build file '/home/travis/build/puniverse/capsule/build.gradle'.
sonatype username or password not set
sonatype username or password not set
sonatype username or password not set
Evaluating project ':capsule' using empty build file.
Using PIT: 1.1.0
Evaluating project ':capsule-container' using empty build file.
Using PIT: 1.1.0
Evaluating project ':capsule-util' using empty build file.
Using PIT: 1.1.0
All projects evaluated.
Selected primary task 'check' from project :
Tasks to be executed: [task ':capsule:compileJava', task ':capsule:processResources', task ':capsule:classes', task ':capsule:jar', task ':capsule-util:compileJava', task ':capsule-util:processResources', task ':capsule-util:classes', task ':capsule-util:jar', task ':capsule:compileTestJava', task ':capsule:processTestResources', task ':capsule:testClasses', task ':capsule:test', task ':capsule:check', task ':capsule-container:compileJava', task ':capsule-container:processResources', task ':capsule-container:classes', task ':capsule-container:compileTestJava', task ':capsule-container:processTestResources', task ':capsule-container:testClasses', task ':capsule-container:test', task ':capsule-container:check', task ':capsule-util:compileTestJava', task ':capsule-util:processTestResources', task ':capsule-util:testClasses', task ':capsule-util:test', task ':capsule-util:check']
:capsule:compileJava (Thread[main,5,main]) started.
:capsule:compileJava
Skipping task ':capsule:compileJava' as it is up-to-date (took 0.062 secs).
:capsule:compileJava UP-TO-DATE
:capsule:compileJava (Thread[main,5,main]) completed. Took 0.127 secs.
:capsule:processResources (Thread[main,5,main]) started.
:capsule:processResources
Skipping task ':capsule:processResources' as it is up-to-date (took 0.01 secs).
:capsule:processResources UP-TO-DATE
:capsule:processResources (Thread[main,5,main]) completed. Took 0.018 secs.
:capsule:classes (Thread[main,5,main]) started.
:capsule:classes
Skipping task ':capsule:classes' as it has no actions.
:capsule:classes UP-TO-DATE
:capsule:classes (Thread[main,5,main]) completed. Took 0.002 secs.
:capsule:jar (Thread[main,5,main]) started.
:capsule:jar
Skipping task ':capsule:jar' as it is up-to-date (took 0.019 secs).
:capsule:jar UP-TO-DATE
:capsule:jar (Thread[main,5,main]) completed. Took 0.026 secs.
:capsule-util:compileJava (Thread[main,5,main]) started.
:capsule-util:compileJava
Skipping task ':capsule-util:compileJava' as it is up-to-date (took 0.044 secs).
:capsule-util:compileJava UP-TO-DATE
:capsule-util:compileJava (Thread[main,5,main]) completed. Took 0.052 secs.
:capsule-util:processResources (Thread[main,5,main]) started.
:capsule-util:processResources
Skipping task ':capsule-util:processResources' as it has no source files.
:capsule-util:processResources UP-TO-DATE
:capsule-util:processResources (Thread[main,5,main]) completed. Took 0.002 secs.
:capsule-util:classes (Thread[main,5,main]) started.
:capsule-util:classes
Skipping task ':capsule-util:classes' as it has no actions.
:capsule-util:classes UP-TO-DATE
:capsule-util:classes (Thread[main,5,main]) completed. Took 0.001 secs.
:capsule-util:jar (Thread[main,5,main]) started.
:capsule-util:jar
Skipping task ':capsule-util:jar' as it is up-to-date (took 0.014 secs).
:capsule-util:jar UP-TO-DATE
:capsule-util:jar (Thread[main,5,main]) completed. Took 0.019 secs.
:capsule:compileTestJava (Thread[main,5,main]) started.
:capsule:compileTestJava
Download https://repo1.maven.org/maven2/junit/junit/4.12/junit-4.12.pom
Download https://repo1.maven.org/maven2/com/google/guava/guava/18.0/guava-18.0.pom
Download https://repo1.maven.org/maven2/com/google/guava/guava-parent/18.0/guava-parent-18.0.pom
Download https://repo1.maven.org/maven2/org/truth0/truth/0.23/truth-0.23.pom
Download https://repo1.maven.org/maven2/org/truth0/truth-parent/0.23/truth-parent-0.23.pom
org.truth0#truth-parent;0.23 is relocated to com.google.truth#truth-parent;0.23. Please update your dependencies.
org.truth0#truth-parent;0.23 is relocated to com.google.truth#truth-parent;0.23. Please update your dependencies.
org.truth0#truth;0.23 is relocated to com.google.truth#truth;0.23. Please update your dependencies.
Download https://repo1.maven.org/maven2/org/mockito/mockito-all/1.10.19/mockito-all-1.10.19.pom
Download https://repo1.maven.org/maven2/com/google/jimfs/jimfs/1.0/jimfs-1.0.pom
Download https://repo1.maven.org/maven2/com/google/jimfs/jimfs-parent/1.0/jimfs-parent-1.0.pom
Download https://repo1.maven.org/maven2/org/jooq/joor/0.9.4/joor-0.9.4.pom
Download https://repo1.maven.org/maven2/org/hamcrest/hamcrest-core/1.3/hamcrest-core-1.3.pom
Download https://repo1.maven.org/maven2/org/hamcrest/hamcrest-parent/1.3/hamcrest-parent-1.3.pom
Download https://repo1.maven.org/maven2/com/google/truth/truth/0.23/truth-0.23.pom
Download https://repo1.maven.org/maven2/com/google/truth/truth-parent/0.23/truth-parent-0.23.pom
Download https://repo1.maven.org/maven2/junit/junit/4.12/junit-4.12.jar
Download https://repo1.maven.org/maven2/com/google/guava/guava/18.0/guava-18.0.jar
Download https://repo1.maven.org/maven2/org/truth0/truth/0.23/truth-0.23.jar
Download https://repo1.maven.org/maven2/org/mockito/mockito-all/1.10.19/mockito-all-1.10.19.jar
Download https://repo1.maven.org/maven2/com/google/jimfs/jimfs/1.0/jimfs-1.0.jar
Download https://repo1.maven.org/maven2/org/jooq/joor/0.9.4/joor-0.9.4.jar
Download https://repo1.maven.org/maven2/org/hamcrest/hamcrest-core/1.3/hamcrest-core-1.3.jar
Download https://repo1.maven.org/maven2/com/google/truth/truth/0.23/truth-0.23.jar
Executing task ':capsule:compileTestJava' (up-to-date check took 6.357 secs) due to:
  No history is available.
All input files are considered out-of-date for incremental task ':capsule:compileTestJava'.
Compiling with JDK Java compiler API.
Note: /home/travis/build/puniverse/capsule/capsule/src/test/java/TestCapsule.java uses or overrides a deprecated API.
Note: Recompile with -Xlint:deprecation for details.
Note: /home/travis/build/puniverse/capsule/capsule/src/test/java/TestCapsule.java uses unchecked or unsafe operations.
Note: Recompile with -Xlint:unchecked for details.
:capsule:compileTestJava (Thread[main,5,main]) completed. Took 8.96 secs.
:capsule:processTestResources (Thread[main,5,main]) started.
:capsule:processTestResources
Skipping task ':capsule:processTestResources' as it has no source files.
:capsule:processTestResources UP-TO-DATE
:capsule:processTestResources (Thread[main,5,main]) completed. Took 0.001 secs.
:capsule:testClasses (Thread[main,5,main]) started.
:capsule:testClasses
Skipping task ':capsule:testClasses' as it has no actions.
:capsule:testClasses (Thread[main,5,main]) completed. Took 0.0 secs.
:capsule:test (Thread[main,5,main]) started.
:capsule:test
Executing task ':capsule:test' (up-to-date check took 0.213 secs) due to:
  No history is available.
Download https://repo1.maven.org/maven2/org/jacoco/org.jacoco.agent/0.7.1.201405082137/org.jacoco.agent-0.7.1.201405082137.pom
Download https://repo1.maven.org/maven2/org/jacoco/org.jacoco.build/0.7.1.201405082137/org.jacoco.build-0.7.1.201405082137.pom
Download https://repo1.maven.org/maven2/org/jacoco/org.jacoco.agent/0.7.1.201405082137/org.jacoco.agent-0.7.1.201405082137.jar
[ant:null] Building jar: /home/travis/.gradle/caches/2.2.1/workerMain/gradle-worker.jar
Starting process 'Gradle Test Executor 1'. Working directory: /home/travis/build/puniverse/capsule/capsule Command: /usr/lib/jvm/java-7-oracle/bin/java -Djava.protocol.handler.pkgs=co.paralleluniverse.filesystem -Djava.security.manager=jarjar.org.gradle.process.internal.child.BootstrapSecurityManager -javaagent:build/tmp/expandedArchives/org.jacoco.agent-0.7.1.201405082137.jar_4oo2qgb84bu19pqprc168emt5/jacocoagent.jar=destfile=build/jacoco/test.exec,append=true,dumponexit=true,output=file,jmx=false -Dfile.encoding=UTF-8 -Duser.country=US -Duser.language=en -Duser.variant -ea -cp /home/travis/.gradle/caches/2.2.1/workerMain/gradle-worker.jar jarjar.org.gradle.process.internal.launcher.GradleWorkerMain 'Gradle Test Executor 1'
Successfully started process 'Gradle Test Executor 1'
Gradle Test Executor 1 started executing tests.
Running test: test testCapsuleJavaHome(CapsuleTest)
Running test: test testWrapperCapsuleNoMain(CapsuleTest)
Failed test testWrapperCapsuleNoMain [CapsuleTest] with exception: java.lang.Exception: Unexpected exception, expected<java.lang.IllegalArgumentException> but was<java.lang.RuntimeException>
java.lang.Exception: Unexpected exception, expected<java.lang.IllegalArgumentException> but was<java.lang.RuntimeException>
    at org.junit.internal.runners.statements.ExpectException.evaluate(ExpectException.java:28)
    at org.junit.internal.runners.statements.RunBefores.evaluate(RunBefores.java:26)
    at org.junit.internal.runners.statements.RunAfters.evaluate(RunAfters.java:27)
    at org.junit.runners.ParentRunner.runLeaf(ParentRunner.java:325)
    at org.junit.runners.BlockJUnit4ClassRunner.runChild(BlockJUnit4ClassRunner.java:78)
    at org.junit.runners.BlockJUnit4ClassRunner.runChild(BlockJUnit4ClassRunner.java:57)
    at org.junit.runners.ParentRunner$3.run(ParentRunner.java:290)
    at org.junit.runners.ParentRunner$1.schedule(ParentRunner.java:71)
    at org.junit.runners.ParentRunner.runChildren(ParentRunner.java:288)
    at org.junit.runners.ParentRunner.access$000(ParentRunner.java:58)
    at org.junit.runners.ParentRunner$2.evaluate(ParentRunner.java:268)
    at org.junit.runners.ParentRunner.run(ParentRunner.java:363)
    at org.gradle.api.internal.tasks.testing.junit.JUnitTestClassExecuter.runTestClass(JUnitTestClassExecuter.java:86)
    at org.gradle.api.internal.tasks.testing.junit.JUnitTestClassExecuter.execute(JUnitTestClassExecuter.java:49)
    at org.gradle.api.internal.tasks.testing.junit.JUnitTestClassProcessor.processTestClass(JUnitTestClassProcessor.java:69)
    at org.gradle.api.internal.tasks.testing.SuiteTestClassProcessor.processTestClass(SuiteTestClassProcessor.java:48)
    at sun.reflect.NativeMethodAccessorImpl.invoke0(Native Method)
    at sun.reflect.NativeMethodAccessorImpl.invoke(NativeMethodAccessorImpl.java:57)
    at sun.reflect.DelegatingMethodAccessorImpl.invoke(DelegatingMethodAccessorImpl.java:43)
    at java.lang.reflect.Method.invoke(Method.java:606)
    at org.gradle.messaging.dispatch.ReflectionDispatch.dispatch(ReflectionDispatch.java:35)
    at org.gradle.messaging.dispatch.ReflectionDispatch.dispatch(ReflectionDispatch.java:24)
    at org.gradle.messaging.dispatch.ContextClassLoaderDispatch.dispatch(ContextClassLoaderDispatch.java:32)
    at org.gradle.messaging.dispatch.ProxyDispatchAdapter$DispatchingInvocationHandler.invoke(ProxyDispatchAdapter.java:93)
    at com.sun.proxy.$Proxy2.processTestClass(Unknown Source)
    at org.gradle.api.internal.tasks.testing.worker.TestWorker.processTestClass(TestWorker.java:105)
    at sun.reflect.NativeMethodAccessorImpl.invoke0(Native Method)
    at sun.reflect.NativeMethodAccessorImpl.invoke(NativeMethodAccessorImpl.java:57)
    at sun.reflect.DelegatingMethodAccessorImpl.invoke(DelegatingMethodAccessorImpl.java:43)
    at java.lang.reflect.Method.invoke(Method.java:606)
    at org.gradle.messaging.dispatch.ReflectionDispatch.dispatch(ReflectionDispatch.java:35)
    at org.gradle.messaging.dispatch.ReflectionDispatch.dispatch(ReflectionDispatch.java:24)
    at org.gradle.messaging.remote.internal.hub.MessageHub$Handler.run(MessageHub.java:360)
    at org.gradle.internal.concurrent.DefaultExecutorFactory$StoppableExecutorImpl$1.run(DefaultExecutorFactory.java:64)
    at java.util.concurrent.ThreadPoolExecutor.runWorker(ThreadPoolExecutor.java:1145)
    at java.util.concurrent.ThreadPoolExecutor$Worker.run(ThreadPoolExecutor.java:615)
    at java.lang.Thread.run(Thread.java:745)
Caused by: java.lang.RuntimeException: java.lang.IllegalArgumentException: Capsule jar /work/capsule.jar must either have the Application-Name manifest attribute, or the Application-Class attribute.
    at CapsuleTest.newCapsule(CapsuleTest.java:1178)
    at CapsuleTest.testWrapperCapsuleNoMain(CapsuleTest.java:978)
    at sun.reflect.NativeMethodAccessorImpl.invoke0(Native Method)
    at sun.reflect.NativeMethodAccessorImpl.invoke(NativeMethodAccessorImpl.java:57)
    at sun.reflect.DelegatingMethodAccessorImpl.invoke(DelegatingMethodAccessorImpl.java:43)
    at java.lang.reflect.Method.invoke(Method.java:606)
    at org.junit.runners.model.FrameworkMethod$1.runReflectiveCall(FrameworkMethod.java:50)
    at org.junit.internal.runners.model.ReflectiveCallable.run(ReflectiveCallable.java:12)
    at org.junit.runners.model.FrameworkMethod.invokeExplosively(FrameworkMethod.java:47)
    at org.junit.internal.runners.statements.InvokeMethod.evaluate(InvokeMethod.java:17)
    at org.junit.internal.runners.statements.ExpectException.evaluate(ExpectException.java:19)
    ... 36 more
Caused by: java.lang.IllegalArgumentException: Capsule jar /work/capsule.jar must either have the Application-Name manifest attribute, or the Application-Class attribute.
    at Capsule.buildAppId0(Capsule.java:1377)
    at Capsule.buildAppId(Capsule.java:1350)
    at MyCapsule.buildAppId(MyCapsule.java:79)
    at Capsule.initAppId(Capsule.java:709)
    at Capsule.<init>(Capsule.java:588)
    at TestCapsule.<init>(TestCapsule.java:27)
    at MyCapsule.<init>(MyCapsule.java:19)
    at sun.reflect.NativeConstructorAccessorImpl.newInstance0(Native Method)
    at sun.reflect.NativeConstructorAccessorImpl.newInstance(NativeConstructorAccessorImpl.java:57)
    at sun.reflect.DelegatingConstructorAccessorImpl.newInstance(DelegatingConstructorAccessorImpl.java:45)
    at java.lang.reflect.Constructor.newInstance(Constructor.java:526)
    at CapsuleTest.newCapsule(CapsuleTest.java:1176)
    ... 46 more

CapsuleTest > testWrapperCapsuleNoMain FAILED
    java.lang.Exception: Unexpected exception, expected<java.lang.IllegalArgumentException> but was<java.lang.RuntimeException>

        Caused by:
        java.lang.RuntimeException: java.lang.IllegalArgumentException: Capsule jar /work/capsule.jar must either have the Application-Name manifest attribute, or the Application-Class attribute.
            at CapsuleTest.newCapsule(CapsuleTest.java:1178)
            at CapsuleTest.testWrapperCapsuleNoMain(CapsuleTest.java:978)

            Caused by:
            java.lang.IllegalArgumentException: Capsule jar /work/capsule.jar must either have the Application-Name manifest attribute, or the Application-Class attribute.
                at Capsule.buildAppId0(Capsule.java:1377)
                at Capsule.buildAppId(Capsule.java:1350)
                at MyCapsule.buildAppId(MyCapsule.java:79)
                at Capsule.initAppId(Capsule.java:709)
                at Capsule.<init>(Capsule.java:588)
                at TestCapsule.<init>(TestCapsule.java:27)
                at MyCapsule.<init>(MyCapsule.java:19)
                at sun.reflect.NativeConstructorAccessorImpl.newInstance0(Native Method)
                at sun.reflect.NativeConstructorAccessorImpl.newInstance(NativeConstructorAccessorImpl.java:57)
                at sun.reflect.DelegatingConstructorAccessorImpl.newInstance(DelegatingConstructorAccessorImpl.java:45)
                at java.lang.reflect.Constructor.newInstance(Constructor.java:526)
                at CapsuleTest.newCapsule(CapsuleTest.java:1176)
                ... 1 more
Running test: test testLogLevel(CapsuleTest)

CapsuleTest > testLogLevel STANDARD_ERROR
    CAPSULE: Jar: capsule.jar
    CAPSULE: Platform: linux
    CAPSULE: Jar: capsule.jar
    CAPSULE: Platform: linux
    CAPSULE: Jar: capsule.jar
    CAPSULE: Platform: linux
Running test: test testSimpleExtract(CapsuleTest)
Running test: test testNatives1(CapsuleTest)
Running test: test testNatives2(CapsuleTest)
Running test: test testBootClassPathWithEmbeddedDeps(CapsuleTest)
Running test: test testMode2(CapsuleTest)
Running test: test testGlob(CapsuleTest)
Running test: test testMode(CapsuleTest)
Running test: test testExpandVars1(CapsuleTest)
Running test: test testExpandVars2(CapsuleTest)
Running test: test testEmbeddedArtifact(CapsuleTest)
Running test: test testSystemProperties(CapsuleTest)
Running test: test testBootClassPath1(CapsuleTest)
Running test: test testBootClassPath2(CapsuleTest)
Running test: test testNativesWithDeps(CapsuleTest)
Running test: test testCustomCapsule(CapsuleTest)
Running test: test testCompareVersions(CapsuleTest)
Running test: test testCapsuleJavaCmd(CapsuleTest)
Running test: test testPlatformSepcific(CapsuleTest)
Running test: test testListDir(CapsuleTest)
Running test: test testExpandArgs(CapsuleTest)
Running test: test testNoExtract(CapsuleTest)
Running test: test testShortJavaVersion(CapsuleTest)
Running test: test testBootClassPathWithDeps(CapsuleTest)
Running test: test testCapsuleInClassPath(CapsuleTest)
Running test: test testJDKClassPath(CapsuleTest)

CapsuleTest > testJDKClassPath SKIPPED
Running test: test testParseJavaVersion(CapsuleTest)
Running test: test testReallyExecutableCapsule(CapsuleTest)
Running test: test testDependencies1(CapsuleTest)
Running test: test splitTest(CapsuleTest)
Running test: test testWrapperCapsule(CapsuleTest)
Failed test testWrapperCapsule [CapsuleTest] with exception: java.lang.RuntimeException: java.lang.IllegalArgumentException: Capsule jar /work/capsule.jar must either have the Application-Name manifest attribute, or the Application-Class attribute.
java.lang.RuntimeException: java.lang.IllegalArgumentException: Capsule jar /work/capsule.jar must either have the Application-Name manifest attribute, or the Application-Class attribute.
    at CapsuleTest.newCapsule(CapsuleTest.java:1178)
    at CapsuleTest.testWrapperCapsule(CapsuleTest.java:875)
    at sun.reflect.NativeMethodAccessorImpl.invoke0(Native Method)
    at sun.reflect.NativeMethodAccessorImpl.invoke(NativeMethodAccessorImpl.java:57)
    at sun.reflect.DelegatingMethodAccessorImpl.invoke(DelegatingMethodAccessorImpl.java:43)
    at java.lang.reflect.Method.invoke(Method.java:606)
    at org.junit.runners.model.FrameworkMethod$1.runReflectiveCall(FrameworkMethod.java:50)
    at org.junit.internal.runners.model.ReflectiveCallable.run(ReflectiveCallable.java:12)
    at org.junit.runners.model.FrameworkMethod.invokeExplosively(FrameworkMethod.java:47)
    at org.junit.internal.runners.statements.InvokeMethod.evaluate(InvokeMethod.java:17)
    at org.junit.internal.runners.statements.RunBefores.evaluate(RunBefores.java:26)
    at org.junit.internal.runners.statements.RunAfters.evaluate(RunAfters.java:27)
    at org.junit.runners.ParentRunner.runLeaf(ParentRunner.java:325)
    at org.junit.runners.BlockJUnit4ClassRunner.runChild(BlockJUnit4ClassRunner.java:78)
    at org.junit.runners.BlockJUnit4ClassRunner.runChild(BlockJUnit4ClassRunner.java:57)
    at org.junit.runners.ParentRunner$3.run(ParentRunner.java:290)
    at org.junit.runners.ParentRunner$1.schedule(ParentRunner.java:71)
    at org.junit.runners.ParentRunner.runChildren(ParentRunner.java:288)
    at org.junit.runners.ParentRunner.access$000(ParentRunner.java:58)
    at org.junit.runners.ParentRunner$2.evaluate(ParentRunner.java:268)
    at org.junit.runners.ParentRunner.run(ParentRunner.java:363)
    at org.gradle.api.internal.tasks.testing.junit.JUnitTestClassExecuter.runTestClass(JUnitTestClassExecuter.java:86)
    at org.gradle.api.internal.tasks.testing.junit.JUnitTestClassExecuter.execute(JUnitTestClassExecuter.java:49)
    at org.gradle.api.internal.tasks.testing.junit.JUnitTestClassProcessor.processTestClass(JUnitTestClassProcessor.java:69)
    at org.gradle.api.internal.tasks.testing.SuiteTestClassProcessor.processTestClass(SuiteTestClassProcessor.java:48)
    at sun.reflect.NativeMethodAccessorImpl.invoke0(Native Method)
    at sun.reflect.NativeMethodAccessorImpl.invoke(NativeMethodAccessorImpl.java:57)
    at sun.reflect.DelegatingMethodAccessorImpl.invoke(DelegatingMethodAccessorImpl.java:43)
    at java.lang.reflect.Method.invoke(Method.java:606)
    at org.gradle.messaging.dispatch.ReflectionDispatch.dispatch(ReflectionDispatch.java:35)
    at org.gradle.messaging.dispatch.ReflectionDispatch.dispatch(ReflectionDispatch.java:24)
    at org.gradle.messaging.dispatch.ContextClassLoaderDispatch.dispatch(ContextClassLoaderDispatch.java:32)
    at org.gradle.messaging.dispatch.ProxyDispatchAdapter$DispatchingInvocationHandler.invoke(ProxyDispatchAdapter.java:93)
    at com.sun.proxy.$Proxy2.processTestClass(Unknown Source)
    at org.gradle.api.internal.tasks.testing.worker.TestWorker.processTestClass(TestWorker.java:105)
    at sun.reflect.NativeMethodAccessorImpl.invoke0(Native Method)
    at sun.reflect.NativeMethodAccessorImpl.invoke(NativeMethodAccessorImpl.java:57)
    at sun.reflect.DelegatingMethodAccessorImpl.invoke(DelegatingMethodAccessorImpl.java:43)
    at java.lang.reflect.Method.invoke(Method.java:606)
    at org.gradle.messaging.dispatch.ReflectionDispatch.dispatch(ReflectionDispatch.java:35)
    at org.gradle.messaging.dispatch.ReflectionDispatch.dispatch(ReflectionDispatch.java:24)
    at org.gradle.messaging.remote.internal.hub.MessageHub$Handler.run(MessageHub.java:360)
    at org.gradle.internal.concurrent.DefaultExecutorFactory$StoppableExecutorImpl$1.run(DefaultExecutorFactory.java:64)
    at java.util.concurrent.ThreadPoolExecutor.runWorker(ThreadPoolExecutor.java:1145)
    at java.util.concurrent.ThreadPoolExecutor$Worker.run(ThreadPoolExecutor.java:615)
    at java.lang.Thread.run(Thread.java:745)
Caused by: java.lang.IllegalArgumentException: Capsule jar /work/capsule.jar must either have the Application-Name manifest attribute, or the Application-Class attribute.
    at Capsule.buildAppId0(Capsule.java:1377)
    at Capsule.buildAppId(Capsule.java:1350)
    at Capsule.initAppId(Capsule.java:709)
    at Capsule.<init>(Capsule.java:588)
    at TestCapsule.<init>(TestCapsule.java:27)
    at sun.reflect.GeneratedConstructorAccessor2.newInstance(Unknown Source)
    at sun.reflect.DelegatingConstructorAccessorImpl.newInstance(DelegatingConstructorAccessorImpl.java:45)
    at java.lang.reflect.Constructor.newInstance(Constructor.java:526)
    at CapsuleTest.newCapsule(CapsuleTest.java:1176)
    ... 45 more

CapsuleTest > testWrapperCapsule FAILED
    java.lang.RuntimeException: java.lang.IllegalArgumentException: Capsule jar /work/capsule.jar must either have the Application-Name manifest attribute, or the Application-Class attribute.
        at CapsuleTest.newCapsule(CapsuleTest.java:1178)
        at CapsuleTest.testWrapperCapsule(CapsuleTest.java:875)

        Caused by:
        java.lang.IllegalArgumentException: Capsule jar /work/capsule.jar must either have the Application-Name manifest attribute, or the Application-Class attribute.
            at Capsule.buildAppId0(Capsule.java:1377)
            at Capsule.buildAppId(Capsule.java:1350)
            at Capsule.initAppId(Capsule.java:709)
            at Capsule.<init>(Capsule.java:588)
            at TestCapsule.<init>(TestCapsule.java:27)
            at sun.reflect.GeneratedConstructorAccessor2.newInstance(Unknown Source)
            at sun.reflect.DelegatingConstructorAccessorImpl.newInstance(DelegatingConstructorAccessorImpl.java:45)
            at java.lang.reflect.Constructor.newInstance(Constructor.java:526)
            at CapsuleTest.newCapsule(CapsuleTest.java:1176)
            ... 1 more
Running test: test testClassPath(CapsuleTest)
Running test: test testPathingJar(CapsuleTest)
Running test: test testWrapperCapsuleNonCapsuleApp(CapsuleTest)
Failed test testWrapperCapsuleNonCapsuleApp [CapsuleTest] with exception: java.lang.RuntimeException: java.lang.IllegalArgumentException: Capsule jar /work/capsule.jar must either have the Application-Name manifest attribute, or the Application-Class attribute.
java.lang.RuntimeException: java.lang.IllegalArgumentException: Capsule jar /work/capsule.jar must either have the Application-Name manifest attribute, or the Application-Class attribute.
    at CapsuleTest.newCapsule(CapsuleTest.java:1178)
    at CapsuleTest.testWrapperCapsuleNonCapsuleApp(CapsuleTest.java:933)
    at sun.reflect.NativeMethodAccessorImpl.invoke0(Native Method)
    at sun.reflect.NativeMethodAccessorImpl.invoke(NativeMethodAccessorImpl.java:57)
    at sun.reflect.DelegatingMethodAccessorImpl.invoke(DelegatingMethodAccessorImpl.java:43)
    at java.lang.reflect.Method.invoke(Method.java:606)
    at org.junit.runners.model.FrameworkMethod$1.runReflectiveCall(FrameworkMethod.java:50)
    at org.junit.internal.runners.model.ReflectiveCallable.run(ReflectiveCallable.java:12)
    at org.junit.runners.model.FrameworkMethod.invokeExplosively(FrameworkMethod.java:47)
    at org.junit.internal.runners.statements.InvokeMethod.evaluate(InvokeMethod.java:17)
    at org.junit.internal.runners.statements.RunBefores.evaluate(RunBefores.java:26)
    at org.junit.internal.runners.statements.RunAfters.evaluate(RunAfters.java:27)
    at org.junit.runners.ParentRunner.runLeaf(ParentRunner.java:325)
    at org.junit.runners.BlockJUnit4ClassRunner.runChild(BlockJUnit4ClassRunner.java:78)
    at org.junit.runners.BlockJUnit4ClassRunner.runChild(BlockJUnit4ClassRunner.java:57)
    at org.junit.runners.ParentRunner$3.run(ParentRunner.java:290)
    at org.junit.runners.ParentRunner$1.schedule(ParentRunner.java:71)
    at org.junit.runners.ParentRunner.runChildren(ParentRunner.java:288)
    at org.junit.runners.ParentRunner.access$000(ParentRunner.java:58)
    at org.junit.runners.ParentRunner$2.evaluate(ParentRunner.java:268)
    at org.junit.runners.ParentRunner.run(ParentRunner.java:363)
    at org.gradle.api.internal.tasks.testing.junit.JUnitTestClassExecuter.runTestClass(JUnitTestClassExecuter.java:86)
    at org.gradle.api.internal.tasks.testing.junit.JUnitTestClassExecuter.execute(JUnitTestClassExecuter.java:49)
    at org.gradle.api.internal.tasks.testing.junit.JUnitTestClassProcessor.processTestClass(JUnitTestClassProcessor.java:69)
    at org.gradle.api.internal.tasks.testing.SuiteTestClassProcessor.processTestClass(SuiteTestClassProcessor.java:48)
    at sun.reflect.NativeMethodAccessorImpl.invoke0(Native Method)
    at sun.reflect.NativeMethodAccessorImpl.invoke(NativeMethodAccessorImpl.java:57)
    at sun.reflect.DelegatingMethodAccessorImpl.invoke(DelegatingMethodAccessorImpl.java:43)
    at java.lang.reflect.Method.invoke(Method.java:606)
    at org.gradle.messaging.dispatch.ReflectionDispatch.dispatch(ReflectionDispatch.java:35)
    at org.gradle.messaging.dispatch.ReflectionDispatch.dispatch(ReflectionDispatch.java:24)
    at org.gradle.messaging.dispatch.ContextClassLoaderDispatch.dispatch(ContextClassLoaderDispatch.java:32)
    at org.gradle.messaging.dispatch.ProxyDispatchAdapter$DispatchingInvocationHandler.invoke(ProxyDispatchAdapter.java:93)
    at com.sun.proxy.$Proxy2.processTestClass(Unknown Source)
    at org.gradle.api.internal.tasks.testing.worker.TestWorker.processTestClass(TestWorker.java:105)
    at sun.reflect.NativeMethodAccessorImpl.invoke0(Native Method)
    at sun.reflect.NativeMethodAccessorImpl.invoke(NativeMethodAccessorImpl.java:57)
    at sun.reflect.DelegatingMethodAccessorImpl.invoke(DelegatingMethodAccessorImpl.java:43)
    at java.lang.reflect.Method.invoke(Method.java:606)
    at org.gradle.messaging.dispatch.ReflectionDispatch.dispatch(ReflectionDispatch.java:35)
    at org.gradle.messaging.dispatch.ReflectionDispatch.dispatch(ReflectionDispatch.java:24)
    at org.gradle.messaging.remote.internal.hub.MessageHub$Handler.run(MessageHub.java:360)
    at org.gradle.internal.concurrent.DefaultExecutorFactory$StoppableExecutorImpl$1.run(DefaultExecutorFactory.java:64)
    at java.util.concurrent.ThreadPoolExecutor.runWorker(ThreadPoolExecutor.java:1145)
    at java.util.concurrent.ThreadPoolExecutor$Worker.run(ThreadPoolExecutor.java:615)
    at java.lang.Thread.run(Thread.java:745)
Caused by: java.lang.IllegalArgumentException: Capsule jar /work/capsule.jar must either have the Application-Name manifest attribute, or the Application-Class attribute.
    at Capsule.buildAppId0(Capsule.java:1377)
    at Capsule.buildAppId(Capsule.java:1350)
    at MyCapsule.buildAppId(MyCapsule.java:79)
    at Capsule.initAppId(Capsule.java:709)
    at Capsule.<init>(Capsule.java:588)
    at TestCapsule.<init>(TestCapsule.java:27)
    at MyCapsule.<init>(MyCapsule.java:19)
    at sun.reflect.NativeConstructorAccessorImpl.newInstance0(Native Method)
    at sun.reflect.NativeConstructorAccessorImpl.newInstance(NativeConstructorAccessorImpl.java:57)
    at sun.reflect.DelegatingConstructorAccessorImpl.newInstance(DelegatingConstructorAccessorImpl.java:45)
    at java.lang.reflect.Constructor.newInstance(Constructor.java:526)
    at CapsuleTest.newCapsule(CapsuleTest.java:1176)
    ... 45 more

CapsuleTest > testWrapperCapsuleNonCapsuleApp FAILED
    java.lang.RuntimeException: java.lang.IllegalArgumentException: Capsule jar /work/capsule.jar must either have the Application-Name manifest attribute, or the Application-Class attribute.
        at CapsuleTest.newCapsule(CapsuleTest.java:1178)
        at CapsuleTest.testWrapperCapsuleNonCapsuleApp(CapsuleTest.java:933)

        Caused by:
        java.lang.IllegalArgumentException: Capsule jar /work/capsule.jar must either have the Application-Name manifest attribute, or the Application-Class attribute.
            at Capsule.buildAppId0(Capsule.java:1377)
            at Capsule.buildAppId(Capsule.java:1350)
            at MyCapsule.buildAppId(MyCapsule.java:79)
            at Capsule.initAppId(Capsule.java:709)
            at Capsule.<init>(Capsule.java:588)
            at TestCapsule.<init>(TestCapsule.java:27)
            at MyCapsule.<init>(MyCapsule.java:19)
            at sun.reflect.NativeConstructorAccessorImpl.newInstance0(Native Method)
            at sun.reflect.NativeConstructorAccessorImpl.newInstance(NativeConstructorAccessorImpl.java:57)
            at sun.reflect.DelegatingConstructorAccessorImpl.newInstance(DelegatingConstructorAccessorImpl.java:45)
            at java.lang.reflect.Constructor.newInstance(Constructor.java:526)
            at CapsuleTest.newCapsule(CapsuleTest.java:1176)
            ... 1 more
Running test: test testAgents(CapsuleTest)
Running test: test testDelete(CapsuleTest)
Running test: test testScript(CapsuleTest)
Running test: test testJVMArgs(CapsuleTest)
Running test: test isJavaDir(CapsuleTest)
Running test: test testApplicationArtifact(CapsuleTest)
Gradle Test Executor 1 finished executing tests.

42 tests completed, 3 failed, 1 skipped
Finished generating test XML results (0.029 secs) into: /home/travis/build/puniverse/capsule/capsule/build/test-results
Generating HTML test report...
Finished generating test html results (0.96 secs) into: /home/travis/build/puniverse/capsule/capsule/build/reports/tests
:capsule:test FAILED
:capsule:test (Thread[main,5,main]) completed. Took 7.913 secs.

FAILURE: Build failed with an exception.

* What went wrong:
Execution failed for task ':capsule:test'.
> There were failing tests. See the report at: file:///home/travis/build/puniverse/capsule/capsule/build/reports/tests/index.html

* Try:
Run with --stacktrace option to get the stack trace. Run with --debug option to get more log output.

BUILD FAILED

Total time: 24.584 secs
Stopped 0 compiler daemon(s).
travis_time:end:0a13aaea:start=1422976247758724571,finish=1422976272735875998,duration=24977151427
[0K
[31;1mThe command "gradle -i check" exited with 1.[0m

Done. Your build exited with 1.