travis_fold:start:worker_info
[0K[33;1mWorker information[0m
hostname: dc32b86a-5181-4f12-8997-930296d6226d@1.worker-org-5dcc948c89-5wdgn.gce-production-2
version: v6.2.1 https://github.com/travis-ci/worker/tree/4e3246c044eb4915c2378ffacd0b3d3ed0136bba
instance: travis-job-2f5a0970-c385-4039-b671-288a248e81e9 travis-ci-sardonyx-xenial-1565528588-0c06deb6 (via amqp)
startup: 18.088470752s
travis_fold:end:worker_info
[0Ktravis_time:start:08bb0e10
[0Ktravis_time:end:08bb0e10:start=1567690734996145864,finish=1567690735204034061,duration=207888197,event=no_world_writable_dirs
[0Ktravis_time:start:0ea6a5a5
[0Ktravis_time:end:0ea6a5a5:start=1567690735207993121,finish=1567690735212294398,duration=4301277,event=setup_filter
[0Ktravis_time:start:329e1e52
[0Ktravis_time:end:329e1e52:start=1567690735218481553,finish=1567690735221867981,duration=3386428,event=check_unsupported
[0Ktravis_time:start:01618578
[0Ktravis_fold:start:system_info
[0K[33;1mBuild system information[0m
Build language: java
Build group: stable
Build dist: xenial
Build id: 581212464
Job id: 581212465
Runtime kernel version: 4.15.0-1037-gcp
travis-build version: 57a449d19
[34m[1mBuild image provisioning date and time[0m
Sun Aug 11 13:28:49 UTC 2019
[34m[1mOperating System Details[0m
Distributor ID:	Ubuntu
Description:	Ubuntu 16.04.6 LTS
Release:	16.04
Codename:	xenial
[34m[1mSystemd Version[0m
systemd 229
[34m[1mCookbooks Version[0m
790f512 https://github.com/travis-ci/travis-cookbooks/tree/790f512
[34m[1mgit version[0m
git version 2.22.0
[34m[1mbash version[0m
GNU bash, version 4.3.48(1)-release (x86_64-pc-linux-gnu)
[34m[1mgcc version[0m
gcc (Ubuntu 5.4.0-6ubuntu1~16.04.11) 5.4.0 20160609
[34m[1mdocker version[0m
Client:
 Version:           18.06.0-ce
 API version:       1.38
 Go version:        go1.10.3
 Git commit:        0ffa825
 Built:             Wed Jul 18 19:11:02 2018
 OS/Arch:           linux/amd64
 Experimental:      false

Server:
 Engine:
  Version:          18.06.0-ce
  API version:      1.38 (minimum version 1.12)
  Go version:       go1.10.3
  Git commit:       0ffa825
  Built:            Wed Jul 18 19:09:05 2018
  OS/Arch:          linux/amd64
  Experimental:     false
[34m[1mclang version[0m
clang version 7.0.0 (tags/RELEASE_700/final)
[34m[1mjq version[0m
jq-1.5
[34m[1mbats version[0m
Bats 0.4.0
[34m[1mshellcheck version[0m
0.6.0
[34m[1mshfmt version[0m
v2.6.3
[34m[1mccache version[0m
3.2.4
[34m[1mcmake version[0m
cmake version 3.12.4
[34m[1mheroku version[0m
heroku/7.27.1 linux-x64 node-v11.14.0
[34m[1mimagemagick version[0m
Version: ImageMagick 6.8.9-9 Q16 x86_64 2019-06-15 http://www.imagemagick.org
[34m[1mmd5deep version[0m
4.4
[34m[1mmercurial version[0m
version 4.8
[34m[1mmysql version[0m
mysql  Ver 14.14 Distrib 5.7.27, for Linux (x86_64) using  EditLine wrapper
[34m[1mopenssl version[0m
OpenSSL 1.0.2g  1 Mar 2016
[34m[1mpacker version[0m
1.3.3
[34m[1mpostgresql client version[0m
psql (PostgreSQL) 10.10 (Ubuntu 10.10-1.pgdg16.04+1)
[34m[1mragel version[0m
Ragel State Machine Compiler version 6.8 Feb 2013
[34m[1msudo version[0m
1.8.16
[34m[1mgzip version[0m
gzip 1.6
[34m[1mzip version[0m
Zip 3.0
[34m[1mvim version[0m
VIM - Vi IMproved 7.4 (2013 Aug 10, compiled Jun 07 2019 15:35:43)
[34m[1miptables version[0m
iptables v1.6.0
[34m[1mcurl version[0m
curl 7.47.0 (x86_64-pc-linux-gnu) libcurl/7.47.0 GnuTLS/3.4.10 zlib/1.2.8 libidn/1.32 librtmp/2.3
[34m[1mwget version[0m
GNU Wget 1.17.1 built on linux-gnu.
[34m[1mrsync version[0m
rsync  version 3.1.1  protocol version 31
[34m[1mgimme version[0m
v1.5.3
[34m[1mnvm version[0m
0.34.0
[34m[1mperlbrew version[0m
/home/travis/perl5/perlbrew/bin/perlbrew  - App::perlbrew/0.86
[34m[1mphpenv version[0m
rbenv 1.1.2-2-g4e92322
[34m[1mrvm version[0m
rvm 1.29.9 (latest) by Michal Papis, Piotr Kuczynski, Wayne E. Seguin [https://rvm.io]
[34m[1mdefault ruby version[0m
ruby 2.5.3p105 (2018-10-18 revision 65156) [x86_64-linux]
[34m[1mCouchDB version[0m
couchdb 1.6.1
[34m[1mElasticSearch version[0m
5.5.0
[34m[1mInstalled Firefox version[0m
firefox 63.0.1
[34m[1mMongoDB version[0m
MongoDB 4.0.12
[34m[1mPhantomJS version[0m
2.1.1
[34m[1mPre-installed PostgreSQL versions[0m
9.4.24
9.5.19
9.6.15
[34m[1mRedis version[0m
redis-server 5.0.5
[34m[1mPre-installed Go versions[0m
1.11.1
[34m[1mant version[0m
Apache Ant(TM) version 1.9.6 compiled on July 20 2018
[34m[1mmvn version[0m
Apache Maven 3.6.0 (97c98ec64a1fdfee7767ce5ffb20918da4f719f3; 2018-10-24T18:41:47Z)
[34m[1mgradle version[0m
Gradle 5.1.1!
[34m[1mlein version[0m
Leiningen 2.9.1 on Java 11.0.2 OpenJDK 64-Bit Server VM
[34m[1mPre-installed Node.js versions[0m
v10.16.2
v11.0.0
v4.9.1
v6.17.1
v8.12.0
v8.16.0
v8.9
[34m[1mphpenv versions[0m
  system
  5.6
  5.6.40
  7.1
  7.1.27
  7.2
* 7.2.15 (set by /home/travis/.phpenv/version)
  hhvm
  hhvm-stable
[34m[1mcomposer --version[0m
Composer version 1.8.4 2019-02-11 10:52:10
[34m[1mPre-installed Ruby versions[0m
ruby-2.3.8
ruby-2.4.5
ruby-2.5.3
travis_fold:end:system_info
[0K
travis_time:end:01618578:start=1567690735225749339,finish=1567690735233267286,duration=7517947,event=show_system_info
[0Ktravis_time:start:01fcced8
[0Ktravis_time:end:01fcced8:start=1567690735236955507,finish=1567690735253251488,duration=16295981,event=rm_riak_source
[0Ktravis_time:start:1ef7be13
[0Ktravis_time:end:1ef7be13:start=1567690735260111389,finish=1567690735269498955,duration=9387566,event=fix_rwky_redis
[0Ktravis_time:start:1ca18fc6
[0Ktravis_time:end:1ca18fc6:start=1567690735275063047,finish=1567690735640520603,duration=365457556,event=wait_for_network
[0Ktravis_time:start:2383ee04
[0Ktravis_time:end:2383ee04:start=1567690735645606699,finish=1567690735979171566,duration=333564867,event=update_apt_keys
[0Ktravis_time:start:191c608d
[0Ktravis_time:end:191c608d:start=1567690735984038528,finish=1567690736051678200,duration=67639672,event=fix_hhvm_source
[0Ktravis_time:start:28811265
[0Ktravis_time:end:28811265:start=1567690736057124028,finish=1567690736060838263,duration=3714235,event=update_mongo_arch
[0Ktravis_time:start:141c3df8
[0Ktravis_time:end:141c3df8:start=1567690736065687228,finish=1567690736118771118,duration=53083890,event=fix_sudo_enabled_trusty
[0Ktravis_time:start:14d142e6
[0Ktravis_time:end:14d142e6:start=1567690736124281275,finish=1567690736127591149,duration=3309874,event=update_glibc
[0Ktravis_time:start:01a80fe6
[0Ktravis_time:end:01a80fe6:start=1567690736133060029,finish=1567690736143871127,duration=10811098,event=clean_up_path
[0Ktravis_time:start:13b57bb8
[0Ktravis_time:end:13b57bb8:start=1567690736148406438,finish=1567690736159350119,duration=10943681,event=fix_resolv_conf
[0Ktravis_time:start:1df90c5f
[0Ktravis_time:end:1df90c5f:start=1567690736164496771,finish=1567690736176770943,duration=12274172,event=fix_etc_hosts
[0Ktravis_time:start:081c658d
[0Ktravis_time:end:081c658d:start=1567690736181637754,finish=1567690736193500395,duration=11862641,event=fix_mvn_settings_xml
[0Ktravis_time:start:05db9f5c
[0Ktravis_time:end:05db9f5c:start=1567690736199304817,finish=1567690736213160436,duration=13855619,event=no_ipv6_localhost
[0Ktravis_time:start:2100e909
[0Ktravis_time:end:2100e909:start=1567690736218897076,finish=1567690736222599158,duration=3702082,event=fix_etc_mavenrc
[0Ktravis_time:start:0361a586
[0Ktravis_time:end:0361a586:start=1567690736228138307,finish=1567690736232793214,duration=4654907,event=fix_wwdr_certificate
[0Ktravis_time:start:0f787c32
[0Ktravis_time:end:0f787c32:start=1567690736238223973,finish=1567690736272251531,duration=34027558,event=put_localhost_first
[0Ktravis_time:start:0210948c
[0Ktravis_time:end:0210948c:start=1567690736277596786,finish=1567690736282130995,duration=4534209,event=home_paths
[0Ktravis_time:start:0d73bf5c
[0Ktravis_time:end:0d73bf5c:start=1567690736287683658,finish=1567690736305109423,duration=17425765,event=disable_initramfs
[0Ktravis_time:start:1238881e
[0Ktravis_time:end:1238881e:start=1567690736310840005,finish=1567690736782546840,duration=471706835,event=disable_ssh_roaming
[0Ktravis_time:start:0268c531
[0Ktravis_time:end:0268c531:start=1567690736788883305,finish=1567690736793111913,duration=4228608,event=debug_tools
[0Ktravis_time:start:0d595274
[0Ktravis_time:end:0d595274:start=1567690736798360130,finish=1567690736803194007,duration=4833877,event=uninstall_oclint
[0Ktravis_time:start:2c474d99
[0Ktravis_time:end:2c474d99:start=1567690736808642730,finish=1567690736813072175,duration=4429445,event=rvm_use
[0Ktravis_time:start:03758c94
[0Ktravis_time:end:03758c94:start=1567690736818945253,finish=1567690736830190034,duration=11244781,event=rm_etc_boto_cfg
[0Ktravis_time:start:171b127c
[0Ktravis_time:end:171b127c:start=1567690736836146003,finish=1567690736842793887,duration=6647884,event=rm_oraclejdk8_symlink
[0Ktravis_time:start:00ec451e
[0Ktravis_time:end:00ec451e:start=1567690736847936862,finish=1567690736975994124,duration=128057262,event=enable_i386
[0Ktravis_time:start:0040d634
[0Ktravis_time:end:0040d634:start=1567690736981144905,finish=1567690736985987737,duration=4842832,event=update_rubygems
[0Ktravis_time:start:22d90a18
[0Ktravis_time:end:22d90a18:start=1567690736991568752,finish=1567690737969125727,duration=977556975,event=ensure_path_components
[0Ktravis_time:start:0a5c8e38
[0Ktravis_time:end:0a5c8e38:start=1567690737974534001,finish=1567690737978036981,duration=3502980,event=redefine_curl
[0Ktravis_time:start:11c7a426
[0Ktravis_time:end:11c7a426:start=1567690737982500746,finish=1567690738104289292,duration=121788546,event=nonblock_pipe
[0Ktravis_time:start:03142674
[0Ktravis_time:end:03142674:start=1567690738109189480,finish=1567690738180753447,duration=71563967,event=apt_get_update
[0Ktravis_time:start:00afdecd
[0Ktravis_time:end:00afdecd:start=1567690738185880345,finish=1567690738188962656,duration=3082311,event=deprecate_xcode_64
[0Ktravis_time:start:01e44da5
[0Ktravis_time:end:01e44da5:start=1567690738193722727,finish=1567690741414926919,duration=3221204192,event=update_heroku
[0Ktravis_time:start:0af6852c
[0Ktravis_time:end:0af6852c:start=1567690741420698178,finish=1567690741424843804,duration=4145626,event=shell_session_update
[0Ktravis_time:start:316e3f58
[0Ktravis_fold:start:docker_mtu
[0Ktravis_fold:end:docker_mtu
[0Ktravis_time:end:316e3f58:start=1567690741431485473,finish=1567690744729634149,duration=3298148676,event=set_docker_mtu
[0Ktravis_time:start:190c52dc
[0Ktravis_fold:start:resolvconf
[0Ktravis_fold:end:resolvconf
[0Ktravis_time:end:190c52dc:start=1567690744735618835,finish=1567690744829495064,duration=93876229,event=resolvconf
[0Ktravis_time:start:02ee1e46
[0Ktravis_time:end:02ee1e46:start=1567690744841746045,finish=1567690745019016574,duration=177270529,event=maven_central_mirror
[0K
travis_fold:start:install_jdk
[0K[33;1mInstalling openjdk8[0m
travis_fold:end:install_jdk
[0Kdepth=2 C = BE, O = GlobalSign nv-sa, OU = Root CA, CN = GlobalSign Root CA
verify return:1
depth=1 C = BE, O = GlobalSign nv-sa, CN = GlobalSign CloudSSL CA - SHA256 - G3
verify return:1
depth=0 C = US, ST = Delaware, L = Dover, O = Incapsula Inc, CN = incapsula.com
verify return:1
DONE
travis_time:start:012d17a0
[0Ktravis_time:end:012d17a0:start=1567690745107313256,finish=1567690745110648970,duration=3335714,event=fix_ps4
[0Ktravis_time:start:084e69f4
[0K
travis_fold:start:git.checkout
[0Ktravis_time:start:05497962
[0K$ git clone --depth=50 --branch=zipkin https://github.com/stagemonitor/stagemonitor.git stagemonitor/stagemonitor
Cloning into 'stagemonitor/stagemonitor'...
travis_time:end:05497962:start=1567690745120546351,finish=1567690746211094301,duration=1090547950,event=checkout
[0K$ cd stagemonitor/stagemonitor
$ git checkout -qf 85b1fc6ef5cc2d454e97df30a7a828b4557642f5
travis_fold:end:git.checkout
[0K
travis_time:end:05497962:start=1567690745120546351,finish=1567690746366570865,duration=1246024514,event=checkout
[0Ktravis_time:start:144e55ac
[0K
[33;1mSetting environment variables from .travis.yml[0m
$ export GH_TOKEN=[secure]
$ export COVERITY_SCAN_TOKEN=[secure]
$ export TERM=dumb

travis_time:end:144e55ac:start=1567690746373297435,finish=1567690746384014831,duration=10717396,event=env
[0K$ export TERM=dumb
travis_fold:start:cache.1
[0KSetting up build cache
$ export CASHER_DIR=${TRAVIS_HOME}/.casher
travis_time:start:04c4d2a0
[0K$ Installing caching utilities
travis_time:end:04c4d2a0:start=1567690747478795501,finish=1567690747774299076,duration=295503575,event=setup_casher
[0Ktravis_time:start:013f5664
[0Ktravis_time:end:013f5664:start=1567690747782501832,finish=1567690747786780438,duration=4278606,event=setup_casher
[0Ktravis_time:start:036b2e48
[0Kattempting to download cache archive[0m
[32;1mfetching zipkin/cache-linux-xenial-3517298fec68fa461026b229805df3fc0c5454187740fecd9f4d9993c2e9a038--jdk-openjdk8.tgz[0m
[32;1mfound cache[0m
travis_time:end:036b2e48:start=1567690747791996196,finish=1567690753386816197,duration=5594820001,event=setup_casher
[0Ktravis_time:start:111076a5
[0Ktravis_time:end:111076a5:start=1567690753393291570,finish=1567690753397236348,duration=3944778,event=setup_casher
[0Ktravis_time:start:19f04da8
[0Kadding /home/travis/.m2 to cache[0m
adding /home/travis/.gradle to cache[0m
creating directory /home/travis/.gradle[0m
travis_time:end:19f04da8:start=1567690753402744832,finish=1567690762332977674,duration=8930232842,event=setup_casher
[0Ktravis_fold:end:cache.1
[0K
$ java -Xmx32m -version
openjdk version "1.8.0_222"
OpenJDK Runtime Environment (build 1.8.0_222-8u222-b10-1ubuntu1~16.04.1-b10)
OpenJDK 64-Bit Server VM (build 25.222-b10, mixed mode)
$ javac -J-Xmx32m -version
javac 1.8.0_222
travis_fold:start:install
[0Ktravis_time:start:0153a450
[0K$ ./gradlew assemble --stacktrace
Starting a Gradle Daemon, 1 incompatible and 2 stopped Daemons could not be reused, use --status for details
> Task :compileJava NO-SOURCE
> Task :processResources NO-SOURCE
> Task :classes UP-TO-DATE
> Task :jar
> Task :assemble

> Task :stagemonitor-configuration:compileJava
Note: Some input files use unchecked or unsafe operations.
Note: Recompile with -Xlint:unchecked for details.

> Task :stagemonitor-configuration:processResources NO-SOURCE
> Task :stagemonitor-configuration:classes
> Task :stagemonitor-configuration:osgiClasses
> Task :stagemonitor-configuration:jar
> Task :stagemonitor-dispatcher:compileJava
> Task :stagemonitor-dispatcher:processResources NO-SOURCE
> Task :stagemonitor-dispatcher:classes
> Task :stagemonitor-dispatcher:osgiClasses
> Task :stagemonitor-dispatcher:jar

> Task :stagemonitor-core:compileJava
Note: Some input files use or override a deprecated API.
Note: Recompile with -Xlint:deprecation for details.
Note: Some input files use unchecked or unsafe operations.
Note: Recompile with -Xlint:unchecked for details.

> Task :stagemonitor-core:processResources
> Task :stagemonitor-core:classes
> Task :stagemonitor-core:osgiClasses
> Task :stagemonitor-core:jar

> Task :stagemonitor-tracing:compileJava
Note: Some input files use or override a deprecated API.
Note: Recompile with -Xlint:deprecation for details.
Note: Some input files use unchecked or unsafe operations.
Note: Recompile with -Xlint:unchecked for details.

> Task :stagemonitor-tracing:processResources
> Task :stagemonitor-tracing:classes
> Task :stagemonitor-tracing:osgiClasses
> Task :stagemonitor-tracing:jar

> Task :stagemonitor-jdbc:compileJava
Note: /home/travis/build/stagemonitor/stagemonitor/stagemonitor-jdbc/src/main/java/org/stagemonitor/jdbc/StagemonitorJdbcEventListener.java uses unchecked or unsafe operations.
Note: Recompile with -Xlint:unchecked for details.

> Task :stagemonitor-jdbc:processResources
> Task :stagemonitor-jdbc:classes
> Task :stagemonitor-jdbc:osgiClasses
> Task :stagemonitor-jdbc:jar
> Task :stagemonitor-jvm:compileJava
> Task :stagemonitor-jvm:processResources
> Task :stagemonitor-jvm:classes
> Task :stagemonitor-jvm:osgiClasses
> Task :stagemonitor-jvm:jar

> Task :stagemonitor-web-servlet:compileJava
Note: Some input files use or override a deprecated API.
Note: Recompile with -Xlint:deprecation for details.

> Task :stagemonitor-web-servlet:processResources
> Task :stagemonitor-web-servlet:classes
> Task :stagemonitor-web-servlet:osgiClasses
> Task :stagemonitor-web-servlet:jar

> Task :stagemonitor-alerting:compileJava
Note: /home/travis/build/stagemonitor/stagemonitor/stagemonitor-alerting/src/main/java/org/stagemonitor/alerting/AlertingPlugin.java uses or overrides a deprecated API.
Note: Recompile with -Xlint:deprecation for details.
Note: /home/travis/build/stagemonitor/stagemonitor/stagemonitor-alerting/src/main/java/org/stagemonitor/alerting/ThresholdMonitoringReporter.java uses unchecked or unsafe operations.
Note: Recompile with -Xlint:unchecked for details.

> Task :stagemonitor-alerting:processResources
> Task :stagemonitor-alerting:classes
> Task :stagemonitor-alerting:osgiClasses
> Task :stagemonitor-alerting:jar
> Task :stagemonitor-alerting:javadoc
> Task :stagemonitor-alerting:javadocJar
> Task :stagemonitor-alerting:sourcesJar
> Task :stagemonitor-alerting:signArchives SKIPPED
> Task :stagemonitor-alerting:assemble

> Task :stagemonitor-ehcache:compileJava
Note: /home/travis/build/stagemonitor/stagemonitor/stagemonitor-ehcache/src/main/java/org/stagemonitor/ehcache/EhCachePlugin.java uses or overrides a deprecated API.
Note: Recompile with -Xlint:deprecation for details.

> Task :stagemonitor-ehcache:processResources
> Task :stagemonitor-ehcache:classes
> Task :stagemonitor-ehcache:osgiClasses
> Task :stagemonitor-ehcache:jar
> Task :stagemonitor-logging:compileJava
> Task :stagemonitor-logging:processResources
> Task :stagemonitor-logging:classes
> Task :stagemonitor-logging:osgiClasses
> Task :stagemonitor-logging:jar
> Task :stagemonitor-os:compileJava
> Task :stagemonitor-os:processResources
> Task :stagemonitor-os:classes
> Task :stagemonitor-os:osgiClasses
> Task :stagemonitor-os:jar

> Task :stagemonitor-tracing-elasticsearch:compileJava
Note: Some input files use or override a deprecated API.
Note: Recompile with -Xlint:deprecation for details.

> Task :stagemonitor-tracing-elasticsearch:processResources
> Task :stagemonitor-tracing-elasticsearch:classes
> Task :stagemonitor-tracing-elasticsearch:osgiClasses
> Task :stagemonitor-tracing-elasticsearch:jar
> Task :stagemonitor-benchmark:compileJava NO-SOURCE
> Task :stagemonitor-benchmark:processResources NO-SOURCE
> Task :stagemonitor-benchmark:classes UP-TO-DATE
> Task :stagemonitor-benchmark:jar
> Task :stagemonitor-benchmark:assemble

> Task :stagemonitor-configuration:javadoc
/home/travis/build/stagemonitor/stagemonitor/stagemonitor-configuration/src/main/java/org/stagemonitor/configuration/converter/ValueConverter.java:28: warning - Tag @link: reference not found: T
/home/travis/build/stagemonitor/stagemonitor/stagemonitor-configuration/src/main/java/org/stagemonitor/configuration/converter/ValueConverter.java:28: warning - Tag @link: reference not found: T
/home/travis/build/stagemonitor/stagemonitor/stagemonitor-configuration/src/main/java/org/stagemonitor/configuration/converter/ValueConverter.java:28: warning - Tag @link: reference not found: T
/home/travis/build/stagemonitor/stagemonitor/stagemonitor-configuration/src/main/java/org/stagemonitor/configuration/converter/ValueConverter.java:28: warning - Tag @link: reference not found: T
/home/travis/build/stagemonitor/stagemonitor/stagemonitor-configuration/src/main/java/org/stagemonitor/configuration/converter/ValueConverter.java:28: warning - Tag @link: reference not found: T
/home/travis/build/stagemonitor/stagemonitor/stagemonitor-configuration/src/main/java/org/stagemonitor/configuration/ConfigurationOption.java:637: warning - Tag @link: can't find nameOfCurrentConfigurationSource in org.stagemonitor.configuration.ConfigurationOption
6 warnings

> Task :stagemonitor-configuration:javadocJar
> Task :stagemonitor-configuration:sourcesJar
> Task :stagemonitor-configuration:signArchives SKIPPED
> Task :stagemonitor-configuration:assemble

> Task :stagemonitor-core:javadoc
/home/travis/build/stagemonitor/stagemonitor/stagemonitor-core/src/main/java/org/stagemonitor/core/StagemonitorConfigurationSourceInitializer.java:33: warning - @param argument "configInitializedArguments@throws" is not a parameter name.
/home/travis/build/stagemonitor/stagemonitor/stagemonitor-core/src/main/java/org/stagemonitor/core/metrics/metrics2/MetricName.java:194: warning - Tag @link: can't find MetricNameTemplate(MetricName, String...) in org.stagemonitor.core.metrics.metrics2.MetricName.MetricNameTemplate
/home/travis/build/stagemonitor/stagemonitor/stagemonitor-core/src/main/java/org/stagemonitor/core/metrics/metrics2/MetricName.java:216: warning - Tag @link: can't find MetricNameTemplate(MetricName, String) in org.stagemonitor.core.metrics.metrics2.MetricName.MetricNameTemplate
/home/travis/build/stagemonitor/stagemonitor/stagemonitor-core/src/main/java/org/stagemonitor/core/metrics/MetricNameFilter.java:18: warning - @return tag has no arguments.
/home/travis/build/stagemonitor/stagemonitor/stagemonitor-core/src/main/java/org/stagemonitor/core/metrics/MetricNameFilter.java:27: warning - @return tag has no arguments.
/home/travis/build/stagemonitor/stagemonitor/stagemonitor-core/src/main/java/org/stagemonitor/core/metrics/MetricNameFilter.java:37: warning - @return tag has no arguments.
/home/travis/build/stagemonitor/stagemonitor/stagemonitor-core/src/main/java/org/stagemonitor/core/util/JsonUtils.java:122: warning - Tag @link: reference not found: AfterburnerModuleRegisterer
7 warnings

> Task :stagemonitor-core:javadocJar
> Task :stagemonitor-core:sourcesJar
> Task :stagemonitor-core:signArchives SKIPPED
> Task :stagemonitor-core:assemble
> Task :stagemonitor-dispatcher:javadoc
> Task :stagemonitor-dispatcher:javadocJar
> Task :stagemonitor-dispatcher:sourcesJar
> Task :stagemonitor-dispatcher:signArchives SKIPPED
> Task :stagemonitor-dispatcher:assemble
> Task :stagemonitor-ehcache:javadoc
> Task :stagemonitor-ehcache:javadocJar
> Task :stagemonitor-ehcache:sourcesJar
> Task :stagemonitor-ehcache:signArchives SKIPPED
> Task :stagemonitor-ehcache:assemble
> Task :stagemonitor-eum-server:compileJava
> Task :stagemonitor-eum-server:processResources
> Task :stagemonitor-eum-server:classes
> Task :stagemonitor-eum-server:bootWar
> Task :stagemonitor-eum-server:javadoc
> Task :stagemonitor-eum-server:javadocJar
> Task :stagemonitor-eum-server:sourcesJar
> Task :stagemonitor-eum-server:assemble
> Task :stagemonitor-grafana-elasticsearch:compileJava NO-SOURCE
> Task :stagemonitor-grafana-elasticsearch:processResources NO-SOURCE
> Task :stagemonitor-grafana-elasticsearch:classes UP-TO-DATE
> Task :stagemonitor-grafana-elasticsearch:jar
> Task :stagemonitor-grafana-elasticsearch:assemble
> Task :stagemonitor-jdbc:javadoc
> Task :stagemonitor-jdbc:javadocJar
> Task :stagemonitor-jdbc:sourcesJar
> Task :stagemonitor-jdbc:signArchives SKIPPED
> Task :stagemonitor-jdbc:assemble
> Task :stagemonitor-jvm:javadoc
> Task :stagemonitor-jvm:javadocJar
> Task :stagemonitor-jvm:sourcesJar
> Task :stagemonitor-jvm:signArchives SKIPPED
> Task :stagemonitor-jvm:assemble
> Task :stagemonitor-logging:javadoc
> Task :stagemonitor-logging:javadocJar
> Task :stagemonitor-logging:sourcesJar
> Task :stagemonitor-logging:signArchives SKIPPED
> Task :stagemonitor-logging:assemble
> Task :stagemonitor-os:startScripts
> Task :stagemonitor-os:distTar
> Task :stagemonitor-os:distZip

> Task :stagemonitor-os:javadoc
/home/travis/build/stagemonitor/stagemonitor/stagemonitor-os/src/main/java/org/stagemonitor/os/metrics/AbstractSigarMetricSet.java:39: warning - Tag @link: reference not found: T
/home/travis/build/stagemonitor/stagemonitor/stagemonitor-os/src/main/java/org/stagemonitor/os/metrics/AbstractSigarMetricSet.java:39: warning - Tag @link: reference not found: T
/home/travis/build/stagemonitor/stagemonitor/stagemonitor-os/src/main/java/org/stagemonitor/os/metrics/AbstractSigarMetricSet.java:39: warning - Tag @link: reference not found: T
/home/travis/build/stagemonitor/stagemonitor/stagemonitor-os/src/main/java/org/stagemonitor/os/metrics/AbstractSigarMetricSet.java:39: warning - Tag @link: reference not found: T
4 warnings

> Task :stagemonitor-os:javadocJar
> Task :stagemonitor-os:sourcesJar
> Task :stagemonitor-os:signArchives SKIPPED
> Task :stagemonitor-os:assemble

> Task :stagemonitor-tracing:javadoc
/home/travis/build/stagemonitor/stagemonitor/stagemonitor-tracing/src/main/java/org/stagemonitor/tracing/wrapper/SpanEventListener.java:40: warning - Tag @link: reference not found: Tracer.SpanBuilder#start()
/home/travis/build/stagemonitor/stagemonitor/stagemonitor-tracing/src/main/java/org/stagemonitor/tracing/wrapper/SpanEventListener.java:40: warning - Tag @link: reference not found: Tracer.SpanBuilder#start()
/home/travis/build/stagemonitor/stagemonitor/stagemonitor-tracing/src/main/java/org/stagemonitor/tracing/profiler/Profiler.java:62: warning - @return tag has no arguments.
/home/travis/build/stagemonitor/stagemonitor/stagemonitor-tracing/src/main/java/org/stagemonitor/tracing/wrapper/SpanEventListener.java:82: warning - Tag @link: reference not found: Tracer.SpanBuilder#withTag(String, Number)
/home/travis/build/stagemonitor/stagemonitor/stagemonitor-tracing/src/main/java/org/stagemonitor/tracing/wrapper/SpanEventListener.java:60: warning - Tag @link: reference not found: Tracer.SpanBuilder#withTag(String, String)
/home/travis/build/stagemonitor/stagemonitor/stagemonitor-tracing/src/main/java/org/stagemonitor/tracing/wrapper/SpanEventListener.java:82: warning - Tag @link: reference not found: Tracer.SpanBuilder#withTag(String, Number)
/home/travis/build/stagemonitor/stagemonitor/stagemonitor-tracing/src/main/java/org/stagemonitor/tracing/wrapper/SpanEventListener.java:60: warning - Tag @link: reference not found: Tracer.SpanBuilder#withTag(String, String)
/home/travis/build/stagemonitor/stagemonitor/stagemonitor-tracing/src/main/java/org/stagemonitor/tracing/wrapper/SpanEventListener.java:40: warning - Tag @link: reference not found: Tracer.SpanBuilder#start()
/home/travis/build/stagemonitor/stagemonitor/stagemonitor-tracing/src/main/java/org/stagemonitor/tracing/wrapper/SpanEventListener.java:40: warning - Tag @link: reference not found: Tracer.SpanBuilder#start()
/home/travis/build/stagemonitor/stagemonitor/stagemonitor-tracing/src/main/java/org/stagemonitor/tracing/wrapper/SpanEventListener.java:71: warning - Tag @link: reference not found: Tracer.SpanBuilder#withTag(String, boolean)
/home/travis/build/stagemonitor/stagemonitor/stagemonitor-tracing/src/main/java/org/stagemonitor/tracing/wrapper/SpanEventListener.java:82: warning - Tag @link: reference not found: Tracer.SpanBuilder#withTag(String, Number)
/home/travis/build/stagemonitor/stagemonitor/stagemonitor-tracing/src/main/java/org/stagemonitor/tracing/wrapper/SpanEventListener.java:60: warning - Tag @link: reference not found: Tracer.SpanBuilder#withTag(String, String)
/home/travis/build/stagemonitor/stagemonitor/stagemonitor-tracing/src/main/java/org/stagemonitor/tracing/wrapper/SpanEventListener.java:49: warning - Tag @link: reference not found: Tracer.SpanBuilder#withTag(Tag, Object)
/home/travis/build/stagemonitor/stagemonitor/stagemonitor-tracing/src/main/java/org/stagemonitor/tracing/wrapper/SpanEventListener.java:40: warning - Tag @link: reference not found: Tracer.SpanBuilder#start()
/home/travis/build/stagemonitor/stagemonitor/stagemonitor-tracing/src/main/java/org/stagemonitor/tracing/wrapper/SpanEventListener.java:40: warning - Tag @link: reference not found: Tracer.SpanBuilder#start()
/home/travis/build/stagemonitor/stagemonitor/stagemonitor-tracing/src/main/java/org/stagemonitor/tracing/wrapper/SpanEventListener.java:49: warning - Tag @link: reference not found: Tracer.SpanBuilder#withTag(Tag, Object)
/home/travis/build/stagemonitor/stagemonitor/stagemonitor-tracing/src/main/java/org/stagemonitor/tracing/wrapper/SpanEventListener.java:60: warning - Tag @link: reference not found: Tracer.SpanBuilder#withTag(String, String)
/home/travis/build/stagemonitor/stagemonitor/stagemonitor-tracing/src/main/java/org/stagemonitor/tracing/wrapper/SpanEventListener.java:71: warning - Tag @link: reference not found: Tracer.SpanBuilder#withTag(String, boolean)
/home/travis/build/stagemonitor/stagemonitor/stagemonitor-tracing/src/main/java/org/stagemonitor/tracing/wrapper/SpanEventListener.java:82: warning - Tag @link: reference not found: Tracer.SpanBuilder#withTag(String, Number)
/home/travis/build/stagemonitor/stagemonitor/stagemonitor-tracing/src/main/java/org/stagemonitor/tracing/wrapper/SpanEventListener.java:40: warning - Tag @link: reference not found: Tracer.SpanBuilder#start()
/home/travis/build/stagemonitor/stagemonitor/stagemonitor-tracing/src/main/java/org/stagemonitor/tracing/wrapper/SpanEventListener.java:40: warning - Tag @link: reference not found: Tracer.SpanBuilder#start()
/home/travis/build/stagemonitor/stagemonitor/stagemonitor-tracing/src/main/java/org/stagemonitor/tracing/wrapper/SpanEventListener.java:71: warning - Tag @link: reference not found: Tracer.SpanBuilder#withTag(String, boolean)
/home/travis/build/stagemonitor/stagemonitor/stagemonitor-tracing/src/main/java/org/stagemonitor/tracing/wrapper/SpanEventListener.java:82: warning - Tag @link: reference not found: Tracer.SpanBuilder#withTag(String, Number)
/home/travis/build/stagemonitor/stagemonitor/stagemonitor-tracing/src/main/java/org/stagemonitor/tracing/wrapper/SpanEventListener.java:60: warning - Tag @link: reference not found: Tracer.SpanBuilder#withTag(String, String)
/home/travis/build/stagemonitor/stagemonitor/stagemonitor-tracing/src/main/java/org/stagemonitor/tracing/wrapper/SpanEventListener.java:49: warning - Tag @link: reference not found: Tracer.SpanBuilder#withTag(Tag, Object)
/home/travis/build/stagemonitor/stagemonitor/stagemonitor-tracing/src/main/java/org/stagemonitor/tracing/wrapper/SpanEventListener.java:40: warning - Tag @link: reference not found: Tracer.SpanBuilder#start()
/home/travis/build/stagemonitor/stagemonitor/stagemonitor-tracing/src/main/java/org/stagemonitor/tracing/wrapper/SpanEventListener.java:40: warning - Tag @link: reference not found: Tracer.SpanBuilder#start()
/home/travis/build/stagemonitor/stagemonitor/stagemonitor-tracing/src/main/java/org/stagemonitor/tracing/wrapper/SpanEventListener.java:49: warning - Tag @link: reference not found: Tracer.SpanBuilder#withTag(Tag, Object)
/home/travis/build/stagemonitor/stagemonitor/stagemonitor-tracing/src/main/java/org/stagemonitor/tracing/wrapper/SpanEventListener.java:60: warning - Tag @link: reference not found: Tracer.SpanBuilder#withTag(String, String)
/home/travis/build/stagemonitor/stagemonitor/stagemonitor-tracing/src/main/java/org/stagemonitor/tracing/wrapper/SpanEventListener.java:71: warning - Tag @link: reference not found: Tracer.SpanBuilder#withTag(String, boolean)
/home/travis/build/stagemonitor/stagemonitor/stagemonitor-tracing/src/main/java/org/stagemonitor/tracing/wrapper/SpanEventListener.java:82: warning - Tag @link: reference not found: Tracer.SpanBuilder#withTag(String, Number)
/home/travis/build/stagemonitor/stagemonitor/stagemonitor-tracing/src/main/java/org/stagemonitor/tracing/wrapper/SpanWrappingTracer.java:24: warning - Tag @link: reference not found: SpanBuilder
/home/travis/build/stagemonitor/stagemonitor/stagemonitor-tracing/src/main/java/org/stagemonitor/tracing/wrapper/SpanEventListener.java:40: warning - Tag @link: reference not found: Tracer.SpanBuilder#start()
/home/travis/build/stagemonitor/stagemonitor/stagemonitor-tracing/src/main/java/org/stagemonitor/tracing/wrapper/SpanEventListener.java:40: warning - Tag @link: reference not found: Tracer.SpanBuilder#start()
/home/travis/build/stagemonitor/stagemonitor/stagemonitor-tracing/src/main/java/org/stagemonitor/tracing/wrapper/SpanEventListener.java:40: warning - Tag @link: reference not found: Tracer.SpanBuilder#start()
/home/travis/build/stagemonitor/stagemonitor/stagemonitor-tracing/src/main/java/org/stagemonitor/tracing/wrapper/SpanEventListener.java:40: warning - Tag @link: reference not found: Tracer.SpanBuilder#start()
/home/travis/build/stagemonitor/stagemonitor/stagemonitor-tracing/src/main/java/org/stagemonitor/tracing/wrapper/SpanEventListener.java:40: warning - Tag @link: reference not found: Tracer.SpanBuilder#start()
/home/travis/build/stagemonitor/stagemonitor/stagemonitor-tracing/src/main/java/org/stagemonitor/tracing/wrapper/SpanEventListener.java:40: warning - Tag @link: reference not found: Tracer.SpanBuilder#start()
/home/travis/build/stagemonitor/stagemonitor/stagemonitor-tracing/src/main/java/org/stagemonitor/tracing/wrapper/SpanEventListener.java:40: warning - Tag @link: reference not found: Tracer.SpanBuilder#start()
/home/travis/build/stagemonitor/stagemonitor/stagemonitor-tracing/src/main/java/org/stagemonitor/tracing/wrapper/SpanEventListener.java:40: warning - Tag @link: reference not found: Tracer.SpanBuilder#start()
/home/travis/build/stagemonitor/stagemonitor/stagemonitor-tracing/src/main/java/org/stagemonitor/tracing/wrapper/SpanEventListener.java:40: warning - Tag @link: reference not found: Tracer.SpanBuilder#start()
/home/travis/build/stagemonitor/stagemonitor/stagemonitor-tracing/src/main/java/org/stagemonitor/tracing/wrapper/SpanEventListener.java:40: warning - Tag @link: reference not found: Tracer.SpanBuilder#start()
/home/travis/build/stagemonitor/stagemonitor/stagemonitor-tracing/src/main/java/org/stagemonitor/tracing/wrapper/SpanEventListener.java:40: warning - Tag @link: reference not found: Tracer.SpanBuilder#start()
/home/travis/build/stagemonitor/stagemonitor/stagemonitor-tracing/src/main/java/org/stagemonitor/tracing/wrapper/SpanEventListener.java:40: warning - Tag @link: reference not found: Tracer.SpanBuilder#start()
/home/travis/build/stagemonitor/stagemonitor/stagemonitor-tracing/src/main/java/org/stagemonitor/tracing/wrapper/SpanEventListener.java:49: warning - Tag @link: reference not found: Tracer.SpanBuilder#withTag(Tag, Object)
/home/travis/build/stagemonitor/stagemonitor/stagemonitor-tracing/src/main/java/org/stagemonitor/tracing/wrapper/SpanEventListener.java:60: warning - Tag @link: reference not found: Tracer.SpanBuilder#withTag(String, String)
/home/travis/build/stagemonitor/stagemonitor/stagemonitor-tracing/src/main/java/org/stagemonitor/tracing/wrapper/SpanEventListener.java:71: warning - Tag @link: reference not found: Tracer.SpanBuilder#withTag(String, boolean)
/home/travis/build/stagemonitor/stagemonitor/stagemonitor-tracing/src/main/java/org/stagemonitor/tracing/wrapper/SpanEventListener.java:82: warning - Tag @link: reference not found: Tracer.SpanBuilder#withTag(String, Number)
/home/travis/build/stagemonitor/stagemonitor/stagemonitor-tracing/src/main/java/org/stagemonitor/tracing/wrapper/SpanEventListener.java:40: warning - Tag @link: reference not found: Tracer.SpanBuilder#start()
49 warnings

> Task :stagemonitor-tracing:javadocJar
> Task :stagemonitor-tracing:sourcesJar
> Task :stagemonitor-tracing:signArchives SKIPPED
> Task :stagemonitor-tracing:assemble
> Task :stagemonitor-tracing-elasticsearch:javadoc
> Task :stagemonitor-tracing-elasticsearch:javadocJar
> Task :stagemonitor-tracing-elasticsearch:sourcesJar
> Task :stagemonitor-tracing-elasticsearch:signArchives SKIPPED
> Task :stagemonitor-tracing-elasticsearch:assemble

> Task :stagemonitor-tracing-zipkin:compileJava
Note: Some input files use or override a deprecated API.
Note: Recompile with -Xlint:deprecation for details.

> Task :stagemonitor-tracing-zipkin:processResources
> Task :stagemonitor-tracing-zipkin:classes
> Task :stagemonitor-tracing-zipkin:jar
> Task :stagemonitor-tracing-zipkin:assemble
> Task :stagemonitor-web-servlet:javadoc
> Task :stagemonitor-web-servlet:javadocJar
> Task :stagemonitor-web-servlet:sourcesJar
> Task :stagemonitor-web-servlet:signArchives SKIPPED
> Task :stagemonitor-web-servlet:assemble

Deprecated Gradle features were used in this build, making it incompatible with Gradle 6.0.
Use '--warning-mode all' to show the individual deprecation warnings.
See https://docs.gradle.org/5.5.1/userguide/command_line_interface.html#sec:command_line_warnings

BUILD SUCCESSFUL in 1m 1s
97 actionable tasks: 97 executed
travis_time:end:0153a450:start=1567690763087474403,finish=1567690825435567511,duration=62348093108,event=install
[0Ktravis_fold:end:install
[0Kcoverity_scan:start
$ export PROJECT_NAME=stagemonitor/stagemonitor
coverity_scan:end
travis_time:start:152454fc
[0K$ ./gradlew test
> Task :compileJava NO-SOURCE
> Task :processResources NO-SOURCE
> Task :classes UP-TO-DATE
> Task :instrument SKIPPED
> Task :copyCoberturaDatafile SKIPPED
> Task :compileTestJava NO-SOURCE
> Task :processTestResources NO-SOURCE
> Task :testClasses UP-TO-DATE
> Task :stagemonitor-configuration:compileJava UP-TO-DATE
> Task :stagemonitor-configuration:processResources NO-SOURCE
> Task :stagemonitor-configuration:classes UP-TO-DATE
> Task :stagemonitor-configuration:osgiClasses UP-TO-DATE
> Task :stagemonitor-configuration:jar UP-TO-DATE
> Task :stagemonitor-dispatcher:compileJava UP-TO-DATE
> Task :stagemonitor-dispatcher:processResources NO-SOURCE
> Task :stagemonitor-dispatcher:classes UP-TO-DATE
> Task :stagemonitor-dispatcher:osgiClasses UP-TO-DATE
> Task :stagemonitor-dispatcher:jar UP-TO-DATE
> Task :stagemonitor-core:compileJava UP-TO-DATE
> Task :stagemonitor-core:processResources UP-TO-DATE
> Task :stagemonitor-core:classes UP-TO-DATE
> Task :stagemonitor-core:osgiClasses UP-TO-DATE
> Task :stagemonitor-core:jar UP-TO-DATE
> Task :stagemonitor-tracing:compileJava UP-TO-DATE
> Task :stagemonitor-tracing:processResources UP-TO-DATE
> Task :stagemonitor-tracing:classes UP-TO-DATE
> Task :stagemonitor-tracing:osgiClasses UP-TO-DATE
> Task :stagemonitor-tracing:jar UP-TO-DATE
> Task :stagemonitor-jdbc:compileJava UP-TO-DATE
> Task :stagemonitor-jdbc:processResources UP-TO-DATE
> Task :stagemonitor-jdbc:classes UP-TO-DATE
> Task :stagemonitor-jdbc:osgiClasses UP-TO-DATE
> Task :stagemonitor-jdbc:jar UP-TO-DATE
> Task :stagemonitor-jvm:compileJava UP-TO-DATE
> Task :stagemonitor-jvm:processResources UP-TO-DATE
> Task :stagemonitor-jvm:classes UP-TO-DATE
> Task :stagemonitor-jvm:osgiClasses UP-TO-DATE
> Task :stagemonitor-jvm:jar UP-TO-DATE
> Task :stagemonitor-web-servlet:compileJava UP-TO-DATE
> Task :stagemonitor-web-servlet:processResources UP-TO-DATE
> Task :stagemonitor-web-servlet:classes UP-TO-DATE
> Task :stagemonitor-web-servlet:osgiClasses UP-TO-DATE
> Task :stagemonitor-web-servlet:jar UP-TO-DATE
> Task :stagemonitor-alerting:compileJava UP-TO-DATE
> Task :stagemonitor-alerting:processResources UP-TO-DATE
> Task :stagemonitor-alerting:classes UP-TO-DATE
> Task :stagemonitor-alerting:instrument SKIPPED
> Task :stagemonitor-alerting:copyCoberturaDatafile SKIPPED

> Task :stagemonitor-core:compileTestJava
Note: Some input files use or override a deprecated API.
Note: Recompile with -Xlint:deprecation for details.
Note: Some input files use unchecked or unsafe operations.
Note: Recompile with -Xlint:unchecked for details.

> Task :stagemonitor-core:processTestResources
> Task :stagemonitor-core:testClasses

> Task :stagemonitor-alerting:compileTestJava
Note: Some input files use or override a deprecated API.
Note: Recompile with -Xlint:deprecation for details.

> Task :stagemonitor-alerting:processTestResources
> Task :stagemonitor-alerting:testClasses
> Task :stagemonitor-alerting:test
> Task :stagemonitor-configuration:instrument SKIPPED
> Task :stagemonitor-configuration:copyCoberturaDatafile SKIPPED

> Task :stagemonitor-configuration:compileTestJava
Note: Some input files use or override a deprecated API.
Note: Recompile with -Xlint:deprecation for details.

> Task :stagemonitor-configuration:processTestResources
> Task :stagemonitor-configuration:testClasses
> Task :stagemonitor-configuration:test
> Task :stagemonitor-core:instrument SKIPPED
> Task :stagemonitor-core:copyCoberturaDatafile SKIPPED
> Task :stagemonitor-core:test
> Task :stagemonitor-dispatcher:instrument SKIPPED
> Task :stagemonitor-dispatcher:copyCoberturaDatafile SKIPPED
> Task :stagemonitor-dispatcher:compileTestJava NO-SOURCE
> Task :stagemonitor-dispatcher:processTestResources NO-SOURCE
> Task :stagemonitor-dispatcher:testClasses UP-TO-DATE
> Task :stagemonitor-dispatcher:test NO-SOURCE
> Task :stagemonitor-ehcache:compileJava UP-TO-DATE
> Task :stagemonitor-ehcache:processResources UP-TO-DATE
> Task :stagemonitor-ehcache:classes UP-TO-DATE
> Task :stagemonitor-ehcache:instrument SKIPPED
> Task :stagemonitor-ehcache:copyCoberturaDatafile SKIPPED

> Task :stagemonitor-ehcache:compileTestJava
Note: /home/travis/build/stagemonitor/stagemonitor/stagemonitor-ehcache/src/test/java/org/stagemonitor/ehcache/StagemonitorCacheUsageListenerTest.java uses or overrides a deprecated API.
Note: Recompile with -Xlint:deprecation for details.

> Task :stagemonitor-ehcache:processTestResources NO-SOURCE
> Task :stagemonitor-ehcache:testClasses
> Task :stagemonitor-ehcache:test
> Task :stagemonitor-tracing-elasticsearch:compileJava UP-TO-DATE
> Task :stagemonitor-tracing-elasticsearch:processResources UP-TO-DATE
> Task :stagemonitor-tracing-elasticsearch:classes UP-TO-DATE
> Task :stagemonitor-tracing-elasticsearch:osgiClasses UP-TO-DATE
> Task :stagemonitor-tracing-elasticsearch:jar UP-TO-DATE
> Task :stagemonitor-eum-server:compileJava UP-TO-DATE
> Task :stagemonitor-eum-server:processResources UP-TO-DATE
> Task :stagemonitor-eum-server:classes UP-TO-DATE
> Task :stagemonitor-eum-server:instrument SKIPPED
> Task :stagemonitor-eum-server:copyCoberturaDatafile SKIPPED
> Task :stagemonitor-eum-server:compileTestJava NO-SOURCE
> Task :stagemonitor-eum-server:processTestResources NO-SOURCE
> Task :stagemonitor-eum-server:testClasses UP-TO-DATE
> Task :stagemonitor-eum-server:test NO-SOURCE
> Task :stagemonitor-jdbc:instrument SKIPPED
> Task :stagemonitor-jdbc:copyCoberturaDatafile SKIPPED

> Task :stagemonitor-tracing:compileTestJava
Note: Some input files use or override a deprecated API.
Note: Recompile with -Xlint:deprecation for details.
Note: Some input files use unchecked or unsafe operations.
Note: Recompile with -Xlint:unchecked for details.

> Task :stagemonitor-tracing:processTestResources
> Task :stagemonitor-tracing:testClasses

> Task :stagemonitor-jdbc:compileTestJava
Note: /home/travis/build/stagemonitor/stagemonitor/stagemonitor-jdbc/src/test/java/org/stagemonitor/jdbc/ConnectionMonitoringTransformerTest.java uses or overrides a deprecated API.
Note: Recompile with -Xlint:deprecation for details.

> Task :stagemonitor-jdbc:processTestResources
> Task :stagemonitor-jdbc:testClasses

> Task :stagemonitor-jdbc:test
13:41:16.339 [Thread-14] INFO org.stagemonitor.core.Stagemonitor - Shutting down stagemonitor
13:41:16.343 [Thread-14] INFO org.stagemonitor.tracing.soap.SoapHandlerTransformer - Removing SOAP handlers [org.stagemonitor.tracing.soap.TracingServerSOAPHandler@282e772, org.stagemonitor.tracing.soap.TracingClientSOAPHandler@3b35396d]

> Task :stagemonitor-jvm:instrument SKIPPED
> Task :stagemonitor-jvm:copyCoberturaDatafile SKIPPED
> Task :stagemonitor-jvm:compileTestJava NO-SOURCE
> Task :stagemonitor-jvm:processTestResources NO-SOURCE
> Task :stagemonitor-jvm:testClasses UP-TO-DATE
> Task :stagemonitor-jvm:test NO-SOURCE
> Task :stagemonitor-logging:compileJava UP-TO-DATE
> Task :stagemonitor-logging:processResources UP-TO-DATE
> Task :stagemonitor-logging:classes UP-TO-DATE
> Task :stagemonitor-logging:instrument SKIPPED
> Task :stagemonitor-logging:copyCoberturaDatafile SKIPPED

> Task :stagemonitor-logging:compileTestJava
Note: /home/travis/build/stagemonitor/stagemonitor/stagemonitor-logging/src/test/java/org/stagemonitor/logging/MeterLoggingInstrumenterTest.java uses or overrides a deprecated API.
Note: Recompile with -Xlint:deprecation for details.

> Task :stagemonitor-logging:processTestResources
> Task :stagemonitor-logging:testClasses

> Task :stagemonitor-logging:test
13:41:18.719 [Thread-8] INFO org.stagemonitor.core.Stagemonitor - Shutting down stagemonitor
13:41:18.723 [Thread-8] INFO org.stagemonitor.tracing.soap.SoapHandlerTransformer - Removing SOAP handlers [org.stagemonitor.tracing.soap.TracingServerSOAPHandler@332c6075, org.stagemonitor.tracing.soap.TracingClientSOAPHandler@116d6c8c]

> Task :stagemonitor-os:compileJava UP-TO-DATE
> Task :stagemonitor-os:processResources UP-TO-DATE
> Task :stagemonitor-os:classes UP-TO-DATE
> Task :stagemonitor-os:instrument SKIPPED
> Task :stagemonitor-os:copyCoberturaDatafile SKIPPED
> Task :stagemonitor-os:compileTestJava
> Task :stagemonitor-os:processTestResources NO-SOURCE
> Task :stagemonitor-os:testClasses
> Task :stagemonitor-os:test
> Task :stagemonitor-tracing:instrument SKIPPED
> Task :stagemonitor-tracing:copyCoberturaDatafile SKIPPED

> Task :stagemonitor-tracing:test

org.stagemonitor.tracing.TracedTransformerTest > testNestedTracing FAILED
    java.lang.NullPointerException
        at org.stagemonitor.tracing.TracedTransformerTest.testNestedTracing(TracedTransformerTest.java:152)

    org.junit.ComparisonFailure: expected:<null> but was:<NoopSpan>
        at sun.reflect.NativeConstructorAccessorImpl.newInstance0(Native Method)
        at sun.reflect.NativeConstructorAccessorImpl.newInstance(NativeConstructorAccessorImpl.java:62)
        at sun.reflect.DelegatingConstructorAccessorImpl.newInstance(DelegatingConstructorAccessorImpl.java:45)
        at org.stagemonitor.tracing.TracedTransformerTest.tearDown(TracedTransformerTest.java:60)

100 tests completed, 1 failed, 2 skipped

> Task :stagemonitor-tracing:test FAILED
> Task :stagemonitor-alerting:generateCoberturaReport SKIPPED
> Task :stagemonitor-alerting:performCoverageCheck SKIPPED
> Task :stagemonitor-configuration:generateCoberturaReport SKIPPED
> Task :stagemonitor-configuration:performCoverageCheck SKIPPED
> Task :stagemonitor-core:generateCoberturaReport SKIPPED
> Task :stagemonitor-core:performCoverageCheck SKIPPED
> Task :stagemonitor-dispatcher:generateCoberturaReport SKIPPED
> Task :stagemonitor-dispatcher:performCoverageCheck SKIPPED
> Task :stagemonitor-ehcache:generateCoberturaReport SKIPPED
> Task :stagemonitor-ehcache:performCoverageCheck SKIPPED
> Task :stagemonitor-eum-server:generateCoberturaReport SKIPPED
> Task :stagemonitor-eum-server:performCoverageCheck SKIPPED
> Task :stagemonitor-jdbc:generateCoberturaReport SKIPPED
> Task :stagemonitor-jdbc:performCoverageCheck SKIPPED
> Task :stagemonitor-jvm:generateCoberturaReport SKIPPED
> Task :stagemonitor-jvm:performCoverageCheck SKIPPED
> Task :stagemonitor-logging:generateCoberturaReport SKIPPED
> Task :stagemonitor-logging:performCoverageCheck SKIPPED
> Task :stagemonitor-os:generateCoberturaReport SKIPPED
> Task :stagemonitor-os:performCoverageCheck SKIPPED
> Task :stagemonitor-tracing:generateCoberturaReport SKIPPED
> Task :stagemonitor-tracing:performCoverageCheck SKIPPED

FAILURE: Build failed with an exception.

* What went wrong:
Execution failed for task ':stagemonitor-tracing:test'.
> There were failing tests. See the report at: file:///home/travis/build/stagemonitor/stagemonitor/stagemonitor-tracing/build/reports/tests/test/index.html

* Try:
Run with --stacktrace option to get the stack trace. Run with --info or --debug option to get more log output. Run with --scan to get full insights.

* Get more help at https://help.gradle.org

Deprecated Gradle features were used in this build, making it incompatible with Gradle 6.0.
Use '--warning-mode all' to show the individual deprecation warnings.
See https://docs.gradle.org/5.5.1/userguide/command_line_interface.html#sec:command_line_warnings

BUILD FAILED in 1m 14s
62 actionable tasks: 22 executed, 40 up-to-date
travis_time:end:152454fc:start=1567690825509448326,finish=1567690900402377817,duration=74892929491,event=script
[0K[31;1mThe command "./gradlew test" exited with 1.[0m
travis_fold:start:cache.2
[0Kstore build cache
travis_time:start:3838a1ba
[0Ktravis_time:end:3838a1ba:start=1567690900410496663,finish=1567690900416557240,duration=6060577,event=cache
[0Ktravis_time:start:19f0c45e
[0K[32;1mchanges detected (content changed, file is created, or file is deleted):\n/home/travis/.gradle/caches/5.5.1/executionHistory/executionHistory.lock
/home/travis/.gradle/caches/5.5.1/fileContent/fileContent.lock
/home/travis/.gradle/caches/5.5.1/fileHashes/fileHashes.bin
/home/travis/.gradle/caches/5.5.1/fileHashes/fileHashes.lock
/home/travis/.gradle/caches/5.5.1/javaCompile/javaCompile.lock
/home/travis/.gradle/caches/journal-1/file-access.bin
/home/travis/.gradle/caches/journal-1/journal-1.lock
/home/travis/.gradle/caches/modules-2/modules-2.lock
/home/travis/.gradle/daemon/5.5.1/daemon-4467.out.log
/home/travis/.gradle/daemon/5.5.1/registry.bin
/home/travis/.gradle/daemon/5.5.1/registry.bin.lock\n[0m
[32;1mchanges detected, packing new archive[0m
[32;1muploading zipkin/cache-linux-xenial-3517298fec68fa461026b229805df3fc0c5454187740fecd9f4d9993c2e9a038--jdk-openjdk8.tgz[0m
[32;1mcache uploaded[0m
travis_time:end:19f0c45e:start=1567690900422540275,finish=1567690929684092285,duration=29261552010,event=cache
[0Ktravis_fold:end:cache.2
[0K
travis_fold:start:after_failure
[0Ktravis_time:start:1556ea4c
[0K$ cat /home/travis/build/stagemonitor/stagemonitor/stagemonitor-*/hs_err_*.log
cat: '/home/travis/build/stagemonitor/stagemonitor/stagemonitor-*/hs_err_*.log': No such file or directory
travis_time:end:1556ea4c:start=1567690929691414066,finish=1567690929698414860,duration=7000794,event=after_failure
[0Ktravis_fold:end:after_failure
[0K
Done. Your build exited with 1.