travis_fold:start:worker_info[0K[33;1mWorker information[0m
hostname: e678df2a-9e7c-42fb-a99e-5f634e72dfd3@1.i-082e2a7-production-2-worker-org-ec2.travisci.net
version: v3.4.0 https://github.com/travis-ci/worker/tree/ce0440bc30c289a49a9b0c21e4e1e6f7d7825101
instance: 14b7294 travisci/ci-garnet:packer-1512502276-986baf0 (via amqp)
startup: 844.889516ms
travis_fold:end:worker_info[0Kmode of â€˜/usr/local/clang-5.0.0/binâ€™ changed from 0777 (rwxrwxrwx) to 0775 (rwxrwxr-x)
travis_fold:start:system_info[0K[33;1mBuild system information[0m
Build language: python
Build group: stable
Build dist: trusty
Build id: 330142560
Job id: 330142563
Runtime kernel version: 4.14.12-041412-generic
travis-build version: d4c1219d4
[34m[1mBuild image provisioning date and time[0m
Tue Dec  5 20:11:19 UTC 2017
[34m[1mOperating System Details[0m
Distributor ID:	Ubuntu
Description:	Ubuntu 14.04.5 LTS
Release:	14.04
Codename:	trusty
[34m[1mCookbooks Version[0m
7c2c6a6 https://github.com/travis-ci/travis-cookbooks/tree/7c2c6a6
[34m[1mgit version[0m
git version 2.15.1
[34m[1mbash version[0m
GNU bash, version 4.3.11(1)-release (x86_64-pc-linux-gnu)
[34m[1mgcc version[0m
gcc (Ubuntu 4.8.4-2ubuntu1~14.04.3) 4.8.4
Copyright (C) 2013 Free Software Foundation, Inc.
This is free software; see the source for copying conditions.  There is NO
warranty; not even for MERCHANTABILITY or FITNESS FOR A PARTICULAR PURPOSE.

[34m[1mdocker version[0m
Client:
 Version:      17.09.0-ce
 API version:  1.32
 Go version:   go1.8.3
 Git commit:   afdb6d4
 Built:        Tue Sep 26 22:39:28 2017
 OS/Arch:      linux/amd64
[34m[1mclang version[0m
clang version 5.0.0 (tags/RELEASE_500/final)
Target: x86_64-unknown-linux-gnu
Thread model: posix
InstalledDir: /usr/local/clang-5.0.0/bin
[34m[1mjq version[0m
jq-1.5
[34m[1mbats version[0m
Bats 0.4.0
[34m[1mshellcheck version[0m
0.4.6
[34m[1mshfmt version[0m
v2.0.0
[34m[1mccache version[0m
ccache version 3.1.9

Copyright (C) 2002-2007 Andrew Tridgell
Copyright (C) 2009-2011 Joel Rosdahl

This program is free software; you can redistribute it and/or modify it under
the terms of the GNU General Public License as published by the Free Software
Foundation; either version 3 of the License, or (at your option) any later
version.
[34m[1mcmake version[0m
cmake version 3.9.2

CMake suite maintained and supported by Kitware (kitware.com/cmake).
[34m[1mheroku version[0m
heroku-cli/6.14.39-addc925 (linux-x64) node-v9.2.0
[34m[1mimagemagick version[0m
Version: ImageMagick 6.7.7-10 2017-07-31 Q16 http://www.imagemagick.org
[34m[1mmd5deep version[0m
4.2
[34m[1mmercurial version[0m
Mercurial Distributed SCM (version 4.2.2)
(see https://mercurial-scm.org for more information)

Copyright (C) 2005-2017 Matt Mackall and others
This is free software; see the source for copying conditions. There is NO
warranty; not even for MERCHANTABILITY or FITNESS FOR A PARTICULAR PURPOSE.
[34m[1mmysql version[0m
mysql  Ver 14.14 Distrib 5.6.33, for debian-linux-gnu (x86_64) using  EditLine wrapper
[34m[1mopenssl version[0m
OpenSSL 1.0.1f 6 Jan 2014
[34m[1mpacker version[0m
Packer v1.0.2

Your version of Packer is out of date! The latest version
is 1.1.2. You can update by downloading from www.packer.io
[34m[1mpostgresql client version[0m
psql (PostgreSQL) 9.6.6
[34m[1mragel version[0m
Ragel State Machine Compiler version 6.8 Feb 2013
Copyright (c) 2001-2009 by Adrian Thurston
[34m[1msubversion version[0m
svn, version 1.8.8 (r1568071)
   compiled Aug 10 2017, 17:20:39 on x86_64-pc-linux-gnu

Copyright (C) 2013 The Apache Software Foundation.
This software consists of contributions made by many people;
see the NOTICE file for more information.
Subversion is open source software, see http://subversion.apache.org/

The following repository access (RA) modules are available:

* ra_svn : Module for accessing a repository using the svn network protocol.
  - with Cyrus SASL authentication
  - handles 'svn' scheme
* ra_local : Module for accessing a repository on local disk.
  - handles 'file' scheme
* ra_serf : Module for accessing a repository via WebDAV protocol using serf.
  - using serf 1.3.3
  - handles 'http' scheme
  - handles 'https' scheme

[34m[1msudo version[0m
Sudo version 1.8.9p5
Configure options: --prefix=/usr -v --with-all-insults --with-pam --with-fqdn --with-logging=syslog --with-logfac=authpriv --with-env-editor --with-editor=/usr/bin/editor --with-timeout=15 --with-password-timeout=0 --with-passprompt=[sudo] password for %p:  --without-lecture --with-tty-tickets --disable-root-mailer --enable-admin-flag --with-sendmail=/usr/sbin/sendmail --with-timedir=/var/lib/sudo --mandir=/usr/share/man --libexecdir=/usr/lib/sudo --with-sssd --with-sssd-lib=/usr/lib/x86_64-linux-gnu --with-selinux
Sudoers policy plugin version 1.8.9p5
Sudoers file grammar version 43

Sudoers path: /etc/sudoers
Authentication methods: 'pam'
Syslog facility if syslog is being used for logging: authpriv
Syslog priority to use when user authenticates successfully: notice
Syslog priority to use when user authenticates unsuccessfully: alert
Send mail if the user is not in sudoers
Use a separate timestamp for each user/tty combo
Lecture user the first time they run sudo
Root may run sudo
Allow some information gathering to give useful error messages
Require fully-qualified hostnames in the sudoers file
Visudo will honor the EDITOR environment variable
Set the LOGNAME and USER environment variables
Length at which to wrap log file lines (0 for no wrap): 80
Authentication timestamp timeout: 15.0 minutes
Password prompt timeout: 0.0 minutes
Number of tries to enter a password: 3
Umask to use or 0777 to use user's: 022
Path to mail program: /usr/sbin/sendmail
Flags for mail program: -t
Address to send mail to: root
Subject line for mail messages: *** SECURITY information for %h ***
Incorrect password message: Sorry, try again.
Path to authentication timestamp dir: /var/lib/sudo
Default password prompt: [sudo] password for %p: 
Default user to run commands as: root
Value to override user's $PATH with: /usr/local/sbin:/usr/local/bin:/usr/sbin:/usr/bin:/sbin:/bin:/snap/bin
Path to the editor for use by visudo: /usr/bin/editor
When to require a password for 'list' pseudocommand: any
When to require a password for 'verify' pseudocommand: all
File descriptors >= 3 will be closed before executing a command
Environment variables to check for sanity:
	TZ
	TERM
	LINGUAS
	LC_*
	LANGUAGE
	LANG
	COLORTERM
Environment variables to remove:
	RUBYOPT
	RUBYLIB
	PYTHONUSERBASE
	PYTHONINSPECT
	PYTHONPATH
	PYTHONHOME
	TMPPREFIX
	ZDOTDIR
	READNULLCMD
	NULLCMD
	FPATH
	PERL5DB
	PERL5OPT
	PERL5LIB
	PERLLIB
	PERLIO_DEBUG 
	JAVA_TOOL_OPTIONS
	SHELLOPTS
	GLOBIGNORE
	PS4
	BASH_ENV
	ENV
	TERMCAP
	TERMPATH
	TERMINFO_DIRS
	TERMINFO
	_RLD*
	LD_*
	PATH_LOCALE
	NLSPATH
	HOSTALIASES
	RES_OPTIONS
	LOCALDOMAIN
	CDPATH
	IFS
Environment variables to preserve:
	JAVA_HOME
	TRAVIS
	CI
	DEBIAN_FRONTEND
	XAUTHORIZATION
	XAUTHORITY
	PS2
	PS1
	PATH
	LS_COLORS
	KRB5CCNAME
	HOSTNAME
	HOME
	DISPLAY
	COLORS
Locale to use while parsing sudoers: C
Directory in which to store input/output logs: /var/log/sudo-io
File in which to store the input/output log: %{seq}
Add an entry to the utmp/utmpx file when allocating a pty
PAM service name to use
PAM service name to use for login shells
Create a new PAM session for the command to run in
Maximum I/O log sequence number: 0

Local IP address and netmask pairs:
	172.17.0.2/255.255.0.0

Sudoers I/O plugin version 1.8.9p5
[34m[1mgzip version[0m
gzip 1.6
Copyright (C) 2007, 2010, 2011 Free Software Foundation, Inc.
Copyright (C) 1993 Jean-loup Gailly.
This is free software.  You may redistribute copies of it under the terms of
the GNU General Public License <http://www.gnu.org/licenses/gpl.html>.
There is NO WARRANTY, to the extent permitted by law.

Written by Jean-loup Gailly.
[34m[1mzip version[0m
Copyright (c) 1990-2008 Info-ZIP - Type 'zip "-L"' for software license.
This is Zip 3.0 (July 5th 2008), by Info-ZIP.
Currently maintained by E. Gordon.  Please send bug reports to
the authors using the web page at www.info-zip.org; see README for details.

Latest sources and executables are at ftp://ftp.info-zip.org/pub/infozip,
as of above date; see http://www.info-zip.org/ for other sites.

Compiled with gcc 4.8.2 for Unix (Linux ELF) on Oct 21 2013.

Zip special compilation options:
	USE_EF_UT_TIME       (store Universal Time)
	BZIP2_SUPPORT        (bzip2 library version 1.0.6, 6-Sept-2010)
	    bzip2 code and library copyright (c) Julian R Seward
	    (See the bzip2 license for terms of use)
	SYMLINK_SUPPORT      (symbolic links supported)
	LARGE_FILE_SUPPORT   (can read and write large files on file system)
	ZIP64_SUPPORT        (use Zip64 to store large files in archives)
	UNICODE_SUPPORT      (store and read UTF-8 Unicode paths)
	STORE_UNIX_UIDs_GIDs (store UID/GID sizes/values using new extra field)
	UIDGID_NOT_16BIT     (old Unix 16-bit UID/GID extra field not used)
	[encryption, version 2.91 of 05 Jan 2007] (modified for Zip 3)

Encryption notice:
	The encryption code of this program is not copyrighted and is
	put in the public domain.  It was originally written in Europe
	and, to the best of our knowledge, can be freely distributed
	in both source and object forms from any country, including
	the USA under License Exception TSU of the U.S. Export
	Administration Regulations (section 740.13(e)) of 6 June 2002.

Zip environment options:
             ZIP:  [none]
          ZIPOPT:  [none]
[34m[1mvim version[0m
VIM - Vi IMproved 7.4 (2013 Aug 10, compiled Nov 24 2016 16:43:18)
Included patches: 1-52
Extra patches: 8.0.0056
Modified by pkg-vim-maintainers@lists.alioth.debian.org
Compiled by buildd@
Huge version without GUI.  Features included (+) or not (-):
+acl             +farsi           +mouse_netterm   +syntax
+arabic          +file_in_path    +mouse_sgr       +tag_binary
+autocmd         +find_in_path    -mouse_sysmouse  +tag_old_static
-balloon_eval    +float           +mouse_urxvt     -tag_any_white
-browse          +folding         +mouse_xterm     -tcl
++builtin_terms  -footer          +multi_byte      +terminfo
+byte_offset     +fork()          +multi_lang      +termresponse
+cindent         +gettext         -mzscheme        +textobjects
-clientserver    -hangul_input    +netbeans_intg   +title
-clipboard       +iconv           +path_extra      -toolbar
+cmdline_compl   +insert_expand   -perl            +user_commands
+cmdline_hist    +jumplist        +persistent_undo +vertsplit
+cmdline_info    +keymap          +postscript      +virtualedit
+comments        +langmap         +printer         +visual
+conceal         +libcall         +profile         +visualextra
+cryptv          +linebreak       +python          +viminfo
+cscope          +lispindent      -python3         +vreplace
+cursorbind      +listcmds        +quickfix        +wildignore
+cursorshape     +localmap        +reltime         +wildmenu
+dialog_con      -lua             +rightleft       +windows
+diff            +menu            -ruby            +writebackup
+digraphs        +mksession       +scrollbind      -X11
-dnd             +modify_fname    +signs           -xfontset
-ebcdic          +mouse           +smartindent     -xim
+emacs_tags      -mouseshape      -sniff           -xsmp
+eval            +mouse_dec       +startuptime     -xterm_clipboard
+ex_extra        +mouse_gpm       +statusline      -xterm_save
+extra_search    -mouse_jsbterm   -sun_workshop    -xpm
   system vimrc file: "$VIM/vimrc"
     user vimrc file: "$HOME/.vimrc"
 2nd user vimrc file: "~/.vim/vimrc"
      user exrc file: "$HOME/.exrc"
  fall-back for $VIM: "/usr/share/vim"
Compilation: gcc -c -I. -Iproto -DHAVE_CONFIG_H     -g -O2 -fstack-protector --param=ssp-buffer-size=4 -Wformat -Werror=format-security -U_FORTIFY_SOURCE -D_FORTIFY_SOURCE=1      
Linking: gcc   -Wl,-Bsymbolic-functions -Wl,-z,relro -Wl,--as-needed -o vim        -lm -ltinfo -lnsl  -lselinux  -lacl -lattr -lgpm -ldl    -L/usr/lib/python2.7/config-x86_64-linux-gnu -lpython2.7 -lpthread -ldl -lutil -lm -Xlinker -export-dynamic -Wl,-O1 -Wl,-Bsymbolic-functions      
[34m[1miptables version[0m
iptables v1.4.21
[34m[1mcurl version[0m
curl 7.35.0 (x86_64-pc-linux-gnu) libcurl/7.35.0 OpenSSL/1.0.1f zlib/1.2.8 libidn/1.28 librtmp/2.3
[34m[1mwget version[0m
GNU Wget 1.15 built on linux-gnu.
[34m[1mrsync version[0m
rsync  version 3.1.0  protocol version 31
[34m[1mgimme version[0m
v1.2.0
[34m[1mnvm version[0m
0.33.6
[34m[1mperlbrew version[0m
/home/travis/perl5/perlbrew/bin/perlbrew  - App::perlbrew/0.80
[34m[1mphpenv version[0m
rbenv 1.1.1-25-g6aa70b6
[34m[1mrvm version[0m
rvm 1.29.3 (latest) by Michal Papis, Piotr Kuczynski, Wayne E. Seguin [https://rvm.io]
[34m[1mdefault ruby version[0m
ruby 2.4.1p111 (2017-03-22 revision 58053) [x86_64-linux]
[34m[1mCouchDB version[0m
couchdb 1.6.1
[34m[1mElasticSearch version[0m
5.5.0
[34m[1mInstalled Firefox version[0m
firefox 56.0.2
[34m[1mMongoDB version[0m
MongoDB 3.4.10
[34m[1mPhantomJS version[0m
2.1.1
[34m[1mPre-installed PostgreSQL versions[0m
9.2.24
9.3.20
9.4.15
9.5.10
9.6.6
[34m[1mRabbitMQ Version[0m
3.6.14
[34m[1mRedis version[0m
redis-server 4.0.6
[34m[1mriak version[0m
2.2.3
[34m[1mPre-installed Go versions[0m
1.7.4
[34m[1mant version[0m
Apache Ant(TM) version 1.9.3 compiled on April 8 2014
[34m[1mmvn version[0m
Apache Maven 3.5.2 (138edd61fd100ec658bfa2d307c43b76940a5d7d; 2017-10-18T07:58:13Z)
Maven home: /usr/local/maven-3.5.2
Java version: 1.8.0_151, vendor: Oracle Corporation
Java home: /usr/lib/jvm/java-8-oracle/jre
Default locale: en_US, platform encoding: UTF-8
OS name: "linux", version: "4.4.0-101-generic", arch: "amd64", family: "unix"
[34m[1mgradle version[0m

------------------------------------------------------------
Gradle 4.0.1
------------------------------------------------------------

Build time:   2017-07-07 14:02:41 UTC
Revision:     38e5dc0f772daecca1d2681885d3d85414eb6826

Groovy:       2.4.11
Ant:          Apache Ant(TM) version 1.9.6 compiled on June 29 2015
JVM:          1.8.0_151 (Oracle Corporation 25.151-b12)
OS:           Linux 4.4.0-101-generic amd64

[34m[1mlein version[0m
Leiningen 2.8.1 on Java 1.8.0_151 Java HotSpot(TM) 64-Bit Server VM
[34m[1mPre-installed Node.js versions[0m
v4.8.6
v6.12.0
v6.12.1
v8.9
v8.9.1
[34m[1mphpenv versions[0m
  system
  5.6
* 5.6.32 (set by /home/travis/.phpenv/version)
  7.0
  7.0.25
  7.1
  7.1.11
  hhvm
  hhvm-stable
[34m[1mcomposer --version[0m
Composer version 1.5.2 2017-09-11 16:59:25
[34m[1mPre-installed Ruby versions[0m
ruby-2.2.7
ruby-2.3.4
ruby-2.4.1
travis_fold:end:system_info[0K
removed â€˜/etc/apt/sources.list.d/basho_riak.listâ€™
W: http://ppa.launchpad.net/couchdb/stable/ubuntu/dists/trusty/Release.gpg: Signature by key 15866BAFD9BCC4F3C1E0DFC7D69548E1C17EAB57 uses weak digest algorithm (SHA1)
127.0.0.1	localhost
::1	 ip6-localhost ip6-loopback
fe00::0	ip6-localnet
ff00::0	ip6-mcastprefix
ff02::1	ip6-allnodes
ff02::2	ip6-allrouters
172.17.0.13	travis-job-python-mypy-330142563.travisci.net travis-job-python-mypy-330142563
travis_fold:start:git.checkout[0Ktravis_time:start:08b2a5df[0K$ git clone --depth=50 https://github.com/python/mypy.git python/mypy
Cloning into 'python/mypy'...
remote: Counting objects: 822, done.[K
remote: Compressing objects:   0% (1/515)   [Kremote: Compressing objects:   1% (6/515)   [Kremote: Compressing objects:   2% (11/515)   [Kremote: Compressing objects:   3% (16/515)   [Kremote: Compressing objects:   4% (21/515)   [Kremote: Compressing objects:   5% (26/515)   [Kremote: Compressing objects:   6% (31/515)   [Kremote: Compressing objects:   7% (37/515)   [Kremote: Compressing objects:   8% (42/515)   [Kremote: Compressing objects:   9% (47/515)   [Kremote: Compressing objects:  10% (52/515)   [Kremote: Compressing objects:  11% (57/515)   [Kremote: Compressing objects:  12% (62/515)   [Kremote: Compressing objects:  13% (67/515)   [Kremote: Compressing objects:  14% (73/515)   [Kremote: Compressing objects:  15% (78/515)   [Kremote: Compressing objects:  16% (83/515)   [Kremote: Compressing objects:  17% (88/515)   [Kremote: Compressing objects:  18% (93/515)   [Kremote: Compressing objects:  19% (98/515)   [Kremote: Compressing objects:  20% (103/515)   [Kremote: Compressing objects:  21% (109/515)   [Kremote: Compressing objects:  22% (114/515)   [Kremote: Compressing objects:  23% (119/515)   [Kremote: Compressing objects:  24% (124/515)   [Kremote: Compressing objects:  25% (129/515)   [Kremote: Compressing objects:  26% (134/515)   [Kremote: Compressing objects:  27% (140/515)   [Kremote: Compressing objects:  28% (145/515)   [Kremote: Compressing objects:  29% (150/515)   [Kremote: Compressing objects:  30% (155/515)   [Kremote: Compressing objects:  31% (160/515)   [Kremote: Compressing objects:  32% (165/515)   [Kremote: Compressing objects:  33% (170/515)   [Kremote: Compressing objects:  34% (176/515)   [Kremote: Compressing objects:  35% (181/515)   [Kremote: Compressing objects:  36% (186/515)   [Kremote: Compressing objects:  37% (191/515)   [Kremote: Compressing objects:  38% (196/515)   [Kremote: Compressing objects:  39% (201/515)   [Kremote: Compressing objects:  40% (206/515)   [Kremote: Compressing objects:  41% (212/515)   [Kremote: Compressing objects:  42% (217/515)   [Kremote: Compressing objects:  43% (222/515)   [Kremote: Compressing objects:  44% (227/515)   [Kremote: Compressing objects:  45% (232/515)   [Kremote: Compressing objects:  46% (237/515)   [Kremote: Compressing objects:  47% (243/515)   [Kremote: Compressing objects:  48% (248/515)   [Kremote: Compressing objects:  49% (253/515)   [Kremote: Compressing objects:  50% (258/515)   [Kremote: Compressing objects:  51% (263/515)   [Kremote: Compressing objects:  52% (268/515)   [Kremote: Compressing objects:  53% (273/515)   [Kremote: Compressing objects:  54% (279/515)   [Kremote: Compressing objects:  55% (284/515)   [Kremote: Compressing objects:  56% (289/515)   [Kremote: Compressing objects:  57% (294/515)   [Kremote: Compressing objects:  58% (299/515)   [Kremote: Compressing objects:  59% (304/515)   [Kremote: Compressing objects:  60% (309/515)   [Kremote: Compressing objects:  61% (315/515)   [Kremote: Compressing objects:  62% (320/515)   [Kremote: Compressing objects:  63% (325/515)   [Kremote: Compressing objects:  64% (330/515)   [Kremote: Compressing objects:  65% (335/515)   [Kremote: Compressing objects:  66% (340/515)   [Kremote: Compressing objects:  67% (346/515)   [Kremote: Compressing objects:  68% (351/515)   [Kremote: Compressing objects:  69% (356/515)   [Kremote: Compressing objects:  70% (361/515)   [Kremote: Compressing objects:  71% (366/515)   [Kremote: Compressing objects:  72% (371/515)   [Kremote: Compressing objects:  73% (376/515)   [Kremote: Compressing objects:  74% (382/515)   [Kremote: Compressing objects:  75% (387/515)   [Kremote: Compressing objects:  76% (392/515)   [Kremote: Compressing objects:  77% (397/515)   [Kremote: Compressing objects:  78% (402/515)   [Kremote: Compressing objects:  79% (407/515)   [Kremote: Compressing objects:  80% (412/515)   [Kremote: Compressing objects:  81% (418/515)   [Kremote: Compressing objects:  82% (423/515)   [Kremote: Compressing objects:  83% (428/515)   [Kremote: Compressing objects:  84% (433/515)   [Kremote: Compressing objects:  85% (438/515)   [Kremote: Compressing objects:  86% (443/515)   [Kremote: Compressing objects:  87% (449/515)   [Kremote: Compressing objects:  88% (454/515)   [Kremote: Compressing objects:  89% (459/515)   [Kremote: Compressing objects:  90% (464/515)   [Kremote: Compressing objects:  91% (469/515)   [Kremote: Compressing objects:  92% (474/515)   [Kremote: Compressing objects:  93% (479/515)   [Kremote: Compressing objects:  94% (485/515)   [Kremote: Compressing objects:  95% (490/515)   [Kremote: Compressing objects:  96% (495/515)   [Kremote: Compressing objects:  97% (500/515)   [Kremote: Compressing objects:  98% (505/515)   [Kremote: Compressing objects:  99% (510/515)   [Kremote: Compressing objects: 100% (515/515)   [Kremote: Compressing objects: 100% (515/515), done.[K
Receiving objects:   0% (1/822)   Receiving objects:   1% (9/822)   Receiving objects:   2% (17/822)   Receiving objects:   3% (25/822)   Receiving objects:   4% (33/822)   Receiving objects:   5% (42/822)   Receiving objects:   6% (50/822)   Receiving objects:   7% (58/822)   Receiving objects:   8% (66/822)   Receiving objects:   9% (74/822)   Receiving objects:  10% (83/822)   Receiving objects:  11% (91/822)   Receiving objects:  12% (99/822)   Receiving objects:  13% (107/822)   Receiving objects:  14% (116/822)   Receiving objects:  15% (124/822)   Receiving objects:  16% (132/822)   Receiving objects:  17% (140/822)   Receiving objects:  18% (148/822)   Receiving objects:  19% (157/822)   Receiving objects:  20% (165/822)   Receiving objects:  21% (173/822)   Receiving objects:  22% (181/822)   Receiving objects:  23% (190/822)   Receiving objects:  24% (198/822)   Receiving objects:  25% (206/822)   Receiving objects:  26% (214/822)   Receiving objects:  27% (222/822)   Receiving objects:  28% (231/822)   Receiving objects:  29% (239/822)   Receiving objects:  30% (247/822)   Receiving objects:  31% (255/822)   Receiving objects:  32% (264/822)   Receiving objects:  33% (272/822)   Receiving objects:  34% (280/822)   Receiving objects:  35% (288/822)   Receiving objects:  36% (296/822)   Receiving objects:  37% (305/822)   Receiving objects:  38% (313/822)   Receiving objects:  39% (321/822)   Receiving objects:  40% (329/822)   Receiving objects:  41% (338/822)   Receiving objects:  42% (346/822)   Receiving objects:  43% (354/822)   Receiving objects:  44% (362/822)   Receiving objects:  45% (370/822)   Receiving objects:  46% (379/822)   Receiving objects:  47% (387/822)   Receiving objects:  48% (395/822)   Receiving objects:  49% (403/822)   Receiving objects:  50% (411/822)   Receiving objects:  51% (420/822)   Receiving objects:  52% (428/822)   Receiving objects:  53% (436/822)   Receiving objects:  54% (444/822)   Receiving objects:  55% (453/822)   Receiving objects:  56% (461/822)   Receiving objects:  57% (469/822)   Receiving objects:  58% (477/822)   Receiving objects:  59% (485/822)   Receiving objects:  60% (494/822)   Receiving objects:  61% (502/822)   Receiving objects:  62% (510/822)   Receiving objects:  63% (518/822)   Receiving objects:  64% (527/822)   Receiving objects:  65% (535/822)   Receiving objects:  66% (543/822)   Receiving objects:  67% (551/822)   Receiving objects:  68% (559/822)   Receiving objects:  69% (568/822)   Receiving objects:  70% (576/822)   Receiving objects:  71% (584/822)   Receiving objects:  72% (592/822)   Receiving objects:  73% (601/822)   Receiving objects:  74% (609/822)   Receiving objects:  75% (617/822)   Receiving objects:  76% (625/822)   Receiving objects:  77% (633/822)   Receiving objects:  78% (642/822)   Receiving objects:  79% (650/822)   Receiving objects:  80% (658/822)   Receiving objects:  81% (666/822)   Receiving objects:  82% (675/822)   Receiving objects:  83% (683/822)   Receiving objects:  84% (691/822)   Receiving objects:  85% (699/822)   Receiving objects:  86% (707/822)   Receiving objects:  87% (716/822)   Receiving objects:  88% (724/822)   Receiving objects:  89% (732/822)   Receiving objects:  90% (740/822)   Receiving objects:  91% (749/822)   Receiving objects:  92% (757/822)   Receiving objects:  93% (765/822)   Receiving objects:  94% (773/822)   Receiving objects:  95% (781/822)   Receiving objects:  96% (790/822)   Receiving objects:  97% (798/822)   remote: Total 822 (delta 359), reused 489 (delta 291), pack-reused 0[K
Receiving objects:  98% (806/822)   Receiving objects:  99% (814/822)   Receiving objects: 100% (822/822)   Receiving objects: 100% (822/822), 1.22 MiB | 10.98 MiB/s, done.
Resolving deltas:   0% (0/359)   Resolving deltas:  13% (49/359)   Resolving deltas:  14% (51/359)   Resolving deltas:  16% (61/359)   Resolving deltas:  19% (69/359)   Resolving deltas:  20% (72/359)   Resolving deltas:  21% (77/359)   Resolving deltas:  22% (79/359)   Resolving deltas:  23% (83/359)   Resolving deltas:  32% (116/359)   Resolving deltas:  33% (121/359)   Resolving deltas:  34% (125/359)   Resolving deltas:  35% (126/359)   Resolving deltas:  36% (131/359)   Resolving deltas:  37% (135/359)   Resolving deltas:  38% (137/359)   Resolving deltas:  39% (141/359)   Resolving deltas:  41% (148/359)   Resolving deltas:  43% (156/359)   Resolving deltas:  44% (159/359)   Resolving deltas:  45% (163/359)   Resolving deltas:  46% (168/359)   Resolving deltas:  47% (172/359)   Resolving deltas:  48% (175/359)   Resolving deltas:  49% (176/359)   Resolving deltas:  50% (181/359)   Resolving deltas:  51% (184/359)   Resolving deltas:  52% (189/359)   Resolving deltas:  53% (191/359)   Resolving deltas:  54% (194/359)   Resolving deltas:  55% (198/359)   Resolving deltas:  56% (203/359)   Resolving deltas:  57% (207/359)   Resolving deltas:  58% (209/359)   Resolving deltas:  59% (212/359)   Resolving deltas:  60% (217/359)   Resolving deltas:  61% (222/359)   Resolving deltas:  62% (223/359)   Resolving deltas:  69% (249/359)   Resolving deltas:  76% (273/359)   Resolving deltas:  77% (278/359)   Resolving deltas:  78% (281/359)   Resolving deltas:  79% (284/359)   Resolving deltas:  80% (288/359)   Resolving deltas:  81% (291/359)   Resolving deltas:  82% (296/359)   Resolving deltas:  83% (298/359)   Resolving deltas:  84% (303/359)   Resolving deltas:  85% (306/359)   Resolving deltas:  86% (311/359)   Resolving deltas:  87% (315/359)   Resolving deltas:  88% (316/359)   Resolving deltas:  89% (320/359)   Resolving deltas:  90% (324/359)   Resolving deltas:  91% (327/359)   Resolving deltas:  92% (331/359)   Resolving deltas:  94% (338/359)   Resolving deltas:  95% (343/359)   Resolving deltas:  97% (349/359)   Resolving deltas:  98% (355/359)   Resolving deltas:  99% (357/359)   Resolving deltas: 100% (359/359)   Resolving deltas: 100% (359/359), done.

travis_time:end:08b2a5df:start=1516236113082506950,finish=1516236114139775101,duration=1057268151[0K$ cd python/mypy
travis_time:start:02ad2b0e[0K$ git fetch origin +refs/pull/4481/merge:
remote: Counting objects: 11, done.[K
remote: Compressing objects:  25% (1/4)   [Kremote: Compressing objects:  50% (2/4)   [Kremote: Compressing objects:  75% (3/4)   [Kremote: Compressing objects: 100% (4/4)   [Kremote: Compressing objects: 100% (4/4), done.[K
remote: Total 11 (delta 8), reused 9 (delta 7), pack-reused 0[K
Unpacking objects:   9% (1/11)   Unpacking objects:  18% (2/11)   Unpacking objects:  27% (3/11)   Unpacking objects:  36% (4/11)   Unpacking objects:  45% (5/11)   Unpacking objects:  54% (6/11)   Unpacking objects:  63% (7/11)   Unpacking objects:  72% (8/11)   Unpacking objects:  81% (9/11)   Unpacking objects:  90% (10/11)   Unpacking objects: 100% (11/11)   Unpacking objects: 100% (11/11), done.
From https://github.com/python/mypy
 * branch            refs/pull/4481/merge -> FETCH_HEAD

travis_time:end:02ad2b0e:start=1516236114148750735,finish=1516236114490312130,duration=341561395[0K$ git checkout -qf FETCH_HEAD
travis_fold:end:git.checkout[0Ktravis_fold:start:git.submodule[0Ktravis_time:start:1a394fc4[0K$ git submodule update --init --recursive
Submodule 'typeshed' (https://github.com/python/typeshed) registered for path 'typeshed'
Cloning into '/home/travis/build/python/mypy/typeshed'...
Submodule path 'typeshed': checked out '7073bc0a49f87ed86444b69cc7332d74b3a4234d'

travis_time:end:1a394fc4:start=1516236114561481106,finish=1516236115673278884,duration=1111797778[0Ktravis_fold:end:git.submodule[0Ktravis_time:start:025fe7b9[0K$ source ~/virtualenv/python3.6/bin/activate

travis_time:end:025fe7b9:start=1516236132920216259,finish=1516236132931990773,duration=11774514[0Ktravis_fold:start:cache.1[0KSetting up build cache
$ export CASHER_DIR=$HOME/.casher
travis_time:start:13d51aa7[0K$ Installing caching utilities

travis_time:end:13d51aa7:start=1516236139571408347,finish=1516236139637844851,duration=66436504[0Ktravis_time:start:018957c0[0K
travis_time:end:018957c0:start=1516236139647522686,finish=1516236139654433169,duration=6910483[0Ktravis_time:start:0f1f7d60[0K[32;1mattempting to download cache archive[0m
[32;1mfetching PR.4481/cache-linux-trusty-e3b0c44298fc1c149afbf4c8996fb92427ae41e4649b934ca495991b7852b855--python-3.6.tgz[0m
[32;1mfetching PR.4481/cache--python-3.6.tgz[0m
[32;1mfetching master/cache-linux-trusty-e3b0c44298fc1c149afbf4c8996fb92427ae41e4649b934ca495991b7852b855--python-3.6.tgz[0m
[32;1mfound cache[0m

travis_time:end:0f1f7d60:start=1516236139662310425,finish=1516236149113433898,duration=9451123473[0Ktravis_fold:end:cache.1[0Ktravis_fold:start:cache.pip[0K
travis_time:start:1928ae80[0K
travis_time:end:1928ae80:start=1516236149121881506,finish=1516236149128767968,duration=6886462[0Ktravis_time:start:04a4c7d3[0K[32;1madding /home/travis/.cache/pip to cache[0m

travis_time:end:04a4c7d3:start=1516236149136544852,finish=1516236154587551345,duration=5451006493[0Ktravis_fold:end:cache.pip[0K$ python --version
Python 3.6.3
$ pip --version
pip 9.0.1 from /home/travis/virtualenv/python3.6.3/lib/python3.6/site-packages (python 3.6)
travis_fold:start:install.1[0Ktravis_time:start:06ae5f46[0K$ pip install -U pip setuptools wheel
Requirement already up-to-date: pip in /home/travis/virtualenv/python3.6.3/lib/python3.6/site-packages
Collecting setuptools
  Using cached setuptools-38.4.0-py2.py3-none-any.whl
Requirement already up-to-date: wheel in /home/travis/virtualenv/python3.6.3/lib/python3.6/site-packages
Installing collected packages: setuptools
  Found existing installation: setuptools 38.2.4
    Uninstalling setuptools-38.2.4:
      Successfully uninstalled setuptools-38.2.4
Successfully installed setuptools-38.4.0

travis_time:end:06ae5f46:start=1516236156081523823,finish=1516236160260923475,duration=4179399652[0Ktravis_fold:end:install.1[0Ktravis_fold:start:install.2[0Ktravis_time:start:04fce050[0K$ pip install -r test-requirements.txt
[33mIgnoring typing: markers 'python_version < "3.5"' don't match your environment[0m
Collecting flake8 (from -r test-requirements.txt (line 1))
  Using cached flake8-3.5.0-py2.py3-none-any.whl
Collecting flake8-bugbear (from -r test-requirements.txt (line 2))
  Using cached flake8_bugbear-17.12.0-py35.py36-none-any.whl
Collecting flake8-pyi (from -r test-requirements.txt (line 3))
  Using cached flake8_pyi-17.3.0-py35.py36-none-any.whl
Collecting lxml==4.0.0 (from -r test-requirements.txt (line 4))
  Using cached lxml-4.0.0-cp36-cp36m-manylinux1_x86_64.whl
Collecting psutil==5.4.0 (from -r test-requirements.txt (line 5))
Requirement already satisfied: pytest>=3.0 in /home/travis/virtualenv/python3.6.3/lib/python3.6/site-packages (from -r test-requirements.txt (line 6))
Collecting pytest-xdist>=1.18 (from -r test-requirements.txt (line 7))
  Using cached pytest_xdist-1.22.0-py2.py3-none-any.whl
Collecting pytest-cov>=2.4.0 (from -r test-requirements.txt (line 8))
  Using cached pytest_cov-2.5.1-py2.py3-none-any.whl
Collecting typed-ast<1.2.0,>=1.1.0 (from -r test-requirements.txt (line 9))
  Using cached typed_ast-1.1.0-cp36-cp36m-manylinux1_x86_64.whl
Requirement already satisfied: py>=1.5.2 in /home/travis/virtualenv/python3.6.3/lib/python3.6/site-packages (from -r test-requirements.txt (line 11))
Collecting pycodestyle<2.4.0,>=2.0.0 (from flake8->-r test-requirements.txt (line 1))
  Using cached pycodestyle-2.3.1-py2.py3-none-any.whl
Collecting pyflakes<1.7.0,>=1.5.0 (from flake8->-r test-requirements.txt (line 1))
  Using cached pyflakes-1.6.0-py2.py3-none-any.whl
Collecting mccabe<0.7.0,>=0.6.0 (from flake8->-r test-requirements.txt (line 1))
  Using cached mccabe-0.6.1-py2.py3-none-any.whl
Requirement already satisfied: attrs in /home/travis/virtualenv/python3.6.3/lib/python3.6/site-packages (from flake8-bugbear->-r test-requirements.txt (line 2))
Requirement already satisfied: setuptools in /home/travis/virtualenv/python3.6.3/lib/python3.6/site-packages (from pytest>=3.0->-r test-requirements.txt (line 6))
Requirement already satisfied: six>=1.10.0 in /home/travis/virtualenv/python3.6.3/lib/python3.6/site-packages (from pytest>=3.0->-r test-requirements.txt (line 6))
Requirement already satisfied: pluggy<0.7,>=0.5 in /home/travis/virtualenv/python3.6.3/lib/python3.6/site-packages (from pytest>=3.0->-r test-requirements.txt (line 6))
Collecting execnet>=1.1 (from pytest-xdist>=1.18->-r test-requirements.txt (line 7))
  Using cached execnet-1.5.0-py2.py3-none-any.whl
Collecting pytest-forked (from pytest-xdist>=1.18->-r test-requirements.txt (line 7))
  Using cached pytest_forked-0.2-py2.py3-none-any.whl
Collecting coverage>=3.7.1 (from pytest-cov>=2.4.0->-r test-requirements.txt (line 8))
  Using cached coverage-4.4.2-cp36-cp36m-manylinux1_x86_64.whl
Collecting apipkg>=1.4 (from execnet>=1.1->pytest-xdist>=1.18->-r test-requirements.txt (line 7))
  Using cached apipkg-1.4-py2.py3-none-any.whl
Installing collected packages: pycodestyle, pyflakes, mccabe, flake8, flake8-bugbear, flake8-pyi, lxml, psutil, apipkg, execnet, pytest-forked, pytest-xdist, coverage, pytest-cov, typed-ast
Successfully installed apipkg-1.4 coverage-4.4.2 execnet-1.5.0 flake8-3.5.0 flake8-bugbear-17.12.0 flake8-pyi-17.3.0 lxml-4.0.0 mccabe-0.6.1 psutil-5.4.0 pycodestyle-2.3.1 pyflakes-1.6.0 pytest-cov-2.5.1 pytest-forked-0.2 pytest-xdist-1.22.0 typed-ast-1.1.0

travis_time:end:04fce050:start=1516236160269254727,finish=1516236168357680030,duration=8088425303[0Ktravis_fold:end:install.2[0Ktravis_fold:start:install.3[0Ktravis_time:start:135dcaa8[0K$ python2 -m pip install --user typing
Collecting typing
/usr/local/lib/python2.7/dist-packages/pip/_vendor/requests/packages/urllib3/util/ssl_.py:318: SNIMissingWarning: An HTTPS request has been made, but the SNI (Subject Name Indication) extension to TLS is not available on this platform. This may cause the server to present an incorrect TLS certificate, which can cause validation failures. You can upgrade to a newer version of Python to solve this. For more information, see https://urllib3.readthedocs.io/en/latest/security.html#snimissingwarning.
  SNIMissingWarning
/usr/local/lib/python2.7/dist-packages/pip/_vendor/requests/packages/urllib3/util/ssl_.py:122: InsecurePlatformWarning: A true SSLContext object is not available. This prevents urllib3 from configuring SSL appropriately and may cause certain SSL connections to fail. You can upgrade to a newer version of Python to solve this. For more information, see https://urllib3.readthedocs.io/en/latest/security.html#insecureplatformwarning.
  InsecurePlatformWarning
  Using cached typing-3.6.2-py2-none-any.whl
Installing collected packages: typing
Successfully installed typing-3.6.2

travis_time:end:135dcaa8:start=1516236168366089593,finish=1516236171403389455,duration=3037299862[0Ktravis_fold:end:install.3[0Ktravis_fold:start:install.4[0Ktravis_time:start:317a4fc2[0K$ pip install .
Processing /home/travis/build/python/mypy
Requirement already satisfied: typed-ast<1.2.0,>=1.1.0 in /home/travis/virtualenv/python3.6.3/lib/python3.6/site-packages (from mypy===0.570-dev-4129ecef45e656c6ad249e0016b8d2a9ec6d1335)
Requirement already satisfied: psutil<5.5.0,>=5.4.0 in /home/travis/virtualenv/python3.6.3/lib/python3.6/site-packages (from mypy===0.570-dev-4129ecef45e656c6ad249e0016b8d2a9ec6d1335)
Installing collected packages: mypy
  Running setup.py install for mypy ... [?25l- \ | / - \ | / - \ | done
[?25hSuccessfully installed mypy-0.570-dev-4129ecef45e656c6ad249e0016b8d2a9ec6d1335

travis_time:end:317a4fc2:start=1516236171411786308,finish=1516236176696669626,duration=5284883318[0Ktravis_fold:end:install.4[0Ktravis_time:start:171d1af9[0K$ python runtests.py -j12 -x lint -x package
PARALLEL 12
SUMMARY  133 tasks selected
passed 0, failed 0, pending 132; running 1                                      [1m============================= test session starts ==============================[0m
platform linux -- Python 3.6.3, pytest-3.3.0, py-1.5.2, pluggy-0.6.0
rootdir: /home/travis/build/python/mypy, inifile: pytest.ini
plugins: xdist-1.22.0, forked-0.2, cov-2.5.1
[1mgw0 I / gw1 I / gw2 I / gw3 I / gw4 I / gw5 I / gw6 I / gw7 I / gw8 I / gw9 I / gw10 I / gw11 I[0m[1mgw0 C / gw1 I / gw2 I / gw3 I / gw4 I / gw5 I / gw6 I / gw7 I / gw8 I / gw9 I / gw10 I / gw11 I[0m[1mgw0 C / gw1 C / gw2 I / gw3 I / gw4 I / gw5 I / gw6 I / gw7 I / gw8 I / gw9 I / gw10 I / gw11 I[0m[1mgw0 C / gw1 C / gw2 C / gw3 I / gw4 I / gw5 I / gw6 I / gw7 I / gw8 I / gw9 I / gw10 I / gw11 I[0m[1mgw0 C / gw1 C / gw2 C / gw3 C / gw4 I / gw5 I / gw6 I / gw7 I / gw8 I / gw9 I / gw10 I / gw11 I[0m[1mgw0 C / gw1 C / gw2 C / gw3 C / gw4 C / gw5 I / gw6 I / gw7 I / gw8 I / gw9 I / gw10 I / gw11 I[0m[1mgw0 C / gw1 C / gw2 C / gw3 C / gw4 C / gw5 C / gw6 I / gw7 I / gw8 I / gw9 I / gw10 I / gw11 I[0m[1mgw0 C / gw1 C / gw2 C / gw3 C / gw4 C / gw5 C / gw6 C / gw7 I / gw8 I / gw9 I / gw10 I / gw11 I[0m[1mgw0 C / gw1 C / gw2 C / gw3 C / gw4 C / gw5 C / gw6 C / gw7 C / gw8 I / gw9 I / gw10 I / gw11 I[0m[1mgw0 C / gw1 C / gw2 C / gw3 C / gw4 C / gw5 C / gw6 C / gw7 C / gw8 C / gw9 I / gw10 I / gw11 I[0m[1mgw0 C / gw1 C / gw2 C / gw3 C / gw4 C / gw5 C / gw6 C / gw7 C / gw8 C / gw9 C / gw10 I / gw11 I[0m[1mgw0 C / gw1 C / gw2 C / gw3 C / gw4 C / gw5 C / gw6 C / gw7 C / gw8 C / gw9 C / gw10 C / gw11 I[0m[1mgw0 C / gw1 C / gw2 C / gw3 C / gw4 C / gw5 C / gw6 C / gw7 C / gw8 C / gw9 C / gw10 C / gw11 C[0m[1mgw0 C / gw1 C / gw2 C / gw3 ok / gw4 C / gw5 C / gw6 C / gw7 C / gw8 C / gw9 C / gw10 C / gw11 C[0m[1mgw0 ok / gw1 C / gw2 C / gw3 ok / gw4 C / gw5 C / gw6 C / gw7 C / gw8 C / gw9 C / gw10 C / gw11 C[0m[1mgw0 ok / gw1 ok / gw2 C / gw3 ok / gw4 C / gw5 C / gw6 C / gw7 C / gw8 C / gw9 C / gw10 C / gw11 C[0m[1mgw0 ok / gw1 ok / gw2 ok / gw3 ok / gw4 C / gw5 C / gw6 C / gw7 C / gw8 C / gw9 C / gw10 C / gw11 C[0m[1mgw0 ok / gw1 ok / gw2 ok / gw3 ok / gw4 ok / gw5 C / gw6 C / gw7 C / gw8 C / gw9 C / gw10 C / gw11 C[0m[1mgw0 ok / gw1 ok / gw2 ok / gw3 ok / gw4 ok / gw5 ok / gw6 C / gw7 C / gw8 C / gw9 C / gw10 C / gw11 C[0m[1mgw0 ok / gw1 ok / gw2 ok / gw3 ok / gw4 ok / gw5 ok / gw6 ok / gw7 C / gw8 C / gw9 C / gw10 C / gw11 C[0m[1mgw0 ok / gw1 ok / gw2 ok / gw3 ok / gw4 ok / gw5 ok / gw6 ok / gw7 ok / gw8 C / gw9 C / gw10 C / gw11 C[0m[1mgw0 ok / gw1 ok / gw2 ok / gw3 ok / gw4 ok / gw5 ok / gw6 ok / gw7 ok / gw8 ok / gw9 C / gw10 C / gw11 C[0m[1mgw0 ok / gw1 ok / gw2 ok / gw3 ok / gw4 ok / gw5 ok / gw6 ok / gw7 ok / gw8 ok / gw9 ok / gw10 C / gw11 C[0m[1mgw0 ok / gw1 ok / gw2 ok / gw3 ok / gw4 ok / gw5 ok / gw6 ok / gw7 ok / gw8 ok / gw9 ok / gw10 ok / gw11 C[0m[1mgw0 ok / gw1 ok / gw2 ok / gw3 ok / gw4 ok / gw5 ok / gw6 ok / gw7 ok / gw8 ok / gw9 ok / gw10 ok / gw11 ok[0m[1mgw0 [5191] / gw1 ok / gw2 ok / gw3 ok / gw4 ok / gw5 ok / gw6 ok / gw7 ok / gw8 ok / gw9 ok / gw10 ok / gw11 ok[0m[1mgw0 [5191] / gw1 ok / gw2 ok / gw3 [5191] / gw4 ok / gw5 ok / gw6 ok / gw7 ok / gw8 ok / gw9 ok / gw10 ok / gw11 ok[0m[1mgw0 [5191] / gw1 ok / gw2 [5191] / gw3 [5191] / gw4 ok / gw5 ok / gw6 ok / gw7 ok / gw8 ok / gw9 ok / gw10 ok / gw11 ok[0m[1mgw0 [5191] / gw1 ok / gw2 [5191] / gw3 [5191] / gw4 ok / gw5 ok / gw6 ok / gw7 ok / gw8 ok / gw9 [5191] / gw10 ok / gw11 ok[0m[1mgw0 [5191] / gw1 ok / gw2 [5191] / gw3 [5191] / gw4 ok / gw5 ok / gw6 ok / gw7 ok / gw8 ok / gw9 [5191] / gw10 ok / gw11 [5191][0m[1mgw0 [5191] / gw1 ok / gw2 [5191] / gw3 [5191] / gw4 ok / gw5 ok / gw6 ok / gw7 ok / gw8 ok / gw9 [5191] / gw10 [5191] / gw11 [5191][0m[1mgw0 [5191] / gw1 ok / gw2 [5191] / gw3 [5191] / gw4 ok / gw5 ok / gw6 ok / gw7 ok / gw8 [5191] / gw9 [5191] / gw10 [5191] / gw11 [5191][0m[1mgw0 [5191] / gw1 ok / gw2 [5191] / gw3 [5191] / gw4 ok / gw5 [5191] / gw6 ok / gw7 ok / gw8 [5191] / gw9 [5191] / gw10 [5191] / gw11 [5191][0m[1mgw0 [5191] / gw1 ok / gw2 [5191] / gw3 [5191] / gw4 [5191] / gw5 [5191] / gw6 ok / gw7 ok / gw8 [5191] / gw9 [5191] / gw10 [5191] / gw11 [5191][0m[1mgw0 [5191] / gw1 ok / gw2 [5191] / gw3 [5191] / gw4 [5191] / gw5 [5191] / gw6 ok / gw7 [5191] / gw8 [5191] / gw9 [5191] / gw10 [5191] / gw11 [5191][0m[1mgw0 [5191] / gw1 ok / gw2 [5191] / gw3 [5191] / gw4 [5191] / gw5 [5191] / gw6 [5191] / gw7 [5191] / gw8 [5191] / gw9 [5191] / gw10 [5191] / gw11 [5191][0m[1mgw0 [5191] / gw1 [5191] / gw2 [5191] / gw3 [5191] / gw4 [5191] / gw5 [5191] / gw6 [5191] / gw7 [5191] / gw8 [5191] / gw9 [5191] / gw10 [5191] / gw11 [5191][0m
scheduling tests via LoadScheduling
........................s...............................................[36m [  1%]
[0m........................................................................[36m [  2%]
[0m........................................................................[36m [  4%]
[0m........................................................................[36m [  5%]
[0m........................................................................[36m [  6%]
[0m........................................................................[36m [  8%]
[0m........................................................................[36m [  9%]
[0m........................................................................[36m [ 11%]
[0m...................................s....................................[36m [ 12%]
[0m.....................................................................s..[36m [ 13%]
[0m..............................s.........................................[36m [ 15%]
[0m........................................................................[36m [ 16%]
[0m........................................................................[36m [ 18%]
[0m........................................................................[36m [ 19%]
[0m.......s................................................................[36m [ 20%]
[0m........................................................................[36m [ 22%]
[0m........................................................................[36m [ 23%]
[0m........................................................................[36m [ 24%]
[0m........................................................................[36m [ 26%]
[0m........................................................................[36m [ 27%]
[0m.........................................................ss.............[36m [ 29%]
[0m.............s..........................................................[36m [ 30%]
[0m........................................................................[36m [ 31%]
[0m........................................................................[36m [ 33%]
[0m........................................................................[36m [ 34%]
[0m.......s.s..............................................................[36m [ 36%]
[0m.................................................s....s.................[36m [ 37%]
[0m........................................................................[36m [ 38%]
[0m........................................................................[36m [ 40%]
[0m........................................................................[36m [ 41%]
[0m........................................................................[36m [ 42%]
[0m........................................................................[36m [ 44%]
[0m........................................................................[36m [ 45%]
[0m........................................................................[36m [ 47%]
[0m........................................................................[36m [ 48%]
[0m........................................................................[36m [ 49%]
[0m............ss..........................................................[36m [ 51%]
[0m...................................................................s....[36m [ 52%]
[0m........................................................................[36m [ 54%]
[0m........................................................................[36m [ 55%]
[0m........................................................................[36m [ 56%]
[0m........................................................................[36m [ 58%]
[0m..............................F.........................................[36m [ 59%]
[0m........................................................................[36m [ 61%]
[0m...................................s.................s..................[36m [ 62%]
[0mss......................................................................[36m [ 63%]
[0m........................................................................[36m [ 65%]
[0m..............................................................s.........[36m [ 66%]
[0m........................................................................[36m [ 67%]
[0m........................................................................[36m [ 69%]
[0m........................................................................[36m [ 70%]
[0m........................................................................[36m [ 72%]
[0m........................................................................[36m [ 73%]
[0m........................................................................[36m [ 74%]
[0m........................................................................[36m [ 76%]
[0m.........................................................s..............[36m [ 77%]
[0m.......................................s...s.s..........................[36m [ 79%]
[0m........................................................................[36m [ 80%]
[0m...............................s........................................[36m [ 81%]
[0m........................................................................[36m [ 83%]
[0m........................................................................[36m [ 84%]
[0m........................................................................[36m [ 85%]
[0m........................................................................[36m [ 87%]
[0m........................................................................[36m [ 88%]
[0m........................................................................[36m [ 90%]
[0m........................................................................[36m [ 91%]
[0m.....................................s..................................[36m [ 92%]
[0m.....................s..................................................[36m [ 94%]
[0m........................................................................[36m [ 95%]
[0m........................................................................[36m [ 97%]
[0m........................................................................[36m [ 98%]
[0m........................................................................[36m [ 99%]
[0m.......[36m                                                                  [100%][0m
=================================== FAILURES ===================================
[31m[1m_________________ testIncrementalSilentImportsWithInnerImports _________________[0m
[gw4] linux -- Python 3.6.3 /home/travis/virtualenv/python3.6.3/bin/python
data: /home/travis/build/python/mypy/test-data/unit/check-incremental.test:1440:
/home/travis/build/python/mypy/mypy/test/testcheck.py:108: in run_case
    self.run_case_once(testcase, step)
/home/travis/build/python/mypy/mypy/test/testcheck.py:177: in run_case_once
    alt_lib_path=test_temp_dir)
/home/travis/build/python/mypy/mypy/build.py:172: in build
    result = _build(sources, options, alt_lib_path, bin_dir, saved_cache, flush_errors)
/home/travis/build/python/mypy/mypy/build.py:258: in _build
    graph = dispatch(sources, manager)
/home/travis/build/python/mypy/mypy/build.py:2048: in dispatch
    process_graph(graph, manager)
/home/travis/build/python/mypy/mypy/build.py:2342: in process_graph
    process_fresh_scc(graph, prev_scc, manager)
/home/travis/build/python/mypy/mypy/build.py:2417: in process_fresh_scc
    graph[id].load_tree()
/home/travis/build/python/mypy/mypy/build.py:1737: in load_tree
    self.tree = MypyFile.deserialize(data)
/home/travis/build/python/mypy/mypy/nodes.py:249: in deserialize
    tree.names = SymbolTable.deserialize(data['names'])
/home/travis/build/python/mypy/mypy/nodes.py:2496: in deserialize
    st[key] = SymbolTableNode.deserialize(value)
/home/travis/build/python/mypy/mypy/nodes.py:2439: in deserialize
    node = SymbolNode.deserialize(data['node'])
/home/travis/build/python/mypy/mypy/nodes.py:182: in deserialize
    return method(data)
/home/travis/build/python/mypy/mypy/nodes.py:2221: in deserialize
    names = SymbolTable.deserialize(data['names'])
/home/travis/build/python/mypy/mypy/nodes.py:2496: in deserialize
    st[key] = SymbolTableNode.deserialize(value)
/home/travis/build/python/mypy/mypy/nodes.py:2439: in deserialize
    node = SymbolNode.deserialize(data['node'])
/home/travis/build/python/mypy/mypy/nodes.py:182: in deserialize
    return method(data)
/home/travis/build/python/mypy/mypy/nodes.py:659: in deserialize
    type = None if data['type'] is None else mypy.types.deserialize_type(data['type'])
/home/travis/build/python/mypy/mypy/types.py:31: in deserialize_type
    return method(data)
/home/travis/build/python/mypy/mypy/types.py:335: in deserialize
    return AnyType(TypeOfAny[data['type_of_any']])
/home/travis/build/python/mypy/mypy/types.py:305: in __init__
    assert type_of_any != TypeOfAny.from_another_any or source_any is not None
E   AssertionError
[31m[1m============= 1 failed, 5163 passed, 27 skipped in 548.50 seconds ==============[0m
passed 0, failed 1, pending 132; running 0                                      

FAILURE  #0 pytest


passed 0, failed 1, pending 131; running 1                                      passed 0, failed 1, pending 130; running 2                                      passed 0, failed 1, pending 129; running 3                                      passed 0, failed 1, pending 128; running 4                                      passed 0, failed 1, pending 127; running 5                                      passed 0, failed 1, pending 126; running 6                                      passed 0, failed 1, pending 125; running 7                                      passed 0, failed 1, pending 124; running 8                                      passed 0, failed 1, pending 123; running 9                                      passed 0, failed 1, pending 122; running 10                                     passed 0, failed 1, pending 121; running 11                                     passed 0, failed 1, pending 120; running 12                                     passed 1, failed 1, pending 120; running 11                                     passed 1, failed 1, pending 119; running 12                                     passed 2, failed 1, pending 119; running 11                                     passed 2, failed 1, pending 118; running 12                                     passed 3, failed 1, pending 118; running 11                                     passed 3, failed 1, pending 117; running 12                                     passed 4, failed 1, pending 117; running 11                                     passed 4, failed 1, pending 116; running 12                                     passed 5, failed 1, pending 116; running 11                                     passed 5, failed 1, pending 115; running 12                                     passed 6, failed 1, pending 115; running 11                                     passed 6, failed 1, pending 114; running 12                                     passed 7, failed 1, pending 114; running 11                                     passed 7, failed 1, pending 113; running 12                                     passed 8, failed 1, pending 113; running 11                                     passed 8, failed 1, pending 112; running 12                                     passed 9, failed 1, pending 112; running 11                                     passed 9, failed 1, pending 111; running 12                                     passed 10, failed 1, pending 111; running 11                                    passed 10, failed 1, pending 110; running 12                                    passed 11, failed 1, pending 110; running 11                                    passed 11, failed 1, pending 109; running 12                                    passed 12, failed 1, pending 109; running 11                                    passed 12, failed 1, pending 108; running 12                                    passed 13, failed 1, pending 108; running 11                                    passed 13, failed 1, pending 107; running 12                                    passed 14, failed 1, pending 107; running 11                                    passed 14, failed 1, pending 106; running 12                                    passed 15, failed 1, pending 106; running 11                                    passed 15, failed 1, pending 105; running 12                                    passed 16, failed 1, pending 105; running 11                                    passed 16, failed 1, pending 104; running 12                                    passed 17, failed 1, pending 104; running 11                                    passed 17, failed 1, pending 103; running 12                                    passed 18, failed 1, pending 103; running 11                                    passed 18, failed 1, pending 102; running 12                                    passed 19, failed 1, pending 102; running 11                                    passed 19, failed 1, pending 101; running 12                                    passed 20, failed 1, pending 101; running 11                                    passed 20, failed 1, pending 100; running 12                                    passed 21, failed 1, pending 100; running 11                                    passed 21, failed 1, pending 99; running 12                                     passed 22, failed 1, pending 99; running 11                                     passed 22, failed 1, pending 98; running 12                                     passed 23, failed 1, pending 98; running 11                                     passed 23, failed 1, pending 97; running 12                                     passed 24, failed 1, pending 97; running 11                                     passed 24, failed 1, pending 96; running 12                                     passed 25, failed 1, pending 96; running 11                                     passed 25, failed 1, pending 95; running 12                                     passed 26, failed 1, pending 95; running 11                                     passed 26, failed 1, pending 94; running 12                                     passed 27, failed 1, pending 94; running 11                                     passed 27, failed 1, pending 93; running 12                                     passed 28, failed 1, pending 93; running 11                                     passed 28, failed 1, pending 92; running 12                                     passed 29, failed 1, pending 92; running 11                                     passed 29, failed 1, pending 91; running 12                                     passed 30, failed 1, pending 91; running 11                                     passed 30, failed 1, pending 90; running 12                                     passed 31, failed 1, pending 90; running 11                                     passed 31, failed 1, pending 89; running 12                                     passed 32, failed 1, pending 89; running 11                                     passed 32, failed 1, pending 88; running 12                                     passed 33, failed 1, pending 88; running 11                                     passed 33, failed 1, pending 87; running 12                                     passed 34, failed 1, pending 87; running 11                                     passed 34, failed 1, pending 86; running 12                                     passed 35, failed 1, pending 86; running 11                                     passed 35, failed 1, pending 85; running 12                                     passed 36, failed 1, pending 85; running 11                                     passed 36, failed 1, pending 84; running 12                                     passed 37, failed 1, pending 84; running 11                                     passed 37, failed 1, pending 83; running 12                                     passed 38, failed 1, pending 83; running 11                                     passed 38, failed 1, pending 82; running 12                                     passed 39, failed 1, pending 82; running 11                                     passed 39, failed 1, pending 81; running 12                                     passed 40, failed 1, pending 81; running 11                                     passed 40, failed 1, pending 80; running 12                                     passed 41, failed 1, pending 80; running 11                                     passed 41, failed 1, pending 79; running 12                                     passed 42, failed 1, pending 79; running 11                                     passed 42, failed 1, pending 78; running 12                                     passed 43, failed 1, pending 78; running 11                                     passed 43, failed 1, pending 77; running 12                                     passed 44, failed 1, pending 77; running 11                                     passed 44, failed 1, pending 76; running 12                                     passed 45, failed 1, pending 76; running 11                                     passed 45, failed 1, pending 75; running 12                                     passed 46, failed 1, pending 75; running 11                                     passed 46, failed 1, pending 74; running 12                                     passed 47, failed 1, pending 74; running 11                                     passed 47, failed 1, pending 73; running 12                                     passed 48, failed 1, pending 73; running 11                                     passed 48, failed 1, pending 72; running 12                                     passed 49, failed 1, pending 72; running 11                                     passed 49, failed 1, pending 71; running 12                                     passed 50, failed 1, pending 71; running 11                                     passed 50, failed 1, pending 70; running 12                                     passed 51, failed 1, pending 70; running 11                                     passed 51, failed 1, pending 69; running 12                                     passed 52, failed 1, pending 69; running 11                                     passed 52, failed 1, pending 68; running 12                                     passed 53, failed 1, pending 68; running 11                                     passed 53, failed 1, pending 67; running 12                                     passed 54, failed 1, pending 67; running 11                                     passed 54, failed 1, pending 66; running 12                                     passed 55, failed 1, pending 66; running 11                                     passed 55, failed 1, pending 65; running 12                                     passed 56, failed 1, pending 65; running 11                                     passed 56, failed 1, pending 64; running 12                                     passed 57, failed 1, pending 64; running 11                                     passed 57, failed 1, pending 63; running 12                                     passed 58, failed 1, pending 63; running 11                                     passed 58, failed 1, pending 62; running 12                                     passed 59, failed 1, pending 62; running 11                                     passed 59, failed 1, pending 61; running 12                                     passed 60, failed 1, pending 61; running 11                                     passed 60, failed 1, pending 60; running 12                                     passed 61, failed 1, pending 60; running 11                                     passed 61, failed 1, pending 59; running 12                                     passed 62, failed 1, pending 59; running 11                                     passed 62, failed 1, pending 58; running 12                                     passed 63, failed 1, pending 58; running 11                                     passed 63, failed 1, pending 57; running 12                                     passed 64, failed 1, pending 57; running 11                                     passed 64, failed 1, pending 56; running 12                                     passed 65, failed 1, pending 56; running 11                                     passed 65, failed 1, pending 55; running 12                                     passed 66, failed 1, pending 55; running 11                                     passed 66, failed 1, pending 54; running 12                                     passed 67, failed 1, pending 54; running 11                                     passed 67, failed 1, pending 53; running 12                                     passed 68, failed 1, pending 53; running 11                                     passed 68, failed 1, pending 52; running 12                                     passed 69, failed 1, pending 52; running 11                                     passed 69, failed 1, pending 51; running 12                                     passed 70, failed 1, pending 51; running 11                                     passed 70, failed 1, pending 50; running 12                                     passed 71, failed 1, pending 50; running 11                                     passed 71, failed 1, pending 49; running 12                                     passed 72, failed 1, pending 49; running 11                                     passed 72, failed 1, pending 48; running 12                                     passed 73, failed 1, pending 48; running 11                                     passed 73, failed 1, pending 47; running 12                                     passed 74, failed 1, pending 47; running 11                                     passed 74, failed 1, pending 46; running 12                                     passed 75, failed 1, pending 46; running 11                                     passed 75, failed 1, pending 45; running 12                                     passed 76, failed 1, pending 45; running 11                                     passed 76, failed 1, pending 44; running 12                                     passed 77, failed 1, pending 44; running 11                                     passed 77, failed 1, pending 43; running 12                                     passed 78, failed 1, pending 43; running 11                                     passed 78, failed 1, pending 42; running 12                                     passed 79, failed 1, pending 42; running 11                                     passed 79, failed 1, pending 41; running 12                                     passed 80, failed 1, pending 41; running 11                                     passed 80, failed 1, pending 40; running 12                                     passed 81, failed 1, pending 40; running 11                                     passed 81, failed 1, pending 39; running 12                                     passed 82, failed 1, pending 39; running 11                                     passed 82, failed 1, pending 38; running 12                                     passed 83, failed 1, pending 38; running 11                                     passed 83, failed 1, pending 37; running 12                                     passed 84, failed 1, pending 37; running 11                                     passed 84, failed 1, pending 36; running 12                                     passed 85, failed 1, pending 36; running 11                                     passed 85, failed 1, pending 35; running 12                                     passed 86, failed 1, pending 35; running 11                                     passed 86, failed 1, pending 34; running 12                                     passed 87, failed 1, pending 34; running 11                                     passed 87, failed 1, pending 33; running 12                                     passed 88, failed 1, pending 33; running 11                                     passed 88, failed 1, pending 32; running 12                                     passed 89, failed 1, pending 32; running 11                                     passed 89, failed 1, pending 31; running 12                                     passed 90, failed 1, pending 31; running 11                                     passed 90, failed 1, pending 30; running 12                                     passed 91, failed 1, pending 30; running 11                                     passed 91, failed 1, pending 29; running 12                                     passed 92, failed 1, pending 29; running 11                                     passed 92, failed 1, pending 28; running 12                                     passed 93, failed 1, pending 28; running 11                                     passed 93, failed 1, pending 27; running 12                                     passed 94, failed 1, pending 27; running 11                                     passed 94, failed 1, pending 26; running 12                                     passed 95, failed 1, pending 26; running 11                                     passed 95, failed 1, pending 25; running 12                                     passed 96, failed 1, pending 25; running 11                                     passed 96, failed 1, pending 24; running 12                                     passed 97, failed 1, pending 24; running 11                                     passed 97, failed 1, pending 23; running 12                                     passed 98, failed 1, pending 23; running 11                                     passed 98, failed 1, pending 22; running 12                                     passed 99, failed 1, pending 22; running 11                                     passed 99, failed 1, pending 21; running 12                                     passed 100, failed 1, pending 21; running 11                                    passed 100, failed 1, pending 20; running 12                                    passed 101, failed 1, pending 20; running 11                                    passed 101, failed 1, pending 19; running 12                                    passed 102, failed 1, pending 19; running 11                                    passed 102, failed 1, pending 18; running 12                                    passed 103, failed 1, pending 18; running 11                                    passed 103, failed 1, pending 17; running 12                                    passed 104, failed 1, pending 17; running 11                                    passed 104, failed 1, pending 16; running 12                                    passed 105, failed 1, pending 16; running 11                                    passed 105, failed 1, pending 15; running 12                                    passed 106, failed 1, pending 15; running 11                                    passed 106, failed 1, pending 14; running 12                                    passed 107, failed 1, pending 14; running 11                                    passed 107, failed 1, pending 13; running 12                                    passed 108, failed 1, pending 13; running 11                                    passed 108, failed 1, pending 12; running 12                                    passed 109, failed 1, pending 12; running 11                                    passed 109, failed 1, pending 11; running 12                                    passed 110, failed 1, pending 11; running 11                                    passed 110, failed 1, pending 10; running 12                                    passed 111, failed 1, pending 10; running 11                                    passed 111, failed 1, pending 9; running 12                                     passed 112, failed 1, pending 9; running 11                                     passed 112, failed 1, pending 8; running 12                                     passed 113, failed 1, pending 8; running 11                                     passed 113, failed 1, pending 7; running 12                                     passed 114, failed 1, pending 7; running 11                                     passed 114, failed 1, pending 6; running 12                                     passed 115, failed 1, pending 6; running 11                                     passed 115, failed 1, pending 5; running 12                                     passed 116, failed 1, pending 5; running 11                                     passed 116, failed 1, pending 4; running 12                                     passed 117, failed 1, pending 4; running 11                                     passed 117, failed 1, pending 3; running 12                                     passed 118, failed 1, pending 3; running 11                                     passed 118, failed 1, pending 2; running 12                                     passed 119, failed 1, pending 2; running 11                                     passed 119, failed 1, pending 1; running 12                                     passed 120, failed 1, pending 1; running 11                                     passed 120, failed 1, pending 0; running 12                                     passed 121, failed 1, pending 0; running 11                                     passed 122, failed 1, pending 0; running 10                                     passed 123, failed 1, pending 0; running 9                                      passed 124, failed 1, pending 0; running 8                                      passed 125, failed 1, pending 0; running 7                                      passed 126, failed 1, pending 0; running 6                                      passed 127, failed 1, pending 0; running 5                                      passed 128, failed 1, pending 0; running 4                                      passed 129, failed 1, pending 0; running 3                                      passed 130, failed 1, pending 0; running 2                                      passed 131, failed 1, pending 0; running 1                                      passed 132, failed 1, pending 0; running 0                                                                                                                      SUMMARY  1/133 tasks and 1/279 tests failed
 FAILURE pytest
SUMMARY  1/133 tasks and 1/279 tests failed
*** FAILURE ***
total runtime: 652.725726026998 sec

travis_time:end:171d1af9:start=1516236176705079957,finish=1516236830094701945,duration=653389621988[0K
[31;1mThe command "python runtests.py -j12 -x lint -x package" exited with 1.[0m
travis_time:start:1876b801[0K$ if [[ $TRAVIS_PYTHON_VERSION == '3.6' ]]; then flake8; fi

travis_time:end:1876b801:start=1516236830103768969,finish=1516236859097272182,duration=28993503213[0K
[32;1mThe command "if [[ $TRAVIS_PYTHON_VERSION == '3.6' ]]; then flake8; fi" exited with 0.[0m
travis_time:start:1ebea28c[0K$ if [[ $TRAVIS_PYTHON_VERSION == '3.5.1' ]]; then python runtests.py package; fi

travis_time:end:1ebea28c:start=1516236859107043113,finish=1516236859114012574,duration=6969461[0K
[32;1mThe command "if [[ $TRAVIS_PYTHON_VERSION == '3.5.1' ]]; then python runtests.py package; fi" exited with 0.[0m
travis_fold:start:cache.2[0Kstore build cache
travis_time:start:0f6dc33b[0K
travis_time:end:0f6dc33b:start=1516236859128788532,finish=1516236859135879598,duration=7091066[0Ktravis_time:start:0192ce34[0K[32;1mchange detected (content changed, file is created, or file is deleted):
/home/travis/.cache/pip/http/0/1/3/4/f/0134f4b5f5dc24d5a2e17d657916561e530ab3e23e477f736932ec7a
/home/travis/.cache/pip/http/0/c/7/8/c/0c78cc5ddccddcf3238359feeac7e1cddd59216d6ded4659cf5965cd
/home/travis/.cache/pip/http/0/e/0/a/b/0e0ab53e00e77082f3dbaac4909c2cd08e48803df6ad279051a370ed
/home/travis/.cache/pip/http/1/b/b/d/e/1bbde7f10876562f138fa536953ad413bfc645c4f5f79dd4f103eae5
/home/travis/.cache/pip/http/3/a/f/3/a/3af3addf06e983a6c02f46e7bea70c221d3ff95bf1418fa6da354e14
/home/travis/.cache/pip/http/4/0/6/e/9/406e9b27a390d51d6f5ba6446b20eddf170d46e00b171bdfa0fbde6b
/home/travis/.cache/pip/http/6/3/7/d/d/637ddeefd88d7cc4cd623d2cc6880ec9fbe18fc216d5628bd0493043
/home/travis/.cache/pip/http/6/6/a/8/2/66a824166d39267eb4dfa0ee80bb65a30106494f8240ec06d28ccc5c
/home/travis/.cache/pip/http/7/3/a/a/8/73aa8750a12281b597bde4724ef4b18785f1cdac2ddfcea4bcdae01e
/home/travis/.cache/pip/http/8/7/9/8/e/8798e1a358dac413add90e628bb3d1fdf797d752747841a07425ff45
/home/travis/.cache/pip/http/9/8/6/9/9/98
[0m
[32;1m...
[0m
[32;1mchanges detected, packing new archive[0m
[32;1muploading archive[0m

travis_time:end:0192ce34:start=1516236859144505558,finish=1516236867665767322,duration=8521261764[0Ktravis_fold:end:cache.2[0K
Done. Your build exited with 1.
