travis_fold:start:worker_info[0K[33;1mWorker information[0m
hostname: 3c88e537-ef6f-4dcd-aeb3-64f13fa4f325@1.i-0b939dc-production-2-worker-org-ec2.travisci.net
version: v3.6.0 https://github.com/travis-ci/worker/tree/170b2a0bb43234479fd1911ba9e4dbcc36dadfad
instance: f4feb39 travisci/ci-garnet:packer-1512502276-986baf0 (via amqp)
startup: 1.347319677s
travis_fold:end:worker_info[0Kmode of â€˜/usr/local/clang-5.0.0/binâ€™ changed from 0777 (rwxrwxrwx) to 0775 (rwxrwxr-x)
travis_fold:start:system_info[0K[33;1mBuild system information[0m
Build language: java
Build group: stable
Build dist: trusty
Build id: 358767425
Job id: 358767427
Runtime kernel version: 4.14.12-041412-generic
travis-build version: 2d415a9b5
[34m[1mBuild image provisioning date and time[0m
Tue Dec  5 20:11:19 UTC 2017
[34m[1mOperating System Details[0m
Distributor ID:	Ubuntu
Description:	Ubuntu 14.04.5 LTS
Release:	14.04
Codename:	trusty
[34m[1mCookbooks Version[0m
7c2c6a6 https://github.com/travis-ci/travis-cookbooks/tree/7c2c6a6
[34m[1mgit version[0m
git version 2.15.1
[34m[1mbash version[0m
GNU bash, version 4.3.11(1)-release (x86_64-pc-linux-gnu)
[34m[1mgcc version[0m
gcc (Ubuntu 4.8.4-2ubuntu1~14.04.3) 4.8.4
Copyright (C) 2013 Free Software Foundation, Inc.
This is free software; see the source for copying conditions.  There is NO
warranty; not even for MERCHANTABILITY or FITNESS FOR A PARTICULAR PURPOSE.

[34m[1mdocker version[0m
Client:
 Version:      17.09.0-ce
 API version:  1.32
 Go version:   go1.8.3
 Git commit:   afdb6d4
 Built:        Tue Sep 26 22:39:28 2017
 OS/Arch:      linux/amd64
[34m[1mclang version[0m
clang version 5.0.0 (tags/RELEASE_500/final)
Target: x86_64-unknown-linux-gnu
Thread model: posix
InstalledDir: /usr/local/clang-5.0.0/bin
[34m[1mjq version[0m
jq-1.5
[34m[1mbats version[0m
Bats 0.4.0
[34m[1mshellcheck version[0m
0.4.6
[34m[1mshfmt version[0m
v2.0.0
[34m[1mccache version[0m
ccache version 3.1.9

Copyright (C) 2002-2007 Andrew Tridgell
Copyright (C) 2009-2011 Joel Rosdahl

This program is free software; you can redistribute it and/or modify it under
the terms of the GNU General Public License as published by the Free Software
Foundation; either version 3 of the License, or (at your option) any later
version.
[34m[1mcmake version[0m
cmake version 3.9.2

CMake suite maintained and supported by Kitware (kitware.com/cmake).
[34m[1mheroku version[0m
heroku-cli/6.14.39-addc925 (linux-x64) node-v9.2.0
[34m[1mimagemagick version[0m
Version: ImageMagick 6.7.7-10 2017-07-31 Q16 http://www.imagemagick.org
[34m[1mmd5deep version[0m
4.2
[34m[1mmercurial version[0m
Mercurial Distributed SCM (version 4.2.2)
(see https://mercurial-scm.org for more information)

Copyright (C) 2005-2017 Matt Mackall and others
This is free software; see the source for copying conditions. There is NO
warranty; not even for MERCHANTABILITY or FITNESS FOR A PARTICULAR PURPOSE.
[34m[1mmysql version[0m
mysql  Ver 14.14 Distrib 5.6.33, for debian-linux-gnu (x86_64) using  EditLine wrapper
[34m[1mopenssl version[0m
OpenSSL 1.0.1f 6 Jan 2014
[34m[1mpacker version[0m
Packer v1.0.2

Your version of Packer is out of date! The latest version
is 1.1.2. You can update by downloading from www.packer.io
[34m[1mpostgresql client version[0m
psql (PostgreSQL) 9.6.6
[34m[1mragel version[0m
Ragel State Machine Compiler version 6.8 Feb 2013
Copyright (c) 2001-2009 by Adrian Thurston
[34m[1msubversion version[0m
svn, version 1.8.8 (r1568071)
   compiled Aug 10 2017, 17:20:39 on x86_64-pc-linux-gnu

Copyright (C) 2013 The Apache Software Foundation.
This software consists of contributions made by many people;
see the NOTICE file for more information.
Subversion is open source software, see http://subversion.apache.org/

The following repository access (RA) modules are available:

* ra_svn : Module for accessing a repository using the svn network protocol.
  - with Cyrus SASL authentication
  - handles 'svn' scheme
* ra_local : Module for accessing a repository on local disk.
  - handles 'file' scheme
* ra_serf : Module for accessing a repository via WebDAV protocol using serf.
  - using serf 1.3.3
  - handles 'http' scheme
  - handles 'https' scheme

[34m[1msudo version[0m
Sudo version 1.8.9p5
Configure options: --prefix=/usr -v --with-all-insults --with-pam --with-fqdn --with-logging=syslog --with-logfac=authpriv --with-env-editor --with-editor=/usr/bin/editor --with-timeout=15 --with-password-timeout=0 --with-passprompt=[sudo] password for %p:  --without-lecture --with-tty-tickets --disable-root-mailer --enable-admin-flag --with-sendmail=/usr/sbin/sendmail --with-timedir=/var/lib/sudo --mandir=/usr/share/man --libexecdir=/usr/lib/sudo --with-sssd --with-sssd-lib=/usr/lib/x86_64-linux-gnu --with-selinux
Sudoers policy plugin version 1.8.9p5
Sudoers file grammar version 43

Sudoers path: /etc/sudoers
Authentication methods: 'pam'
Syslog facility if syslog is being used for logging: authpriv
Syslog priority to use when user authenticates successfully: notice
Syslog priority to use when user authenticates unsuccessfully: alert
Send mail if the user is not in sudoers
Use a separate timestamp for each user/tty combo
Lecture user the first time they run sudo
Root may run sudo
Allow some information gathering to give useful error messages
Require fully-qualified hostnames in the sudoers file
Visudo will honor the EDITOR environment variable
Set the LOGNAME and USER environment variables
Length at which to wrap log file lines (0 for no wrap): 80
Authentication timestamp timeout: 15.0 minutes
Password prompt timeout: 0.0 minutes
Number of tries to enter a password: 3
Umask to use or 0777 to use user's: 022
Path to mail program: /usr/sbin/sendmail
Flags for mail program: -t
Address to send mail to: root
Subject line for mail messages: *** SECURITY information for %h ***
Incorrect password message: Sorry, try again.
Path to authentication timestamp dir: /var/lib/sudo
Default password prompt: [sudo] password for %p: 
Default user to run commands as: root
Value to override user's $PATH with: /usr/local/sbin:/usr/local/bin:/usr/sbin:/usr/bin:/sbin:/bin:/snap/bin
Path to the editor for use by visudo: /usr/bin/editor
When to require a password for 'list' pseudocommand: any
When to require a password for 'verify' pseudocommand: all
File descriptors >= 3 will be closed before executing a command
Environment variables to check for sanity:
	TZ
	TERM
	LINGUAS
	LC_*
	LANGUAGE
	LANG
	COLORTERM
Environment variables to remove:
	RUBYOPT
	RUBYLIB
	PYTHONUSERBASE
	PYTHONINSPECT
	PYTHONPATH
	PYTHONHOME
	TMPPREFIX
	ZDOTDIR
	READNULLCMD
	NULLCMD
	FPATH
	PERL5DB
	PERL5OPT
	PERL5LIB
	PERLLIB
	PERLIO_DEBUG 
	JAVA_TOOL_OPTIONS
	SHELLOPTS
	GLOBIGNORE
	PS4
	BASH_ENV
	ENV
	TERMCAP
	TERMPATH
	TERMINFO_DIRS
	TERMINFO
	_RLD*
	LD_*
	PATH_LOCALE
	NLSPATH
	HOSTALIASES
	RES_OPTIONS
	LOCALDOMAIN
	CDPATH
	IFS
Environment variables to preserve:
	JAVA_HOME
	TRAVIS
	CI
	DEBIAN_FRONTEND
	XAUTHORIZATION
	XAUTHORITY
	PS2
	PS1
	PATH
	LS_COLORS
	KRB5CCNAME
	HOSTNAME
	HOME
	DISPLAY
	COLORS
Locale to use while parsing sudoers: C
Directory in which to store input/output logs: /var/log/sudo-io
File in which to store the input/output log: %{seq}
Add an entry to the utmp/utmpx file when allocating a pty
PAM service name to use
PAM service name to use for login shells
Create a new PAM session for the command to run in
Maximum I/O log sequence number: 0

Local IP address and netmask pairs:
	172.17.0.2/255.255.0.0

Sudoers I/O plugin version 1.8.9p5
[34m[1mgzip version[0m
gzip 1.6
Copyright (C) 2007, 2010, 2011 Free Software Foundation, Inc.
Copyright (C) 1993 Jean-loup Gailly.
This is free software.  You may redistribute copies of it under the terms of
the GNU General Public License <http://www.gnu.org/licenses/gpl.html>.
There is NO WARRANTY, to the extent permitted by law.

Written by Jean-loup Gailly.
[34m[1mzip version[0m
Copyright (c) 1990-2008 Info-ZIP - Type 'zip "-L"' for software license.
This is Zip 3.0 (July 5th 2008), by Info-ZIP.
Currently maintained by E. Gordon.  Please send bug reports to
the authors using the web page at www.info-zip.org; see README for details.

Latest sources and executables are at ftp://ftp.info-zip.org/pub/infozip,
as of above date; see http://www.info-zip.org/ for other sites.

Compiled with gcc 4.8.2 for Unix (Linux ELF) on Oct 21 2013.

Zip special compilation options:
	USE_EF_UT_TIME       (store Universal Time)
	BZIP2_SUPPORT        (bzip2 library version 1.0.6, 6-Sept-2010)
	    bzip2 code and library copyright (c) Julian R Seward
	    (See the bzip2 license for terms of use)
	SYMLINK_SUPPORT      (symbolic links supported)
	LARGE_FILE_SUPPORT   (can read and write large files on file system)
	ZIP64_SUPPORT        (use Zip64 to store large files in archives)
	UNICODE_SUPPORT      (store and read UTF-8 Unicode paths)
	STORE_UNIX_UIDs_GIDs (store UID/GID sizes/values using new extra field)
	UIDGID_NOT_16BIT     (old Unix 16-bit UID/GID extra field not used)
	[encryption, version 2.91 of 05 Jan 2007] (modified for Zip 3)

Encryption notice:
	The encryption code of this program is not copyrighted and is
	put in the public domain.  It was originally written in Europe
	and, to the best of our knowledge, can be freely distributed
	in both source and object forms from any country, including
	the USA under License Exception TSU of the U.S. Export
	Administration Regulations (section 740.13(e)) of 6 June 2002.

Zip environment options:
             ZIP:  [none]
          ZIPOPT:  [none]
[34m[1mvim version[0m
VIM - Vi IMproved 7.4 (2013 Aug 10, compiled Nov 24 2016 16:43:18)
Included patches: 1-52
Extra patches: 8.0.0056
Modified by pkg-vim-maintainers@lists.alioth.debian.org
Compiled by buildd@
Huge version without GUI.  Features included (+) or not (-):
+acl             +farsi           +mouse_netterm   +syntax
+arabic          +file_in_path    +mouse_sgr       +tag_binary
+autocmd         +find_in_path    -mouse_sysmouse  +tag_old_static
-balloon_eval    +float           +mouse_urxvt     -tag_any_white
-browse          +folding         +mouse_xterm     -tcl
++builtin_terms  -footer          +multi_byte      +terminfo
+byte_offset     +fork()          +multi_lang      +termresponse
+cindent         +gettext         -mzscheme        +textobjects
-clientserver    -hangul_input    +netbeans_intg   +title
-clipboard       +iconv           +path_extra      -toolbar
+cmdline_compl   +insert_expand   -perl            +user_commands
+cmdline_hist    +jumplist        +persistent_undo +vertsplit
+cmdline_info    +keymap          +postscript      +virtualedit
+comments        +langmap         +printer         +visual
+conceal         +libcall         +profile         +visualextra
+cryptv          +linebreak       +python          +viminfo
+cscope          +lispindent      -python3         +vreplace
+cursorbind      +listcmds        +quickfix        +wildignore
+cursorshape     +localmap        +reltime         +wildmenu
+dialog_con      -lua             +rightleft       +windows
+diff            +menu            -ruby            +writebackup
+digraphs        +mksession       +scrollbind      -X11
-dnd             +modify_fname    +signs           -xfontset
-ebcdic          +mouse           +smartindent     -xim
+emacs_tags      -mouseshape      -sniff           -xsmp
+eval            +mouse_dec       +startuptime     -xterm_clipboard
+ex_extra        +mouse_gpm       +statusline      -xterm_save
+extra_search    -mouse_jsbterm   -sun_workshop    -xpm
   system vimrc file: "$VIM/vimrc"
     user vimrc file: "$HOME/.vimrc"
 2nd user vimrc file: "~/.vim/vimrc"
      user exrc file: "$HOME/.exrc"
  fall-back for $VIM: "/usr/share/vim"
Compilation: gcc -c -I. -Iproto -DHAVE_CONFIG_H     -g -O2 -fstack-protector --param=ssp-buffer-size=4 -Wformat -Werror=format-security -U_FORTIFY_SOURCE -D_FORTIFY_SOURCE=1      
Linking: gcc   -Wl,-Bsymbolic-functions -Wl,-z,relro -Wl,--as-needed -o vim        -lm -ltinfo -lnsl  -lselinux  -lacl -lattr -lgpm -ldl    -L/usr/lib/python2.7/config-x86_64-linux-gnu -lpython2.7 -lpthread -ldl -lutil -lm -Xlinker -export-dynamic -Wl,-O1 -Wl,-Bsymbolic-functions      
[34m[1miptables version[0m
iptables v1.4.21
[34m[1mcurl version[0m
curl 7.35.0 (x86_64-pc-linux-gnu) libcurl/7.35.0 OpenSSL/1.0.1f zlib/1.2.8 libidn/1.28 librtmp/2.3
[34m[1mwget version[0m
GNU Wget 1.15 built on linux-gnu.
[34m[1mrsync version[0m
rsync  version 3.1.0  protocol version 31
[34m[1mgimme version[0m
v1.2.0
[34m[1mnvm version[0m
0.33.6
[34m[1mperlbrew version[0m
/home/travis/perl5/perlbrew/bin/perlbrew  - App::perlbrew/0.80
[34m[1mphpenv version[0m
rbenv 1.1.1-25-g6aa70b6
[34m[1mrvm version[0m
rvm 1.29.3 (latest) by Michal Papis, Piotr Kuczynski, Wayne E. Seguin [https://rvm.io]
[34m[1mdefault ruby version[0m
ruby 2.4.1p111 (2017-03-22 revision 58053) [x86_64-linux]
[34m[1mCouchDB version[0m
couchdb 1.6.1
[34m[1mElasticSearch version[0m
5.5.0
[34m[1mInstalled Firefox version[0m
firefox 56.0.2
[34m[1mMongoDB version[0m
MongoDB 3.4.10
[34m[1mPhantomJS version[0m
2.1.1
[34m[1mPre-installed PostgreSQL versions[0m
9.2.24
9.3.20
9.4.15
9.5.10
9.6.6
[34m[1mRabbitMQ Version[0m
3.6.14
[34m[1mRedis version[0m
redis-server 4.0.6
[34m[1mriak version[0m
2.2.3
[34m[1mPre-installed Go versions[0m
1.7.4
[34m[1mant version[0m
Apache Ant(TM) version 1.9.3 compiled on April 8 2014
[34m[1mmvn version[0m
Apache Maven 3.5.2 (138edd61fd100ec658bfa2d307c43b76940a5d7d; 2017-10-18T07:58:13Z)
Maven home: /usr/local/maven-3.5.2
Java version: 1.8.0_151, vendor: Oracle Corporation
Java home: /usr/lib/jvm/java-8-oracle/jre
Default locale: en_US, platform encoding: UTF-8
OS name: "linux", version: "4.4.0-101-generic", arch: "amd64", family: "unix"
[34m[1mgradle version[0m

------------------------------------------------------------
Gradle 4.0.1
------------------------------------------------------------

Build time:   2017-07-07 14:02:41 UTC
Revision:     38e5dc0f772daecca1d2681885d3d85414eb6826

Groovy:       2.4.11
Ant:          Apache Ant(TM) version 1.9.6 compiled on June 29 2015
JVM:          1.8.0_151 (Oracle Corporation 25.151-b12)
OS:           Linux 4.4.0-101-generic amd64

[34m[1mlein version[0m
Leiningen 2.8.1 on Java 1.8.0_151 Java HotSpot(TM) 64-Bit Server VM
[34m[1mPre-installed Node.js versions[0m
v4.8.6
v6.12.0
v6.12.1
v8.9
v8.9.1
[34m[1mphpenv versions[0m
  system
  5.6
* 5.6.32 (set by /home/travis/.phpenv/version)
  7.0
  7.0.25
  7.1
  7.1.11
  hhvm
  hhvm-stable
[34m[1mcomposer --version[0m
Composer version 1.5.2 2017-09-11 16:59:25
[34m[1mPre-installed Ruby versions[0m
ruby-2.2.7
ruby-2.3.4
ruby-2.4.1
travis_fold:end:system_info[0K
removed â€˜/etc/apt/sources.list.d/basho_riak.listâ€™
[32;1mNetwork availability confirmed.[0m
127.0.0.1	localhost
::1	 ip6-localhost ip6-loopback
fe00::0	ip6-localnet
ff00::0	ip6-mcastprefix
ff02::1	ip6-allnodes
ff02::2	ip6-allrouters
172.17.0.4	travis-job-crate-crate-jdbc-358767427.travisci.net travis-job-crate-crate-jdbc-358767427
W: http://ppa.launchpad.net/couchdb/stable/ubuntu/dists/trusty/Release.gpg: Signature by key 15866BAFD9BCC4F3C1E0DFC7D69548E1C17EAB57 uses weak digest algorithm (SHA1)
$ jdk_switcher use openjdk7
Switching to OpenJDK7 (java-1.7.0-openjdk-amd64), JAVA_HOME will be set to /usr/lib/jvm/java-7-openjdk-amd64
travis_fold:start:git.checkout[0Ktravis_time:start:160af6c0[0K$ git clone --depth=50 --branch=master https://github.com/crate/crate-jdbc.git crate/crate-jdbc
Cloning into 'crate/crate-jdbc'...
remote: Counting objects: 376, done.[K
remote: Compressing objects:   0% (1/159)   [Kremote: Compressing objects:   1% (2/159)   [Kremote: Compressing objects:   2% (4/159)   [Kremote: Compressing objects:   3% (5/159)   [Kremote: Compressing objects:   4% (7/159)   [Kremote: Compressing objects:   5% (8/159)   [Kremote: Compressing objects:   6% (10/159)   [Kremote: Compressing objects:   7% (12/159)   [Kremote: Compressing objects:   8% (13/159)   [Kremote: Compressing objects:   9% (15/159)   [Kremote: Compressing objects:  10% (16/159)   [Kremote: Compressing objects:  11% (18/159)   [Kremote: Compressing objects:  12% (20/159)   [Kremote: Compressing objects:  13% (21/159)   [Kremote: Compressing objects:  14% (23/159)   [Kremote: Compressing objects:  15% (24/159)   [Kremote: Compressing objects:  16% (26/159)   [Kremote: Compressing objects:  17% (28/159)   [Kremote: Compressing objects:  18% (29/159)   [Kremote: Compressing objects:  19% (31/159)   [Kremote: Compressing objects:  20% (32/159)   [Kremote: Compressing objects:  21% (34/159)   [Kremote: Compressing objects:  22% (35/159)   [Kremote: Compressing objects:  23% (37/159)   [Kremote: Compressing objects:  24% (39/159)   [Kremote: Compressing objects:  25% (40/159)   [Kremote: Compressing objects:  26% (42/159)   [Kremote: Compressing objects:  27% (43/159)   [Kremote: Compressing objects:  28% (45/159)   [Kremote: Compressing objects:  29% (47/159)   [Kremote: Compressing objects:  30% (48/159)   [Kremote: Compressing objects:  31% (50/159)   [Kremote: Compressing objects:  32% (51/159)   [Kremote: Compressing objects:  33% (53/159)   [Kremote: Compressing objects:  34% (55/159)   [Kremote: Compressing objects:  35% (56/159)   [Kremote: Compressing objects:  36% (58/159)   [Kremote: Compressing objects:  37% (59/159)   [Kremote: Compressing objects:  38% (61/159)   [Kremote: Compressing objects:  39% (63/159)   [Kremote: Compressing objects:  40% (64/159)   [Kremote: Compressing objects:  41% (66/159)   [Kremote: Compressing objects:  42% (67/159)   [Kremote: Compressing objects:  43% (69/159)   [Kremote: Compressing objects:  44% (70/159)   [Kremote: Compressing objects:  45% (72/159)   [Kremote: Compressing objects:  46% (74/159)   [Kremote: Compressing objects:  47% (75/159)   [Kremote: Compressing objects:  48% (77/159)   [Kremote: Compressing objects:  49% (78/159)   [Kremote: Compressing objects:  50% (80/159)   [Kremote: Compressing objects:  51% (82/159)   [Kremote: Compressing objects:  52% (83/159)   [Kremote: Compressing objects:  53% (85/159)   [Kremote: Compressing objects:  54% (86/159)   [Kremote: Compressing objects:  55% (88/159)   [Kremote: Compressing objects:  56% (90/159)   [Kremote: Compressing objects:  57% (91/159)   [Kremote: Compressing objects:  58% (93/159)   [Kremote: Compressing objects:  59% (94/159)   [Kremote: Compressing objects:  60% (96/159)   [Kremote: Compressing objects:  61% (97/159)   [Kremote: Compressing objects:  62% (99/159)   [Kremote: Compressing objects:  63% (101/159)   [Kremote: Compressing objects:  64% (102/159)   [Kremote: Compressing objects:  65% (104/159)   [Kremote: Compressing objects:  66% (105/159)   [Kremote: Compressing objects:  67% (107/159)   [Kremote: Compressing objects:  68% (109/159)   [Kremote: Compressing objects:  69% (110/159)   [Kremote: Compressing objects:  70% (112/159)   [Kremote: Compressing objects:  71% (113/159)   [Kremote: Compressing objects:  72% (115/159)   [Kremote: Compressing objects:  73% (117/159)   [Kremote: Compressing objects:  74% (118/159)   [Kremote: Compressing objects:  75% (120/159)   [Kremote: Compressing objects:  76% (121/159)   [Kremote: Compressing objects:  77% (123/159)   [Kremote: Compressing objects:  78% (125/159)   [Kremote: Compressing objects:  79% (126/159)   [Kremote: Compressing objects:  80% (128/159)   [Kremote: Compressing objects:  81% (129/159)   [Kremote: Compressing objects:  82% (131/159)   [Kremote: Compressing objects:  83% (132/159)   [Kremote: Compressing objects:  84% (134/159)   [Kremote: Compressing objects:  85% (136/159)   [Kremote: Compressing objects:  86% (137/159)   [Kremote: Compressing objects:  87% (139/159)   [Kremote: Compressing objects:  88% (140/159)   [Kremote: Compressing objects:  89% (142/159)   [Kremote: Compressing objects:  90% (144/159)   [Kremote: Compressing objects:  91% (145/159)   [Kremote: Compressing objects:  92% (147/159)   [Kremote: Compressing objects:  93% (148/159)   [Kremote: Compressing objects:  94% (150/159)   [Kremote: Compressing objects:  95% (152/159)   [Kremote: Compressing objects:  96% (153/159)   [Kremote: Compressing objects:  97% (155/159)   [Kremote: Compressing objects:  98% (156/159)   [Kremote: Compressing objects:  99% (158/159)   [Kremote: Compressing objects: 100% (159/159)   [Kremote: Compressing objects: 100% (159/159), done.[K
Receiving objects:   0% (1/376)   Receiving objects:   1% (4/376)   Receiving objects:   2% (8/376)   Receiving objects:   3% (12/376)   Receiving objects:   4% (16/376)   Receiving objects:   5% (19/376)   Receiving objects:   6% (23/376)   Receiving objects:   7% (27/376)   Receiving objects:   8% (31/376)   Receiving objects:   9% (34/376)   Receiving objects:  10% (38/376)   Receiving objects:  11% (42/376)   Receiving objects:  12% (46/376)   Receiving objects:  13% (49/376)   Receiving objects:  14% (53/376)   Receiving objects:  15% (57/376)   Receiving objects:  16% (61/376)   Receiving objects:  17% (64/376)   Receiving objects:  18% (68/376)   Receiving objects:  19% (72/376)   Receiving objects:  20% (76/376)   Receiving objects:  21% (79/376)   Receiving objects:  22% (83/376)   Receiving objects:  23% (87/376)   Receiving objects:  24% (91/376)   Receiving objects:  25% (94/376)   Receiving objects:  26% (98/376)   Receiving objects:  27% (102/376)   Receiving objects:  28% (106/376)   Receiving objects:  29% (110/376)   Receiving objects:  30% (113/376)   Receiving objects:  31% (117/376)   Receiving objects:  32% (121/376)   Receiving objects:  33% (125/376)   Receiving objects:  34% (128/376)   Receiving objects:  35% (132/376)   Receiving objects:  36% (136/376)   Receiving objects:  37% (140/376)   Receiving objects:  38% (143/376)   Receiving objects:  39% (147/376)   Receiving objects:  40% (151/376)   Receiving objects:  41% (155/376)   Receiving objects:  42% (158/376)   Receiving objects:  43% (162/376)   Receiving objects:  44% (166/376)   Receiving objects:  45% (170/376)   Receiving objects:  46% (173/376)   Receiving objects:  47% (177/376)   Receiving objects:  48% (181/376)   Receiving objects:  49% (185/376)   Receiving objects:  50% (188/376)   Receiving objects:  51% (192/376)   Receiving objects:  52% (196/376)   Receiving objects:  53% (200/376)   Receiving objects:  54% (204/376)   Receiving objects:  55% (207/376)   Receiving objects:  56% (211/376)   Receiving objects:  57% (215/376)   Receiving objects:  58% (219/376)   Receiving objects:  59% (222/376)   Receiving objects:  60% (226/376)   Receiving objects:  61% (230/376)   Receiving objects:  62% (234/376)   Receiving objects:  63% (237/376)   Receiving objects:  64% (241/376)   Receiving objects:  65% (245/376)   Receiving objects:  66% (249/376)   Receiving objects:  67% (252/376)   Receiving objects:  68% (256/376)   Receiving objects:  69% (260/376)   Receiving objects:  70% (264/376)   Receiving objects:  71% (267/376)   Receiving objects:  72% (271/376)   Receiving objects:  73% (275/376)   Receiving objects:  74% (279/376)   Receiving objects:  75% (282/376)   Receiving objects:  76% (286/376)   Receiving objects:  77% (290/376)   Receiving objects:  78% (294/376)   Receiving objects:  79% (298/376)   Receiving objects:  80% (301/376)   Receiving objects:  81% (305/376)   Receiving objects:  82% (309/376)   Receiving objects:  83% (313/376)   Receiving objects:  84% (316/376)   Receiving objects:  85% (320/376)   Receiving objects:  86% (324/376)   remote: Total 376 (delta 171), reused 314 (delta 133), pack-reused 0[K
Receiving objects:  87% (328/376)   Receiving objects:  88% (331/376)   Receiving objects:  89% (335/376)   Receiving objects:  90% (339/376)   Receiving objects:  91% (343/376)   Receiving objects:  92% (346/376)   Receiving objects:  93% (350/376)   Receiving objects:  94% (354/376)   Receiving objects:  95% (358/376)   Receiving objects:  96% (361/376)   Receiving objects:  97% (365/376)   Receiving objects:  98% (369/376)   Receiving objects:  99% (373/376)   Receiving objects: 100% (376/376)   Receiving objects: 100% (376/376), 187.27 KiB | 26.75 MiB/s, done.
Resolving deltas:   0% (0/171)   Resolving deltas:   5% (10/171)   Resolving deltas:  12% (21/171)   Resolving deltas:  15% (27/171)   Resolving deltas:  19% (33/171)   Resolving deltas:  36% (62/171)   Resolving deltas:  48% (83/171)   Resolving deltas:  49% (84/171)   Resolving deltas:  51% (88/171)   Resolving deltas:  53% (92/171)   Resolving deltas:  56% (97/171)   Resolving deltas:  59% (101/171)   Resolving deltas:  69% (119/171)   Resolving deltas:  70% (120/171)   Resolving deltas:  76% (131/171)   Resolving deltas:  77% (133/171)   Resolving deltas:  78% (134/171)   Resolving deltas:  79% (136/171)   Resolving deltas:  83% (142/171)   Resolving deltas:  86% (148/171)   Resolving deltas:  88% (151/171)   Resolving deltas:  89% (153/171)   Resolving deltas:  90% (155/171)   Resolving deltas:  91% (156/171)   Resolving deltas:  92% (158/171)   Resolving deltas:  93% (160/171)   Resolving deltas:  94% (161/171)   Resolving deltas:  95% (163/171)   Resolving deltas:  97% (166/171)   Resolving deltas:  98% (169/171)   Resolving deltas:  99% (170/171)   Resolving deltas: 100% (171/171)   Resolving deltas: 100% (171/171), done.

travis_time:end:160af6c0:start=1522138435608953846,finish=1522138436078277431,duration=469323585[0K$ cd crate/crate-jdbc
$ git checkout -qf 13cd09512a6c7acc0cd4f3478701a627e3f2e436
travis_fold:end:git.checkout[0Ktravis_fold:start:git.submodule[0Ktravis_time:start:10a71668[0K$ git submodule update --init --recursive
Submodule 'pg/upstream' (https://github.com/crate/pgjdbc) registered for path 'pg/upstream'
Cloning into '/home/travis/build/crate/crate-jdbc/pg/upstream'...
Submodule path 'pg/upstream': checked out '1a64249d0e959b0a4083007ce36df1c3625be668'

travis_time:end:10a71668:start=1522138436091471562,finish=1522138438121116772,duration=2029645210[0Ktravis_fold:end:git.submodule[0K
[33;1mSetting environment variables from .travis.yml[0m
$ export CRATE_VERSION=0.57.6

$ export TERM=dumb
[33;1mDisabling Gradle daemon[0m
travis_time:start:002e101c[0K$ mkdir -p ~/.gradle && echo "org.gradle.daemon=false" >> ~/.gradle/gradle.properties

travis_time:end:002e101c:start=1522138450908120549,finish=1522138450914135473,duration=6014924[0K$ export PATH=$JAVA_HOME/bin:$PATH
travis_fold:start:cache.1[0KSetting up build cache
$ export CASHER_DIR=$HOME/.casher
travis_time:start:15c2b8ae[0K$ Installing caching utilities

travis_time:end:15c2b8ae:start=1522138456766688096,finish=1522138456795956568,duration=29268472[0Ktravis_time:start:05589da4[0K
travis_time:end:05589da4:start=1522138456804362356,finish=1522138456810269403,duration=5907047[0Ktravis_time:start:013a3e02[0K[32;1mattempting to download cache archive[0m
[32;1mfetching master/cache-linux-trusty-d7c3ac2f77bbc8f1e51f3b9bcb737e0f23e52ba03fef5b8787a0fa56d1d932c8--jdk-openjdk7.tgz[0m
[32;1mfound cache[0m

travis_time:end:013a3e02:start=1522138456817475489,finish=1522138464091775860,duration=7274300371[0Ktravis_time:start:0cd1c4c0[0K
travis_time:end:0cd1c4c0:start=1522138464098090147,finish=1522138464103896490,duration=5806343[0Ktravis_time:start:0285e00c[0K[32;1madding /home/travis/.m2 to cache[0m

travis_time:end:0285e00c:start=1522138464110780432,finish=1522138466643341328,duration=2532560896[0Ktravis_fold:end:cache.1[0K$ java -Xmx32m -version
Picked up _JAVA_OPTIONS: -Xmx2048m -Xms512m
java version "1.7.0_151"
OpenJDK Runtime Environment (IcedTea 2.6.11) (7u151-2.6.11-2ubuntu0.14.04.1)
OpenJDK 64-Bit Server VM (build 24.151-b01, mixed mode)
$ javac -J-Xmx32m -version
Picked up _JAVA_OPTIONS: -Xmx2048m -Xms512m
javac 1.7.0_151
travis_fold:start:install[0Ktravis_time:start:00bfd938[0K$ JAVA_HOME=$(jdk_switcher home openjdk8) ./gradlew classes testClasses
Picked up _JAVA_OPTIONS: -Xmx2048m -Xms512m
Downloading https://services.gradle.org/distributions/gradle-4.0.2-bin.zip
................................................................
Unzipping /home/travis/.gradle/wrapper/dists/gradle-4.0.2-bin/be99721vbppnjuga6pbz1stgj/gradle-4.0.2-bin.zip to /home/travis/.gradle/wrapper/dists/gradle-4.0.2-bin/be99721vbppnjuga6pbz1stgj
Set executable permissions for: /home/travis/.gradle/wrapper/dists/gradle-4.0.2-bin/be99721vbppnjuga6pbz1stgj/gradle-4.0.2/bin/gradle
Download https://jcenter.bintray.com/com/github/jengelman/gradle/plugins/shadow/1.2.3/shadow-1.2.3.pom
Download https://jcenter.bintray.com/org/jdom/jdom2/2.0.5/jdom2-2.0.5.pom
Download https://jcenter.bintray.com/org/ow2/asm/asm/5.0.3/asm-5.0.3.pom
Download https://jcenter.bintray.com/org/ow2/asm/asm-commons/5.0.3/asm-commons-5.0.3.pom
Download https://jcenter.bintray.com/org/ow2/asm/asm-parent/5.0.3/asm-parent-5.0.3.pom
Download https://jcenter.bintray.com/org/ow2/ow2/1.3/ow2-1.3.pom
Download https://jcenter.bintray.com/org/apache/ant/ant/1.9.4/ant-1.9.4.pom
Download https://jcenter.bintray.com/commons-io/commons-io/2.4/commons-io-2.4.pom
Download https://jcenter.bintray.com/org/apache/ant/ant-parent/1.9.4/ant-parent-1.9.4.pom
Download https://jcenter.bintray.com/org/apache/commons/commons-parent/25/commons-parent-25.pom
Download https://jcenter.bintray.com/org/codehaus/plexus/plexus-utils/2.0.6/plexus-utils-2.0.6.pom
Download https://jcenter.bintray.com/org/apache/apache/9/apache-9.pom
Download https://jcenter.bintray.com/org/codehaus/plexus/plexus/2.0.7/plexus-2.0.7.pom
Download https://jcenter.bintray.com/org/codehaus/groovy/groovy-backports-compat23/2.4.4/groovy-backports-compat23-2.4.4.pom
Download https://jcenter.bintray.com/org/ow2/asm/asm-tree/5.0.3/asm-tree-5.0.3.pom
Download https://jcenter.bintray.com/org/apache/ant/ant-launcher/1.9.4/ant-launcher-1.9.4.pom
Download https://jcenter.bintray.com/org/jdom/jdom2/2.0.5/jdom2-2.0.5.jar
Download https://jcenter.bintray.com/com/github/jengelman/gradle/plugins/shadow/1.2.3/shadow-1.2.3.jar
Download https://jcenter.bintray.com/org/ow2/asm/asm-tree/5.0.3/asm-tree-5.0.3.jar
Download https://jcenter.bintray.com/org/ow2/asm/asm-commons/5.0.3/asm-commons-5.0.3.jar
Download https://jcenter.bintray.com/commons-io/commons-io/2.4/commons-io-2.4.jar
Download https://jcenter.bintray.com/org/ow2/asm/asm/5.0.3/asm-5.0.3.jar
Download https://jcenter.bintray.com/org/apache/ant/ant/1.9.4/ant-1.9.4.jar
Download https://jcenter.bintray.com/org/codehaus/plexus/plexus-utils/2.0.6/plexus-utils-2.0.6.jar
Download https://jcenter.bintray.com/org/codehaus/groovy/groovy-backports-compat23/2.4.4/groovy-backports-compat23-2.4.4.jar
Download https://jcenter.bintray.com/org/apache/ant/ant-launcher/1.9.4/ant-launcher-1.9.4.jar
:pg:preprocessJava
Download https://repo1.maven.org/maven2/com/igormaznitsa/jcp/6.0.1/jcp-6.0.1.pom
Download https://repo1.maven.org/maven2/org/apache/maven/maven-plugin-api/3.0.3/maven-plugin-api-3.0.3.pom
Download https://repo1.maven.org/maven2/org/apache/maven/maven-core/3.0.3/maven-core-3.0.3.pom
Download https://repo1.maven.org/maven2/org/apache/maven/maven/3.0.3/maven-3.0.3.pom
Download https://repo1.maven.org/maven2/org/apache/maven/maven-parent/15/maven-parent-15.pom
Download https://repo1.maven.org/maven2/org/apache/apache/6/apache-6.pom
Download https://repo1.maven.org/maven2/org/apache/ant/ant/1.8.2/ant-1.8.2.pom
Download https://repo1.maven.org/maven2/org/apache/maven/shared/file-management/1.2.1/file-management-1.2.1.pom
Download https://repo1.maven.org/maven2/org/apache/ant/ant-parent/1.8.2/ant-parent-1.8.2.pom
Download https://repo1.maven.org/maven2/org/apache/maven/shared/maven-shared-components/10/maven-shared-components-10.pom
Download https://repo1.maven.org/maven2/org/apache/maven/maven-parent/9/maven-parent-9.pom
Download https://repo1.maven.org/maven2/org/apache/apache/4/apache-4.pom
Download https://repo1.maven.org/maven2/org/apache/maven/maven-model/3.0.3/maven-model-3.0.3.pom
Download https://repo1.maven.org/maven2/org/apache/maven/maven-artifact/3.0.3/maven-artifact-3.0.3.pom
Download https://repo1.maven.org/maven2/org/sonatype/sisu/sisu-inject-plexus/2.1.1/sisu-inject-plexus-2.1.1.pom
Download https://repo1.maven.org/maven2/org/sonatype/sisu/inject/guice-plexus/2.1.1/guice-plexus-2.1.1.pom
Download https://repo1.maven.org/maven2/org/sonatype/sisu/inject/guice-bean/2.1.1/guice-bean-2.1.1.pom
Download https://repo1.maven.org/maven2/org/sonatype/sisu/sisu-inject/2.1.1/sisu-inject-2.1.1.pom
Download https://repo1.maven.org/maven2/org/sonatype/sisu/sisu-parent/2.1.1/sisu-parent-2.1.1.pom
Download https://repo1.maven.org/maven2/org/sonatype/forge/forge-parent/7/forge-parent-7.pom
Download https://repo1.maven.org/maven2/org/apache/maven/maven-settings/3.0.3/maven-settings-3.0.3.pom
Download https://repo1.maven.org/maven2/org/apache/maven/maven-settings-builder/3.0.3/maven-settings-builder-3.0.3.pom
Download https://repo1.maven.org/maven2/org/apache/maven/maven-repository-metadata/3.0.3/maven-repository-metadata-3.0.3.pom
Download https://repo1.maven.org/maven2/org/apache/maven/maven-model-builder/3.0.3/maven-model-builder-3.0.3.pom
Download https://repo1.maven.org/maven2/org/apache/maven/maven-aether-provider/3.0.3/maven-aether-provider-3.0.3.pom
Download https://repo1.maven.org/maven2/org/sonatype/aether/aether-impl/1.11/aether-impl-1.11.pom
Download https://repo1.maven.org/maven2/org/sonatype/aether/aether-api/1.11/aether-api-1.11.pom
Download https://repo1.maven.org/maven2/org/sonatype/aether/aether-parent/1.11/aether-parent-1.11.pom
Download https://repo1.maven.org/maven2/org/sonatype/forge/forge-parent/6/forge-parent-6.pom
Download https://repo1.maven.org/maven2/org/codehaus/plexus/plexus-interpolation/1.14/plexus-interpolation-1.14.pom
Download https://repo1.maven.org/maven2/org/sonatype/aether/aether-util/1.11/aether-util-1.11.pom
Download https://repo1.maven.org/maven2/org/codehaus/plexus/plexus-components/1.1.18/plexus-components-1.1.18.pom
Download https://repo1.maven.org/maven2/org/codehaus/plexus/plexus-classworlds/2.4/plexus-classworlds-2.4.pom
Download https://repo1.maven.org/maven2/org/sonatype/plexus/plexus-sec-dispatcher/1.3/plexus-sec-dispatcher-1.3.pom
Download https://repo1.maven.org/maven2/org/codehaus/plexus/plexus-component-annotations/1.5.5/plexus-component-annotations-1.5.5.pom
Download https://repo1.maven.org/maven2/org/sonatype/spice/spice-parent/12/spice-parent-12.pom
Download https://repo1.maven.org/maven2/org/codehaus/plexus/plexus-containers/1.5.5/plexus-containers-1.5.5.pom
Download https://repo1.maven.org/maven2/org/sonatype/forge/forge-parent/4/forge-parent-4.pom
Download https://repo1.maven.org/maven2/org/apache/ant/ant-launcher/1.8.2/ant-launcher-1.8.2.pom
Download https://repo1.maven.org/maven2/org/apache/maven/shared/maven-shared-io/1.1/maven-shared-io-1.1.pom
Download https://repo1.maven.org/maven2/org/codehaus/plexus/plexus-container-default/1.0-alpha-9/plexus-container-default-1.0-alpha-9.pom
Download https://repo1.maven.org/maven2/org/apache/maven/shared/maven-shared-components/8/maven-shared-components-8.pom
Download https://repo1.maven.org/maven2/org/apache/maven/maven-parent/7/maven-parent-7.pom
Download https://repo1.maven.org/maven2/org/codehaus/plexus/plexus-containers/1.0.3/plexus-containers-1.0.3.pom
Download https://repo1.maven.org/maven2/org/codehaus/plexus/plexus/1.0.4/plexus-1.0.4.pom
Download https://repo1.maven.org/maven2/org/sonatype/sisu/sisu-inject-bean/2.1.1/sisu-inject-bean-2.1.1.pom
Download https://repo1.maven.org/maven2/org/sonatype/aether/aether-spi/1.11/aether-spi-1.11.pom
Download https://repo1.maven.org/maven2/org/sonatype/plexus/plexus-cipher/1.4/plexus-cipher-1.4.pom
Download https://repo1.maven.org/maven2/org/apache/maven/maven-artifact-manager/2.0.2/maven-artifact-manager-2.0.2.pom
Download https://repo1.maven.org/maven2/org/apache/maven/wagon/wagon-provider-api/1.0-alpha-6/wagon-provider-api-1.0-alpha-6.pom
Download https://repo1.maven.org/maven2/org/apache/maven/maven/2.0.2/maven-2.0.2.pom
Download https://repo1.maven.org/maven2/org/apache/maven/wagon/wagon/1.0-alpha-6/wagon-1.0-alpha-6.pom
Download https://repo1.maven.org/maven2/junit/junit/3.8.1/junit-3.8.1.pom
Download https://repo1.maven.org/maven2/classworlds/classworlds/1.1-alpha-2/classworlds-1.1-alpha-2.pom
Download https://repo1.maven.org/maven2/org/sonatype/sisu/sisu-guice/2.9.4/sisu-guice-2.9.4.pom
Download https://repo1.maven.org/maven2/org/sonatype/sisu/inject/guice-parent/2.9.4/guice-parent-2.9.4.pom
Download https://repo1.maven.org/maven2/org/apache/maven/maven-core/3.0.3/maven-core-3.0.3.jar
Download https://repo1.maven.org/maven2/com/igormaznitsa/jcp/6.0.1/jcp-6.0.1.jar
Download https://repo1.maven.org/maven2/org/apache/maven/shared/file-management/1.2.1/file-management-1.2.1.jar
Download https://repo1.maven.org/maven2/org/apache/maven/maven-plugin-api/3.0.3/maven-plugin-api-3.0.3.jar
Download https://repo1.maven.org/maven2/org/apache/maven/maven-aether-provider/3.0.3/maven-aether-provider-3.0.3.jar
Download https://repo1.maven.org/maven2/org/apache/ant/ant/1.8.2/ant-1.8.2.jar
Download https://repo1.maven.org/maven2/org/apache/maven/maven-model-builder/3.0.3/maven-model-builder-3.0.3.jar
Download https://repo1.maven.org/maven2/org/apache/maven/maven-model/3.0.3/maven-model-3.0.3.jar
Download https://repo1.maven.org/maven2/org/apache/maven/shared/maven-shared-io/1.1/maven-shared-io-1.1.jar
Download https://repo1.maven.org/maven2/org/apache/maven/maven-artifact-manager/2.0.2/maven-artifact-manager-2.0.2.jar
Download https://repo1.maven.org/maven2/org/apache/maven/maven-artifact/3.0.3/maven-artifact-3.0.3.jar
Download https://repo1.maven.org/maven2/org/sonatype/sisu/sisu-inject-plexus/2.1.1/sisu-inject-plexus-2.1.1.jar
Download https://repo1.maven.org/maven2/org/apache/maven/maven-settings-builder/3.0.3/maven-settings-builder-3.0.3.jar
Download https://repo1.maven.org/maven2/org/apache/maven/maven-settings/3.0.3/maven-settings-3.0.3.jar
Download https://repo1.maven.org/maven2/org/apache/maven/maven-repository-metadata/3.0.3/maven-repository-metadata-3.0.3.jar
Download https://repo1.maven.org/maven2/org/sonatype/aether/aether-impl/1.11/aether-impl-1.11.jar
Download https://repo1.maven.org/maven2/org/sonatype/aether/aether-util/1.11/aether-util-1.11.jar
Download https://repo1.maven.org/maven2/org/sonatype/aether/aether-spi/1.11/aether-spi-1.11.jar
Download https://repo1.maven.org/maven2/org/codehaus/plexus/plexus-interpolation/1.14/plexus-interpolation-1.14.jar
Download https://repo1.maven.org/maven2/org/sonatype/aether/aether-api/1.11/aether-api-1.11.jar
Download https://repo1.maven.org/maven2/org/sonatype/plexus/plexus-sec-dispatcher/1.3/plexus-sec-dispatcher-1.3.jar
Download https://repo1.maven.org/maven2/org/codehaus/plexus/plexus-container-default/1.0-alpha-9/plexus-container-default-1.0-alpha-9.jar
Download https://repo1.maven.org/maven2/org/apache/maven/wagon/wagon-provider-api/1.0-alpha-6/wagon-provider-api-1.0-alpha-6.jar
Download https://repo1.maven.org/maven2/org/codehaus/plexus/plexus-classworlds/2.4/plexus-classworlds-2.4.jar
Download https://repo1.maven.org/maven2/org/apache/ant/ant-launcher/1.8.2/ant-launcher-1.8.2.jar
Download https://repo1.maven.org/maven2/org/sonatype/sisu/sisu-inject-bean/2.1.1/sisu-inject-bean-2.1.1.jar
Download https://repo1.maven.org/maven2/org/codehaus/plexus/plexus-component-annotations/1.5.5/plexus-component-annotations-1.5.5.jar
Download https://repo1.maven.org/maven2/org/sonatype/plexus/plexus-cipher/1.4/plexus-cipher-1.4.jar
Download https://repo1.maven.org/maven2/junit/junit/3.8.1/junit-3.8.1.jar
Download https://repo1.maven.org/maven2/classworlds/classworlds/1.1-alpha-2/classworlds-1.1-alpha-2.jar
Download https://repo1.maven.org/maven2/org/sonatype/sisu/sisu-guice/2.9.4/sisu-guice-2.9.4-no_aop.jar
Preproces: upstream/pgjdbc/src/main/java -> /home/travis/build/crate/crate-jdbc/pg/build/jcp/main/java
Preproces: upstream/pgjdbc/src/main/resources -> /home/travis/build/crate/crate-jdbc/pg/build/jcp/main/resources
:pg:compileJava
Download https://repo1.maven.org/maven2/net/java/dev/jna/jna/4.2.1/jna-4.2.1.pom
Download https://repo1.maven.org/maven2/com/github/dblock/waffle/waffle-jna/1.7.5/waffle-jna-1.7.5.pom
Download https://repo1.maven.org/maven2/net/java/dev/jna/jna-platform/4.2.1/jna-platform-4.2.1.pom
Download https://repo1.maven.org/maven2/org/slf4j/jcl-over-slf4j/1.7.12/jcl-over-slf4j-1.7.12.pom
Download https://repo1.maven.org/maven2/com/github/dblock/waffle/waffle-parent/1.7.5/waffle-parent-1.7.5.pom
Download https://repo1.maven.org/maven2/org/slf4j/slf4j-parent/1.7.12/slf4j-parent-1.7.12.pom
Download https://repo1.maven.org/maven2/com/fasterxml/jackson/core/jackson-databind/2.5.3/jackson-databind-2.5.3.pom
Download https://repo1.maven.org/maven2/com/fasterxml/jackson/jackson-parent/2.5.1/jackson-parent-2.5.1.pom
Download https://repo1.maven.org/maven2/org/osgi/org.osgi.enterprise/4.2.0/org.osgi.enterprise-4.2.0.pom
Download https://repo1.maven.org/maven2/org/osgi/org.osgi.core/4.3.1/org.osgi.core-4.3.1.pom
Download https://repo1.maven.org/maven2/com/fasterxml/oss-parent/19/oss-parent-19.pom
Download https://repo1.maven.org/maven2/org/slf4j/slf4j-api/1.7.12/slf4j-api-1.7.12.pom
Download https://repo1.maven.org/maven2/com/google/guava/guava/18.0/guava-18.0.pom
Download https://repo1.maven.org/maven2/com/google/guava/guava-parent/18.0/guava-parent-18.0.pom
Download https://repo1.maven.org/maven2/org/sonatype/oss/oss-parent/7/oss-parent-7.pom
Download https://repo1.maven.org/maven2/com/fasterxml/jackson/core/jackson-annotations/2.5.0/jackson-annotations-2.5.0.pom
Download https://repo1.maven.org/maven2/com/fasterxml/jackson/core/jackson-core/2.5.3/jackson-core-2.5.3.pom
Download https://repo1.maven.org/maven2/com/fasterxml/jackson/jackson-parent/2.5/jackson-parent-2.5.pom
Download https://repo1.maven.org/maven2/com/fasterxml/oss-parent/18/oss-parent-18.pom
Download https://repo1.maven.org/maven2/com/github/dblock/waffle/waffle-jna/1.7.5/waffle-jna-1.7.5.jar
Download https://repo1.maven.org/maven2/net/java/dev/jna/jna-platform/4.2.1/jna-platform-4.2.1.jar
Download https://repo1.maven.org/maven2/net/java/dev/jna/jna/4.2.1/jna-4.2.1.jar
Download https://repo1.maven.org/maven2/org/slf4j/jcl-over-slf4j/1.7.12/jcl-over-slf4j-1.7.12.jar
Download https://repo1.maven.org/maven2/com/fasterxml/jackson/core/jackson-databind/2.5.3/jackson-databind-2.5.3.jar
Download https://repo1.maven.org/maven2/org/osgi/org.osgi.enterprise/4.2.0/org.osgi.enterprise-4.2.0.jar
Download https://repo1.maven.org/maven2/org/osgi/org.osgi.core/4.3.1/org.osgi.core-4.3.1.jar
Download https://repo1.maven.org/maven2/org/slf4j/slf4j-api/1.7.12/slf4j-api-1.7.12.jar
Download https://repo1.maven.org/maven2/com/google/guava/guava/18.0/guava-18.0.jar
Download https://repo1.maven.org/maven2/com/fasterxml/jackson/core/jackson-annotations/2.5.0/jackson-annotations-2.5.0.jar
Download https://repo1.maven.org/maven2/com/fasterxml/jackson/core/jackson-core/2.5.3/jackson-core-2.5.3.jar
Picked up _JAVA_OPTIONS: -Xmx2048m -Xms512m
Note: Some input files use or override a deprecated API.
Note: Recompile with -Xlint:deprecation for details.
Note: Some input files use unchecked or unsafe operations.
Note: Recompile with -Xlint:unchecked for details.
:pg:processResources
:pg:classes
:pg:jar
:compileJavawarning: [options] bootstrap class path not set in conjunction with -source 1.7
1 warning

:processResources
:classes
:compileTestJava
Download https://repo1.maven.org/maven2/org/hamcrest/hamcrest-all/1.3/hamcrest-all-1.3.pom
Download https://repo1.maven.org/maven2/org/hamcrest/hamcrest-parent/1.3/hamcrest-parent-1.3.pom
Download https://repo1.maven.org/maven2/junit/junit/4.12/junit-4.12.pom
Download https://repo1.maven.org/maven2/com/carrotsearch/randomizedtesting/randomizedtesting-runner/2.1.11/randomizedtesting-runner-2.1.11.pom
Download https://repo1.maven.org/maven2/com/carrotsearch/randomizedtesting/randomizedtesting-parent/2.1.11/randomizedtesting-parent-2.1.11.pom
Download https://repo1.maven.org/maven2/org/sonatype/oss/oss-parent/9/oss-parent-9.pom
Download https://repo1.maven.org/maven2/org/mockito/mockito-core/2.2.3/mockito-core-2.2.3.pom
Download https://jcenter.bintray.com/io/crate/crate-testing/0.6.1/crate-testing-0.6.1.pom
Download https://repo1.maven.org/maven2/org/apache/commons/commons-compress/1.2/commons-compress-1.2.pom
Download https://repo1.maven.org/maven2/com/google/code/gson/gson/1.7.2/gson-1.7.2.pom
Download https://repo1.maven.org/maven2/org/apache/commons/commons-parent/20/commons-parent-20.pom
Download https://repo1.maven.org/maven2/org/sonatype/oss/oss-parent/5/oss-parent-5.pom
Download https://repo1.maven.org/maven2/net/bytebuddy/byte-buddy/1.4.26/byte-buddy-1.4.26.pom
Download https://repo1.maven.org/maven2/net/bytebuddy/byte-buddy-agent/1.4.26/byte-buddy-agent-1.4.26.pom
Download https://repo1.maven.org/maven2/net/bytebuddy/byte-buddy-parent/1.4.26/byte-buddy-parent-1.4.26.pom
Download https://repo1.maven.org/maven2/org/objenesis/objenesis/2.4/objenesis-2.4.pom
Download https://repo1.maven.org/maven2/org/objenesis/objenesis-parent/2.4/objenesis-parent-2.4.pom
Download https://repo1.maven.org/maven2/org/hamcrest/hamcrest-core/1.3/hamcrest-core-1.3.pom
Download https://repo1.maven.org/maven2/org/hamcrest/hamcrest-all/1.3/hamcrest-all-1.3.jar
Download https://repo1.maven.org/maven2/junit/junit/4.12/junit-4.12.jar
Download https://repo1.maven.org/maven2/com/carrotsearch/randomizedtesting/randomizedtesting-runner/2.1.11/randomizedtesting-runner-2.1.11.jar
Download https://repo1.maven.org/maven2/org/mockito/mockito-core/2.2.3/mockito-core-2.2.3.jar
Download https://repo1.maven.org/maven2/org/apache/commons/commons-compress/1.2/commons-compress-1.2.jar
Download https://jcenter.bintray.com/io/crate/crate-testing/0.6.1/crate-testing-0.6.1.jar
Download https://repo1.maven.org/maven2/com/google/code/gson/gson/1.7.2/gson-1.7.2.jar
Download https://repo1.maven.org/maven2/net/bytebuddy/byte-buddy/1.4.26/byte-buddy-1.4.26.jar
Download https://repo1.maven.org/maven2/net/bytebuddy/byte-buddy-agent/1.4.26/byte-buddy-agent-1.4.26.jar
Download https://repo1.maven.org/maven2/org/objenesis/objenesis/2.4/objenesis-2.4.jar
Download https://repo1.maven.org/maven2/org/hamcrest/hamcrest-core/1.3/hamcrest-core-1.3.jar
warning: [options] bootstrap class path not set in conjunction with -source 1.7
1 warning
:processTestResources NO-SOURCE
:testClasses
:pg:compileTestJava NO-SOURCE
:pg:processTestResources NO-SOURCE
:pg:testClasses UP-TO-DATE

BUILD SUCCESSFUL in 33s
7 actionable tasks: 7 executed

travis_time:end:00bfd938:start=1522138472262872369,finish=1522138506083723239,duration=33820850870[0Ktravis_fold:end:install[0Ktravis_time:start:132bbcc1[0K$ ./gradlew test -s
Picked up _JAVA_OPTIONS: -Xmx2048m -Xms512m
:pg:preprocessJava
Preproces: upstream/pgjdbc/src/main/java -> /home/travis/build/crate/crate-jdbc/pg/build/jcp/main/java
Preproces: upstream/pgjdbc/src/main/resources -> /home/travis/build/crate/crate-jdbc/pg/build/jcp/main/resources
:pg:compileJavaPicked up _JAVA_OPTIONS: -Xmx2048m -Xms512m
Note: Some input files use or override a deprecated API.
Note: Recompile with -Xlint:deprecation for details.
Note: Some input files use unchecked or unsafe operations.
Note: Recompile with -Xlint:unchecked for details.

:pg:processResources UP-TO-DATE
:pg:classes
:pg:jar UP-TO-DATE
:compileJava
:processResources UP-TO-DATE
:classes
:compileTestJava
:processTestResources NO-SOURCE
:testClasses
:testPicked up _JAVA_OPTIONS: -Xmx2048m -Xms512m


io.crate.client.jdbc.integrationtests.CrateJDBCByPassSpecSettingTest STANDARD_OUT
    Downloading Crate VERSION[0.57.6] to: /tmp/crate.testing/downloads/crate-0.57.6.tar.gz.part-fb47ae44-47a1-481d-a710-53c42014c5ea
    Starting crate server process...
Picked up _JAVA_OPTIONS: -Xmx2048m -Xms512m
[2018-03-27 08:15:39,256][WARN ][bootstrap                ] unable to install syscall filter: seccomp unavailable: your kernel is buggy and you should upgrade
[2018-03-27 08:15:39,589][INFO ][node                     ] [Gartnerwand] version[2.4.2], pid[3661], build[${build/NA]
[2018-03-27 08:15:39,589][INFO ][node                     ] [Gartnerwand] initializing ...
[2018-03-27 08:15:39,898][INFO ][io.crate.plugin          ] [Gartnerwand] plugins loaded: [crate-sigar] 
[2018-03-27 08:15:40,864][INFO ][plugins                  ] [Gartnerwand] modules [], plugins [blob, udc, crate-azure-discovery, crate-core, repository-hdfs, discovery-multicast, crate-admin-ui, cloud-aws, crate, discovery-srv, admin-ui], sites [crate-admin-ui]
[2018-03-27 08:15:40,889][INFO ][env                      ] [Gartnerwand] using [1] data paths, mounts [[/ (/dev/mapper/docker-202:16-14876693-3c034675d57c64c17389ba964127a98f48a4a9865b9c4d776298887af48ff018)]], net usable_space [8.8gb], net total_space [18.9gb], spins? [possibly], types [xfs]
[2018-03-27 08:15:40,889][INFO ][env                      ] [Gartnerwand] heap size [1.9gb], compressed ordinary object pointers [true]
[2018-03-27 08:15:40,889][WARN ][env                      ] [Gartnerwand] max file descriptors [30000] for elasticsearch process likely too low, consider increasing to at least [65536]
[2018-03-27 08:15:41,192][INFO ][http                     ] [Gartnerwand] Using [io.crate.http.netty.CrateNettyHttpServerTransport] as http transport, overridden by [crate]
[2018-03-27 08:15:41,205][INFO ][plugin.hadoop.hdfs       ] Loaded Hadoop [Unknown] libraries from file:/tmp/crate.testing/working/crate-0.57.6_fb47ae44-47a1-481d-a710-53c42014c5ea/plugins/elasticsearch-repository-hdfs/
[2018-03-27 08:15:41,276][INFO ][io.crate.module          ] [Gartnerwand] configuring crate. version: 0.57.6
[2018-03-27 08:15:41,547][INFO ][io.crate.module          ] [Gartnerwand] configuring crate. version: 0.57.6
[2018-03-27 08:15:43,401][INFO ][io.crate.operation.reference.sys.cluster.ClusterSettingsExpression$ApplySettings] updating [psql.port] from [5432-5532] to [5481]
[2018-03-27 08:15:44,265][INFO ][io.crate.rest            ] [Gartnerwand] Elasticsearch HTTP REST API not enabled
[2018-03-27 08:15:44,367][INFO ][node                     ] [Gartnerwand] initialized
[2018-03-27 08:15:44,374][INFO ][node                     ] [Gartnerwand] starting ...
[2018-03-27 08:15:44,446][INFO ][psql                     ] [Gartnerwand] publish_address {127.0.0.1:5481}, bound_addresses {127.0.0.1:5481}
[2018-03-27 08:15:44,447][INFO ][io.crate.blob.BlobService] [Gartnerwand] BlobService.doStart() io.crate.blob.BlobService@d0d0a42
[2018-03-27 08:15:44,764][INFO ][http                     ] [Gartnerwand] publish_address {127.0.0.1:4557}, bound_addresses {127.0.0.1:4557}
[2018-03-27 08:15:44,818][INFO ][transport                ] [Gartnerwand] publish_address {127.0.0.1:4339}, bound_addresses {127.0.0.1:4339}
[2018-03-27 08:15:45,066][INFO ][discovery                ] [Gartnerwand] TestingCluster/stPgL21VSlSxKgVa-ngGDw
    Stopping crate server process...
[2018-03-27 08:15:46,831][INFO ][node                     ] [Gartnerwand] stopping ...
[2018-03-27 08:15:46,850][INFO ][node                     ] [Gartnerwand] stopped
[2018-03-27 08:15:46,851][INFO ][node                     ] [Gartnerwand] closing ...
[2018-03-27 08:15:46,859][INFO ][node                     ] [Gartnerwand] closed

io.crate.client.jdbc.integrationtests.CrateJDBCConnectionTest STANDARD_OUT
    No need to download crate. Already downloaded VERSION[0.57.6] to: /tmp/crate.testing/downloads/crate-0.57.6.tar.gz
    Starting crate server process...
Picked up _JAVA_OPTIONS: -Xmx2048m -Xms512m
[2018-03-27 08:15:49,366][WARN ][bootstrap                ] unable to install syscall filter: seccomp unavailable: your kernel is buggy and you should upgrade
[2018-03-27 08:15:49,697][INFO ][node                     ] [Grand Coyer] version[2.4.2], pid[3719], build[${build/NA]
[2018-03-27 08:15:49,708][INFO ][node                     ] [Grand Coyer] initializing ...
[2018-03-27 08:15:49,997][INFO ][io.crate.plugin          ] [Grand Coyer] plugins loaded: [crate-sigar] 
[2018-03-27 08:15:50,846][INFO ][plugins                  ] [Grand Coyer] modules [], plugins [blob, udc, crate-azure-discovery, crate-core, repository-hdfs, discovery-multicast, crate-admin-ui, cloud-aws, crate, discovery-srv, admin-ui], sites [crate-admin-ui]
[2018-03-27 08:15:50,875][INFO ][env                      ] [Grand Coyer] using [1] data paths, mounts [[/ (/dev/mapper/docker-202:16-14876693-3c034675d57c64c17389ba964127a98f48a4a9865b9c4d776298887af48ff018)]], net usable_space [8.8gb], net total_space [18.9gb], spins? [possibly], types [xfs]
[2018-03-27 08:15:50,875][INFO ][env                      ] [Grand Coyer] heap size [1.9gb], compressed ordinary object pointers [true]
[2018-03-27 08:15:50,875][WARN ][env                      ] [Grand Coyer] max file descriptors [30000] for elasticsearch process likely too low, consider increasing to at least [65536]
[2018-03-27 08:15:51,220][INFO ][http                     ] [Grand Coyer] Using [io.crate.http.netty.CrateNettyHttpServerTransport] as http transport, overridden by [crate]
[2018-03-27 08:15:51,236][INFO ][plugin.hadoop.hdfs       ] Loaded Hadoop [Unknown] libraries from file:/tmp/crate.testing/working/crate-0.57.6_806592c4-1989-468a-a970-091d0745c1bf/plugins/elasticsearch-repository-hdfs/
[2018-03-27 08:15:51,319][INFO ][io.crate.module          ] [Grand Coyer] configuring crate. version: 0.57.6
[2018-03-27 08:15:51,623][INFO ][io.crate.module          ] [Grand Coyer] configuring crate. version: 0.57.6
[2018-03-27 08:15:53,498][INFO ][io.crate.operation.reference.sys.cluster.ClusterSettingsExpression$ApplySettings] updating [psql.port] from [5432-5532] to [5485]
[2018-03-27 08:15:54,384][INFO ][io.crate.rest            ] [Grand Coyer] Elasticsearch HTTP REST API not enabled
[2018-03-27 08:15:54,470][INFO ][node                     ] [Grand Coyer] initialized
[2018-03-27 08:15:54,471][INFO ][node                     ] [Grand Coyer] starting ...
[2018-03-27 08:15:54,520][INFO ][psql                     ] [Grand Coyer] publish_address {127.0.0.1:5485}, bound_addresses {127.0.0.1:5485}
[2018-03-27 08:15:54,521][INFO ][io.crate.blob.BlobService] [Grand Coyer] BlobService.doStart() io.crate.blob.BlobService@55f27cc5
[2018-03-27 08:15:54,538][INFO ][http                     ] [Grand Coyer] publish_address {127.0.0.1:4575}, bound_addresses {127.0.0.1:4575}
[2018-03-27 08:15:54,590][INFO ][transport                ] [Grand Coyer] publish_address {127.0.0.1:4348}, bound_addresses {127.0.0.1:4348}
[2018-03-27 08:15:54,595][INFO ][discovery                ] [Grand Coyer] TestingCluster/t6-uLATwTqGpIoVC6hrWeg
[2018-03-27 08:15:55,462][DEBUG][action.admin.indices.create] [Grand Coyer] no known master node, scheduling a retry
[2018-03-27 08:15:57,621][INFO ][cluster.service          ] [Grand Coyer] new_master {Grand Coyer}{t6-uLATwTqGpIoVC6hrWeg}{127.0.0.1}{127.0.0.1:4348}{http_address=127.0.0.1:4575, info.extended.type=sigar}, reason: zen-disco-join(elected_as_master, [0] joins received)
[2018-03-27 08:15:57,627][INFO ][node                     ] [Grand Coyer] started
[2018-03-27 08:15:57,670][INFO ][gateway                  ] [Grand Coyer] recovered [0] indices into cluster_state
[2018-03-27 08:15:57,918][INFO ][cluster.metadata         ] [Grand Coyer] [test] creating index, cause [api], templates [], shards [1]/[0], mappings [default]
[2018-03-27 08:15:58,172][INFO ][cluster.routing.allocation] [Grand Coyer] Cluster health status changed from [RED] to [GREEN] (reason: [shards started [[test][0]] ...]).
[2018-03-27 08:15:58,692][DEBUG][action.bulk              ] create new coordinator for node t6-uLATwTqGpIoVC6hrWeg and shard [test][0]

io.crate.client.jdbc.integrationtests.CrateJDBCConnectionTest > testExecuteBatchPreparedStatementFailBulkTypes FAILED
    java.lang.AssertionError at CrateJDBCConnectionTest.java:284

io.crate.client.jdbc.integrationtests.CrateJDBCConnectionTest STANDARD_OUT
    Stopping crate server process...
[2018-03-27 08:15:59,694][INFO ][node                     ] [Grand Coyer] stopping ...
[2018-03-27 08:15:59,724][INFO ][node                     ] [Grand Coyer] stopped
[2018-03-27 08:15:59,731][INFO ][node                     ] [Grand Coyer] closing ...
[2018-03-27 08:15:59,739][INFO ][node                     ] [Grand Coyer] closed

io.crate.client.jdbc.integrationtests.CrateJDBCDriverTest STANDARD_OUT
    No need to download crate. Already downloaded VERSION[0.57.6] to: /tmp/crate.testing/downloads/crate-0.57.6.tar.gz
    Starting crate server process...
Picked up _JAVA_OPTIONS: -Xmx2048m -Xms512m
[2018-03-27 08:16:01,097][WARN ][bootstrap                ] unable to install syscall filter: seccomp unavailable: your kernel is buggy and you should upgrade
[2018-03-27 08:16:01,439][INFO ][node                     ] [Mont Tondu] version[2.4.2], pid[3788], build[${build/NA]
[2018-03-27 08:16:01,440][INFO ][node                     ] [Mont Tondu] initializing ...
[2018-03-27 08:16:01,716][INFO ][io.crate.plugin          ] [Mont Tondu] plugins loaded: [crate-sigar] 
[2018-03-27 08:16:02,593][INFO ][plugins                  ] [Mont Tondu] modules [], plugins [blob, udc, crate-azure-discovery, crate-core, repository-hdfs, discovery-multicast, crate-admin-ui, cloud-aws, crate, discovery-srv, admin-ui], sites [crate-admin-ui]
[2018-03-27 08:16:02,621][INFO ][env                      ] [Mont Tondu] using [1] data paths, mounts [[/ (/dev/mapper/docker-202:16-14876693-3c034675d57c64c17389ba964127a98f48a4a9865b9c4d776298887af48ff018)]], net usable_space [8.8gb], net total_space [18.9gb], spins? [possibly], types [xfs]
[2018-03-27 08:16:02,622][INFO ][env                      ] [Mont Tondu] heap size [1.9gb], compressed ordinary object pointers [true]
[2018-03-27 08:16:02,622][WARN ][env                      ] [Mont Tondu] max file descriptors [30000] for elasticsearch process likely too low, consider increasing to at least [65536]
[2018-03-27 08:16:02,915][INFO ][http                     ] [Mont Tondu] Using [io.crate.http.netty.CrateNettyHttpServerTransport] as http transport, overridden by [crate]
[2018-03-27 08:16:02,929][INFO ][plugin.hadoop.hdfs       ] Loaded Hadoop [Unknown] libraries from file:/tmp/crate.testing/working/crate-0.57.6_7eb92795-ca09-44f3-a545-8c0711ddba61/plugins/elasticsearch-repository-hdfs/
[2018-03-27 08:16:02,999][INFO ][io.crate.module          ] [Mont Tondu] configuring crate. version: 0.57.6
[2018-03-27 08:16:03,297][INFO ][io.crate.module          ] [Mont Tondu] configuring crate. version: 0.57.6
[2018-03-27 08:16:05,284][INFO ][io.crate.operation.reference.sys.cluster.ClusterSettingsExpression$ApplySettings] updating [psql.port] from [5432-5532] to [5473]
[2018-03-27 08:16:06,152][INFO ][io.crate.rest            ] [Mont Tondu] Elasticsearch HTTP REST API not enabled
[2018-03-27 08:16:06,249][INFO ][node                     ] [Mont Tondu] initialized
[2018-03-27 08:16:06,249][INFO ][node                     ] [Mont Tondu] starting ...
[2018-03-27 08:16:06,310][INFO ][psql                     ] [Mont Tondu] publish_address {127.0.0.1:5473}, bound_addresses {127.0.0.1:5473}
[2018-03-27 08:16:06,311][INFO ][io.crate.blob.BlobService] [Mont Tondu] BlobService.doStart() io.crate.blob.BlobService@188400a
[2018-03-27 08:16:06,339][INFO ][http                     ] [Mont Tondu] publish_address {127.0.0.1:4584}, bound_addresses {127.0.0.1:4584}
[2018-03-27 08:16:06,402][INFO ][transport                ] [Mont Tondu] publish_address {127.0.0.1:4391}, bound_addresses {127.0.0.1:4391}
[2018-03-27 08:16:06,407][INFO ][discovery                ] [Mont Tondu] TestingCluster/cWw-7qKTRJOIfw4FHum6Bg
    Stopping crate server process...
[2018-03-27 08:16:07,168][INFO ][node                     ] [Mont Tondu] stopping ...
[2018-03-27 08:16:07,197][INFO ][node                     ] [Mont Tondu] stopped
[2018-03-27 08:16:07,198][INFO ][node                     ] [Mont Tondu] closing ...
[2018-03-27 08:16:07,206][INFO ][node                     ] [Mont Tondu] closed

io.crate.client.jdbc.integrationtests.CrateJDBCFetchSizeIntegrationTest STANDARD_OUT
    No need to download crate. Already downloaded VERSION[0.57.6] to: /tmp/crate.testing/downloads/crate-0.57.6.tar.gz
    Starting crate server process...
Picked up _JAVA_OPTIONS: -Xmx2048m -Xms512m
[2018-03-27 08:16:09,248][WARN ][bootstrap                ] unable to install syscall filter: seccomp unavailable: your kernel is buggy and you should upgrade
[2018-03-27 08:16:09,561][INFO ][node                     ] [Pointe CÃ´te de l'Ã‚ne] version[2.4.2], pid[3844], build[${build/NA]
[2018-03-27 08:16:09,561][INFO ][node                     ] [Pointe CÃ´te de l'Ã‚ne] initializing ...
[2018-03-27 08:16:09,942][INFO ][io.crate.plugin          ] [Pointe CÃ´te de l'Ã‚ne] plugins loaded: [crate-sigar] 
[2018-03-27 08:16:10,794][INFO ][plugins                  ] [Pointe CÃ´te de l'Ã‚ne] modules [], plugins [blob, udc, crate-azure-discovery, crate-core, repository-hdfs, discovery-multicast, crate-admin-ui, cloud-aws, crate, discovery-srv, admin-ui], sites [crate-admin-ui]
[2018-03-27 08:16:10,818][INFO ][env                      ] [Pointe CÃ´te de l'Ã‚ne] using [1] data paths, mounts [[/ (/dev/mapper/docker-202:16-14876693-3c034675d57c64c17389ba964127a98f48a4a9865b9c4d776298887af48ff018)]], net usable_space [8.8gb], net total_space [18.9gb], spins? [possibly], types [xfs]
[2018-03-27 08:16:10,819][INFO ][env                      ] [Pointe CÃ´te de l'Ã‚ne] heap size [1.9gb], compressed ordinary object pointers [true]
[2018-03-27 08:16:10,819][WARN ][env                      ] [Pointe CÃ´te de l'Ã‚ne] max file descriptors [30000] for elasticsearch process likely too low, consider increasing to at least [65536]
[2018-03-27 08:16:11,104][INFO ][http                     ] [Pointe CÃ´te de l'Ã‚ne] Using [io.crate.http.netty.CrateNettyHttpServerTransport] as http transport, overridden by [crate]
[2018-03-27 08:16:11,117][INFO ][plugin.hadoop.hdfs       ] Loaded Hadoop [Unknown] libraries from file:/tmp/crate.testing/working/crate-0.57.6_1bd4ec18-bff7-49f7-945c-a6b49b7cdd7b/plugins/elasticsearch-repository-hdfs/
[2018-03-27 08:16:11,184][INFO ][io.crate.module          ] [Pointe CÃ´te de l'Ã‚ne] configuring crate. version: 0.57.6
[2018-03-27 08:16:11,452][INFO ][io.crate.module          ] [Pointe CÃ´te de l'Ã‚ne] configuring crate. version: 0.57.6
[2018-03-27 08:16:13,436][INFO ][io.crate.operation.reference.sys.cluster.ClusterSettingsExpression$ApplySettings] updating [psql.port] from [5432-5532] to [5477]
[2018-03-27 08:16:14,323][INFO ][io.crate.rest            ] [Pointe CÃ´te de l'Ã‚ne] Elasticsearch HTTP REST API not enabled
[2018-03-27 08:16:14,437][INFO ][node                     ] [Pointe CÃ´te de l'Ã‚ne] initialized
[2018-03-27 08:16:14,438][INFO ][node                     ] [Pointe CÃ´te de l'Ã‚ne] starting ...
[2018-03-27 08:16:14,501][INFO ][psql                     ] [Pointe CÃ´te de l'Ã‚ne] publish_address {127.0.0.1:5477}, bound_addresses {127.0.0.1:5477}
[2018-03-27 08:16:14,502][INFO ][io.crate.blob.BlobService] [Pointe CÃ´te de l'Ã‚ne] BlobService.doStart() io.crate.blob.BlobService@5ac00878
[2018-03-27 08:16:14,513][INFO ][http                     ] [Pointe CÃ´te de l'Ã‚ne] publish_address {127.0.0.1:4582}, bound_addresses {127.0.0.1:4582}
[2018-03-27 08:16:14,572][INFO ][transport                ] [Pointe CÃ´te de l'Ã‚ne] publish_address {127.0.0.1:4213}, bound_addresses {127.0.0.1:4213}
[2018-03-27 08:16:14,578][INFO ][discovery                ] [Pointe CÃ´te de l'Ã‚ne] TestingCluster/oa_ELqoOTgyCqhbiwcFT6Q
    Stopping crate server process...
[2018-03-27 08:16:15,615][INFO ][node                     ] [Pointe CÃ´te de l'Ã‚ne] stopping ...
[2018-03-27 08:16:16,096][WARN ][discovery.zen.ping.unicast] [Pointe CÃ´te de l'Ã‚ne] failed to send ping to [{#zen_unicast_1#}{127.0.0.1}{127.0.0.1:4213}]
SendRequestTransportException[[Pointe CÃ´te de l'Ã‚ne][127.0.0.1:4213][internal:discovery/zen/unicast]]; nested: TransportException[TransportService is closed stopped can't send request];
	at org.elasticsearch.transport.TransportService.sendRequest(TransportService.java:336)
	at org.elasticsearch.discovery.zen.ping.unicast.UnicastZenPing.sendPingRequestToNode(UnicastZenPing.java:440)
	at org.elasticsearch.discovery.zen.ping.unicast.UnicastZenPing.sendPings(UnicastZenPing.java:426)
	at org.elasticsearch.discovery.zen.ping.unicast.UnicastZenPing$2.doRun(UnicastZenPing.java:249)
	at org.elasticsearch.common.util.concurrent.AbstractRunnable.run(AbstractRunnable.java:37)
	at java.util.concurrent.ThreadPoolExecutor.runWorker(ThreadPoolExecutor.java:1152)
	at java.util.concurrent.ThreadPoolExecutor$Worker.run(ThreadPoolExecutor.java:622)
	at java.lang.Thread.run(Thread.java:748)
Caused by: TransportException[TransportService is closed stopped can't send request]
	at org.elasticsearch.transport.TransportService.sendRequest(TransportService.java:316)
	... 7 more
[2018-03-27 08:16:16,103][WARN ][discovery.zen.ping.unicast] [Pointe CÃ´te de l'Ã‚ne] failed to send ping to [{Pointe CÃ´te de l'Ã‚ne}{oa_ELqoOTgyCqhbiwcFT6Q}{127.0.0.1}{127.0.0.1:4213}{http_address=127.0.0.1:4582, info.extended.type=sigar}]
SendRequestTransportException[[Pointe CÃ´te de l'Ã‚ne][127.0.0.1:4213][internal:discovery/zen/unicast]]; nested: TransportException[TransportService is closed stopped can't send request];
	at org.elasticsearch.transport.TransportService.sendRequest(TransportService.java:336)
	at org.elasticsearch.discovery.zen.ping.unicast.UnicastZenPing.sendPingRequestToNode(UnicastZenPing.java:440)
	at org.elasticsearch.discovery.zen.ping.unicast.UnicastZenPing.sendPings(UnicastZenPing.java:426)
	at org.elasticsearch.discovery.zen.ping.unicast.UnicastZenPing$2.doRun(UnicastZenPing.java:249)
	at org.elasticsearch.common.util.concurrent.AbstractRunnable.run(AbstractRunnable.java:37)
	at java.util.concurrent.ThreadPoolExecutor.runWorker(ThreadPoolExecutor.java:1152)
	at java.util.concurrent.ThreadPoolExecutor$Worker.run(ThreadPoolExecutor.java:622)
	at java.lang.Thread.run(Thread.java:748)
Caused by: TransportException[TransportService is closed stopped can't send request]
	at org.elasticsearch.transport.TransportService.sendRequest(TransportService.java:316)
	... 7 more
[2018-03-27 08:16:17,600][WARN ][discovery.zen.ping.unicast] [Pointe CÃ´te de l'Ã‚ne] failed to send ping to [{#zen_unicast_1#}{127.0.0.1}{127.0.0.1:4213}]
SendRequestTransportException[[Pointe CÃ´te de l'Ã‚ne][127.0.0.1:4213][internal:discovery/zen/unicast]]; nested: TransportException[TransportService is closed stopped can't send request];
	at org.elasticsearch.transport.TransportService.sendRequest(TransportService.java:336)
	at org.elasticsearch.discovery.zen.ping.unicast.UnicastZenPing.sendPingRequestToNode(UnicastZenPing.java:440)
	at org.elasticsearch.discovery.zen.ping.unicast.UnicastZenPing.sendPings(UnicastZenPing.java:426)
	at org.elasticsearch.discovery.zen.ping.unicast.UnicastZenPing$2$1.doRun(UnicastZenPing.java:253)
	at org.elasticsearch.common.util.concurrent.AbstractRunnable.run(AbstractRunnable.java:37)
	at java.util.concurrent.ThreadPoolExecutor.runWorker(ThreadPoolExecutor.java:1152)
	at java.util.concurrent.ThreadPoolExecutor$Worker.run(ThreadPoolExecutor.java:622)
	at java.lang.Thread.run(Thread.java:748)
Caused by: TransportException[TransportService is closed stopped can't send request]
	at org.elasticsearch.transport.TransportService.sendRequest(TransportService.java:316)
	... 7 more
[2018-03-27 08:16:17,600][WARN ][discovery.zen.ping.unicast] [Pointe CÃ´te de l'Ã‚ne] failed to send ping to [{Pointe CÃ´te de l'Ã‚ne}{oa_ELqoOTgyCqhbiwcFT6Q}{127.0.0.1}{127.0.0.1:4213}{http_address=127.0.0.1:4582, info.extended.type=sigar}]
SendRequestTransportException[[Pointe CÃ´te de l'Ã‚ne][127.0.0.1:4213][internal:discovery/zen/unicast]]; nested: TransportException[TransportService is closed stopped can't send request];
	at org.elasticsearch.transport.TransportService.sendRequest(TransportService.java:336)
	at org.elasticsearch.discovery.zen.ping.unicast.UnicastZenPing.sendPingRequestToNode(UnicastZenPing.java:440)
	at org.elasticsearch.discovery.zen.ping.unicast.UnicastZenPing.sendPings(UnicastZenPing.java:426)
	at org.elasticsearch.discovery.zen.ping.unicast.UnicastZenPing$2$1.doRun(UnicastZenPing.java:253)
	at org.elasticsearch.common.util.concurrent.AbstractRunnable.run(AbstractRunnable.java:37)
	at java.util.concurrent.ThreadPoolExecutor.runWorker(ThreadPoolExecutor.java:1152)
	at java.util.concurrent.ThreadPoolExecutor$Worker.run(ThreadPoolExecutor.java:622)
	at java.lang.Thread.run(Thread.java:748)
Caused by: TransportException[TransportService is closed stopped can't send request]
	at org.elasticsearch.transport.TransportService.sendRequest(TransportService.java:316)
	... 7 more
[2018-03-27 08:16:22,208][WARN ][netty.channel.DefaultChannelPipeline] An exception was thrown by an exception handler.
java.util.concurrent.RejectedExecutionException: Worker has already been shutdown
	at org.jboss.netty.channel.socket.nio.AbstractNioSelector.registerTask(AbstractNioSelector.java:120)
	at org.jboss.netty.channel.socket.nio.AbstractNioWorker.executeInIoThread(AbstractNioWorker.java:72)
	at org.jboss.netty.channel.socket.nio.NioWorker.executeInIoThread(NioWorker.java:36)
	at org.jboss.netty.channel.socket.nio.AbstractNioWorker.executeInIoThread(AbstractNioWorker.java:56)
	at org.jboss.netty.channel.socket.nio.NioWorker.executeInIoThread(NioWorker.java:36)
	at org.jboss.netty.channel.socket.nio.AbstractNioChannelSink.execute(AbstractNioChannelSink.java:34)
	at org.jboss.netty.channel.DefaultChannelPipeline.execute(DefaultChannelPipeline.java:636)
	at org.jboss.netty.channel.Channels.fireExceptionCaughtLater(Channels.java:496)
	at org.jboss.netty.channel.AbstractChannelSink.exceptionCaught(AbstractChannelSink.java:46)
	at org.jboss.netty.channel.DefaultChannelPipeline.notifyHandlerException(DefaultChannelPipeline.java:658)
	at org.jboss.netty.channel.DefaultChannelPipeline.sendDownstream(DefaultChannelPipeline.java:577)
	at org.jboss.netty.channel.Channels.write(Channels.java:704)
	at org.jboss.netty.channel.Channels.write(Channels.java:671)
	at org.jboss.netty.channel.AbstractChannel.write(AbstractChannel.java:347)
	at io.crate.protocols.postgres.Messages.sendErrorResponse(Messages.java:259)
	at io.crate.protocols.postgres.ResultSetReceiver.fail(ResultSetReceiver.java:76)
	at io.crate.protocols.postgres.SimplePortal$ResultReceiverRetryWrapper.fail(SimplePortal.java:274)
	at io.crate.action.sql.RowReceiverToResultReceiver.fail(RowReceiverToResultReceiver.java:67)
	at io.crate.executor.transport.executionphases.InterceptingRowReceiver$1.onFailure(InterceptingRowReceiver.java:129)
	at io.crate.executor.MultiActionListener.countdown(MultiActionListener.java:68)
	at io.crate.executor.MultiActionListener.onFailure(MultiActionListener.java:59)
	at io.crate.executor.transport.DefaultTransportResponseHandler.handleException(DefaultTransportResponseHandler.java:62)
	at org.elasticsearch.transport.TransportService$3.doRun(TransportService.java:349)
	at org.elasticsearch.common.util.concurrent.AbstractRunnable.run(AbstractRunnable.java:37)
	at java.util.concurrent.ThreadPoolExecutor.runWorker(ThreadPoolExecutor.java:1152)
	at java.util.concurrent.ThreadPoolExecutor$Worker.run(ThreadPoolExecutor.java:622)
	at java.lang.Thread.run(Thread.java:748)
[2018-03-27 08:16:22,214][INFO ][node                     ] [Pointe CÃ´te de l'Ã‚ne] stopped
[2018-03-27 08:16:22,214][INFO ][node                     ] [Pointe CÃ´te de l'Ã‚ne] closing ...
[2018-03-27 08:16:22,221][INFO ][node                     ] [Pointe CÃ´te de l'Ã‚ne] closed

io.crate.client.jdbc.integrationtests.CrateJDBCMetaDataIntegrationTest STANDARD_OUT
    No need to download crate. Already downloaded VERSION[0.57.6] to: /tmp/crate.testing/downloads/crate-0.57.6.tar.gz
    Starting crate server process...
Picked up _JAVA_OPTIONS: -Xmx2048m -Xms512m
[2018-03-27 08:16:24,078][WARN ][bootstrap                ] unable to install syscall filter: seccomp unavailable: your kernel is buggy and you should upgrade
[2018-03-27 08:16:24,366][INFO ][node                     ] [Mosermandl] version[2.4.2], pid[3902], build[${build/NA]
[2018-03-27 08:16:24,366][INFO ][node                     ] [Mosermandl] initializing ...
[2018-03-27 08:16:24,716][INFO ][io.crate.plugin          ] [Mosermandl] plugins loaded: [crate-sigar] 
[2018-03-27 08:16:25,587][INFO ][plugins                  ] [Mosermandl] modules [], plugins [blob, udc, crate-azure-discovery, crate-core, repository-hdfs, discovery-multicast, crate-admin-ui, cloud-aws, crate, discovery-srv, admin-ui], sites [crate-admin-ui]
[2018-03-27 08:16:25,612][INFO ][env                      ] [Mosermandl] using [1] data paths, mounts [[/ (/dev/mapper/docker-202:16-14876693-3c034675d57c64c17389ba964127a98f48a4a9865b9c4d776298887af48ff018)]], net usable_space [8.8gb], net total_space [18.9gb], spins? [possibly], types [xfs]
[2018-03-27 08:16:25,613][INFO ][env                      ] [Mosermandl] heap size [1.9gb], compressed ordinary object pointers [true]
[2018-03-27 08:16:25,613][WARN ][env                      ] [Mosermandl] max file descriptors [30000] for elasticsearch process likely too low, consider increasing to at least [65536]
[2018-03-27 08:16:25,914][INFO ][http                     ] [Mosermandl] Using [io.crate.http.netty.CrateNettyHttpServerTransport] as http transport, overridden by [crate]
[2018-03-27 08:16:25,928][INFO ][plugin.hadoop.hdfs       ] Loaded Hadoop [Unknown] libraries from file:/tmp/crate.testing/working/crate-0.57.6_5053244a-1d99-4463-a529-f0e2ac48403a/plugins/elasticsearch-repository-hdfs/
[2018-03-27 08:16:25,996][INFO ][io.crate.module          ] [Mosermandl] configuring crate. version: 0.57.6
[2018-03-27 08:16:26,283][INFO ][io.crate.module          ] [Mosermandl] configuring crate. version: 0.57.6
[2018-03-27 08:16:28,290][INFO ][io.crate.operation.reference.sys.cluster.ClusterSettingsExpression$ApplySettings] updating [psql.port] from [5432-5532] to [5486]
[2018-03-27 08:16:29,208][INFO ][io.crate.rest            ] [Mosermandl] Elasticsearch HTTP REST API not enabled
[2018-03-27 08:16:29,331][INFO ][node                     ] [Mosermandl] initialized
[2018-03-27 08:16:29,331][INFO ][node                     ] [Mosermandl] starting ...
[2018-03-27 08:16:29,402][INFO ][psql                     ] [Mosermandl] publish_address {127.0.0.1:5486}, bound_addresses {127.0.0.1:5486}
[2018-03-27 08:16:29,403][INFO ][io.crate.blob.BlobService] [Mosermandl] BlobService.doStart() io.crate.blob.BlobService@356d154c
[2018-03-27 08:16:29,414][INFO ][http                     ] [Mosermandl] publish_address {127.0.0.1:4536}, bound_addresses {127.0.0.1:4536}
[2018-03-27 08:16:29,466][INFO ][transport                ] [Mosermandl] publish_address {127.0.0.1:4372}, bound_addresses {127.0.0.1:4372}
[2018-03-27 08:16:29,472][INFO ][discovery                ] [Mosermandl] TestingCluster/3Kl0E7Z-T9uYsaCg5Opqpg
[2018-03-27 08:16:30,166][DEBUG][action.admin.indices.create] [Mosermandl] no known master node, scheduling a retry
[2018-03-27 08:16:32,499][INFO ][cluster.service          ] [Mosermandl] new_master {Mosermandl}{3Kl0E7Z-T9uYsaCg5Opqpg}{127.0.0.1}{127.0.0.1:4372}{http_address=127.0.0.1:4536, info.extended.type=sigar}, reason: zen-disco-join(elected_as_master, [0] joins received)
[2018-03-27 08:16:32,505][INFO ][node                     ] [Mosermandl] started
[2018-03-27 08:16:32,595][INFO ][gateway                  ] [Mosermandl] recovered [0] indices into cluster_state
[2018-03-27 08:16:32,828][INFO ][cluster.metadata         ] [Mosermandl] [test.cluster] creating index, cause [api], templates [], shards [4]/[1], mappings [default]
[2018-03-27 08:16:34,233][INFO ][cluster.routing.allocation] [Mosermandl] Cluster health status changed from [RED] to [YELLOW] (reason: [shards started [[test.cluster][3], [test.cluster][1], [test.cluster][0], [test.cluster][2]] ...]).
[2018-03-27 08:16:38,343][INFO ][cluster.metadata         ] [Mosermandl] [names] creating index, cause [api], templates [], shards [4]/[1], mappings [default]
[2018-03-27 08:16:38,830][INFO ][cluster.routing.allocation] [Mosermandl] Cluster health status changed from [RED] to [YELLOW] (reason: [shards started [[names][2], [names][1], [names][3], [names][0]] ...]).
[2018-03-27 08:16:42,663][INFO ][cluster.metadata         ] [Mosermandl] [my_schema.names] creating index, cause [api], templates [], shards [4]/[1], mappings [default]
[2018-03-27 08:16:42,833][INFO ][cluster.routing.allocation] [Mosermandl] Cluster health status changed from [RED] to [YELLOW] (reason: [shards started [[my_schema.names][2], [my_schema.names][1], [my_schema.names][3], [my_schema.names][0]] ...]).
[2018-03-27 08:16:43,116][INFO ][cluster.metadata         ] [Mosermandl] [t_multi_pks] creating index, cause [api], templates [], shards [4]/[1], mappings [default]
[2018-03-27 08:16:43,350][INFO ][cluster.routing.allocation] [Mosermandl] Cluster health status changed from [RED] to [YELLOW] (reason: [shards started [[t_multi_pks][2], [t_multi_pks][1], [t_multi_pks][3], [t_multi_pks][0]] ...]).
    Stopping crate server process...
[2018-03-27 08:16:43,701][INFO ][node                     ] [Mosermandl] stopping ...
[2018-03-27 08:16:43,754][INFO ][node                     ] [Mosermandl] stopped
[2018-03-27 08:16:43,754][INFO ][node                     ] [Mosermandl] closing ...
[2018-03-27 08:16:43,762][INFO ][node                     ] [Mosermandl] closed

io.crate.client.jdbc.integrationtests.CrateJDBCTypesTest STANDARD_OUT
    No need to download crate. Already downloaded VERSION[0.57.6] to: /tmp/crate.testing/downloads/crate-0.57.6.tar.gz
    Starting crate server process...
Picked up _JAVA_OPTIONS: -Xmx2048m -Xms512m
[2018-03-27 08:16:45,257][WARN ][bootstrap                ] unable to install syscall filter: seccomp unavailable: your kernel is buggy and you should upgrade
[2018-03-27 08:16:45,605][INFO ][node                     ] [Monte Forno] version[2.4.2], pid[3968], build[${build/NA]
[2018-03-27 08:16:45,605][INFO ][node                     ] [Monte Forno] initializing ...
[2018-03-27 08:16:45,916][INFO ][io.crate.plugin          ] [Monte Forno] plugins loaded: [crate-sigar] 
[2018-03-27 08:16:46,788][INFO ][plugins                  ] [Monte Forno] modules [], plugins [blob, udc, crate-azure-discovery, crate-core, repository-hdfs, discovery-multicast, crate-admin-ui, cloud-aws, crate, discovery-srv, admin-ui], sites [crate-admin-ui]
[2018-03-27 08:16:46,816][INFO ][env                      ] [Monte Forno] using [1] data paths, mounts [[/ (/dev/mapper/docker-202:16-14876693-3c034675d57c64c17389ba964127a98f48a4a9865b9c4d776298887af48ff018)]], net usable_space [8.8gb], net total_space [18.9gb], spins? [possibly], types [xfs]
[2018-03-27 08:16:46,816][INFO ][env                      ] [Monte Forno] heap size [1.9gb], compressed ordinary object pointers [true]
[2018-03-27 08:16:46,816][WARN ][env                      ] [Monte Forno] max file descriptors [30000] for elasticsearch process likely too low, consider increasing to at least [65536]
[2018-03-27 08:16:47,239][INFO ][http                     ] [Monte Forno] Using [io.crate.http.netty.CrateNettyHttpServerTransport] as http transport, overridden by [crate]
[2018-03-27 08:16:47,259][INFO ][plugin.hadoop.hdfs       ] Loaded Hadoop [Unknown] libraries from file:/tmp/crate.testing/working/crate-0.57.6_2774dd2b-1d38-481d-bb5a-30db66bfd595/plugins/elasticsearch-repository-hdfs/
[2018-03-27 08:16:47,362][INFO ][io.crate.module          ] [Monte Forno] configuring crate. version: 0.57.6
[2018-03-27 08:16:47,679][INFO ][io.crate.module          ] [Monte Forno] configuring crate. version: 0.57.6
[2018-03-27 08:16:49,725][INFO ][io.crate.operation.reference.sys.cluster.ClusterSettingsExpression$ApplySettings] updating [psql.port] from [5432-5532] to [5477]
[2018-03-27 08:16:50,690][INFO ][io.crate.rest            ] [Monte Forno] Elasticsearch HTTP REST API not enabled
[2018-03-27 08:16:50,819][INFO ][node                     ] [Monte Forno] initialized
[2018-03-27 08:16:50,819][INFO ][node                     ] [Monte Forno] starting ...
[2018-03-27 08:16:50,884][INFO ][psql                     ] [Monte Forno] publish_address {127.0.0.1:5477}, bound_addresses {127.0.0.1:5477}
[2018-03-27 08:16:50,885][INFO ][io.crate.blob.BlobService] [Monte Forno] BlobService.doStart() io.crate.blob.BlobService@3b4aa4c7
[2018-03-27 08:16:50,908][INFO ][http                     ] [Monte Forno] publish_address {127.0.0.1:4589}, bound_addresses {127.0.0.1:4589}
[2018-03-27 08:16:50,968][INFO ][transport                ] [Monte Forno] publish_address {127.0.0.1:4393}, bound_addresses {127.0.0.1:4393}
[2018-03-27 08:16:50,977][INFO ][discovery                ] [Monte Forno] TestingCluster/bbk3aBMpQ5-QpD-SM2q_MQ
[2018-03-27 08:16:51,256][DEBUG][action.admin.indices.create] [Monte Forno] no known master node, scheduling a retry
[2018-03-27 08:16:54,072][INFO ][cluster.service          ] [Monte Forno] new_master {Monte Forno}{bbk3aBMpQ5-QpD-SM2q_MQ}{127.0.0.1}{127.0.0.1:4393}{http_address=127.0.0.1:4589, info.extended.type=sigar}, reason: zen-disco-join(elected_as_master, [0] joins received)
[2018-03-27 08:16:54,076][INFO ][node                     ] [Monte Forno] started
[2018-03-27 08:16:54,117][INFO ][gateway                  ] [Monte Forno] recovered [0] indices into cluster_state
[2018-03-27 08:16:54,368][INFO ][cluster.metadata         ] [Monte Forno] [test] creating index, cause [api], templates [], shards [1]/[0], mappings [default]
[2018-03-27 08:16:54,704][INFO ][cluster.routing.allocation] [Monte Forno] Cluster health status changed from [RED] to [GREEN] (reason: [shards started [[test][0]] ...]).
[2018-03-27 08:16:55,701][INFO ][cluster.metadata         ] [Monte Forno] [arraytest] creating index, cause [api], templates [], shards [1]/[0], mappings [default]
[2018-03-27 08:16:56,063][INFO ][cluster.routing.allocation] [Monte Forno] Cluster health status changed from [RED] to [GREEN] (reason: [shards started [[arraytest][0]] ...]).
[2018-03-27 08:16:56,119][INFO ][cluster.metadata         ] [Monte Forno] [arraytest] update_mapping [default]
[2018-03-27 08:16:56,562][INFO ][cluster.metadata         ] [Monte Forno] [test_obj] creating index, cause [api], templates [], shards [4]/[1], mappings [default]
[2018-03-27 08:16:56,717][INFO ][cluster.routing.allocation] [Monte Forno] Cluster health status changed from [RED] to [YELLOW] (reason: [shards started [[test_obj][3], [test_obj][1], [test_obj][2], [test_obj][0]] ...]).
    Stopping crate server process...
[2018-03-27 08:16:56,861][INFO ][node                     ] [Monte Forno] stopping ...
[2018-03-27 08:16:56,916][INFO ][node                     ] [Monte Forno] stopped
[2018-03-27 08:16:56,916][INFO ][node                     ] [Monte Forno] closing ...
[2018-03-27 08:16:56,923][INFO ][node                     ] [Monte Forno] closed

io.crate.client.jdbc.integrationtests.CrateJDBCUnsupportedFeaturesTest STANDARD_OUT
    No need to download crate. Already downloaded VERSION[0.57.6] to: /tmp/crate.testing/downloads/crate-0.57.6.tar.gz
    Starting crate server process...
Picked up _JAVA_OPTIONS: -Xmx2048m -Xms512m
[2018-03-27 08:16:58,663][WARN ][bootstrap                ] unable to install syscall filter: seccomp unavailable: your kernel is buggy and you should upgrade
[2018-03-27 08:16:59,050][INFO ][node                     ] [Piz Pisoc] version[2.4.2], pid[4038], build[${build/NA]
[2018-03-27 08:16:59,050][INFO ][node                     ] [Piz Pisoc] initializing ...
[2018-03-27 08:16:59,440][INFO ][io.crate.plugin          ] [Piz Pisoc] plugins loaded: [crate-sigar] 
[2018-03-27 08:17:00,564][INFO ][plugins                  ] [Piz Pisoc] modules [], plugins [blob, udc, crate-azure-discovery, crate-core, repository-hdfs, discovery-multicast, crate-admin-ui, cloud-aws, crate, discovery-srv, admin-ui], sites [crate-admin-ui]
[2018-03-27 08:17:00,603][INFO ][env                      ] [Piz Pisoc] using [1] data paths, mounts [[/ (/dev/mapper/docker-202:16-14876693-3c034675d57c64c17389ba964127a98f48a4a9865b9c4d776298887af48ff018)]], net usable_space [8.8gb], net total_space [18.9gb], spins? [possibly], types [xfs]
[2018-03-27 08:17:00,603][INFO ][env                      ] [Piz Pisoc] heap size [1.9gb], compressed ordinary object pointers [true]
[2018-03-27 08:17:00,604][WARN ][env                      ] [Piz Pisoc] max file descriptors [30000] for elasticsearch process likely too low, consider increasing to at least [65536]
[2018-03-27 08:17:01,008][INFO ][http                     ] [Piz Pisoc] Using [io.crate.http.netty.CrateNettyHttpServerTransport] as http transport, overridden by [crate]
[2018-03-27 08:17:01,022][INFO ][plugin.hadoop.hdfs       ] Loaded Hadoop [Unknown] libraries from file:/tmp/crate.testing/working/crate-0.57.6_06909bf5-46d3-419c-81c5-6321475144ea/plugins/elasticsearch-repository-hdfs/
[2018-03-27 08:17:01,094][INFO ][io.crate.module          ] [Piz Pisoc] configuring crate. version: 0.57.6
[2018-03-27 08:17:01,387][INFO ][io.crate.module          ] [Piz Pisoc] configuring crate. version: 0.57.6
[2018-03-27 08:17:03,652][INFO ][io.crate.operation.reference.sys.cluster.ClusterSettingsExpression$ApplySettings] updating [psql.port] from [5432-5532] to [5510]
[2018-03-27 08:17:04,685][INFO ][io.crate.rest            ] [Piz Pisoc] Elasticsearch HTTP REST API not enabled
[2018-03-27 08:17:04,817][INFO ][node                     ] [Piz Pisoc] initialized
[2018-03-27 08:17:04,818][INFO ][node                     ] [Piz Pisoc] starting ...
[2018-03-27 08:17:04,892][INFO ][psql                     ] [Piz Pisoc] publish_address {127.0.0.1:5510}, bound_addresses {127.0.0.1:5510}
[2018-03-27 08:17:04,893][INFO ][io.crate.blob.BlobService] [Piz Pisoc] BlobService.doStart() io.crate.blob.BlobService@6ceb51a8
[2018-03-27 08:17:04,908][INFO ][http                     ] [Piz Pisoc] publish_address {127.0.0.1:4537}, bound_addresses {127.0.0.1:4537}
[2018-03-27 08:17:04,967][INFO ][transport                ] [Piz Pisoc] publish_address {127.0.0.1:4397}, bound_addresses {127.0.0.1:4397}
[2018-03-27 08:17:04,975][INFO ][discovery                ] [Piz Pisoc] TestingCluster/V4G1ps7FTcq98MDsBFHUKg
    Stopping crate server process...
[2018-03-27 08:17:05,889][INFO ][node                     ] [Piz Pisoc] stopping ...
[2018-03-27 08:17:05,920][INFO ][node                     ] [Piz Pisoc] stopped
[2018-03-27 08:17:05,921][INFO ][node                     ] [Piz Pisoc] closing ...
[2018-03-27 08:17:05,927][INFO ][node                     ] [Piz Pisoc] closed

92 tests completed, 1 failed, 7 skipped
:test FAILED

FAILURE: Build failed with an exception.

* What went wrong:
Execution failed for task ':test'.
> There were failing tests. See the report at: file:///home/travis/build/crate/crate-jdbc/build/reports/tests/test/index.html

* Try:
Run with --info or --debug option to get more log output.

* Exception is:
org.gradle.api.tasks.TaskExecutionException: Execution failed for task ':test'.
	at org.gradle.api.internal.tasks.execution.ExecuteActionsTaskExecuter.executeActions(ExecuteActionsTaskExecuter.java:100)
	at org.gradle.api.internal.tasks.execution.ExecuteActionsTaskExecuter.execute(ExecuteActionsTaskExecuter.java:70)
	at org.gradle.api.internal.tasks.execution.SkipUpToDateTaskExecuter.execute(SkipUpToDateTaskExecuter.java:64)
	at org.gradle.api.internal.tasks.execution.ResolveTaskOutputCachingStateExecuter.execute(ResolveTaskOutputCachingStateExecuter.java:54)
	at org.gradle.api.internal.tasks.execution.ValidatingTaskExecuter.execute(ValidatingTaskExecuter.java:58)
	at org.gradle.api.internal.tasks.execution.SkipEmptySourceFilesTaskExecuter.execute(SkipEmptySourceFilesTaskExecuter.java:88)
	at org.gradle.api.internal.tasks.execution.ResolveTaskArtifactStateTaskExecuter.execute(ResolveTaskArtifactStateTaskExecuter.java:52)
	at org.gradle.api.internal.tasks.execution.SkipTaskWithNoActionsExecuter.execute(SkipTaskWithNoActionsExecuter.java:52)
	at org.gradle.api.internal.tasks.execution.SkipOnlyIfTaskExecuter.execute(SkipOnlyIfTaskExecuter.java:54)
	at org.gradle.api.internal.tasks.execution.ExecuteAtMostOnceTaskExecuter.execute(ExecuteAtMostOnceTaskExecuter.java:43)
	at org.gradle.api.internal.tasks.execution.CatchExceptionTaskExecuter.execute(CatchExceptionTaskExecuter.java:34)
	at org.gradle.execution.taskgraph.DefaultTaskGraphExecuter$EventFiringTaskWorker$1.run(DefaultTaskGraphExecuter.java:242)
	at org.gradle.internal.progress.DefaultBuildOperationExecutor$RunnableBuildOperationWorker.execute(DefaultBuildOperationExecutor.java:317)
	at org.gradle.internal.progress.DefaultBuildOperationExecutor$RunnableBuildOperationWorker.execute(DefaultBuildOperationExecutor.java:309)
	at org.gradle.internal.progress.DefaultBuildOperationExecutor.execute(DefaultBuildOperationExecutor.java:185)
	at org.gradle.internal.progress.DefaultBuildOperationExecutor.run(DefaultBuildOperationExecutor.java:95)
	at org.gradle.execution.taskgraph.DefaultTaskGraphExecuter$EventFiringTaskWorker.execute(DefaultTaskGraphExecuter.java:235)
	at org.gradle.execution.taskgraph.DefaultTaskGraphExecuter$EventFiringTaskWorker.execute(DefaultTaskGraphExecuter.java:224)
	at org.gradle.execution.taskgraph.DefaultTaskPlanExecutor$TaskExecutorWorker.processTask(DefaultTaskPlanExecutor.java:121)
	at org.gradle.execution.taskgraph.DefaultTaskPlanExecutor$TaskExecutorWorker.access$200(DefaultTaskPlanExecutor.java:77)
	at org.gradle.execution.taskgraph.DefaultTaskPlanExecutor$TaskExecutorWorker$1.execute(DefaultTaskPlanExecutor.java:102)
	at org.gradle.execution.taskgraph.DefaultTaskPlanExecutor$TaskExecutorWorker$1.execute(DefaultTaskPlanExecutor.java:96)
	at org.gradle.execution.taskgraph.DefaultTaskExecutionPlan.execute(DefaultTaskExecutionPlan.java:612)
	at org.gradle.execution.taskgraph.DefaultTaskExecutionPlan.executeWithTask(DefaultTaskExecutionPlan.java:567)
	at org.gradle.execution.taskgraph.DefaultTaskPlanExecutor$TaskExecutorWorker.run(DefaultTaskPlanExecutor.java:96)
	at org.gradle.internal.concurrent.ExecutorPolicy$CatchAndRecordFailures.onExecute(ExecutorPolicy.java:63)
	at org.gradle.internal.concurrent.StoppableExecutorImpl$1.run(StoppableExecutorImpl.java:46)
	at org.gradle.internal.concurrent.ThreadFactoryImpl$ManagedThreadRunnable.run(ThreadFactoryImpl.java:55)
Caused by: org.gradle.api.GradleException: There were failing tests. See the report at: file:///home/travis/build/crate/crate-jdbc/build/reports/tests/test/index.html
	at org.gradle.api.tasks.testing.Test.handleTestFailures(Test.java:1411)
	at org.gradle.api.tasks.testing.Test.executeTests(Test.java:702)
	at org.gradle.internal.reflect.JavaMethod.invoke(JavaMethod.java:73)
	at org.gradle.api.internal.project.taskfactory.DefaultTaskClassInfoStore$StandardTaskAction.doExecute(DefaultTaskClassInfoStore.java:141)
	at org.gradle.api.internal.project.taskfactory.DefaultTaskClassInfoStore$StandardTaskAction.execute(DefaultTaskClassInfoStore.java:134)
	at org.gradle.api.internal.project.taskfactory.DefaultTaskClassInfoStore$StandardTaskAction.execute(DefaultTaskClassInfoStore.java:121)
	at org.gradle.api.internal.AbstractTask$TaskActionWrapper.execute(AbstractTask.java:711)
	at org.gradle.api.internal.AbstractTask$TaskActionWrapper.execute(AbstractTask.java:694)
	at org.gradle.api.internal.tasks.execution.ExecuteActionsTaskExecuter$1.run(ExecuteActionsTaskExecuter.java:122)
	at org.gradle.internal.progress.DefaultBuildOperationExecutor$RunnableBuildOperationWorker.execute(DefaultBuildOperationExecutor.java:317)
	at org.gradle.internal.progress.DefaultBuildOperationExecutor$RunnableBuildOperationWorker.execute(DefaultBuildOperationExecutor.java:309)
	at org.gradle.internal.progress.DefaultBuildOperationExecutor.execute(DefaultBuildOperationExecutor.java:185)
	at org.gradle.internal.progress.DefaultBuildOperationExecutor.run(DefaultBuildOperationExecutor.java:95)
	at org.gradle.api.internal.tasks.execution.ExecuteActionsTaskExecuter.executeAction(ExecuteActionsTaskExecuter.java:111)
	at org.gradle.api.internal.tasks.execution.ExecuteActionsTaskExecuter.executeActions(ExecuteActionsTaskExecuter.java:92)
	... 27 more


BUILD FAILED in 2m 2s
8 actionable tasks: 5 executed, 3 up-to-date

travis_time:end:132bbcc1:start=1522138506091361742,finish=1522138628730883226,duration=122639521484[0K
[31;1mThe command "./gradlew test -s" exited with 1.[0m
travis_fold:start:cache.2[0Kstore build cache
travis_time:start:0fb1420c[0K
travis_time:end:0fb1420c:start=1522138628738180427,finish=1522138628743497530,duration=5317103[0Ktravis_time:start:2b81f607[0K[32;1mnothing changed, not updating cache[0m

travis_time:end:2b81f607:start=1522138628749491572,finish=1522138630103938622,duration=1354447050[0Ktravis_fold:end:cache.2[0K
Done. Your build exited with 1.
