travis_fold:start:worker_info[0K[33;1mWorker information[0m
hostname: 12897592-d02c-4210-8a6e-1f4b21e96798@1.i-093f2c6-production-2-worker-org-ec2.travisci.net
version: v3.6.0 https://github.com/travis-ci/worker/tree/170b2a0bb43234479fd1911ba9e4dbcc36dadfad
instance: ce918be travisci/ci-garnet:packer-1512502276-986baf0 (via amqp)
startup: 3.549035871s
travis_fold:end:worker_info[0Kmode of â€˜/usr/local/clang-5.0.0/binâ€™ changed from 0777 (rwxrwxrwx) to 0775 (rwxrwxr-x)
travis_fold:start:system_info[0K[33;1mBuild system information[0m
Build language: python
Build group: stable
Build dist: trusty
Build id: 360721038
Job id: 360721043
Runtime kernel version: 4.14.12-041412-generic
travis-build version: e38cb04f7
[34m[1mBuild image provisioning date and time[0m
Tue Dec  5 20:11:19 UTC 2017
[34m[1mOperating System Details[0m
Distributor ID:	Ubuntu
Description:	Ubuntu 14.04.5 LTS
Release:	14.04
Codename:	trusty
[34m[1mCookbooks Version[0m
7c2c6a6 https://github.com/travis-ci/travis-cookbooks/tree/7c2c6a6
[34m[1mgit version[0m
git version 2.15.1
[34m[1mbash version[0m
GNU bash, version 4.3.11(1)-release (x86_64-pc-linux-gnu)
[34m[1mgcc version[0m
gcc (Ubuntu 4.8.4-2ubuntu1~14.04.3) 4.8.4
Copyright (C) 2013 Free Software Foundation, Inc.
This is free software; see the source for copying conditions.  There is NO
warranty; not even for MERCHANTABILITY or FITNESS FOR A PARTICULAR PURPOSE.

[34m[1mdocker version[0m
Client:
 Version:      17.09.0-ce
 API version:  1.32
 Go version:   go1.8.3
 Git commit:   afdb6d4
 Built:        Tue Sep 26 22:39:28 2017
 OS/Arch:      linux/amd64
[34m[1mclang version[0m
clang version 5.0.0 (tags/RELEASE_500/final)
Target: x86_64-unknown-linux-gnu
Thread model: posix
InstalledDir: /usr/local/clang-5.0.0/bin
[34m[1mjq version[0m
jq-1.5
[34m[1mbats version[0m
Bats 0.4.0
[34m[1mshellcheck version[0m
0.4.6
[34m[1mshfmt version[0m
v2.0.0
[34m[1mccache version[0m
ccache version 3.1.9

Copyright (C) 2002-2007 Andrew Tridgell
Copyright (C) 2009-2011 Joel Rosdahl

This program is free software; you can redistribute it and/or modify it under
the terms of the GNU General Public License as published by the Free Software
Foundation; either version 3 of the License, or (at your option) any later
version.
[34m[1mcmake version[0m
cmake version 3.9.2

CMake suite maintained and supported by Kitware (kitware.com/cmake).
[34m[1mheroku version[0m
heroku-cli/6.14.39-addc925 (linux-x64) node-v9.2.0
[34m[1mimagemagick version[0m
Version: ImageMagick 6.7.7-10 2017-07-31 Q16 http://www.imagemagick.org
[34m[1mmd5deep version[0m
4.2
[34m[1mmercurial version[0m
Mercurial Distributed SCM (version 4.2.2)
(see https://mercurial-scm.org for more information)

Copyright (C) 2005-2017 Matt Mackall and others
This is free software; see the source for copying conditions. There is NO
warranty; not even for MERCHANTABILITY or FITNESS FOR A PARTICULAR PURPOSE.
[34m[1mmysql version[0m
mysql  Ver 14.14 Distrib 5.6.33, for debian-linux-gnu (x86_64) using  EditLine wrapper
[34m[1mopenssl version[0m
OpenSSL 1.0.1f 6 Jan 2014
[34m[1mpacker version[0m
Packer v1.0.2

Your version of Packer is out of date! The latest version
is 1.1.2. You can update by downloading from www.packer.io
[34m[1mpostgresql client version[0m
psql (PostgreSQL) 9.6.6
[34m[1mragel version[0m
Ragel State Machine Compiler version 6.8 Feb 2013
Copyright (c) 2001-2009 by Adrian Thurston
[34m[1msubversion version[0m
svn, version 1.8.8 (r1568071)
   compiled Aug 10 2017, 17:20:39 on x86_64-pc-linux-gnu

Copyright (C) 2013 The Apache Software Foundation.
This software consists of contributions made by many people;
see the NOTICE file for more information.
Subversion is open source software, see http://subversion.apache.org/

The following repository access (RA) modules are available:

* ra_svn : Module for accessing a repository using the svn network protocol.
  - with Cyrus SASL authentication
  - handles 'svn' scheme
* ra_local : Module for accessing a repository on local disk.
  - handles 'file' scheme
* ra_serf : Module for accessing a repository via WebDAV protocol using serf.
  - using serf 1.3.3
  - handles 'http' scheme
  - handles 'https' scheme

[34m[1msudo version[0m
Sudo version 1.8.9p5
Configure options: --prefix=/usr -v --with-all-insults --with-pam --with-fqdn --with-logging=syslog --with-logfac=authpriv --with-env-editor --with-editor=/usr/bin/editor --with-timeout=15 --with-password-timeout=0 --with-passprompt=[sudo] password for %p:  --without-lecture --with-tty-tickets --disable-root-mailer --enable-admin-flag --with-sendmail=/usr/sbin/sendmail --with-timedir=/var/lib/sudo --mandir=/usr/share/man --libexecdir=/usr/lib/sudo --with-sssd --with-sssd-lib=/usr/lib/x86_64-linux-gnu --with-selinux
Sudoers policy plugin version 1.8.9p5
Sudoers file grammar version 43

Sudoers path: /etc/sudoers
Authentication methods: 'pam'
Syslog facility if syslog is being used for logging: authpriv
Syslog priority to use when user authenticates successfully: notice
Syslog priority to use when user authenticates unsuccessfully: alert
Send mail if the user is not in sudoers
Use a separate timestamp for each user/tty combo
Lecture user the first time they run sudo
Root may run sudo
Allow some information gathering to give useful error messages
Require fully-qualified hostnames in the sudoers file
Visudo will honor the EDITOR environment variable
Set the LOGNAME and USER environment variables
Length at which to wrap log file lines (0 for no wrap): 80
Authentication timestamp timeout: 15.0 minutes
Password prompt timeout: 0.0 minutes
Number of tries to enter a password: 3
Umask to use or 0777 to use user's: 022
Path to mail program: /usr/sbin/sendmail
Flags for mail program: -t
Address to send mail to: root
Subject line for mail messages: *** SECURITY information for %h ***
Incorrect password message: Sorry, try again.
Path to authentication timestamp dir: /var/lib/sudo
Default password prompt: [sudo] password for %p: 
Default user to run commands as: root
Value to override user's $PATH with: /usr/local/sbin:/usr/local/bin:/usr/sbin:/usr/bin:/sbin:/bin:/snap/bin
Path to the editor for use by visudo: /usr/bin/editor
When to require a password for 'list' pseudocommand: any
When to require a password for 'verify' pseudocommand: all
File descriptors >= 3 will be closed before executing a command
Environment variables to check for sanity:
	TZ
	TERM
	LINGUAS
	LC_*
	LANGUAGE
	LANG
	COLORTERM
Environment variables to remove:
	RUBYOPT
	RUBYLIB
	PYTHONUSERBASE
	PYTHONINSPECT
	PYTHONPATH
	PYTHONHOME
	TMPPREFIX
	ZDOTDIR
	READNULLCMD
	NULLCMD
	FPATH
	PERL5DB
	PERL5OPT
	PERL5LIB
	PERLLIB
	PERLIO_DEBUG 
	JAVA_TOOL_OPTIONS
	SHELLOPTS
	GLOBIGNORE
	PS4
	BASH_ENV
	ENV
	TERMCAP
	TERMPATH
	TERMINFO_DIRS
	TERMINFO
	_RLD*
	LD_*
	PATH_LOCALE
	NLSPATH
	HOSTALIASES
	RES_OPTIONS
	LOCALDOMAIN
	CDPATH
	IFS
Environment variables to preserve:
	JAVA_HOME
	TRAVIS
	CI
	DEBIAN_FRONTEND
	XAUTHORIZATION
	XAUTHORITY
	PS2
	PS1
	PATH
	LS_COLORS
	KRB5CCNAME
	HOSTNAME
	HOME
	DISPLAY
	COLORS
Locale to use while parsing sudoers: C
Directory in which to store input/output logs: /var/log/sudo-io
File in which to store the input/output log: %{seq}
Add an entry to the utmp/utmpx file when allocating a pty
PAM service name to use
PAM service name to use for login shells
Create a new PAM session for the command to run in
Maximum I/O log sequence number: 0

Local IP address and netmask pairs:
	172.17.0.2/255.255.0.0

Sudoers I/O plugin version 1.8.9p5
[34m[1mgzip version[0m
gzip 1.6
Copyright (C) 2007, 2010, 2011 Free Software Foundation, Inc.
Copyright (C) 1993 Jean-loup Gailly.
This is free software.  You may redistribute copies of it under the terms of
the GNU General Public License <http://www.gnu.org/licenses/gpl.html>.
There is NO WARRANTY, to the extent permitted by law.

Written by Jean-loup Gailly.
[34m[1mzip version[0m
Copyright (c) 1990-2008 Info-ZIP - Type 'zip "-L"' for software license.
This is Zip 3.0 (July 5th 2008), by Info-ZIP.
Currently maintained by E. Gordon.  Please send bug reports to
the authors using the web page at www.info-zip.org; see README for details.

Latest sources and executables are at ftp://ftp.info-zip.org/pub/infozip,
as of above date; see http://www.info-zip.org/ for other sites.

Compiled with gcc 4.8.2 for Unix (Linux ELF) on Oct 21 2013.

Zip special compilation options:
	USE_EF_UT_TIME       (store Universal Time)
	BZIP2_SUPPORT        (bzip2 library version 1.0.6, 6-Sept-2010)
	    bzip2 code and library copyright (c) Julian R Seward
	    (See the bzip2 license for terms of use)
	SYMLINK_SUPPORT      (symbolic links supported)
	LARGE_FILE_SUPPORT   (can read and write large files on file system)
	ZIP64_SUPPORT        (use Zip64 to store large files in archives)
	UNICODE_SUPPORT      (store and read UTF-8 Unicode paths)
	STORE_UNIX_UIDs_GIDs (store UID/GID sizes/values using new extra field)
	UIDGID_NOT_16BIT     (old Unix 16-bit UID/GID extra field not used)
	[encryption, version 2.91 of 05 Jan 2007] (modified for Zip 3)

Encryption notice:
	The encryption code of this program is not copyrighted and is
	put in the public domain.  It was originally written in Europe
	and, to the best of our knowledge, can be freely distributed
	in both source and object forms from any country, including
	the USA under License Exception TSU of the U.S. Export
	Administration Regulations (section 740.13(e)) of 6 June 2002.

Zip environment options:
             ZIP:  [none]
          ZIPOPT:  [none]
[34m[1mvim version[0m
VIM - Vi IMproved 7.4 (2013 Aug 10, compiled Nov 24 2016 16:43:18)
Included patches: 1-52
Extra patches: 8.0.0056
Modified by pkg-vim-maintainers@lists.alioth.debian.org
Compiled by buildd@
Huge version without GUI.  Features included (+) or not (-):
+acl             +farsi           +mouse_netterm   +syntax
+arabic          +file_in_path    +mouse_sgr       +tag_binary
+autocmd         +find_in_path    -mouse_sysmouse  +tag_old_static
-balloon_eval    +float           +mouse_urxvt     -tag_any_white
-browse          +folding         +mouse_xterm     -tcl
++builtin_terms  -footer          +multi_byte      +terminfo
+byte_offset     +fork()          +multi_lang      +termresponse
+cindent         +gettext         -mzscheme        +textobjects
-clientserver    -hangul_input    +netbeans_intg   +title
-clipboard       +iconv           +path_extra      -toolbar
+cmdline_compl   +insert_expand   -perl            +user_commands
+cmdline_hist    +jumplist        +persistent_undo +vertsplit
+cmdline_info    +keymap          +postscript      +virtualedit
+comments        +langmap         +printer         +visual
+conceal         +libcall         +profile         +visualextra
+cryptv          +linebreak       +python          +viminfo
+cscope          +lispindent      -python3         +vreplace
+cursorbind      +listcmds        +quickfix        +wildignore
+cursorshape     +localmap        +reltime         +wildmenu
+dialog_con      -lua             +rightleft       +windows
+diff            +menu            -ruby            +writebackup
+digraphs        +mksession       +scrollbind      -X11
-dnd             +modify_fname    +signs           -xfontset
-ebcdic          +mouse           +smartindent     -xim
+emacs_tags      -mouseshape      -sniff           -xsmp
+eval            +mouse_dec       +startuptime     -xterm_clipboard
+ex_extra        +mouse_gpm       +statusline      -xterm_save
+extra_search    -mouse_jsbterm   -sun_workshop    -xpm
   system vimrc file: "$VIM/vimrc"
     user vimrc file: "$HOME/.vimrc"
 2nd user vimrc file: "~/.vim/vimrc"
      user exrc file: "$HOME/.exrc"
  fall-back for $VIM: "/usr/share/vim"
Compilation: gcc -c -I. -Iproto -DHAVE_CONFIG_H     -g -O2 -fstack-protector --param=ssp-buffer-size=4 -Wformat -Werror=format-security -U_FORTIFY_SOURCE -D_FORTIFY_SOURCE=1      
Linking: gcc   -Wl,-Bsymbolic-functions -Wl,-z,relro -Wl,--as-needed -o vim        -lm -ltinfo -lnsl  -lselinux  -lacl -lattr -lgpm -ldl    -L/usr/lib/python2.7/config-x86_64-linux-gnu -lpython2.7 -lpthread -ldl -lutil -lm -Xlinker -export-dynamic -Wl,-O1 -Wl,-Bsymbolic-functions      
[34m[1miptables version[0m
iptables v1.4.21
[34m[1mcurl version[0m
curl 7.35.0 (x86_64-pc-linux-gnu) libcurl/7.35.0 OpenSSL/1.0.1f zlib/1.2.8 libidn/1.28 librtmp/2.3
[34m[1mwget version[0m
GNU Wget 1.15 built on linux-gnu.
[34m[1mrsync version[0m
rsync  version 3.1.0  protocol version 31
[34m[1mgimme version[0m
v1.2.0
[34m[1mnvm version[0m
0.33.6
[34m[1mperlbrew version[0m
/home/travis/perl5/perlbrew/bin/perlbrew  - App::perlbrew/0.80
[34m[1mphpenv version[0m
rbenv 1.1.1-25-g6aa70b6
[34m[1mrvm version[0m
rvm 1.29.3 (latest) by Michal Papis, Piotr Kuczynski, Wayne E. Seguin [https://rvm.io]
[34m[1mdefault ruby version[0m
ruby 2.4.1p111 (2017-03-22 revision 58053) [x86_64-linux]
[34m[1mCouchDB version[0m
couchdb 1.6.1
[34m[1mElasticSearch version[0m
5.5.0
[34m[1mInstalled Firefox version[0m
firefox 56.0.2
[34m[1mMongoDB version[0m
MongoDB 3.4.10
[34m[1mPhantomJS version[0m
2.1.1
[34m[1mPre-installed PostgreSQL versions[0m
9.2.24
9.3.20
9.4.15
9.5.10
9.6.6
[34m[1mRabbitMQ Version[0m
3.6.14
[34m[1mRedis version[0m
redis-server 4.0.6
[34m[1mriak version[0m
2.2.3
[34m[1mPre-installed Go versions[0m
1.7.4
[34m[1mant version[0m
Apache Ant(TM) version 1.9.3 compiled on April 8 2014
[34m[1mmvn version[0m
Apache Maven 3.5.2 (138edd61fd100ec658bfa2d307c43b76940a5d7d; 2017-10-18T07:58:13Z)
Maven home: /usr/local/maven-3.5.2
Java version: 1.8.0_151, vendor: Oracle Corporation
Java home: /usr/lib/jvm/java-8-oracle/jre
Default locale: en_US, platform encoding: UTF-8
OS name: "linux", version: "4.4.0-101-generic", arch: "amd64", family: "unix"
[34m[1mgradle version[0m

------------------------------------------------------------
Gradle 4.0.1
------------------------------------------------------------

Build time:   2017-07-07 14:02:41 UTC
Revision:     38e5dc0f772daecca1d2681885d3d85414eb6826

Groovy:       2.4.11
Ant:          Apache Ant(TM) version 1.9.6 compiled on June 29 2015
JVM:          1.8.0_151 (Oracle Corporation 25.151-b12)
OS:           Linux 4.4.0-101-generic amd64

[34m[1mlein version[0m
Leiningen 2.8.1 on Java 1.8.0_151 Java HotSpot(TM) 64-Bit Server VM
[34m[1mPre-installed Node.js versions[0m
v4.8.6
v6.12.0
v6.12.1
v8.9
v8.9.1
[34m[1mphpenv versions[0m
  system
  5.6
* 5.6.32 (set by /home/travis/.phpenv/version)
  7.0
  7.0.25
  7.1
  7.1.11
  hhvm
  hhvm-stable
[34m[1mcomposer --version[0m
Composer version 1.5.2 2017-09-11 16:59:25
[34m[1mPre-installed Ruby versions[0m
ruby-2.2.7
ruby-2.3.4
ruby-2.4.1
travis_fold:end:system_info[0K
removed â€˜/etc/apt/sources.list.d/basho_riak.listâ€™
[32;1mNetwork availability confirmed.[0m
127.0.0.1	localhost
::1	 ip6-localhost ip6-loopback
fe00::0	ip6-localnet
ff00::0	ip6-mcastprefix
ff02::1	ip6-allnodes
ff02::2	ip6-allrouters
172.17.0.12	travis-job-hylang-hy-360721043.travisci.net travis-job-hylang-hy-360721043
W: http://ppa.launchpad.net/couchdb/stable/ubuntu/dists/trusty/Release.gpg: Signature by key 15866BAFD9BCC4F3C1E0DFC7D69548E1C17EAB57 uses weak digest algorithm (SHA1)
[33;1m3.7-dev is not installed; attempting download[0m
[33;1mDownloading archive: https://s3.amazonaws.com/travis-python-archives/binaries/ubuntu/14.04/x86_64/python-3.7-dev.tar.bz2[0m
$ curl -sSf -o python-3.7-dev.tar.bz2 ${archive_url}
$ sudo tar xjf python-3.7-dev.tar.bz2 --directory /
travis_fold:start:git.checkout[0Ktravis_time:start:03b5a236[0K$ git clone --depth=50 https://github.com/hylang/hy.git hylang/hy
Cloning into 'hylang/hy'...
remote: Counting objects: 1541, done.[K
remote: Compressing objects:   0% (1/565)   [Kremote: Compressing objects:   1% (6/565)   [Kremote: Compressing objects:   2% (12/565)   [Kremote: Compressing objects:   3% (17/565)   [Kremote: Compressing objects:   4% (23/565)   [Kremote: Compressing objects:   5% (29/565)   [Kremote: Compressing objects:   6% (34/565)   [Kremote: Compressing objects:   7% (40/565)   [Kremote: Compressing objects:   8% (46/565)   [Kremote: Compressing objects:   9% (51/565)   [Kremote: Compressing objects:  10% (57/565)   [Kremote: Compressing objects:  11% (63/565)   [Kremote: Compressing objects:  12% (68/565)   [Kremote: Compressing objects:  13% (74/565)   [Kremote: Compressing objects:  14% (80/565)   [Kremote: Compressing objects:  15% (85/565)   [Kremote: Compressing objects:  16% (91/565)   [Kremote: Compressing objects:  17% (97/565)   [Kremote: Compressing objects:  18% (102/565)   [Kremote: Compressing objects:  19% (108/565)   [Kremote: Compressing objects:  20% (113/565)   [Kremote: Compressing objects:  21% (119/565)   [Kremote: Compressing objects:  22% (125/565)   [Kremote: Compressing objects:  23% (130/565)   [Kremote: Compressing objects:  24% (136/565)   [Kremote: Compressing objects:  25% (142/565)   [Kremote: Compressing objects:  26% (147/565)   [Kremote: Compressing objects:  27% (153/565)   [Kremote: Compressing objects:  28% (159/565)   [Kremote: Compressing objects:  29% (164/565)   [Kremote: Compressing objects:  30% (170/565)   [Kremote: Compressing objects:  31% (176/565)   [Kremote: Compressing objects:  32% (181/565)   [Kremote: Compressing objects:  33% (187/565)   [Kremote: Compressing objects:  34% (193/565)   [Kremote: Compressing objects:  35% (198/565)   [Kremote: Compressing objects:  36% (204/565)   [Kremote: Compressing objects:  37% (210/565)   [Kremote: Compressing objects:  38% (215/565)   [Kremote: Compressing objects:  39% (221/565)   [Kremote: Compressing objects:  40% (226/565)   [Kremote: Compressing objects:  41% (232/565)   [Kremote: Compressing objects:  42% (238/565)   [Kremote: Compressing objects:  43% (243/565)   [Kremote: Compressing objects:  44% (249/565)   [Kremote: Compressing objects:  45% (255/565)   [Kremote: Compressing objects:  46% (260/565)   [Kremote: Compressing objects:  47% (266/565)   [Kremote: Compressing objects:  48% (272/565)   [Kremote: Compressing objects:  49% (277/565)   [Kremote: Compressing objects:  50% (283/565)   [Kremote: Compressing objects:  51% (289/565)   [Kremote: Compressing objects:  52% (294/565)   [Kremote: Compressing objects:  53% (300/565)   [Kremote: Compressing objects:  54% (306/565)   [Kremote: Compressing objects:  55% (311/565)   [Kremote: Compressing objects:  56% (317/565)   [Kremote: Compressing objects:  57% (323/565)   [Kremote: Compressing objects:  58% (328/565)   [Kremote: Compressing objects:  59% (334/565)   [Kremote: Compressing objects:  60% (339/565)   [Kremote: Compressing objects:  61% (345/565)   [Kremote: Compressing objects:  62% (351/565)   [Kremote: Compressing objects:  63% (356/565)   [Kremote: Compressing objects:  64% (362/565)   [Kremote: Compressing objects:  65% (368/565)   [Kremote: Compressing objects:  66% (373/565)   [Kremote: Compressing objects:  67% (379/565)   [Kremote: Compressing objects:  68% (385/565)   [Kremote: Compressing objects:  69% (390/565)   [Kremote: Compressing objects:  70% (396/565)   [Kremote: Compressing objects:  71% (402/565)   [Kremote: Compressing objects:  72% (407/565)   [Kremote: Compressing objects:  73% (413/565)   [Kremote: Compressing objects:  74% (419/565)   [Kremote: Compressing objects:  75% (424/565)   [Kremote: Compressing objects:  76% (430/565)   [Kremote: Compressing objects:  77% (436/565)   [Kremote: Compressing objects:  78% (441/565)   [Kremote: Compressing objects:  79% (447/565)   [Kremote: Compressing objects:  80% (452/565)   [Kremote: Compressing objects:  81% (458/565)   [Kremote: Compressing objects:  82% (464/565)   [Kremote: Compressing objects:  83% (469/565)   [Kremote: Compressing objects:  84% (475/565)   [Kremote: Compressing objects:  85% (481/565)   [Kremote: Compressing objects:  86% (486/565)   [Kremote: Compressing objects:  87% (492/565)   [Kremote: Compressing objects:  88% (498/565)   [Kremote: Compressing objects:  89% (503/565)   [Kremote: Compressing objects:  90% (509/565)   [Kremote: Compressing objects:  91% (515/565)   [Kremote: Compressing objects:  92% (520/565)   [Kremote: Compressing objects:  93% (526/565)   [Kremote: Compressing objects:  94% (532/565)   [Kremote: Compressing objects:  95% (537/565)   [Kremote: Compressing objects:  96% (543/565)   [Kremote: Compressing objects:  97% (549/565)   [Kremote: Compressing objects:  98% (554/565)   [Kremote: Compressing objects:  99% (560/565)   [Kremote: Compressing objects: 100% (565/565)   [Kremote: Compressing objects: 100% (565/565), done.[K
Receiving objects:   0% (1/1541)   Receiving objects:   1% (16/1541)   Receiving objects:   2% (31/1541)   Receiving objects:   3% (47/1541)   Receiving objects:   4% (62/1541)   Receiving objects:   5% (78/1541)   Receiving objects:   6% (93/1541)   Receiving objects:   7% (108/1541)   Receiving objects:   8% (124/1541)   Receiving objects:   9% (139/1541)   Receiving objects:  10% (155/1541)   Receiving objects:  11% (170/1541)   Receiving objects:  12% (185/1541)   Receiving objects:  13% (201/1541)   Receiving objects:  14% (216/1541)   Receiving objects:  15% (232/1541)   Receiving objects:  16% (247/1541)   Receiving objects:  17% (262/1541)   Receiving objects:  18% (278/1541)   Receiving objects:  19% (293/1541)   Receiving objects:  20% (309/1541)   Receiving objects:  21% (324/1541)   Receiving objects:  22% (340/1541)   Receiving objects:  23% (355/1541)   Receiving objects:  24% (370/1541)   Receiving objects:  25% (386/1541)   Receiving objects:  26% (401/1541)   Receiving objects:  27% (417/1541)   Receiving objects:  28% (432/1541)   Receiving objects:  29% (447/1541)   Receiving objects:  30% (463/1541)   Receiving objects:  31% (478/1541)   Receiving objects:  32% (494/1541)   Receiving objects:  33% (509/1541)   Receiving objects:  34% (524/1541)   Receiving objects:  35% (540/1541)   Receiving objects:  36% (555/1541)   Receiving objects:  37% (571/1541)   Receiving objects:  38% (586/1541)   Receiving objects:  39% (601/1541)   Receiving objects:  40% (617/1541)   Receiving objects:  41% (632/1541)   Receiving objects:  42% (648/1541)   Receiving objects:  43% (663/1541)   Receiving objects:  44% (679/1541)   Receiving objects:  45% (694/1541)   Receiving objects:  46% (709/1541)   Receiving objects:  47% (725/1541)   Receiving objects:  48% (740/1541)   Receiving objects:  49% (756/1541)   Receiving objects:  50% (771/1541)   Receiving objects:  51% (786/1541)   Receiving objects:  52% (802/1541)   Receiving objects:  53% (817/1541)   Receiving objects:  54% (833/1541)   Receiving objects:  55% (848/1541)   Receiving objects:  56% (863/1541)   Receiving objects:  57% (879/1541)   Receiving objects:  58% (894/1541)   Receiving objects:  59% (910/1541)   Receiving objects:  60% (925/1541)   Receiving objects:  61% (941/1541)   Receiving objects:  62% (956/1541)   Receiving objects:  63% (971/1541)   Receiving objects:  64% (987/1541)   Receiving objects:  65% (1002/1541)   Receiving objects:  66% (1018/1541)   Receiving objects:  67% (1033/1541)   Receiving objects:  68% (1048/1541)   Receiving objects:  69% (1064/1541)   Receiving objects:  70% (1079/1541)   Receiving objects:  71% (1095/1541)   Receiving objects:  72% (1110/1541)   Receiving objects:  73% (1125/1541)   Receiving objects:  74% (1141/1541)   Receiving objects:  75% (1156/1541)   Receiving objects:  76% (1172/1541)   Receiving objects:  77% (1187/1541)   Receiving objects:  78% (1202/1541)   Receiving objects:  79% (1218/1541)   Receiving objects:  80% (1233/1541)   Receiving objects:  81% (1249/1541)   Receiving objects:  82% (1264/1541)   Receiving objects:  83% (1280/1541)   Receiving objects:  84% (1295/1541)   Receiving objects:  85% (1310/1541)   Receiving objects:  86% (1326/1541)   Receiving objects:  87% (1341/1541)   Receiving objects:  88% (1357/1541)   Receiving objects:  89% (1372/1541)   Receiving objects:  90% (1387/1541)   Receiving objects:  91% (1403/1541)   Receiving objects:  92% (1418/1541)   Receiving objects:  93% (1434/1541)   Receiving objects:  94% (1449/1541)   Receiving objects:  95% (1464/1541)   Receiving objects:  96% (1480/1541)   Receiving objects:  97% (1495/1541)   remote: Total 1541 (delta 1077), reused 1344 (delta 964), pack-reused 0[K
Receiving objects:  98% (1511/1541)   Receiving objects:  99% (1526/1541)   Receiving objects: 100% (1541/1541)   Receiving objects: 100% (1541/1541), 654.48 KiB | 18.70 MiB/s, done.
Resolving deltas:   0% (0/1077)   Resolving deltas:   2% (26/1077)   Resolving deltas:   7% (84/1077)   Resolving deltas:   9% (102/1077)   Resolving deltas:  13% (143/1077)   Resolving deltas:  14% (151/1077)   Resolving deltas:  16% (175/1077)   Resolving deltas:  17% (192/1077)   Resolving deltas:  18% (194/1077)   Resolving deltas:  19% (215/1077)   Resolving deltas:  20% (224/1077)   Resolving deltas:  21% (234/1077)   Resolving deltas:  22% (239/1077)   Resolving deltas:  23% (254/1077)   Resolving deltas:  24% (266/1077)   Resolving deltas:  26% (282/1077)   Resolving deltas:  29% (316/1077)   Resolving deltas:  34% (374/1077)   Resolving deltas:  35% (380/1077)   Resolving deltas:  36% (389/1077)   Resolving deltas:  48% (522/1077)   Resolving deltas:  52% (564/1077)   Resolving deltas:  53% (578/1077)   Resolving deltas:  54% (591/1077)   Resolving deltas:  55% (597/1077)   Resolving deltas:  56% (604/1077)   Resolving deltas:  57% (623/1077)   Resolving deltas:  58% (625/1077)   Resolving deltas:  59% (639/1077)   Resolving deltas:  61% (661/1077)   Resolving deltas:  62% (671/1077)   Resolving deltas:  63% (679/1077)   Resolving deltas:  64% (698/1077)   Resolving deltas:  65% (701/1077)   Resolving deltas:  66% (711/1077)   Resolving deltas:  67% (724/1077)   Resolving deltas:  68% (740/1077)   Resolving deltas:  69% (752/1077)   Resolving deltas:  70% (755/1077)   Resolving deltas:  71% (766/1077)   Resolving deltas:  72% (776/1077)   Resolving deltas:  73% (789/1077)   Resolving deltas:  74% (805/1077)   Resolving deltas:  75% (808/1077)   Resolving deltas:  76% (821/1077)   Resolving deltas:  77% (836/1077)   Resolving deltas:  78% (842/1077)   Resolving deltas:  79% (861/1077)   Resolving deltas:  80% (872/1077)   Resolving deltas:  81% (874/1077)   Resolving deltas:  82% (893/1077)   Resolving deltas:  83% (898/1077)   Resolving deltas:  84% (909/1077)   Resolving deltas:  85% (916/1077)   Resolving deltas:  86% (927/1077)   Resolving deltas:  87% (944/1077)   Resolving deltas:  88% (955/1077)   Resolving deltas:  89% (960/1077)   Resolving deltas:  94% (1017/1077)   Resolving deltas:  95% (1031/1077)   Resolving deltas:  96% (1036/1077)   Resolving deltas: 100% (1077/1077)   Resolving deltas: 100% (1077/1077), done.

travis_time:end:03b5a236:start=1522531835564575330,finish=1522531836360461748,duration=795886418[0K$ cd hylang/hy
travis_time:start:0b0c5830[0K$ git fetch origin +refs/pull/1560/merge:
remote: Counting objects: 5, done.[K
remote: Compressing objects:  50% (1/2)   [Kremote: Compressing objects: 100% (2/2)   [Kremote: Compressing objects: 100% (2/2), done.[K
remote: Total 5 (delta 3), reused 4 (delta 3), pack-reused 0[K
Unpacking objects:  20% (1/5)   Unpacking objects:  40% (2/5)   Unpacking objects:  60% (3/5)   Unpacking objects:  80% (4/5)   Unpacking objects: 100% (5/5)   Unpacking objects: 100% (5/5), done.
From https://github.com/hylang/hy
 * branch            refs/pull/1560/merge -> FETCH_HEAD

travis_time:end:0b0c5830:start=1522531836366821241,finish=1522531836609318092,duration=242496851[0K$ git checkout -qf FETCH_HEAD
travis_fold:end:git.checkout[0Ktravis_time:start:1177c518[0K$ source ~/virtualenv/python3.7-dev/bin/activate

travis_time:end:1177c518:start=1522531849059729655,finish=1522531849067579433,duration=7849778[0Ktravis_fold:start:cache.1[0KSetting up build cache
$ export CASHER_DIR=$HOME/.casher
travis_time:start:06fcf1d7[0K$ Installing caching utilities

travis_time:end:06fcf1d7:start=1522531854980714366,finish=1522531855011139226,duration=30424860[0Ktravis_time:start:0604bf27[0K
travis_time:end:0604bf27:start=1522531855018487993,finish=1522531855023628923,duration=5140930[0Ktravis_time:start:09b405f8[0K[32;1mattempting to download cache archive[0m
[32;1mfetching PR.1560/cache-linux-trusty-e3b0c44298fc1c149afbf4c8996fb92427ae41e4649b934ca495991b7852b855--python-3.7-dev.tgz[0m
[32;1mfetching PR.1560/cache--python-3.7-dev.tgz[0m
[32;1mfetching master/cache-linux-trusty-e3b0c44298fc1c149afbf4c8996fb92427ae41e4649b934ca495991b7852b855--python-3.7-dev.tgz[0m
[32;1mfound cache[0m

travis_time:end:09b405f8:start=1522531855029852287,finish=1522531866649361468,duration=11619509181[0Ktravis_fold:end:cache.1[0Ktravis_fold:start:cache.pip[0K
travis_time:start:0201a390[0K
travis_time:end:0201a390:start=1522531866656101272,finish=1522531866661921829,duration=5820557[0Ktravis_time:start:02e69efc[0K[32;1madding /home/travis/.cache/pip to cache[0m

travis_time:end:02e69efc:start=1522531866668176676,finish=1522531869217928408,duration=2549751732[0Ktravis_fold:end:cache.pip[0K$ python --version
Python 3.7.0a4+
$ pip --version
pip 9.0.1 from /home/travis/virtualenv/python3.7-dev/lib/python3.7/site-packages (python 3.7)
travis_fold:start:install.1[0Ktravis_time:start:050e0c47[0K$ pip install -r requirements-travis.txt
Requirement already satisfied: pytest>=3.2.1 in /home/travis/virtualenv/python3.7-dev/lib/python3.7/site-packages (from -r requirements-travis.txt (line 1))
Collecting flake8 (from -r requirements-travis.txt (line 4))
  Using cached flake8-3.5.0-py2.py3-none-any.whl
Collecting coverage (from -r requirements-travis.txt (line 5))
Requirement already satisfied: six>=1.10.0 in /home/travis/virtualenv/python3.7-dev/lib/python3.7/site-packages (from pytest>=3.2.1->-r requirements-travis.txt (line 1))
Requirement already satisfied: attrs>=17.2.0 in /home/travis/virtualenv/python3.7-dev/lib/python3.7/site-packages (from pytest>=3.2.1->-r requirements-travis.txt (line 1))
Requirement already satisfied: py>=1.5.0 in /home/travis/virtualenv/python3.7-dev/lib/python3.7/site-packages (from pytest>=3.2.1->-r requirements-travis.txt (line 1))
Requirement already satisfied: setuptools in /home/travis/virtualenv/python3.7-dev/lib/python3.7/site-packages (from pytest>=3.2.1->-r requirements-travis.txt (line 1))
Requirement already satisfied: pluggy<0.7,>=0.5 in /home/travis/virtualenv/python3.7-dev/lib/python3.7/site-packages (from pytest>=3.2.1->-r requirements-travis.txt (line 1))
Collecting pycodestyle<2.4.0,>=2.0.0 (from flake8->-r requirements-travis.txt (line 4))
  Using cached pycodestyle-2.3.1-py2.py3-none-any.whl
Collecting mccabe<0.7.0,>=0.6.0 (from flake8->-r requirements-travis.txt (line 4))
  Using cached mccabe-0.6.1-py2.py3-none-any.whl
Collecting pyflakes<1.7.0,>=1.5.0 (from flake8->-r requirements-travis.txt (line 4))
  Using cached pyflakes-1.6.0-py2.py3-none-any.whl
Installing collected packages: pycodestyle, mccabe, pyflakes, flake8, coverage
Successfully installed coverage-4.5.1 flake8-3.5.0 mccabe-0.6.1 pycodestyle-2.3.1 pyflakes-1.6.0

travis_time:end:050e0c47:start=1522531870191355879,finish=1522531872420639465,duration=2229283586[0Ktravis_fold:end:install.1[0Ktravis_fold:start:install.2[0Ktravis_time:start:02a404e6[0K$ pip install --process-dependency-links -e .
Obtaining file:///home/travis/build/hylang/hy
[31m  DEPRECATION: Dependency Links processing has been deprecated and will be removed in a future release.[0m
Collecting rply>=0.7.5 (from hy==0.14.0+82.g23bb5fa)
  Using cached rply-0.7.5-py2.py3-none-any.whl
Collecting astor (from hy==0.14.0+82.g23bb5fa)
  Cloning https://github.com/berkerpeksag/astor.git to /tmp/pip-build-sfcrirv2/astor
[31m  DEPRECATION: Dependency Links processing has been deprecated and will be removed in a future release.[0m
Collecting clint>=0.4 (from hy==0.14.0+82.g23bb5fa)
Collecting appdirs (from rply>=0.7.5->hy==0.14.0+82.g23bb5fa)
  Using cached appdirs-1.4.3-py2.py3-none-any.whl
Collecting args (from clint>=0.4->hy==0.14.0+82.g23bb5fa)
Installing collected packages: appdirs, rply, astor, args, clint, hy
  Running setup.py install for astor ... [?25l- done
[?25h  Running setup.py develop for hy
Successfully installed appdirs-1.4.3 args-0.1.0 astor-0.6.2 clint-0.5.1 hy rply-0.7.5

travis_time:end:02a404e6:start=1522531872427894457,finish=1522531876176685475,duration=3748791018[0Ktravis_fold:end:install.2[0Ktravis_time:start:207da9a2[0K$ pytest
[1m============================= test session starts ==============================[0m
platform linux -- Python 3.7.0a4+, pytest-3.3.2, py-1.5.2, pluggy-0.6.0
rootdir: /home/travis/build/hylang/hy, inifile: setup.cfg
[1mcollecting 0 items                                                             [0m[1mcollecting 39 items                                                            [0m[1mcollecting 71 items                                                            [0m[1mcollecting 87 items                                                            [0m[1mcollecting 160 items                                                           [0m[1mcollecting 162 items                                                           [0m[1mcollecting 168 items                                                           [0m[1mcollecting 169 items                                                           [0m[1mcollecting 172 items                                                           [0m[1mcollecting 173 items                                                           [0m[1mcollecting 178 items                                                           [0m[1mcollecting 233 items                                                           [0m[1mcollecting 244 items                                                           [0m[1mcollecting 365 items                                                           [0m[1mcollecting 382 items                                                           [0m[1mcollecting 410 items                                                           [0m[1mcollecting 425 items                                                           [0m[1mcollecting 443 items                                                           [0m[1mcollecting 445 items                                                           [0m[1mcollecting 446 items                                                           [0m[1mcollecting 453 items                                                           [0m[1mcollecting 463 items                                                           [0m[1mcollecting 473 items                                                           [0m[1mcollecting 474 items                                                           [0m[1mcollecting 475 items                                                           [0m[1mcollecting 479 items                                                           [0m[1mcollecting 484 items                                                           [0m[1mcollecting 496 items                                                           [0m[1mcollecting 499 items                                                           [0m[1mcollecting 506 items                                                           [0m[1mcollecting 511 items                                                           [0m[1mcollecting 536 items                                                           [0m[1mcollecting 550 items                                                           [0m[1mcollecting 551 items                                                           [0m[1mcollected 551 items                                                            [0m

tests/test_bin.py ..FFFFFFF.FF...F.......................[36m                [  7%][0m
tests/test_lex.py ................................[36m                       [ 12%][0m
tests/test_models.py ................[36m                                    [ 15%][0m
tests/compilers/test_ast.py ............................................[36m [ 23%]
[0m.............................[36m                                            [ 29%][0m
tests/compilers/test_compiler.py ..[36m                                      [ 29%][0m
tests/importer/test_importer.py ......[36m                                   [ 30%][0m
tests/importer/test_pyc.py .[36m                                             [ 30%][0m
tests/macros/test_macro_processor.py ..X[36m                                 [ 31%][0m
tests/macros/test_tag_macros.py .[36m                                        [ 31%][0m
tests/native_tests/cons.hy .....[36m                                         [ 32%][0m
tests/native_tests/core.hy .............................................[36m [ 40%]
[0m..........[36m                                                               [ 42%][0m
tests/native_tests/defclass.hy ...........[36m                               [ 44%][0m
tests/native_tests/language.hy .........................................[36m [ 51%]
[0m........................................................................[36m [ 64%]
[0m...x....[36m                                                                 [ 66%][0m
tests/native_tests/mangling.hy .................[36m                         [ 69%][0m
tests/native_tests/mathematics.hy ............................[36m           [ 74%][0m
tests/native_tests/native_macros.hy ...............[36m                      [ 77%][0m
tests/native_tests/operators.hy ..................[36m                       [ 80%][0m
tests/native_tests/py35_only_tests.hy ..[36m                                 [ 80%][0m
tests/native_tests/py36_only_tests.hy .[36m                                  [ 80%][0m
tests/native_tests/py3_only_tests.hy .......[36m                             [ 82%][0m
tests/native_tests/quote.hy ..........[36m                                   [ 84%][0m
tests/native_tests/tag_macros.hy ..........[36m                              [ 85%][0m
tests/native_tests/unless.hy .[36m                                           [ 86%][0m
tests/native_tests/when.hy .[36m                                             [ 86%][0m
tests/native_tests/with_decorator.hy ....[36m                                [ 86%][0m
tests/native_tests/with_test.hy .....[36m                                    [ 87%][0m
tests/native_tests/contrib/hy_repr.hy ............[36m                       [ 90%][0m
tests/native_tests/contrib/loop.hy ...[36m                                   [ 90%][0m
tests/native_tests/contrib/multi.hy .......[36m                              [ 91%][0m
tests/native_tests/contrib/sequences.hy .....[36m                            [ 92%][0m
tests/native_tests/contrib/walk.hy .........................[36m             [ 97%][0m
tests/native_tests/extra/anaphoric.hy ..............[36m                     [ 99%][0m
tests/native_tests/extra/reserved.hy .[36m                                   [100%][0m

=================================== FAILURES ===================================
[31m[1m_________________________ test_bin_hy_stdin_multiline __________________________[0m

[1m    def test_bin_hy_stdin_multiline():[0m
[1m>       output, _ = run_cmd("hy", '(+ "a" "b"\n"c" "d")')[0m

[1m[31mtests/test_bin.py[0m:73: 
_ _ _ _ _ _ _ _ _ _ _ _ _ _ _ _ _ _ _ _ _ _ _ _ _ _ _ _ _ _ _ _ _ _ _ _ _ _ _ _ 

cmd = ['hy'], stdin_data = '(+ "a" "b"\n"c" "d")', expect = 0
dontwritebytecode = False

[1m    def run_cmd(cmd, stdin_data=None, expect=0, dontwritebytecode=False):[0m
[1m        env = None[0m
[1m        if dontwritebytecode:[0m
[1m            env = dict(os.environ)[0m
[1m            env["PYTHONDONTWRITEBYTECODE"] = "1"[0m
[1m        cmd = shlex.split(cmd)[0m
[1m        cmd[0] = os.path.join(hy_dir, cmd[0])[0m
[1m        p = subprocess.Popen(cmd,[0m
[1m                             stdin=subprocess.PIPE,[0m
[1m                             stdout=subprocess.PIPE,[0m
[1m                             stderr=subprocess.PIPE,[0m
[1m                             universal_newlines=True,[0m
[1m                             shell=False,[0m
[1m                             env=env)[0m
[1m        output = p.communicate(input=stdin_data)[0m
[1m>       assert p.wait() == expect[0m
[1m[31mE       assert 1 == 0[0m
[1m[31mE        +  where 1 = <bound method Popen.wait of <subprocess.Popen object at 0x7eff2f7bba20>>()[0m
[1m[31mE        +    where <bound method Popen.wait of <subprocess.Popen object at 0x7eff2f7bba20>> = <subprocess.Popen object at 0x7eff2f7bba20>.wait[0m

[1m[31mtests/test_bin.py[0m:41: AssertionError
[31m[1m_____________________________ test_bin_hy_history ______________________________[0m

[1m    def test_bin_hy_history():[0m
[1m>       output, _ = run_cmd("hy", '(+ "a" "b")\n(+ *1 "y" "z")')[0m

[1m[31mtests/test_bin.py[0m:78: 
_ _ _ _ _ _ _ _ _ _ _ _ _ _ _ _ _ _ _ _ _ _ _ _ _ _ _ _ _ _ _ _ _ _ _ _ _ _ _ _ 

cmd = ['hy'], stdin_data = '(+ "a" "b")\n(+ *1 "y" "z")', expect = 0
dontwritebytecode = False

[1m    def run_cmd(cmd, stdin_data=None, expect=0, dontwritebytecode=False):[0m
[1m        env = None[0m
[1m        if dontwritebytecode:[0m
[1m            env = dict(os.environ)[0m
[1m            env["PYTHONDONTWRITEBYTECODE"] = "1"[0m
[1m        cmd = shlex.split(cmd)[0m
[1m        cmd[0] = os.path.join(hy_dir, cmd[0])[0m
[1m        p = subprocess.Popen(cmd,[0m
[1m                             stdin=subprocess.PIPE,[0m
[1m                             stdout=subprocess.PIPE,[0m
[1m                             stderr=subprocess.PIPE,[0m
[1m                             universal_newlines=True,[0m
[1m                             shell=False,[0m
[1m                             env=env)[0m
[1m        output = p.communicate(input=stdin_data)[0m
[1m>       assert p.wait() == expect[0m
[1m[31mE       assert 1 == 0[0m
[1m[31mE        +  where 1 = <bound method Popen.wait of <subprocess.Popen object at 0x7eff2f447550>>()[0m
[1m[31mE        +    where <bound method Popen.wait of <subprocess.Popen object at 0x7eff2f447550>> = <subprocess.Popen object at 0x7eff2f447550>.wait[0m

[1m[31mtests/test_bin.py[0m:41: AssertionError
[31m[1m__________________________ test_bin_hy_stdin_comments __________________________[0m

[1m    def test_bin_hy_stdin_comments():[0m
[1m        _, err_empty = run_cmd("hy", '')[0m
[1m    [0m
[1m>       output, err = run_cmd("hy", '(+ "a" "b") ; "c"')[0m

[1m[31mtests/test_bin.py[0m:85: 
_ _ _ _ _ _ _ _ _ _ _ _ _ _ _ _ _ _ _ _ _ _ _ _ _ _ _ _ _ _ _ _ _ _ _ _ _ _ _ _ 

cmd = ['hy'], stdin_data = '(+ "a" "b") ; "c"', expect = 0
dontwritebytecode = False

[1m    def run_cmd(cmd, stdin_data=None, expect=0, dontwritebytecode=False):[0m
[1m        env = None[0m
[1m        if dontwritebytecode:[0m
[1m            env = dict(os.environ)[0m
[1m            env["PYTHONDONTWRITEBYTECODE"] = "1"[0m
[1m        cmd = shlex.split(cmd)[0m
[1m        cmd[0] = os.path.join(hy_dir, cmd[0])[0m
[1m        p = subprocess.Popen(cmd,[0m
[1m                             stdin=subprocess.PIPE,[0m
[1m                             stdout=subprocess.PIPE,[0m
[1m                             stderr=subprocess.PIPE,[0m
[1m                             universal_newlines=True,[0m
[1m                             shell=False,[0m
[1m                             env=env)[0m
[1m        output = p.communicate(input=stdin_data)[0m
[1m>       assert p.wait() == expect[0m
[1m[31mE       assert 1 == 0[0m
[1m[31mE        +  where 1 = <bound method Popen.wait of <subprocess.Popen object at 0x7eff2fd39080>>()[0m
[1m[31mE        +    where <bound method Popen.wait of <subprocess.Popen object at 0x7eff2fd39080>> = <subprocess.Popen object at 0x7eff2fd39080>.wait[0m

[1m[31mtests/test_bin.py[0m:41: AssertionError
[31m[1m_________________________ test_bin_hy_stdin_assignment _________________________[0m

[1m    def test_bin_hy_stdin_assignment():[0m
[1m        # If the last form is an assignment, don't print the value.[0m
[1m    [0m
[1m        output, _ = run_cmd("hy", '(setv x (+ "A" "Z"))')[0m
[1m        assert "AZ" not in output[0m
[1m    [0m
[1m>       output, _ = run_cmd("hy", '(setv x (+ "A" "Z")) (+ "B" "Y")')[0m

[1m[31mtests/test_bin.py[0m:99: 
_ _ _ _ _ _ _ _ _ _ _ _ _ _ _ _ _ _ _ _ _ _ _ _ _ _ _ _ _ _ _ _ _ _ _ _ _ _ _ _ 

cmd = ['hy'], stdin_data = '(setv x (+ "A" "Z")) (+ "B" "Y")', expect = 0
dontwritebytecode = False

[1m    def run_cmd(cmd, stdin_data=None, expect=0, dontwritebytecode=False):[0m
[1m        env = None[0m
[1m        if dontwritebytecode:[0m
[1m            env = dict(os.environ)[0m
[1m            env["PYTHONDONTWRITEBYTECODE"] = "1"[0m
[1m        cmd = shlex.split(cmd)[0m
[1m        cmd[0] = os.path.join(hy_dir, cmd[0])[0m
[1m        p = subprocess.Popen(cmd,[0m
[1m                             stdin=subprocess.PIPE,[0m
[1m                             stdout=subprocess.PIPE,[0m
[1m                             stderr=subprocess.PIPE,[0m
[1m                             universal_newlines=True,[0m
[1m                             shell=False,[0m
[1m                             env=env)[0m
[1m        output = p.communicate(input=stdin_data)[0m
[1m>       assert p.wait() == expect[0m
[1m[31mE       assert 1 == 0[0m
[1m[31mE        +  where 1 = <bound method Popen.wait of <subprocess.Popen object at 0x7eff2fd3c550>>()[0m
[1m[31mE        +    where <bound method Popen.wait of <subprocess.Popen object at 0x7eff2fd3c550>> = <subprocess.Popen object at 0x7eff2fd3c550>.wait[0m

[1m[31mtests/test_bin.py[0m:41: AssertionError
[31m[1m__________________________ test_bin_hy_stdin_as_arrow __________________________[0m

[1m    def test_bin_hy_stdin_as_arrow():[0m
[1m        # https://github.com/hylang/hy/issues/1255[0m
[1m>       output, _ = run_cmd("hy", "(as-> 0 it (inc it) (inc it))")[0m

[1m[31mtests/test_bin.py[0m:110: 
_ _ _ _ _ _ _ _ _ _ _ _ _ _ _ _ _ _ _ _ _ _ _ _ _ _ _ _ _ _ _ _ _ _ _ _ _ _ _ _ 

cmd = ['hy'], stdin_data = '(as-> 0 it (inc it) (inc it))', expect = 0
dontwritebytecode = False

[1m    def run_cmd(cmd, stdin_data=None, expect=0, dontwritebytecode=False):[0m
[1m        env = None[0m
[1m        if dontwritebytecode:[0m
[1m            env = dict(os.environ)[0m
[1m            env["PYTHONDONTWRITEBYTECODE"] = "1"[0m
[1m        cmd = shlex.split(cmd)[0m
[1m        cmd[0] = os.path.join(hy_dir, cmd[0])[0m
[1m        p = subprocess.Popen(cmd,[0m
[1m                             stdin=subprocess.PIPE,[0m
[1m                             stdout=subprocess.PIPE,[0m
[1m                             stderr=subprocess.PIPE,[0m
[1m                             universal_newlines=True,[0m
[1m                             shell=False,[0m
[1m                             env=env)[0m
[1m        output = p.communicate(input=stdin_data)[0m
[1m>       assert p.wait() == expect[0m
[1m[31mE       assert 1 == 0[0m
[1m[31mE        +  where 1 = <bound method Popen.wait of <subprocess.Popen object at 0x7eff2f8df4e0>>()[0m
[1m[31mE        +    where <bound method Popen.wait of <subprocess.Popen object at 0x7eff2f8df4e0>> = <subprocess.Popen object at 0x7eff2f8df4e0>.wait[0m

[1m[31mtests/test_bin.py[0m:41: AssertionError
[31m[1m_________________ test_bin_hy_stdin_error_underline_alignment __________________[0m

[1m    def test_bin_hy_stdin_error_underline_alignment():[0m
[1m>       _, err = run_cmd("hy", "(defmacro mabcdefghi [x] x)\n(mabcdefghi)")[0m

[1m[31mtests/test_bin.py[0m:115: 
_ _ _ _ _ _ _ _ _ _ _ _ _ _ _ _ _ _ _ _ _ _ _ _ _ _ _ _ _ _ _ _ _ _ _ _ _ _ _ _ 

cmd = ['hy'], stdin_data = '(defmacro mabcdefghi [x] x)\n(mabcdefghi)'
expect = 0, dontwritebytecode = False

[1m    def run_cmd(cmd, stdin_data=None, expect=0, dontwritebytecode=False):[0m
[1m        env = None[0m
[1m        if dontwritebytecode:[0m
[1m            env = dict(os.environ)[0m
[1m            env["PYTHONDONTWRITEBYTECODE"] = "1"[0m
[1m        cmd = shlex.split(cmd)[0m
[1m        cmd[0] = os.path.join(hy_dir, cmd[0])[0m
[1m        p = subprocess.Popen(cmd,[0m
[1m                             stdin=subprocess.PIPE,[0m
[1m                             stdout=subprocess.PIPE,[0m
[1m                             stderr=subprocess.PIPE,[0m
[1m                             universal_newlines=True,[0m
[1m                             shell=False,[0m
[1m                             env=env)[0m
[1m        output = p.communicate(input=stdin_data)[0m
[1m>       assert p.wait() == expect[0m
[1m[31mE       assert 1 == 0[0m
[1m[31mE        +  where 1 = <bound method Popen.wait of <subprocess.Popen object at 0x7eff2f441978>>()[0m
[1m[31mE        +    where <bound method Popen.wait of <subprocess.Popen object at 0x7eff2f441978>> = <subprocess.Popen object at 0x7eff2f441978>.wait[0m

[1m[31mtests/test_bin.py[0m:41: AssertionError
[31m[1m_________________________ test_bin_hy_stdin_except_do __________________________[0m

[1m    def test_bin_hy_stdin_except_do():[0m
[1m        # https://github.com/hylang/hy/issues/533[0m
[1m    [0m
[1m>       output, _ = run_cmd("hy", '(try (/ 1 0) (except [ZeroDivisionError] "hello"))')  # noqa[0m

[1m[31mtests/test_bin.py[0m:122: 
_ _ _ _ _ _ _ _ _ _ _ _ _ _ _ _ _ _ _ _ _ _ _ _ _ _ _ _ _ _ _ _ _ _ _ _ _ _ _ _ 

cmd = ['hy'], stdin_data = '(try (/ 1 0) (except [ZeroDivisionError] "hello"))'
expect = 0, dontwritebytecode = False

[1m    def run_cmd(cmd, stdin_data=None, expect=0, dontwritebytecode=False):[0m
[1m        env = None[0m
[1m        if dontwritebytecode:[0m
[1m            env = dict(os.environ)[0m
[1m            env["PYTHONDONTWRITEBYTECODE"] = "1"[0m
[1m        cmd = shlex.split(cmd)[0m
[1m        cmd[0] = os.path.join(hy_dir, cmd[0])[0m
[1m        p = subprocess.Popen(cmd,[0m
[1m                             stdin=subprocess.PIPE,[0m
[1m                             stdout=subprocess.PIPE,[0m
[1m                             stderr=subprocess.PIPE,[0m
[1m                             universal_newlines=True,[0m
[1m                             shell=False,[0m
[1m                             env=env)[0m
[1m        output = p.communicate(input=stdin_data)[0m
[1m>       assert p.wait() == expect[0m
[1m[31mE       assert 1 == 0[0m
[1m[31mE        +  where 1 = <bound method Popen.wait of <subprocess.Popen object at 0x7eff2f74ce48>>()[0m
[1m[31mE        +    where <bound method Popen.wait of <subprocess.Popen object at 0x7eff2f74ce48>> = <subprocess.Popen object at 0x7eff2f74ce48>.wait[0m

[1m[31mtests/test_bin.py[0m:41: AssertionError
[31m[1m__________________________ test_bin_hy_stdin_bad_repr __________________________[0m

[1m    def test_bin_hy_stdin_bad_repr():[0m
[1m        # https://github.com/hylang/hy/issues/1389[0m
[1m        output, err = run_cmd("hy", """[0m
[1m             (defclass BadRepr [] (defn __repr__ [self] (/ 0)))[0m
[1m             (BadRepr)[0m
[1m>            (+ "A" "Z")""")[0m

[1m[31mtests/test_bin.py[0m:151: 
_ _ _ _ _ _ _ _ _ _ _ _ _ _ _ _ _ _ _ _ _ _ _ _ _ _ _ _ _ _ _ _ _ _ _ _ _ _ _ _ 

cmd = ['hy']
stdin_data = '\n         (defclass BadRepr [] (defn __repr__ [self] (/ 0)))\n         (BadRepr)\n         (+ "A" "Z")'
expect = 0, dontwritebytecode = False

[1m    def run_cmd(cmd, stdin_data=None, expect=0, dontwritebytecode=False):[0m
[1m        env = None[0m
[1m        if dontwritebytecode:[0m
[1m            env = dict(os.environ)[0m
[1m            env["PYTHONDONTWRITEBYTECODE"] = "1"[0m
[1m        cmd = shlex.split(cmd)[0m
[1m        cmd[0] = os.path.join(hy_dir, cmd[0])[0m
[1m        p = subprocess.Popen(cmd,[0m
[1m                             stdin=subprocess.PIPE,[0m
[1m                             stdout=subprocess.PIPE,[0m
[1m                             stderr=subprocess.PIPE,[0m
[1m                             universal_newlines=True,[0m
[1m                             shell=False,[0m
[1m                             env=env)[0m
[1m        output = p.communicate(input=stdin_data)[0m
[1m>       assert p.wait() == expect[0m
[1m[31mE       assert 1 == 0[0m
[1m[31mE        +  where 1 = <bound method Popen.wait of <subprocess.Popen object at 0x7eff2f2aa748>>()[0m
[1m[31mE        +    where <bound method Popen.wait of <subprocess.Popen object at 0x7eff2f2aa748>> = <subprocess.Popen object at 0x7eff2f2aa748>.wait[0m

[1m[31mtests/test_bin.py[0m:41: AssertionError
[31m[1m__________________________ test_bin_hy_stdin_hy_repr ___________________________[0m

[1m    def test_bin_hy_stdin_hy_repr():[0m
[1m>       output, _ = run_cmd("hy", '(+ [1] [2])')[0m

[1m[31mtests/test_bin.py[0m:157: 
_ _ _ _ _ _ _ _ _ _ _ _ _ _ _ _ _ _ _ _ _ _ _ _ _ _ _ _ _ _ _ _ _ _ _ _ _ _ _ _ 

cmd = ['hy'], stdin_data = '(+ [1] [2])', expect = 0, dontwritebytecode = False

[1m    def run_cmd(cmd, stdin_data=None, expect=0, dontwritebytecode=False):[0m
[1m        env = None[0m
[1m        if dontwritebytecode:[0m
[1m            env = dict(os.environ)[0m
[1m            env["PYTHONDONTWRITEBYTECODE"] = "1"[0m
[1m        cmd = shlex.split(cmd)[0m
[1m        cmd[0] = os.path.join(hy_dir, cmd[0])[0m
[1m        p = subprocess.Popen(cmd,[0m
[1m                             stdin=subprocess.PIPE,[0m
[1m                             stdout=subprocess.PIPE,[0m
[1m                             stderr=subprocess.PIPE,[0m
[1m                             universal_newlines=True,[0m
[1m                             shell=False,[0m
[1m                             env=env)[0m
[1m        output = p.communicate(input=stdin_data)[0m
[1m>       assert p.wait() == expect[0m
[1m[31mE       assert 1 == 0[0m
[1m[31mE        +  where 1 = <bound method Popen.wait of <subprocess.Popen object at 0x7eff30057ba8>>()[0m
[1m[31mE        +    where <bound method Popen.wait of <subprocess.Popen object at 0x7eff30057ba8>> = <subprocess.Popen object at 0x7eff30057ba8>.wait[0m

[1m[31mtests/test_bin.py[0m:41: AssertionError
[31m[1m___________________________ test_bin_hy_icmd_and_spy ___________________________[0m

[1m    def test_bin_hy_icmd_and_spy():[0m
[1m>       output, _ = run_cmd("hy -i \"(+ [] [])\" --spy", "(+ 1 1)")[0m

[1m[31mtests/test_bin.py[0m:192: 
_ _ _ _ _ _ _ _ _ _ _ _ _ _ _ _ _ _ _ _ _ _ _ _ _ _ _ _ _ _ _ _ _ _ _ _ _ _ _ _ 

cmd = ['hy', '-i', '(+ [] [])', '--spy'], stdin_data = '(+ 1 1)', expect = 0
dontwritebytecode = False

[1m    def run_cmd(cmd, stdin_data=None, expect=0, dontwritebytecode=False):[0m
[1m        env = None[0m
[1m        if dontwritebytecode:[0m
[1m            env = dict(os.environ)[0m
[1m            env["PYTHONDONTWRITEBYTECODE"] = "1"[0m
[1m        cmd = shlex.split(cmd)[0m
[1m        cmd[0] = os.path.join(hy_dir, cmd[0])[0m
[1m        p = subprocess.Popen(cmd,[0m
[1m                             stdin=subprocess.PIPE,[0m
[1m                             stdout=subprocess.PIPE,[0m
[1m                             stderr=subprocess.PIPE,[0m
[1m                             universal_newlines=True,[0m
[1m                             shell=False,[0m
[1m                             env=env)[0m
[1m        output = p.communicate(input=stdin_data)[0m
[1m>       assert p.wait() == expect[0m
[1m[31mE       assert 1 == 0[0m
[1m[31mE        +  where 1 = <bound method Popen.wait of <subprocess.Popen object at 0x7eff2f3455c0>>()[0m
[1m[31mE        +    where <bound method Popen.wait of <subprocess.Popen object at 0x7eff2f3455c0>> = <subprocess.Popen object at 0x7eff2f3455c0>.wait[0m

[1m[31mtests/test_bin.py[0m:41: AssertionError
[31m[1m========= 10 failed, 539 passed, 1 xfailed, 1 xpassed in 58.36 seconds =========[0m

travis_time:end:207da9a2:start=1522531876184630152,finish=1522531935526756758,duration=59342126606[0K
[31;1mThe command "pytest" exited with 1.[0m
travis_fold:start:cache.2[0Kstore build cache
travis_time:start:0ce9cc97[0K
travis_time:end:0ce9cc97:start=1522531935535330121,finish=1522531935542151221,duration=6821100[0Ktravis_time:start:281c6ed4[0K[32;1mchange detected (content changed, file is created, or file is deleted):
/home/travis/.cache/pip/http/0/c/7/8/c/0c78cc5ddccddcf3238359feeac7e1cddd59216d6ded4659cf5965cd
/home/travis/.cache/pip/http/1/b/6/1/9/1b6191bf7945cf949f4aa2ac69dac9612d5c8a4345dff6ceac200a1e
/home/travis/.cache/pip/http/2/2/8/1/d/2281ddaafdd93fe42769bedb55d3a2b9e1e6dc7ec1c52bbbd71e9bf7
/home/travis/.cache/pip/http/2/e/a/0/1/2ea018c182b20227915df2f77a5d7a5542857698f6e2658d9ab5ae62
/home/travis/.cache/pip/http/4/0/6/e/9/406e9b27a390d51d6f5ba6446b20eddf170d46e00b171bdfa0fbde6b
/home/travis/.cache/pip/http/4/7/9/9/6/479960059f6a2c1bdbd0c32805cce11c8c453c4dcac2ea743c8462ff
/home/travis/.cache/pip/http/6/3/7/d/d/637ddeefd88d7cc4cd623d2cc6880ec9fbe18fc216d5628bd0493043
/home/travis/.cache/pip/http/a/9/5/b/1/a95b1e366422caa07b5ba5fc79636026b57716e26d614e2427980b9a
/home/travis/.cache/pip/http/d/8/b/0/c/d8b0c74e2093e273244a17c12ef588c16b8f073c8cee28673a5622c6
/home/travis/.cache/pip/http/d/b/6/a/d/db6ad6ca150e98ab536373a1b8680bc5b982b2158ccafaf2b3a0b0ff

[0m
[32;1mchanges detected, packing new archive[0m
[32;1muploading archive[0m

travis_time:end:281c6ed4:start=1522531935549979461,finish=1522531939991340245,duration=4441360784[0Ktravis_fold:end:cache.2[0K
Done. Your build exited with 1.
