travis_fold:start:worker_info[0K[33;1mWorker information[0m
hostname: e988b8fb-cb58-4738-a502-aae3ebac186a@1.i-0ccda08-production-2-worker-org-ec2.travisci.net
version: v3.8.0 https://github.com/travis-ci/worker/tree/cccff7c89da7ba0cf47a90e5615266a45b372e30
instance: 6a46121 travisci/ci-garnet:packer-1512502276-986baf0 (via amqp)
startup: 1.959400905s
travis_fold:end:worker_info[0Ktravis_fold:start:system_info[0K[33;1mBuild system information[0m
Build language: python
Build group: stable
Build dist: trusty
Build id: 389597745
Job id: 389597748
Runtime kernel version: 4.14.12-041412-generic
travis-build version: bf4239291
[34m[1mBuild image provisioning date and time[0m
Tue Dec  5 20:11:19 UTC 2017
[34m[1mOperating System Details[0m
Distributor ID:	Ubuntu
Description:	Ubuntu 14.04.5 LTS
Release:	14.04
Codename:	trusty
[34m[1mCookbooks Version[0m
7c2c6a6 https://github.com/travis-ci/travis-cookbooks/tree/7c2c6a6
[34m[1mgit version[0m
git version 2.15.1
[34m[1mbash version[0m
GNU bash, version 4.3.11(1)-release (x86_64-pc-linux-gnu)
[34m[1mgcc version[0m
gcc (Ubuntu 4.8.4-2ubuntu1~14.04.3) 4.8.4
Copyright (C) 2013 Free Software Foundation, Inc.
This is free software; see the source for copying conditions.  There is NO
warranty; not even for MERCHANTABILITY or FITNESS FOR A PARTICULAR PURPOSE.

[34m[1mdocker version[0m
Client:
 Version:      17.09.0-ce
 API version:  1.32
 Go version:   go1.8.3
 Git commit:   afdb6d4
 Built:        Tue Sep 26 22:39:28 2017
 OS/Arch:      linux/amd64
[34m[1mclang version[0m
clang version 5.0.0 (tags/RELEASE_500/final)
Target: x86_64-unknown-linux-gnu
Thread model: posix
InstalledDir: /usr/local/clang-5.0.0/bin
[34m[1mjq version[0m
jq-1.5
[34m[1mbats version[0m
Bats 0.4.0
[34m[1mshellcheck version[0m
0.4.6
[34m[1mshfmt version[0m
v2.0.0
[34m[1mccache version[0m
ccache version 3.1.9

Copyright (C) 2002-2007 Andrew Tridgell
Copyright (C) 2009-2011 Joel Rosdahl

This program is free software; you can redistribute it and/or modify it under
the terms of the GNU General Public License as published by the Free Software
Foundation; either version 3 of the License, or (at your option) any later
version.
[34m[1mcmake version[0m
cmake version 3.9.2

CMake suite maintained and supported by Kitware (kitware.com/cmake).
[34m[1mheroku version[0m
heroku-cli/6.14.39-addc925 (linux-x64) node-v9.2.0
[34m[1mimagemagick version[0m
Version: ImageMagick 6.7.7-10 2017-07-31 Q16 http://www.imagemagick.org
[34m[1mmd5deep version[0m
4.2
[34m[1mmercurial version[0m
Mercurial Distributed SCM (version 4.2.2)
(see https://mercurial-scm.org for more information)

Copyright (C) 2005-2017 Matt Mackall and others
This is free software; see the source for copying conditions. There is NO
warranty; not even for MERCHANTABILITY or FITNESS FOR A PARTICULAR PURPOSE.
[34m[1mmysql version[0m
mysql  Ver 14.14 Distrib 5.6.33, for debian-linux-gnu (x86_64) using  EditLine wrapper
[34m[1mopenssl version[0m
OpenSSL 1.0.1f 6 Jan 2014
[34m[1mpacker version[0m
Packer v1.0.2

Your version of Packer is out of date! The latest version
is 1.1.2. You can update by downloading from www.packer.io
[34m[1mpostgresql client version[0m
psql (PostgreSQL) 9.6.6
[34m[1mragel version[0m
Ragel State Machine Compiler version 6.8 Feb 2013
Copyright (c) 2001-2009 by Adrian Thurston
[34m[1msubversion version[0m
svn, version 1.8.8 (r1568071)
   compiled Aug 10 2017, 17:20:39 on x86_64-pc-linux-gnu

Copyright (C) 2013 The Apache Software Foundation.
This software consists of contributions made by many people;
see the NOTICE file for more information.
Subversion is open source software, see http://subversion.apache.org/

The following repository access (RA) modules are available:

* ra_svn : Module for accessing a repository using the svn network protocol.
  - with Cyrus SASL authentication
  - handles 'svn' scheme
* ra_local : Module for accessing a repository on local disk.
  - handles 'file' scheme
* ra_serf : Module for accessing a repository via WebDAV protocol using serf.
  - using serf 1.3.3
  - handles 'http' scheme
  - handles 'https' scheme

[34m[1msudo version[0m
Sudo version 1.8.9p5
Configure options: --prefix=/usr -v --with-all-insults --with-pam --with-fqdn --with-logging=syslog --with-logfac=authpriv --with-env-editor --with-editor=/usr/bin/editor --with-timeout=15 --with-password-timeout=0 --with-passprompt=[sudo] password for %p:  --without-lecture --with-tty-tickets --disable-root-mailer --enable-admin-flag --with-sendmail=/usr/sbin/sendmail --with-timedir=/var/lib/sudo --mandir=/usr/share/man --libexecdir=/usr/lib/sudo --with-sssd --with-sssd-lib=/usr/lib/x86_64-linux-gnu --with-selinux
Sudoers policy plugin version 1.8.9p5
Sudoers file grammar version 43

Sudoers path: /etc/sudoers
Authentication methods: 'pam'
Syslog facility if syslog is being used for logging: authpriv
Syslog priority to use when user authenticates successfully: notice
Syslog priority to use when user authenticates unsuccessfully: alert
Send mail if the user is not in sudoers
Use a separate timestamp for each user/tty combo
Lecture user the first time they run sudo
Root may run sudo
Allow some information gathering to give useful error messages
Require fully-qualified hostnames in the sudoers file
Visudo will honor the EDITOR environment variable
Set the LOGNAME and USER environment variables
Length at which to wrap log file lines (0 for no wrap): 80
Authentication timestamp timeout: 15.0 minutes
Password prompt timeout: 0.0 minutes
Number of tries to enter a password: 3
Umask to use or 0777 to use user's: 022
Path to mail program: /usr/sbin/sendmail
Flags for mail program: -t
Address to send mail to: root
Subject line for mail messages: *** SECURITY information for %h ***
Incorrect password message: Sorry, try again.
Path to authentication timestamp dir: /var/lib/sudo
Default password prompt: [sudo] password for %p: 
Default user to run commands as: root
Value to override user's $PATH with: /usr/local/sbin:/usr/local/bin:/usr/sbin:/usr/bin:/sbin:/bin:/snap/bin
Path to the editor for use by visudo: /usr/bin/editor
When to require a password for 'list' pseudocommand: any
When to require a password for 'verify' pseudocommand: all
File descriptors >= 3 will be closed before executing a command
Environment variables to check for sanity:
	TZ
	TERM
	LINGUAS
	LC_*
	LANGUAGE
	LANG
	COLORTERM
Environment variables to remove:
	RUBYOPT
	RUBYLIB
	PYTHONUSERBASE
	PYTHONINSPECT
	PYTHONPATH
	PYTHONHOME
	TMPPREFIX
	ZDOTDIR
	READNULLCMD
	NULLCMD
	FPATH
	PERL5DB
	PERL5OPT
	PERL5LIB
	PERLLIB
	PERLIO_DEBUG 
	JAVA_TOOL_OPTIONS
	SHELLOPTS
	GLOBIGNORE
	PS4
	BASH_ENV
	ENV
	TERMCAP
	TERMPATH
	TERMINFO_DIRS
	TERMINFO
	_RLD*
	LD_*
	PATH_LOCALE
	NLSPATH
	HOSTALIASES
	RES_OPTIONS
	LOCALDOMAIN
	CDPATH
	IFS
Environment variables to preserve:
	JAVA_HOME
	TRAVIS
	CI
	DEBIAN_FRONTEND
	XAUTHORIZATION
	XAUTHORITY
	PS2
	PS1
	PATH
	LS_COLORS
	KRB5CCNAME
	HOSTNAME
	HOME
	DISPLAY
	COLORS
Locale to use while parsing sudoers: C
Directory in which to store input/output logs: /var/log/sudo-io
File in which to store the input/output log: %{seq}
Add an entry to the utmp/utmpx file when allocating a pty
PAM service name to use
PAM service name to use for login shells
Create a new PAM session for the command to run in
Maximum I/O log sequence number: 0

Local IP address and netmask pairs:
	172.17.0.2/255.255.0.0

Sudoers I/O plugin version 1.8.9p5
[34m[1mgzip version[0m
gzip 1.6
Copyright (C) 2007, 2010, 2011 Free Software Foundation, Inc.
Copyright (C) 1993 Jean-loup Gailly.
This is free software.  You may redistribute copies of it under the terms of
the GNU General Public License <http://www.gnu.org/licenses/gpl.html>.
There is NO WARRANTY, to the extent permitted by law.

Written by Jean-loup Gailly.
[34m[1mzip version[0m
Copyright (c) 1990-2008 Info-ZIP - Type 'zip "-L"' for software license.
This is Zip 3.0 (July 5th 2008), by Info-ZIP.
Currently maintained by E. Gordon.  Please send bug reports to
the authors using the web page at www.info-zip.org; see README for details.

Latest sources and executables are at ftp://ftp.info-zip.org/pub/infozip,
as of above date; see http://www.info-zip.org/ for other sites.

Compiled with gcc 4.8.2 for Unix (Linux ELF) on Oct 21 2013.

Zip special compilation options:
	USE_EF_UT_TIME       (store Universal Time)
	BZIP2_SUPPORT        (bzip2 library version 1.0.6, 6-Sept-2010)
	    bzip2 code and library copyright (c) Julian R Seward
	    (See the bzip2 license for terms of use)
	SYMLINK_SUPPORT      (symbolic links supported)
	LARGE_FILE_SUPPORT   (can read and write large files on file system)
	ZIP64_SUPPORT        (use Zip64 to store large files in archives)
	UNICODE_SUPPORT      (store and read UTF-8 Unicode paths)
	STORE_UNIX_UIDs_GIDs (store UID/GID sizes/values using new extra field)
	UIDGID_NOT_16BIT     (old Unix 16-bit UID/GID extra field not used)
	[encryption, version 2.91 of 05 Jan 2007] (modified for Zip 3)

Encryption notice:
	The encryption code of this program is not copyrighted and is
	put in the public domain.  It was originally written in Europe
	and, to the best of our knowledge, can be freely distributed
	in both source and object forms from any country, including
	the USA under License Exception TSU of the U.S. Export
	Administration Regulations (section 740.13(e)) of 6 June 2002.

Zip environment options:
             ZIP:  [none]
          ZIPOPT:  [none]
[34m[1mvim version[0m
VIM - Vi IMproved 7.4 (2013 Aug 10, compiled Nov 24 2016 16:43:18)
Included patches: 1-52
Extra patches: 8.0.0056
Modified by pkg-vim-maintainers@lists.alioth.debian.org
Compiled by buildd@
Huge version without GUI.  Features included (+) or not (-):
+acl             +farsi           +mouse_netterm   +syntax
+arabic          +file_in_path    +mouse_sgr       +tag_binary
+autocmd         +find_in_path    -mouse_sysmouse  +tag_old_static
-balloon_eval    +float           +mouse_urxvt     -tag_any_white
-browse          +folding         +mouse_xterm     -tcl
++builtin_terms  -footer          +multi_byte      +terminfo
+byte_offset     +fork()          +multi_lang      +termresponse
+cindent         +gettext         -mzscheme        +textobjects
-clientserver    -hangul_input    +netbeans_intg   +title
-clipboard       +iconv           +path_extra      -toolbar
+cmdline_compl   +insert_expand   -perl            +user_commands
+cmdline_hist    +jumplist        +persistent_undo +vertsplit
+cmdline_info    +keymap          +postscript      +virtualedit
+comments        +langmap         +printer         +visual
+conceal         +libcall         +profile         +visualextra
+cryptv          +linebreak       +python          +viminfo
+cscope          +lispindent      -python3         +vreplace
+cursorbind      +listcmds        +quickfix        +wildignore
+cursorshape     +localmap        +reltime         +wildmenu
+dialog_con      -lua             +rightleft       +windows
+diff            +menu            -ruby            +writebackup
+digraphs        +mksession       +scrollbind      -X11
-dnd             +modify_fname    +signs           -xfontset
-ebcdic          +mouse           +smartindent     -xim
+emacs_tags      -mouseshape      -sniff           -xsmp
+eval            +mouse_dec       +startuptime     -xterm_clipboard
+ex_extra        +mouse_gpm       +statusline      -xterm_save
+extra_search    -mouse_jsbterm   -sun_workshop    -xpm
   system vimrc file: "$VIM/vimrc"
     user vimrc file: "$HOME/.vimrc"
 2nd user vimrc file: "~/.vim/vimrc"
      user exrc file: "$HOME/.exrc"
  fall-back for $VIM: "/usr/share/vim"
Compilation: gcc -c -I. -Iproto -DHAVE_CONFIG_H     -g -O2 -fstack-protector --param=ssp-buffer-size=4 -Wformat -Werror=format-security -U_FORTIFY_SOURCE -D_FORTIFY_SOURCE=1      
Linking: gcc   -Wl,-Bsymbolic-functions -Wl,-z,relro -Wl,--as-needed -o vim        -lm -ltinfo -lnsl  -lselinux  -lacl -lattr -lgpm -ldl    -L/usr/lib/python2.7/config-x86_64-linux-gnu -lpython2.7 -lpthread -ldl -lutil -lm -Xlinker -export-dynamic -Wl,-O1 -Wl,-Bsymbolic-functions      
[34m[1miptables version[0m
iptables v1.4.21
[34m[1mcurl version[0m
curl 7.35.0 (x86_64-pc-linux-gnu) libcurl/7.35.0 OpenSSL/1.0.1f zlib/1.2.8 libidn/1.28 librtmp/2.3
[34m[1mwget version[0m
GNU Wget 1.15 built on linux-gnu.
[34m[1mrsync version[0m
rsync  version 3.1.0  protocol version 31
[34m[1mgimme version[0m
v1.2.0
[34m[1mnvm version[0m
0.33.6
[34m[1mperlbrew version[0m
/home/travis/perl5/perlbrew/bin/perlbrew  - App::perlbrew/0.80
[34m[1mphpenv version[0m
rbenv 1.1.1-25-g6aa70b6
[34m[1mrvm version[0m
rvm 1.29.3 (latest) by Michal Papis, Piotr Kuczynski, Wayne E. Seguin [https://rvm.io]
[34m[1mdefault ruby version[0m
ruby 2.4.1p111 (2017-03-22 revision 58053) [x86_64-linux]
[34m[1mCouchDB version[0m
couchdb 1.6.1
[34m[1mElasticSearch version[0m
5.5.0
[34m[1mInstalled Firefox version[0m
firefox 56.0.2
[34m[1mMongoDB version[0m
MongoDB 3.4.10
[34m[1mPhantomJS version[0m
2.1.1
[34m[1mPre-installed PostgreSQL versions[0m
9.2.24
9.3.20
9.4.15
9.5.10
9.6.6
[34m[1mRabbitMQ Version[0m
3.6.14
[34m[1mRedis version[0m
redis-server 4.0.6
[34m[1mriak version[0m
2.2.3
[34m[1mPre-installed Go versions[0m
1.7.4
[34m[1mant version[0m
Apache Ant(TM) version 1.9.3 compiled on April 8 2014
[34m[1mmvn version[0m
Apache Maven 3.5.2 (138edd61fd100ec658bfa2d307c43b76940a5d7d; 2017-10-18T07:58:13Z)
Maven home: /usr/local/maven-3.5.2
Java version: 1.8.0_151, vendor: Oracle Corporation
Java home: /usr/lib/jvm/java-8-oracle/jre
Default locale: en_US, platform encoding: UTF-8
OS name: "linux", version: "4.4.0-101-generic", arch: "amd64", family: "unix"
[34m[1mgradle version[0m

------------------------------------------------------------
Gradle 4.0.1
------------------------------------------------------------

Build time:   2017-07-07 14:02:41 UTC
Revision:     38e5dc0f772daecca1d2681885d3d85414eb6826

Groovy:       2.4.11
Ant:          Apache Ant(TM) version 1.9.6 compiled on June 29 2015
JVM:          1.8.0_151 (Oracle Corporation 25.151-b12)
OS:           Linux 4.4.0-101-generic amd64

[34m[1mlein version[0m
Leiningen 2.8.1 on Java 1.8.0_151 Java HotSpot(TM) 64-Bit Server VM
[34m[1mPre-installed Node.js versions[0m
v4.8.6
v6.12.0
v6.12.1
v8.9
v8.9.1
[34m[1mphpenv versions[0m
  system
  5.6
* 5.6.32 (set by /home/travis/.phpenv/version)
  7.0
  7.0.25
  7.1
  7.1.11
  hhvm
  hhvm-stable
[34m[1mcomposer --version[0m
Composer version 1.5.2 2017-09-11 16:59:25
[34m[1mPre-installed Ruby versions[0m
ruby-2.2.7
ruby-2.3.4
ruby-2.4.1
travis_fold:end:system_info[0K
[32;1mNetwork availability confirmed.[0m


travis_fold:start:git.checkout[0Ktravis_time:start:070a5512[0K$ git clone --depth=50 https://github.com/python/mypy.git python/mypy
Cloning into 'python/mypy'...
remote: Counting objects: 846, done.[K
remote: Compressing objects:   0% (1/590)   [Kremote: Compressing objects:   1% (6/590)   [Kremote: Compressing objects:   2% (12/590)   [Kremote: Compressing objects:   3% (18/590)   [Kremote: Compressing objects:   4% (24/590)   [Kremote: Compressing objects:   5% (30/590)   [Kremote: Compressing objects:   6% (36/590)   [Kremote: Compressing objects:   7% (42/590)   [Kremote: Compressing objects:   8% (48/590)   [Kremote: Compressing objects:   9% (54/590)   [Kremote: Compressing objects:  10% (59/590)   [Kremote: Compressing objects:  11% (65/590)   [Kremote: Compressing objects:  12% (71/590)   [Kremote: Compressing objects:  13% (77/590)   [Kremote: Compressing objects:  14% (83/590)   [Kremote: Compressing objects:  15% (89/590)   [Kremote: Compressing objects:  16% (95/590)   [Kremote: Compressing objects:  17% (101/590)   [Kremote: Compressing objects:  18% (107/590)   [Kremote: Compressing objects:  19% (113/590)   [Kremote: Compressing objects:  20% (118/590)   [Kremote: Compressing objects:  21% (124/590)   [Kremote: Compressing objects:  22% (130/590)   [Kremote: Compressing objects:  23% (136/590)   [Kremote: Compressing objects:  24% (142/590)   [Kremote: Compressing objects:  25% (148/590)   [Kremote: Compressing objects:  26% (154/590)   [Kremote: Compressing objects:  27% (160/590)   [Kremote: Compressing objects:  28% (166/590)   [Kremote: Compressing objects:  29% (172/590)   [Kremote: Compressing objects:  30% (177/590)   [Kremote: Compressing objects:  31% (183/590)   [Kremote: Compressing objects:  32% (189/590)   [Kremote: Compressing objects:  33% (195/590)   [Kremote: Compressing objects:  34% (201/590)   [Kremote: Compressing objects:  35% (207/590)   [Kremote: Compressing objects:  36% (213/590)   [Kremote: Compressing objects:  37% (219/590)   [Kremote: Compressing objects:  38% (225/590)   [Kremote: Compressing objects:  39% (231/590)   [Kremote: Compressing objects:  40% (236/590)   [Kremote: Compressing objects:  41% (242/590)   [Kremote: Compressing objects:  42% (248/590)   [Kremote: Compressing objects:  43% (254/590)   [Kremote: Compressing objects:  44% (260/590)   [Kremote: Compressing objects:  45% (266/590)   [Kremote: Compressing objects:  46% (272/590)   [Kremote: Compressing objects:  47% (278/590)   [Kremote: Compressing objects:  48% (284/590)   [Kremote: Compressing objects:  49% (290/590)   [Kremote: Compressing objects:  50% (295/590)   [Kremote: Compressing objects:  51% (301/590)   [Kremote: Compressing objects:  52% (307/590)   [Kremote: Compressing objects:  53% (313/590)   [Kremote: Compressing objects:  54% (319/590)   [Kremote: Compressing objects:  55% (325/590)   [Kremote: Compressing objects:  56% (331/590)   [Kremote: Compressing objects:  57% (337/590)   [Kremote: Compressing objects:  58% (343/590)   [Kremote: Compressing objects:  59% (349/590)   [Kremote: Compressing objects:  60% (354/590)   [Kremote: Compressing objects:  61% (360/590)   [Kremote: Compressing objects:  62% (366/590)   [Kremote: Compressing objects:  63% (372/590)   [Kremote: Compressing objects:  64% (378/590)   [Kremote: Compressing objects:  65% (384/590)   [Kremote: Compressing objects:  66% (390/590)   [Kremote: Compressing objects:  67% (396/590)   [Kremote: Compressing objects:  68% (402/590)   [Kremote: Compressing objects:  69% (408/590)   [Kremote: Compressing objects:  70% (413/590)   [Kremote: Compressing objects:  71% (419/590)   [Kremote: Compressing objects:  72% (425/590)   [Kremote: Compressing objects:  73% (431/590)   [Kremote: Compressing objects:  74% (437/590)   [Kremote: Compressing objects:  75% (443/590)   [Kremote: Compressing objects:  76% (449/590)   [Kremote: Compressing objects:  77% (455/590)   [Kremote: Compressing objects:  78% (461/590)   [Kremote: Compressing objects:  79% (467/590)   [Kremote: Compressing objects:  80% (472/590)   [Kremote: Compressing objects:  81% (478/590)   [Kremote: Compressing objects:  82% (484/590)   [Kremote: Compressing objects:  83% (490/590)   [Kremote: Compressing objects:  84% (496/590)   [Kremote: Compressing objects:  85% (502/590)   [Kremote: Compressing objects:  86% (508/590)   [Kremote: Compressing objects:  87% (514/590)   [Kremote: Compressing objects:  88% (520/590)   [Kremote: Compressing objects:  89% (526/590)   [Kremote: Compressing objects:  90% (531/590)   [Kremote: Compressing objects:  91% (537/590)   [Kremote: Compressing objects:  92% (543/590)   [Kremote: Compressing objects:  93% (549/590)   [Kremote: Compressing objects:  94% (555/590)   [Kremote: Compressing objects:  95% (561/590)   [Kremote: Compressing objects:  96% (567/590)   [Kremote: Compressing objects:  97% (573/590)   [Kremote: Compressing objects:  98% (579/590)   [Kremote: Compressing objects:  99% (585/590)   [Kremote: Compressing objects: 100% (590/590)   [Kremote: Compressing objects: 100% (590/590), done.[K
Receiving objects:   0% (1/846)   Receiving objects:   1% (9/846)   Receiving objects:   2% (17/846)   Receiving objects:   3% (26/846)   Receiving objects:   4% (34/846)   Receiving objects:   5% (43/846)   Receiving objects:   6% (51/846)   Receiving objects:   7% (60/846)   Receiving objects:   8% (68/846)   Receiving objects:   9% (77/846)   Receiving objects:  10% (85/846)   Receiving objects:  11% (94/846)   Receiving objects:  12% (102/846)   Receiving objects:  13% (110/846)   Receiving objects:  14% (119/846)   Receiving objects:  15% (127/846)   Receiving objects:  16% (136/846)   Receiving objects:  17% (144/846)   Receiving objects:  18% (153/846)   Receiving objects:  19% (161/846)   Receiving objects:  20% (170/846)   Receiving objects:  21% (178/846)   Receiving objects:  22% (187/846)   Receiving objects:  23% (195/846)   Receiving objects:  24% (204/846)   Receiving objects:  25% (212/846)   Receiving objects:  26% (220/846)   Receiving objects:  27% (229/846)   Receiving objects:  28% (237/846)   Receiving objects:  29% (246/846)   Receiving objects:  30% (254/846)   Receiving objects:  31% (263/846)   Receiving objects:  32% (271/846)   Receiving objects:  33% (280/846)   Receiving objects:  34% (288/846)   Receiving objects:  35% (297/846)   Receiving objects:  36% (305/846)   Receiving objects:  37% (314/846)   Receiving objects:  38% (322/846)   Receiving objects:  39% (330/846)   Receiving objects:  40% (339/846)   Receiving objects:  41% (347/846)   Receiving objects:  42% (356/846)   Receiving objects:  43% (364/846)   Receiving objects:  44% (373/846)   Receiving objects:  45% (381/846)   Receiving objects:  46% (390/846)   Receiving objects:  47% (398/846)   Receiving objects:  48% (407/846)   Receiving objects:  49% (415/846)   Receiving objects:  50% (423/846)   Receiving objects:  51% (432/846)   Receiving objects:  52% (440/846)   Receiving objects:  53% (449/846)   Receiving objects:  54% (457/846)   Receiving objects:  55% (466/846)   Receiving objects:  56% (474/846)   Receiving objects:  57% (483/846)   Receiving objects:  58% (491/846)   Receiving objects:  59% (500/846)   Receiving objects:  60% (508/846)   Receiving objects:  61% (517/846)   Receiving objects:  62% (525/846)   Receiving objects:  63% (533/846)   Receiving objects:  64% (542/846)   Receiving objects:  65% (550/846)   Receiving objects:  66% (559/846)   Receiving objects:  67% (567/846)   Receiving objects:  68% (576/846)   Receiving objects:  69% (584/846)   Receiving objects:  70% (593/846)   Receiving objects:  71% (601/846)   Receiving objects:  72% (610/846)   Receiving objects:  73% (618/846)   Receiving objects:  74% (627/846)   Receiving objects:  75% (635/846)   Receiving objects:  76% (643/846)   Receiving objects:  77% (652/846)   Receiving objects:  78% (660/846)   Receiving objects:  79% (669/846)   Receiving objects:  80% (677/846)   Receiving objects:  81% (686/846)   Receiving objects:  82% (694/846)   Receiving objects:  83% (703/846)   Receiving objects:  84% (711/846)   Receiving objects:  85% (720/846)   Receiving objects:  86% (728/846)   Receiving objects:  87% (737/846)   Receiving objects:  88% (745/846)   Receiving objects:  89% (753/846)   Receiving objects:  90% (762/846)   Receiving objects:  91% (770/846)   Receiving objects:  92% (779/846)   remote: Total 846 (delta 357), reused 417 (delta 240), pack-reused 0[K
Receiving objects:  93% (787/846)   Receiving objects:  94% (796/846)   Receiving objects:  95% (804/846)   Receiving objects:  96% (813/846)   Receiving objects:  97% (821/846)   Receiving objects:  98% (830/846)   Receiving objects:  99% (838/846)   Receiving objects: 100% (846/846)   Receiving objects: 100% (846/846), 1.28 MiB | 9.30 MiB/s, done.
Resolving deltas:   0% (0/357)   Resolving deltas:  13% (49/357)   Resolving deltas:  14% (50/357)   Resolving deltas:  17% (61/357)   Resolving deltas:  18% (65/357)   Resolving deltas:  19% (68/357)   Resolving deltas:  20% (74/357)   Resolving deltas:  21% (76/357)   Resolving deltas:  22% (79/357)   Resolving deltas:  23% (84/357)   Resolving deltas:  24% (86/357)   Resolving deltas:  28% (102/357)   Resolving deltas:  29% (105/357)   Resolving deltas:  30% (110/357)   Resolving deltas:  31% (112/357)   Resolving deltas:  32% (115/357)   Resolving deltas:  33% (118/357)   Resolving deltas:  34% (122/357)   Resolving deltas:  35% (126/357)   Resolving deltas:  36% (132/357)   Resolving deltas:  37% (134/357)   Resolving deltas:  38% (139/357)   Resolving deltas:  39% (140/357)   Resolving deltas:  40% (145/357)   Resolving deltas:  41% (147/357)   Resolving deltas:  42% (150/357)   Resolving deltas:  43% (154/357)   Resolving deltas:  44% (158/357)   Resolving deltas:  45% (161/357)   Resolving deltas:  47% (171/357)   Resolving deltas:  49% (175/357)   Resolving deltas:  50% (179/357)   Resolving deltas:  51% (183/357)   Resolving deltas:  52% (186/357)   Resolving deltas:  53% (190/357)   Resolving deltas:  54% (193/357)   Resolving deltas:  55% (197/357)   Resolving deltas:  61% (221/357)   Resolving deltas:  62% (222/357)   Resolving deltas:  63% (226/357)   Resolving deltas:  64% (232/357)   Resolving deltas:  65% (233/357)   Resolving deltas:  66% (237/357)   Resolving deltas:  67% (242/357)   Resolving deltas:  68% (243/357)   Resolving deltas:  69% (248/357)   Resolving deltas:  70% (251/357)   Resolving deltas:  71% (254/357)   Resolving deltas:  72% (258/357)   Resolving deltas:  73% (261/357)   Resolving deltas:  74% (267/357)   Resolving deltas:  75% (269/357)   Resolving deltas:  76% (272/357)   Resolving deltas:  77% (275/357)   Resolving deltas:  78% (280/357)   Resolving deltas:  80% (286/357)   Resolving deltas:  82% (293/357)   Resolving deltas:  83% (298/357)   Resolving deltas:  84% (300/357)   Resolving deltas:  85% (305/357)   Resolving deltas:  86% (308/357)   Resolving deltas:  87% (311/357)   Resolving deltas:  88% (316/357)   Resolving deltas:  89% (318/357)   Resolving deltas:  97% (347/357)   Resolving deltas:  99% (355/357)   Resolving deltas: 100% (357/357)   Resolving deltas: 100% (357/357), done.

travis_time:end:070a5512:start=1528443162504052504,finish=1528443163401170136,duration=897117632[0K$ cd python/mypy
travis_time:start:26b1ad78[0K$ git fetch origin +refs/pull/5172/merge:
remote: Counting objects: 10, done.[K
remote: Compressing objects:  50% (1/2)   [Kremote: Compressing objects: 100% (2/2)   [Kremote: Compressing objects: 100% (2/2), done.[K
remote: Total 10 (delta 8), reused 9 (delta 8), pack-reused 0[K
Unpacking objects:  10% (1/10)   Unpacking objects:  20% (2/10)   Unpacking objects:  30% (3/10)   Unpacking objects:  40% (4/10)   Unpacking objects:  50% (5/10)   Unpacking objects:  60% (6/10)   Unpacking objects:  70% (7/10)   Unpacking objects:  80% (8/10)   Unpacking objects:  90% (9/10)   Unpacking objects: 100% (10/10)   Unpacking objects: 100% (10/10), done.
From https://github.com/python/mypy
 * branch            refs/pull/5172/merge -> FETCH_HEAD

travis_time:end:26b1ad78:start=1528443163406851929,finish=1528443163722445535,duration=315593606[0K$ git checkout -qf FETCH_HEAD
travis_fold:end:git.checkout[0Ktravis_fold:start:git.submodule[0Ktravis_time:start:0861d7a9[0K$ git submodule update --init --recursive
Submodule 'typeshed' (https://github.com/python/typeshed) registered for path 'typeshed'
Cloning into '/home/travis/build/python/mypy/typeshed'...
Submodule path 'typeshed': checked out '7dd4d0882da704afd6bec77aca99c88377eef742'

travis_time:end:0861d7a9:start=1528443163769081057,finish=1528443164482382058,duration=713301001[0Ktravis_fold:end:git.submodule[0Ktravis_time:start:0095d09a[0K$ source ~/virtualenv/python3.6/bin/activate

travis_time:end:0095d09a:start=1528443164494578584,finish=1528443164503197331,duration=8618747[0Ktravis_fold:start:cache.1[0KSetting up build cache
$ export CASHER_DIR=$HOME/.casher
travis_time:start:0a4ed1d5[0K$ Installing caching utilities

travis_time:end:0a4ed1d5:start=1528443169069898601,finish=1528443169123080333,duration=53181732[0Ktravis_time:start:060bbcf5[0K
travis_time:end:060bbcf5:start=1528443169129952312,finish=1528443169135176610,duration=5224298[0Ktravis_time:start:07352a44[0K[32;1mattempting to download cache archive[0m
[32;1mfetching PR.5172/cache-linux-trusty-e3b0c44298fc1c149afbf4c8996fb92427ae41e4649b934ca495991b7852b855--python-3.6.tgz[0m
[32;1mfetching PR.5172/cache--python-3.6.tgz[0m
[32;1mfetching master/cache-linux-trusty-e3b0c44298fc1c149afbf4c8996fb92427ae41e4649b934ca495991b7852b855--python-3.6.tgz[0m
[32;1mfound cache[0m

travis_time:end:07352a44:start=1528443169140937662,finish=1528443175209115867,duration=6068178205[0Ktravis_fold:end:cache.1[0Ktravis_fold:start:cache.pip[0K
travis_time:start:0590c53d[0K
travis_time:end:0590c53d:start=1528443175216444237,finish=1528443175223471302,duration=7027065[0Ktravis_time:start:021d8f2e[0K[32;1madding /home/travis/.cache/pip to cache[0m

travis_time:end:021d8f2e:start=1528443175231330569,finish=1528443177922325787,duration=2690995218[0Ktravis_fold:end:cache.pip[0K$ python --version
Python 3.6.3
$ pip --version
pip 9.0.1 from /home/travis/virtualenv/python3.6.3/lib/python3.6/site-packages (python 3.6)
travis_fold:start:install.1[0Ktravis_time:start:093cd148[0K$ pip install -U pip setuptools wheel
Collecting pip
  Using cached https://files.pythonhosted.org/packages/0f/74/ecd13431bcc456ed390b44c8a6e917c1820365cbebcb6a8974d1cd045ab4/pip-10.0.1-py2.py3-none-any.whl
Collecting setuptools
  Using cached https://files.pythonhosted.org/packages/7f/e1/820d941153923aac1d49d7fc37e17b6e73bfbd2904959fffbad77900cf92/setuptools-39.2.0-py2.py3-none-any.whl
Collecting wheel
  Using cached https://files.pythonhosted.org/packages/81/30/e935244ca6165187ae8be876b6316ae201b71485538ffac1d718843025a9/wheel-0.31.1-py2.py3-none-any.whl
Installing collected packages: pip, setuptools, wheel
  Found existing installation: pip 9.0.1
    Uninstalling pip-9.0.1:
      Successfully uninstalled pip-9.0.1
  Found existing installation: setuptools 38.2.4
    Uninstalling setuptools-38.2.4:
      Successfully uninstalled setuptools-38.2.4
  Found existing installation: wheel 0.30.0
    Uninstalling wheel-0.30.0:
      Successfully uninstalled wheel-0.30.0
Successfully installed pip-10.0.1 setuptools-39.2.0 wheel-0.31.1

travis_time:end:093cd148:start=1528443178758363893,finish=1528443183719429509,duration=4961065616[0Ktravis_fold:end:install.1[0Ktravis_fold:start:install.2[0Ktravis_time:start:0aaa6611[0K$ pip install -r test-requirements.txt
Ignoring typing: markers 'python_version < "3.5"' don't match your environment
Collecting flake8 (from -r test-requirements.txt (line 1))
  Using cached https://files.pythonhosted.org/packages/b9/dc/14e9d94c770b8c4ef584e906c7583e74864786a58d47de101f2767d50c0b/flake8-3.5.0-py2.py3-none-any.whl
Collecting flake8-bugbear (from -r test-requirements.txt (line 2))
  Using cached https://files.pythonhosted.org/packages/3d/d0/c7d82ee3d27052116b34d4d1068e342f6a6b3599245b25a595d08426e5ee/flake8_bugbear-18.2.0-py35.py36-none-any.whl
Collecting flake8-pyi (from -r test-requirements.txt (line 3))
  Using cached https://files.pythonhosted.org/packages/7f/ab/fb6d80ffb908482b1862647248af5f3bf5f4627a028aba5ad1e373a71d1e/flake8_pyi-18.3.1-py36-none-any.whl
Collecting lxml==4.1.1 (from -r test-requirements.txt (line 4))
  Using cached https://files.pythonhosted.org/packages/81/da/4fabb01d59f3d2b256e75ffee9516ea849e23ddebea8235caad570fe7332/lxml-4.1.1-cp36-cp36m-manylinux1_x86_64.whl
Collecting psutil==5.4.0 (from -r test-requirements.txt (line 5))
Requirement already satisfied: pytest>=3.0 in /home/travis/virtualenv/python3.6.3/lib/python3.6/site-packages (from -r test-requirements.txt (line 6)) (3.3.0)
Collecting pytest-xdist>=1.18 (from -r test-requirements.txt (line 7))
  Using cached https://files.pythonhosted.org/packages/30/77/78da3a2ace46a7bee0059d5772472f95f31bf2ba0ce8dbb8e4d8582c323c/pytest_xdist-1.22.2-py2.py3-none-any.whl
Collecting pytest-cov>=2.4.0 (from -r test-requirements.txt (line 8))
  Using cached https://files.pythonhosted.org/packages/30/7d/7f6a78ae44a1248ee28cc777586c18b28a1df903470e5d34a6e25712b8aa/pytest_cov-2.5.1-py2.py3-none-any.whl
Collecting typed-ast<1.2.0,>=1.1.0 (from -r test-requirements.txt (line 9))
  Using cached https://files.pythonhosted.org/packages/35/69/94dd92985792df90cf3b544d33315e60a95cc1c7ce0518f73b4cc11f106e/typed_ast-1.1.0-cp36-cp36m-manylinux1_x86_64.whl
Requirement already satisfied: py>=1.5.2 in /home/travis/virtualenv/python3.6.3/lib/python3.6/site-packages (from -r test-requirements.txt (line 11)) (1.5.2)
Collecting pyflakes<1.7.0,>=1.5.0 (from flake8->-r test-requirements.txt (line 1))
  Using cached https://files.pythonhosted.org/packages/d7/40/733bcc64da3161ae4122c11e88269f276358ca29335468005cb0ee538665/pyflakes-1.6.0-py2.py3-none-any.whl
Collecting pycodestyle<2.4.0,>=2.0.0 (from flake8->-r test-requirements.txt (line 1))
  Using cached https://files.pythonhosted.org/packages/e4/81/78fe51eb4038d1388b7217dd63770b0f428370207125047312886c923b26/pycodestyle-2.3.1-py2.py3-none-any.whl
Collecting mccabe<0.7.0,>=0.6.0 (from flake8->-r test-requirements.txt (line 1))
  Using cached https://files.pythonhosted.org/packages/87/89/479dc97e18549e21354893e4ee4ef36db1d237534982482c3681ee6e7b57/mccabe-0.6.1-py2.py3-none-any.whl
Requirement already satisfied: attrs in /home/travis/virtualenv/python3.6.3/lib/python3.6/site-packages (from flake8-bugbear->-r test-requirements.txt (line 2)) (17.3.0)
Requirement already satisfied: setuptools in /home/travis/virtualenv/python3.6.3/lib/python3.6/site-packages (from pytest>=3.0->-r test-requirements.txt (line 6)) (39.2.0)
Requirement already satisfied: six>=1.10.0 in /home/travis/virtualenv/python3.6.3/lib/python3.6/site-packages (from pytest>=3.0->-r test-requirements.txt (line 6)) (1.11.0)
Requirement already satisfied: pluggy<0.7,>=0.5 in /home/travis/virtualenv/python3.6.3/lib/python3.6/site-packages (from pytest>=3.0->-r test-requirements.txt (line 6)) (0.6.0)
Collecting execnet>=1.1 (from pytest-xdist>=1.18->-r test-requirements.txt (line 7))
  Using cached https://files.pythonhosted.org/packages/f9/76/3343e69a2a1602052f587898934e5fea395d22310d39c07955596597227c/execnet-1.5.0-py2.py3-none-any.whl
Collecting pytest-forked (from pytest-xdist>=1.18->-r test-requirements.txt (line 7))
  Using cached https://files.pythonhosted.org/packages/dd/9d/fb75af584b850a902c9ce5ec96ea5c623978113b8a240ab414e1a435df93/pytest_forked-0.2-py2.py3-none-any.whl
Collecting coverage>=3.7.1 (from pytest-cov>=2.4.0->-r test-requirements.txt (line 8))
  Using cached https://files.pythonhosted.org/packages/3d/a0/b12090c40e0b8196b973962ec71c1c541a6c04af58ba5ad85683b3de251a/coverage-4.5.1-cp36-cp36m-manylinux1_x86_64.whl
Collecting apipkg>=1.4 (from execnet>=1.1->pytest-xdist>=1.18->-r test-requirements.txt (line 7))
  Using cached https://files.pythonhosted.org/packages/94/72/fd4f2e46ce7b0d388191c819ef691c8195fab09602bbf1a2f92aa5351444/apipkg-1.4-py2.py3-none-any.whl
Installing collected packages: pyflakes, pycodestyle, mccabe, flake8, flake8-bugbear, flake8-pyi, lxml, psutil, apipkg, execnet, pytest-forked, pytest-xdist, coverage, pytest-cov, typed-ast
Successfully installed apipkg-1.4 coverage-4.5.1 execnet-1.5.0 flake8-3.5.0 flake8-bugbear-18.2.0 flake8-pyi-18.3.1 lxml-4.1.1 mccabe-0.6.1 psutil-5.4.0 pycodestyle-2.3.1 pyflakes-1.6.0 pytest-cov-2.5.1 pytest-forked-0.2 pytest-xdist-1.22.2 typed-ast-1.1.0

travis_time:end:0aaa6611:start=1528443183731058020,finish=1528443190010027771,duration=6278969751[0Ktravis_fold:end:install.2[0Ktravis_fold:start:install.3[0Ktravis_time:start:21bca5a3[0K$ python2 -m pip install --user typing
Collecting typing
/usr/local/lib/python2.7/dist-packages/pip/_vendor/requests/packages/urllib3/util/ssl_.py:318: SNIMissingWarning: An HTTPS request has been made, but the SNI (Subject Name Indication) extension to TLS is not available on this platform. This may cause the server to present an incorrect TLS certificate, which can cause validation failures. You can upgrade to a newer version of Python to solve this. For more information, see https://urllib3.readthedocs.io/en/latest/security.html#snimissingwarning.
  SNIMissingWarning
/usr/local/lib/python2.7/dist-packages/pip/_vendor/requests/packages/urllib3/util/ssl_.py:122: InsecurePlatformWarning: A true SSLContext object is not available. This prevents urllib3 from configuring SSL appropriately and may cause certain SSL connections to fail. You can upgrade to a newer version of Python to solve this. For more information, see https://urllib3.readthedocs.io/en/latest/security.html#insecureplatformwarning.
  InsecurePlatformWarning
  Using cached https://files.pythonhosted.org/packages/0d/4d/4e5985d075d241d686a1663fa1f88b61d544658d08c1375c7c6aac32afc3/typing-3.6.4-py2-none-any.whl
Installing collected packages: typing
Successfully installed typing-3.6.4

travis_time:end:21bca5a3:start=1528443190017395501,finish=1528443191453554666,duration=1436159165[0Ktravis_fold:end:install.3[0Ktravis_fold:start:install.4[0Ktravis_time:start:01d5b9aa[0K$ pip install .
Processing /home/travis/build/python/mypy
Requirement already satisfied: typed-ast<1.2.0,>=1.1.0 in /home/travis/virtualenv/python3.6.3/lib/python3.6/site-packages (from mypy==0.610+dev.0909f0c37297894f23833cfa8c3b301b5cdf4c95) (1.1.0)
Building wheels for collected packages: mypy
  Running setup.py bdist_wheel for mypy ... [?25l- \ | / - \ | done
[?25h  Stored in directory: /tmp/pip-ephem-wheel-cache-t1oz8cjd/wheels/24/a1/c0/0e7c170384e65a2acd4728e947dc767bd74bd846095f40b5d1
Successfully built mypy
Installing collected packages: mypy
Successfully installed mypy-0.610+dev.0909f0c37297894f23833cfa8c3b301b5cdf4c95

travis_time:end:01d5b9aa:start=1528443191460772157,finish=1528443197040696953,duration=5579924796[0Ktravis_fold:end:install.4[0Ktravis_time:start:075bb264[0K$ python runtests.py -j12 -x lint -x self-check
PARALLEL 12
SUMMARY  19 tasks selected
passed 0, failed 0, pending 18; running 1                                       [1m============================= test session starts ==============================[0m
platform linux -- Python 3.6.3, pytest-3.3.0, py-1.5.2, pluggy-0.6.0
rootdir: /home/travis/build/python/mypy, inifile: pytest.ini
plugins: xdist-1.22.2, forked-0.2, cov-2.5.1
[1mgw0 I / gw1 I / gw2 I / gw3 I / gw4 I / gw5 I / gw6 I / gw7 I / gw8 I / gw9 I / gw10 I / gw11 I[0m[1mgw0 C / gw1 I / gw2 I / gw3 I / gw4 I / gw5 I / gw6 I / gw7 I / gw8 I / gw9 I / gw10 I / gw11 I[0m[1mgw0 C / gw1 C / gw2 I / gw3 I / gw4 I / gw5 I / gw6 I / gw7 I / gw8 I / gw9 I / gw10 I / gw11 I[0m[1mgw0 C / gw1 C / gw2 C / gw3 I / gw4 I / gw5 I / gw6 I / gw7 I / gw8 I / gw9 I / gw10 I / gw11 I[0m[1mgw0 C / gw1 C / gw2 C / gw3 C / gw4 I / gw5 I / gw6 I / gw7 I / gw8 I / gw9 I / gw10 I / gw11 I[0m[1mgw0 C / gw1 C / gw2 C / gw3 C / gw4 C / gw5 I / gw6 I / gw7 I / gw8 I / gw9 I / gw10 I / gw11 I[0m[1mgw0 C / gw1 C / gw2 C / gw3 C / gw4 C / gw5 C / gw6 I / gw7 I / gw8 I / gw9 I / gw10 I / gw11 I[0m[1mgw0 C / gw1 C / gw2 C / gw3 C / gw4 C / gw5 C / gw6 C / gw7 I / gw8 I / gw9 I / gw10 I / gw11 I[0m[1mgw0 C / gw1 C / gw2 C / gw3 C / gw4 C / gw5 C / gw6 C / gw7 C / gw8 I / gw9 I / gw10 I / gw11 I[0m[1mgw0 C / gw1 C / gw2 C / gw3 C / gw4 C / gw5 C / gw6 C / gw7 C / gw8 C / gw9 I / gw10 I / gw11 I[0m[1mgw0 C / gw1 C / gw2 C / gw3 C / gw4 C / gw5 C / gw6 C / gw7 C / gw8 C / gw9 C / gw10 I / gw11 I[0m[1mgw0 C / gw1 C / gw2 C / gw3 C / gw4 C / gw5 C / gw6 C / gw7 C / gw8 C / gw9 C / gw10 C / gw11 I[0m[1mgw0 C / gw1 C / gw2 C / gw3 C / gw4 C / gw5 C / gw6 C / gw7 C / gw8 C / gw9 C / gw10 C / gw11 C[0m[1mgw0 ok / gw1 C / gw2 C / gw3 C / gw4 C / gw5 C / gw6 C / gw7 C / gw8 C / gw9 C / gw10 C / gw11 C[0m[1mgw0 ok / gw1 ok / gw2 C / gw3 C / gw4 C / gw5 C / gw6 C / gw7 C / gw8 C / gw9 C / gw10 C / gw11 C[0m[1mgw0 ok / gw1 ok / gw2 ok / gw3 C / gw4 C / gw5 C / gw6 C / gw7 C / gw8 C / gw9 C / gw10 C / gw11 C[0m[1mgw0 ok / gw1 ok / gw2 ok / gw3 ok / gw4 C / gw5 C / gw6 C / gw7 C / gw8 C / gw9 C / gw10 C / gw11 C[0m[1mgw0 ok / gw1 ok / gw2 ok / gw3 ok / gw4 ok / gw5 C / gw6 C / gw7 C / gw8 C / gw9 C / gw10 C / gw11 C[0m[1mgw0 ok / gw1 ok / gw2 ok / gw3 ok / gw4 ok / gw5 ok / gw6 C / gw7 C / gw8 C / gw9 C / gw10 C / gw11 C[0m[1mgw0 ok / gw1 ok / gw2 ok / gw3 ok / gw4 ok / gw5 ok / gw6 ok / gw7 C / gw8 C / gw9 C / gw10 C / gw11 C[0m[1mgw0 ok / gw1 ok / gw2 ok / gw3 ok / gw4 ok / gw5 ok / gw6 ok / gw7 ok / gw8 C / gw9 C / gw10 C / gw11 C[0m[1mgw0 ok / gw1 ok / gw2 ok / gw3 ok / gw4 ok / gw5 ok / gw6 ok / gw7 ok / gw8 ok / gw9 C / gw10 C / gw11 C[0m[1mgw0 ok / gw1 ok / gw2 ok / gw3 ok / gw4 ok / gw5 ok / gw6 ok / gw7 ok / gw8 ok / gw9 ok / gw10 C / gw11 C[0m[1mgw0 ok / gw1 ok / gw2 ok / gw3 ok / gw4 ok / gw5 ok / gw6 ok / gw7 ok / gw8 ok / gw9 ok / gw10 ok / gw11 C[0m[1mgw0 ok / gw1 ok / gw2 ok / gw3 ok / gw4 ok / gw5 ok / gw6 ok / gw7 ok / gw8 ok / gw9 ok / gw10 ok / gw11 ok[0m[1mgw0 ok / gw1 ok / gw2 ok / gw3 ok / gw4 ok / gw5 [6464] / gw6 ok / gw7 ok / gw8 ok / gw9 ok / gw10 ok / gw11 ok[0m[1mgw0 ok / gw1 ok / gw2 ok / gw3 ok / gw4 ok / gw5 [6464] / gw6 ok / gw7 ok / gw8 ok / gw9 ok / gw10 [6464] / gw11 ok[0m[1mgw0 ok / gw1 ok / gw2 ok / gw3 ok / gw4 ok / gw5 [6464] / gw6 [6464] / gw7 ok / gw8 ok / gw9 ok / gw10 [6464] / gw11 ok[0m[1mgw0 ok / gw1 ok / gw2 ok / gw3 ok / gw4 ok / gw5 [6464] / gw6 [6464] / gw7 ok / gw8 ok / gw9 ok / gw10 [6464] / gw11 [6464][0m[1mgw0 ok / gw1 ok / gw2 ok / gw3 ok / gw4 [6464] / gw5 [6464] / gw6 [6464] / gw7 ok / gw8 ok / gw9 ok / gw10 [6464] / gw11 [6464][0m[1mgw0 ok / gw1 ok / gw2 ok / gw3 ok / gw4 [6464] / gw5 [6464] / gw6 [6464] / gw7 [6464] / gw8 ok / gw9 ok / gw10 [6464] / gw11 [6464][0m[1mgw0 [6464] / gw1 ok / gw2 ok / gw3 ok / gw4 [6464] / gw5 [6464] / gw6 [6464] / gw7 [6464] / gw8 ok / gw9 ok / gw10 [6464] / gw11 [6464][0m[1mgw0 [6464] / gw1 ok / gw2 [6464] / gw3 ok / gw4 [6464] / gw5 [6464] / gw6 [6464] / gw7 [6464] / gw8 ok / gw9 ok / gw10 [6464] / gw11 [6464][0m[1mgw0 [6464] / gw1 ok / gw2 [6464] / gw3 [6464] / gw4 [6464] / gw5 [6464] / gw6 [6464] / gw7 [6464] / gw8 ok / gw9 ok / gw10 [6464] / gw11 [6464][0m[1mgw0 [6464] / gw1 [6464] / gw2 [6464] / gw3 [6464] / gw4 [6464] / gw5 [6464] / gw6 [6464] / gw7 [6464] / gw8 ok / gw9 ok / gw10 [6464] / gw11 [6464][0m[1mgw0 [6464] / gw1 [6464] / gw2 [6464] / gw3 [6464] / gw4 [6464] / gw5 [6464] / gw6 [6464] / gw7 [6464] / gw8 ok / gw9 [6464] / gw10 [6464] / gw11 [6464][0m[1mgw0 [6464] / gw1 [6464] / gw2 [6464] / gw3 [6464] / gw4 [6464] / gw5 [6464] / gw6 [6464] / gw7 [6464] / gw8 [6464] / gw9 [6464] / gw10 [6464] / gw11 [6464][0m
scheduling tests via LoadScheduling
........................s...............................................[36m [  1%]
[0m........................................................................[36m [  2%]
[0m........................................................................[36m [  3%]
[0m........................................................................[36m [  4%]
[0m........................................................................[36m [  5%]
[0m........................................................................[36m [  6%]
[0m........................................................................[36m [  7%]
[0m.............................................s..........................[36m [  8%]
[0m........................................................................[36m [ 10%]
[0m........................................................................[36m [ 11%]
[0m.................................s......................................[36m [ 12%]
[0m.........................s..............................................[36m [ 13%]
[0m........................................s...............................[36m [ 14%]
[0m.............................................................s..........[36m [ 15%]
[0m......................s.................................................[36m [ 16%]
[0m........................................................................[36m [ 17%]
[0m..s.....................................................................[36m [ 18%]
[0m......................................s.................................[36m [ 20%]
[0m............................................s...........................[36m [ 21%]
[0m................................................................s.......[36m [ 22%]
[0m........................................................................[36m [ 23%]
[0m....................s..................s...............s................[36m [ 24%]
[0m.....s..................................................................[36m [ 25%]
[0m........................................................................[36m [ 26%]
[0m........................................................................[36m [ 27%]
[0m........................................................................[36m [ 28%]
[0m........................................................................[36m [ 30%]
[0m........................................................................[36m [ 31%]
[0m........................................................................[36m [ 32%]
[0m........................................................................[36m [ 33%]
[0m........................................................................[36m [ 34%]
[0m........................................................................[36m [ 35%]
[0m........................................................................[36m [ 36%]
[0m........................................................................[36m [ 37%]
[0m........................................................................[36m [ 38%]
[0m........................................................................[36m [ 40%]
[0m........................................................................[36m [ 41%]
[0m.............s..........................................................[36m [ 42%]
[0ms.s.....................................................................[36m [ 43%]
[0m........................................................................[36m [ 44%]
[0m........................................................................[36m [ 45%]
[0m..............s....s....................................................[36m [ 46%]
[0m............................F....................s.................F....[36m [ 47%]
[0m..........................F..s......s......................F............[36m [ 49%]
[0m........................................................................[36m [ 50%]
[0m....................................................................s...[36m [ 51%]
[0m........................................................................[36m [ 52%]
[0m................................................s..s....................[36m [ 53%]
[0m........................................................................[36m [ 54%]
[0m............s...........................................................[36m [ 55%]
[0m.........................s..............................................[36m [ 56%]
[0m........................................................................[36m [ 57%]
[0m.......................s............................s..ss......s........[36m [ 59%]
[0m...................................s.....ss.sss.s..s..ss.......s........[36m [ 60%]
[0m.......s.......................................................ssss..s..[36m [ 61%]
[0m....Fs.s...s..s.sss........................................sss....sss..s[36m [ 62%]
[0m..s.s......................................................s..s.s.......[36m [ 63%]
[0m..............................s..s..........s.s.........................[36m [ 64%]
[0m..........s.............s.........ss....sss.....F......s...s............[36m [ 65%]
[0m..........F......s.s.s.s....................s...s..ss..........s.......s[36m [ 66%]
[0m......s......s.s...ss..s.s.s.......ss..s..................s.............[36m [ 67%]
[0m.....s..s....................s..................s.s.......s.............[36m [ 69%]
[0m.s.......................s.ssss.sss..ss.s.s..................s..........[36m [ 70%]
[0m........................s.....s....s................s...s...............[36m [ 71%]
[0m..........s.s..................................s.....s...s.sss..........[36m [ 72%]
[0m..s.......s.................F...........................................[36m [ 73%]
[0m........................................................................[36m [ 74%]
[0m........................................................................[36m [ 75%]
[0m...............................................................s........[36m [ 76%]
[0m...................................sss..............................ss..[36m [ 77%]
[0ms........................s..s...........................................[36m [ 79%]
[0m........................................................................[36m [ 80%]
[0m...........................................s.........................s..[36m [ 81%]
[0m........................................................................[36m [ 82%]
[0m........................................................................[36m [ 83%]
[0m..................................s.....................................[36m [ 84%]
[0m.......................................................................s[36m [ 85%]
[0m........................................................................[36m [ 86%]
[0m........................................................................[36m [ 87%]
[0m........................................................................[36m [ 89%]
[0m........................................................................[36m [ 90%]
[0m........................................................................[36m [ 91%]
[0m......s............................s....................s...ss..........[36m [ 92%]
[0m.............................s........................................ss[36m [ 93%]
[0ms........................................s..............................[36m [ 94%]
[0m........................................................................[36m [ 95%]
[0m........................................................................[36m [ 96%]
[0m........................................................................[36m [ 98%]
[0m........................................................................[36m [ 99%]
[0m........................................................[36m                 [100%][0m
=================================== FAILURES ===================================
[31m[1m__________________________ testIgnoreWorksAfterUpdate __________________________[0m
[gw1] linux -- Python 3.6.3 /home/travis/virtualenv/python3.6.3/bin/python
data: /home/travis/build/python/mypy/test-data/unit/fine-grained.test:437:
/home/travis/build/python/mypy/mypy/test/testfinegrained.py:150: in run_case
    testcase.file, testcase.line))
/home/travis/build/python/mypy/mypy/test/helpers.py:98: in assert_string_arrays_equal
    raise AssertionError(msg)
E   AssertionError: Invalid output (/home/travis/build/python/mypy/test-data/unit/fine-grained.test, line 437)
----------------------------- Captured stderr call -----------------------------
Expected:
  ...
  ==
  ==
  a.py:1: error: Cannot find module named 'b'
  a.py:1: note: (Perhaps setting MYPYPATH or using the "--ignore-missing-impo...
Actual:
  ...
  ==
  ==
  a.py:1: error: Cannot find module named 'b'
  a.py:1: note: (Perhaps setting MYPYPATH or using the "--ignore-missing-impo...
  a.py:2: error: Unsupported operand types for + ("int" and "str") (diff)

[31m[1m_________________________ testRemovedModuleUnderIgnore _________________________[0m
[gw1] linux -- Python 3.6.3 /home/travis/virtualenv/python3.6.3/bin/python
data: /home/travis/build/python/mypy/test-data/unit/fine-grained.test:511:
/home/travis/build/python/mypy/mypy/test/testfinegrained.py:150: in run_case
    testcase.file, testcase.line))
/home/travis/build/python/mypy/mypy/test/helpers.py:98: in assert_string_arrays_equal
    raise AssertionError(msg)
E   AssertionError: Invalid output (/home/travis/build/python/mypy/test-data/unit/fine-grained.test, line 511)
----------------------------- Captured stderr call -----------------------------
Expected:
  a.py:3: error: Incompatible types in assignment (expression has type "str",...
  ==
  ==                                            (diff)
Actual:
  a.py:3: error: Incompatible types in assignment (expression has type "str",...
  ==
  a.py:2: error: Cannot find module named 'b'   (diff)
  a.py:2: note: (Perhaps setting MYPYPATH or using the "--ignore-missing-imports" flag would help) (diff)
  ==                                            (diff)
  a.py:2: error: Cannot find module named 'b'   (diff)
  a.py:2: note: (Perhaps setting MYPYPATH or using the "--ignore-missing-imports" flag would help) (diff)

[31m[1m_____________________________ testIgnoreInBetween ______________________________[0m
[gw1] linux -- Python 3.6.3 /home/travis/virtualenv/python3.6.3/bin/python
data: /home/travis/build/python/mypy/test-data/unit/fine-grained.test:545:
/home/travis/build/python/mypy/mypy/test/testfinegrained.py:150: in run_case
    testcase.file, testcase.line))
/home/travis/build/python/mypy/mypy/test/helpers.py:98: in assert_string_arrays_equal
    raise AssertionError(msg)
E   AssertionError: Invalid output (/home/travis/build/python/mypy/test-data/unit/fine-grained.test, line 545)
----------------------------- Captured stderr call -----------------------------
Expected:
  ==
  ==
  ==                                            (diff)
  a.py:2: error: Incompatible types in assignment (expression has type "str", variable has type "int") (diff)
Actual:
  ==
  ==
  b.py:2: error: "object" has no attribute "C"  (diff)
  ==                                            (diff)
  a.py:2: error: Incompatible types in assignment (expression has type "str", variable has type "int") (diff)

[31m[1m_______________ testErrorInTypeCheckSecondPassThroughPropagation _______________[0m
[gw2] linux -- Python 3.6.3 /home/travis/virtualenv/python3.6.3/bin/python
data: /home/travis/build/python/mypy/test-data/unit/fine-grained.test:2184:
SystemExit: 1
----------------------------- Captured stdout call -----------------------------
tmp/main:4: error: Need type annotation for 'x'
Traceback (most recent call last):
  File "<string>", line 1, in <module>
  File "<string>", line 8, in <module>
  File "/home/travis/virtualenv/python3.6.3/lib/python3.6/site-packages/execnet/gateway_base.py", line 1534, in serve
    SlaveGateway(io=io, id=id, _startcount=2).serve()
  File "/home/travis/virtualenv/python3.6.3/lib/python3.6/site-packages/execnet/gateway_base.py", line 1047, in serve
    self._execpool.integrate_as_primary_thread()
  File "/home/travis/virtualenv/python3.6.3/lib/python3.6/site-packages/execnet/gateway_base.py", line 259, in integrate_as_primary_thread
    self._perform_spawn(reply)
  File "/home/travis/virtualenv/python3.6.3/lib/python3.6/site-packages/execnet/gateway_base.py", line 277, in _perform_spawn
    reply.run()
  File "/home/travis/virtualenv/python3.6.3/lib/python3.6/site-packages/execnet/gateway_base.py", line 213, in run
    self._result = func(*args, **kwargs)
  File "/home/travis/virtualenv/python3.6.3/lib/python3.6/site-packages/execnet/gateway_base.py", line 1072, in executetask
    do_exec(co, loc)  # noqa
  File "<string>", line 1, in do_exec
  File "<remote exec>", line 205, in <module>
  File "/home/travis/virtualenv/python3.6.3/lib/python3.6/site-packages/pluggy/__init__.py", line 617, in __call__
    return self._hookexec(self, self._nonwrappers + self._wrappers, kwargs)
  File "/home/travis/virtualenv/python3.6.3/lib/python3.6/site-packages/pluggy/__init__.py", line 222, in _hookexec
    return self._inner_hookexec(hook, methods, kwargs)
  File "/home/travis/virtualenv/python3.6.3/lib/python3.6/site-packages/pluggy/__init__.py", line 216, in <lambda>
    firstresult=hook.spec_opts.get('firstresult'),
  File "/home/travis/virtualenv/python3.6.3/lib/python3.6/site-packages/pluggy/callers.py", line 180, in _multicall
    res = hook_impl.function(*args)
  File "/home/travis/virtualenv/python3.6.3/lib/python3.6/site-packages/_pytest/main.py", line 134, in pytest_cmdline_main
    return wrap_session(config, _main)
  File "/home/travis/virtualenv/python3.6.3/lib/python3.6/site-packages/_pytest/main.py", line 103, in wrap_session
    session.exitstatus = doit(config, session) or 0
  File "/home/travis/virtualenv/python3.6.3/lib/python3.6/site-packages/_pytest/main.py", line 141, in _main
    config.hook.pytest_runtestloop(session=session)
  File "/home/travis/virtualenv/python3.6.3/lib/python3.6/site-packages/pluggy/__init__.py", line 617, in __call__
    return self._hookexec(self, self._nonwrappers + self._wrappers, kwargs)
  File "/home/travis/virtualenv/python3.6.3/lib/python3.6/site-packages/pluggy/__init__.py", line 222, in _hookexec
    return self._inner_hookexec(hook, methods, kwargs)
  File "/home/travis/virtualenv/python3.6.3/lib/python3.6/site-packages/pluggy/__init__.py", line 216, in <lambda>
    firstresult=hook.spec_opts.get('firstresult'),
  File "/home/travis/virtualenv/python3.6.3/lib/python3.6/site-packages/pluggy/callers.py", line 180, in _multicall
    res = hook_impl.function(*args)
  File "<remote exec>", line 65, in pytest_runtestloop
  File "<remote exec>", line 84, in run_one_test
  File "/home/travis/virtualenv/python3.6.3/lib/python3.6/site-packages/pluggy/__init__.py", line 617, in __call__
    return self._hookexec(self, self._nonwrappers + self._wrappers, kwargs)
  File "/home/travis/virtualenv/python3.6.3/lib/python3.6/site-packages/pluggy/__init__.py", line 222, in _hookexec
    return self._inner_hookexec(hook, methods, kwargs)
  File "/home/travis/virtualenv/python3.6.3/lib/python3.6/site-packages/pluggy/__init__.py", line 216, in <lambda>
    firstresult=hook.spec_opts.get('firstresult'),
  File "/home/travis/virtualenv/python3.6.3/lib/python3.6/site-packages/pluggy/callers.py", line 180, in _multicall
    res = hook_impl.function(*args)
  File "/home/travis/virtualenv/python3.6.3/lib/python3.6/site-packages/_pytest/runner.py", line 63, in pytest_runtest_protocol
    runtestprotocol(item, nextitem=nextitem)
  File "/home/travis/virtualenv/python3.6.3/lib/python3.6/site-packages/_pytest/runner.py", line 77, in runtestprotocol
    reports.append(call_and_report(item, "call", log))
  File "/home/travis/virtualenv/python3.6.3/lib/python3.6/site-packages/_pytest/runner.py", line 157, in call_and_report
    call = call_runtest_hook(item, when, **kwds)
  File "/home/travis/virtualenv/python3.6.3/lib/python3.6/site-packages/_pytest/runner.py", line 177, in call_runtest_hook
    return CallInfo(lambda: ihook(item=item, **kwds), when=when)
  File "/home/travis/virtualenv/python3.6.3/lib/python3.6/site-packages/_pytest/runner.py", line 191, in __init__
    self.result = func()
  File "/home/travis/virtualenv/python3.6.3/lib/python3.6/site-packages/_pytest/runner.py", line 177, in <lambda>
    return CallInfo(lambda: ihook(item=item, **kwds), when=when)
  File "/home/travis/virtualenv/python3.6.3/lib/python3.6/site-packages/pluggy/__init__.py", line 617, in __call__
    return self._hookexec(self, self._nonwrappers + self._wrappers, kwargs)
  File "/home/travis/virtualenv/python3.6.3/lib/python3.6/site-packages/pluggy/__init__.py", line 222, in _hookexec
    return self._inner_hookexec(hook, methods, kwargs)
  File "/home/travis/virtualenv/python3.6.3/lib/python3.6/site-packages/pluggy/__init__.py", line 216, in <lambda>
    firstresult=hook.spec_opts.get('firstresult'),
  File "/home/travis/virtualenv/python3.6.3/lib/python3.6/site-packages/pluggy/callers.py", line 180, in _multicall
    res = hook_impl.function(*args)
  File "/home/travis/virtualenv/python3.6.3/lib/python3.6/site-packages/_pytest/runner.py", line 107, in pytest_runtest_call
    item.runtest()
  File "/home/travis/build/python/mypy/mypy/test/data.py", line 252, in runtest
    suite.run_case(self)
  File "/home/travis/build/python/mypy/mypy/test/testfinegrained.py", line 118, in run_case
    new_messages = self.run_check(server, sources)
  File "/home/travis/build/python/mypy/mypy/test/testfinegrained.py", line 183, in run_check
    response = server.check(sources)
  File "/home/travis/build/python/mypy/mypy/dmypy_server.py", line 268, in check
    res = self.fine_grained_increment(sources)
  File "/home/travis/build/python/mypy/mypy/dmypy_server.py", line 335, in fine_grained_increment
    messages = self.fine_grained_manager.update(changed, removed)
  File "/home/travis/build/python/mypy/mypy/server/update.py", line 255, in update
    self.previous_targets_with_errors)
  File "/home/travis/build/python/mypy/mypy/server/update.py", line 760, in propagate_changes_using_dependencies
    triggered |= reprocess_nodes(manager, graph, id, nodes, deps)
  File "/home/travis/build/python/mypy/mypy/server/update.py", line 911, in reprocess_nodes
    more = checker.check_second_pass(nodes)
  File "/home/travis/build/python/mypy/mypy/checker.py", line 299, in check_second_pass
    self.check_partial(node)
  File "/home/travis/build/python/mypy/mypy/checker.py", line 314, in check_partial
    self.accept(node)
  File "/home/travis/build/python/mypy/mypy/checker.py", line 351, in accept
    stmt.accept(self)
  File "/home/travis/build/python/mypy/mypy/nodes.py", line 586, in accept
    return visitor.visit_func_def(self)
  File "/home/travis/build/python/mypy/mypy/checker.py", line 654, in visit_func_def
    self._visit_func_def(defn)
  File "/home/travis/build/python/mypy/mypy/checker.py", line 658, in _visit_func_def
    self.check_func_item(defn, name=defn.name())
  File "/home/travis/build/python/mypy/mypy/checker.py", line 720, in check_func_item
    self.check_func_def(defn, typ, name)
  File "/home/travis/build/python/mypy/mypy/checker.py", line 886, in check_func_def
    self.accept(item.body)
  File "/home/travis/build/python/mypy/mypy/checker.py", line 351, in accept
    stmt.accept(self)
  File "/home/travis/build/python/mypy/mypy/nodes.py", line 868, in accept
    return visitor.visit_block(self)
  File "/home/travis/build/python/mypy/mypy/checker.py", line 1494, in visit_block
    self.accept(s)
  File "/home/travis/build/python/mypy/mypy/checker.py", line 351, in accept
    stmt.accept(self)
  File "/home/travis/build/python/mypy/mypy/nodes.py", line 916, in accept
    return visitor.visit_assignment_stmt(self)
  File "/home/travis/build/python/mypy/mypy/checker.py", line 1501, in visit_assignment_stmt
    self.check_assignment(s.lvalues[-1], s.rvalue, s.type is None, s.new_syntax)
  File "/home/travis/build/python/mypy/mypy/checker.py", line 1613, in check_assignment
    rvalue)
  File "/home/travis/build/python/mypy/mypy/checker.py", line 2092, in infer_variable_type
    self.set_inference_error_fallback_type(name, lvalue, init_type, context)
  File "/home/travis/build/python/mypy/mypy/checker.py", line 2153, in set_inference_error_fallback_type
    if context.get_line() in self.errors.ignored_lines[self.errors.file]:
KeyError: 'tmp/main'
----------------------------- Captured stderr call -----------------------------
tmp/main:4: error: INTERNAL ERROR -- please report a bug at https://github.com/python/mypy/issues version: 0.610+dev-0909f0c37297894f23833cfa8c3b301b5cdf4c95
tmp/main:4: : note: use --pdb to drop into pdb
[31m[1m__________________________ testIgnoreInBetween_cached __________________________[0m
[gw9] linux -- Python 3.6.3 /home/travis/virtualenv/python3.6.3/bin/python
data: /home/travis/build/python/mypy/test-data/unit/fine-grained.test:545:
/home/travis/virtualenv/python3.6.3/lib/python3.6/site-packages/pluggy/__init__.py:617: in __call__
    return self._hookexec(self, self._nonwrappers + self._wrappers, kwargs)
/home/travis/virtualenv/python3.6.3/lib/python3.6/site-packages/pluggy/__init__.py:222: in _hookexec
    return self._inner_hookexec(hook, methods, kwargs)
/home/travis/virtualenv/python3.6.3/lib/python3.6/site-packages/pluggy/__init__.py:216: in <lambda>
    firstresult=hook.spec_opts.get('firstresult'),
/home/travis/virtualenv/python3.6.3/lib/python3.6/site-packages/_pytest/runner.py:107: in pytest_runtest_call
    item.runtest()
/home/travis/build/python/mypy/mypy/test/data.py:252: in runtest
    suite.run_case(self)
/home/travis/build/python/mypy/mypy/test/testfinegrained.py:150: in run_case
    testcase.file, testcase.line))
/home/travis/build/python/mypy/mypy/test/helpers.py:98: in assert_string_arrays_equal
    raise AssertionError(msg)
E   AssertionError: Invalid output (/home/travis/build/python/mypy/test-data/unit/fine-grained.test, line 545)
----------------------------- Captured stderr call -----------------------------
Expected:
  ==
  ==
  ==                                            (diff)
  a.py:2: error: Incompatible types in assignment (expression has type "str", variable has type "int") (diff)
Actual:
  ==
  ==
  b.py:2: error: "object" has no attribute "C"  (diff)
  ==                                            (diff)
  a.py:2: error: Incompatible types in assignment (expression has type "str", variable has type "int") (diff)

[31m[1m___________________________ testRefreshIgnoreErrors1 ___________________________[0m
[gw8] linux -- Python 3.6.3 /home/travis/virtualenv/python3.6.3/bin/python
data: /home/travis/build/python/mypy/test-data/unit/fine-grained.test:7143:
/home/travis/build/python/mypy/mypy/test/testfinegrained.py:150: in run_case
    testcase.file, testcase.line))
/home/travis/build/python/mypy/mypy/test/helpers.py:98: in assert_string_arrays_equal
    raise AssertionError(msg)
E   AssertionError: Invalid output (/home/travis/build/python/mypy/test-data/unit/fine-grained.test, line 7143)
----------------------------- Captured stderr call -----------------------------
Expected:
  ==
Actual:
  ==
  b.py:3: error: Unsupported operand types for + ("int" and "str") (diff)

[31m[1m_________ testReferenceToTypeThroughCycleAndReplaceWithFunction_cached _________[0m
[gw5] linux -- Python 3.6.3 /home/travis/virtualenv/python3.6.3/bin/python
data: /home/travis/build/python/mypy/test-data/unit/fine-grained-cycles.test:177:
SystemExit: 1
----------------------------- Captured stdout call -----------------------------
tmp/a.py:3: error: Invalid type "b.C"
tmp/b.py:6: error: Need type annotation for 'c'
Traceback (most recent call last):
  File "<string>", line 1, in <module>
  File "<string>", line 8, in <module>
  File "/home/travis/virtualenv/python3.6.3/lib/python3.6/site-packages/execnet/gateway_base.py", line 1534, in serve
    SlaveGateway(io=io, id=id, _startcount=2).serve()
  File "/home/travis/virtualenv/python3.6.3/lib/python3.6/site-packages/execnet/gateway_base.py", line 1047, in serve
    self._execpool.integrate_as_primary_thread()
  File "/home/travis/virtualenv/python3.6.3/lib/python3.6/site-packages/execnet/gateway_base.py", line 259, in integrate_as_primary_thread
    self._perform_spawn(reply)
  File "/home/travis/virtualenv/python3.6.3/lib/python3.6/site-packages/execnet/gateway_base.py", line 277, in _perform_spawn
    reply.run()
  File "/home/travis/virtualenv/python3.6.3/lib/python3.6/site-packages/execnet/gateway_base.py", line 213, in run
    self._result = func(*args, **kwargs)
  File "/home/travis/virtualenv/python3.6.3/lib/python3.6/site-packages/execnet/gateway_base.py", line 1072, in executetask
    do_exec(co, loc)  # noqa
  File "<string>", line 1, in do_exec
  File "<remote exec>", line 205, in <module>
  File "/home/travis/virtualenv/python3.6.3/lib/python3.6/site-packages/pluggy/__init__.py", line 617, in __call__
    return self._hookexec(self, self._nonwrappers + self._wrappers, kwargs)
  File "/home/travis/virtualenv/python3.6.3/lib/python3.6/site-packages/pluggy/__init__.py", line 222, in _hookexec
    return self._inner_hookexec(hook, methods, kwargs)
  File "/home/travis/virtualenv/python3.6.3/lib/python3.6/site-packages/pluggy/__init__.py", line 216, in <lambda>
    firstresult=hook.spec_opts.get('firstresult'),
  File "/home/travis/virtualenv/python3.6.3/lib/python3.6/site-packages/pluggy/callers.py", line 180, in _multicall
    res = hook_impl.function(*args)
  File "/home/travis/virtualenv/python3.6.3/lib/python3.6/site-packages/_pytest/main.py", line 134, in pytest_cmdline_main
    return wrap_session(config, _main)
  File "/home/travis/virtualenv/python3.6.3/lib/python3.6/site-packages/_pytest/main.py", line 103, in wrap_session
    session.exitstatus = doit(config, session) or 0
  File "/home/travis/virtualenv/python3.6.3/lib/python3.6/site-packages/_pytest/main.py", line 141, in _main
    config.hook.pytest_runtestloop(session=session)
  File "/home/travis/virtualenv/python3.6.3/lib/python3.6/site-packages/pluggy/__init__.py", line 617, in __call__
    return self._hookexec(self, self._nonwrappers + self._wrappers, kwargs)
  File "/home/travis/virtualenv/python3.6.3/lib/python3.6/site-packages/pluggy/__init__.py", line 222, in _hookexec
    return self._inner_hookexec(hook, methods, kwargs)
  File "/home/travis/virtualenv/python3.6.3/lib/python3.6/site-packages/pluggy/__init__.py", line 216, in <lambda>
    firstresult=hook.spec_opts.get('firstresult'),
  File "/home/travis/virtualenv/python3.6.3/lib/python3.6/site-packages/pluggy/callers.py", line 180, in _multicall
    res = hook_impl.function(*args)
  File "<remote exec>", line 65, in pytest_runtestloop
  File "<remote exec>", line 84, in run_one_test
  File "/home/travis/virtualenv/python3.6.3/lib/python3.6/site-packages/pluggy/__init__.py", line 617, in __call__
    return self._hookexec(self, self._nonwrappers + self._wrappers, kwargs)
  File "/home/travis/virtualenv/python3.6.3/lib/python3.6/site-packages/pluggy/__init__.py", line 222, in _hookexec
    return self._inner_hookexec(hook, methods, kwargs)
  File "/home/travis/virtualenv/python3.6.3/lib/python3.6/site-packages/pluggy/__init__.py", line 216, in <lambda>
    firstresult=hook.spec_opts.get('firstresult'),
  File "/home/travis/virtualenv/python3.6.3/lib/python3.6/site-packages/pluggy/callers.py", line 180, in _multicall
    res = hook_impl.function(*args)
  File "/home/travis/virtualenv/python3.6.3/lib/python3.6/site-packages/_pytest/runner.py", line 63, in pytest_runtest_protocol
    runtestprotocol(item, nextitem=nextitem)
  File "/home/travis/virtualenv/python3.6.3/lib/python3.6/site-packages/_pytest/runner.py", line 77, in runtestprotocol
    reports.append(call_and_report(item, "call", log))
  File "/home/travis/virtualenv/python3.6.3/lib/python3.6/site-packages/_pytest/runner.py", line 157, in call_and_report
    call = call_runtest_hook(item, when, **kwds)
  File "/home/travis/virtualenv/python3.6.3/lib/python3.6/site-packages/_pytest/runner.py", line 177, in call_runtest_hook
    return CallInfo(lambda: ihook(item=item, **kwds), when=when)
  File "/home/travis/virtualenv/python3.6.3/lib/python3.6/site-packages/_pytest/runner.py", line 191, in __init__
    self.result = func()
  File "/home/travis/virtualenv/python3.6.3/lib/python3.6/site-packages/_pytest/runner.py", line 177, in <lambda>
    return CallInfo(lambda: ihook(item=item, **kwds), when=when)
  File "/home/travis/virtualenv/python3.6.3/lib/python3.6/site-packages/pluggy/__init__.py", line 617, in __call__
    return self._hookexec(self, self._nonwrappers + self._wrappers, kwargs)
  File "/home/travis/virtualenv/python3.6.3/lib/python3.6/site-packages/pluggy/__init__.py", line 222, in _hookexec
    return self._inner_hookexec(hook, methods, kwargs)
  File "/home/travis/virtualenv/python3.6.3/lib/python3.6/site-packages/pluggy/__init__.py", line 216, in <lambda>
    firstresult=hook.spec_opts.get('firstresult'),
  File "/home/travis/virtualenv/python3.6.3/lib/python3.6/site-packages/pluggy/callers.py", line 180, in _multicall
    res = hook_impl.function(*args)
  File "/home/travis/virtualenv/python3.6.3/lib/python3.6/site-packages/_pytest/runner.py", line 107, in pytest_runtest_call
    item.runtest()
  File "/home/travis/build/python/mypy/mypy/test/data.py", line 252, in runtest
    suite.run_case(self)
  File "/home/travis/build/python/mypy/mypy/test/testfinegrained.py", line 118, in run_case
    new_messages = self.run_check(server, sources)
  File "/home/travis/build/python/mypy/mypy/test/testfinegrained.py", line 183, in run_check
    response = server.check(sources)
  File "/home/travis/build/python/mypy/mypy/dmypy_server.py", line 266, in check
    res = self.initialize_fine_grained(sources)
  File "/home/travis/build/python/mypy/mypy/dmypy_server.py", line 313, in initialize_fine_grained
    messages = self.fine_grained_manager.update(changed, removed)
  File "/home/travis/build/python/mypy/mypy/server/update.py", line 234, in update
    result = self.update_one(changed_modules, initial_set, removed_set)
  File "/home/travis/build/python/mypy/mypy/server/update.py", line 286, in update_one
    result = self.update_module(next_id, next_path, next_id in removed_set)
  File "/home/travis/build/python/mypy/mypy/server/update.py", line 362, in update_module
    targets_with_errors=set())
  File "/home/travis/build/python/mypy/mypy/server/update.py", line 760, in propagate_changes_using_dependencies
    triggered |= reprocess_nodes(manager, graph, id, nodes, deps)
  File "/home/travis/build/python/mypy/mypy/server/update.py", line 911, in reprocess_nodes
    more = checker.check_second_pass(nodes)
  File "/home/travis/build/python/mypy/mypy/checker.py", line 299, in check_second_pass
    self.check_partial(node)
  File "/home/travis/build/python/mypy/mypy/checker.py", line 314, in check_partial
    self.accept(node)
  File "/home/travis/build/python/mypy/mypy/checker.py", line 351, in accept
    stmt.accept(self)
  File "/home/travis/build/python/mypy/mypy/nodes.py", line 586, in accept
    return visitor.visit_func_def(self)
  File "/home/travis/build/python/mypy/mypy/checker.py", line 654, in visit_func_def
    self._visit_func_def(defn)
  File "/home/travis/build/python/mypy/mypy/checker.py", line 658, in _visit_func_def
    self.check_func_item(defn, name=defn.name())
  File "/home/travis/build/python/mypy/mypy/checker.py", line 720, in check_func_item
    self.check_func_def(defn, typ, name)
  File "/home/travis/build/python/mypy/mypy/checker.py", line 886, in check_func_def
    self.accept(item.body)
  File "/home/travis/build/python/mypy/mypy/checker.py", line 351, in accept
    stmt.accept(self)
  File "/home/travis/build/python/mypy/mypy/nodes.py", line 868, in accept
    return visitor.visit_block(self)
  File "/home/travis/build/python/mypy/mypy/checker.py", line 1494, in visit_block
    self.accept(s)
  File "/home/travis/build/python/mypy/mypy/checker.py", line 351, in accept
    stmt.accept(self)
  File "/home/travis/build/python/mypy/mypy/nodes.py", line 916, in accept
    return visitor.visit_assignment_stmt(self)
  File "/home/travis/build/python/mypy/mypy/checker.py", line 1501, in visit_assignment_stmt
    self.check_assignment(s.lvalues[-1], s.rvalue, s.type is None, s.new_syntax)
  File "/home/travis/build/python/mypy/mypy/checker.py", line 1613, in check_assignment
    rvalue)
  File "/home/travis/build/python/mypy/mypy/checker.py", line 2092, in infer_variable_type
    self.set_inference_error_fallback_type(name, lvalue, init_type, context)
  File "/home/travis/build/python/mypy/mypy/checker.py", line 2153, in set_inference_error_fallback_type
    if context.get_line() in self.errors.ignored_lines[self.errors.file]:
KeyError: 'tmp/b.py'
----------------------------- Captured stderr call -----------------------------
tmp/b.py:6: error: INTERNAL ERROR -- please report a bug at https://github.com/python/mypy/issues version: 0.610+dev-0909f0c37297894f23833cfa8c3b301b5cdf4c95
tmp/b.py:6: : note: use --pdb to drop into pdb
[31m[1m____________________________ testImportStarOverlap _____________________________[0m
[gw4] linux -- Python 3.6.3 /home/travis/virtualenv/python3.6.3/bin/python
data: /home/travis/build/python/mypy/test-data/unit/fine-grained-modules.test:1609:
/home/travis/build/python/mypy/mypy/test/testfinegrained.py:150: in run_case
    testcase.file, testcase.line))
/home/travis/build/python/mypy/mypy/test/helpers.py:98: in assert_string_arrays_equal
    raise AssertionError(msg)
E   AssertionError: Invalid output (/home/travis/build/python/mypy/test-data/unit/fine-grained-modules.test, line 1609)
----------------------------- Captured stderr call -----------------------------
Expected:
  ==
Actual:
  ==
  main:2: error: Name 'T' already defined on line 2 (diff)

[31m[1m============= 8 failed, 6294 passed, 162 skipped in 365.24 seconds =============[0m
passed 0, failed 1, pending 18; running 0                                       

FAILURE  #0 pytest


passed 0, failed 1, pending 17; running 1                                       passed 0, failed 1, pending 16; running 2                                       passed 0, failed 1, pending 15; running 3                                       passed 0, failed 1, pending 14; running 4                                       passed 0, failed 1, pending 13; running 5                                       passed 0, failed 1, pending 12; running 6                                       passed 0, failed 1, pending 11; running 7                                       passed 0, failed 1, pending 10; running 8                                       passed 0, failed 1, pending 9; running 9                                        passed 0, failed 1, pending 8; running 10                                       passed 0, failed 1, pending 7; running 11                                       passed 0, failed 1, pending 6; running 12                                       passed 1, failed 1, pending 6; running 11                                       passed 1, failed 1, pending 5; running 12                                       passed 2, failed 1, pending 5; running 11                                       passed 2, failed 1, pending 4; running 12                                       passed 3, failed 1, pending 4; running 11                                       passed 3, failed 1, pending 3; running 12                                       passed 4, failed 1, pending 3; running 11                                       passed 4, failed 1, pending 2; running 12                                       passed 5, failed 1, pending 2; running 11                                       passed 5, failed 1, pending 1; running 12                                       passed 6, failed 1, pending 1; running 11                                       passed 6, failed 1, pending 0; running 12                                       passed 7, failed 1, pending 0; running 11                                       passed 8, failed 1, pending 0; running 10                                       passed 9, failed 1, pending 0; running 9                                        passed 10, failed 1, pending 0; running 8                                       passed 11, failed 1, pending 0; running 7                                       passed 12, failed 1, pending 0; running 6                                       passed 13, failed 1, pending 0; running 5                                       passed 14, failed 1, pending 0; running 4                                       passed 15, failed 1, pending 0; running 3                                       passed 16, failed 1, pending 0; running 2                                       passed 17, failed 1, pending 0; running 1                                       passed 18, failed 1, pending 0; running 0                                                                                                                       SUMMARY  1/19 tasks and 1/19 tests failed
 FAILURE pytest
SUMMARY  1/19 tasks and 1/19 tests failed
*** FAILURE ***
total runtime: 411.6847145829961 sec

travis_time:end:075bb264:start=1528443197047180584,finish=1528443608841987056,duration=411794806472[0K
[31;1mThe command "python runtests.py -j12 -x lint -x self-check" exited with 1.[0m
travis_time:start:041a6f20[0K$ if [[ $TRAVIS_PYTHON_VERSION == '3.6' ]]; then flake8; fi

travis_time:end:041a6f20:start=1528443608849474247,finish=1528443627794497082,duration=18945022835[0K
[32;1mThe command "if [[ $TRAVIS_PYTHON_VERSION == '3.6' ]]; then flake8; fi" exited with 0.[0m
travis_time:start:1f13d780[0K$ if [[ $TRAVIS_PYTHON_VERSION == '3.5.1' ]]; then python runtests.py package; fi

travis_time:end:1f13d780:start=1528443627802068173,finish=1528443627807728456,duration=5660283[0K
[32;1mThe command "if [[ $TRAVIS_PYTHON_VERSION == '3.5.1' ]]; then python runtests.py package; fi" exited with 0.[0m
travis_fold:start:cache.2[0Kstore build cache
travis_time:start:156b4f30[0K
travis_time:end:156b4f30:start=1528443627815468559,finish=1528443627821778491,duration=6309932[0Ktravis_time:start:0747017f[0K[32;1mchange detected (content changed, file is created, or file is deleted):
/home/travis/.cache/pip/http/0/4/1/8/c/0418c83b80f7f7bfaec2738bfbbee53d2c1562196c0781702f6eddc8
/home/travis/.cache/pip/http/2/1/3/7/f/2137f603f620cd2c8b12df96008a50a6038fc764aaf0d243c22963d6
/home/travis/.cache/pip/http/3/3/2/f/4/332f48a907b592bd9bf085af65691cebb7583c166f92435c1594e9d8
/home/travis/.cache/pip/http/4/4/3/7/8/44378e1972bd7ebbc831af2dbe37d909feb9635323824535b4d09447
/home/travis/.cache/pip/http/4/8/0/d/6/480d6f7ef777fd4fe0178a90255bde2c80a7d6807db13d9efb77f8d8
/home/travis/.cache/pip/http/4/d/2/7/2/4d272e6453941ce8b0a37a02cdb1685fc612c33441fa74691fb40656
/home/travis/.cache/pip/http/5/9/3/8/0/59380b71dcd1fa0e5d423801f68589f3beee17a7c22eb1e2b621bbac
/home/travis/.cache/pip/http/5/e/3/4/8/5e348e6949b4cff6f02e479c852f9223b11ed14d5b54798bb16117f7
/home/travis/.cache/pip/http/6/1/9/e/a/619eadfed9234677ad1ffe964d749f880eb5722b037c3532d2b49232
/home/travis/.cache/pip/http/7/4/b/d/f/74bdf372f3d845193f395b9ba4ed91510cd09dc32621fc25fe02568d
/home/travis/.cache/pip/http/7/7/b/c/f/77
[0m
[32;1m...
[0m
[32;1mchanges detected, packing new archive[0m
[32;1muploading archive[0m

travis_time:end:0747017f:start=1528443627829634248,finish=1528443634722544565,duration=6892910317[0Ktravis_fold:end:cache.2[0K
Done. Your build exited with 1.
