travis_fold:start:system_info[0K[33;1mBuild system information[0m
Build language: android
Build id: ''
Job id: ''
[34m[1mBuild image provisioning date and time[0m
Thu Feb  5 15:09:33 UTC 2015
[34m[1mOperating System Details[0m
Distributor ID:	Ubuntu
Description:	Ubuntu 12.04.5 LTS
Release:	12.04
Codename:	precise
[34m[1mLinux Version[0m
3.13.0-29-generic
[34m[1mCookbooks Version[0m
a68419e https://github.com/travis-ci/travis-cookbooks/tree/a68419e
[34m[1mGCC version[0m
gcc (Ubuntu/Linaro 4.6.3-1ubuntu5) 4.6.3
Copyright (C) 2011 Free Software Foundation, Inc.
This is free software; see the source for copying conditions.  There is NO
warranty; not even for MERCHANTABILITY or FITNESS FOR A PARTICULAR PURPOSE.

[34m[1mLLVM version[0m
clang version 3.4 (tags/RELEASE_34/final)
Target: x86_64-unknown-linux-gnu
Thread model: posix
[34m[1mPre-installed Ruby versions[0m
ruby-1.9.3-p551
[34m[1mPre-installed Node.js versions[0m
v0.10.36
[34m[1mPre-installed Go versions[0m
1.4.1
[34m[1mRedis version[0m
redis-server 2.8.19
[34m[1mriak version[0m
2.0.2
[34m[1mMongoDB version[0m
MongoDB 2.4.12
[34m[1mCouchDB version[0m
couchdb 1.6.1
[34m[1mNeo4j version[0m
1.9.4
[34m[1mRabbitMQ Version[0m
3.4.3
[34m[1mElasticSearch version[0m
1.4.0
[34m[1mInstalled Sphinx versions[0m
2.0.10
2.1.9
2.2.6
[34m[1mDefault Sphinx version[0m
2.2.6
[34m[1mInstalled Firefox version[0m
firefox 31.0esr
[34m[1mPhantomJS version[0m
1.9.8
[34m[1mant -version[0m
Apache Ant(TM) version 1.8.2 compiled on December 3 2011
[34m[1mmvn -version[0m
Apache Maven 3.2.5 (12a6b3acb947671f09b81f49094c53f426d8cea1; 2014-12-14T17:29:23+00:00)
Maven home: /usr/local/maven
Java version: 1.7.0_76, vendor: Oracle Corporation
Java home: /usr/lib/jvm/java-7-oracle/jre
Default locale: en_US, platform encoding: ANSI_X3.4-1968
OS name: "linux", version: "3.13.0-29-generic", arch: "amd64", family: "unix"
travis_fold:end:system_info[0K
sed: cannot rename /etc/hosts: Device or resource busy
sed: cannot rename /etc/hosts: Device or resource busy
$ cd bugsnag/bugsnag-android
[33;1mNo build-tools version is specified in android.components. Consider adding one of:[0m
build-tools-23.0.1
build-tools-23.0.0
build-tools-22.0.1
build-tools-22.0.0
build-tools-21.1.2
build-tools-21.1.1
build-tools-21.1.0
build-tools-21.0.2
build-tools-21.0.1
build-tools-21.0.0
build-tools-20.0.0
build-tools-19.1.0
build-tools-19.0.3
build-tools-19.0.2
build-tools-19.0.1
build-tools-19.0.0
build-tools-18.1.1
build-tools-18.1.0
build-tools-18.0.1
build-tools-17.0.0
[33;1mThe following versions are pre-installed:[0m
build-tools-21.1.2

$ java -Xmx32m -version
java version "1.7.0_76"
Java(TM) SE Runtime Environment (build 1.7.0_76-b13)
Java HotSpot(TM) 64-Bit Server VM (build 24.76-b04, mixed mode)
$ javac -J-Xmx32m -version
javac 1.7.0_76
travis_fold:start:before_script.1[0Ktravis_time:start:00a98528[0K$ echo no | android create avd --force -n test -t android-19 --abi armeabi-v7a
Android 4.4.2 is a basic Android platform.
Do you wish to create a custom hardware profile [no]Created AVD 'test' based on Android 4.4.2, ARM (armeabi-v7a) processor,
with the following hardware config:
hw.lcd.density=240
hw.ramSize=512
vm.heapSize=48

travis_time:end:00a98528:start=1479489570683495121,finish=1479489571521349842,duration=837854721[0Ktravis_fold:end:before_script.1[0Ktravis_fold:start:before_script.2[0Ktravis_time:start:250cbf18[0K$ emulator -avd test -no-skin -no-audio -no-window &

travis_time:end:250cbf18:start=1479489571528872929,finish=1479489571536208085,duration=7335156[0Ktravis_fold:end:before_script.2[0Ktravis_fold:start:before_script.3[0Ktravis_time:start:00bf70b2[0K$ android-wait-for-emulator
Failed to Initialize backend EGL display
Waiting for emulator to start
Waiting for emulator to start
Waiting for emulator to start
Waiting for emulator to start
Waiting for emulator to start
Waiting for emulator to start
Waiting for emulator to start
Waiting for emulator to start
Waiting for emulator to start
Waiting for emulator to start
Waiting for emulator to start
Waiting for emulator to start
Waiting for emulator to start
Waiting for emulator to start
Waiting for emulator to start
Waiting for emulator to start
Waiting for emulator to start
Waiting for emulator to start
Waiting for emulator to start
Waiting for emulator to start
Waiting for emulator to start
Waiting for emulator to start
Waiting for emulator to start
Waiting for emulator to start
Waiting for emulator to start
Waiting for emulator to start
Waiting for emulator to start
Waiting for emulator to start
Waiting for emulator to start
Waiting for emulator to start
Waiting for emulator to start
Waiting for emulator to start
Waiting for emulator to start
Waiting for emulator to start
Waiting for emulator to start
Waiting for emulator to start
Waiting for emulator to start
Waiting for emulator to start
Waiting for emulator to start
Waiting for emulator to start
Waiting for emulator to start
Waiting for emulator to start
Waiting for emulator to start
Waiting for emulator to start
Waiting for emulator to start
Waiting for emulator to start
Waiting for emulator to start
Waiting for emulator to start
Waiting for emulator to start
Waiting for emulator to start
Waiting for emulator to start
Waiting for emulator to start
Waiting for emulator to start
Waiting for emulator to start
Waiting for emulator to start
Waiting for emulator to start
Waiting for emulator to start
Waiting for emulator to start
Waiting for emulator to start
Waiting for emulator to start
Waiting for emulator to start
Waiting for emulator to start
Waiting for emulator to start
Waiting for emulator to start
Waiting for emulator to start
Waiting for emulator to start
Waiting for emulator to start
Waiting for emulator to start
Waiting for emulator to start
Waiting for emulator to start
Waiting for emulator to start
Waiting for emulator to start
Waiting for emulator to start
Waiting for emulator to start
Waiting for emulator to start
Waiting for emulator to start
Waiting for emulator to start
Waiting for emulator to start
Waiting for emulator to start
Waiting for emulator to start
Waiting for emulator to start
Waiting for emulator to start
Waiting for emulator to start
Waiting for emulator to start
Waiting for emulator to start
Waiting for emulator to start
Waiting for emulator to start
Waiting for emulator to start
Waiting for emulator to start
Waiting for emulator to start
Waiting for emulator to start
Waiting for emulator to start
Emulator is ready

travis_time:end:00bf70b2:start=1479489571547309814,finish=1479489684017248375,duration=112469938561[0Ktravis_fold:end:before_script.3[0Ktravis_fold:start:before_script.4[0Ktravis_time:start:279791c8[0K$ adb shell input keyevent 82 &

travis_time:end:279791c8:start=1479489684024464400,finish=1479489684032219762,duration=7755362[0Ktravis_fold:end:before_script.4[0Ktravis_time:start:33dfd980[0K$ mvn install -B -e -X
Apache Maven 3.2.5 (12a6b3acb947671f09b81f49094c53f426d8cea1; 2014-12-14T17:29:23+00:00)
Maven home: /usr/local/maven
Java version: 1.7.0_76, vendor: Oracle Corporation
Java home: /usr/lib/jvm/java-7-oracle/jre
Default locale: en_US, platform encoding: UTF-8
OS name: "linux", version: "4.4.0-31-generic", arch: "amd64", family: "unix"
[INFO] Error stacktraces are turned on.
[DEBUG] Reading global settings from /usr/local/maven/conf/settings.xml
[DEBUG] Reading user settings from /home/travis/.m2/settings.xml
[DEBUG] Using local repository at /home/travis/.m2/repository
[DEBUG] Using manager EnhancedLocalRepositoryManager with priority 10.0 for /home/travis/.m2/repository
[INFO] Scanning for projects...
[DEBUG] Extension realms for project com.bugsnag:bugsnag-android-parent:pom:3.0.0-SNAPSHOT: (none)
[DEBUG] Looking up lifecyle mappings for packaging pom from ClassRealm[plexus.core, parent: null]
[DEBUG] Using transporter WagonTransporter with priority -1.0 for https://repo.maven.apache.org/maven2
[DEBUG] Using connector BasicRepositoryConnector with priority 0.0 for https://repo.maven.apache.org/maven2
[INFO] Downloading: https://repo.maven.apache.org/maven2/com/jayway/maven/plugins/android/generation2/android-maven-plugin/3.8.2/android-maven-plugin-3.8.2.pom
[DEBUG] Writing tracking file /home/travis/.m2/repository/com/jayway/maven/plugins/android/generation2/android-maven-plugin/3.8.2/android-maven-plugin-3.8.2.pom.lastUpdated
[DEBUG] Looking up lifecyle mappings for packaging jar from ClassRealm[plexus.core, parent: null]
[DEBUG] Looking up lifecyle mappings for packaging apk from ClassRealm[plexus.core, parent: null]
[ERROR] The build could not read 2 projects -> [Help 1]
org.apache.maven.project.ProjectBuildingException: Some problems were encountered while processing the POMs:
[ERROR] Unresolveable build extension: Plugin com.jayway.maven.plugins.android.generation2:android-maven-plugin:3.8.2 or one of its dependencies could not be resolved: Failed to read artifact descriptor for com.jayway.maven.plugins.android.generation2:android-maven-plugin:jar:3.8.2 @ 
[ERROR] Unresolveable build extension: Plugin com.jayway.maven.plugins.android.generation2:android-maven-plugin:3.8.2 or one of its dependencies could not be resolved: Failed to read artifact descriptor for com.jayway.maven.plugins.android.generation2:android-maven-plugin:jar:3.8.2 @ 
[ERROR] Unknown packaging: apk @ line 18, column 14

	at org.apache.maven.project.DefaultProjectBuilder.build(DefaultProjectBuilder.java:416)
	at org.apache.maven.DefaultMaven.collectProjects(DefaultMaven.java:672)
	at org.apache.maven.DefaultMaven.getProjectsForMavenReactor(DefaultMaven.java:663)
	at org.apache.maven.DefaultMaven.doExecute(DefaultMaven.java:253)
	at org.apache.maven.DefaultMaven.execute(DefaultMaven.java:155)
	at org.apache.maven.cli.MavenCli.execute(MavenCli.java:584)
	at org.apache.maven.cli.MavenCli.doMain(MavenCli.java:216)
	at org.apache.maven.cli.MavenCli.main(MavenCli.java:160)
	at sun.reflect.NativeMethodAccessorImpl.invoke0(Native Method)
	at sun.reflect.NativeMethodAccessorImpl.invoke(NativeMethodAccessorImpl.java:57)
	at sun.reflect.DelegatingMethodAccessorImpl.invoke(DelegatingMethodAccessorImpl.java:43)
	at java.lang.reflect.Method.invoke(Method.java:606)
	at org.codehaus.plexus.classworlds.launcher.Launcher.launchEnhanced(Launcher.java:289)
	at org.codehaus.plexus.classworlds.launcher.Launcher.launch(Launcher.java:229)
	at org.codehaus.plexus.classworlds.launcher.Launcher.mainWithExitCode(Launcher.java:415)
	at org.codehaus.plexus.classworlds.launcher.Launcher.main(Launcher.java:356)
[ERROR]   
[ERROR]   The project com.bugsnag:bugsnag-android:3.0.0-SNAPSHOT (/home/travis/build/bugsnag/bugsnag-android/library/pom.xml) has 1 error
[ERROR]     Unresolveable build extension: Plugin com.jayway.maven.plugins.android.generation2:android-maven-plugin:3.8.2 or one of its dependencies could not be resolved: Failed to read artifact descriptor for com.jayway.maven.plugins.android.generation2:android-maven-plugin:jar:3.8.2: Could not transfer artifact com.jayway.maven.plugins.android.generation2:android-maven-plugin:pom:3.8.2 from/to central (https://repo.maven.apache.org/maven2): hostname in certificate didn't match: <repo.maven.apache.org> != <repo1.maven.org> OR <repo1.maven.org> -> [Help 2]
org.apache.maven.plugin.PluginResolutionException: Plugin com.jayway.maven.plugins.android.generation2:android-maven-plugin:3.8.2 or one of its dependencies could not be resolved: Failed to read artifact descriptor for com.jayway.maven.plugins.android.generation2:android-maven-plugin:jar:3.8.2
	at org.apache.maven.plugin.internal.DefaultPluginDependenciesResolver.resolve(DefaultPluginDependenciesResolver.java:204)
	at org.apache.maven.project.DefaultProjectBuildingHelper.resolveExtensionArtifacts(DefaultProjectBuildingHelper.java:386)
	at org.apache.maven.project.DefaultProjectBuildingHelper.createProjectRealm(DefaultProjectBuildingHelper.java:240)
	at org.apache.maven.project.DefaultModelBuildingListener.buildExtensionsAssembled(DefaultModelBuildingListener.java:110)
	at org.apache.maven.model.building.ModelBuildingEventCatapult$1.fire(ModelBuildingEventCatapult.java:43)
	at org.apache.maven.model.building.DefaultModelBuilder.fireEvent(DefaultModelBuilder.java:1175)
	at org.apache.maven.model.building.DefaultModelBuilder.build(DefaultModelBuilder.java:415)
	at org.apache.maven.model.building.DefaultModelBuilder.build(DefaultModelBuilder.java:398)
	at org.apache.maven.project.DefaultProjectBuilder.build(DefaultProjectBuilder.java:614)
	at org.apache.maven.project.DefaultProjectBuilder.build(DefaultProjectBuilder.java:620)
	at org.apache.maven.project.DefaultProjectBuilder.build(DefaultProjectBuilder.java:405)
	at org.apache.maven.DefaultMaven.collectProjects(DefaultMaven.java:672)
	at org.apache.maven.DefaultMaven.getProjectsForMavenReactor(DefaultMaven.java:663)
	at org.apache.maven.DefaultMaven.doExecute(DefaultMaven.java:253)
	at org.apache.maven.DefaultMaven.execute(DefaultMaven.java:155)
	at org.apache.maven.cli.MavenCli.execute(MavenCli.java:584)
	at org.apache.maven.cli.MavenCli.doMain(MavenCli.java:216)
	at org.apache.maven.cli.MavenCli.main(MavenCli.java:160)
	at sun.reflect.NativeMethodAccessorImpl.invoke0(Native Method)
	at sun.reflect.NativeMethodAccessorImpl.invoke(NativeMethodAccessorImpl.java:57)
	at sun.reflect.DelegatingMethodAccessorImpl.invoke(DelegatingMethodAccessorImpl.java:43)
	at java.lang.reflect.Method.invoke(Method.java:606)
	at org.codehaus.plexus.classworlds.launcher.Launcher.launchEnhanced(Launcher.java:289)
	at org.codehaus.plexus.classworlds.launcher.Launcher.launch(Launcher.java:229)
	at org.codehaus.plexus.classworlds.launcher.Launcher.mainWithExitCode(Launcher.java:415)
	at org.codehaus.plexus.classworlds.launcher.Launcher.main(Launcher.java:356)
Caused by: org.eclipse.aether.collection.DependencyCollectionException: Failed to read artifact descriptor for com.jayway.maven.plugins.android.generation2:android-maven-plugin:jar:3.8.2
	at org.eclipse.aether.internal.impl.DefaultDependencyCollector.collectDependencies(DefaultDependencyCollector.java:208)
	at org.eclipse.aether.internal.impl.DefaultRepositorySystem.collectDependencies(DefaultRepositorySystem.java:316)
	at org.apache.maven.plugin.internal.DefaultPluginDependenciesResolver.resolve(DefaultPluginDependenciesResolver.java:192)
	... 25 more
Caused by: org.eclipse.aether.resolution.ArtifactDescriptorException: Failed to read artifact descriptor for com.jayway.maven.plugins.android.generation2:android-maven-plugin:jar:3.8.2
	at org.apache.maven.repository.internal.DefaultArtifactDescriptorReader.loadPom(DefaultArtifactDescriptorReader.java:302)
	at org.apache.maven.repository.internal.DefaultArtifactDescriptorReader.readArtifactDescriptor(DefaultArtifactDescriptorReader.java:217)
	at org.eclipse.aether.internal.impl.DefaultDependencyCollector.collectDependencies(DefaultDependencyCollector.java:202)
	... 27 more
Caused by: org.eclipse.aether.resolution.ArtifactResolutionException: Could not transfer artifact com.jayway.maven.plugins.android.generation2:android-maven-plugin:pom:3.8.2 from/to central (https://repo.maven.apache.org/maven2): hostname in certificate didn't match: <repo.maven.apache.org> != <repo1.maven.org> OR <repo1.maven.org>
	at org.eclipse.aether.internal.impl.DefaultArtifactResolver.resolve(DefaultArtifactResolver.java:444)
	at org.eclipse.aether.internal.impl.DefaultArtifactResolver.resolveArtifacts(DefaultArtifactResolver.java:246)
	at org.eclipse.aether.internal.impl.DefaultArtifactResolver.resolveArtifact(DefaultArtifactResolver.java:223)
	at org.apache.maven.repository.internal.DefaultArtifactDescriptorReader.loadPom(DefaultArtifactDescriptorReader.java:287)
	... 29 more
Caused by: org.eclipse.aether.transfer.ArtifactTransferException: Could not transfer artifact com.jayway.maven.plugins.android.generation2:android-maven-plugin:pom:3.8.2 from/to central (https://repo.maven.apache.org/maven2): hostname in certificate didn't match: <repo.maven.apache.org> != <repo1.maven.org> OR <repo1.maven.org>
	at org.eclipse.aether.connector.basic.ArtifactTransportListener.transferFailed(ArtifactTransportListener.java:43)
	at org.eclipse.aether.connector.basic.BasicRepositoryConnector$TaskRunner.run(BasicRepositoryConnector.java:355)
	at org.eclipse.aether.util.concurrency.RunnableErrorForwarder$1.run(RunnableErrorForwarder.java:67)
	at org.eclipse.aether.connector.basic.BasicRepositoryConnector$DirectExecutor.execute(BasicRepositoryConnector.java:581)
	at org.eclipse.aether.connector.basic.BasicRepositoryConnector.get(BasicRepositoryConnector.java:249)
	at org.eclipse.aether.internal.impl.DefaultArtifactResolver.performDownloads(DefaultArtifactResolver.java:520)
	at org.eclipse.aether.internal.impl.DefaultArtifactResolver.resolve(DefaultArtifactResolver.java:421)
	... 32 more
Caused by: org.apache.maven.wagon.TransferFailedException: hostname in certificate didn't match: <repo.maven.apache.org> != <repo1.maven.org> OR <repo1.maven.org>
	at org.apache.maven.wagon.providers.http.AbstractHttpClientWagon.fillInputData(AbstractHttpClientWagon.java:1085)
	at org.apache.maven.wagon.providers.http.AbstractHttpClientWagon.fillInputData(AbstractHttpClientWagon.java:977)
	at org.apache.maven.wagon.StreamWagon.getInputStream(StreamWagon.java:116)
	at org.apache.maven.wagon.StreamWagon.getIfNewer(StreamWagon.java:88)
	at org.apache.maven.wagon.StreamWagon.get(StreamWagon.java:61)
	at org.eclipse.aether.transport.wagon.WagonTransporter$GetTaskRunner.run(WagonTransporter.java:560)
	at org.eclipse.aether.transport.wagon.WagonTransporter.execute(WagonTransporter.java:427)
	at org.eclipse.aether.transport.wagon.WagonTransporter.get(WagonTransporter.java:404)
	at org.eclipse.aether.connector.basic.BasicRepositoryConnector$GetTaskRunner.runTask(BasicRepositoryConnector.java:447)
	at org.eclipse.aether.connector.basic.BasicRepositoryConnector$TaskRunner.run(BasicRepositoryConnector.java:350)
	... 37 more
Caused by: javax.net.ssl.SSLException: hostname in certificate didn't match: <repo.maven.apache.org> != <repo1.maven.org> OR <repo1.maven.org>
	at org.apache.maven.wagon.providers.http.httpclient.conn.ssl.AbstractVerifier.verify(AbstractVerifier.java:238)
	at org.apache.maven.wagon.providers.http.httpclient.conn.ssl.BrowserCompatHostnameVerifier.verify(BrowserCompatHostnameVerifier.java:54)
	at org.apache.maven.wagon.providers.http.httpclient.conn.ssl.AbstractVerifier.verify(AbstractVerifier.java:159)
	at org.apache.maven.wagon.providers.http.httpclient.conn.ssl.AbstractVerifier.verify(AbstractVerifier.java:140)
	at org.apache.maven.wagon.providers.http.httpclient.conn.ssl.SSLConnectionSocketFactory.verifyHostname(SSLConnectionSocketFactory.java:286)
	at org.apache.maven.wagon.providers.http.httpclient.conn.ssl.SSLConnectionSocketFactory.createLayeredSocket(SSLConnectionSocketFactory.java:276)
	at org.apache.maven.wagon.providers.http.httpclient.conn.ssl.SSLConnectionSocketFactory.connectSocket(SSLConnectionSocketFactory.java:254)
	at org.apache.maven.wagon.providers.http.httpclient.impl.conn.HttpClientConnectionOperator.connect(HttpClientConnectionOperator.java:123)
	at org.apache.maven.wagon.providers.http.httpclient.impl.conn.PoolingHttpClientConnectionManager.connect(PoolingHttpClientConnectionManager.java:318)
	at org.apache.maven.wagon.providers.http.httpclient.impl.execchain.MainClientExec.establishRoute(MainClientExec.java:363)
	at org.apache.maven.wagon.providers.http.httpclient.impl.execchain.MainClientExec.execute(MainClientExec.java:219)
	at org.apache.maven.wagon.providers.http.httpclient.impl.execchain.ProtocolExec.execute(ProtocolExec.java:195)
	at org.apache.maven.wagon.providers.http.httpclient.impl.execchain.RetryExec.execute(RetryExec.java:86)
	at org.apache.maven.wagon.providers.http.httpclient.impl.execchain.RedirectExec.execute(RedirectExec.java:108)
	at org.apache.maven.wagon.providers.http.httpclient.impl.client.InternalHttpClient.doExecute(InternalHttpClient.java:184)
	at org.apache.maven.wagon.providers.http.httpclient.impl.client.CloseableHttpClient.execute(CloseableHttpClient.java:82)
	at org.apache.maven.wagon.providers.http.AbstractHttpClientWagon.execute(AbstractHttpClientWagon.java:848)
	at org.apache.maven.wagon.providers.http.AbstractHttpClientWagon.fillInputData(AbstractHttpClientWagon.java:1000)
	... 46 more
[ERROR]   
[ERROR]   The project com.bugsnag:bugsnag-android-tests:3.0.0-SNAPSHOT (/home/travis/build/bugsnag/bugsnag-android/tests/pom.xml) has 2 errors
[ERROR]     Unresolveable build extension: Plugin com.jayway.maven.plugins.android.generation2:android-maven-plugin:3.8.2 or one of its dependencies could not be resolved: Failed to read artifact descriptor for com.jayway.maven.plugins.android.generation2:android-maven-plugin:jar:3.8.2: Could not transfer artifact com.jayway.maven.plugins.android.generation2:android-maven-plugin:pom:3.8.2 from/to central (https://repo.maven.apache.org/maven2): hostname in certificate didn't match: <repo.maven.apache.org> != <repo1.maven.org> OR <repo1.maven.org> -> [Help 2]
org.apache.maven.plugin.PluginResolutionException: Plugin com.jayway.maven.plugins.android.generation2:android-maven-plugin:3.8.2 or one of its dependencies could not be resolved: Failed to read artifact descriptor for com.jayway.maven.plugins.android.generation2:android-maven-plugin:jar:3.8.2
	at org.apache.maven.plugin.internal.DefaultPluginDependenciesResolver.resolve(DefaultPluginDependenciesResolver.java:204)
	at org.apache.maven.project.DefaultProjectBuildingHelper.resolveExtensionArtifacts(DefaultProjectBuildingHelper.java:386)
	at org.apache.maven.project.DefaultProjectBuildingHelper.createProjectRealm(DefaultProjectBuildingHelper.java:240)
	at org.apache.maven.project.DefaultModelBuildingListener.buildExtensionsAssembled(DefaultModelBuildingListener.java:110)
	at org.apache.maven.model.building.ModelBuildingEventCatapult$1.fire(ModelBuildingEventCatapult.java:43)
	at org.apache.maven.model.building.DefaultModelBuilder.fireEvent(DefaultModelBuilder.java:1175)
	at org.apache.maven.model.building.DefaultModelBuilder.build(DefaultModelBuilder.java:415)
	at org.apache.maven.model.building.DefaultModelBuilder.build(DefaultModelBuilder.java:398)
	at org.apache.maven.project.DefaultProjectBuilder.build(DefaultProjectBuilder.java:614)
	at org.apache.maven.project.DefaultProjectBuilder.build(DefaultProjectBuilder.java:620)
	at org.apache.maven.project.DefaultProjectBuilder.build(DefaultProjectBuilder.java:405)
	at org.apache.maven.DefaultMaven.collectProjects(DefaultMaven.java:672)
	at org.apache.maven.DefaultMaven.getProjectsForMavenReactor(DefaultMaven.java:663)
	at org.apache.maven.DefaultMaven.doExecute(DefaultMaven.java:253)
	at org.apache.maven.DefaultMaven.execute(DefaultMaven.java:155)
	at org.apache.maven.cli.MavenCli.execute(MavenCli.java:584)
	at org.apache.maven.cli.MavenCli.doMain(MavenCli.java:216)
	at org.apache.maven.cli.MavenCli.main(MavenCli.java:160)
	at sun.reflect.NativeMethodAccessorImpl.invoke0(Native Method)
	at sun.reflect.NativeMethodAccessorImpl.invoke(NativeMethodAccessorImpl.java:57)
	at sun.reflect.DelegatingMethodAccessorImpl.invoke(DelegatingMethodAccessorImpl.java:43)
	at java.lang.reflect.Method.invoke(Method.java:606)
	at org.codehaus.plexus.classworlds.launcher.Launcher.launchEnhanced(Launcher.java:289)
	at org.codehaus.plexus.classworlds.launcher.Launcher.launch(Launcher.java:229)
	at org.codehaus.plexus.classworlds.launcher.Launcher.mainWithExitCode(Launcher.java:415)
	at org.codehaus.plexus.classworlds.launcher.Launcher.main(Launcher.java:356)
Caused by: org.eclipse.aether.collection.DependencyCollectionException: Failed to read artifact descriptor for com.jayway.maven.plugins.android.generation2:android-maven-plugin:jar:3.8.2
	at org.eclipse.aether.internal.impl.DefaultDependencyCollector.collectDependencies(DefaultDependencyCollector.java:208)
	at org.eclipse.aether.internal.impl.DefaultRepositorySystem.collectDependencies(DefaultRepositorySystem.java:316)
	at org.apache.maven.plugin.internal.DefaultPluginDependenciesResolver.resolve(DefaultPluginDependenciesResolver.java:192)
	... 25 more
Caused by: org.eclipse.aether.resolution.ArtifactDescriptorException: Failed to read artifact descriptor for com.jayway.maven.plugins.android.generation2:android-maven-plugin:jar:3.8.2
	at org.apache.maven.repository.internal.DefaultArtifactDescriptorReader.loadPom(DefaultArtifactDescriptorReader.java:302)
	at org.apache.maven.repository.internal.DefaultArtifactDescriptorReader.readArtifactDescriptor(DefaultArtifactDescriptorReader.java:217)
	at org.eclipse.aether.internal.impl.DefaultDependencyCollector.collectDependencies(DefaultDependencyCollector.java:202)
	... 27 more
Caused by: org.eclipse.aether.resolution.ArtifactResolutionException: Could not transfer artifact com.jayway.maven.plugins.android.generation2:android-maven-plugin:pom:3.8.2 from/to central (https://repo.maven.apache.org/maven2): hostname in certificate didn't match: <repo.maven.apache.org> != <repo1.maven.org> OR <repo1.maven.org>
	at org.eclipse.aether.internal.impl.DefaultArtifactResolver.resolve(DefaultArtifactResolver.java:444)
	at org.eclipse.aether.internal.impl.DefaultArtifactResolver.resolveArtifacts(DefaultArtifactResolver.java:246)
	at org.eclipse.aether.internal.impl.DefaultArtifactResolver.resolveArtifact(DefaultArtifactResolver.java:223)
	at org.apache.maven.repository.internal.DefaultArtifactDescriptorReader.loadPom(DefaultArtifactDescriptorReader.java:287)
	... 29 more
Caused by: org.eclipse.aether.transfer.ArtifactTransferException: Could not transfer artifact com.jayway.maven.plugins.android.generation2:android-maven-plugin:pom:3.8.2 from/to central (https://repo.maven.apache.org/maven2): hostname in certificate didn't match: <repo.maven.apache.org> != <repo1.maven.org> OR <repo1.maven.org>
	at org.eclipse.aether.connector.basic.ArtifactTransportListener.transferFailed(ArtifactTransportListener.java:43)
	at org.eclipse.aether.connector.basic.BasicRepositoryConnector$TaskRunner.run(BasicRepositoryConnector.java:355)
	at org.eclipse.aether.util.concurrency.RunnableErrorForwarder$1.run(RunnableErrorForwarder.java:67)
	at org.eclipse.aether.connector.basic.BasicRepositoryConnector$DirectExecutor.execute(BasicRepositoryConnector.java:581)
	at org.eclipse.aether.connector.basic.BasicRepositoryConnector.get(BasicRepositoryConnector.java:249)
	at org.eclipse.aether.internal.impl.DefaultArtifactResolver.performDownloads(DefaultArtifactResolver.java:520)
	at org.eclipse.aether.internal.impl.DefaultArtifactResolver.resolve(DefaultArtifactResolver.java:421)
	... 32 more
Caused by: org.apache.maven.wagon.TransferFailedException: hostname in certificate didn't match: <repo.maven.apache.org> != <repo1.maven.org> OR <repo1.maven.org>
	at org.apache.maven.wagon.providers.http.AbstractHttpClientWagon.fillInputData(AbstractHttpClientWagon.java:1085)
	at org.apache.maven.wagon.providers.http.AbstractHttpClientWagon.fillInputData(AbstractHttpClientWagon.java:977)
	at org.apache.maven.wagon.StreamWagon.getInputStream(StreamWagon.java:116)
	at org.apache.maven.wagon.StreamWagon.getIfNewer(StreamWagon.java:88)
	at org.apache.maven.wagon.StreamWagon.get(StreamWagon.java:61)
	at org.eclipse.aether.transport.wagon.WagonTransporter$GetTaskRunner.run(WagonTransporter.java:560)
	at org.eclipse.aether.transport.wagon.WagonTransporter.execute(WagonTransporter.java:427)
	at org.eclipse.aether.transport.wagon.WagonTransporter.get(WagonTransporter.java:404)
	at org.eclipse.aether.connector.basic.BasicRepositoryConnector$GetTaskRunner.runTask(BasicRepositoryConnector.java:447)
	at org.eclipse.aether.connector.basic.BasicRepositoryConnector$TaskRunner.run(BasicRepositoryConnector.java:350)
	... 37 more
Caused by: javax.net.ssl.SSLException: hostname in certificate didn't match: <repo.maven.apache.org> != <repo1.maven.org> OR <repo1.maven.org>
	at org.apache.maven.wagon.providers.http.httpclient.conn.ssl.AbstractVerifier.verify(AbstractVerifier.java:238)
	at org.apache.maven.wagon.providers.http.httpclient.conn.ssl.BrowserCompatHostnameVerifier.verify(BrowserCompatHostnameVerifier.java:54)
	at org.apache.maven.wagon.providers.http.httpclient.conn.ssl.AbstractVerifier.verify(AbstractVerifier.java:159)
	at org.apache.maven.wagon.providers.http.httpclient.conn.ssl.AbstractVerifier.verify(AbstractVerifier.java:140)
	at org.apache.maven.wagon.providers.http.httpclient.conn.ssl.SSLConnectionSocketFactory.verifyHostname(SSLConnectionSocketFactory.java:286)
	at org.apache.maven.wagon.providers.http.httpclient.conn.ssl.SSLConnectionSocketFactory.createLayeredSocket(SSLConnectionSocketFactory.java:276)
	at org.apache.maven.wagon.providers.http.httpclient.conn.ssl.SSLConnectionSocketFactory.connectSocket(SSLConnectionSocketFactory.java:254)
	at org.apache.maven.wagon.providers.http.httpclient.impl.conn.HttpClientConnectionOperator.connect(HttpClientConnectionOperator.java:123)
	at org.apache.maven.wagon.providers.http.httpclient.impl.conn.PoolingHttpClientConnectionManager.connect(PoolingHttpClientConnectionManager.java:318)
	at org.apache.maven.wagon.providers.http.httpclient.impl.execchain.MainClientExec.establishRoute(MainClientExec.java:363)
	at org.apache.maven.wagon.providers.http.httpclient.impl.execchain.MainClientExec.execute(MainClientExec.java:219)
	at org.apache.maven.wagon.providers.http.httpclient.impl.execchain.ProtocolExec.execute(ProtocolExec.java:195)
	at org.apache.maven.wagon.providers.http.httpclient.impl.execchain.RetryExec.execute(RetryExec.java:86)
	at org.apache.maven.wagon.providers.http.httpclient.impl.execchain.RedirectExec.execute(RedirectExec.java:108)
	at org.apache.maven.wagon.providers.http.httpclient.impl.client.InternalHttpClient.doExecute(InternalHttpClient.java:184)
	at org.apache.maven.wagon.providers.http.httpclient.impl.client.CloseableHttpClient.execute(CloseableHttpClient.java:82)
	at org.apache.maven.wagon.providers.http.AbstractHttpClientWagon.execute(AbstractHttpClientWagon.java:848)
	at org.apache.maven.wagon.providers.http.AbstractHttpClientWagon.fillInputData(AbstractHttpClientWagon.java:1000)
	... 46 more
[ERROR]     Unknown packaging: apk @ line 18, column 14
[ERROR] 
[ERROR] 
[ERROR] For more information about the errors and possible solutions, please read the following articles:
[ERROR] [Help 1] http://cwiki.apache.org/confluence/display/MAVEN/ProjectBuildingException
[ERROR] [Help 2] http://cwiki.apache.org/confluence/display/MAVEN/PluginResolutionException

travis_time:end:33dfd980:start=1479489684043278883,finish=1479489686637991570,duration=2594712687[0K
[31;1mThe command "mvn install -B -e -X" exited with 1.[0m

Done. Your build exited with 1.
usr/local/bin/run.sh: line 146:   807 Killed                  adb shell input keyevent 82
