travis_fold:start:system_info[0K[33;1mBuild system information[0m
Build language: python
Build id: ''
Job id: ''
[34m[1mBuild image provisioning date and time[0m
Thu Feb  5 15:09:33 UTC 2015
[34m[1mOperating System Details[0m
Distributor ID:	Ubuntu
Description:	Ubuntu 12.04.5 LTS
Release:	12.04
Codename:	precise
[34m[1mLinux Version[0m
3.13.0-29-generic
[34m[1mCookbooks Version[0m
a68419e https://github.com/travis-ci/travis-cookbooks/tree/a68419e
[34m[1mGCC version[0m
gcc (Ubuntu/Linaro 4.6.3-1ubuntu5) 4.6.3
Copyright (C) 2011 Free Software Foundation, Inc.
This is free software; see the source for copying conditions.  There is NO
warranty; not even for MERCHANTABILITY or FITNESS FOR A PARTICULAR PURPOSE.

[34m[1mLLVM version[0m
clang version 3.4 (tags/RELEASE_34/final)
Target: x86_64-unknown-linux-gnu
Thread model: posix
[34m[1mPre-installed Ruby versions[0m
ruby-1.9.3-p551
[34m[1mPre-installed Node.js versions[0m
v0.10.36
[34m[1mPre-installed Go versions[0m
1.4.1
[34m[1mRedis version[0m
redis-server 2.8.19
[34m[1mriak version[0m
2.0.2
[34m[1mMongoDB version[0m
MongoDB 2.4.12
[34m[1mCouchDB version[0m
couchdb 1.6.1
[34m[1mNeo4j version[0m
1.9.4
[34m[1mRabbitMQ Version[0m
3.4.3
[34m[1mElasticSearch version[0m
1.4.0
[34m[1mInstalled Sphinx versions[0m
2.0.10
2.1.9
2.2.6
[34m[1mDefault Sphinx version[0m
2.2.6
[34m[1mInstalled Firefox version[0m
firefox 31.0esr
[34m[1mPhantomJS version[0m
1.9.8
[34m[1mant -version[0m
Apache Ant(TM) version 1.8.2 compiled on December 3 2011
[34m[1mmvn -version[0m
Apache Maven 3.2.5 (12a6b3acb947671f09b81f49094c53f426d8cea1; 2014-12-14T17:29:23+00:00)
Maven home: /usr/local/maven
Java version: 1.7.0_76, vendor: Oracle Corporation
Java home: /usr/lib/jvm/java-7-oracle/jre
Default locale: en_US, platform encoding: ANSI_X3.4-1968
OS name: "linux", version: "3.13.0-29-generic", arch: "amd64", family: "unix"
travis_fold:end:system_info[0K
sed: cannot rename /etc/hosts: Device or resource busy
sed: cannot rename /etc/hosts: Device or resource busy
$ cd twitter/commons
python/2.6.9
/opt/python/2.6.9/bin/
/home/travis/bin:/home/travis/.local/bin:/home/travis/.rvm/gems/ruby-1.9.3-p551/bin:/home/travis/.rvm/gems/ruby-1.9.3-p551@global/bin:/home/travis/.rvm/rubies/ruby-1.9.3-p551/bin:/opt/python/2.7.9/bin:/opt/python/2.6.9/bin:/opt/python/3.4.2/bin:/opt/python/3.3.5/bin:/opt/python/3.2.5/bin:/opt/python/pypy-2.5.0/bin:/opt/python/pypy3-2.4.0/bin:/usr/local/phantomjs/bin:/home/travis/.nvm/v0.10.36/bin:./node_modules/.bin:/usr/local/maven-3.2.5/bin:/usr/local/clang-3.4/bin:/home/travis/.gimme/versions/go1.4.1.linux.amd64/bin:/usr/local/sbin:/usr/local/bin:/usr/sbin:/usr/bin:/sbin:/bin:/home/travis/.rvm/bin
The directory '/home/travis/.cache/pip/log' or its parent directory is not owned by the current user and the debug log has been disabled. Please check the permissions and owner of that directory. If executing pip with sudo, you may want the -H flag.
The directory '/home/travis/.cache/pip/http' or its parent directory is not owned by the current user and the cache has been disabled. Please check the permissions and owner of that directory. If executing pip with sudo, you may want the -H flag.
You are using pip version 6.0.8, however version 9.0.1 is available.
You should consider upgrading via the 'pip install --upgrade pip' command.
The directory '/home/travis/.cache/pip/http' or its parent directory is not owned by the current user and the cache has been disabled. Please check the permissions and owner of that directory. If executing pip with sudo, you may want the -H flag.
You are using pip version 6.0.8, however version 9.0.1 is available.
You should consider upgrading via the 'pip install --upgrade pip' command.
  Exception:
  Traceback (most recent call last):
    File "/opt/python/2.7.9/lib/python2.7/site-packages/pip/basecommand.py", line 232, in main
      status = self.run(options, args)
    File "/opt/python/2.7.9/lib/python2.7/site-packages/pip/commands/install.py", line 347, in run
      root=options.root_path,
    File "/opt/python/2.7.9/lib/python2.7/site-packages/pip/req/req_set.py", line 549, in install
      **kwargs
    File "/opt/python/2.7.9/lib/python2.7/site-packages/pip/req/req_install.py", line 754, in install
      self.move_wheel_files(self.source_dir, root=root)
    File "/opt/python/2.7.9/lib/python2.7/site-packages/pip/req/req_install.py", line 963, in move_wheel_files
      isolated=self.isolated,
    File "/opt/python/2.7.9/lib/python2.7/site-packages/pip/wheel.py", line 234, in move_wheel_files
      clobber(source, lib_dir, True)
    File "/opt/python/2.7.9/lib/python2.7/site-packages/pip/wheel.py", line 212, in clobber
      shutil.copyfile(srcfile, destfile)
    File "/opt/python/2.7.9/lib/python2.7/shutil.py", line 83, in copyfile
      with open(dst, 'wb') as fdst:
  IOError: [Errno 13] Permission denied: '/opt/python/2.7.9/lib/python2.7/site-packages/six.pyc'

New python executable in ./python2.6/bin/python2.6
Also creating executable in ./python2.6/bin/python
Installing setuptools, pip...done.
Running virtualenv with interpreter /opt/python/2.6.9/bin//python2.6
travis_time:start:065ff722[0K$ source ./python2.6/bin/activate

travis_time:end:065ff722:start=1479301582825138613,finish=1479301582832521748,duration=7383135[0K$ python --version
Python 2.6.9
$ pip --version
pip 6.0.7 from /home/travis/build/twitter/commons/virtualenv/python2.6/lib/python2.6/site-packages (python 2.6)
Could not locate requirements.txt. Override the install: key in your .travis.yml to install dependencies.
travis_time:start:03bfebde[0K$ ./build-support/python/clean.sh \
&& PANTS_VERBOSE=1 PEX_VERBOSE=1 PYTHON_VERBOSE=1 ./pants \
; java -version \
&& ./pants goal clean-all test tests/{java,scala}/com/twitter/common:: --no-ng-daemons -x \
&& ./pants tests/python/twitter/common:all \
&& ./pants tests/python/twitter/pants:all

Installing virtualenv
  % Total    % Received % Xferd  Average Speed   Time    Time     Time  Current
                                 Dload  Upload   Total   Spent    Left  Speed
  0     0    0     0    0     0      0      0 --:--:-- --:--:-- --:--:--     0100 2087k  100 2087k    0     0  9474k      0 --:--:-- --:--:-- --:--:-- 10.0M
Using real prefix '/opt/python/2.6.9'
New python executable in ./build-support/python/../../.python/bootstrap/bin/python
Overwriting ./build-support/python/../../.python/bootstrap/lib/python2.6/distutils/__init__.py with new content
Installing distribute.............................................................................................................................................................................................done.
Installing pip...............done.
Running virtualenv with interpreter /home/travis/build/twitter/commons/virtualenv/python2.6/bin/python
Ignoring indexes: http://pypi.python.org/simple/
Could not find any downloads that satisfy the requirement distribute in ./.python/bootstrap/lib/python2.6/site-packages/distribute-0.6.24-py2.6.egg
No distributions at all found for distribute in ./.python/bootstrap/lib/python2.6/site-packages/distribute-0.6.24-py2.6.egg
Storing complete log in /home/travis/.pip/pip.log
Ignoring indexes: http://pypi.python.org/simple/
Downloading/unpacking pystache
  Could not find any downloads that satisfy the requirement pystache
No distributions at all found for pystache
Storing complete log in /home/travis/.pip/pip.log
twitter.common.python: Obtaining python-daemon
twitter.common.python: Obtaining python-daemon :: Installing python-daemon
twitter.common.python: Obtaining python-daemon :: Distilling python-daemon
Failed to install stdout:

Failed to install stderr:
Traceback (most recent call last):
  File "<stdin>", line 7, in <module>
  File "setup.py", line 23, in <module>
    import version
  File "version.py", line 520
    for item in versions}
      ^
SyntaxError: invalid syntax

twitter.common.python: Obtaining python-daemon :: Installing python-daemon
twitter.common.python: Obtaining python-daemon :: Distilling python-daemon
Failed to install stdout:

Failed to install stderr:
Traceback (most recent call last):
  File "<stdin>", line 7, in <module>
  File "setup.py", line 26, in <module>
    import version
  File "version.py", line 461
    for item in versions}
      ^
SyntaxError: invalid syntax

twitter.common.python: Obtaining python-daemon :: Installing python-daemon
twitter.common.python: Obtaining python-daemon :: Distilling python-daemon
Failed to install stdout:

Failed to install stderr:
Traceback (most recent call last):
  File "<stdin>", line 7, in <module>
  File "setup.py", line 26, in <module>
    import version
  File "version.py", line 461
    for item in versions}
      ^
SyntaxError: invalid syntax

twitter.common.python: Obtaining python-daemon :: Installing python-daemon
twitter.common.python: Obtaining python-daemon :: Distilling python-daemon
Failed to install stdout:

Failed to install stderr:
Traceback (most recent call last):
  File "<stdin>", line 7, in <module>
  File "setup.py", line 26, in <module>
    import version
  File "version.py", line 461
    for item in versions}
      ^
SyntaxError: invalid syntax

twitter.common.python: Obtaining python-daemon :: Installing python-daemon
twitter.common.python: Obtaining python-daemon :: Distilling python-daemon
Failed to install stdout:

Failed to install stderr:
Traceback (most recent call last):
  File "<stdin>", line 7, in <module>
  File "setup.py", line 26, in <module>
    import version
  File "version.py", line 438
    for item in versions}
      ^
SyntaxError: invalid syntax

twitter.common.python: Obtaining python-daemon :: Installing python-daemon
twitter.common.python: Obtaining python-daemon :: Distilling python-daemon
Failed to install stdout:

Failed to install stderr:
Traceback (most recent call last):
  File "<stdin>", line 7, in <module>
  File "setup.py", line 26, in <module>
    import version
  File "version.py", line 435
    for item in versions}
      ^
SyntaxError: invalid syntax

twitter.common.python: Obtaining python-daemon :: Installing python-daemon
twitter.common.python: Obtaining python-daemon :: Distilling python-daemon
Failed to install stdout:

Failed to install stderr:
Traceback (most recent call last):
  File "<stdin>", line 7, in <module>
  File "setup.py", line 101, in <module>
    "Topic :: Software Development :: Libraries :: Python Modules",
  File "/opt/python/2.6.9/lib/python2.6/distutils/core.py", line 113, in setup
    _setup_distribution = dist = klass(attrs)
  File "/home/travis/build/twitter/commons/.python/bootstrap/lib/python2.6/site-packages/distribute-0.6.24-py2.6.egg/setuptools/dist.py", line 221, in __init__
    self.fetch_build_eggs(attrs.pop('setup_requires'))
  File "/home/travis/build/twitter/commons/.python/bootstrap/lib/python2.6/site-packages/distribute-0.6.24-py2.6.egg/setuptools/dist.py", line 245, in fetch_build_eggs
    parse_requirements(requires), installer=self.fetch_build_egg
  File "/home/travis/build/twitter/commons/.python/bootstrap/lib/python2.6/site-packages/distribute-0.6.24-py2.6.egg/pkg_resources.py", line 576, in resolve
    dist = best[req.key] = env.best_match(req, self, installer)
  File "/home/travis/build/twitter/commons/.python/bootstrap/lib/python2.6/site-packages/distribute-0.6.24-py2.6.egg/pkg_resources.py", line 821, in best_match
    return self.obtain(req, installer) # try and download/install
  File "/home/travis/build/twitter/commons/.python/bootstrap/lib/python2.6/site-packages/distribute-0.6.24-py2.6.egg/pkg_resources.py", line 833, in obtain
    return installer(requirement)
  File "/home/travis/build/twitter/commons/.python/bootstrap/lib/python2.6/site-packages/distribute-0.6.24-py2.6.egg/setuptools/dist.py", line 294, in fetch_build_egg
    return cmd.easy_install(req)
  File "/home/travis/build/twitter/commons/.python/bootstrap/lib/python2.6/site-packages/distribute-0.6.24-py2.6.egg/setuptools/command/easy_install.py", line 589, in easy_install
    return self.install_item(spec, dist.location, tmpdir, deps)
  File "/home/travis/build/twitter/commons/.python/bootstrap/lib/python2.6/site-packages/distribute-0.6.24-py2.6.egg/setuptools/command/easy_install.py", line 619, in install_item
    dists = self.install_eggs(spec, download, tmpdir)
  File "/home/travis/build/twitter/commons/.python/bootstrap/lib/python2.6/site-packages/distribute-0.6.24-py2.6.egg/setuptools/command/easy_install.py", line 809, in install_eggs
    return self.build_and_install(setup_script, setup_base)
  File "/home/travis/build/twitter/commons/.python/bootstrap/lib/python2.6/site-packages/distribute-0.6.24-py2.6.egg/setuptools/command/easy_install.py", line 1086, in build_and_install
    self.run_setup(setup_script, setup_base, args)
  File "/home/travis/build/twitter/commons/.python/bootstrap/lib/python2.6/site-packages/distribute-0.6.24-py2.6.egg/setuptools/command/easy_install.py", line 1075, in run_setup
    run_setup(setup_script, args)
  File "/home/travis/build/twitter/commons/.python/bootstrap/lib/python2.6/site-packages/distribute-0.6.24-py2.6.egg/setuptools/sandbox.py", line 30, in run_setup
    lambda: execfile(
  File "/home/travis/build/twitter/commons/.python/bootstrap/lib/python2.6/site-packages/distribute-0.6.24-py2.6.egg/setuptools/sandbox.py", line 72, in run
    return func()
  File "/home/travis/build/twitter/commons/.python/bootstrap/lib/python2.6/site-packages/distribute-0.6.24-py2.6.egg/setuptools/sandbox.py", line 32, in <lambda>
    {'__file__':setup_script, '__name__':'__main__'}
  File "setup.py", line 224, in <module>
    
  File "setup.py", line 98, in do_setup
    "Programming Language :: Python :: 2.7",
  File "/opt/python/2.6.9/lib/python2.6/distutils/core.py", line 152, in setup
    dist.run_commands()
  File "/opt/python/2.6.9/lib/python2.6/distutils/dist.py", line 975, in run_commands
    self.run_command(cmd)
  File "/opt/python/2.6.9/lib/python2.6/distutils/dist.py", line 995, in run_command
    cmd_obj.run()
  File "/home/travis/build/twitter/commons/.python/bootstrap/lib/python2.6/site-packages/distribute-0.6.24-py2.6.egg/setuptools/command/bdist_egg.py", line 172, in run
    self.run_command("egg_info")
  File "/opt/python/2.6.9/lib/python2.6/distutils/cmd.py", line 333, in run_command
    self.distribution.run_command(command)
  File "/opt/python/2.6.9/lib/python2.6/distutils/dist.py", line 995, in run_command
    cmd_obj.run()
  File "/home/travis/build/twitter/commons/.python/bootstrap/lib/python2.6/site-packages/distribute-0.6.24-py2.6.egg/setuptools/command/egg_info.py", line 171, in run
    writer = ep.load(installer=installer)
  File "/home/travis/build/twitter/commons/.python/bootstrap/lib/python2.6/site-packages/distribute-0.6.24-py2.6.egg/pkg_resources.py", line 1988, in load
    if require: self.require(env, installer)
  File "/home/travis/build/twitter/commons/.python/bootstrap/lib/python2.6/site-packages/distribute-0.6.24-py2.6.egg/pkg_resources.py", line 2001, in require
    working_set.resolve(self.dist.requires(self.extras),env,installer))
  File "/home/travis/build/twitter/commons/.python/bootstrap/lib/python2.6/site-packages/distribute-0.6.24-py2.6.egg/pkg_resources.py", line 576, in resolve
    dist = best[req.key] = env.best_match(req, self, installer)
  File "/home/travis/build/twitter/commons/.python/bootstrap/lib/python2.6/site-packages/distribute-0.6.24-py2.6.egg/pkg_resources.py", line 821, in best_match
    return self.obtain(req, installer) # try and download/install
  File "/home/travis/build/twitter/commons/.python/bootstrap/lib/python2.6/site-packages/distribute-0.6.24-py2.6.egg/pkg_resources.py", line 833, in obtain
    return installer(requirement)
  File "/home/travis/build/twitter/commons/.python/bootstrap/lib/python2.6/site-packages/distribute-0.6.24-py2.6.egg/setuptools/dist.py", line 294, in fetch_build_egg
    return cmd.easy_install(req)
  File "/home/travis/build/twitter/commons/.python/bootstrap/lib/python2.6/site-packages/distribute-0.6.24-py2.6.egg/setuptools/command/easy_install.py", line 589, in easy_install
    return self.install_item(spec, dist.location, tmpdir, deps)
  File "/home/travis/build/twitter/commons/.python/bootstrap/lib/python2.6/site-packages/distribute-0.6.24-py2.6.egg/setuptools/command/easy_install.py", line 619, in install_item
    dists = self.install_eggs(spec, download, tmpdir)
  File "/home/travis/build/twitter/commons/.python/bootstrap/lib/python2.6/site-packages/distribute-0.6.24-py2.6.egg/setuptools/command/easy_install.py", line 809, in install_eggs
    return self.build_and_install(setup_script, setup_base)
  File "/home/travis/build/twitter/commons/.python/bootstrap/lib/python2.6/site-packages/distribute-0.6.24-py2.6.egg/setuptools/command/easy_install.py", line 1086, in build_and_install
    self.run_setup(setup_script, setup_base, args)
  File "/home/travis/build/twitter/commons/.python/bootstrap/lib/python2.6/site-packages/distribute-0.6.24-py2.6.egg/setuptools/command/easy_install.py", line 1075, in run_setup
    run_setup(setup_script, args)
  File "/home/travis/build/twitter/commons/.python/bootstrap/lib/python2.6/site-packages/distribute-0.6.24-py2.6.egg/setuptools/sandbox.py", line 30, in run_setup
    lambda: execfile(
  File "/home/travis/build/twitter/commons/.python/bootstrap/lib/python2.6/site-packages/distribute-0.6.24-py2.6.egg/setuptools/sandbox.py", line 72, in run
    return func()
  File "/home/travis/build/twitter/commons/.python/bootstrap/lib/python2.6/site-packages/distribute-0.6.24-py2.6.egg/setuptools/sandbox.py", line 32, in <lambda>
    {'__file__':setup_script, '__name__':'__main__'}
  File "setup.py", line 29, in <module>
    fromlist_expects_type = bytes
  File "/opt/python/2.6.9/lib/python2.6/distutils/core.py", line 113, in setup
    _setup_distribution = dist = klass(attrs)
  File "/home/travis/build/twitter/commons/.python/bootstrap/lib/python2.6/site-packages/distribute-0.6.24-py2.6.egg/setuptools/dist.py", line 221, in __init__
    self.fetch_build_eggs(attrs.pop('setup_requires'))
  File "/home/travis/build/twitter/commons/.python/bootstrap/lib/python2.6/site-packages/distribute-0.6.24-py2.6.egg/setuptools/dist.py", line 245, in fetch_build_eggs
    parse_requirements(requires), installer=self.fetch_build_egg
  File "/home/travis/build/twitter/commons/.python/bootstrap/lib/python2.6/site-packages/distribute-0.6.24-py2.6.egg/pkg_resources.py", line 576, in resolve
    dist = best[req.key] = env.best_match(req, self, installer)
  File "/home/travis/build/twitter/commons/.python/bootstrap/lib/python2.6/site-packages/distribute-0.6.24-py2.6.egg/pkg_resources.py", line 821, in best_match
    return self.obtain(req, installer) # try and download/install
  File "/home/travis/build/twitter/commons/.python/bootstrap/lib/python2.6/site-packages/distribute-0.6.24-py2.6.egg/pkg_resources.py", line 833, in obtain
    return installer(requirement)
  File "/home/travis/build/twitter/commons/.python/bootstrap/lib/python2.6/site-packages/distribute-0.6.24-py2.6.egg/setuptools/dist.py", line 294, in fetch_build_egg
    return cmd.easy_install(req)
  File "/home/travis/build/twitter/commons/.python/bootstrap/lib/python2.6/site-packages/distribute-0.6.24-py2.6.egg/setuptools/command/easy_install.py", line 589, in easy_install
    return self.install_item(spec, dist.location, tmpdir, deps)
  File "/home/travis/build/twitter/commons/.python/bootstrap/lib/python2.6/site-packages/distribute-0.6.24-py2.6.egg/setuptools/command/easy_install.py", line 619, in install_item
    dists = self.install_eggs(spec, download, tmpdir)
  File "/home/travis/build/twitter/commons/.python/bootstrap/lib/python2.6/site-packages/distribute-0.6.24-py2.6.egg/setuptools/command/easy_install.py", line 809, in install_eggs
    return self.build_and_install(setup_script, setup_base)
  File "/home/travis/build/twitter/commons/.python/bootstrap/lib/python2.6/site-packages/distribute-0.6.24-py2.6.egg/setuptools/command/easy_install.py", line 1086, in build_and_install
    self.run_setup(setup_script, setup_base, args)
  File "/home/travis/build/twitter/commons/.python/bootstrap/lib/python2.6/site-packages/distribute-0.6.24-py2.6.egg/setuptools/command/easy_install.py", line 1075, in run_setup
    run_setup(setup_script, args)
  File "/home/travis/build/twitter/commons/.python/bootstrap/lib/python2.6/site-packages/distribute-0.6.24-py2.6.egg/setuptools/sandbox.py", line 30, in run_setup
    lambda: execfile(
  File "/home/travis/build/twitter/commons/.python/bootstrap/lib/python2.6/site-packages/distribute-0.6.24-py2.6.egg/setuptools/sandbox.py", line 72, in run
    return func()
  File "/home/travis/build/twitter/commons/.python/bootstrap/lib/python2.6/site-packages/distribute-0.6.24-py2.6.egg/setuptools/sandbox.py", line 32, in <lambda>
    {'__file__':setup_script, '__name__':'__main__'}
  File "setup.py", line 22, in <module>
    import distutils.util
  File "/opt/python/2.6.9/lib/python2.6/distutils/core.py", line 152, in setup
    dist.run_commands()
  File "/opt/python/2.6.9/lib/python2.6/distutils/dist.py", line 975, in run_commands
    self.run_command(cmd)
  File "/opt/python/2.6.9/lib/python2.6/distutils/dist.py", line 995, in run_command
    cmd_obj.run()
  File "/home/travis/build/twitter/commons/.python/bootstrap/lib/python2.6/site-packages/distribute-0.6.24-py2.6.egg/setuptools/command/bdist_egg.py", line 172, in run
    self.run_command("egg_info")
  File "/opt/python/2.6.9/lib/python2.6/distutils/cmd.py", line 333, in run_command
    self.distribution.run_command(command)
  File "/opt/python/2.6.9/lib/python2.6/distutils/dist.py", line 995, in run_command
    cmd_obj.run()
  File "/home/travis/build/twitter/commons/.python/bootstrap/lib/python2.6/site-packages/distribute-0.6.24-py2.6.egg/setuptools/command/egg_info.py", line 171, in run
    writer = ep.load(installer=installer)
  File "/home/travis/build/twitter/commons/.python/bootstrap/lib/python2.6/site-packages/distribute-0.6.24-py2.6.egg/pkg_resources.py", line 1989, in load
    entry = __import__(self.module_name, globals(),globals(), ['__name__'])
ImportError: No module named version

twitter.common.python: Obtaining python-daemon :: Installing python-daemon
twitter.common.python: Obtaining python-daemon :: Distilling python-daemon
Failed to install stdout:

Failed to install stderr:
Traceback (most recent call last):
  File "<stdin>", line 7, in <module>
  File "setup.py", line 27, in <module>
    import version
  File "version.py", line 374
    for item in versions}
      ^
SyntaxError: invalid syntax

twitter.common.python: Obtaining python-daemon :: Installing python-daemon
twitter.common.python: Obtaining python-daemon :: Distilling python-daemon
Failed to install stdout:

Failed to install stderr:
Traceback (most recent call last):
  File "<stdin>", line 7, in <module>
  File "setup.py", line 27, in <module>
    import version
  File "version.py", line 374
    for item in versions}
      ^
SyntaxError: invalid syntax

twitter.common.python: Obtaining python-daemon :: Installing python-daemon
twitter.common.python: Obtaining python-daemon :: Distilling python-daemon
Failed to install stdout:

Failed to install stderr:
Traceback (most recent call last):
  File "<stdin>", line 7, in <module>
  File "setup.py", line 27, in <module>
    import version
ImportError: No module named version

twitter.common.python: Obtaining python-daemon :: Installing python-daemon
twitter.common.python: Obtaining python-daemon :: Distilling python-daemon
twitter.common.python: Obtaining python-daemon: 6423.5ms
twitter.common.python:   Installing python-daemon: 0.5ms
twitter.common.python:   Distilling python-daemon: 93.8ms
twitter.common.python:   Installing python-daemon: 0.5ms
twitter.common.python:   Distilling python-daemon: 92.8ms
twitter.common.python:   Installing python-daemon: 0.5ms
twitter.common.python:   Distilling python-daemon: 92.2ms
twitter.common.python:   Installing python-daemon: 0.6ms
twitter.common.python:   Distilling python-daemon: 96.5ms
twitter.common.python:   Installing python-daemon: 0.5ms
twitter.common.python:   Distilling python-daemon: 94.4ms
twitter.common.python:   Installing python-daemon: 0.6ms
twitter.common.python:   Distilling python-daemon: 99.2ms
twitter.common.python:   Installing python-daemon: 0.6ms
twitter.common.python:   Distilling python-daemon: 2079.3ms
twitter.common.python:   Installing python-daemon: 0.5ms
twitter.common.python:   Distilling python-daemon: 95.2ms
twitter.common.python:   Installing python-daemon: 0.5ms
twitter.common.python:   Distilling python-daemon: 80.4ms
twitter.common.python:   Installing python-daemon: 0.5ms
twitter.common.python:   Distilling python-daemon: 93.2ms
twitter.common.python:   Installing python-daemon: 0.5ms
twitter.common.python:   Distilling python-daemon: 157.6ms
twitter.common.python: Obtaining pytest-cov
twitter.common.python: Obtaining pytest-cov :: Installing pytest-cov
twitter.common.python: Obtaining pytest-cov :: Distilling pytest-cov
twitter.common.python: Obtaining pytest-cov: 565.7ms
twitter.common.python:   Installing pytest-cov: 0.8ms
twitter.common.python:   Distilling pytest-cov: 171.8ms
twitter.common.python: Obtaining pytest
twitter.common.python: Obtaining pytest :: Installing pytest
twitter.common.python: Obtaining pytest :: Distilling pytest
twitter.common.python: Obtaining pytest: 1361.5ms
twitter.common.python:   Installing pytest: 0.5ms
twitter.common.python:   Distilling pytest: 673.1ms
twitter.common.python: Obtaining pystache
twitter.common.python: Obtaining pystache :: Installing pystache
twitter.common.python: Obtaining pystache :: Distilling pystache
twitter.common.python: Obtaining pystache: 721.3ms
twitter.common.python:   Installing pystache: 0.7ms
twitter.common.python:   Distilling pystache: 384.2ms
twitter.common.python: Obtaining pylint
twitter.common.python: Obtaining pylint :: Installing pylint
twitter.common.python: Obtaining pylint :: Distilling pylint
twitter.common.python: Obtaining pylint: 1582.5ms
twitter.common.python:   Installing pylint: 0.4ms
twitter.common.python:   Distilling pylint: 742.9ms
twitter.common.python: Obtaining pygments
twitter.common.python: Obtaining pygments :: Installing Pygments
twitter.common.python: Obtaining pygments :: Distilling Pygments
twitter.common.python: Obtaining pygments: 2955.7ms
twitter.common.python:   Installing Pygments: 0.4ms
twitter.common.python:   Distilling Pygments: 1771.9ms
twitter.common.python: Obtaining Markdown
twitter.common.python: Obtaining Markdown :: Installing Markdown
twitter.common.python: Obtaining Markdown :: Distilling Markdown
twitter.common.python: Obtaining Markdown: 934.7ms
twitter.common.python:   Installing Markdown: 0.1ms
twitter.common.python:   Distilling Markdown: 304.8ms
twitter.common.python: Obtaining elementtree
twitter.common.python: Obtaining elementtree: 169.4ms
Build operating on targets: OrderedSet([PythonBinary(src/python/twitter/pants/BUILD:pants)])
Building PythonBinary PythonBinary(src/python/twitter/pants/BUILD:pants):
Building PythonBinary PythonBinary(src/python/twitter/pants/BUILD:pants):
  Dumping library: PythonLibrary(src/python/twitter/pants/BUILD:pants-lib) [relative module: ]
  Dumping library: PythonLibrary(src/python/twitter/common/BUILD:common) [relative module: ]
  Dumping library: PythonLibrary(src/python/twitter/common/collections/BUILD:collections) [relative module: ]
  Dumping library: PythonLibrary(src/python/twitter/common/lang/BUILD:lang) [relative module: ]
  Dumping library: PythonLibrary(src/python/twitter/common/config/BUILD:config) [relative module: ]
  Dumping library: PythonLibrary(src/python/twitter/common/contextutil/BUILD:contextutil) [relative module: ]
  Dumping library: PythonLibrary(src/python/twitter/common/dirutil/BUILD:dirutil) [relative module: ]
  Dumping library: PythonLibrary(src/python/twitter/common/decorators/BUILD:decorators) [relative module: ]
  Dumping library: PythonLibrary(src/python/twitter/common/exceptions/BUILD:exceptions) [relative module: ]
  Dumping library: PythonLibrary(src/python/twitter/common/log/BUILD:log) [relative module: ]
  Dumping library: PythonLibrary(src/python/twitter/common/options/BUILD:options) [relative module: ]
  Dumping library: PythonLibrary(src/python/twitter/common/metrics/BUILD:metrics) [relative module: ]
  Dumping library: PythonLibrary(src/python/twitter/common/quantity/BUILD:quantity) [relative module: ]
  Dumping library: PythonLibrary(src/python/twitter/common/string/BUILD:string) [relative module: ]
  Dumping library: PythonLibrary(src/python/twitter/common/util/BUILD:util) [relative module: ]
  Dumping library: PythonLibrary(src/python/twitter/common/app/BUILD:app) [relative module: ]
  Dumping library: PythonLibrary(src/python/twitter/common/process/BUILD:process) [relative module: ]
  Dumping library: PythonLibrary(src/python/twitter/common/app/modules/BUILD:modules) [relative module: ]
  Dumping library: PythonLibrary(src/python/twitter/common/confluence/BUILD:confluence) [relative module: ]
  Dumping library: PythonLibrary(src/python/twitter/common/java/BUILD:java) [relative module: ]
  Dumping library: PythonLibrary(src/python/twitter/common/python/BUILD:python) [relative module: ]
  Dumping library: PythonLibrary(src/python/twitter/common/rwbuf/BUILD:rwbuf) [relative module: ]
  Dumping library: PythonLibrary(src/python/twitter/thrift/text/BUILD:text) [relative module: ]
  Dumping library: PythonLibrary(src/python/twitter/common/threading/BUILD:threading) [relative module: ]
  Dumping library: PythonLibrary(src/python/twitter/pants/BUILD:pants-deps) [relative module: ]
  Dumping requirement: distribute
  Dumping requirement: ansicolors
  Dumping requirement: elementtree
  Dumping requirement: Markdown
  Dumping requirement: pygments
  Dumping requirement: pylint
  Dumping requirement: pystache
  Dumping requirement: pytest
  Dumping requirement: pytest-cov
  Dumping requirement: python-daemon
Problem executing PythonBuilder for targets OrderedSet([PythonBinary(src/python/twitter/pants/BUILD:pants)]): Traceback (most recent call last):
  File "/home/travis/build/twitter/commons/src/python/twitter/pants/commands/build.py", line 96, in _python_build
    return executor.build(targets, self.build_args, conn_timeout=self.options.conn_timeout)
  File "/home/travis/build/twitter/commons/src/python/twitter/pants/python/python_builder.py", line 59, in build
    rv = PythonBinaryBuilder(binary_target, args, self.root_dir, conn_timeout=conn_timeout).run()
  File "/home/travis/build/twitter/commons/src/python/twitter/pants/python/binary_builder.py", line 57, in run
    env = self.chroot.dump()
  File "/home/travis/build/twitter/commons/src/python/twitter/pants/python/python_chroot.py", line 230, in dump
    req._requirement for req in targets['reqs'] if req.should_build()):
  File "/home/travis/build/twitter/commons/src/python/twitter/pants/python/python_chroot.py", line 93, in resolve
    self._resolver.resolve(requirements, platform=platform)
  File "/home/travis/build/twitter/commons/src/python/twitter/common/python/resolver.py", line 49, in resolve
    installer=self.make_installer(python, platform)):
  File "/home/travis/build/twitter/commons/.python/bootstrap/lib/python2.6/site-packages/distribute-0.6.24-py2.6.egg/pkg_resources.py", line 584, in resolve
    raise DistributionNotFound(req)
DistributionNotFound: elementtree


Usage: 
  pants_exe.py build (options) [spec] (build args)
  pants_exe.py build (options) [spec]... -- (build args)

Options:
  --version             show program's version number and exit
  -h, --help            show this help message and exit
  --no-pantsrc          Specifies that pantsrc files should be ignored.
  --log-exit            Log an exit message on success or failure.
  -t CONN_TIMEOUT, --timeout=CONN_TIMEOUT
                        Number of seconds to wait for http connections.

Builds the specified Python target(s). Use ./pants goal for JVM and other
targets.
Unable to build pants!  Cannot continue!
java version "1.7.0_76"
Java(TM) SE Runtime Environment (build 1.7.0_76-b13)
Java HotSpot(TM) 64-Bit Server VM (build 24.76-b04, mixed mode)
Build operating on targets: OrderedSet([PythonBinary(src/python/twitter/pants/BUILD:pants)])
Building PythonBinary PythonBinary(src/python/twitter/pants/BUILD:pants):
Problem executing PythonBuilder for targets OrderedSet([PythonBinary(src/python/twitter/pants/BUILD:pants)]): Traceback (most recent call last):
  File "/home/travis/build/twitter/commons/src/python/twitter/pants/commands/build.py", line 96, in _python_build
    return executor.build(targets, self.build_args, conn_timeout=self.options.conn_timeout)
  File "/home/travis/build/twitter/commons/src/python/twitter/pants/python/python_builder.py", line 59, in build
    rv = PythonBinaryBuilder(binary_target, args, self.root_dir, conn_timeout=conn_timeout).run()
  File "/home/travis/build/twitter/commons/src/python/twitter/pants/python/binary_builder.py", line 57, in run
    env = self.chroot.dump()
  File "/home/travis/build/twitter/commons/src/python/twitter/pants/python/python_chroot.py", line 230, in dump
    req._requirement for req in targets['reqs'] if req.should_build()):
  File "/home/travis/build/twitter/commons/src/python/twitter/pants/python/python_chroot.py", line 93, in resolve
    self._resolver.resolve(requirements, platform=platform)
  File "/home/travis/build/twitter/commons/src/python/twitter/common/python/resolver.py", line 49, in resolve
    installer=self.make_installer(python, platform)):
  File "/home/travis/build/twitter/commons/.python/bootstrap/lib/python2.6/site-packages/distribute-0.6.24-py2.6.egg/pkg_resources.py", line 584, in resolve
    raise DistributionNotFound(req)
DistributionNotFound: elementtree


Usage: 
  pants_exe.py build (options) [spec] (build args)
  pants_exe.py build (options) [spec]... -- (build args)

Options:
  --version             show program's version number and exit
  -h, --help            show this help message and exit
  --no-pantsrc          Specifies that pantsrc files should be ignored.
  --log-exit            Log an exit message on success or failure.
  -t CONN_TIMEOUT, --timeout=CONN_TIMEOUT
                        Number of seconds to wait for http connections.

Builds the specified Python target(s). Use ./pants goal for JVM and other
targets.
Unable to build pants!  Cannot continue!

travis_time:end:03bfebde:start=1479301583087742236,finish=1479301610183461239,duration=27095719003[0K
[31;1mThe command "./build-support/python/clean.sh \
&& PANTS_VERBOSE=1 PEX_VERBOSE=1 PYTHON_VERBOSE=1 ./pants \
; java -version \
&& ./pants goal clean-all test tests/{java,scala}/com/twitter/common:: --no-ng-daemons -x \
&& ./pants tests/python/twitter/common:all \
&& ./pants tests/python/twitter/pants:all
" exited with 1.[0m

Done. Your build exited with 1.
